-- Read: Monte Carlo settings -- 
from: "/media/derick/DeoResearch/experiments/rocksalt3_ZrN_casm/mc_coarse_new_scel/cooling/mu_-0.5250_-0.5250_T_2000_20/mc_settings.json"
ensemble: GrandCanonical
method: Metropolis

-- Compiling: /media/derick/DeoResearch/experiments/rocksalt3_ZrN_casm/basis_sets/bset.default/rocksalt_ZrN_casm_1_1_2_Clexulator.cc -- 
compile time depends on how many basis functions are included
compile time: 0.000615083 (s)

-- Construct: Grand Canonical Monte Carlo -- 
project: "/media/derick/DeoResearch/experiments/rocksalt3_ZrN_casm"
formation_energy cluster expansion: formation_energy
      property: formation_energy
      calctype: default
           ref: default
          bset: default
           eci: default
supercell: 
 -4   4 -20
 -4   0  24
  6   4   4
use_deltas: false

Sampling: 
                quantity     requested_precision
            atom_frac(N)                    none
           atom_frac(Zr)                    none
                 comp(a)                   0.001
               comp_n(N)                    none
              comp_n(Va)                    none
              comp_n(Zr)                    none
        formation_energy                    none
        potential_energy                    none
            site_frac(N)                    none
           site_frac(Va)                    none
           site_frac(Zr)                    none

automatic convergence mode?: true

-- Check: For existing calculations -- 
did not find existing calculations

-- Set: Conditions -- 
T: 2000
param_chem_pot: [ -0.525000000000 ]

-- Set: DoF -- 
motif configname: default
using configuration with default occupation...

-- Set: DoF -- 
motif configname: auto
searching for minimum potential energy motif...
using conditions: 
T: 2000
param_chem_pot: [ -0.525000000000 ]

using: SCEL1_1_1_1_0_0_0/1 with potential energy: 0.038342545

-- Set: Conditions -- 
T: 2000
param_chem_pot: [ -0.525000000000 ]


-- Continue with existing DoF -- 

-- Write: DoF -- 
write: "/media/derick/DeoResearch/experiments/rocksalt3_ZrN_casm/mc_coarse_new_scel/cooling/mu_-0.5250_-0.5250_T_2000_20/conditions.0/initial_state.json"

-- Begin: Conditions 0 -- 

-- End: Conditions 0 -- 
run time: 19.706138 (s),  0.016421781 (s/pass),  1.2218587e-05(s/step)

-- Write: DoF -- 
write: "/media/derick/DeoResearch/experiments/rocksalt3_ZrN_casm/mc_coarse_new_scel/cooling/mu_-0.5250_-0.5250_T_2000_20/conditions.0/final_state.json"

-- Write: Output files -- 
write: "/media/derick/DeoResearch/experiments/rocksalt3_ZrN_casm/mc_coarse_new_scel/cooling/mu_-0.5250_-0.5250_T_2000_20/results.json"
write: "/media/derick/DeoResearch/experiments/rocksalt3_ZrN_casm/mc_coarse_new_scel/cooling/mu_-0.5250_-0.5250_T_2000_20/conditions.0/conditions.json"


-- Set: Conditions -- 
T: 1980
param_chem_pot: [ -0.525000000000 ]


-- Continue with existing DoF -- 

-- Write: DoF -- 
write: "/media/derick/DeoResearch/experiments/rocksalt3_ZrN_casm/mc_coarse_new_scel/cooling/mu_-0.5250_-0.5250_T_2000_20/conditions.1/initial_state.json"

-- Begin: Conditions 1 -- 

-- End: Conditions 1 -- 
run time: 16.486828 (s),  0.016486828 (s/pass),  1.2266985e-05(s/step)

-- Write: DoF -- 
write: "/media/derick/DeoResearch/experiments/rocksalt3_ZrN_casm/mc_coarse_new_scel/cooling/mu_-0.5250_-0.5250_T_2000_20/conditions.1/final_state.json"

-- Write: Output files -- 
write: "/media/derick/DeoResearch/experiments/rocksalt3_ZrN_casm/mc_coarse_new_scel/cooling/mu_-0.5250_-0.5250_T_2000_20/results.json"
write: "/media/derick/DeoResearch/experiments/rocksalt3_ZrN_casm/mc_coarse_new_scel/cooling/mu_-0.5250_-0.5250_T_2000_20/conditions.1/conditions.json"


-- Set: Conditions -- 
T: 1960
param_chem_pot: [ -0.525000000000 ]


-- Continue with existing DoF -- 

-- Write: DoF -- 
write: "/media/derick/DeoResearch/experiments/rocksalt3_ZrN_casm/mc_coarse_new_scel/cooling/mu_-0.5250_-0.5250_T_2000_20/conditions.2/initial_state.json"

-- Begin: Conditions 2 -- 

-- End: Conditions 2 -- 
run time: 16.529322 (s),  0.016529322 (s/pass),  1.2298602e-05(s/step)

-- Write: DoF -- 
write: "/media/derick/DeoResearch/experiments/rocksalt3_ZrN_casm/mc_coarse_new_scel/cooling/mu_-0.5250_-0.5250_T_2000_20/conditions.2/final_state.json"

-- Write: Output files -- 
write: "/media/derick/DeoResearch/experiments/rocksalt3_ZrN_casm/mc_coarse_new_scel/cooling/mu_-0.5250_-0.5250_T_2000_20/results.json"
write: "/media/derick/DeoResearch/experiments/rocksalt3_ZrN_casm/mc_coarse_new_scel/cooling/mu_-0.5250_-0.5250_T_2000_20/conditions.2/conditions.json"


-- Set: Conditions -- 
T: 1940
param_chem_pot: [ -0.525000000000 ]


-- Continue with existing DoF -- 

-- Write: DoF -- 
write: "/media/derick/DeoResearch/experiments/rocksalt3_ZrN_casm/mc_coarse_new_scel/cooling/mu_-0.5250_-0.5250_T_2000_20/conditions.3/initial_state.json"

-- Begin: Conditions 3 -- 

-- End: Conditions 3 -- 
run time: 16.434697 (s),  0.016434697 (s/pass),  1.2228197e-05(s/step)

-- Write: DoF -- 
write: "/media/derick/DeoResearch/experiments/rocksalt3_ZrN_casm/mc_coarse_new_scel/cooling/mu_-0.5250_-0.5250_T_2000_20/conditions.3/final_state.json"

-- Write: Output files -- 
write: "/media/derick/DeoResearch/experiments/rocksalt3_ZrN_casm/mc_coarse_new_scel/cooling/mu_-0.5250_-0.5250_T_2000_20/results.json"
write: "/media/derick/DeoResearch/experiments/rocksalt3_ZrN_casm/mc_coarse_new_scel/cooling/mu_-0.5250_-0.5250_T_2000_20/conditions.3/conditions.json"


-- Set: Conditions -- 
T: 1920
param_chem_pot: [ -0.525000000000 ]


-- Continue with existing DoF -- 

-- Write: DoF -- 
write: "/media/derick/DeoResearch/experiments/rocksalt3_ZrN_casm/mc_coarse_new_scel/cooling/mu_-0.5250_-0.5250_T_2000_20/conditions.4/initial_state.json"

-- Begin: Conditions 4 -- 

-- End: Conditions 4 -- 
run time: 16.535389 (s),  0.016535389 (s/pass),  1.2303117e-05(s/step)

-- Write: DoF -- 
write: "/media/derick/DeoResearch/experiments/rocksalt3_ZrN_casm/mc_coarse_new_scel/cooling/mu_-0.5250_-0.5250_T_2000_20/conditions.4/final_state.json"

-- Write: Output files -- 
write: "/media/derick/DeoResearch/experiments/rocksalt3_ZrN_casm/mc_coarse_new_scel/cooling/mu_-0.5250_-0.5250_T_2000_20/results.json"
write: "/media/derick/DeoResearch/experiments/rocksalt3_ZrN_casm/mc_coarse_new_scel/cooling/mu_-0.5250_-0.5250_T_2000_20/conditions.4/conditions.json"


-- Set: Conditions -- 
T: 1900
param_chem_pot: [ -0.525000000000 ]


-- Continue with existing DoF -- 

-- Write: DoF -- 
write: "/media/derick/DeoResearch/experiments/rocksalt3_ZrN_casm/mc_coarse_new_scel/cooling/mu_-0.5250_-0.5250_T_2000_20/conditions.5/initial_state.json"

-- Begin: Conditions 5 -- 

-- End: Conditions 5 -- 
run time: 16.680841 (s),  0.016680841 (s/pass),  1.241134e-05(s/step)

-- Write: DoF -- 
write: "/media/derick/DeoResearch/experiments/rocksalt3_ZrN_casm/mc_coarse_new_scel/cooling/mu_-0.5250_-0.5250_T_2000_20/conditions.5/final_state.json"

-- Write: Output files -- 
write: "/media/derick/DeoResearch/experiments/rocksalt3_ZrN_casm/mc_coarse_new_scel/cooling/mu_-0.5250_-0.5250_T_2000_20/results.json"
write: "/media/derick/DeoResearch/experiments/rocksalt3_ZrN_casm/mc_coarse_new_scel/cooling/mu_-0.5250_-0.5250_T_2000_20/conditions.5/conditions.json"


-- Set: Conditions -- 
T: 1880
param_chem_pot: [ -0.525000000000 ]


-- Continue with existing DoF -- 

-- Write: DoF -- 
write: "/media/derick/DeoResearch/experiments/rocksalt3_ZrN_casm/mc_coarse_new_scel/cooling/mu_-0.5250_-0.5250_T_2000_20/conditions.6/initial_state.json"

-- Begin: Conditions 6 -- 

-- End: Conditions 6 -- 
run time: 16.622502 (s),  0.016622502 (s/pass),  1.2367933e-05(s/step)

-- Write: DoF -- 
write: "/media/derick/DeoResearch/experiments/rocksalt3_ZrN_casm/mc_coarse_new_scel/cooling/mu_-0.5250_-0.5250_T_2000_20/conditions.6/final_state.json"

-- Write: Output files -- 
write: "/media/derick/DeoResearch/experiments/rocksalt3_ZrN_casm/mc_coarse_new_scel/cooling/mu_-0.5250_-0.5250_T_2000_20/results.json"
write: "/media/derick/DeoResearch/experiments/rocksalt3_ZrN_casm/mc_coarse_new_scel/cooling/mu_-0.5250_-0.5250_T_2000_20/conditions.6/conditions.json"


-- Set: Conditions -- 
T: 1860
param_chem_pot: [ -0.525000000000 ]


-- Continue with existing DoF -- 

-- Write: DoF -- 
write: "/media/derick/DeoResearch/experiments/rocksalt3_ZrN_casm/mc_coarse_new_scel/cooling/mu_-0.5250_-0.5250_T_2000_20/conditions.7/initial_state.json"

-- Begin: Conditions 7 -- 

-- End: Conditions 7 -- 
run time: 18.55052 (s),  0.016864109 (s/pass),  1.25477e-05(s/step)

-- Write: DoF -- 
write: "/media/derick/DeoResearch/experiments/rocksalt3_ZrN_casm/mc_coarse_new_scel/cooling/mu_-0.5250_-0.5250_T_2000_20/conditions.7/final_state.json"

-- Write: Output files -- 
write: "/media/derick/DeoResearch/experiments/rocksalt3_ZrN_casm/mc_coarse_new_scel/cooling/mu_-0.5250_-0.5250_T_2000_20/results.json"
write: "/media/derick/DeoResearch/experiments/rocksalt3_ZrN_casm/mc_coarse_new_scel/cooling/mu_-0.5250_-0.5250_T_2000_20/conditions.7/conditions.json"


-- Set: Conditions -- 
T: 1840
param_chem_pot: [ -0.525000000000 ]


-- Continue with existing DoF -- 

-- Write: DoF -- 
write: "/media/derick/DeoResearch/experiments/rocksalt3_ZrN_casm/mc_coarse_new_scel/cooling/mu_-0.5250_-0.5250_T_2000_20/conditions.8/initial_state.json"

-- Begin: Conditions 8 -- 

-- End: Conditions 8 -- 
run time: 16.503809 (s),  0.016503809 (s/pass),  1.227962e-05(s/step)

-- Write: DoF -- 
write: "/media/derick/DeoResearch/experiments/rocksalt3_ZrN_casm/mc_coarse_new_scel/cooling/mu_-0.5250_-0.5250_T_2000_20/conditions.8/final_state.json"

-- Write: Output files -- 
write: "/media/derick/DeoResearch/experiments/rocksalt3_ZrN_casm/mc_coarse_new_scel/cooling/mu_-0.5250_-0.5250_T_2000_20/results.json"
write: "/media/derick/DeoResearch/experiments/rocksalt3_ZrN_casm/mc_coarse_new_scel/cooling/mu_-0.5250_-0.5250_T_2000_20/conditions.8/conditions.json"


-- Set: Conditions -- 
T: 1820
param_chem_pot: [ -0.525000000000 ]


-- Continue with existing DoF -- 

-- Write: DoF -- 
write: "/media/derick/DeoResearch/experiments/rocksalt3_ZrN_casm/mc_coarse_new_scel/cooling/mu_-0.5250_-0.5250_T_2000_20/conditions.9/initial_state.json"

-- Begin: Conditions 9 -- 

-- End: Conditions 9 -- 
run time: 16.392528 (s),  0.016392528 (s/pass),  1.2196822e-05(s/step)

-- Write: DoF -- 
write: "/media/derick/DeoResearch/experiments/rocksalt3_ZrN_casm/mc_coarse_new_scel/cooling/mu_-0.5250_-0.5250_T_2000_20/conditions.9/final_state.json"

-- Write: Output files -- 
write: "/media/derick/DeoResearch/experiments/rocksalt3_ZrN_casm/mc_coarse_new_scel/cooling/mu_-0.5250_-0.5250_T_2000_20/results.json"
write: "/media/derick/DeoResearch/experiments/rocksalt3_ZrN_casm/mc_coarse_new_scel/cooling/mu_-0.5250_-0.5250_T_2000_20/conditions.9/conditions.json"


-- Set: Conditions -- 
T: 1800
param_chem_pot: [ -0.525000000000 ]


-- Continue with existing DoF -- 

-- Write: DoF -- 
write: "/media/derick/DeoResearch/experiments/rocksalt3_ZrN_casm/mc_coarse_new_scel/cooling/mu_-0.5250_-0.5250_T_2000_20/conditions.10/initial_state.json"

-- Begin: Conditions 10 -- 

-- End: Conditions 10 -- 
run time: 16.43717 (s),  0.01643717 (s/pass),  1.2230037e-05(s/step)

-- Write: DoF -- 
write: "/media/derick/DeoResearch/experiments/rocksalt3_ZrN_casm/mc_coarse_new_scel/cooling/mu_-0.5250_-0.5250_T_2000_20/conditions.10/final_state.json"

-- Write: Output files -- 
write: "/media/derick/DeoResearch/experiments/rocksalt3_ZrN_casm/mc_coarse_new_scel/cooling/mu_-0.5250_-0.5250_T_2000_20/results.json"
write: "/media/derick/DeoResearch/experiments/rocksalt3_ZrN_casm/mc_coarse_new_scel/cooling/mu_-0.5250_-0.5250_T_2000_20/conditions.10/conditions.json"


-- Set: Conditions -- 
T: 1780
param_chem_pot: [ -0.525000000000 ]


-- Continue with existing DoF -- 

-- Write: DoF -- 
write: "/media/derick/DeoResearch/experiments/rocksalt3_ZrN_casm/mc_coarse_new_scel/cooling/mu_-0.5250_-0.5250_T_2000_20/conditions.11/initial_state.json"

-- Begin: Conditions 11 -- 

-- End: Conditions 11 -- 
run time: 17.350645 (s),  0.017350645 (s/pass),  1.2909706e-05(s/step)

-- Write: DoF -- 
write: "/media/derick/DeoResearch/experiments/rocksalt3_ZrN_casm/mc_coarse_new_scel/cooling/mu_-0.5250_-0.5250_T_2000_20/conditions.11/final_state.json"

-- Write: Output files -- 
write: "/media/derick/DeoResearch/experiments/rocksalt3_ZrN_casm/mc_coarse_new_scel/cooling/mu_-0.5250_-0.5250_T_2000_20/results.json"
write: "/media/derick/DeoResearch/experiments/rocksalt3_ZrN_casm/mc_coarse_new_scel/cooling/mu_-0.5250_-0.5250_T_2000_20/conditions.11/conditions.json"


-- Set: Conditions -- 
T: 1760
param_chem_pot: [ -0.525000000000 ]


-- Continue with existing DoF -- 

-- Write: DoF -- 
write: "/media/derick/DeoResearch/experiments/rocksalt3_ZrN_casm/mc_coarse_new_scel/cooling/mu_-0.5250_-0.5250_T_2000_20/conditions.12/initial_state.json"

-- Begin: Conditions 12 -- 

-- End: Conditions 12 -- 
run time: 17.240115 (s),  0.017240115 (s/pass),  1.2827467e-05(s/step)

-- Write: DoF -- 
write: "/media/derick/DeoResearch/experiments/rocksalt3_ZrN_casm/mc_coarse_new_scel/cooling/mu_-0.5250_-0.5250_T_2000_20/conditions.12/final_state.json"

-- Write: Output files -- 
write: "/media/derick/DeoResearch/experiments/rocksalt3_ZrN_casm/mc_coarse_new_scel/cooling/mu_-0.5250_-0.5250_T_2000_20/results.json"
write: "/media/derick/DeoResearch/experiments/rocksalt3_ZrN_casm/mc_coarse_new_scel/cooling/mu_-0.5250_-0.5250_T_2000_20/conditions.12/conditions.json"


-- Set: Conditions -- 
T: 1740
param_chem_pot: [ -0.525000000000 ]


-- Continue with existing DoF -- 

-- Write: DoF -- 
write: "/media/derick/DeoResearch/experiments/rocksalt3_ZrN_casm/mc_coarse_new_scel/cooling/mu_-0.5250_-0.5250_T_2000_20/conditions.13/initial_state.json"

-- Begin: Conditions 13 -- 

-- End: Conditions 13 -- 
run time: 16.403832 (s),  0.016403832 (s/pass),  1.2205232e-05(s/step)

-- Write: DoF -- 
write: "/media/derick/DeoResearch/experiments/rocksalt3_ZrN_casm/mc_coarse_new_scel/cooling/mu_-0.5250_-0.5250_T_2000_20/conditions.13/final_state.json"

-- Write: Output files -- 
write: "/media/derick/DeoResearch/experiments/rocksalt3_ZrN_casm/mc_coarse_new_scel/cooling/mu_-0.5250_-0.5250_T_2000_20/results.json"
write: "/media/derick/DeoResearch/experiments/rocksalt3_ZrN_casm/mc_coarse_new_scel/cooling/mu_-0.5250_-0.5250_T_2000_20/conditions.13/conditions.json"


-- Set: Conditions -- 
T: 1720
param_chem_pot: [ -0.525000000000 ]


-- Continue with existing DoF -- 

-- Write: DoF -- 
write: "/media/derick/DeoResearch/experiments/rocksalt3_ZrN_casm/mc_coarse_new_scel/cooling/mu_-0.5250_-0.5250_T_2000_20/conditions.14/initial_state.json"

-- Begin: Conditions 14 -- 

-- End: Conditions 14 -- 
run time: 16.937659 (s),  0.016937659 (s/pass),  1.2602425e-05(s/step)

-- Write: DoF -- 
write: "/media/derick/DeoResearch/experiments/rocksalt3_ZrN_casm/mc_coarse_new_scel/cooling/mu_-0.5250_-0.5250_T_2000_20/conditions.14/final_state.json"

-- Write: Output files -- 
write: "/media/derick/DeoResearch/experiments/rocksalt3_ZrN_casm/mc_coarse_new_scel/cooling/mu_-0.5250_-0.5250_T_2000_20/results.json"
write: "/media/derick/DeoResearch/experiments/rocksalt3_ZrN_casm/mc_coarse_new_scel/cooling/mu_-0.5250_-0.5250_T_2000_20/conditions.14/conditions.json"


-- Set: Conditions -- 
T: 1700
param_chem_pot: [ -0.525000000000 ]


-- Continue with existing DoF -- 

-- Write: DoF -- 
write: "/media/derick/DeoResearch/experiments/rocksalt3_ZrN_casm/mc_coarse_new_scel/cooling/mu_-0.5250_-0.5250_T_2000_20/conditions.15/initial_state.json"

-- Begin: Conditions 15 -- 

-- End: Conditions 15 -- 
run time: 17.126615 (s),  0.017126615 (s/pass),  1.2743017e-05(s/step)

-- Write: DoF -- 
write: "/media/derick/DeoResearch/experiments/rocksalt3_ZrN_casm/mc_coarse_new_scel/cooling/mu_-0.5250_-0.5250_T_2000_20/conditions.15/final_state.json"

-- Write: Output files -- 
write: "/media/derick/DeoResearch/experiments/rocksalt3_ZrN_casm/mc_coarse_new_scel/cooling/mu_-0.5250_-0.5250_T_2000_20/results.json"
write: "/media/derick/DeoResearch/experiments/rocksalt3_ZrN_casm/mc_coarse_new_scel/cooling/mu_-0.5250_-0.5250_T_2000_20/conditions.15/conditions.json"


-- Set: Conditions -- 
T: 1680
param_chem_pot: [ -0.525000000000 ]


-- Continue with existing DoF -- 

-- Write: DoF -- 
write: "/media/derick/DeoResearch/experiments/rocksalt3_ZrN_casm/mc_coarse_new_scel/cooling/mu_-0.5250_-0.5250_T_2000_20/conditions.16/initial_state.json"

-- Begin: Conditions 16 -- 

-- End: Conditions 16 -- 
run time: 16.465447 (s),  0.016465447 (s/pass),  1.2251077e-05(s/step)

-- Write: DoF -- 
write: "/media/derick/DeoResearch/experiments/rocksalt3_ZrN_casm/mc_coarse_new_scel/cooling/mu_-0.5250_-0.5250_T_2000_20/conditions.16/final_state.json"

-- Write: Output files -- 
write: "/media/derick/DeoResearch/experiments/rocksalt3_ZrN_casm/mc_coarse_new_scel/cooling/mu_-0.5250_-0.5250_T_2000_20/results.json"
write: "/media/derick/DeoResearch/experiments/rocksalt3_ZrN_casm/mc_coarse_new_scel/cooling/mu_-0.5250_-0.5250_T_2000_20/conditions.16/conditions.json"


-- Set: Conditions -- 
T: 1660
param_chem_pot: [ -0.525000000000 ]


-- Continue with existing DoF -- 

-- Write: DoF -- 
write: "/media/derick/DeoResearch/experiments/rocksalt3_ZrN_casm/mc_coarse_new_scel/cooling/mu_-0.5250_-0.5250_T_2000_20/conditions.17/initial_state.json"

-- Begin: Conditions 17 -- 

-- End: Conditions 17 -- 
run time: 17.016636 (s),  0.017016636 (s/pass),  1.2661187e-05(s/step)

-- Write: DoF -- 
write: "/media/derick/DeoResearch/experiments/rocksalt3_ZrN_casm/mc_coarse_new_scel/cooling/mu_-0.5250_-0.5250_T_2000_20/conditions.17/final_state.json"

-- Write: Output files -- 
write: "/media/derick/DeoResearch/experiments/rocksalt3_ZrN_casm/mc_coarse_new_scel/cooling/mu_-0.5250_-0.5250_T_2000_20/results.json"
write: "/media/derick/DeoResearch/experiments/rocksalt3_ZrN_casm/mc_coarse_new_scel/cooling/mu_-0.5250_-0.5250_T_2000_20/conditions.17/conditions.json"


-- Set: Conditions -- 
T: 1640
param_chem_pot: [ -0.525000000000 ]


-- Continue with existing DoF -- 

-- Write: DoF -- 
write: "/media/derick/DeoResearch/experiments/rocksalt3_ZrN_casm/mc_coarse_new_scel/cooling/mu_-0.5250_-0.5250_T_2000_20/conditions.18/initial_state.json"

-- Begin: Conditions 18 -- 

-- End: Conditions 18 -- 
run time: 16.534574 (s),  0.016534574 (s/pass),  1.230251e-05(s/step)

-- Write: DoF -- 
write: "/media/derick/DeoResearch/experiments/rocksalt3_ZrN_casm/mc_coarse_new_scel/cooling/mu_-0.5250_-0.5250_T_2000_20/conditions.18/final_state.json"

-- Write: Output files -- 
write: "/media/derick/DeoResearch/experiments/rocksalt3_ZrN_casm/mc_coarse_new_scel/cooling/mu_-0.5250_-0.5250_T_2000_20/results.json"
write: "/media/derick/DeoResearch/experiments/rocksalt3_ZrN_casm/mc_coarse_new_scel/cooling/mu_-0.5250_-0.5250_T_2000_20/conditions.18/conditions.json"


-- Set: Conditions -- 
T: 1620
param_chem_pot: [ -0.525000000000 ]


-- Continue with existing DoF -- 

-- Write: DoF -- 
write: "/media/derick/DeoResearch/experiments/rocksalt3_ZrN_casm/mc_coarse_new_scel/cooling/mu_-0.5250_-0.5250_T_2000_20/conditions.19/initial_state.json"

-- Begin: Conditions 19 -- 

-- End: Conditions 19 -- 
run time: 16.701593 (s),  0.016701593 (s/pass),  1.2426781e-05(s/step)

-- Write: DoF -- 
write: "/media/derick/DeoResearch/experiments/rocksalt3_ZrN_casm/mc_coarse_new_scel/cooling/mu_-0.5250_-0.5250_T_2000_20/conditions.19/final_state.json"

-- Write: Output files -- 
write: "/media/derick/DeoResearch/experiments/rocksalt3_ZrN_casm/mc_coarse_new_scel/cooling/mu_-0.5250_-0.5250_T_2000_20/results.json"
write: "/media/derick/DeoResearch/experiments/rocksalt3_ZrN_casm/mc_coarse_new_scel/cooling/mu_-0.5250_-0.5250_T_2000_20/conditions.19/conditions.json"


-- Set: Conditions -- 
T: 1600
param_chem_pot: [ -0.525000000000 ]


-- Continue with existing DoF -- 

-- Write: DoF -- 
write: "/media/derick/DeoResearch/experiments/rocksalt3_ZrN_casm/mc_coarse_new_scel/cooling/mu_-0.5250_-0.5250_T_2000_20/conditions.20/initial_state.json"

-- Begin: Conditions 20 -- 

-- End: Conditions 20 -- 
run time: 16.459478 (s),  0.016459478 (s/pass),  1.2246635e-05(s/step)

-- Write: DoF -- 
write: "/media/derick/DeoResearch/experiments/rocksalt3_ZrN_casm/mc_coarse_new_scel/cooling/mu_-0.5250_-0.5250_T_2000_20/conditions.20/final_state.json"

-- Write: Output files -- 
write: "/media/derick/DeoResearch/experiments/rocksalt3_ZrN_casm/mc_coarse_new_scel/cooling/mu_-0.5250_-0.5250_T_2000_20/results.json"
write: "/media/derick/DeoResearch/experiments/rocksalt3_ZrN_casm/mc_coarse_new_scel/cooling/mu_-0.5250_-0.5250_T_2000_20/conditions.20/conditions.json"


-- Set: Conditions -- 
T: 1580
param_chem_pot: [ -0.525000000000 ]


-- Continue with existing DoF -- 

-- Write: DoF -- 
write: "/media/derick/DeoResearch/experiments/rocksalt3_ZrN_casm/mc_coarse_new_scel/cooling/mu_-0.5250_-0.5250_T_2000_20/conditions.21/initial_state.json"

-- Begin: Conditions 21 -- 

-- End: Conditions 21 -- 
run time: 16.524882 (s),  0.016524882 (s/pass),  1.2295299e-05(s/step)

-- Write: DoF -- 
write: "/media/derick/DeoResearch/experiments/rocksalt3_ZrN_casm/mc_coarse_new_scel/cooling/mu_-0.5250_-0.5250_T_2000_20/conditions.21/final_state.json"

-- Write: Output files -- 
write: "/media/derick/DeoResearch/experiments/rocksalt3_ZrN_casm/mc_coarse_new_scel/cooling/mu_-0.5250_-0.5250_T_2000_20/results.json"
write: "/media/derick/DeoResearch/experiments/rocksalt3_ZrN_casm/mc_coarse_new_scel/cooling/mu_-0.5250_-0.5250_T_2000_20/conditions.21/conditions.json"


-- Set: Conditions -- 
T: 1560
param_chem_pot: [ -0.525000000000 ]


-- Continue with existing DoF -- 

-- Write: DoF -- 
write: "/media/derick/DeoResearch/experiments/rocksalt3_ZrN_casm/mc_coarse_new_scel/cooling/mu_-0.5250_-0.5250_T_2000_20/conditions.22/initial_state.json"

-- Begin: Conditions 22 -- 

-- End: Conditions 22 -- 
run time: 16.454308 (s),  0.016454308 (s/pass),  1.2242788e-05(s/step)

-- Write: DoF -- 
write: "/media/derick/DeoResearch/experiments/rocksalt3_ZrN_casm/mc_coarse_new_scel/cooling/mu_-0.5250_-0.5250_T_2000_20/conditions.22/final_state.json"

-- Write: Output files -- 
write: "/media/derick/DeoResearch/experiments/rocksalt3_ZrN_casm/mc_coarse_new_scel/cooling/mu_-0.5250_-0.5250_T_2000_20/results.json"
write: "/media/derick/DeoResearch/experiments/rocksalt3_ZrN_casm/mc_coarse_new_scel/cooling/mu_-0.5250_-0.5250_T_2000_20/conditions.22/conditions.json"


-- Set: Conditions -- 
T: 1540
param_chem_pot: [ -0.525000000000 ]


-- Continue with existing DoF -- 

-- Write: DoF -- 
write: "/media/derick/DeoResearch/experiments/rocksalt3_ZrN_casm/mc_coarse_new_scel/cooling/mu_-0.5250_-0.5250_T_2000_20/conditions.23/initial_state.json"

-- Begin: Conditions 23 -- 

-- End: Conditions 23 -- 
run time: 16.456505 (s),  0.016456505 (s/pass),  1.2244423e-05(s/step)

-- Write: DoF -- 
write: "/media/derick/DeoResearch/experiments/rocksalt3_ZrN_casm/mc_coarse_new_scel/cooling/mu_-0.5250_-0.5250_T_2000_20/conditions.23/final_state.json"

-- Write: Output files -- 
write: "/media/derick/DeoResearch/experiments/rocksalt3_ZrN_casm/mc_coarse_new_scel/cooling/mu_-0.5250_-0.5250_T_2000_20/results.json"
write: "/media/derick/DeoResearch/experiments/rocksalt3_ZrN_casm/mc_coarse_new_scel/cooling/mu_-0.5250_-0.5250_T_2000_20/conditions.23/conditions.json"


-- Set: Conditions -- 
T: 1520
param_chem_pot: [ -0.525000000000 ]


-- Continue with existing DoF -- 

-- Write: DoF -- 
write: "/media/derick/DeoResearch/experiments/rocksalt3_ZrN_casm/mc_coarse_new_scel/cooling/mu_-0.5250_-0.5250_T_2000_20/conditions.24/initial_state.json"

-- Begin: Conditions 24 -- 

-- End: Conditions 24 -- 
run time: 16.430869 (s),  0.016430869 (s/pass),  1.2225349e-05(s/step)

-- Write: DoF -- 
write: "/media/derick/DeoResearch/experiments/rocksalt3_ZrN_casm/mc_coarse_new_scel/cooling/mu_-0.5250_-0.5250_T_2000_20/conditions.24/final_state.json"

-- Write: Output files -- 
write: "/media/derick/DeoResearch/experiments/rocksalt3_ZrN_casm/mc_coarse_new_scel/cooling/mu_-0.5250_-0.5250_T_2000_20/results.json"
write: "/media/derick/DeoResearch/experiments/rocksalt3_ZrN_casm/mc_coarse_new_scel/cooling/mu_-0.5250_-0.5250_T_2000_20/conditions.24/conditions.json"


-- Set: Conditions -- 
T: 1500
param_chem_pot: [ -0.525000000000 ]


-- Continue with existing DoF -- 

-- Write: DoF -- 
write: "/media/derick/DeoResearch/experiments/rocksalt3_ZrN_casm/mc_coarse_new_scel/cooling/mu_-0.5250_-0.5250_T_2000_20/conditions.25/initial_state.json"

-- Begin: Conditions 25 -- 

-- End: Conditions 25 -- 
run time: 16.543384 (s),  0.016543384 (s/pass),  1.2309065e-05(s/step)

-- Write: DoF -- 
write: "/media/derick/DeoResearch/experiments/rocksalt3_ZrN_casm/mc_coarse_new_scel/cooling/mu_-0.5250_-0.5250_T_2000_20/conditions.25/final_state.json"

-- Write: Output files -- 
write: "/media/derick/DeoResearch/experiments/rocksalt3_ZrN_casm/mc_coarse_new_scel/cooling/mu_-0.5250_-0.5250_T_2000_20/results.json"
write: "/media/derick/DeoResearch/experiments/rocksalt3_ZrN_casm/mc_coarse_new_scel/cooling/mu_-0.5250_-0.5250_T_2000_20/conditions.25/conditions.json"


-- Set: Conditions -- 
T: 1480
param_chem_pot: [ -0.525000000000 ]


-- Continue with existing DoF -- 

-- Write: DoF -- 
write: "/media/derick/DeoResearch/experiments/rocksalt3_ZrN_casm/mc_coarse_new_scel/cooling/mu_-0.5250_-0.5250_T_2000_20/conditions.26/initial_state.json"

-- Begin: Conditions 26 -- 

-- End: Conditions 26 -- 
run time: 16.637158 (s),  0.016637158 (s/pass),  1.2378838e-05(s/step)

-- Write: DoF -- 
write: "/media/derick/DeoResearch/experiments/rocksalt3_ZrN_casm/mc_coarse_new_scel/cooling/mu_-0.5250_-0.5250_T_2000_20/conditions.26/final_state.json"

-- Write: Output files -- 
write: "/media/derick/DeoResearch/experiments/rocksalt3_ZrN_casm/mc_coarse_new_scel/cooling/mu_-0.5250_-0.5250_T_2000_20/results.json"
write: "/media/derick/DeoResearch/experiments/rocksalt3_ZrN_casm/mc_coarse_new_scel/cooling/mu_-0.5250_-0.5250_T_2000_20/conditions.26/conditions.json"


-- Set: Conditions -- 
T: 1460
param_chem_pot: [ -0.525000000000 ]


-- Continue with existing DoF -- 

-- Write: DoF -- 
write: "/media/derick/DeoResearch/experiments/rocksalt3_ZrN_casm/mc_coarse_new_scel/cooling/mu_-0.5250_-0.5250_T_2000_20/conditions.27/initial_state.json"

-- Begin: Conditions 27 -- 

-- End: Conditions 27 -- 
run time: 16.648692 (s),  0.016648692 (s/pass),  1.238742e-05(s/step)

-- Write: DoF -- 
write: "/media/derick/DeoResearch/experiments/rocksalt3_ZrN_casm/mc_coarse_new_scel/cooling/mu_-0.5250_-0.5250_T_2000_20/conditions.27/final_state.json"

-- Write: Output files -- 
write: "/media/derick/DeoResearch/experiments/rocksalt3_ZrN_casm/mc_coarse_new_scel/cooling/mu_-0.5250_-0.5250_T_2000_20/results.json"
write: "/media/derick/DeoResearch/experiments/rocksalt3_ZrN_casm/mc_coarse_new_scel/cooling/mu_-0.5250_-0.5250_T_2000_20/conditions.27/conditions.json"


-- Set: Conditions -- 
T: 1440
param_chem_pot: [ -0.525000000000 ]


-- Continue with existing DoF -- 

-- Write: DoF -- 
write: "/media/derick/DeoResearch/experiments/rocksalt3_ZrN_casm/mc_coarse_new_scel/cooling/mu_-0.5250_-0.5250_T_2000_20/conditions.28/initial_state.json"

-- Begin: Conditions 28 -- 

-- End: Conditions 28 -- 
run time: 16.502052 (s),  0.016502052 (s/pass),  1.2278312e-05(s/step)

-- Write: DoF -- 
write: "/media/derick/DeoResearch/experiments/rocksalt3_ZrN_casm/mc_coarse_new_scel/cooling/mu_-0.5250_-0.5250_T_2000_20/conditions.28/final_state.json"

-- Write: Output files -- 
write: "/media/derick/DeoResearch/experiments/rocksalt3_ZrN_casm/mc_coarse_new_scel/cooling/mu_-0.5250_-0.5250_T_2000_20/results.json"
write: "/media/derick/DeoResearch/experiments/rocksalt3_ZrN_casm/mc_coarse_new_scel/cooling/mu_-0.5250_-0.5250_T_2000_20/conditions.28/conditions.json"


-- Set: Conditions -- 
T: 1420
param_chem_pot: [ -0.525000000000 ]


-- Continue with existing DoF -- 

-- Write: DoF -- 
write: "/media/derick/DeoResearch/experiments/rocksalt3_ZrN_casm/mc_coarse_new_scel/cooling/mu_-0.5250_-0.5250_T_2000_20/conditions.29/initial_state.json"

-- Begin: Conditions 29 -- 

-- End: Conditions 29 -- 
run time: 16.541654 (s),  0.016541654 (s/pass),  1.2307778e-05(s/step)

-- Write: DoF -- 
write: "/media/derick/DeoResearch/experiments/rocksalt3_ZrN_casm/mc_coarse_new_scel/cooling/mu_-0.5250_-0.5250_T_2000_20/conditions.29/final_state.json"

-- Write: Output files -- 
write: "/media/derick/DeoResearch/experiments/rocksalt3_ZrN_casm/mc_coarse_new_scel/cooling/mu_-0.5250_-0.5250_T_2000_20/results.json"
write: "/media/derick/DeoResearch/experiments/rocksalt3_ZrN_casm/mc_coarse_new_scel/cooling/mu_-0.5250_-0.5250_T_2000_20/conditions.29/conditions.json"


-- Set: Conditions -- 
T: 1400
param_chem_pot: [ -0.525000000000 ]


-- Continue with existing DoF -- 

-- Write: DoF -- 
write: "/media/derick/DeoResearch/experiments/rocksalt3_ZrN_casm/mc_coarse_new_scel/cooling/mu_-0.5250_-0.5250_T_2000_20/conditions.30/initial_state.json"

-- Begin: Conditions 30 -- 

-- End: Conditions 30 -- 
run time: 16.860889 (s),  0.016860889 (s/pass),  1.2545304e-05(s/step)

-- Write: DoF -- 
write: "/media/derick/DeoResearch/experiments/rocksalt3_ZrN_casm/mc_coarse_new_scel/cooling/mu_-0.5250_-0.5250_T_2000_20/conditions.30/final_state.json"

-- Write: Output files -- 
write: "/media/derick/DeoResearch/experiments/rocksalt3_ZrN_casm/mc_coarse_new_scel/cooling/mu_-0.5250_-0.5250_T_2000_20/results.json"
write: "/media/derick/DeoResearch/experiments/rocksalt3_ZrN_casm/mc_coarse_new_scel/cooling/mu_-0.5250_-0.5250_T_2000_20/conditions.30/conditions.json"


-- Set: Conditions -- 
T: 1380
param_chem_pot: [ -0.525000000000 ]


-- Continue with existing DoF -- 

-- Write: DoF -- 
write: "/media/derick/DeoResearch/experiments/rocksalt3_ZrN_casm/mc_coarse_new_scel/cooling/mu_-0.5250_-0.5250_T_2000_20/conditions.31/initial_state.json"

-- Begin: Conditions 31 -- 

-- End: Conditions 31 -- 
run time: 16.722462 (s),  0.016722462 (s/pass),  1.2442308e-05(s/step)

-- Write: DoF -- 
write: "/media/derick/DeoResearch/experiments/rocksalt3_ZrN_casm/mc_coarse_new_scel/cooling/mu_-0.5250_-0.5250_T_2000_20/conditions.31/final_state.json"

-- Write: Output files -- 
write: "/media/derick/DeoResearch/experiments/rocksalt3_ZrN_casm/mc_coarse_new_scel/cooling/mu_-0.5250_-0.5250_T_2000_20/results.json"
write: "/media/derick/DeoResearch/experiments/rocksalt3_ZrN_casm/mc_coarse_new_scel/cooling/mu_-0.5250_-0.5250_T_2000_20/conditions.31/conditions.json"


-- Set: Conditions -- 
T: 1360
param_chem_pot: [ -0.525000000000 ]


-- Continue with existing DoF -- 

-- Write: DoF -- 
write: "/media/derick/DeoResearch/experiments/rocksalt3_ZrN_casm/mc_coarse_new_scel/cooling/mu_-0.5250_-0.5250_T_2000_20/conditions.32/initial_state.json"

-- Begin: Conditions 32 -- 

-- End: Conditions 32 -- 
run time: 16.478583 (s),  0.016478583 (s/pass),  1.2260851e-05(s/step)

-- Write: DoF -- 
write: "/media/derick/DeoResearch/experiments/rocksalt3_ZrN_casm/mc_coarse_new_scel/cooling/mu_-0.5250_-0.5250_T_2000_20/conditions.32/final_state.json"

-- Write: Output files -- 
write: "/media/derick/DeoResearch/experiments/rocksalt3_ZrN_casm/mc_coarse_new_scel/cooling/mu_-0.5250_-0.5250_T_2000_20/results.json"
write: "/media/derick/DeoResearch/experiments/rocksalt3_ZrN_casm/mc_coarse_new_scel/cooling/mu_-0.5250_-0.5250_T_2000_20/conditions.32/conditions.json"


-- Set: Conditions -- 
T: 1340
param_chem_pot: [ -0.525000000000 ]


-- Continue with existing DoF -- 

-- Write: DoF -- 
write: "/media/derick/DeoResearch/experiments/rocksalt3_ZrN_casm/mc_coarse_new_scel/cooling/mu_-0.5250_-0.5250_T_2000_20/conditions.33/initial_state.json"

-- Begin: Conditions 33 -- 

-- End: Conditions 33 -- 
run time: 16.666163 (s),  0.016666163 (s/pass),  1.2400419e-05(s/step)

-- Write: DoF -- 
write: "/media/derick/DeoResearch/experiments/rocksalt3_ZrN_casm/mc_coarse_new_scel/cooling/mu_-0.5250_-0.5250_T_2000_20/conditions.33/final_state.json"

-- Write: Output files -- 
write: "/media/derick/DeoResearch/experiments/rocksalt3_ZrN_casm/mc_coarse_new_scel/cooling/mu_-0.5250_-0.5250_T_2000_20/results.json"
write: "/media/derick/DeoResearch/experiments/rocksalt3_ZrN_casm/mc_coarse_new_scel/cooling/mu_-0.5250_-0.5250_T_2000_20/conditions.33/conditions.json"


-- Set: Conditions -- 
T: 1320
param_chem_pot: [ -0.525000000000 ]


-- Continue with existing DoF -- 

-- Write: DoF -- 
write: "/media/derick/DeoResearch/experiments/rocksalt3_ZrN_casm/mc_coarse_new_scel/cooling/mu_-0.5250_-0.5250_T_2000_20/conditions.34/initial_state.json"

-- Begin: Conditions 34 -- 

-- End: Conditions 34 -- 
run time: 16.627385 (s),  0.016627385 (s/pass),  1.2371566e-05(s/step)

-- Write: DoF -- 
write: "/media/derick/DeoResearch/experiments/rocksalt3_ZrN_casm/mc_coarse_new_scel/cooling/mu_-0.5250_-0.5250_T_2000_20/conditions.34/final_state.json"

-- Write: Output files -- 
write: "/media/derick/DeoResearch/experiments/rocksalt3_ZrN_casm/mc_coarse_new_scel/cooling/mu_-0.5250_-0.5250_T_2000_20/results.json"
write: "/media/derick/DeoResearch/experiments/rocksalt3_ZrN_casm/mc_coarse_new_scel/cooling/mu_-0.5250_-0.5250_T_2000_20/conditions.34/conditions.json"


-- Set: Conditions -- 
T: 1300
param_chem_pot: [ -0.525000000000 ]


-- Continue with existing DoF -- 

-- Write: DoF -- 
write: "/media/derick/DeoResearch/experiments/rocksalt3_ZrN_casm/mc_coarse_new_scel/cooling/mu_-0.5250_-0.5250_T_2000_20/conditions.35/initial_state.json"

-- Begin: Conditions 35 -- 

-- End: Conditions 35 -- 
run time: 16.470857 (s),  0.016470857 (s/pass),  1.2255102e-05(s/step)

-- Write: DoF -- 
write: "/media/derick/DeoResearch/experiments/rocksalt3_ZrN_casm/mc_coarse_new_scel/cooling/mu_-0.5250_-0.5250_T_2000_20/conditions.35/final_state.json"

-- Write: Output files -- 
write: "/media/derick/DeoResearch/experiments/rocksalt3_ZrN_casm/mc_coarse_new_scel/cooling/mu_-0.5250_-0.5250_T_2000_20/results.json"
write: "/media/derick/DeoResearch/experiments/rocksalt3_ZrN_casm/mc_coarse_new_scel/cooling/mu_-0.5250_-0.5250_T_2000_20/conditions.35/conditions.json"


-- Set: Conditions -- 
T: 1280
param_chem_pot: [ -0.525000000000 ]


-- Continue with existing DoF -- 

-- Write: DoF -- 
write: "/media/derick/DeoResearch/experiments/rocksalt3_ZrN_casm/mc_coarse_new_scel/cooling/mu_-0.5250_-0.5250_T_2000_20/conditions.36/initial_state.json"

-- Begin: Conditions 36 -- 

-- End: Conditions 36 -- 
run time: 16.404042 (s),  0.016404042 (s/pass),  1.2205388e-05(s/step)

-- Write: DoF -- 
write: "/media/derick/DeoResearch/experiments/rocksalt3_ZrN_casm/mc_coarse_new_scel/cooling/mu_-0.5250_-0.5250_T_2000_20/conditions.36/final_state.json"

-- Write: Output files -- 
write: "/media/derick/DeoResearch/experiments/rocksalt3_ZrN_casm/mc_coarse_new_scel/cooling/mu_-0.5250_-0.5250_T_2000_20/results.json"
write: "/media/derick/DeoResearch/experiments/rocksalt3_ZrN_casm/mc_coarse_new_scel/cooling/mu_-0.5250_-0.5250_T_2000_20/conditions.36/conditions.json"


-- Set: Conditions -- 
T: 1260
param_chem_pot: [ -0.525000000000 ]


-- Continue with existing DoF -- 

-- Write: DoF -- 
write: "/media/derick/DeoResearch/experiments/rocksalt3_ZrN_casm/mc_coarse_new_scel/cooling/mu_-0.5250_-0.5250_T_2000_20/conditions.37/initial_state.json"

-- Begin: Conditions 37 -- 

-- End: Conditions 37 -- 
run time: 16.508523 (s),  0.016508523 (s/pass),  1.2283127e-05(s/step)

-- Write: DoF -- 
write: "/media/derick/DeoResearch/experiments/rocksalt3_ZrN_casm/mc_coarse_new_scel/cooling/mu_-0.5250_-0.5250_T_2000_20/conditions.37/final_state.json"

-- Write: Output files -- 
write: "/media/derick/DeoResearch/experiments/rocksalt3_ZrN_casm/mc_coarse_new_scel/cooling/mu_-0.5250_-0.5250_T_2000_20/results.json"
write: "/media/derick/DeoResearch/experiments/rocksalt3_ZrN_casm/mc_coarse_new_scel/cooling/mu_-0.5250_-0.5250_T_2000_20/conditions.37/conditions.json"


-- Set: Conditions -- 
T: 1240
param_chem_pot: [ -0.525000000000 ]


-- Continue with existing DoF -- 

-- Write: DoF -- 
write: "/media/derick/DeoResearch/experiments/rocksalt3_ZrN_casm/mc_coarse_new_scel/cooling/mu_-0.5250_-0.5250_T_2000_20/conditions.38/initial_state.json"

-- Begin: Conditions 38 -- 

-- End: Conditions 38 -- 
run time: 16.669702 (s),  0.016669702 (s/pass),  1.2403052e-05(s/step)

-- Write: DoF -- 
write: "/media/derick/DeoResearch/experiments/rocksalt3_ZrN_casm/mc_coarse_new_scel/cooling/mu_-0.5250_-0.5250_T_2000_20/conditions.38/final_state.json"

-- Write: Output files -- 
write: "/media/derick/DeoResearch/experiments/rocksalt3_ZrN_casm/mc_coarse_new_scel/cooling/mu_-0.5250_-0.5250_T_2000_20/results.json"
write: "/media/derick/DeoResearch/experiments/rocksalt3_ZrN_casm/mc_coarse_new_scel/cooling/mu_-0.5250_-0.5250_T_2000_20/conditions.38/conditions.json"


-- Set: Conditions -- 
T: 1220
param_chem_pot: [ -0.525000000000 ]


-- Continue with existing DoF -- 

-- Write: DoF -- 
write: "/media/derick/DeoResearch/experiments/rocksalt3_ZrN_casm/mc_coarse_new_scel/cooling/mu_-0.5250_-0.5250_T_2000_20/conditions.39/initial_state.json"

-- Begin: Conditions 39 -- 

-- End: Conditions 39 -- 
run time: 16.571635 (s),  0.016571635 (s/pass),  1.2330085e-05(s/step)

-- Write: DoF -- 
write: "/media/derick/DeoResearch/experiments/rocksalt3_ZrN_casm/mc_coarse_new_scel/cooling/mu_-0.5250_-0.5250_T_2000_20/conditions.39/final_state.json"

-- Write: Output files -- 
write: "/media/derick/DeoResearch/experiments/rocksalt3_ZrN_casm/mc_coarse_new_scel/cooling/mu_-0.5250_-0.5250_T_2000_20/results.json"
write: "/media/derick/DeoResearch/experiments/rocksalt3_ZrN_casm/mc_coarse_new_scel/cooling/mu_-0.5250_-0.5250_T_2000_20/conditions.39/conditions.json"


-- Set: Conditions -- 
T: 1200
param_chem_pot: [ -0.525000000000 ]


-- Continue with existing DoF -- 

-- Write: DoF -- 
write: "/media/derick/DeoResearch/experiments/rocksalt3_ZrN_casm/mc_coarse_new_scel/cooling/mu_-0.5250_-0.5250_T_2000_20/conditions.40/initial_state.json"

-- Begin: Conditions 40 -- 

-- End: Conditions 40 -- 
run time: 16.754001 (s),  0.016754001 (s/pass),  1.2465775e-05(s/step)

-- Write: DoF -- 
write: "/media/derick/DeoResearch/experiments/rocksalt3_ZrN_casm/mc_coarse_new_scel/cooling/mu_-0.5250_-0.5250_T_2000_20/conditions.40/final_state.json"

-- Write: Output files -- 
write: "/media/derick/DeoResearch/experiments/rocksalt3_ZrN_casm/mc_coarse_new_scel/cooling/mu_-0.5250_-0.5250_T_2000_20/results.json"
write: "/media/derick/DeoResearch/experiments/rocksalt3_ZrN_casm/mc_coarse_new_scel/cooling/mu_-0.5250_-0.5250_T_2000_20/conditions.40/conditions.json"


-- Set: Conditions -- 
T: 1180
param_chem_pot: [ -0.525000000000 ]


-- Continue with existing DoF -- 

-- Write: DoF -- 
write: "/media/derick/DeoResearch/experiments/rocksalt3_ZrN_casm/mc_coarse_new_scel/cooling/mu_-0.5250_-0.5250_T_2000_20/conditions.41/initial_state.json"

-- Begin: Conditions 41 -- 

-- End: Conditions 41 -- 
run time: 16.759988 (s),  0.016759988 (s/pass),  1.2470229e-05(s/step)

-- Write: DoF -- 
write: "/media/derick/DeoResearch/experiments/rocksalt3_ZrN_casm/mc_coarse_new_scel/cooling/mu_-0.5250_-0.5250_T_2000_20/conditions.41/final_state.json"

-- Write: Output files -- 
write: "/media/derick/DeoResearch/experiments/rocksalt3_ZrN_casm/mc_coarse_new_scel/cooling/mu_-0.5250_-0.5250_T_2000_20/results.json"
write: "/media/derick/DeoResearch/experiments/rocksalt3_ZrN_casm/mc_coarse_new_scel/cooling/mu_-0.5250_-0.5250_T_2000_20/conditions.41/conditions.json"


-- Set: Conditions -- 
T: 1160
param_chem_pot: [ -0.525000000000 ]


-- Continue with existing DoF -- 

-- Write: DoF -- 
write: "/media/derick/DeoResearch/experiments/rocksalt3_ZrN_casm/mc_coarse_new_scel/cooling/mu_-0.5250_-0.5250_T_2000_20/conditions.42/initial_state.json"

-- Begin: Conditions 42 -- 

-- End: Conditions 42 -- 
run time: 16.420932 (s),  0.016420932 (s/pass),  1.2217955e-05(s/step)

-- Write: DoF -- 
write: "/media/derick/DeoResearch/experiments/rocksalt3_ZrN_casm/mc_coarse_new_scel/cooling/mu_-0.5250_-0.5250_T_2000_20/conditions.42/final_state.json"

-- Write: Output files -- 
write: "/media/derick/DeoResearch/experiments/rocksalt3_ZrN_casm/mc_coarse_new_scel/cooling/mu_-0.5250_-0.5250_T_2000_20/results.json"
write: "/media/derick/DeoResearch/experiments/rocksalt3_ZrN_casm/mc_coarse_new_scel/cooling/mu_-0.5250_-0.5250_T_2000_20/conditions.42/conditions.json"


-- Set: Conditions -- 
T: 1140
param_chem_pot: [ -0.525000000000 ]


-- Continue with existing DoF -- 

-- Write: DoF -- 
write: "/media/derick/DeoResearch/experiments/rocksalt3_ZrN_casm/mc_coarse_new_scel/cooling/mu_-0.5250_-0.5250_T_2000_20/conditions.43/initial_state.json"

-- Begin: Conditions 43 -- 

-- End: Conditions 43 -- 
run time: 16.909275 (s),  0.016909275 (s/pass),  1.2581306e-05(s/step)

-- Write: DoF -- 
write: "/media/derick/DeoResearch/experiments/rocksalt3_ZrN_casm/mc_coarse_new_scel/cooling/mu_-0.5250_-0.5250_T_2000_20/conditions.43/final_state.json"

-- Write: Output files -- 
write: "/media/derick/DeoResearch/experiments/rocksalt3_ZrN_casm/mc_coarse_new_scel/cooling/mu_-0.5250_-0.5250_T_2000_20/results.json"
write: "/media/derick/DeoResearch/experiments/rocksalt3_ZrN_casm/mc_coarse_new_scel/cooling/mu_-0.5250_-0.5250_T_2000_20/conditions.43/conditions.json"


-- Set: Conditions -- 
T: 1120
param_chem_pot: [ -0.525000000000 ]


-- Continue with existing DoF -- 

-- Write: DoF -- 
write: "/media/derick/DeoResearch/experiments/rocksalt3_ZrN_casm/mc_coarse_new_scel/cooling/mu_-0.5250_-0.5250_T_2000_20/conditions.44/initial_state.json"

-- Begin: Conditions 44 -- 

-- End: Conditions 44 -- 
run time: 16.463982 (s),  0.016463982 (s/pass),  1.2249987e-05(s/step)

-- Write: DoF -- 
write: "/media/derick/DeoResearch/experiments/rocksalt3_ZrN_casm/mc_coarse_new_scel/cooling/mu_-0.5250_-0.5250_T_2000_20/conditions.44/final_state.json"

-- Write: Output files -- 
write: "/media/derick/DeoResearch/experiments/rocksalt3_ZrN_casm/mc_coarse_new_scel/cooling/mu_-0.5250_-0.5250_T_2000_20/results.json"
write: "/media/derick/DeoResearch/experiments/rocksalt3_ZrN_casm/mc_coarse_new_scel/cooling/mu_-0.5250_-0.5250_T_2000_20/conditions.44/conditions.json"


-- Set: Conditions -- 
T: 1100
param_chem_pot: [ -0.525000000000 ]


-- Continue with existing DoF -- 

-- Write: DoF -- 
write: "/media/derick/DeoResearch/experiments/rocksalt3_ZrN_casm/mc_coarse_new_scel/cooling/mu_-0.5250_-0.5250_T_2000_20/conditions.45/initial_state.json"

-- Begin: Conditions 45 -- 

-- End: Conditions 45 -- 
run time: 16.550179 (s),  0.016550179 (s/pass),  1.2314121e-05(s/step)

-- Write: DoF -- 
write: "/media/derick/DeoResearch/experiments/rocksalt3_ZrN_casm/mc_coarse_new_scel/cooling/mu_-0.5250_-0.5250_T_2000_20/conditions.45/final_state.json"

-- Write: Output files -- 
write: "/media/derick/DeoResearch/experiments/rocksalt3_ZrN_casm/mc_coarse_new_scel/cooling/mu_-0.5250_-0.5250_T_2000_20/results.json"
write: "/media/derick/DeoResearch/experiments/rocksalt3_ZrN_casm/mc_coarse_new_scel/cooling/mu_-0.5250_-0.5250_T_2000_20/conditions.45/conditions.json"


-- Set: Conditions -- 
T: 1080
param_chem_pot: [ -0.525000000000 ]


-- Continue with existing DoF -- 

-- Write: DoF -- 
write: "/media/derick/DeoResearch/experiments/rocksalt3_ZrN_casm/mc_coarse_new_scel/cooling/mu_-0.5250_-0.5250_T_2000_20/conditions.46/initial_state.json"

-- Begin: Conditions 46 -- 

-- End: Conditions 46 -- 
run time: 16.529917 (s),  0.016529917 (s/pass),  1.2299046e-05(s/step)

-- Write: DoF -- 
write: "/media/derick/DeoResearch/experiments/rocksalt3_ZrN_casm/mc_coarse_new_scel/cooling/mu_-0.5250_-0.5250_T_2000_20/conditions.46/final_state.json"

-- Write: Output files -- 
write: "/media/derick/DeoResearch/experiments/rocksalt3_ZrN_casm/mc_coarse_new_scel/cooling/mu_-0.5250_-0.5250_T_2000_20/results.json"
write: "/media/derick/DeoResearch/experiments/rocksalt3_ZrN_casm/mc_coarse_new_scel/cooling/mu_-0.5250_-0.5250_T_2000_20/conditions.46/conditions.json"


-- Set: Conditions -- 
T: 1060
param_chem_pot: [ -0.525000000000 ]


-- Continue with existing DoF -- 

-- Write: DoF -- 
write: "/media/derick/DeoResearch/experiments/rocksalt3_ZrN_casm/mc_coarse_new_scel/cooling/mu_-0.5250_-0.5250_T_2000_20/conditions.47/initial_state.json"

-- Begin: Conditions 47 -- 

-- End: Conditions 47 -- 
run time: 16.424114 (s),  0.016424114 (s/pass),  1.2220323e-05(s/step)

-- Write: DoF -- 
write: "/media/derick/DeoResearch/experiments/rocksalt3_ZrN_casm/mc_coarse_new_scel/cooling/mu_-0.5250_-0.5250_T_2000_20/conditions.47/final_state.json"

-- Write: Output files -- 
write: "/media/derick/DeoResearch/experiments/rocksalt3_ZrN_casm/mc_coarse_new_scel/cooling/mu_-0.5250_-0.5250_T_2000_20/results.json"
write: "/media/derick/DeoResearch/experiments/rocksalt3_ZrN_casm/mc_coarse_new_scel/cooling/mu_-0.5250_-0.5250_T_2000_20/conditions.47/conditions.json"


-- Set: Conditions -- 
T: 1040
param_chem_pot: [ -0.525000000000 ]


-- Continue with existing DoF -- 

-- Write: DoF -- 
write: "/media/derick/DeoResearch/experiments/rocksalt3_ZrN_casm/mc_coarse_new_scel/cooling/mu_-0.5250_-0.5250_T_2000_20/conditions.48/initial_state.json"

-- Begin: Conditions 48 -- 

-- End: Conditions 48 -- 
run time: 16.342042 (s),  0.016342042 (s/pass),  1.2159257e-05(s/step)

-- Write: DoF -- 
write: "/media/derick/DeoResearch/experiments/rocksalt3_ZrN_casm/mc_coarse_new_scel/cooling/mu_-0.5250_-0.5250_T_2000_20/conditions.48/final_state.json"

-- Write: Output files -- 
write: "/media/derick/DeoResearch/experiments/rocksalt3_ZrN_casm/mc_coarse_new_scel/cooling/mu_-0.5250_-0.5250_T_2000_20/results.json"
write: "/media/derick/DeoResearch/experiments/rocksalt3_ZrN_casm/mc_coarse_new_scel/cooling/mu_-0.5250_-0.5250_T_2000_20/conditions.48/conditions.json"


-- Set: Conditions -- 
T: 1020
param_chem_pot: [ -0.525000000000 ]


-- Continue with existing DoF -- 

-- Write: DoF -- 
write: "/media/derick/DeoResearch/experiments/rocksalt3_ZrN_casm/mc_coarse_new_scel/cooling/mu_-0.5250_-0.5250_T_2000_20/conditions.49/initial_state.json"

-- Begin: Conditions 49 -- 

-- End: Conditions 49 -- 
run time: 16.428862 (s),  0.016428862 (s/pass),  1.2223856e-05(s/step)

-- Write: DoF -- 
write: "/media/derick/DeoResearch/experiments/rocksalt3_ZrN_casm/mc_coarse_new_scel/cooling/mu_-0.5250_-0.5250_T_2000_20/conditions.49/final_state.json"

-- Write: Output files -- 
write: "/media/derick/DeoResearch/experiments/rocksalt3_ZrN_casm/mc_coarse_new_scel/cooling/mu_-0.5250_-0.5250_T_2000_20/results.json"
write: "/media/derick/DeoResearch/experiments/rocksalt3_ZrN_casm/mc_coarse_new_scel/cooling/mu_-0.5250_-0.5250_T_2000_20/conditions.49/conditions.json"


-- Set: Conditions -- 
T: 1000
param_chem_pot: [ -0.525000000000 ]


-- Continue with existing DoF -- 

-- Write: DoF -- 
write: "/media/derick/DeoResearch/experiments/rocksalt3_ZrN_casm/mc_coarse_new_scel/cooling/mu_-0.5250_-0.5250_T_2000_20/conditions.50/initial_state.json"

-- Begin: Conditions 50 -- 

-- End: Conditions 50 -- 
run time: 16.508954 (s),  0.016508954 (s/pass),  1.2283448e-05(s/step)

-- Write: DoF -- 
write: "/media/derick/DeoResearch/experiments/rocksalt3_ZrN_casm/mc_coarse_new_scel/cooling/mu_-0.5250_-0.5250_T_2000_20/conditions.50/final_state.json"

-- Write: Output files -- 
write: "/media/derick/DeoResearch/experiments/rocksalt3_ZrN_casm/mc_coarse_new_scel/cooling/mu_-0.5250_-0.5250_T_2000_20/results.json"
write: "/media/derick/DeoResearch/experiments/rocksalt3_ZrN_casm/mc_coarse_new_scel/cooling/mu_-0.5250_-0.5250_T_2000_20/conditions.50/conditions.json"


-- Set: Conditions -- 
T: 980
param_chem_pot: [ -0.525000000000 ]


-- Continue with existing DoF -- 

-- Write: DoF -- 
write: "/media/derick/DeoResearch/experiments/rocksalt3_ZrN_casm/mc_coarse_new_scel/cooling/mu_-0.5250_-0.5250_T_2000_20/conditions.51/initial_state.json"

-- Begin: Conditions 51 -- 

-- End: Conditions 51 -- 
run time: 16.596201 (s),  0.016596201 (s/pass),  1.2348364e-05(s/step)

-- Write: DoF -- 
write: "/media/derick/DeoResearch/experiments/rocksalt3_ZrN_casm/mc_coarse_new_scel/cooling/mu_-0.5250_-0.5250_T_2000_20/conditions.51/final_state.json"

-- Write: Output files -- 
write: "/media/derick/DeoResearch/experiments/rocksalt3_ZrN_casm/mc_coarse_new_scel/cooling/mu_-0.5250_-0.5250_T_2000_20/results.json"
write: "/media/derick/DeoResearch/experiments/rocksalt3_ZrN_casm/mc_coarse_new_scel/cooling/mu_-0.5250_-0.5250_T_2000_20/conditions.51/conditions.json"


-- Set: Conditions -- 
T: 960
param_chem_pot: [ -0.525000000000 ]


-- Continue with existing DoF -- 

-- Write: DoF -- 
write: "/media/derick/DeoResearch/experiments/rocksalt3_ZrN_casm/mc_coarse_new_scel/cooling/mu_-0.5250_-0.5250_T_2000_20/conditions.52/initial_state.json"

-- Begin: Conditions 52 -- 

-- End: Conditions 52 -- 
run time: 16.540925 (s),  0.016540925 (s/pass),  1.2307236e-05(s/step)

-- Write: DoF -- 
write: "/media/derick/DeoResearch/experiments/rocksalt3_ZrN_casm/mc_coarse_new_scel/cooling/mu_-0.5250_-0.5250_T_2000_20/conditions.52/final_state.json"

-- Write: Output files -- 
write: "/media/derick/DeoResearch/experiments/rocksalt3_ZrN_casm/mc_coarse_new_scel/cooling/mu_-0.5250_-0.5250_T_2000_20/results.json"
write: "/media/derick/DeoResearch/experiments/rocksalt3_ZrN_casm/mc_coarse_new_scel/cooling/mu_-0.5250_-0.5250_T_2000_20/conditions.52/conditions.json"


-- Set: Conditions -- 
T: 940
param_chem_pot: [ -0.525000000000 ]


-- Continue with existing DoF -- 

-- Write: DoF -- 
write: "/media/derick/DeoResearch/experiments/rocksalt3_ZrN_casm/mc_coarse_new_scel/cooling/mu_-0.5250_-0.5250_T_2000_20/conditions.53/initial_state.json"

-- Begin: Conditions 53 -- 

-- End: Conditions 53 -- 
run time: 16.415507 (s),  0.016415507 (s/pass),  1.2213919e-05(s/step)

-- Write: DoF -- 
write: "/media/derick/DeoResearch/experiments/rocksalt3_ZrN_casm/mc_coarse_new_scel/cooling/mu_-0.5250_-0.5250_T_2000_20/conditions.53/final_state.json"

-- Write: Output files -- 
write: "/media/derick/DeoResearch/experiments/rocksalt3_ZrN_casm/mc_coarse_new_scel/cooling/mu_-0.5250_-0.5250_T_2000_20/results.json"
write: "/media/derick/DeoResearch/experiments/rocksalt3_ZrN_casm/mc_coarse_new_scel/cooling/mu_-0.5250_-0.5250_T_2000_20/conditions.53/conditions.json"


-- Set: Conditions -- 
T: 920
param_chem_pot: [ -0.525000000000 ]


-- Continue with existing DoF -- 

-- Write: DoF -- 
write: "/media/derick/DeoResearch/experiments/rocksalt3_ZrN_casm/mc_coarse_new_scel/cooling/mu_-0.5250_-0.5250_T_2000_20/conditions.54/initial_state.json"

-- Begin: Conditions 54 -- 

-- End: Conditions 54 -- 
run time: 16.334724 (s),  0.016334724 (s/pass),  1.2153813e-05(s/step)

-- Write: DoF -- 
write: "/media/derick/DeoResearch/experiments/rocksalt3_ZrN_casm/mc_coarse_new_scel/cooling/mu_-0.5250_-0.5250_T_2000_20/conditions.54/final_state.json"

-- Write: Output files -- 
write: "/media/derick/DeoResearch/experiments/rocksalt3_ZrN_casm/mc_coarse_new_scel/cooling/mu_-0.5250_-0.5250_T_2000_20/results.json"
write: "/media/derick/DeoResearch/experiments/rocksalt3_ZrN_casm/mc_coarse_new_scel/cooling/mu_-0.5250_-0.5250_T_2000_20/conditions.54/conditions.json"


-- Set: Conditions -- 
T: 900
param_chem_pot: [ -0.525000000000 ]


-- Continue with existing DoF -- 

-- Write: DoF -- 
write: "/media/derick/DeoResearch/experiments/rocksalt3_ZrN_casm/mc_coarse_new_scel/cooling/mu_-0.5250_-0.5250_T_2000_20/conditions.55/initial_state.json"

-- Begin: Conditions 55 -- 

-- End: Conditions 55 -- 
run time: 16.430967 (s),  0.016430967 (s/pass),  1.2225422e-05(s/step)

-- Write: DoF -- 
write: "/media/derick/DeoResearch/experiments/rocksalt3_ZrN_casm/mc_coarse_new_scel/cooling/mu_-0.5250_-0.5250_T_2000_20/conditions.55/final_state.json"

-- Write: Output files -- 
write: "/media/derick/DeoResearch/experiments/rocksalt3_ZrN_casm/mc_coarse_new_scel/cooling/mu_-0.5250_-0.5250_T_2000_20/results.json"
write: "/media/derick/DeoResearch/experiments/rocksalt3_ZrN_casm/mc_coarse_new_scel/cooling/mu_-0.5250_-0.5250_T_2000_20/conditions.55/conditions.json"


-- Set: Conditions -- 
T: 880
param_chem_pot: [ -0.525000000000 ]


-- Continue with existing DoF -- 

-- Write: DoF -- 
write: "/media/derick/DeoResearch/experiments/rocksalt3_ZrN_casm/mc_coarse_new_scel/cooling/mu_-0.5250_-0.5250_T_2000_20/conditions.56/initial_state.json"

-- Begin: Conditions 56 -- 

-- End: Conditions 56 -- 
run time: 16.471165 (s),  0.016471165 (s/pass),  1.2255331e-05(s/step)

-- Write: DoF -- 
write: "/media/derick/DeoResearch/experiments/rocksalt3_ZrN_casm/mc_coarse_new_scel/cooling/mu_-0.5250_-0.5250_T_2000_20/conditions.56/final_state.json"

-- Write: Output files -- 
write: "/media/derick/DeoResearch/experiments/rocksalt3_ZrN_casm/mc_coarse_new_scel/cooling/mu_-0.5250_-0.5250_T_2000_20/results.json"
write: "/media/derick/DeoResearch/experiments/rocksalt3_ZrN_casm/mc_coarse_new_scel/cooling/mu_-0.5250_-0.5250_T_2000_20/conditions.56/conditions.json"


-- Set: Conditions -- 
T: 860
param_chem_pot: [ -0.525000000000 ]


-- Continue with existing DoF -- 

-- Write: DoF -- 
write: "/media/derick/DeoResearch/experiments/rocksalt3_ZrN_casm/mc_coarse_new_scel/cooling/mu_-0.5250_-0.5250_T_2000_20/conditions.57/initial_state.json"

-- Begin: Conditions 57 -- 

-- End: Conditions 57 -- 
run time: 16.546388 (s),  0.016546388 (s/pass),  1.23113e-05(s/step)

-- Write: DoF -- 
write: "/media/derick/DeoResearch/experiments/rocksalt3_ZrN_casm/mc_coarse_new_scel/cooling/mu_-0.5250_-0.5250_T_2000_20/conditions.57/final_state.json"

-- Write: Output files -- 
write: "/media/derick/DeoResearch/experiments/rocksalt3_ZrN_casm/mc_coarse_new_scel/cooling/mu_-0.5250_-0.5250_T_2000_20/results.json"
write: "/media/derick/DeoResearch/experiments/rocksalt3_ZrN_casm/mc_coarse_new_scel/cooling/mu_-0.5250_-0.5250_T_2000_20/conditions.57/conditions.json"


-- Set: Conditions -- 
T: 840
param_chem_pot: [ -0.525000000000 ]


-- Continue with existing DoF -- 

-- Write: DoF -- 
write: "/media/derick/DeoResearch/experiments/rocksalt3_ZrN_casm/mc_coarse_new_scel/cooling/mu_-0.5250_-0.5250_T_2000_20/conditions.58/initial_state.json"

-- Begin: Conditions 58 -- 

-- End: Conditions 58 -- 
run time: 16.51954 (s),  0.01651954 (s/pass),  1.2291324e-05(s/step)

-- Write: DoF -- 
write: "/media/derick/DeoResearch/experiments/rocksalt3_ZrN_casm/mc_coarse_new_scel/cooling/mu_-0.5250_-0.5250_T_2000_20/conditions.58/final_state.json"

-- Write: Output files -- 
write: "/media/derick/DeoResearch/experiments/rocksalt3_ZrN_casm/mc_coarse_new_scel/cooling/mu_-0.5250_-0.5250_T_2000_20/results.json"
write: "/media/derick/DeoResearch/experiments/rocksalt3_ZrN_casm/mc_coarse_new_scel/cooling/mu_-0.5250_-0.5250_T_2000_20/conditions.58/conditions.json"


-- Set: Conditions -- 
T: 820
param_chem_pot: [ -0.525000000000 ]


-- Continue with existing DoF -- 

-- Write: DoF -- 
write: "/media/derick/DeoResearch/experiments/rocksalt3_ZrN_casm/mc_coarse_new_scel/cooling/mu_-0.5250_-0.5250_T_2000_20/conditions.59/initial_state.json"

-- Begin: Conditions 59 -- 

-- End: Conditions 59 -- 
run time: 17.295797 (s),  0.017295797 (s/pass),  1.2868897e-05(s/step)

-- Write: DoF -- 
write: "/media/derick/DeoResearch/experiments/rocksalt3_ZrN_casm/mc_coarse_new_scel/cooling/mu_-0.5250_-0.5250_T_2000_20/conditions.59/final_state.json"

-- Write: Output files -- 
write: "/media/derick/DeoResearch/experiments/rocksalt3_ZrN_casm/mc_coarse_new_scel/cooling/mu_-0.5250_-0.5250_T_2000_20/results.json"
write: "/media/derick/DeoResearch/experiments/rocksalt3_ZrN_casm/mc_coarse_new_scel/cooling/mu_-0.5250_-0.5250_T_2000_20/conditions.59/conditions.json"


-- Set: Conditions -- 
T: 800
param_chem_pot: [ -0.525000000000 ]


-- Continue with existing DoF -- 

-- Write: DoF -- 
write: "/media/derick/DeoResearch/experiments/rocksalt3_ZrN_casm/mc_coarse_new_scel/cooling/mu_-0.5250_-0.5250_T_2000_20/conditions.60/initial_state.json"

-- Begin: Conditions 60 -- 

-- End: Conditions 60 -- 
run time: 16.524269 (s),  0.016524269 (s/pass),  1.2294843e-05(s/step)

-- Write: DoF -- 
write: "/media/derick/DeoResearch/experiments/rocksalt3_ZrN_casm/mc_coarse_new_scel/cooling/mu_-0.5250_-0.5250_T_2000_20/conditions.60/final_state.json"

-- Write: Output files -- 
write: "/media/derick/DeoResearch/experiments/rocksalt3_ZrN_casm/mc_coarse_new_scel/cooling/mu_-0.5250_-0.5250_T_2000_20/results.json"
write: "/media/derick/DeoResearch/experiments/rocksalt3_ZrN_casm/mc_coarse_new_scel/cooling/mu_-0.5250_-0.5250_T_2000_20/conditions.60/conditions.json"


-- Set: Conditions -- 
T: 780
param_chem_pot: [ -0.525000000000 ]


-- Continue with existing DoF -- 

-- Write: DoF -- 
write: "/media/derick/DeoResearch/experiments/rocksalt3_ZrN_casm/mc_coarse_new_scel/cooling/mu_-0.5250_-0.5250_T_2000_20/conditions.61/initial_state.json"

-- Begin: Conditions 61 -- 

-- End: Conditions 61 -- 
run time: 16.543287 (s),  0.016543287 (s/pass),  1.2308994e-05(s/step)

-- Write: DoF -- 
write: "/media/derick/DeoResearch/experiments/rocksalt3_ZrN_casm/mc_coarse_new_scel/cooling/mu_-0.5250_-0.5250_T_2000_20/conditions.61/final_state.json"

-- Write: Output files -- 
write: "/media/derick/DeoResearch/experiments/rocksalt3_ZrN_casm/mc_coarse_new_scel/cooling/mu_-0.5250_-0.5250_T_2000_20/results.json"
write: "/media/derick/DeoResearch/experiments/rocksalt3_ZrN_casm/mc_coarse_new_scel/cooling/mu_-0.5250_-0.5250_T_2000_20/conditions.61/conditions.json"


-- Set: Conditions -- 
T: 760
param_chem_pot: [ -0.525000000000 ]


-- Continue with existing DoF -- 

-- Write: DoF -- 
write: "/media/derick/DeoResearch/experiments/rocksalt3_ZrN_casm/mc_coarse_new_scel/cooling/mu_-0.5250_-0.5250_T_2000_20/conditions.62/initial_state.json"

-- Begin: Conditions 62 -- 

-- End: Conditions 62 -- 
run time: 16.486498 (s),  0.016486498 (s/pass),  1.226674e-05(s/step)

-- Write: DoF -- 
write: "/media/derick/DeoResearch/experiments/rocksalt3_ZrN_casm/mc_coarse_new_scel/cooling/mu_-0.5250_-0.5250_T_2000_20/conditions.62/final_state.json"

-- Write: Output files -- 
write: "/media/derick/DeoResearch/experiments/rocksalt3_ZrN_casm/mc_coarse_new_scel/cooling/mu_-0.5250_-0.5250_T_2000_20/results.json"
write: "/media/derick/DeoResearch/experiments/rocksalt3_ZrN_casm/mc_coarse_new_scel/cooling/mu_-0.5250_-0.5250_T_2000_20/conditions.62/conditions.json"


-- Set: Conditions -- 
T: 740
param_chem_pot: [ -0.525000000000 ]


-- Continue with existing DoF -- 

-- Write: DoF -- 
write: "/media/derick/DeoResearch/experiments/rocksalt3_ZrN_casm/mc_coarse_new_scel/cooling/mu_-0.5250_-0.5250_T_2000_20/conditions.63/initial_state.json"

-- Begin: Conditions 63 -- 

-- End: Conditions 63 -- 
run time: 17.543485 (s),  0.017543485 (s/pass),  1.3053188e-05(s/step)

-- Write: DoF -- 
write: "/media/derick/DeoResearch/experiments/rocksalt3_ZrN_casm/mc_coarse_new_scel/cooling/mu_-0.5250_-0.5250_T_2000_20/conditions.63/final_state.json"

-- Write: Output files -- 
write: "/media/derick/DeoResearch/experiments/rocksalt3_ZrN_casm/mc_coarse_new_scel/cooling/mu_-0.5250_-0.5250_T_2000_20/results.json"
write: "/media/derick/DeoResearch/experiments/rocksalt3_ZrN_casm/mc_coarse_new_scel/cooling/mu_-0.5250_-0.5250_T_2000_20/conditions.63/conditions.json"


-- Set: Conditions -- 
T: 720
param_chem_pot: [ -0.525000000000 ]


-- Continue with existing DoF -- 

-- Write: DoF -- 
write: "/media/derick/DeoResearch/experiments/rocksalt3_ZrN_casm/mc_coarse_new_scel/cooling/mu_-0.5250_-0.5250_T_2000_20/conditions.64/initial_state.json"

-- Begin: Conditions 64 -- 

-- End: Conditions 64 -- 
run time: 16.879958 (s),  0.016879958 (s/pass),  1.2559492e-05(s/step)

-- Write: DoF -- 
write: "/media/derick/DeoResearch/experiments/rocksalt3_ZrN_casm/mc_coarse_new_scel/cooling/mu_-0.5250_-0.5250_T_2000_20/conditions.64/final_state.json"

-- Write: Output files -- 
write: "/media/derick/DeoResearch/experiments/rocksalt3_ZrN_casm/mc_coarse_new_scel/cooling/mu_-0.5250_-0.5250_T_2000_20/results.json"
write: "/media/derick/DeoResearch/experiments/rocksalt3_ZrN_casm/mc_coarse_new_scel/cooling/mu_-0.5250_-0.5250_T_2000_20/conditions.64/conditions.json"


-- Set: Conditions -- 
T: 700
param_chem_pot: [ -0.525000000000 ]


-- Continue with existing DoF -- 

-- Write: DoF -- 
write: "/media/derick/DeoResearch/experiments/rocksalt3_ZrN_casm/mc_coarse_new_scel/cooling/mu_-0.5250_-0.5250_T_2000_20/conditions.65/initial_state.json"

-- Begin: Conditions 65 -- 

-- End: Conditions 65 -- 
run time: 16.468848 (s),  0.016468848 (s/pass),  1.2253607e-05(s/step)

-- Write: DoF -- 
write: "/media/derick/DeoResearch/experiments/rocksalt3_ZrN_casm/mc_coarse_new_scel/cooling/mu_-0.5250_-0.5250_T_2000_20/conditions.65/final_state.json"

-- Write: Output files -- 
write: "/media/derick/DeoResearch/experiments/rocksalt3_ZrN_casm/mc_coarse_new_scel/cooling/mu_-0.5250_-0.5250_T_2000_20/results.json"
write: "/media/derick/DeoResearch/experiments/rocksalt3_ZrN_casm/mc_coarse_new_scel/cooling/mu_-0.5250_-0.5250_T_2000_20/conditions.65/conditions.json"


-- Set: Conditions -- 
T: 680
param_chem_pot: [ -0.525000000000 ]


-- Continue with existing DoF -- 

-- Write: DoF -- 
write: "/media/derick/DeoResearch/experiments/rocksalt3_ZrN_casm/mc_coarse_new_scel/cooling/mu_-0.5250_-0.5250_T_2000_20/conditions.66/initial_state.json"

-- Begin: Conditions 66 -- 

-- End: Conditions 66 -- 
run time: 16.494644 (s),  0.016494644 (s/pass),  1.2272801e-05(s/step)

-- Write: DoF -- 
write: "/media/derick/DeoResearch/experiments/rocksalt3_ZrN_casm/mc_coarse_new_scel/cooling/mu_-0.5250_-0.5250_T_2000_20/conditions.66/final_state.json"

-- Write: Output files -- 
write: "/media/derick/DeoResearch/experiments/rocksalt3_ZrN_casm/mc_coarse_new_scel/cooling/mu_-0.5250_-0.5250_T_2000_20/results.json"
write: "/media/derick/DeoResearch/experiments/rocksalt3_ZrN_casm/mc_coarse_new_scel/cooling/mu_-0.5250_-0.5250_T_2000_20/conditions.66/conditions.json"


-- Set: Conditions -- 
T: 660
param_chem_pot: [ -0.525000000000 ]


-- Continue with existing DoF -- 

-- Write: DoF -- 
write: "/media/derick/DeoResearch/experiments/rocksalt3_ZrN_casm/mc_coarse_new_scel/cooling/mu_-0.5250_-0.5250_T_2000_20/conditions.67/initial_state.json"

-- Begin: Conditions 67 -- 

-- End: Conditions 67 -- 
run time: 16.65425 (s),  0.01665425 (s/pass),  1.2391555e-05(s/step)

-- Write: DoF -- 
write: "/media/derick/DeoResearch/experiments/rocksalt3_ZrN_casm/mc_coarse_new_scel/cooling/mu_-0.5250_-0.5250_T_2000_20/conditions.67/final_state.json"

-- Write: Output files -- 
write: "/media/derick/DeoResearch/experiments/rocksalt3_ZrN_casm/mc_coarse_new_scel/cooling/mu_-0.5250_-0.5250_T_2000_20/results.json"
write: "/media/derick/DeoResearch/experiments/rocksalt3_ZrN_casm/mc_coarse_new_scel/cooling/mu_-0.5250_-0.5250_T_2000_20/conditions.67/conditions.json"


-- Set: Conditions -- 
T: 640
param_chem_pot: [ -0.525000000000 ]


-- Continue with existing DoF -- 

-- Write: DoF -- 
write: "/media/derick/DeoResearch/experiments/rocksalt3_ZrN_casm/mc_coarse_new_scel/cooling/mu_-0.5250_-0.5250_T_2000_20/conditions.68/initial_state.json"

-- Begin: Conditions 68 -- 

-- End: Conditions 68 -- 
run time: 16.460838 (s),  0.016460838 (s/pass),  1.2247647e-05(s/step)

-- Write: DoF -- 
write: "/media/derick/DeoResearch/experiments/rocksalt3_ZrN_casm/mc_coarse_new_scel/cooling/mu_-0.5250_-0.5250_T_2000_20/conditions.68/final_state.json"

-- Write: Output files -- 
write: "/media/derick/DeoResearch/experiments/rocksalt3_ZrN_casm/mc_coarse_new_scel/cooling/mu_-0.5250_-0.5250_T_2000_20/results.json"
write: "/media/derick/DeoResearch/experiments/rocksalt3_ZrN_casm/mc_coarse_new_scel/cooling/mu_-0.5250_-0.5250_T_2000_20/conditions.68/conditions.json"


-- Set: Conditions -- 
T: 620
param_chem_pot: [ -0.525000000000 ]


-- Continue with existing DoF -- 

-- Write: DoF -- 
write: "/media/derick/DeoResearch/experiments/rocksalt3_ZrN_casm/mc_coarse_new_scel/cooling/mu_-0.5250_-0.5250_T_2000_20/conditions.69/initial_state.json"

-- Begin: Conditions 69 -- 

-- End: Conditions 69 -- 
run time: 17.0444 (s),  0.0170444 (s/pass),  1.2681845e-05(s/step)

-- Write: DoF -- 
write: "/media/derick/DeoResearch/experiments/rocksalt3_ZrN_casm/mc_coarse_new_scel/cooling/mu_-0.5250_-0.5250_T_2000_20/conditions.69/final_state.json"

-- Write: Output files -- 
write: "/media/derick/DeoResearch/experiments/rocksalt3_ZrN_casm/mc_coarse_new_scel/cooling/mu_-0.5250_-0.5250_T_2000_20/results.json"
write: "/media/derick/DeoResearch/experiments/rocksalt3_ZrN_casm/mc_coarse_new_scel/cooling/mu_-0.5250_-0.5250_T_2000_20/conditions.69/conditions.json"


-- Set: Conditions -- 
T: 600
param_chem_pot: [ -0.525000000000 ]


-- Continue with existing DoF -- 

-- Write: DoF -- 
write: "/media/derick/DeoResearch/experiments/rocksalt3_ZrN_casm/mc_coarse_new_scel/cooling/mu_-0.5250_-0.5250_T_2000_20/conditions.70/initial_state.json"

-- Begin: Conditions 70 -- 

-- End: Conditions 70 -- 
run time: 16.467612 (s),  0.016467612 (s/pass),  1.2252688e-05(s/step)

-- Write: DoF -- 
write: "/media/derick/DeoResearch/experiments/rocksalt3_ZrN_casm/mc_coarse_new_scel/cooling/mu_-0.5250_-0.5250_T_2000_20/conditions.70/final_state.json"

-- Write: Output files -- 
write: "/media/derick/DeoResearch/experiments/rocksalt3_ZrN_casm/mc_coarse_new_scel/cooling/mu_-0.5250_-0.5250_T_2000_20/results.json"
write: "/media/derick/DeoResearch/experiments/rocksalt3_ZrN_casm/mc_coarse_new_scel/cooling/mu_-0.5250_-0.5250_T_2000_20/conditions.70/conditions.json"


-- Set: Conditions -- 
T: 580
param_chem_pot: [ -0.525000000000 ]


-- Continue with existing DoF -- 

-- Write: DoF -- 
write: "/media/derick/DeoResearch/experiments/rocksalt3_ZrN_casm/mc_coarse_new_scel/cooling/mu_-0.5250_-0.5250_T_2000_20/conditions.71/initial_state.json"

-- Begin: Conditions 71 -- 

-- End: Conditions 71 -- 
run time: 16.406774 (s),  0.016406774 (s/pass),  1.2207421e-05(s/step)

-- Write: DoF -- 
write: "/media/derick/DeoResearch/experiments/rocksalt3_ZrN_casm/mc_coarse_new_scel/cooling/mu_-0.5250_-0.5250_T_2000_20/conditions.71/final_state.json"

-- Write: Output files -- 
write: "/media/derick/DeoResearch/experiments/rocksalt3_ZrN_casm/mc_coarse_new_scel/cooling/mu_-0.5250_-0.5250_T_2000_20/results.json"
write: "/media/derick/DeoResearch/experiments/rocksalt3_ZrN_casm/mc_coarse_new_scel/cooling/mu_-0.5250_-0.5250_T_2000_20/conditions.71/conditions.json"


-- Set: Conditions -- 
T: 560
param_chem_pot: [ -0.525000000000 ]


-- Continue with existing DoF -- 

-- Write: DoF -- 
write: "/media/derick/DeoResearch/experiments/rocksalt3_ZrN_casm/mc_coarse_new_scel/cooling/mu_-0.5250_-0.5250_T_2000_20/conditions.72/initial_state.json"

-- Begin: Conditions 72 -- 

-- End: Conditions 72 -- 
run time: 16.407107 (s),  0.016407107 (s/pass),  1.2207669e-05(s/step)

-- Write: DoF -- 
write: "/media/derick/DeoResearch/experiments/rocksalt3_ZrN_casm/mc_coarse_new_scel/cooling/mu_-0.5250_-0.5250_T_2000_20/conditions.72/final_state.json"

-- Write: Output files -- 
write: "/media/derick/DeoResearch/experiments/rocksalt3_ZrN_casm/mc_coarse_new_scel/cooling/mu_-0.5250_-0.5250_T_2000_20/results.json"
write: "/media/derick/DeoResearch/experiments/rocksalt3_ZrN_casm/mc_coarse_new_scel/cooling/mu_-0.5250_-0.5250_T_2000_20/conditions.72/conditions.json"


-- Set: Conditions -- 
T: 540
param_chem_pot: [ -0.525000000000 ]


-- Continue with existing DoF -- 

-- Write: DoF -- 
write: "/media/derick/DeoResearch/experiments/rocksalt3_ZrN_casm/mc_coarse_new_scel/cooling/mu_-0.5250_-0.5250_T_2000_20/conditions.73/initial_state.json"

-- Begin: Conditions 73 -- 

-- End: Conditions 73 -- 
run time: 16.478979 (s),  0.016478979 (s/pass),  1.2261145e-05(s/step)

-- Write: DoF -- 
write: "/media/derick/DeoResearch/experiments/rocksalt3_ZrN_casm/mc_coarse_new_scel/cooling/mu_-0.5250_-0.5250_T_2000_20/conditions.73/final_state.json"

-- Write: Output files -- 
write: "/media/derick/DeoResearch/experiments/rocksalt3_ZrN_casm/mc_coarse_new_scel/cooling/mu_-0.5250_-0.5250_T_2000_20/results.json"
write: "/media/derick/DeoResearch/experiments/rocksalt3_ZrN_casm/mc_coarse_new_scel/cooling/mu_-0.5250_-0.5250_T_2000_20/conditions.73/conditions.json"


-- Set: Conditions -- 
T: 520
param_chem_pot: [ -0.525000000000 ]


-- Continue with existing DoF -- 

-- Write: DoF -- 
write: "/media/derick/DeoResearch/experiments/rocksalt3_ZrN_casm/mc_coarse_new_scel/cooling/mu_-0.5250_-0.5250_T_2000_20/conditions.74/initial_state.json"

-- Begin: Conditions 74 -- 

-- End: Conditions 74 -- 
run time: 16.431588 (s),  0.016431588 (s/pass),  1.2225884e-05(s/step)

-- Write: DoF -- 
write: "/media/derick/DeoResearch/experiments/rocksalt3_ZrN_casm/mc_coarse_new_scel/cooling/mu_-0.5250_-0.5250_T_2000_20/conditions.74/final_state.json"

-- Write: Output files -- 
write: "/media/derick/DeoResearch/experiments/rocksalt3_ZrN_casm/mc_coarse_new_scel/cooling/mu_-0.5250_-0.5250_T_2000_20/results.json"
write: "/media/derick/DeoResearch/experiments/rocksalt3_ZrN_casm/mc_coarse_new_scel/cooling/mu_-0.5250_-0.5250_T_2000_20/conditions.74/conditions.json"


-- Set: Conditions -- 
T: 500
param_chem_pot: [ -0.525000000000 ]


-- Continue with existing DoF -- 

-- Write: DoF -- 
write: "/media/derick/DeoResearch/experiments/rocksalt3_ZrN_casm/mc_coarse_new_scel/cooling/mu_-0.5250_-0.5250_T_2000_20/conditions.75/initial_state.json"

-- Begin: Conditions 75 -- 

-- End: Conditions 75 -- 
run time: 16.4393 (s),  0.0164393 (s/pass),  1.2231622e-05(s/step)

-- Write: DoF -- 
write: "/media/derick/DeoResearch/experiments/rocksalt3_ZrN_casm/mc_coarse_new_scel/cooling/mu_-0.5250_-0.5250_T_2000_20/conditions.75/final_state.json"

-- Write: Output files -- 
write: "/media/derick/DeoResearch/experiments/rocksalt3_ZrN_casm/mc_coarse_new_scel/cooling/mu_-0.5250_-0.5250_T_2000_20/results.json"
write: "/media/derick/DeoResearch/experiments/rocksalt3_ZrN_casm/mc_coarse_new_scel/cooling/mu_-0.5250_-0.5250_T_2000_20/conditions.75/conditions.json"


-- Set: Conditions -- 
T: 480
param_chem_pot: [ -0.525000000000 ]


-- Continue with existing DoF -- 

-- Write: DoF -- 
write: "/media/derick/DeoResearch/experiments/rocksalt3_ZrN_casm/mc_coarse_new_scel/cooling/mu_-0.5250_-0.5250_T_2000_20/conditions.76/initial_state.json"

-- Begin: Conditions 76 -- 

-- End: Conditions 76 -- 
run time: 16.428406 (s),  0.016428406 (s/pass),  1.2223516e-05(s/step)

-- Write: DoF -- 
write: "/media/derick/DeoResearch/experiments/rocksalt3_ZrN_casm/mc_coarse_new_scel/cooling/mu_-0.5250_-0.5250_T_2000_20/conditions.76/final_state.json"

-- Write: Output files -- 
write: "/media/derick/DeoResearch/experiments/rocksalt3_ZrN_casm/mc_coarse_new_scel/cooling/mu_-0.5250_-0.5250_T_2000_20/results.json"
write: "/media/derick/DeoResearch/experiments/rocksalt3_ZrN_casm/mc_coarse_new_scel/cooling/mu_-0.5250_-0.5250_T_2000_20/conditions.76/conditions.json"


-- Set: Conditions -- 
T: 460
param_chem_pot: [ -0.525000000000 ]


-- Continue with existing DoF -- 

-- Write: DoF -- 
write: "/media/derick/DeoResearch/experiments/rocksalt3_ZrN_casm/mc_coarse_new_scel/cooling/mu_-0.5250_-0.5250_T_2000_20/conditions.77/initial_state.json"

-- Begin: Conditions 77 -- 

-- End: Conditions 77 -- 
run time: 16.426486 (s),  0.016426486 (s/pass),  1.2222088e-05(s/step)

-- Write: DoF -- 
write: "/media/derick/DeoResearch/experiments/rocksalt3_ZrN_casm/mc_coarse_new_scel/cooling/mu_-0.5250_-0.5250_T_2000_20/conditions.77/final_state.json"

-- Write: Output files -- 
write: "/media/derick/DeoResearch/experiments/rocksalt3_ZrN_casm/mc_coarse_new_scel/cooling/mu_-0.5250_-0.5250_T_2000_20/results.json"
write: "/media/derick/DeoResearch/experiments/rocksalt3_ZrN_casm/mc_coarse_new_scel/cooling/mu_-0.5250_-0.5250_T_2000_20/conditions.77/conditions.json"


-- Set: Conditions -- 
T: 440
param_chem_pot: [ -0.525000000000 ]


-- Continue with existing DoF -- 

-- Write: DoF -- 
write: "/media/derick/DeoResearch/experiments/rocksalt3_ZrN_casm/mc_coarse_new_scel/cooling/mu_-0.5250_-0.5250_T_2000_20/conditions.78/initial_state.json"

-- Begin: Conditions 78 -- 

-- End: Conditions 78 -- 
run time: 16.44472 (s),  0.01644472 (s/pass),  1.2235655e-05(s/step)

-- Write: DoF -- 
write: "/media/derick/DeoResearch/experiments/rocksalt3_ZrN_casm/mc_coarse_new_scel/cooling/mu_-0.5250_-0.5250_T_2000_20/conditions.78/final_state.json"

-- Write: Output files -- 
write: "/media/derick/DeoResearch/experiments/rocksalt3_ZrN_casm/mc_coarse_new_scel/cooling/mu_-0.5250_-0.5250_T_2000_20/results.json"
write: "/media/derick/DeoResearch/experiments/rocksalt3_ZrN_casm/mc_coarse_new_scel/cooling/mu_-0.5250_-0.5250_T_2000_20/conditions.78/conditions.json"


-- Set: Conditions -- 
T: 420
param_chem_pot: [ -0.525000000000 ]


-- Continue with existing DoF -- 

-- Write: DoF -- 
write: "/media/derick/DeoResearch/experiments/rocksalt3_ZrN_casm/mc_coarse_new_scel/cooling/mu_-0.5250_-0.5250_T_2000_20/conditions.79/initial_state.json"

-- Begin: Conditions 79 -- 

-- End: Conditions 79 -- 
run time: 16.448063 (s),  0.016448063 (s/pass),  1.2238142e-05(s/step)

-- Write: DoF -- 
write: "/media/derick/DeoResearch/experiments/rocksalt3_ZrN_casm/mc_coarse_new_scel/cooling/mu_-0.5250_-0.5250_T_2000_20/conditions.79/final_state.json"

-- Write: Output files -- 
write: "/media/derick/DeoResearch/experiments/rocksalt3_ZrN_casm/mc_coarse_new_scel/cooling/mu_-0.5250_-0.5250_T_2000_20/results.json"
write: "/media/derick/DeoResearch/experiments/rocksalt3_ZrN_casm/mc_coarse_new_scel/cooling/mu_-0.5250_-0.5250_T_2000_20/conditions.79/conditions.json"


-- Set: Conditions -- 
T: 400
param_chem_pot: [ -0.525000000000 ]


-- Continue with existing DoF -- 

-- Write: DoF -- 
write: "/media/derick/DeoResearch/experiments/rocksalt3_ZrN_casm/mc_coarse_new_scel/cooling/mu_-0.5250_-0.5250_T_2000_20/conditions.80/initial_state.json"

-- Begin: Conditions 80 -- 

-- End: Conditions 80 -- 
run time: 16.439176 (s),  0.016439176 (s/pass),  1.2231529e-05(s/step)

-- Write: DoF -- 
write: "/media/derick/DeoResearch/experiments/rocksalt3_ZrN_casm/mc_coarse_new_scel/cooling/mu_-0.5250_-0.5250_T_2000_20/conditions.80/final_state.json"

-- Write: Output files -- 
write: "/media/derick/DeoResearch/experiments/rocksalt3_ZrN_casm/mc_coarse_new_scel/cooling/mu_-0.5250_-0.5250_T_2000_20/results.json"
write: "/media/derick/DeoResearch/experiments/rocksalt3_ZrN_casm/mc_coarse_new_scel/cooling/mu_-0.5250_-0.5250_T_2000_20/conditions.80/conditions.json"


-- Set: Conditions -- 
T: 380
param_chem_pot: [ -0.525000000000 ]


-- Continue with existing DoF -- 

-- Write: DoF -- 
write: "/media/derick/DeoResearch/experiments/rocksalt3_ZrN_casm/mc_coarse_new_scel/cooling/mu_-0.5250_-0.5250_T_2000_20/conditions.81/initial_state.json"

-- Begin: Conditions 81 -- 

-- End: Conditions 81 -- 
run time: 16.47592 (s),  0.01647592 (s/pass),  1.2258869e-05(s/step)

-- Write: DoF -- 
write: "/media/derick/DeoResearch/experiments/rocksalt3_ZrN_casm/mc_coarse_new_scel/cooling/mu_-0.5250_-0.5250_T_2000_20/conditions.81/final_state.json"

-- Write: Output files -- 
write: "/media/derick/DeoResearch/experiments/rocksalt3_ZrN_casm/mc_coarse_new_scel/cooling/mu_-0.5250_-0.5250_T_2000_20/results.json"
write: "/media/derick/DeoResearch/experiments/rocksalt3_ZrN_casm/mc_coarse_new_scel/cooling/mu_-0.5250_-0.5250_T_2000_20/conditions.81/conditions.json"


-- Set: Conditions -- 
T: 360
param_chem_pot: [ -0.525000000000 ]


-- Continue with existing DoF -- 

-- Write: DoF -- 
write: "/media/derick/DeoResearch/experiments/rocksalt3_ZrN_casm/mc_coarse_new_scel/cooling/mu_-0.5250_-0.5250_T_2000_20/conditions.82/initial_state.json"

-- Begin: Conditions 82 -- 

-- End: Conditions 82 -- 
run time: 16.428554 (s),  0.016428554 (s/pass),  1.2223627e-05(s/step)

-- Write: DoF -- 
write: "/media/derick/DeoResearch/experiments/rocksalt3_ZrN_casm/mc_coarse_new_scel/cooling/mu_-0.5250_-0.5250_T_2000_20/conditions.82/final_state.json"

-- Write: Output files -- 
write: "/media/derick/DeoResearch/experiments/rocksalt3_ZrN_casm/mc_coarse_new_scel/cooling/mu_-0.5250_-0.5250_T_2000_20/results.json"
write: "/media/derick/DeoResearch/experiments/rocksalt3_ZrN_casm/mc_coarse_new_scel/cooling/mu_-0.5250_-0.5250_T_2000_20/conditions.82/conditions.json"


-- Set: Conditions -- 
T: 340
param_chem_pot: [ -0.525000000000 ]


-- Continue with existing DoF -- 

-- Write: DoF -- 
write: "/media/derick/DeoResearch/experiments/rocksalt3_ZrN_casm/mc_coarse_new_scel/cooling/mu_-0.5250_-0.5250_T_2000_20/conditions.83/initial_state.json"

-- Begin: Conditions 83 -- 

-- End: Conditions 83 -- 
run time: 16.463631 (s),  0.016463631 (s/pass),  1.2249725e-05(s/step)

-- Write: DoF -- 
write: "/media/derick/DeoResearch/experiments/rocksalt3_ZrN_casm/mc_coarse_new_scel/cooling/mu_-0.5250_-0.5250_T_2000_20/conditions.83/final_state.json"

-- Write: Output files -- 
write: "/media/derick/DeoResearch/experiments/rocksalt3_ZrN_casm/mc_coarse_new_scel/cooling/mu_-0.5250_-0.5250_T_2000_20/results.json"
write: "/media/derick/DeoResearch/experiments/rocksalt3_ZrN_casm/mc_coarse_new_scel/cooling/mu_-0.5250_-0.5250_T_2000_20/conditions.83/conditions.json"


-- Set: Conditions -- 
T: 320
param_chem_pot: [ -0.525000000000 ]


-- Continue with existing DoF -- 

-- Write: DoF -- 
write: "/media/derick/DeoResearch/experiments/rocksalt3_ZrN_casm/mc_coarse_new_scel/cooling/mu_-0.5250_-0.5250_T_2000_20/conditions.84/initial_state.json"

-- Begin: Conditions 84 -- 

-- End: Conditions 84 -- 
run time: 16.441267 (s),  0.016441267 (s/pass),  1.2233085e-05(s/step)

-- Write: DoF -- 
write: "/media/derick/DeoResearch/experiments/rocksalt3_ZrN_casm/mc_coarse_new_scel/cooling/mu_-0.5250_-0.5250_T_2000_20/conditions.84/final_state.json"

-- Write: Output files -- 
write: "/media/derick/DeoResearch/experiments/rocksalt3_ZrN_casm/mc_coarse_new_scel/cooling/mu_-0.5250_-0.5250_T_2000_20/results.json"
write: "/media/derick/DeoResearch/experiments/rocksalt3_ZrN_casm/mc_coarse_new_scel/cooling/mu_-0.5250_-0.5250_T_2000_20/conditions.84/conditions.json"


-- Set: Conditions -- 
T: 300
param_chem_pot: [ -0.525000000000 ]


-- Continue with existing DoF -- 

-- Write: DoF -- 
write: "/media/derick/DeoResearch/experiments/rocksalt3_ZrN_casm/mc_coarse_new_scel/cooling/mu_-0.5250_-0.5250_T_2000_20/conditions.85/initial_state.json"

-- Begin: Conditions 85 -- 

-- End: Conditions 85 -- 
run time: 16.475338 (s),  0.016475338 (s/pass),  1.2258436e-05(s/step)

-- Write: DoF -- 
write: "/media/derick/DeoResearch/experiments/rocksalt3_ZrN_casm/mc_coarse_new_scel/cooling/mu_-0.5250_-0.5250_T_2000_20/conditions.85/final_state.json"

-- Write: Output files -- 
write: "/media/derick/DeoResearch/experiments/rocksalt3_ZrN_casm/mc_coarse_new_scel/cooling/mu_-0.5250_-0.5250_T_2000_20/results.json"
write: "/media/derick/DeoResearch/experiments/rocksalt3_ZrN_casm/mc_coarse_new_scel/cooling/mu_-0.5250_-0.5250_T_2000_20/conditions.85/conditions.json"


-- Set: Conditions -- 
T: 280
param_chem_pot: [ -0.525000000000 ]


-- Continue with existing DoF -- 

-- Write: DoF -- 
write: "/media/derick/DeoResearch/experiments/rocksalt3_ZrN_casm/mc_coarse_new_scel/cooling/mu_-0.5250_-0.5250_T_2000_20/conditions.86/initial_state.json"

-- Begin: Conditions 86 -- 

-- End: Conditions 86 -- 
run time: 16.424591 (s),  0.016424591 (s/pass),  1.2220678e-05(s/step)

-- Write: DoF -- 
write: "/media/derick/DeoResearch/experiments/rocksalt3_ZrN_casm/mc_coarse_new_scel/cooling/mu_-0.5250_-0.5250_T_2000_20/conditions.86/final_state.json"

-- Write: Output files -- 
write: "/media/derick/DeoResearch/experiments/rocksalt3_ZrN_casm/mc_coarse_new_scel/cooling/mu_-0.5250_-0.5250_T_2000_20/results.json"
write: "/media/derick/DeoResearch/experiments/rocksalt3_ZrN_casm/mc_coarse_new_scel/cooling/mu_-0.5250_-0.5250_T_2000_20/conditions.86/conditions.json"


-- Set: Conditions -- 
T: 260
param_chem_pot: [ -0.525000000000 ]


-- Continue with existing DoF -- 

-- Write: DoF -- 
write: "/media/derick/DeoResearch/experiments/rocksalt3_ZrN_casm/mc_coarse_new_scel/cooling/mu_-0.5250_-0.5250_T_2000_20/conditions.87/initial_state.json"

-- Begin: Conditions 87 -- 

-- End: Conditions 87 -- 
run time: 16.465588 (s),  0.016465588 (s/pass),  1.2251182e-05(s/step)

-- Write: DoF -- 
write: "/media/derick/DeoResearch/experiments/rocksalt3_ZrN_casm/mc_coarse_new_scel/cooling/mu_-0.5250_-0.5250_T_2000_20/conditions.87/final_state.json"

-- Write: Output files -- 
write: "/media/derick/DeoResearch/experiments/rocksalt3_ZrN_casm/mc_coarse_new_scel/cooling/mu_-0.5250_-0.5250_T_2000_20/results.json"
write: "/media/derick/DeoResearch/experiments/rocksalt3_ZrN_casm/mc_coarse_new_scel/cooling/mu_-0.5250_-0.5250_T_2000_20/conditions.87/conditions.json"


-- Set: Conditions -- 
T: 240
param_chem_pot: [ -0.525000000000 ]


-- Continue with existing DoF -- 

-- Write: DoF -- 
write: "/media/derick/DeoResearch/experiments/rocksalt3_ZrN_casm/mc_coarse_new_scel/cooling/mu_-0.5250_-0.5250_T_2000_20/conditions.88/initial_state.json"

-- Begin: Conditions 88 -- 

-- End: Conditions 88 -- 
run time: 16.442085 (s),  0.016442085 (s/pass),  1.2233694e-05(s/step)

-- Write: DoF -- 
write: "/media/derick/DeoResearch/experiments/rocksalt3_ZrN_casm/mc_coarse_new_scel/cooling/mu_-0.5250_-0.5250_T_2000_20/conditions.88/final_state.json"

-- Write: Output files -- 
write: "/media/derick/DeoResearch/experiments/rocksalt3_ZrN_casm/mc_coarse_new_scel/cooling/mu_-0.5250_-0.5250_T_2000_20/results.json"
write: "/media/derick/DeoResearch/experiments/rocksalt3_ZrN_casm/mc_coarse_new_scel/cooling/mu_-0.5250_-0.5250_T_2000_20/conditions.88/conditions.json"


-- Set: Conditions -- 
T: 220
param_chem_pot: [ -0.525000000000 ]


-- Continue with existing DoF -- 

-- Write: DoF -- 
write: "/media/derick/DeoResearch/experiments/rocksalt3_ZrN_casm/mc_coarse_new_scel/cooling/mu_-0.5250_-0.5250_T_2000_20/conditions.89/initial_state.json"

-- Begin: Conditions 89 -- 

-- End: Conditions 89 -- 
run time: 16.471192 (s),  0.016471192 (s/pass),  1.2255351e-05(s/step)

-- Write: DoF -- 
write: "/media/derick/DeoResearch/experiments/rocksalt3_ZrN_casm/mc_coarse_new_scel/cooling/mu_-0.5250_-0.5250_T_2000_20/conditions.89/final_state.json"

-- Write: Output files -- 
write: "/media/derick/DeoResearch/experiments/rocksalt3_ZrN_casm/mc_coarse_new_scel/cooling/mu_-0.5250_-0.5250_T_2000_20/results.json"
write: "/media/derick/DeoResearch/experiments/rocksalt3_ZrN_casm/mc_coarse_new_scel/cooling/mu_-0.5250_-0.5250_T_2000_20/conditions.89/conditions.json"


-- Set: Conditions -- 
T: 200
param_chem_pot: [ -0.525000000000 ]


-- Continue with existing DoF -- 

-- Write: DoF -- 
write: "/media/derick/DeoResearch/experiments/rocksalt3_ZrN_casm/mc_coarse_new_scel/cooling/mu_-0.5250_-0.5250_T_2000_20/conditions.90/initial_state.json"

-- Begin: Conditions 90 -- 

-- End: Conditions 90 -- 
run time: 16.45516 (s),  0.01645516 (s/pass),  1.2243423e-05(s/step)

-- Write: DoF -- 
write: "/media/derick/DeoResearch/experiments/rocksalt3_ZrN_casm/mc_coarse_new_scel/cooling/mu_-0.5250_-0.5250_T_2000_20/conditions.90/final_state.json"

-- Write: Output files -- 
write: "/media/derick/DeoResearch/experiments/rocksalt3_ZrN_casm/mc_coarse_new_scel/cooling/mu_-0.5250_-0.5250_T_2000_20/results.json"
write: "/media/derick/DeoResearch/experiments/rocksalt3_ZrN_casm/mc_coarse_new_scel/cooling/mu_-0.5250_-0.5250_T_2000_20/conditions.90/conditions.json"


-- Set: Conditions -- 
T: 180
param_chem_pot: [ -0.525000000000 ]


-- Continue with existing DoF -- 

-- Write: DoF -- 
write: "/media/derick/DeoResearch/experiments/rocksalt3_ZrN_casm/mc_coarse_new_scel/cooling/mu_-0.5250_-0.5250_T_2000_20/conditions.91/initial_state.json"

-- Begin: Conditions 91 -- 

-- End: Conditions 91 -- 
run time: 16.470729 (s),  0.016470729 (s/pass),  1.2255007e-05(s/step)

-- Write: DoF -- 
write: "/media/derick/DeoResearch/experiments/rocksalt3_ZrN_casm/mc_coarse_new_scel/cooling/mu_-0.5250_-0.5250_T_2000_20/conditions.91/final_state.json"

-- Write: Output files -- 
write: "/media/derick/DeoResearch/experiments/rocksalt3_ZrN_casm/mc_coarse_new_scel/cooling/mu_-0.5250_-0.5250_T_2000_20/results.json"
write: "/media/derick/DeoResearch/experiments/rocksalt3_ZrN_casm/mc_coarse_new_scel/cooling/mu_-0.5250_-0.5250_T_2000_20/conditions.91/conditions.json"


-- Set: Conditions -- 
T: 160
param_chem_pot: [ -0.525000000000 ]


-- Continue with existing DoF -- 

-- Write: DoF -- 
write: "/media/derick/DeoResearch/experiments/rocksalt3_ZrN_casm/mc_coarse_new_scel/cooling/mu_-0.5250_-0.5250_T_2000_20/conditions.92/initial_state.json"

-- Begin: Conditions 92 -- 

-- End: Conditions 92 -- 
run time: 16.435083 (s),  0.016435083 (s/pass),  1.2228484e-05(s/step)

-- Write: DoF -- 
write: "/media/derick/DeoResearch/experiments/rocksalt3_ZrN_casm/mc_coarse_new_scel/cooling/mu_-0.5250_-0.5250_T_2000_20/conditions.92/final_state.json"

-- Write: Output files -- 
write: "/media/derick/DeoResearch/experiments/rocksalt3_ZrN_casm/mc_coarse_new_scel/cooling/mu_-0.5250_-0.5250_T_2000_20/results.json"
write: "/media/derick/DeoResearch/experiments/rocksalt3_ZrN_casm/mc_coarse_new_scel/cooling/mu_-0.5250_-0.5250_T_2000_20/conditions.92/conditions.json"


-- Set: Conditions -- 
T: 140
param_chem_pot: [ -0.525000000000 ]


-- Continue with existing DoF -- 

-- Write: DoF -- 
write: "/media/derick/DeoResearch/experiments/rocksalt3_ZrN_casm/mc_coarse_new_scel/cooling/mu_-0.5250_-0.5250_T_2000_20/conditions.93/initial_state.json"

-- Begin: Conditions 93 -- 

-- End: Conditions 93 -- 
run time: 16.470589 (s),  0.016470589 (s/pass),  1.2254903e-05(s/step)

-- Write: DoF -- 
write: "/media/derick/DeoResearch/experiments/rocksalt3_ZrN_casm/mc_coarse_new_scel/cooling/mu_-0.5250_-0.5250_T_2000_20/conditions.93/final_state.json"

-- Write: Output files -- 
write: "/media/derick/DeoResearch/experiments/rocksalt3_ZrN_casm/mc_coarse_new_scel/cooling/mu_-0.5250_-0.5250_T_2000_20/results.json"
write: "/media/derick/DeoResearch/experiments/rocksalt3_ZrN_casm/mc_coarse_new_scel/cooling/mu_-0.5250_-0.5250_T_2000_20/conditions.93/conditions.json"


-- Set: Conditions -- 
T: 120
param_chem_pot: [ -0.525000000000 ]


-- Continue with existing DoF -- 

-- Write: DoF -- 
write: "/media/derick/DeoResearch/experiments/rocksalt3_ZrN_casm/mc_coarse_new_scel/cooling/mu_-0.5250_-0.5250_T_2000_20/conditions.94/initial_state.json"

-- Begin: Conditions 94 -- 

-- End: Conditions 94 -- 
run time: 16.445378 (s),  0.016445378 (s/pass),  1.2236144e-05(s/step)

-- Write: DoF -- 
write: "/media/derick/DeoResearch/experiments/rocksalt3_ZrN_casm/mc_coarse_new_scel/cooling/mu_-0.5250_-0.5250_T_2000_20/conditions.94/final_state.json"

-- Write: Output files -- 
write: "/media/derick/DeoResearch/experiments/rocksalt3_ZrN_casm/mc_coarse_new_scel/cooling/mu_-0.5250_-0.5250_T_2000_20/results.json"
write: "/media/derick/DeoResearch/experiments/rocksalt3_ZrN_casm/mc_coarse_new_scel/cooling/mu_-0.5250_-0.5250_T_2000_20/conditions.94/conditions.json"


-- Set: Conditions -- 
T: 100
param_chem_pot: [ -0.525000000000 ]


-- Continue with existing DoF -- 

-- Write: DoF -- 
write: "/media/derick/DeoResearch/experiments/rocksalt3_ZrN_casm/mc_coarse_new_scel/cooling/mu_-0.5250_-0.5250_T_2000_20/conditions.95/initial_state.json"

-- Begin: Conditions 95 -- 

-- End: Conditions 95 -- 
run time: 16.485394 (s),  0.016485394 (s/pass),  1.2265918e-05(s/step)

-- Write: DoF -- 
write: "/media/derick/DeoResearch/experiments/rocksalt3_ZrN_casm/mc_coarse_new_scel/cooling/mu_-0.5250_-0.5250_T_2000_20/conditions.95/final_state.json"

-- Write: Output files -- 
write: "/media/derick/DeoResearch/experiments/rocksalt3_ZrN_casm/mc_coarse_new_scel/cooling/mu_-0.5250_-0.5250_T_2000_20/results.json"
write: "/media/derick/DeoResearch/experiments/rocksalt3_ZrN_casm/mc_coarse_new_scel/cooling/mu_-0.5250_-0.5250_T_2000_20/conditions.95/conditions.json"


-- Set: Conditions -- 
T: 80
param_chem_pot: [ -0.525000000000 ]


-- Continue with existing DoF -- 

-- Write: DoF -- 
write: "/media/derick/DeoResearch/experiments/rocksalt3_ZrN_casm/mc_coarse_new_scel/cooling/mu_-0.5250_-0.5250_T_2000_20/conditions.96/initial_state.json"

-- Begin: Conditions 96 -- 

-- End: Conditions 96 -- 
run time: 16.421781 (s),  0.016421781 (s/pass),  1.2218587e-05(s/step)

-- Write: DoF -- 
write: "/media/derick/DeoResearch/experiments/rocksalt3_ZrN_casm/mc_coarse_new_scel/cooling/mu_-0.5250_-0.5250_T_2000_20/conditions.96/final_state.json"

-- Write: Output files -- 
write: "/media/derick/DeoResearch/experiments/rocksalt3_ZrN_casm/mc_coarse_new_scel/cooling/mu_-0.5250_-0.5250_T_2000_20/results.json"
write: "/media/derick/DeoResearch/experiments/rocksalt3_ZrN_casm/mc_coarse_new_scel/cooling/mu_-0.5250_-0.5250_T_2000_20/conditions.96/conditions.json"


-- Set: Conditions -- 
T: 60
param_chem_pot: [ -0.525000000000 ]


-- Continue with existing DoF -- 

-- Write: DoF -- 
write: "/media/derick/DeoResearch/experiments/rocksalt3_ZrN_casm/mc_coarse_new_scel/cooling/mu_-0.5250_-0.5250_T_2000_20/conditions.97/initial_state.json"

-- Begin: Conditions 97 -- 

-- End: Conditions 97 -- 
run time: 16.481257 (s),  0.016481257 (s/pass),  1.226284e-05(s/step)

-- Write: DoF -- 
write: "/media/derick/DeoResearch/experiments/rocksalt3_ZrN_casm/mc_coarse_new_scel/cooling/mu_-0.5250_-0.5250_T_2000_20/conditions.97/final_state.json"

-- Write: Output files -- 
write: "/media/derick/DeoResearch/experiments/rocksalt3_ZrN_casm/mc_coarse_new_scel/cooling/mu_-0.5250_-0.5250_T_2000_20/results.json"
write: "/media/derick/DeoResearch/experiments/rocksalt3_ZrN_casm/mc_coarse_new_scel/cooling/mu_-0.5250_-0.5250_T_2000_20/conditions.97/conditions.json"


-- Set: Conditions -- 
T: 40
param_chem_pot: [ -0.525000000000 ]


-- Continue with existing DoF -- 

-- Write: DoF -- 
write: "/media/derick/DeoResearch/experiments/rocksalt3_ZrN_casm/mc_coarse_new_scel/cooling/mu_-0.5250_-0.5250_T_2000_20/conditions.98/initial_state.json"

-- Begin: Conditions 98 -- 

-- End: Conditions 98 -- 
run time: 16.456464 (s),  0.016456464 (s/pass),  1.2244393e-05(s/step)

-- Write: DoF -- 
write: "/media/derick/DeoResearch/experiments/rocksalt3_ZrN_casm/mc_coarse_new_scel/cooling/mu_-0.5250_-0.5250_T_2000_20/conditions.98/final_state.json"

-- Write: Output files -- 
write: "/media/derick/DeoResearch/experiments/rocksalt3_ZrN_casm/mc_coarse_new_scel/cooling/mu_-0.5250_-0.5250_T_2000_20/results.json"
write: "/media/derick/DeoResearch/experiments/rocksalt3_ZrN_casm/mc_coarse_new_scel/cooling/mu_-0.5250_-0.5250_T_2000_20/conditions.98/conditions.json"


-- Set: Conditions -- 
T: 20
param_chem_pot: [ -0.525000000000 ]


-- Continue with existing DoF -- 

-- Write: DoF -- 
write: "/media/derick/DeoResearch/experiments/rocksalt3_ZrN_casm/mc_coarse_new_scel/cooling/mu_-0.5250_-0.5250_T_2000_20/conditions.99/initial_state.json"

-- Begin: Conditions 99 -- 

-- End: Conditions 99 -- 
run time: 16.472263 (s),  0.016472263 (s/pass),  1.2256148e-05(s/step)

-- Write: DoF -- 
write: "/media/derick/DeoResearch/experiments/rocksalt3_ZrN_casm/mc_coarse_new_scel/cooling/mu_-0.5250_-0.5250_T_2000_20/conditions.99/final_state.json"

-- Write: Output files -- 
write: "/media/derick/DeoResearch/experiments/rocksalt3_ZrN_casm/mc_coarse_new_scel/cooling/mu_-0.5250_-0.5250_T_2000_20/results.json"
write: "/media/derick/DeoResearch/experiments/rocksalt3_ZrN_casm/mc_coarse_new_scel/cooling/mu_-0.5250_-0.5250_T_2000_20/conditions.99/conditions.json"


