-- Read: Monte Carlo settings -- 
from: "/media/derick/DeoResearch/experiments/rocksalt3_ZrN_casm/mc_coarse_new_scel/heating/mu_0.2500_0.2500_T_20_2000/mc_settings.json"
ensemble: GrandCanonical
method: Metropolis

-- Compiling: /media/derick/DeoResearch/experiments/rocksalt3_ZrN_casm/basis_sets/bset.default/rocksalt_ZrN_casm_1_1_2_Clexulator.cc -- 
compile time depends on how many basis functions are included
compile time: 0.000599895 (s)

-- Construct: Grand Canonical Monte Carlo -- 
project: "/media/derick/DeoResearch/experiments/rocksalt3_ZrN_casm"
formation_energy cluster expansion: formation_energy
      property: formation_energy
      calctype: default
           ref: default
          bset: default
           eci: default
supercell: 
 -4   4 -20
 -4   0  24
  6   4   4
use_deltas: false

Sampling: 
                quantity     requested_precision
            atom_frac(N)                    none
           atom_frac(Zr)                    none
                 comp(a)                   0.001
               comp_n(N)                    none
              comp_n(Va)                    none
              comp_n(Zr)                    none
        formation_energy                    none
        potential_energy                    none
            site_frac(N)                    none
           site_frac(Va)                    none
           site_frac(Zr)                    none

automatic convergence mode?: true

-- Check: For existing calculations -- 
did not find existing calculations

-- Set: Conditions -- 
T: 20
param_chem_pot: [ 0.250000000000 ]

-- Set: DoF -- 
motif configname: default
using configuration with default occupation...

-- Set: DoF -- 
motif configname: auto
searching for minimum potential energy motif...
using conditions: 
T: 20
param_chem_pot: [ 0.250000000000 ]

using: SCEL6_3_2_1_0_1_2/0 with potential energy: -0.29047705

-- Set: Conditions -- 
T: 20
param_chem_pot: [ 0.250000000000 ]


-- Continue with existing DoF -- 

-- Write: DoF -- 
write: "/media/derick/DeoResearch/experiments/rocksalt3_ZrN_casm/mc_coarse_new_scel/heating/mu_0.2500_0.2500_T_20_2000/conditions.0/initial_state.json"

-- Begin: Conditions 0 -- 

-- End: Conditions 0 -- 
run time: 16.740528 (s),  0.016740528 (s/pass),  1.245575e-05(s/step)

-- Write: DoF -- 
write: "/media/derick/DeoResearch/experiments/rocksalt3_ZrN_casm/mc_coarse_new_scel/heating/mu_0.2500_0.2500_T_20_2000/conditions.0/final_state.json"

-- Write: Output files -- 
write: "/media/derick/DeoResearch/experiments/rocksalt3_ZrN_casm/mc_coarse_new_scel/heating/mu_0.2500_0.2500_T_20_2000/results.json"
write: "/media/derick/DeoResearch/experiments/rocksalt3_ZrN_casm/mc_coarse_new_scel/heating/mu_0.2500_0.2500_T_20_2000/conditions.0/conditions.json"


-- Set: Conditions -- 
T: 40
param_chem_pot: [ 0.250000000000 ]


-- Continue with existing DoF -- 

-- Write: DoF -- 
write: "/media/derick/DeoResearch/experiments/rocksalt3_ZrN_casm/mc_coarse_new_scel/heating/mu_0.2500_0.2500_T_20_2000/conditions.1/initial_state.json"

-- Begin: Conditions 1 -- 

-- End: Conditions 1 -- 
run time: 16.718806 (s),  0.016718806 (s/pass),  1.2439587e-05(s/step)

-- Write: DoF -- 
write: "/media/derick/DeoResearch/experiments/rocksalt3_ZrN_casm/mc_coarse_new_scel/heating/mu_0.2500_0.2500_T_20_2000/conditions.1/final_state.json"

-- Write: Output files -- 
write: "/media/derick/DeoResearch/experiments/rocksalt3_ZrN_casm/mc_coarse_new_scel/heating/mu_0.2500_0.2500_T_20_2000/results.json"
write: "/media/derick/DeoResearch/experiments/rocksalt3_ZrN_casm/mc_coarse_new_scel/heating/mu_0.2500_0.2500_T_20_2000/conditions.1/conditions.json"


-- Set: Conditions -- 
T: 60
param_chem_pot: [ 0.250000000000 ]


-- Continue with existing DoF -- 

-- Write: DoF -- 
write: "/media/derick/DeoResearch/experiments/rocksalt3_ZrN_casm/mc_coarse_new_scel/heating/mu_0.2500_0.2500_T_20_2000/conditions.2/initial_state.json"

-- Begin: Conditions 2 -- 

-- End: Conditions 2 -- 
run time: 16.713 (s),  0.016713 (s/pass),  1.2435268e-05(s/step)

-- Write: DoF -- 
write: "/media/derick/DeoResearch/experiments/rocksalt3_ZrN_casm/mc_coarse_new_scel/heating/mu_0.2500_0.2500_T_20_2000/conditions.2/final_state.json"

-- Write: Output files -- 
write: "/media/derick/DeoResearch/experiments/rocksalt3_ZrN_casm/mc_coarse_new_scel/heating/mu_0.2500_0.2500_T_20_2000/results.json"
write: "/media/derick/DeoResearch/experiments/rocksalt3_ZrN_casm/mc_coarse_new_scel/heating/mu_0.2500_0.2500_T_20_2000/conditions.2/conditions.json"


-- Set: Conditions -- 
T: 80
param_chem_pot: [ 0.250000000000 ]


-- Continue with existing DoF -- 

-- Write: DoF -- 
write: "/media/derick/DeoResearch/experiments/rocksalt3_ZrN_casm/mc_coarse_new_scel/heating/mu_0.2500_0.2500_T_20_2000/conditions.3/initial_state.json"

-- Begin: Conditions 3 -- 

-- End: Conditions 3 -- 
run time: 16.732411 (s),  0.016732411 (s/pass),  1.244971e-05(s/step)

-- Write: DoF -- 
write: "/media/derick/DeoResearch/experiments/rocksalt3_ZrN_casm/mc_coarse_new_scel/heating/mu_0.2500_0.2500_T_20_2000/conditions.3/final_state.json"

-- Write: Output files -- 
write: "/media/derick/DeoResearch/experiments/rocksalt3_ZrN_casm/mc_coarse_new_scel/heating/mu_0.2500_0.2500_T_20_2000/results.json"
write: "/media/derick/DeoResearch/experiments/rocksalt3_ZrN_casm/mc_coarse_new_scel/heating/mu_0.2500_0.2500_T_20_2000/conditions.3/conditions.json"


-- Set: Conditions -- 
T: 100
param_chem_pot: [ 0.250000000000 ]


-- Continue with existing DoF -- 

-- Write: DoF -- 
write: "/media/derick/DeoResearch/experiments/rocksalt3_ZrN_casm/mc_coarse_new_scel/heating/mu_0.2500_0.2500_T_20_2000/conditions.4/initial_state.json"

-- Begin: Conditions 4 -- 

-- End: Conditions 4 -- 
run time: 16.772435 (s),  0.016772435 (s/pass),  1.2479491e-05(s/step)

-- Write: DoF -- 
write: "/media/derick/DeoResearch/experiments/rocksalt3_ZrN_casm/mc_coarse_new_scel/heating/mu_0.2500_0.2500_T_20_2000/conditions.4/final_state.json"

-- Write: Output files -- 
write: "/media/derick/DeoResearch/experiments/rocksalt3_ZrN_casm/mc_coarse_new_scel/heating/mu_0.2500_0.2500_T_20_2000/results.json"
write: "/media/derick/DeoResearch/experiments/rocksalt3_ZrN_casm/mc_coarse_new_scel/heating/mu_0.2500_0.2500_T_20_2000/conditions.4/conditions.json"


-- Set: Conditions -- 
T: 120
param_chem_pot: [ 0.250000000000 ]


-- Continue with existing DoF -- 

-- Write: DoF -- 
write: "/media/derick/DeoResearch/experiments/rocksalt3_ZrN_casm/mc_coarse_new_scel/heating/mu_0.2500_0.2500_T_20_2000/conditions.5/initial_state.json"

-- Begin: Conditions 5 -- 

-- End: Conditions 5 -- 
run time: 16.754176 (s),  0.016754176 (s/pass),  1.2465905e-05(s/step)

-- Write: DoF -- 
write: "/media/derick/DeoResearch/experiments/rocksalt3_ZrN_casm/mc_coarse_new_scel/heating/mu_0.2500_0.2500_T_20_2000/conditions.5/final_state.json"

-- Write: Output files -- 
write: "/media/derick/DeoResearch/experiments/rocksalt3_ZrN_casm/mc_coarse_new_scel/heating/mu_0.2500_0.2500_T_20_2000/results.json"
write: "/media/derick/DeoResearch/experiments/rocksalt3_ZrN_casm/mc_coarse_new_scel/heating/mu_0.2500_0.2500_T_20_2000/conditions.5/conditions.json"


-- Set: Conditions -- 
T: 140
param_chem_pot: [ 0.250000000000 ]


-- Continue with existing DoF -- 

-- Write: DoF -- 
write: "/media/derick/DeoResearch/experiments/rocksalt3_ZrN_casm/mc_coarse_new_scel/heating/mu_0.2500_0.2500_T_20_2000/conditions.6/initial_state.json"

-- Begin: Conditions 6 -- 

-- End: Conditions 6 -- 
run time: 16.765597 (s),  0.016765597 (s/pass),  1.2474402e-05(s/step)

-- Write: DoF -- 
write: "/media/derick/DeoResearch/experiments/rocksalt3_ZrN_casm/mc_coarse_new_scel/heating/mu_0.2500_0.2500_T_20_2000/conditions.6/final_state.json"

-- Write: Output files -- 
write: "/media/derick/DeoResearch/experiments/rocksalt3_ZrN_casm/mc_coarse_new_scel/heating/mu_0.2500_0.2500_T_20_2000/results.json"
write: "/media/derick/DeoResearch/experiments/rocksalt3_ZrN_casm/mc_coarse_new_scel/heating/mu_0.2500_0.2500_T_20_2000/conditions.6/conditions.json"


-- Set: Conditions -- 
T: 160
param_chem_pot: [ 0.250000000000 ]


-- Continue with existing DoF -- 

-- Write: DoF -- 
write: "/media/derick/DeoResearch/experiments/rocksalt3_ZrN_casm/mc_coarse_new_scel/heating/mu_0.2500_0.2500_T_20_2000/conditions.7/initial_state.json"

-- Begin: Conditions 7 -- 

-- End: Conditions 7 -- 
run time: 16.756595 (s),  0.016756595 (s/pass),  1.2467704e-05(s/step)

-- Write: DoF -- 
write: "/media/derick/DeoResearch/experiments/rocksalt3_ZrN_casm/mc_coarse_new_scel/heating/mu_0.2500_0.2500_T_20_2000/conditions.7/final_state.json"

-- Write: Output files -- 
write: "/media/derick/DeoResearch/experiments/rocksalt3_ZrN_casm/mc_coarse_new_scel/heating/mu_0.2500_0.2500_T_20_2000/results.json"
write: "/media/derick/DeoResearch/experiments/rocksalt3_ZrN_casm/mc_coarse_new_scel/heating/mu_0.2500_0.2500_T_20_2000/conditions.7/conditions.json"


-- Set: Conditions -- 
T: 180
param_chem_pot: [ 0.250000000000 ]


-- Continue with existing DoF -- 

-- Write: DoF -- 
write: "/media/derick/DeoResearch/experiments/rocksalt3_ZrN_casm/mc_coarse_new_scel/heating/mu_0.2500_0.2500_T_20_2000/conditions.8/initial_state.json"

-- Begin: Conditions 8 -- 

-- End: Conditions 8 -- 
run time: 16.762853 (s),  0.016762853 (s/pass),  1.2472361e-05(s/step)

-- Write: DoF -- 
write: "/media/derick/DeoResearch/experiments/rocksalt3_ZrN_casm/mc_coarse_new_scel/heating/mu_0.2500_0.2500_T_20_2000/conditions.8/final_state.json"

-- Write: Output files -- 
write: "/media/derick/DeoResearch/experiments/rocksalt3_ZrN_casm/mc_coarse_new_scel/heating/mu_0.2500_0.2500_T_20_2000/results.json"
write: "/media/derick/DeoResearch/experiments/rocksalt3_ZrN_casm/mc_coarse_new_scel/heating/mu_0.2500_0.2500_T_20_2000/conditions.8/conditions.json"


-- Set: Conditions -- 
T: 200
param_chem_pot: [ 0.250000000000 ]


-- Continue with existing DoF -- 

-- Write: DoF -- 
write: "/media/derick/DeoResearch/experiments/rocksalt3_ZrN_casm/mc_coarse_new_scel/heating/mu_0.2500_0.2500_T_20_2000/conditions.9/initial_state.json"

-- Begin: Conditions 9 -- 

-- End: Conditions 9 -- 
run time: 16.722447 (s),  0.016722447 (s/pass),  1.2442297e-05(s/step)

-- Write: DoF -- 
write: "/media/derick/DeoResearch/experiments/rocksalt3_ZrN_casm/mc_coarse_new_scel/heating/mu_0.2500_0.2500_T_20_2000/conditions.9/final_state.json"

-- Write: Output files -- 
write: "/media/derick/DeoResearch/experiments/rocksalt3_ZrN_casm/mc_coarse_new_scel/heating/mu_0.2500_0.2500_T_20_2000/results.json"
write: "/media/derick/DeoResearch/experiments/rocksalt3_ZrN_casm/mc_coarse_new_scel/heating/mu_0.2500_0.2500_T_20_2000/conditions.9/conditions.json"


-- Set: Conditions -- 
T: 220
param_chem_pot: [ 0.250000000000 ]


-- Continue with existing DoF -- 

-- Write: DoF -- 
write: "/media/derick/DeoResearch/experiments/rocksalt3_ZrN_casm/mc_coarse_new_scel/heating/mu_0.2500_0.2500_T_20_2000/conditions.10/initial_state.json"

-- Begin: Conditions 10 -- 

-- End: Conditions 10 -- 
run time: 16.771138 (s),  0.016771138 (s/pass),  1.2478525e-05(s/step)

-- Write: DoF -- 
write: "/media/derick/DeoResearch/experiments/rocksalt3_ZrN_casm/mc_coarse_new_scel/heating/mu_0.2500_0.2500_T_20_2000/conditions.10/final_state.json"

-- Write: Output files -- 
write: "/media/derick/DeoResearch/experiments/rocksalt3_ZrN_casm/mc_coarse_new_scel/heating/mu_0.2500_0.2500_T_20_2000/results.json"
write: "/media/derick/DeoResearch/experiments/rocksalt3_ZrN_casm/mc_coarse_new_scel/heating/mu_0.2500_0.2500_T_20_2000/conditions.10/conditions.json"


-- Set: Conditions -- 
T: 240
param_chem_pot: [ 0.250000000000 ]


-- Continue with existing DoF -- 

-- Write: DoF -- 
write: "/media/derick/DeoResearch/experiments/rocksalt3_ZrN_casm/mc_coarse_new_scel/heating/mu_0.2500_0.2500_T_20_2000/conditions.11/initial_state.json"

-- Begin: Conditions 11 -- 

-- End: Conditions 11 -- 
run time: 16.736246 (s),  0.016736246 (s/pass),  1.2452564e-05(s/step)

-- Write: DoF -- 
write: "/media/derick/DeoResearch/experiments/rocksalt3_ZrN_casm/mc_coarse_new_scel/heating/mu_0.2500_0.2500_T_20_2000/conditions.11/final_state.json"

-- Write: Output files -- 
write: "/media/derick/DeoResearch/experiments/rocksalt3_ZrN_casm/mc_coarse_new_scel/heating/mu_0.2500_0.2500_T_20_2000/results.json"
write: "/media/derick/DeoResearch/experiments/rocksalt3_ZrN_casm/mc_coarse_new_scel/heating/mu_0.2500_0.2500_T_20_2000/conditions.11/conditions.json"


-- Set: Conditions -- 
T: 260
param_chem_pot: [ 0.250000000000 ]


-- Continue with existing DoF -- 

-- Write: DoF -- 
write: "/media/derick/DeoResearch/experiments/rocksalt3_ZrN_casm/mc_coarse_new_scel/heating/mu_0.2500_0.2500_T_20_2000/conditions.12/initial_state.json"

-- Begin: Conditions 12 -- 

-- End: Conditions 12 -- 
run time: 17.008039 (s),  0.017008039 (s/pass),  1.2654791e-05(s/step)

-- Write: DoF -- 
write: "/media/derick/DeoResearch/experiments/rocksalt3_ZrN_casm/mc_coarse_new_scel/heating/mu_0.2500_0.2500_T_20_2000/conditions.12/final_state.json"

-- Write: Output files -- 
write: "/media/derick/DeoResearch/experiments/rocksalt3_ZrN_casm/mc_coarse_new_scel/heating/mu_0.2500_0.2500_T_20_2000/results.json"
write: "/media/derick/DeoResearch/experiments/rocksalt3_ZrN_casm/mc_coarse_new_scel/heating/mu_0.2500_0.2500_T_20_2000/conditions.12/conditions.json"


-- Set: Conditions -- 
T: 280
param_chem_pot: [ 0.250000000000 ]


-- Continue with existing DoF -- 

-- Write: DoF -- 
write: "/media/derick/DeoResearch/experiments/rocksalt3_ZrN_casm/mc_coarse_new_scel/heating/mu_0.2500_0.2500_T_20_2000/conditions.13/initial_state.json"

-- Begin: Conditions 13 -- 

-- End: Conditions 13 -- 
run time: 16.721995 (s),  0.016721995 (s/pass),  1.2441961e-05(s/step)

-- Write: DoF -- 
write: "/media/derick/DeoResearch/experiments/rocksalt3_ZrN_casm/mc_coarse_new_scel/heating/mu_0.2500_0.2500_T_20_2000/conditions.13/final_state.json"

-- Write: Output files -- 
write: "/media/derick/DeoResearch/experiments/rocksalt3_ZrN_casm/mc_coarse_new_scel/heating/mu_0.2500_0.2500_T_20_2000/results.json"
write: "/media/derick/DeoResearch/experiments/rocksalt3_ZrN_casm/mc_coarse_new_scel/heating/mu_0.2500_0.2500_T_20_2000/conditions.13/conditions.json"


-- Set: Conditions -- 
T: 300
param_chem_pot: [ 0.250000000000 ]


-- Continue with existing DoF -- 

-- Write: DoF -- 
write: "/media/derick/DeoResearch/experiments/rocksalt3_ZrN_casm/mc_coarse_new_scel/heating/mu_0.2500_0.2500_T_20_2000/conditions.14/initial_state.json"

-- Begin: Conditions 14 -- 

-- End: Conditions 14 -- 
run time: 21.681084 (s),  0.021681084 (s/pass),  1.6131759e-05(s/step)

-- Write: DoF -- 
write: "/media/derick/DeoResearch/experiments/rocksalt3_ZrN_casm/mc_coarse_new_scel/heating/mu_0.2500_0.2500_T_20_2000/conditions.14/final_state.json"

-- Write: Output files -- 
write: "/media/derick/DeoResearch/experiments/rocksalt3_ZrN_casm/mc_coarse_new_scel/heating/mu_0.2500_0.2500_T_20_2000/results.json"
write: "/media/derick/DeoResearch/experiments/rocksalt3_ZrN_casm/mc_coarse_new_scel/heating/mu_0.2500_0.2500_T_20_2000/conditions.14/conditions.json"


-- Set: Conditions -- 
T: 320
param_chem_pot: [ 0.250000000000 ]


-- Continue with existing DoF -- 

-- Write: DoF -- 
write: "/media/derick/DeoResearch/experiments/rocksalt3_ZrN_casm/mc_coarse_new_scel/heating/mu_0.2500_0.2500_T_20_2000/conditions.15/initial_state.json"

-- Begin: Conditions 15 -- 

-- End: Conditions 15 -- 
run time: 25.331844 (s),  0.025331844 (s/pass),  1.8848098e-05(s/step)

-- Write: DoF -- 
write: "/media/derick/DeoResearch/experiments/rocksalt3_ZrN_casm/mc_coarse_new_scel/heating/mu_0.2500_0.2500_T_20_2000/conditions.15/final_state.json"

-- Write: Output files -- 
write: "/media/derick/DeoResearch/experiments/rocksalt3_ZrN_casm/mc_coarse_new_scel/heating/mu_0.2500_0.2500_T_20_2000/results.json"
write: "/media/derick/DeoResearch/experiments/rocksalt3_ZrN_casm/mc_coarse_new_scel/heating/mu_0.2500_0.2500_T_20_2000/conditions.15/conditions.json"


-- Set: Conditions -- 
T: 340
param_chem_pot: [ 0.250000000000 ]


-- Continue with existing DoF -- 

-- Write: DoF -- 
write: "/media/derick/DeoResearch/experiments/rocksalt3_ZrN_casm/mc_coarse_new_scel/heating/mu_0.2500_0.2500_T_20_2000/conditions.16/initial_state.json"

-- Begin: Conditions 16 -- 

-- End: Conditions 16 -- 
run time: 25.38746 (s),  0.02538746 (s/pass),  1.8889479e-05(s/step)

-- Write: DoF -- 
write: "/media/derick/DeoResearch/experiments/rocksalt3_ZrN_casm/mc_coarse_new_scel/heating/mu_0.2500_0.2500_T_20_2000/conditions.16/final_state.json"

-- Write: Output files -- 
write: "/media/derick/DeoResearch/experiments/rocksalt3_ZrN_casm/mc_coarse_new_scel/heating/mu_0.2500_0.2500_T_20_2000/results.json"
write: "/media/derick/DeoResearch/experiments/rocksalt3_ZrN_casm/mc_coarse_new_scel/heating/mu_0.2500_0.2500_T_20_2000/conditions.16/conditions.json"


-- Set: Conditions -- 
T: 360
param_chem_pot: [ 0.250000000000 ]


-- Continue with existing DoF -- 

-- Write: DoF -- 
write: "/media/derick/DeoResearch/experiments/rocksalt3_ZrN_casm/mc_coarse_new_scel/heating/mu_0.2500_0.2500_T_20_2000/conditions.17/initial_state.json"

-- Begin: Conditions 17 -- 

-- End: Conditions 17 -- 
run time: 18.150432 (s),  0.018150432 (s/pass),  1.3504786e-05(s/step)

-- Write: DoF -- 
write: "/media/derick/DeoResearch/experiments/rocksalt3_ZrN_casm/mc_coarse_new_scel/heating/mu_0.2500_0.2500_T_20_2000/conditions.17/final_state.json"

-- Write: Output files -- 
write: "/media/derick/DeoResearch/experiments/rocksalt3_ZrN_casm/mc_coarse_new_scel/heating/mu_0.2500_0.2500_T_20_2000/results.json"
write: "/media/derick/DeoResearch/experiments/rocksalt3_ZrN_casm/mc_coarse_new_scel/heating/mu_0.2500_0.2500_T_20_2000/conditions.17/conditions.json"


-- Set: Conditions -- 
T: 380
param_chem_pot: [ 0.250000000000 ]


-- Continue with existing DoF -- 

-- Write: DoF -- 
write: "/media/derick/DeoResearch/experiments/rocksalt3_ZrN_casm/mc_coarse_new_scel/heating/mu_0.2500_0.2500_T_20_2000/conditions.18/initial_state.json"

-- Begin: Conditions 18 -- 

-- End: Conditions 18 -- 
run time: 24.141893 (s),  0.024141893 (s/pass),  1.7962718e-05(s/step)

-- Write: DoF -- 
write: "/media/derick/DeoResearch/experiments/rocksalt3_ZrN_casm/mc_coarse_new_scel/heating/mu_0.2500_0.2500_T_20_2000/conditions.18/final_state.json"

-- Write: Output files -- 
write: "/media/derick/DeoResearch/experiments/rocksalt3_ZrN_casm/mc_coarse_new_scel/heating/mu_0.2500_0.2500_T_20_2000/results.json"
write: "/media/derick/DeoResearch/experiments/rocksalt3_ZrN_casm/mc_coarse_new_scel/heating/mu_0.2500_0.2500_T_20_2000/conditions.18/conditions.json"


-- Set: Conditions -- 
T: 400
param_chem_pot: [ 0.250000000000 ]


-- Continue with existing DoF -- 

-- Write: DoF -- 
write: "/media/derick/DeoResearch/experiments/rocksalt3_ZrN_casm/mc_coarse_new_scel/heating/mu_0.2500_0.2500_T_20_2000/conditions.19/initial_state.json"

-- Begin: Conditions 19 -- 

-- End: Conditions 19 -- 
run time: 25.331273 (s),  0.025331273 (s/pass),  1.8847673e-05(s/step)

-- Write: DoF -- 
write: "/media/derick/DeoResearch/experiments/rocksalt3_ZrN_casm/mc_coarse_new_scel/heating/mu_0.2500_0.2500_T_20_2000/conditions.19/final_state.json"

-- Write: Output files -- 
write: "/media/derick/DeoResearch/experiments/rocksalt3_ZrN_casm/mc_coarse_new_scel/heating/mu_0.2500_0.2500_T_20_2000/results.json"
write: "/media/derick/DeoResearch/experiments/rocksalt3_ZrN_casm/mc_coarse_new_scel/heating/mu_0.2500_0.2500_T_20_2000/conditions.19/conditions.json"


-- Set: Conditions -- 
T: 420
param_chem_pot: [ 0.250000000000 ]


-- Continue with existing DoF -- 

-- Write: DoF -- 
write: "/media/derick/DeoResearch/experiments/rocksalt3_ZrN_casm/mc_coarse_new_scel/heating/mu_0.2500_0.2500_T_20_2000/conditions.20/initial_state.json"

-- Begin: Conditions 20 -- 

-- End: Conditions 20 -- 
run time: 25.378231 (s),  0.025378231 (s/pass),  1.8882613e-05(s/step)

-- Write: DoF -- 
write: "/media/derick/DeoResearch/experiments/rocksalt3_ZrN_casm/mc_coarse_new_scel/heating/mu_0.2500_0.2500_T_20_2000/conditions.20/final_state.json"

-- Write: Output files -- 
write: "/media/derick/DeoResearch/experiments/rocksalt3_ZrN_casm/mc_coarse_new_scel/heating/mu_0.2500_0.2500_T_20_2000/results.json"
write: "/media/derick/DeoResearch/experiments/rocksalt3_ZrN_casm/mc_coarse_new_scel/heating/mu_0.2500_0.2500_T_20_2000/conditions.20/conditions.json"


-- Set: Conditions -- 
T: 440
param_chem_pot: [ 0.250000000000 ]


-- Continue with existing DoF -- 

-- Write: DoF -- 
write: "/media/derick/DeoResearch/experiments/rocksalt3_ZrN_casm/mc_coarse_new_scel/heating/mu_0.2500_0.2500_T_20_2000/conditions.21/initial_state.json"

-- Begin: Conditions 21 -- 

-- End: Conditions 21 -- 
run time: 25.337431 (s),  0.025337431 (s/pass),  1.8852255e-05(s/step)

-- Write: DoF -- 
write: "/media/derick/DeoResearch/experiments/rocksalt3_ZrN_casm/mc_coarse_new_scel/heating/mu_0.2500_0.2500_T_20_2000/conditions.21/final_state.json"

-- Write: Output files -- 
write: "/media/derick/DeoResearch/experiments/rocksalt3_ZrN_casm/mc_coarse_new_scel/heating/mu_0.2500_0.2500_T_20_2000/results.json"
write: "/media/derick/DeoResearch/experiments/rocksalt3_ZrN_casm/mc_coarse_new_scel/heating/mu_0.2500_0.2500_T_20_2000/conditions.21/conditions.json"


-- Set: Conditions -- 
T: 460
param_chem_pot: [ 0.250000000000 ]


-- Continue with existing DoF -- 

-- Write: DoF -- 
write: "/media/derick/DeoResearch/experiments/rocksalt3_ZrN_casm/mc_coarse_new_scel/heating/mu_0.2500_0.2500_T_20_2000/conditions.22/initial_state.json"

-- Begin: Conditions 22 -- 

-- End: Conditions 22 -- 
run time: 21.892745 (s),  0.021892745 (s/pass),  1.6289245e-05(s/step)

-- Write: DoF -- 
write: "/media/derick/DeoResearch/experiments/rocksalt3_ZrN_casm/mc_coarse_new_scel/heating/mu_0.2500_0.2500_T_20_2000/conditions.22/final_state.json"

-- Write: Output files -- 
write: "/media/derick/DeoResearch/experiments/rocksalt3_ZrN_casm/mc_coarse_new_scel/heating/mu_0.2500_0.2500_T_20_2000/results.json"
write: "/media/derick/DeoResearch/experiments/rocksalt3_ZrN_casm/mc_coarse_new_scel/heating/mu_0.2500_0.2500_T_20_2000/conditions.22/conditions.json"


-- Set: Conditions -- 
T: 480
param_chem_pot: [ 0.250000000000 ]


-- Continue with existing DoF -- 

-- Write: DoF -- 
write: "/media/derick/DeoResearch/experiments/rocksalt3_ZrN_casm/mc_coarse_new_scel/heating/mu_0.2500_0.2500_T_20_2000/conditions.23/initial_state.json"

-- Begin: Conditions 23 -- 

-- End: Conditions 23 -- 
run time: 16.749119 (s),  0.016749119 (s/pass),  1.2462142e-05(s/step)

-- Write: DoF -- 
write: "/media/derick/DeoResearch/experiments/rocksalt3_ZrN_casm/mc_coarse_new_scel/heating/mu_0.2500_0.2500_T_20_2000/conditions.23/final_state.json"

-- Write: Output files -- 
write: "/media/derick/DeoResearch/experiments/rocksalt3_ZrN_casm/mc_coarse_new_scel/heating/mu_0.2500_0.2500_T_20_2000/results.json"
write: "/media/derick/DeoResearch/experiments/rocksalt3_ZrN_casm/mc_coarse_new_scel/heating/mu_0.2500_0.2500_T_20_2000/conditions.23/conditions.json"


-- Set: Conditions -- 
T: 500
param_chem_pot: [ 0.250000000000 ]


-- Continue with existing DoF -- 

-- Write: DoF -- 
write: "/media/derick/DeoResearch/experiments/rocksalt3_ZrN_casm/mc_coarse_new_scel/heating/mu_0.2500_0.2500_T_20_2000/conditions.24/initial_state.json"

-- Begin: Conditions 24 -- 

-- End: Conditions 24 -- 
run time: 16.770813 (s),  0.016770813 (s/pass),  1.2478283e-05(s/step)

-- Write: DoF -- 
write: "/media/derick/DeoResearch/experiments/rocksalt3_ZrN_casm/mc_coarse_new_scel/heating/mu_0.2500_0.2500_T_20_2000/conditions.24/final_state.json"

-- Write: Output files -- 
write: "/media/derick/DeoResearch/experiments/rocksalt3_ZrN_casm/mc_coarse_new_scel/heating/mu_0.2500_0.2500_T_20_2000/results.json"
write: "/media/derick/DeoResearch/experiments/rocksalt3_ZrN_casm/mc_coarse_new_scel/heating/mu_0.2500_0.2500_T_20_2000/conditions.24/conditions.json"


-- Set: Conditions -- 
T: 520
param_chem_pot: [ 0.250000000000 ]


-- Continue with existing DoF -- 

-- Write: DoF -- 
write: "/media/derick/DeoResearch/experiments/rocksalt3_ZrN_casm/mc_coarse_new_scel/heating/mu_0.2500_0.2500_T_20_2000/conditions.25/initial_state.json"

-- Begin: Conditions 25 -- 

-- End: Conditions 25 -- 
run time: 16.772454 (s),  0.016772454 (s/pass),  1.2479504e-05(s/step)

-- Write: DoF -- 
write: "/media/derick/DeoResearch/experiments/rocksalt3_ZrN_casm/mc_coarse_new_scel/heating/mu_0.2500_0.2500_T_20_2000/conditions.25/final_state.json"

-- Write: Output files -- 
write: "/media/derick/DeoResearch/experiments/rocksalt3_ZrN_casm/mc_coarse_new_scel/heating/mu_0.2500_0.2500_T_20_2000/results.json"
write: "/media/derick/DeoResearch/experiments/rocksalt3_ZrN_casm/mc_coarse_new_scel/heating/mu_0.2500_0.2500_T_20_2000/conditions.25/conditions.json"


-- Set: Conditions -- 
T: 540
param_chem_pot: [ 0.250000000000 ]


-- Continue with existing DoF -- 

-- Write: DoF -- 
write: "/media/derick/DeoResearch/experiments/rocksalt3_ZrN_casm/mc_coarse_new_scel/heating/mu_0.2500_0.2500_T_20_2000/conditions.26/initial_state.json"

-- Begin: Conditions 26 -- 

-- End: Conditions 26 -- 
run time: 16.759916 (s),  0.016759916 (s/pass),  1.2470176e-05(s/step)

-- Write: DoF -- 
write: "/media/derick/DeoResearch/experiments/rocksalt3_ZrN_casm/mc_coarse_new_scel/heating/mu_0.2500_0.2500_T_20_2000/conditions.26/final_state.json"

-- Write: Output files -- 
write: "/media/derick/DeoResearch/experiments/rocksalt3_ZrN_casm/mc_coarse_new_scel/heating/mu_0.2500_0.2500_T_20_2000/results.json"
write: "/media/derick/DeoResearch/experiments/rocksalt3_ZrN_casm/mc_coarse_new_scel/heating/mu_0.2500_0.2500_T_20_2000/conditions.26/conditions.json"


-- Set: Conditions -- 
T: 560
param_chem_pot: [ 0.250000000000 ]


-- Continue with existing DoF -- 

-- Write: DoF -- 
write: "/media/derick/DeoResearch/experiments/rocksalt3_ZrN_casm/mc_coarse_new_scel/heating/mu_0.2500_0.2500_T_20_2000/conditions.27/initial_state.json"

-- Begin: Conditions 27 -- 

-- End: Conditions 27 -- 
run time: 16.754438 (s),  0.016754438 (s/pass),  1.24661e-05(s/step)

-- Write: DoF -- 
write: "/media/derick/DeoResearch/experiments/rocksalt3_ZrN_casm/mc_coarse_new_scel/heating/mu_0.2500_0.2500_T_20_2000/conditions.27/final_state.json"

-- Write: Output files -- 
write: "/media/derick/DeoResearch/experiments/rocksalt3_ZrN_casm/mc_coarse_new_scel/heating/mu_0.2500_0.2500_T_20_2000/results.json"
write: "/media/derick/DeoResearch/experiments/rocksalt3_ZrN_casm/mc_coarse_new_scel/heating/mu_0.2500_0.2500_T_20_2000/conditions.27/conditions.json"


-- Set: Conditions -- 
T: 580
param_chem_pot: [ 0.250000000000 ]


-- Continue with existing DoF -- 

-- Write: DoF -- 
write: "/media/derick/DeoResearch/experiments/rocksalt3_ZrN_casm/mc_coarse_new_scel/heating/mu_0.2500_0.2500_T_20_2000/conditions.28/initial_state.json"

-- Begin: Conditions 28 -- 

-- End: Conditions 28 -- 
run time: 25.137523 (s),  0.025137523 (s/pass),  1.8703514e-05(s/step)

-- Write: DoF -- 
write: "/media/derick/DeoResearch/experiments/rocksalt3_ZrN_casm/mc_coarse_new_scel/heating/mu_0.2500_0.2500_T_20_2000/conditions.28/final_state.json"

-- Write: Output files -- 
write: "/media/derick/DeoResearch/experiments/rocksalt3_ZrN_casm/mc_coarse_new_scel/heating/mu_0.2500_0.2500_T_20_2000/results.json"
write: "/media/derick/DeoResearch/experiments/rocksalt3_ZrN_casm/mc_coarse_new_scel/heating/mu_0.2500_0.2500_T_20_2000/conditions.28/conditions.json"


-- Set: Conditions -- 
T: 600
param_chem_pot: [ 0.250000000000 ]


-- Continue with existing DoF -- 

-- Write: DoF -- 
write: "/media/derick/DeoResearch/experiments/rocksalt3_ZrN_casm/mc_coarse_new_scel/heating/mu_0.2500_0.2500_T_20_2000/conditions.29/initial_state.json"

-- Begin: Conditions 29 -- 

-- End: Conditions 29 -- 
run time: 23.151978 (s),  0.023151978 (s/pass),  1.7226174e-05(s/step)

-- Write: DoF -- 
write: "/media/derick/DeoResearch/experiments/rocksalt3_ZrN_casm/mc_coarse_new_scel/heating/mu_0.2500_0.2500_T_20_2000/conditions.29/final_state.json"

-- Write: Output files -- 
write: "/media/derick/DeoResearch/experiments/rocksalt3_ZrN_casm/mc_coarse_new_scel/heating/mu_0.2500_0.2500_T_20_2000/results.json"
write: "/media/derick/DeoResearch/experiments/rocksalt3_ZrN_casm/mc_coarse_new_scel/heating/mu_0.2500_0.2500_T_20_2000/conditions.29/conditions.json"


-- Set: Conditions -- 
T: 620
param_chem_pot: [ 0.250000000000 ]


-- Continue with existing DoF -- 

-- Write: DoF -- 
write: "/media/derick/DeoResearch/experiments/rocksalt3_ZrN_casm/mc_coarse_new_scel/heating/mu_0.2500_0.2500_T_20_2000/conditions.30/initial_state.json"

-- Begin: Conditions 30 -- 

-- End: Conditions 30 -- 
run time: 16.787456 (s),  0.016787456 (s/pass),  1.2490667e-05(s/step)

-- Write: DoF -- 
write: "/media/derick/DeoResearch/experiments/rocksalt3_ZrN_casm/mc_coarse_new_scel/heating/mu_0.2500_0.2500_T_20_2000/conditions.30/final_state.json"

-- Write: Output files -- 
write: "/media/derick/DeoResearch/experiments/rocksalt3_ZrN_casm/mc_coarse_new_scel/heating/mu_0.2500_0.2500_T_20_2000/results.json"
write: "/media/derick/DeoResearch/experiments/rocksalt3_ZrN_casm/mc_coarse_new_scel/heating/mu_0.2500_0.2500_T_20_2000/conditions.30/conditions.json"


-- Set: Conditions -- 
T: 640
param_chem_pot: [ 0.250000000000 ]


-- Continue with existing DoF -- 

-- Write: DoF -- 
write: "/media/derick/DeoResearch/experiments/rocksalt3_ZrN_casm/mc_coarse_new_scel/heating/mu_0.2500_0.2500_T_20_2000/conditions.31/initial_state.json"

-- Begin: Conditions 31 -- 

-- End: Conditions 31 -- 
run time: 16.772097 (s),  0.016772097 (s/pass),  1.2479239e-05(s/step)

-- Write: DoF -- 
write: "/media/derick/DeoResearch/experiments/rocksalt3_ZrN_casm/mc_coarse_new_scel/heating/mu_0.2500_0.2500_T_20_2000/conditions.31/final_state.json"

-- Write: Output files -- 
write: "/media/derick/DeoResearch/experiments/rocksalt3_ZrN_casm/mc_coarse_new_scel/heating/mu_0.2500_0.2500_T_20_2000/results.json"
write: "/media/derick/DeoResearch/experiments/rocksalt3_ZrN_casm/mc_coarse_new_scel/heating/mu_0.2500_0.2500_T_20_2000/conditions.31/conditions.json"


-- Set: Conditions -- 
T: 660
param_chem_pot: [ 0.250000000000 ]


-- Continue with existing DoF -- 

-- Write: DoF -- 
write: "/media/derick/DeoResearch/experiments/rocksalt3_ZrN_casm/mc_coarse_new_scel/heating/mu_0.2500_0.2500_T_20_2000/conditions.32/initial_state.json"

-- Begin: Conditions 32 -- 

-- End: Conditions 32 -- 
run time: 16.78094 (s),  0.01678094 (s/pass),  1.2485818e-05(s/step)

-- Write: DoF -- 
write: "/media/derick/DeoResearch/experiments/rocksalt3_ZrN_casm/mc_coarse_new_scel/heating/mu_0.2500_0.2500_T_20_2000/conditions.32/final_state.json"

-- Write: Output files -- 
write: "/media/derick/DeoResearch/experiments/rocksalt3_ZrN_casm/mc_coarse_new_scel/heating/mu_0.2500_0.2500_T_20_2000/results.json"
write: "/media/derick/DeoResearch/experiments/rocksalt3_ZrN_casm/mc_coarse_new_scel/heating/mu_0.2500_0.2500_T_20_2000/conditions.32/conditions.json"


-- Set: Conditions -- 
T: 680
param_chem_pot: [ 0.250000000000 ]


-- Continue with existing DoF -- 

-- Write: DoF -- 
write: "/media/derick/DeoResearch/experiments/rocksalt3_ZrN_casm/mc_coarse_new_scel/heating/mu_0.2500_0.2500_T_20_2000/conditions.33/initial_state.json"

-- Begin: Conditions 33 -- 

-- End: Conditions 33 -- 
run time: 16.786923 (s),  0.016786923 (s/pass),  1.249027e-05(s/step)

-- Write: DoF -- 
write: "/media/derick/DeoResearch/experiments/rocksalt3_ZrN_casm/mc_coarse_new_scel/heating/mu_0.2500_0.2500_T_20_2000/conditions.33/final_state.json"

-- Write: Output files -- 
write: "/media/derick/DeoResearch/experiments/rocksalt3_ZrN_casm/mc_coarse_new_scel/heating/mu_0.2500_0.2500_T_20_2000/results.json"
write: "/media/derick/DeoResearch/experiments/rocksalt3_ZrN_casm/mc_coarse_new_scel/heating/mu_0.2500_0.2500_T_20_2000/conditions.33/conditions.json"


-- Set: Conditions -- 
T: 700
param_chem_pot: [ 0.250000000000 ]


-- Continue with existing DoF -- 

-- Write: DoF -- 
write: "/media/derick/DeoResearch/experiments/rocksalt3_ZrN_casm/mc_coarse_new_scel/heating/mu_0.2500_0.2500_T_20_2000/conditions.34/initial_state.json"

-- Begin: Conditions 34 -- 

-- End: Conditions 34 -- 
run time: 16.813642 (s),  0.016813642 (s/pass),  1.2510151e-05(s/step)

-- Write: DoF -- 
write: "/media/derick/DeoResearch/experiments/rocksalt3_ZrN_casm/mc_coarse_new_scel/heating/mu_0.2500_0.2500_T_20_2000/conditions.34/final_state.json"

-- Write: Output files -- 
write: "/media/derick/DeoResearch/experiments/rocksalt3_ZrN_casm/mc_coarse_new_scel/heating/mu_0.2500_0.2500_T_20_2000/results.json"
write: "/media/derick/DeoResearch/experiments/rocksalt3_ZrN_casm/mc_coarse_new_scel/heating/mu_0.2500_0.2500_T_20_2000/conditions.34/conditions.json"


-- Set: Conditions -- 
T: 720
param_chem_pot: [ 0.250000000000 ]


-- Continue with existing DoF -- 

-- Write: DoF -- 
write: "/media/derick/DeoResearch/experiments/rocksalt3_ZrN_casm/mc_coarse_new_scel/heating/mu_0.2500_0.2500_T_20_2000/conditions.35/initial_state.json"

-- Begin: Conditions 35 -- 

-- End: Conditions 35 -- 
run time: 16.799693 (s),  0.016799693 (s/pass),  1.2499771e-05(s/step)

-- Write: DoF -- 
write: "/media/derick/DeoResearch/experiments/rocksalt3_ZrN_casm/mc_coarse_new_scel/heating/mu_0.2500_0.2500_T_20_2000/conditions.35/final_state.json"

-- Write: Output files -- 
write: "/media/derick/DeoResearch/experiments/rocksalt3_ZrN_casm/mc_coarse_new_scel/heating/mu_0.2500_0.2500_T_20_2000/results.json"
write: "/media/derick/DeoResearch/experiments/rocksalt3_ZrN_casm/mc_coarse_new_scel/heating/mu_0.2500_0.2500_T_20_2000/conditions.35/conditions.json"


-- Set: Conditions -- 
T: 740
param_chem_pot: [ 0.250000000000 ]


-- Continue with existing DoF -- 

-- Write: DoF -- 
write: "/media/derick/DeoResearch/experiments/rocksalt3_ZrN_casm/mc_coarse_new_scel/heating/mu_0.2500_0.2500_T_20_2000/conditions.36/initial_state.json"

-- Begin: Conditions 36 -- 

-- End: Conditions 36 -- 
run time: 16.809636 (s),  0.016809636 (s/pass),  1.250717e-05(s/step)

-- Write: DoF -- 
write: "/media/derick/DeoResearch/experiments/rocksalt3_ZrN_casm/mc_coarse_new_scel/heating/mu_0.2500_0.2500_T_20_2000/conditions.36/final_state.json"

-- Write: Output files -- 
write: "/media/derick/DeoResearch/experiments/rocksalt3_ZrN_casm/mc_coarse_new_scel/heating/mu_0.2500_0.2500_T_20_2000/results.json"
write: "/media/derick/DeoResearch/experiments/rocksalt3_ZrN_casm/mc_coarse_new_scel/heating/mu_0.2500_0.2500_T_20_2000/conditions.36/conditions.json"


-- Set: Conditions -- 
T: 760
param_chem_pot: [ 0.250000000000 ]


-- Continue with existing DoF -- 

-- Write: DoF -- 
write: "/media/derick/DeoResearch/experiments/rocksalt3_ZrN_casm/mc_coarse_new_scel/heating/mu_0.2500_0.2500_T_20_2000/conditions.37/initial_state.json"

-- Begin: Conditions 37 -- 

-- End: Conditions 37 -- 
run time: 16.80259 (s),  0.01680259 (s/pass),  1.2501927e-05(s/step)

-- Write: DoF -- 
write: "/media/derick/DeoResearch/experiments/rocksalt3_ZrN_casm/mc_coarse_new_scel/heating/mu_0.2500_0.2500_T_20_2000/conditions.37/final_state.json"

-- Write: Output files -- 
write: "/media/derick/DeoResearch/experiments/rocksalt3_ZrN_casm/mc_coarse_new_scel/heating/mu_0.2500_0.2500_T_20_2000/results.json"
write: "/media/derick/DeoResearch/experiments/rocksalt3_ZrN_casm/mc_coarse_new_scel/heating/mu_0.2500_0.2500_T_20_2000/conditions.37/conditions.json"


-- Set: Conditions -- 
T: 780
param_chem_pot: [ 0.250000000000 ]


-- Continue with existing DoF -- 

-- Write: DoF -- 
write: "/media/derick/DeoResearch/experiments/rocksalt3_ZrN_casm/mc_coarse_new_scel/heating/mu_0.2500_0.2500_T_20_2000/conditions.38/initial_state.json"

-- Begin: Conditions 38 -- 

-- End: Conditions 38 -- 
run time: 16.823076 (s),  0.016823076 (s/pass),  1.251717e-05(s/step)

-- Write: DoF -- 
write: "/media/derick/DeoResearch/experiments/rocksalt3_ZrN_casm/mc_coarse_new_scel/heating/mu_0.2500_0.2500_T_20_2000/conditions.38/final_state.json"

-- Write: Output files -- 
write: "/media/derick/DeoResearch/experiments/rocksalt3_ZrN_casm/mc_coarse_new_scel/heating/mu_0.2500_0.2500_T_20_2000/results.json"
write: "/media/derick/DeoResearch/experiments/rocksalt3_ZrN_casm/mc_coarse_new_scel/heating/mu_0.2500_0.2500_T_20_2000/conditions.38/conditions.json"


-- Set: Conditions -- 
T: 800
param_chem_pot: [ 0.250000000000 ]


-- Continue with existing DoF -- 

-- Write: DoF -- 
write: "/media/derick/DeoResearch/experiments/rocksalt3_ZrN_casm/mc_coarse_new_scel/heating/mu_0.2500_0.2500_T_20_2000/conditions.39/initial_state.json"

-- Begin: Conditions 39 -- 

-- End: Conditions 39 -- 
run time: 16.792528 (s),  0.016792528 (s/pass),  1.2494441e-05(s/step)

-- Write: DoF -- 
write: "/media/derick/DeoResearch/experiments/rocksalt3_ZrN_casm/mc_coarse_new_scel/heating/mu_0.2500_0.2500_T_20_2000/conditions.39/final_state.json"

-- Write: Output files -- 
write: "/media/derick/DeoResearch/experiments/rocksalt3_ZrN_casm/mc_coarse_new_scel/heating/mu_0.2500_0.2500_T_20_2000/results.json"
write: "/media/derick/DeoResearch/experiments/rocksalt3_ZrN_casm/mc_coarse_new_scel/heating/mu_0.2500_0.2500_T_20_2000/conditions.39/conditions.json"


-- Set: Conditions -- 
T: 820
param_chem_pot: [ 0.250000000000 ]


-- Continue with existing DoF -- 

-- Write: DoF -- 
write: "/media/derick/DeoResearch/experiments/rocksalt3_ZrN_casm/mc_coarse_new_scel/heating/mu_0.2500_0.2500_T_20_2000/conditions.40/initial_state.json"

-- Begin: Conditions 40 -- 

-- End: Conditions 40 -- 
run time: 16.818904 (s),  0.016818904 (s/pass),  1.2514066e-05(s/step)

-- Write: DoF -- 
write: "/media/derick/DeoResearch/experiments/rocksalt3_ZrN_casm/mc_coarse_new_scel/heating/mu_0.2500_0.2500_T_20_2000/conditions.40/final_state.json"

-- Write: Output files -- 
write: "/media/derick/DeoResearch/experiments/rocksalt3_ZrN_casm/mc_coarse_new_scel/heating/mu_0.2500_0.2500_T_20_2000/results.json"
write: "/media/derick/DeoResearch/experiments/rocksalt3_ZrN_casm/mc_coarse_new_scel/heating/mu_0.2500_0.2500_T_20_2000/conditions.40/conditions.json"


-- Set: Conditions -- 
T: 840
param_chem_pot: [ 0.250000000000 ]


-- Continue with existing DoF -- 

-- Write: DoF -- 
write: "/media/derick/DeoResearch/experiments/rocksalt3_ZrN_casm/mc_coarse_new_scel/heating/mu_0.2500_0.2500_T_20_2000/conditions.41/initial_state.json"

-- Begin: Conditions 41 -- 

-- End: Conditions 41 -- 
run time: 16.762053 (s),  0.016762053 (s/pass),  1.2471766e-05(s/step)

-- Write: DoF -- 
write: "/media/derick/DeoResearch/experiments/rocksalt3_ZrN_casm/mc_coarse_new_scel/heating/mu_0.2500_0.2500_T_20_2000/conditions.41/final_state.json"

-- Write: Output files -- 
write: "/media/derick/DeoResearch/experiments/rocksalt3_ZrN_casm/mc_coarse_new_scel/heating/mu_0.2500_0.2500_T_20_2000/results.json"
write: "/media/derick/DeoResearch/experiments/rocksalt3_ZrN_casm/mc_coarse_new_scel/heating/mu_0.2500_0.2500_T_20_2000/conditions.41/conditions.json"


-- Set: Conditions -- 
T: 860
param_chem_pot: [ 0.250000000000 ]


-- Continue with existing DoF -- 

-- Write: DoF -- 
write: "/media/derick/DeoResearch/experiments/rocksalt3_ZrN_casm/mc_coarse_new_scel/heating/mu_0.2500_0.2500_T_20_2000/conditions.42/initial_state.json"

-- Begin: Conditions 42 -- 

-- End: Conditions 42 -- 
run time: 16.801205 (s),  0.016801205 (s/pass),  1.2500897e-05(s/step)

-- Write: DoF -- 
write: "/media/derick/DeoResearch/experiments/rocksalt3_ZrN_casm/mc_coarse_new_scel/heating/mu_0.2500_0.2500_T_20_2000/conditions.42/final_state.json"

-- Write: Output files -- 
write: "/media/derick/DeoResearch/experiments/rocksalt3_ZrN_casm/mc_coarse_new_scel/heating/mu_0.2500_0.2500_T_20_2000/results.json"
write: "/media/derick/DeoResearch/experiments/rocksalt3_ZrN_casm/mc_coarse_new_scel/heating/mu_0.2500_0.2500_T_20_2000/conditions.42/conditions.json"


-- Set: Conditions -- 
T: 880
param_chem_pot: [ 0.250000000000 ]


-- Continue with existing DoF -- 

-- Write: DoF -- 
write: "/media/derick/DeoResearch/experiments/rocksalt3_ZrN_casm/mc_coarse_new_scel/heating/mu_0.2500_0.2500_T_20_2000/conditions.43/initial_state.json"

-- Begin: Conditions 43 -- 

-- End: Conditions 43 -- 
run time: 16.797001 (s),  0.016797001 (s/pass),  1.2497769e-05(s/step)

-- Write: DoF -- 
write: "/media/derick/DeoResearch/experiments/rocksalt3_ZrN_casm/mc_coarse_new_scel/heating/mu_0.2500_0.2500_T_20_2000/conditions.43/final_state.json"

-- Write: Output files -- 
write: "/media/derick/DeoResearch/experiments/rocksalt3_ZrN_casm/mc_coarse_new_scel/heating/mu_0.2500_0.2500_T_20_2000/results.json"
write: "/media/derick/DeoResearch/experiments/rocksalt3_ZrN_casm/mc_coarse_new_scel/heating/mu_0.2500_0.2500_T_20_2000/conditions.43/conditions.json"


-- Set: Conditions -- 
T: 900
param_chem_pot: [ 0.250000000000 ]


-- Continue with existing DoF -- 

-- Write: DoF -- 
write: "/media/derick/DeoResearch/experiments/rocksalt3_ZrN_casm/mc_coarse_new_scel/heating/mu_0.2500_0.2500_T_20_2000/conditions.44/initial_state.json"

-- Begin: Conditions 44 -- 

-- End: Conditions 44 -- 
run time: 16.807143 (s),  0.016807143 (s/pass),  1.2505315e-05(s/step)

-- Write: DoF -- 
write: "/media/derick/DeoResearch/experiments/rocksalt3_ZrN_casm/mc_coarse_new_scel/heating/mu_0.2500_0.2500_T_20_2000/conditions.44/final_state.json"

-- Write: Output files -- 
write: "/media/derick/DeoResearch/experiments/rocksalt3_ZrN_casm/mc_coarse_new_scel/heating/mu_0.2500_0.2500_T_20_2000/results.json"
write: "/media/derick/DeoResearch/experiments/rocksalt3_ZrN_casm/mc_coarse_new_scel/heating/mu_0.2500_0.2500_T_20_2000/conditions.44/conditions.json"


-- Set: Conditions -- 
T: 920
param_chem_pot: [ 0.250000000000 ]


-- Continue with existing DoF -- 

-- Write: DoF -- 
write: "/media/derick/DeoResearch/experiments/rocksalt3_ZrN_casm/mc_coarse_new_scel/heating/mu_0.2500_0.2500_T_20_2000/conditions.45/initial_state.json"

-- Begin: Conditions 45 -- 

-- End: Conditions 45 -- 
run time: 16.787569 (s),  0.016787569 (s/pass),  1.249075e-05(s/step)

-- Write: DoF -- 
write: "/media/derick/DeoResearch/experiments/rocksalt3_ZrN_casm/mc_coarse_new_scel/heating/mu_0.2500_0.2500_T_20_2000/conditions.45/final_state.json"

-- Write: Output files -- 
write: "/media/derick/DeoResearch/experiments/rocksalt3_ZrN_casm/mc_coarse_new_scel/heating/mu_0.2500_0.2500_T_20_2000/results.json"
write: "/media/derick/DeoResearch/experiments/rocksalt3_ZrN_casm/mc_coarse_new_scel/heating/mu_0.2500_0.2500_T_20_2000/conditions.45/conditions.json"


-- Set: Conditions -- 
T: 940
param_chem_pot: [ 0.250000000000 ]


-- Continue with existing DoF -- 

-- Write: DoF -- 
write: "/media/derick/DeoResearch/experiments/rocksalt3_ZrN_casm/mc_coarse_new_scel/heating/mu_0.2500_0.2500_T_20_2000/conditions.46/initial_state.json"

-- Begin: Conditions 46 -- 

-- End: Conditions 46 -- 
run time: 16.834951 (s),  0.016834951 (s/pass),  1.2526005e-05(s/step)

-- Write: DoF -- 
write: "/media/derick/DeoResearch/experiments/rocksalt3_ZrN_casm/mc_coarse_new_scel/heating/mu_0.2500_0.2500_T_20_2000/conditions.46/final_state.json"

-- Write: Output files -- 
write: "/media/derick/DeoResearch/experiments/rocksalt3_ZrN_casm/mc_coarse_new_scel/heating/mu_0.2500_0.2500_T_20_2000/results.json"
write: "/media/derick/DeoResearch/experiments/rocksalt3_ZrN_casm/mc_coarse_new_scel/heating/mu_0.2500_0.2500_T_20_2000/conditions.46/conditions.json"


-- Set: Conditions -- 
T: 960
param_chem_pot: [ 0.250000000000 ]


-- Continue with existing DoF -- 

-- Write: DoF -- 
write: "/media/derick/DeoResearch/experiments/rocksalt3_ZrN_casm/mc_coarse_new_scel/heating/mu_0.2500_0.2500_T_20_2000/conditions.47/initial_state.json"

-- Begin: Conditions 47 -- 

-- End: Conditions 47 -- 
run time: 16.784275 (s),  0.016784275 (s/pass),  1.24883e-05(s/step)

-- Write: DoF -- 
write: "/media/derick/DeoResearch/experiments/rocksalt3_ZrN_casm/mc_coarse_new_scel/heating/mu_0.2500_0.2500_T_20_2000/conditions.47/final_state.json"

-- Write: Output files -- 
write: "/media/derick/DeoResearch/experiments/rocksalt3_ZrN_casm/mc_coarse_new_scel/heating/mu_0.2500_0.2500_T_20_2000/results.json"
write: "/media/derick/DeoResearch/experiments/rocksalt3_ZrN_casm/mc_coarse_new_scel/heating/mu_0.2500_0.2500_T_20_2000/conditions.47/conditions.json"


-- Set: Conditions -- 
T: 980
param_chem_pot: [ 0.250000000000 ]


-- Continue with existing DoF -- 

-- Write: DoF -- 
write: "/media/derick/DeoResearch/experiments/rocksalt3_ZrN_casm/mc_coarse_new_scel/heating/mu_0.2500_0.2500_T_20_2000/conditions.48/initial_state.json"

-- Begin: Conditions 48 -- 

-- End: Conditions 48 -- 
run time: 16.794491 (s),  0.016794491 (s/pass),  1.2495901e-05(s/step)

-- Write: DoF -- 
write: "/media/derick/DeoResearch/experiments/rocksalt3_ZrN_casm/mc_coarse_new_scel/heating/mu_0.2500_0.2500_T_20_2000/conditions.48/final_state.json"

-- Write: Output files -- 
write: "/media/derick/DeoResearch/experiments/rocksalt3_ZrN_casm/mc_coarse_new_scel/heating/mu_0.2500_0.2500_T_20_2000/results.json"
write: "/media/derick/DeoResearch/experiments/rocksalt3_ZrN_casm/mc_coarse_new_scel/heating/mu_0.2500_0.2500_T_20_2000/conditions.48/conditions.json"


-- Set: Conditions -- 
T: 1000
param_chem_pot: [ 0.250000000000 ]


-- Continue with existing DoF -- 

-- Write: DoF -- 
write: "/media/derick/DeoResearch/experiments/rocksalt3_ZrN_casm/mc_coarse_new_scel/heating/mu_0.2500_0.2500_T_20_2000/conditions.49/initial_state.json"

-- Begin: Conditions 49 -- 

-- End: Conditions 49 -- 
run time: 16.76306 (s),  0.01676306 (s/pass),  1.2472515e-05(s/step)

-- Write: DoF -- 
write: "/media/derick/DeoResearch/experiments/rocksalt3_ZrN_casm/mc_coarse_new_scel/heating/mu_0.2500_0.2500_T_20_2000/conditions.49/final_state.json"

-- Write: Output files -- 
write: "/media/derick/DeoResearch/experiments/rocksalt3_ZrN_casm/mc_coarse_new_scel/heating/mu_0.2500_0.2500_T_20_2000/results.json"
write: "/media/derick/DeoResearch/experiments/rocksalt3_ZrN_casm/mc_coarse_new_scel/heating/mu_0.2500_0.2500_T_20_2000/conditions.49/conditions.json"


-- Set: Conditions -- 
T: 1020
param_chem_pot: [ 0.250000000000 ]


-- Continue with existing DoF -- 

-- Write: DoF -- 
write: "/media/derick/DeoResearch/experiments/rocksalt3_ZrN_casm/mc_coarse_new_scel/heating/mu_0.2500_0.2500_T_20_2000/conditions.50/initial_state.json"

-- Begin: Conditions 50 -- 

-- End: Conditions 50 -- 
run time: 16.800704 (s),  0.016800704 (s/pass),  1.2500524e-05(s/step)

-- Write: DoF -- 
write: "/media/derick/DeoResearch/experiments/rocksalt3_ZrN_casm/mc_coarse_new_scel/heating/mu_0.2500_0.2500_T_20_2000/conditions.50/final_state.json"

-- Write: Output files -- 
write: "/media/derick/DeoResearch/experiments/rocksalt3_ZrN_casm/mc_coarse_new_scel/heating/mu_0.2500_0.2500_T_20_2000/results.json"
write: "/media/derick/DeoResearch/experiments/rocksalt3_ZrN_casm/mc_coarse_new_scel/heating/mu_0.2500_0.2500_T_20_2000/conditions.50/conditions.json"


-- Set: Conditions -- 
T: 1040
param_chem_pot: [ 0.250000000000 ]


-- Continue with existing DoF -- 

-- Write: DoF -- 
write: "/media/derick/DeoResearch/experiments/rocksalt3_ZrN_casm/mc_coarse_new_scel/heating/mu_0.2500_0.2500_T_20_2000/conditions.51/initial_state.json"

-- Begin: Conditions 51 -- 

-- End: Conditions 51 -- 
run time: 16.853817 (s),  0.016853817 (s/pass),  1.2540042e-05(s/step)

-- Write: DoF -- 
write: "/media/derick/DeoResearch/experiments/rocksalt3_ZrN_casm/mc_coarse_new_scel/heating/mu_0.2500_0.2500_T_20_2000/conditions.51/final_state.json"

-- Write: Output files -- 
write: "/media/derick/DeoResearch/experiments/rocksalt3_ZrN_casm/mc_coarse_new_scel/heating/mu_0.2500_0.2500_T_20_2000/results.json"
write: "/media/derick/DeoResearch/experiments/rocksalt3_ZrN_casm/mc_coarse_new_scel/heating/mu_0.2500_0.2500_T_20_2000/conditions.51/conditions.json"


-- Set: Conditions -- 
T: 1060
param_chem_pot: [ 0.250000000000 ]


-- Continue with existing DoF -- 

-- Write: DoF -- 
write: "/media/derick/DeoResearch/experiments/rocksalt3_ZrN_casm/mc_coarse_new_scel/heating/mu_0.2500_0.2500_T_20_2000/conditions.52/initial_state.json"

-- Begin: Conditions 52 -- 

-- End: Conditions 52 -- 
run time: 16.792742 (s),  0.016792742 (s/pass),  1.2494599e-05(s/step)

-- Write: DoF -- 
write: "/media/derick/DeoResearch/experiments/rocksalt3_ZrN_casm/mc_coarse_new_scel/heating/mu_0.2500_0.2500_T_20_2000/conditions.52/final_state.json"

-- Write: Output files -- 
write: "/media/derick/DeoResearch/experiments/rocksalt3_ZrN_casm/mc_coarse_new_scel/heating/mu_0.2500_0.2500_T_20_2000/results.json"
write: "/media/derick/DeoResearch/experiments/rocksalt3_ZrN_casm/mc_coarse_new_scel/heating/mu_0.2500_0.2500_T_20_2000/conditions.52/conditions.json"


-- Set: Conditions -- 
T: 1080
param_chem_pot: [ 0.250000000000 ]


-- Continue with existing DoF -- 

-- Write: DoF -- 
write: "/media/derick/DeoResearch/experiments/rocksalt3_ZrN_casm/mc_coarse_new_scel/heating/mu_0.2500_0.2500_T_20_2000/conditions.53/initial_state.json"

-- Begin: Conditions 53 -- 

-- End: Conditions 53 -- 
run time: 16.782061 (s),  0.016782061 (s/pass),  1.2486652e-05(s/step)

-- Write: DoF -- 
write: "/media/derick/DeoResearch/experiments/rocksalt3_ZrN_casm/mc_coarse_new_scel/heating/mu_0.2500_0.2500_T_20_2000/conditions.53/final_state.json"

-- Write: Output files -- 
write: "/media/derick/DeoResearch/experiments/rocksalt3_ZrN_casm/mc_coarse_new_scel/heating/mu_0.2500_0.2500_T_20_2000/results.json"
write: "/media/derick/DeoResearch/experiments/rocksalt3_ZrN_casm/mc_coarse_new_scel/heating/mu_0.2500_0.2500_T_20_2000/conditions.53/conditions.json"


-- Set: Conditions -- 
T: 1100
param_chem_pot: [ 0.250000000000 ]


-- Continue with existing DoF -- 

-- Write: DoF -- 
write: "/media/derick/DeoResearch/experiments/rocksalt3_ZrN_casm/mc_coarse_new_scel/heating/mu_0.2500_0.2500_T_20_2000/conditions.54/initial_state.json"

-- Begin: Conditions 54 -- 

-- End: Conditions 54 -- 
run time: 21.905479 (s),  0.021905479 (s/pass),  1.629872e-05(s/step)

-- Write: DoF -- 
write: "/media/derick/DeoResearch/experiments/rocksalt3_ZrN_casm/mc_coarse_new_scel/heating/mu_0.2500_0.2500_T_20_2000/conditions.54/final_state.json"

-- Write: Output files -- 
write: "/media/derick/DeoResearch/experiments/rocksalt3_ZrN_casm/mc_coarse_new_scel/heating/mu_0.2500_0.2500_T_20_2000/results.json"
write: "/media/derick/DeoResearch/experiments/rocksalt3_ZrN_casm/mc_coarse_new_scel/heating/mu_0.2500_0.2500_T_20_2000/conditions.54/conditions.json"


-- Set: Conditions -- 
T: 1120
param_chem_pot: [ 0.250000000000 ]


-- Continue with existing DoF -- 

-- Write: DoF -- 
write: "/media/derick/DeoResearch/experiments/rocksalt3_ZrN_casm/mc_coarse_new_scel/heating/mu_0.2500_0.2500_T_20_2000/conditions.55/initial_state.json"

-- Begin: Conditions 55 -- 

-- End: Conditions 55 -- 
run time: 25.385839 (s),  0.025385839 (s/pass),  1.8888273e-05(s/step)

-- Write: DoF -- 
write: "/media/derick/DeoResearch/experiments/rocksalt3_ZrN_casm/mc_coarse_new_scel/heating/mu_0.2500_0.2500_T_20_2000/conditions.55/final_state.json"

-- Write: Output files -- 
write: "/media/derick/DeoResearch/experiments/rocksalt3_ZrN_casm/mc_coarse_new_scel/heating/mu_0.2500_0.2500_T_20_2000/results.json"
write: "/media/derick/DeoResearch/experiments/rocksalt3_ZrN_casm/mc_coarse_new_scel/heating/mu_0.2500_0.2500_T_20_2000/conditions.55/conditions.json"


-- Set: Conditions -- 
T: 1140
param_chem_pot: [ 0.250000000000 ]


-- Continue with existing DoF -- 

-- Write: DoF -- 
write: "/media/derick/DeoResearch/experiments/rocksalt3_ZrN_casm/mc_coarse_new_scel/heating/mu_0.2500_0.2500_T_20_2000/conditions.56/initial_state.json"

-- Begin: Conditions 56 -- 

-- End: Conditions 56 -- 
run time: 25.44352 (s),  0.02544352 (s/pass),  1.8931191e-05(s/step)

-- Write: DoF -- 
write: "/media/derick/DeoResearch/experiments/rocksalt3_ZrN_casm/mc_coarse_new_scel/heating/mu_0.2500_0.2500_T_20_2000/conditions.56/final_state.json"

-- Write: Output files -- 
write: "/media/derick/DeoResearch/experiments/rocksalt3_ZrN_casm/mc_coarse_new_scel/heating/mu_0.2500_0.2500_T_20_2000/results.json"
write: "/media/derick/DeoResearch/experiments/rocksalt3_ZrN_casm/mc_coarse_new_scel/heating/mu_0.2500_0.2500_T_20_2000/conditions.56/conditions.json"


-- Set: Conditions -- 
T: 1160
param_chem_pot: [ 0.250000000000 ]


-- Continue with existing DoF -- 

-- Write: DoF -- 
write: "/media/derick/DeoResearch/experiments/rocksalt3_ZrN_casm/mc_coarse_new_scel/heating/mu_0.2500_0.2500_T_20_2000/conditions.57/initial_state.json"

-- Begin: Conditions 57 -- 

-- End: Conditions 57 -- 
run time: 25.400488 (s),  0.025400488 (s/pass),  1.8899172e-05(s/step)

-- Write: DoF -- 
write: "/media/derick/DeoResearch/experiments/rocksalt3_ZrN_casm/mc_coarse_new_scel/heating/mu_0.2500_0.2500_T_20_2000/conditions.57/final_state.json"

-- Write: Output files -- 
write: "/media/derick/DeoResearch/experiments/rocksalt3_ZrN_casm/mc_coarse_new_scel/heating/mu_0.2500_0.2500_T_20_2000/results.json"
write: "/media/derick/DeoResearch/experiments/rocksalt3_ZrN_casm/mc_coarse_new_scel/heating/mu_0.2500_0.2500_T_20_2000/conditions.57/conditions.json"


-- Set: Conditions -- 
T: 1180
param_chem_pot: [ 0.250000000000 ]


-- Continue with existing DoF -- 

-- Write: DoF -- 
write: "/media/derick/DeoResearch/experiments/rocksalt3_ZrN_casm/mc_coarse_new_scel/heating/mu_0.2500_0.2500_T_20_2000/conditions.58/initial_state.json"

-- Begin: Conditions 58 -- 

-- End: Conditions 58 -- 
run time: 25.426986 (s),  0.025426986 (s/pass),  1.8918888e-05(s/step)

-- Write: DoF -- 
write: "/media/derick/DeoResearch/experiments/rocksalt3_ZrN_casm/mc_coarse_new_scel/heating/mu_0.2500_0.2500_T_20_2000/conditions.58/final_state.json"

-- Write: Output files -- 
write: "/media/derick/DeoResearch/experiments/rocksalt3_ZrN_casm/mc_coarse_new_scel/heating/mu_0.2500_0.2500_T_20_2000/results.json"
write: "/media/derick/DeoResearch/experiments/rocksalt3_ZrN_casm/mc_coarse_new_scel/heating/mu_0.2500_0.2500_T_20_2000/conditions.58/conditions.json"


-- Set: Conditions -- 
T: 1200
param_chem_pot: [ 0.250000000000 ]


-- Continue with existing DoF -- 

-- Write: DoF -- 
write: "/media/derick/DeoResearch/experiments/rocksalt3_ZrN_casm/mc_coarse_new_scel/heating/mu_0.2500_0.2500_T_20_2000/conditions.59/initial_state.json"

-- Begin: Conditions 59 -- 

-- End: Conditions 59 -- 
run time: 21.066716 (s),  0.021066716 (s/pass),  1.567464e-05(s/step)

-- Write: DoF -- 
write: "/media/derick/DeoResearch/experiments/rocksalt3_ZrN_casm/mc_coarse_new_scel/heating/mu_0.2500_0.2500_T_20_2000/conditions.59/final_state.json"

-- Write: Output files -- 
write: "/media/derick/DeoResearch/experiments/rocksalt3_ZrN_casm/mc_coarse_new_scel/heating/mu_0.2500_0.2500_T_20_2000/results.json"
write: "/media/derick/DeoResearch/experiments/rocksalt3_ZrN_casm/mc_coarse_new_scel/heating/mu_0.2500_0.2500_T_20_2000/conditions.59/conditions.json"


-- Set: Conditions -- 
T: 1220
param_chem_pot: [ 0.250000000000 ]


-- Continue with existing DoF -- 

-- Write: DoF -- 
write: "/media/derick/DeoResearch/experiments/rocksalt3_ZrN_casm/mc_coarse_new_scel/heating/mu_0.2500_0.2500_T_20_2000/conditions.60/initial_state.json"

-- Begin: Conditions 60 -- 

-- End: Conditions 60 -- 
run time: 16.878166 (s),  0.016878166 (s/pass),  1.2558159e-05(s/step)

-- Write: DoF -- 
write: "/media/derick/DeoResearch/experiments/rocksalt3_ZrN_casm/mc_coarse_new_scel/heating/mu_0.2500_0.2500_T_20_2000/conditions.60/final_state.json"

-- Write: Output files -- 
write: "/media/derick/DeoResearch/experiments/rocksalt3_ZrN_casm/mc_coarse_new_scel/heating/mu_0.2500_0.2500_T_20_2000/results.json"
write: "/media/derick/DeoResearch/experiments/rocksalt3_ZrN_casm/mc_coarse_new_scel/heating/mu_0.2500_0.2500_T_20_2000/conditions.60/conditions.json"


-- Set: Conditions -- 
T: 1240
param_chem_pot: [ 0.250000000000 ]


-- Continue with existing DoF -- 

-- Write: DoF -- 
write: "/media/derick/DeoResearch/experiments/rocksalt3_ZrN_casm/mc_coarse_new_scel/heating/mu_0.2500_0.2500_T_20_2000/conditions.61/initial_state.json"

-- Begin: Conditions 61 -- 

-- End: Conditions 61 -- 
run time: 20.796555 (s),  0.020796555 (s/pass),  1.5473627e-05(s/step)

-- Write: DoF -- 
write: "/media/derick/DeoResearch/experiments/rocksalt3_ZrN_casm/mc_coarse_new_scel/heating/mu_0.2500_0.2500_T_20_2000/conditions.61/final_state.json"

-- Write: Output files -- 
write: "/media/derick/DeoResearch/experiments/rocksalt3_ZrN_casm/mc_coarse_new_scel/heating/mu_0.2500_0.2500_T_20_2000/results.json"
write: "/media/derick/DeoResearch/experiments/rocksalt3_ZrN_casm/mc_coarse_new_scel/heating/mu_0.2500_0.2500_T_20_2000/conditions.61/conditions.json"


-- Set: Conditions -- 
T: 1260
param_chem_pot: [ 0.250000000000 ]


-- Continue with existing DoF -- 

-- Write: DoF -- 
write: "/media/derick/DeoResearch/experiments/rocksalt3_ZrN_casm/mc_coarse_new_scel/heating/mu_0.2500_0.2500_T_20_2000/conditions.62/initial_state.json"

-- Begin: Conditions 62 -- 

-- End: Conditions 62 -- 
run time: 25.453074 (s),  0.025453074 (s/pass),  1.8938299e-05(s/step)

-- Write: DoF -- 
write: "/media/derick/DeoResearch/experiments/rocksalt3_ZrN_casm/mc_coarse_new_scel/heating/mu_0.2500_0.2500_T_20_2000/conditions.62/final_state.json"

-- Write: Output files -- 
write: "/media/derick/DeoResearch/experiments/rocksalt3_ZrN_casm/mc_coarse_new_scel/heating/mu_0.2500_0.2500_T_20_2000/results.json"
write: "/media/derick/DeoResearch/experiments/rocksalt3_ZrN_casm/mc_coarse_new_scel/heating/mu_0.2500_0.2500_T_20_2000/conditions.62/conditions.json"


-- Set: Conditions -- 
T: 1280
param_chem_pot: [ 0.250000000000 ]


-- Continue with existing DoF -- 

-- Write: DoF -- 
write: "/media/derick/DeoResearch/experiments/rocksalt3_ZrN_casm/mc_coarse_new_scel/heating/mu_0.2500_0.2500_T_20_2000/conditions.63/initial_state.json"

-- Begin: Conditions 63 -- 

-- End: Conditions 63 -- 
run time: 25.401642 (s),  0.025401642 (s/pass),  1.8900031e-05(s/step)

-- Write: DoF -- 
write: "/media/derick/DeoResearch/experiments/rocksalt3_ZrN_casm/mc_coarse_new_scel/heating/mu_0.2500_0.2500_T_20_2000/conditions.63/final_state.json"

-- Write: Output files -- 
write: "/media/derick/DeoResearch/experiments/rocksalt3_ZrN_casm/mc_coarse_new_scel/heating/mu_0.2500_0.2500_T_20_2000/results.json"
write: "/media/derick/DeoResearch/experiments/rocksalt3_ZrN_casm/mc_coarse_new_scel/heating/mu_0.2500_0.2500_T_20_2000/conditions.63/conditions.json"


-- Set: Conditions -- 
T: 1300
param_chem_pot: [ 0.250000000000 ]


-- Continue with existing DoF -- 

-- Write: DoF -- 
write: "/media/derick/DeoResearch/experiments/rocksalt3_ZrN_casm/mc_coarse_new_scel/heating/mu_0.2500_0.2500_T_20_2000/conditions.64/initial_state.json"

-- Begin: Conditions 64 -- 

-- End: Conditions 64 -- 
run time: 25.457321 (s),  0.025457321 (s/pass),  1.8941459e-05(s/step)

-- Write: DoF -- 
write: "/media/derick/DeoResearch/experiments/rocksalt3_ZrN_casm/mc_coarse_new_scel/heating/mu_0.2500_0.2500_T_20_2000/conditions.64/final_state.json"

-- Write: Output files -- 
write: "/media/derick/DeoResearch/experiments/rocksalt3_ZrN_casm/mc_coarse_new_scel/heating/mu_0.2500_0.2500_T_20_2000/results.json"
write: "/media/derick/DeoResearch/experiments/rocksalt3_ZrN_casm/mc_coarse_new_scel/heating/mu_0.2500_0.2500_T_20_2000/conditions.64/conditions.json"


-- Set: Conditions -- 
T: 1320
param_chem_pot: [ 0.250000000000 ]


-- Continue with existing DoF -- 

-- Write: DoF -- 
write: "/media/derick/DeoResearch/experiments/rocksalt3_ZrN_casm/mc_coarse_new_scel/heating/mu_0.2500_0.2500_T_20_2000/conditions.65/initial_state.json"

-- Begin: Conditions 65 -- 

-- End: Conditions 65 -- 
run time: 25.360405 (s),  0.025360405 (s/pass),  1.8869349e-05(s/step)

-- Write: DoF -- 
write: "/media/derick/DeoResearch/experiments/rocksalt3_ZrN_casm/mc_coarse_new_scel/heating/mu_0.2500_0.2500_T_20_2000/conditions.65/final_state.json"

-- Write: Output files -- 
write: "/media/derick/DeoResearch/experiments/rocksalt3_ZrN_casm/mc_coarse_new_scel/heating/mu_0.2500_0.2500_T_20_2000/results.json"
write: "/media/derick/DeoResearch/experiments/rocksalt3_ZrN_casm/mc_coarse_new_scel/heating/mu_0.2500_0.2500_T_20_2000/conditions.65/conditions.json"


-- Set: Conditions -- 
T: 1340
param_chem_pot: [ 0.250000000000 ]


-- Continue with existing DoF -- 

-- Write: DoF -- 
write: "/media/derick/DeoResearch/experiments/rocksalt3_ZrN_casm/mc_coarse_new_scel/heating/mu_0.2500_0.2500_T_20_2000/conditions.66/initial_state.json"

-- Begin: Conditions 66 -- 

-- End: Conditions 66 -- 
run time: 25.439179 (s),  0.025439179 (s/pass),  1.8927961e-05(s/step)

-- Write: DoF -- 
write: "/media/derick/DeoResearch/experiments/rocksalt3_ZrN_casm/mc_coarse_new_scel/heating/mu_0.2500_0.2500_T_20_2000/conditions.66/final_state.json"

-- Write: Output files -- 
write: "/media/derick/DeoResearch/experiments/rocksalt3_ZrN_casm/mc_coarse_new_scel/heating/mu_0.2500_0.2500_T_20_2000/results.json"
write: "/media/derick/DeoResearch/experiments/rocksalt3_ZrN_casm/mc_coarse_new_scel/heating/mu_0.2500_0.2500_T_20_2000/conditions.66/conditions.json"


-- Set: Conditions -- 
T: 1360
param_chem_pot: [ 0.250000000000 ]


-- Continue with existing DoF -- 

-- Write: DoF -- 
write: "/media/derick/DeoResearch/experiments/rocksalt3_ZrN_casm/mc_coarse_new_scel/heating/mu_0.2500_0.2500_T_20_2000/conditions.67/initial_state.json"

-- Begin: Conditions 67 -- 

-- End: Conditions 67 -- 
run time: 19.427881 (s),  0.019427881 (s/pass),  1.4455269e-05(s/step)

-- Write: DoF -- 
write: "/media/derick/DeoResearch/experiments/rocksalt3_ZrN_casm/mc_coarse_new_scel/heating/mu_0.2500_0.2500_T_20_2000/conditions.67/final_state.json"

-- Write: Output files -- 
write: "/media/derick/DeoResearch/experiments/rocksalt3_ZrN_casm/mc_coarse_new_scel/heating/mu_0.2500_0.2500_T_20_2000/results.json"
write: "/media/derick/DeoResearch/experiments/rocksalt3_ZrN_casm/mc_coarse_new_scel/heating/mu_0.2500_0.2500_T_20_2000/conditions.67/conditions.json"


-- Set: Conditions -- 
T: 1380
param_chem_pot: [ 0.250000000000 ]


-- Continue with existing DoF -- 

-- Write: DoF -- 
write: "/media/derick/DeoResearch/experiments/rocksalt3_ZrN_casm/mc_coarse_new_scel/heating/mu_0.2500_0.2500_T_20_2000/conditions.68/initial_state.json"

-- Begin: Conditions 68 -- 

-- End: Conditions 68 -- 
run time: 22.626654 (s),  0.022626654 (s/pass),  1.6835308e-05(s/step)

-- Write: DoF -- 
write: "/media/derick/DeoResearch/experiments/rocksalt3_ZrN_casm/mc_coarse_new_scel/heating/mu_0.2500_0.2500_T_20_2000/conditions.68/final_state.json"

-- Write: Output files -- 
write: "/media/derick/DeoResearch/experiments/rocksalt3_ZrN_casm/mc_coarse_new_scel/heating/mu_0.2500_0.2500_T_20_2000/results.json"
write: "/media/derick/DeoResearch/experiments/rocksalt3_ZrN_casm/mc_coarse_new_scel/heating/mu_0.2500_0.2500_T_20_2000/conditions.68/conditions.json"


-- Set: Conditions -- 
T: 1400
param_chem_pot: [ 0.250000000000 ]


-- Continue with existing DoF -- 

-- Write: DoF -- 
write: "/media/derick/DeoResearch/experiments/rocksalt3_ZrN_casm/mc_coarse_new_scel/heating/mu_0.2500_0.2500_T_20_2000/conditions.69/initial_state.json"

-- Begin: Conditions 69 -- 

-- End: Conditions 69 -- 
run time: 18.132673 (s),  0.018132673 (s/pass),  1.3491572e-05(s/step)

-- Write: DoF -- 
write: "/media/derick/DeoResearch/experiments/rocksalt3_ZrN_casm/mc_coarse_new_scel/heating/mu_0.2500_0.2500_T_20_2000/conditions.69/final_state.json"

-- Write: Output files -- 
write: "/media/derick/DeoResearch/experiments/rocksalt3_ZrN_casm/mc_coarse_new_scel/heating/mu_0.2500_0.2500_T_20_2000/results.json"
write: "/media/derick/DeoResearch/experiments/rocksalt3_ZrN_casm/mc_coarse_new_scel/heating/mu_0.2500_0.2500_T_20_2000/conditions.69/conditions.json"


-- Set: Conditions -- 
T: 1420
param_chem_pot: [ 0.250000000000 ]


-- Continue with existing DoF -- 

-- Write: DoF -- 
write: "/media/derick/DeoResearch/experiments/rocksalt3_ZrN_casm/mc_coarse_new_scel/heating/mu_0.2500_0.2500_T_20_2000/conditions.70/initial_state.json"

-- Begin: Conditions 70 -- 

-- End: Conditions 70 -- 
run time: 25.384972 (s),  0.025384972 (s/pass),  1.8887628e-05(s/step)

-- Write: DoF -- 
write: "/media/derick/DeoResearch/experiments/rocksalt3_ZrN_casm/mc_coarse_new_scel/heating/mu_0.2500_0.2500_T_20_2000/conditions.70/final_state.json"

-- Write: Output files -- 
write: "/media/derick/DeoResearch/experiments/rocksalt3_ZrN_casm/mc_coarse_new_scel/heating/mu_0.2500_0.2500_T_20_2000/results.json"
write: "/media/derick/DeoResearch/experiments/rocksalt3_ZrN_casm/mc_coarse_new_scel/heating/mu_0.2500_0.2500_T_20_2000/conditions.70/conditions.json"


-- Set: Conditions -- 
T: 1440
param_chem_pot: [ 0.250000000000 ]


-- Continue with existing DoF -- 

-- Write: DoF -- 
write: "/media/derick/DeoResearch/experiments/rocksalt3_ZrN_casm/mc_coarse_new_scel/heating/mu_0.2500_0.2500_T_20_2000/conditions.71/initial_state.json"

-- Begin: Conditions 71 -- 

-- End: Conditions 71 -- 
run time: 25.388224 (s),  0.025388224 (s/pass),  1.8890048e-05(s/step)

-- Write: DoF -- 
write: "/media/derick/DeoResearch/experiments/rocksalt3_ZrN_casm/mc_coarse_new_scel/heating/mu_0.2500_0.2500_T_20_2000/conditions.71/final_state.json"

-- Write: Output files -- 
write: "/media/derick/DeoResearch/experiments/rocksalt3_ZrN_casm/mc_coarse_new_scel/heating/mu_0.2500_0.2500_T_20_2000/results.json"
write: "/media/derick/DeoResearch/experiments/rocksalt3_ZrN_casm/mc_coarse_new_scel/heating/mu_0.2500_0.2500_T_20_2000/conditions.71/conditions.json"


-- Set: Conditions -- 
T: 1460
param_chem_pot: [ 0.250000000000 ]


-- Continue with existing DoF -- 

-- Write: DoF -- 
write: "/media/derick/DeoResearch/experiments/rocksalt3_ZrN_casm/mc_coarse_new_scel/heating/mu_0.2500_0.2500_T_20_2000/conditions.72/initial_state.json"

-- Begin: Conditions 72 -- 

-- End: Conditions 72 -- 
run time: 25.453987 (s),  0.025453987 (s/pass),  1.8938979e-05(s/step)

-- Write: DoF -- 
write: "/media/derick/DeoResearch/experiments/rocksalt3_ZrN_casm/mc_coarse_new_scel/heating/mu_0.2500_0.2500_T_20_2000/conditions.72/final_state.json"

-- Write: Output files -- 
write: "/media/derick/DeoResearch/experiments/rocksalt3_ZrN_casm/mc_coarse_new_scel/heating/mu_0.2500_0.2500_T_20_2000/results.json"
write: "/media/derick/DeoResearch/experiments/rocksalt3_ZrN_casm/mc_coarse_new_scel/heating/mu_0.2500_0.2500_T_20_2000/conditions.72/conditions.json"


-- Set: Conditions -- 
T: 1480
param_chem_pot: [ 0.250000000000 ]


-- Continue with existing DoF -- 

-- Write: DoF -- 
write: "/media/derick/DeoResearch/experiments/rocksalt3_ZrN_casm/mc_coarse_new_scel/heating/mu_0.2500_0.2500_T_20_2000/conditions.73/initial_state.json"

-- Begin: Conditions 73 -- 

-- End: Conditions 73 -- 
run time: 25.367252 (s),  0.025367252 (s/pass),  1.8874444e-05(s/step)

-- Write: DoF -- 
write: "/media/derick/DeoResearch/experiments/rocksalt3_ZrN_casm/mc_coarse_new_scel/heating/mu_0.2500_0.2500_T_20_2000/conditions.73/final_state.json"

-- Write: Output files -- 
write: "/media/derick/DeoResearch/experiments/rocksalt3_ZrN_casm/mc_coarse_new_scel/heating/mu_0.2500_0.2500_T_20_2000/results.json"
write: "/media/derick/DeoResearch/experiments/rocksalt3_ZrN_casm/mc_coarse_new_scel/heating/mu_0.2500_0.2500_T_20_2000/conditions.73/conditions.json"


-- Set: Conditions -- 
T: 1500
param_chem_pot: [ 0.250000000000 ]


-- Continue with existing DoF -- 

-- Write: DoF -- 
write: "/media/derick/DeoResearch/experiments/rocksalt3_ZrN_casm/mc_coarse_new_scel/heating/mu_0.2500_0.2500_T_20_2000/conditions.74/initial_state.json"

-- Begin: Conditions 74 -- 

-- End: Conditions 74 -- 
run time: 25.4656 (s),  0.0254656 (s/pass),  1.8947619e-05(s/step)

-- Write: DoF -- 
write: "/media/derick/DeoResearch/experiments/rocksalt3_ZrN_casm/mc_coarse_new_scel/heating/mu_0.2500_0.2500_T_20_2000/conditions.74/final_state.json"

-- Write: Output files -- 
write: "/media/derick/DeoResearch/experiments/rocksalt3_ZrN_casm/mc_coarse_new_scel/heating/mu_0.2500_0.2500_T_20_2000/results.json"
write: "/media/derick/DeoResearch/experiments/rocksalt3_ZrN_casm/mc_coarse_new_scel/heating/mu_0.2500_0.2500_T_20_2000/conditions.74/conditions.json"


-- Set: Conditions -- 
T: 1520
param_chem_pot: [ 0.250000000000 ]


-- Continue with existing DoF -- 

-- Write: DoF -- 
write: "/media/derick/DeoResearch/experiments/rocksalt3_ZrN_casm/mc_coarse_new_scel/heating/mu_0.2500_0.2500_T_20_2000/conditions.75/initial_state.json"

-- Begin: Conditions 75 -- 

-- End: Conditions 75 -- 
run time: 25.40646 (s),  0.02540646 (s/pass),  1.8903616e-05(s/step)

-- Write: DoF -- 
write: "/media/derick/DeoResearch/experiments/rocksalt3_ZrN_casm/mc_coarse_new_scel/heating/mu_0.2500_0.2500_T_20_2000/conditions.75/final_state.json"

-- Write: Output files -- 
write: "/media/derick/DeoResearch/experiments/rocksalt3_ZrN_casm/mc_coarse_new_scel/heating/mu_0.2500_0.2500_T_20_2000/results.json"
write: "/media/derick/DeoResearch/experiments/rocksalt3_ZrN_casm/mc_coarse_new_scel/heating/mu_0.2500_0.2500_T_20_2000/conditions.75/conditions.json"


-- Set: Conditions -- 
T: 1540
param_chem_pot: [ 0.250000000000 ]


-- Continue with existing DoF -- 

-- Write: DoF -- 
write: "/media/derick/DeoResearch/experiments/rocksalt3_ZrN_casm/mc_coarse_new_scel/heating/mu_0.2500_0.2500_T_20_2000/conditions.76/initial_state.json"

-- Begin: Conditions 76 -- 

-- End: Conditions 76 -- 
run time: 25.461931 (s),  0.025461931 (s/pass),  1.8944889e-05(s/step)

-- Write: DoF -- 
write: "/media/derick/DeoResearch/experiments/rocksalt3_ZrN_casm/mc_coarse_new_scel/heating/mu_0.2500_0.2500_T_20_2000/conditions.76/final_state.json"

-- Write: Output files -- 
write: "/media/derick/DeoResearch/experiments/rocksalt3_ZrN_casm/mc_coarse_new_scel/heating/mu_0.2500_0.2500_T_20_2000/results.json"
write: "/media/derick/DeoResearch/experiments/rocksalt3_ZrN_casm/mc_coarse_new_scel/heating/mu_0.2500_0.2500_T_20_2000/conditions.76/conditions.json"


-- Set: Conditions -- 
T: 1560
param_chem_pot: [ 0.250000000000 ]


-- Continue with existing DoF -- 

-- Write: DoF -- 
write: "/media/derick/DeoResearch/experiments/rocksalt3_ZrN_casm/mc_coarse_new_scel/heating/mu_0.2500_0.2500_T_20_2000/conditions.77/initial_state.json"

-- Begin: Conditions 77 -- 

-- End: Conditions 77 -- 
run time: 25.413655 (s),  0.025413655 (s/pass),  1.890897e-05(s/step)

-- Write: DoF -- 
write: "/media/derick/DeoResearch/experiments/rocksalt3_ZrN_casm/mc_coarse_new_scel/heating/mu_0.2500_0.2500_T_20_2000/conditions.77/final_state.json"

-- Write: Output files -- 
write: "/media/derick/DeoResearch/experiments/rocksalt3_ZrN_casm/mc_coarse_new_scel/heating/mu_0.2500_0.2500_T_20_2000/results.json"
write: "/media/derick/DeoResearch/experiments/rocksalt3_ZrN_casm/mc_coarse_new_scel/heating/mu_0.2500_0.2500_T_20_2000/conditions.77/conditions.json"


-- Set: Conditions -- 
T: 1580
param_chem_pot: [ 0.250000000000 ]


-- Continue with existing DoF -- 

-- Write: DoF -- 
write: "/media/derick/DeoResearch/experiments/rocksalt3_ZrN_casm/mc_coarse_new_scel/heating/mu_0.2500_0.2500_T_20_2000/conditions.78/initial_state.json"

-- Begin: Conditions 78 -- 

-- End: Conditions 78 -- 
run time: 25.474287 (s),  0.025474287 (s/pass),  1.8954082e-05(s/step)

-- Write: DoF -- 
write: "/media/derick/DeoResearch/experiments/rocksalt3_ZrN_casm/mc_coarse_new_scel/heating/mu_0.2500_0.2500_T_20_2000/conditions.78/final_state.json"

-- Write: Output files -- 
write: "/media/derick/DeoResearch/experiments/rocksalt3_ZrN_casm/mc_coarse_new_scel/heating/mu_0.2500_0.2500_T_20_2000/results.json"
write: "/media/derick/DeoResearch/experiments/rocksalt3_ZrN_casm/mc_coarse_new_scel/heating/mu_0.2500_0.2500_T_20_2000/conditions.78/conditions.json"


-- Set: Conditions -- 
T: 1600
param_chem_pot: [ 0.250000000000 ]


-- Continue with existing DoF -- 

-- Write: DoF -- 
write: "/media/derick/DeoResearch/experiments/rocksalt3_ZrN_casm/mc_coarse_new_scel/heating/mu_0.2500_0.2500_T_20_2000/conditions.79/initial_state.json"

-- Begin: Conditions 79 -- 

-- End: Conditions 79 -- 
run time: 25.419948 (s),  0.025419948 (s/pass),  1.8913652e-05(s/step)

-- Write: DoF -- 
write: "/media/derick/DeoResearch/experiments/rocksalt3_ZrN_casm/mc_coarse_new_scel/heating/mu_0.2500_0.2500_T_20_2000/conditions.79/final_state.json"

-- Write: Output files -- 
write: "/media/derick/DeoResearch/experiments/rocksalt3_ZrN_casm/mc_coarse_new_scel/heating/mu_0.2500_0.2500_T_20_2000/results.json"
write: "/media/derick/DeoResearch/experiments/rocksalt3_ZrN_casm/mc_coarse_new_scel/heating/mu_0.2500_0.2500_T_20_2000/conditions.79/conditions.json"


-- Set: Conditions -- 
T: 1620
param_chem_pot: [ 0.250000000000 ]


-- Continue with existing DoF -- 

-- Write: DoF -- 
write: "/media/derick/DeoResearch/experiments/rocksalt3_ZrN_casm/mc_coarse_new_scel/heating/mu_0.2500_0.2500_T_20_2000/conditions.80/initial_state.json"

-- Begin: Conditions 80 -- 

-- End: Conditions 80 -- 
run time: 25.454104 (s),  0.025454104 (s/pass),  1.8939066e-05(s/step)

-- Write: DoF -- 
write: "/media/derick/DeoResearch/experiments/rocksalt3_ZrN_casm/mc_coarse_new_scel/heating/mu_0.2500_0.2500_T_20_2000/conditions.80/final_state.json"

-- Write: Output files -- 
write: "/media/derick/DeoResearch/experiments/rocksalt3_ZrN_casm/mc_coarse_new_scel/heating/mu_0.2500_0.2500_T_20_2000/results.json"
write: "/media/derick/DeoResearch/experiments/rocksalt3_ZrN_casm/mc_coarse_new_scel/heating/mu_0.2500_0.2500_T_20_2000/conditions.80/conditions.json"


-- Set: Conditions -- 
T: 1640
param_chem_pot: [ 0.250000000000 ]


-- Continue with existing DoF -- 

-- Write: DoF -- 
write: "/media/derick/DeoResearch/experiments/rocksalt3_ZrN_casm/mc_coarse_new_scel/heating/mu_0.2500_0.2500_T_20_2000/conditions.81/initial_state.json"

-- Begin: Conditions 81 -- 

-- End: Conditions 81 -- 
run time: 21.963075 (s),  0.021963075 (s/pass),  1.6341574e-05(s/step)

-- Write: DoF -- 
write: "/media/derick/DeoResearch/experiments/rocksalt3_ZrN_casm/mc_coarse_new_scel/heating/mu_0.2500_0.2500_T_20_2000/conditions.81/final_state.json"

-- Write: Output files -- 
write: "/media/derick/DeoResearch/experiments/rocksalt3_ZrN_casm/mc_coarse_new_scel/heating/mu_0.2500_0.2500_T_20_2000/results.json"
write: "/media/derick/DeoResearch/experiments/rocksalt3_ZrN_casm/mc_coarse_new_scel/heating/mu_0.2500_0.2500_T_20_2000/conditions.81/conditions.json"


-- Set: Conditions -- 
T: 1660
param_chem_pot: [ 0.250000000000 ]


-- Continue with existing DoF -- 

-- Write: DoF -- 
write: "/media/derick/DeoResearch/experiments/rocksalt3_ZrN_casm/mc_coarse_new_scel/heating/mu_0.2500_0.2500_T_20_2000/conditions.82/initial_state.json"

-- Begin: Conditions 82 -- 

-- End: Conditions 82 -- 
run time: 25.652206 (s),  0.025652206 (s/pass),  1.9086462e-05(s/step)

-- Write: DoF -- 
write: "/media/derick/DeoResearch/experiments/rocksalt3_ZrN_casm/mc_coarse_new_scel/heating/mu_0.2500_0.2500_T_20_2000/conditions.82/final_state.json"

-- Write: Output files -- 
write: "/media/derick/DeoResearch/experiments/rocksalt3_ZrN_casm/mc_coarse_new_scel/heating/mu_0.2500_0.2500_T_20_2000/results.json"
write: "/media/derick/DeoResearch/experiments/rocksalt3_ZrN_casm/mc_coarse_new_scel/heating/mu_0.2500_0.2500_T_20_2000/conditions.82/conditions.json"


-- Set: Conditions -- 
T: 1680
param_chem_pot: [ 0.250000000000 ]


-- Continue with existing DoF -- 

-- Write: DoF -- 
write: "/media/derick/DeoResearch/experiments/rocksalt3_ZrN_casm/mc_coarse_new_scel/heating/mu_0.2500_0.2500_T_20_2000/conditions.83/initial_state.json"

-- Begin: Conditions 83 -- 

-- End: Conditions 83 -- 
run time: 25.588915 (s),  0.025588915 (s/pass),  1.9039372e-05(s/step)

-- Write: DoF -- 
write: "/media/derick/DeoResearch/experiments/rocksalt3_ZrN_casm/mc_coarse_new_scel/heating/mu_0.2500_0.2500_T_20_2000/conditions.83/final_state.json"

-- Write: Output files -- 
write: "/media/derick/DeoResearch/experiments/rocksalt3_ZrN_casm/mc_coarse_new_scel/heating/mu_0.2500_0.2500_T_20_2000/results.json"
write: "/media/derick/DeoResearch/experiments/rocksalt3_ZrN_casm/mc_coarse_new_scel/heating/mu_0.2500_0.2500_T_20_2000/conditions.83/conditions.json"


-- Set: Conditions -- 
T: 1700
param_chem_pot: [ 0.250000000000 ]


-- Continue with existing DoF -- 

-- Write: DoF -- 
write: "/media/derick/DeoResearch/experiments/rocksalt3_ZrN_casm/mc_coarse_new_scel/heating/mu_0.2500_0.2500_T_20_2000/conditions.84/initial_state.json"

-- Begin: Conditions 84 -- 

-- End: Conditions 84 -- 
run time: 25.633792 (s),  0.025633792 (s/pass),  1.9072762e-05(s/step)

-- Write: DoF -- 
write: "/media/derick/DeoResearch/experiments/rocksalt3_ZrN_casm/mc_coarse_new_scel/heating/mu_0.2500_0.2500_T_20_2000/conditions.84/final_state.json"

-- Write: Output files -- 
write: "/media/derick/DeoResearch/experiments/rocksalt3_ZrN_casm/mc_coarse_new_scel/heating/mu_0.2500_0.2500_T_20_2000/results.json"
write: "/media/derick/DeoResearch/experiments/rocksalt3_ZrN_casm/mc_coarse_new_scel/heating/mu_0.2500_0.2500_T_20_2000/conditions.84/conditions.json"


-- Set: Conditions -- 
T: 1720
param_chem_pot: [ 0.250000000000 ]


-- Continue with existing DoF -- 

-- Write: DoF -- 
write: "/media/derick/DeoResearch/experiments/rocksalt3_ZrN_casm/mc_coarse_new_scel/heating/mu_0.2500_0.2500_T_20_2000/conditions.85/initial_state.json"

-- Begin: Conditions 85 -- 

-- End: Conditions 85 -- 
run time: 25.51697 (s),  0.02551697 (s/pass),  1.8985841e-05(s/step)

-- Write: DoF -- 
write: "/media/derick/DeoResearch/experiments/rocksalt3_ZrN_casm/mc_coarse_new_scel/heating/mu_0.2500_0.2500_T_20_2000/conditions.85/final_state.json"

-- Write: Output files -- 
write: "/media/derick/DeoResearch/experiments/rocksalt3_ZrN_casm/mc_coarse_new_scel/heating/mu_0.2500_0.2500_T_20_2000/results.json"
write: "/media/derick/DeoResearch/experiments/rocksalt3_ZrN_casm/mc_coarse_new_scel/heating/mu_0.2500_0.2500_T_20_2000/conditions.85/conditions.json"


-- Set: Conditions -- 
T: 1740
param_chem_pot: [ 0.250000000000 ]


-- Continue with existing DoF -- 

-- Write: DoF -- 
write: "/media/derick/DeoResearch/experiments/rocksalt3_ZrN_casm/mc_coarse_new_scel/heating/mu_0.2500_0.2500_T_20_2000/conditions.86/initial_state.json"

-- Begin: Conditions 86 -- 

-- End: Conditions 86 -- 
run time: 25.642473 (s),  0.025642473 (s/pass),  1.9079221e-05(s/step)

-- Write: DoF -- 
write: "/media/derick/DeoResearch/experiments/rocksalt3_ZrN_casm/mc_coarse_new_scel/heating/mu_0.2500_0.2500_T_20_2000/conditions.86/final_state.json"

-- Write: Output files -- 
write: "/media/derick/DeoResearch/experiments/rocksalt3_ZrN_casm/mc_coarse_new_scel/heating/mu_0.2500_0.2500_T_20_2000/results.json"
write: "/media/derick/DeoResearch/experiments/rocksalt3_ZrN_casm/mc_coarse_new_scel/heating/mu_0.2500_0.2500_T_20_2000/conditions.86/conditions.json"


-- Set: Conditions -- 
T: 1760
param_chem_pot: [ 0.250000000000 ]


-- Continue with existing DoF -- 

-- Write: DoF -- 
write: "/media/derick/DeoResearch/experiments/rocksalt3_ZrN_casm/mc_coarse_new_scel/heating/mu_0.2500_0.2500_T_20_2000/conditions.87/initial_state.json"

-- Begin: Conditions 87 -- 

-- End: Conditions 87 -- 
run time: 25.580617 (s),  0.025580617 (s/pass),  1.9033197e-05(s/step)

-- Write: DoF -- 
write: "/media/derick/DeoResearch/experiments/rocksalt3_ZrN_casm/mc_coarse_new_scel/heating/mu_0.2500_0.2500_T_20_2000/conditions.87/final_state.json"

-- Write: Output files -- 
write: "/media/derick/DeoResearch/experiments/rocksalt3_ZrN_casm/mc_coarse_new_scel/heating/mu_0.2500_0.2500_T_20_2000/results.json"
write: "/media/derick/DeoResearch/experiments/rocksalt3_ZrN_casm/mc_coarse_new_scel/heating/mu_0.2500_0.2500_T_20_2000/conditions.87/conditions.json"


-- Set: Conditions -- 
T: 1780
param_chem_pot: [ 0.250000000000 ]


-- Continue with existing DoF -- 

-- Write: DoF -- 
write: "/media/derick/DeoResearch/experiments/rocksalt3_ZrN_casm/mc_coarse_new_scel/heating/mu_0.2500_0.2500_T_20_2000/conditions.88/initial_state.json"

-- Begin: Conditions 88 -- 

-- End: Conditions 88 -- 
run time: 25.634602 (s),  0.025634602 (s/pass),  1.9073365e-05(s/step)

-- Write: DoF -- 
write: "/media/derick/DeoResearch/experiments/rocksalt3_ZrN_casm/mc_coarse_new_scel/heating/mu_0.2500_0.2500_T_20_2000/conditions.88/final_state.json"

-- Write: Output files -- 
write: "/media/derick/DeoResearch/experiments/rocksalt3_ZrN_casm/mc_coarse_new_scel/heating/mu_0.2500_0.2500_T_20_2000/results.json"
write: "/media/derick/DeoResearch/experiments/rocksalt3_ZrN_casm/mc_coarse_new_scel/heating/mu_0.2500_0.2500_T_20_2000/conditions.88/conditions.json"


-- Set: Conditions -- 
T: 1800
param_chem_pot: [ 0.250000000000 ]


-- Continue with existing DoF -- 

-- Write: DoF -- 
write: "/media/derick/DeoResearch/experiments/rocksalt3_ZrN_casm/mc_coarse_new_scel/heating/mu_0.2500_0.2500_T_20_2000/conditions.89/initial_state.json"

-- Begin: Conditions 89 -- 

-- End: Conditions 89 -- 
run time: 25.569988 (s),  0.025569988 (s/pass),  1.9025289e-05(s/step)

-- Write: DoF -- 
write: "/media/derick/DeoResearch/experiments/rocksalt3_ZrN_casm/mc_coarse_new_scel/heating/mu_0.2500_0.2500_T_20_2000/conditions.89/final_state.json"

-- Write: Output files -- 
write: "/media/derick/DeoResearch/experiments/rocksalt3_ZrN_casm/mc_coarse_new_scel/heating/mu_0.2500_0.2500_T_20_2000/results.json"
write: "/media/derick/DeoResearch/experiments/rocksalt3_ZrN_casm/mc_coarse_new_scel/heating/mu_0.2500_0.2500_T_20_2000/conditions.89/conditions.json"


-- Set: Conditions -- 
T: 1820
param_chem_pot: [ 0.250000000000 ]


-- Continue with existing DoF -- 

-- Write: DoF -- 
write: "/media/derick/DeoResearch/experiments/rocksalt3_ZrN_casm/mc_coarse_new_scel/heating/mu_0.2500_0.2500_T_20_2000/conditions.90/initial_state.json"

-- Begin: Conditions 90 -- 

-- End: Conditions 90 -- 
run time: 25.6366 (s),  0.0256366 (s/pass),  1.9074851e-05(s/step)

-- Write: DoF -- 
write: "/media/derick/DeoResearch/experiments/rocksalt3_ZrN_casm/mc_coarse_new_scel/heating/mu_0.2500_0.2500_T_20_2000/conditions.90/final_state.json"

-- Write: Output files -- 
write: "/media/derick/DeoResearch/experiments/rocksalt3_ZrN_casm/mc_coarse_new_scel/heating/mu_0.2500_0.2500_T_20_2000/results.json"
write: "/media/derick/DeoResearch/experiments/rocksalt3_ZrN_casm/mc_coarse_new_scel/heating/mu_0.2500_0.2500_T_20_2000/conditions.90/conditions.json"


-- Set: Conditions -- 
T: 1840
param_chem_pot: [ 0.250000000000 ]


-- Continue with existing DoF -- 

-- Write: DoF -- 
write: "/media/derick/DeoResearch/experiments/rocksalt3_ZrN_casm/mc_coarse_new_scel/heating/mu_0.2500_0.2500_T_20_2000/conditions.91/initial_state.json"

-- Begin: Conditions 91 -- 

-- End: Conditions 91 -- 
run time: 25.567344 (s),  0.025567344 (s/pass),  1.9023321e-05(s/step)

-- Write: DoF -- 
write: "/media/derick/DeoResearch/experiments/rocksalt3_ZrN_casm/mc_coarse_new_scel/heating/mu_0.2500_0.2500_T_20_2000/conditions.91/final_state.json"

-- Write: Output files -- 
write: "/media/derick/DeoResearch/experiments/rocksalt3_ZrN_casm/mc_coarse_new_scel/heating/mu_0.2500_0.2500_T_20_2000/results.json"
write: "/media/derick/DeoResearch/experiments/rocksalt3_ZrN_casm/mc_coarse_new_scel/heating/mu_0.2500_0.2500_T_20_2000/conditions.91/conditions.json"


-- Set: Conditions -- 
T: 1860
param_chem_pot: [ 0.250000000000 ]


-- Continue with existing DoF -- 

-- Write: DoF -- 
write: "/media/derick/DeoResearch/experiments/rocksalt3_ZrN_casm/mc_coarse_new_scel/heating/mu_0.2500_0.2500_T_20_2000/conditions.92/initial_state.json"

-- Begin: Conditions 92 -- 

-- End: Conditions 92 -- 
run time: 25.654642 (s),  0.025654642 (s/pass),  1.9088275e-05(s/step)

-- Write: DoF -- 
write: "/media/derick/DeoResearch/experiments/rocksalt3_ZrN_casm/mc_coarse_new_scel/heating/mu_0.2500_0.2500_T_20_2000/conditions.92/final_state.json"

-- Write: Output files -- 
write: "/media/derick/DeoResearch/experiments/rocksalt3_ZrN_casm/mc_coarse_new_scel/heating/mu_0.2500_0.2500_T_20_2000/results.json"
write: "/media/derick/DeoResearch/experiments/rocksalt3_ZrN_casm/mc_coarse_new_scel/heating/mu_0.2500_0.2500_T_20_2000/conditions.92/conditions.json"


-- Set: Conditions -- 
T: 1880
param_chem_pot: [ 0.250000000000 ]


-- Continue with existing DoF -- 

-- Write: DoF -- 
write: "/media/derick/DeoResearch/experiments/rocksalt3_ZrN_casm/mc_coarse_new_scel/heating/mu_0.2500_0.2500_T_20_2000/conditions.93/initial_state.json"

-- Begin: Conditions 93 -- 

-- End: Conditions 93 -- 
run time: 25.596871 (s),  0.025596871 (s/pass),  1.9045291e-05(s/step)

-- Write: DoF -- 
write: "/media/derick/DeoResearch/experiments/rocksalt3_ZrN_casm/mc_coarse_new_scel/heating/mu_0.2500_0.2500_T_20_2000/conditions.93/final_state.json"

-- Write: Output files -- 
write: "/media/derick/DeoResearch/experiments/rocksalt3_ZrN_casm/mc_coarse_new_scel/heating/mu_0.2500_0.2500_T_20_2000/results.json"
write: "/media/derick/DeoResearch/experiments/rocksalt3_ZrN_casm/mc_coarse_new_scel/heating/mu_0.2500_0.2500_T_20_2000/conditions.93/conditions.json"


-- Set: Conditions -- 
T: 1900
param_chem_pot: [ 0.250000000000 ]


-- Continue with existing DoF -- 

-- Write: DoF -- 
write: "/media/derick/DeoResearch/experiments/rocksalt3_ZrN_casm/mc_coarse_new_scel/heating/mu_0.2500_0.2500_T_20_2000/conditions.94/initial_state.json"

-- Begin: Conditions 94 -- 

-- End: Conditions 94 -- 
run time: 25.653849 (s),  0.025653849 (s/pass),  1.9087685e-05(s/step)

-- Write: DoF -- 
write: "/media/derick/DeoResearch/experiments/rocksalt3_ZrN_casm/mc_coarse_new_scel/heating/mu_0.2500_0.2500_T_20_2000/conditions.94/final_state.json"

-- Write: Output files -- 
write: "/media/derick/DeoResearch/experiments/rocksalt3_ZrN_casm/mc_coarse_new_scel/heating/mu_0.2500_0.2500_T_20_2000/results.json"
write: "/media/derick/DeoResearch/experiments/rocksalt3_ZrN_casm/mc_coarse_new_scel/heating/mu_0.2500_0.2500_T_20_2000/conditions.94/conditions.json"


-- Set: Conditions -- 
T: 1920
param_chem_pot: [ 0.250000000000 ]


-- Continue with existing DoF -- 

-- Write: DoF -- 
write: "/media/derick/DeoResearch/experiments/rocksalt3_ZrN_casm/mc_coarse_new_scel/heating/mu_0.2500_0.2500_T_20_2000/conditions.95/initial_state.json"

-- Begin: Conditions 95 -- 

-- End: Conditions 95 -- 
run time: 25.583282 (s),  0.025583282 (s/pass),  1.903518e-05(s/step)

-- Write: DoF -- 
write: "/media/derick/DeoResearch/experiments/rocksalt3_ZrN_casm/mc_coarse_new_scel/heating/mu_0.2500_0.2500_T_20_2000/conditions.95/final_state.json"

-- Write: Output files -- 
write: "/media/derick/DeoResearch/experiments/rocksalt3_ZrN_casm/mc_coarse_new_scel/heating/mu_0.2500_0.2500_T_20_2000/results.json"
write: "/media/derick/DeoResearch/experiments/rocksalt3_ZrN_casm/mc_coarse_new_scel/heating/mu_0.2500_0.2500_T_20_2000/conditions.95/conditions.json"


-- Set: Conditions -- 
T: 1940
param_chem_pot: [ 0.250000000000 ]


-- Continue with existing DoF -- 

-- Write: DoF -- 
write: "/media/derick/DeoResearch/experiments/rocksalt3_ZrN_casm/mc_coarse_new_scel/heating/mu_0.2500_0.2500_T_20_2000/conditions.96/initial_state.json"

-- Begin: Conditions 96 -- 

-- End: Conditions 96 -- 
run time: 25.650148 (s),  0.025650148 (s/pass),  1.9084932e-05(s/step)

-- Write: DoF -- 
write: "/media/derick/DeoResearch/experiments/rocksalt3_ZrN_casm/mc_coarse_new_scel/heating/mu_0.2500_0.2500_T_20_2000/conditions.96/final_state.json"

-- Write: Output files -- 
write: "/media/derick/DeoResearch/experiments/rocksalt3_ZrN_casm/mc_coarse_new_scel/heating/mu_0.2500_0.2500_T_20_2000/results.json"
write: "/media/derick/DeoResearch/experiments/rocksalt3_ZrN_casm/mc_coarse_new_scel/heating/mu_0.2500_0.2500_T_20_2000/conditions.96/conditions.json"


-- Set: Conditions -- 
T: 1960
param_chem_pot: [ 0.250000000000 ]


-- Continue with existing DoF -- 

-- Write: DoF -- 
write: "/media/derick/DeoResearch/experiments/rocksalt3_ZrN_casm/mc_coarse_new_scel/heating/mu_0.2500_0.2500_T_20_2000/conditions.97/initial_state.json"

-- Begin: Conditions 97 -- 

-- End: Conditions 97 -- 
run time: 25.599108 (s),  0.025599108 (s/pass),  1.9046955e-05(s/step)

-- Write: DoF -- 
write: "/media/derick/DeoResearch/experiments/rocksalt3_ZrN_casm/mc_coarse_new_scel/heating/mu_0.2500_0.2500_T_20_2000/conditions.97/final_state.json"

-- Write: Output files -- 
write: "/media/derick/DeoResearch/experiments/rocksalt3_ZrN_casm/mc_coarse_new_scel/heating/mu_0.2500_0.2500_T_20_2000/results.json"
write: "/media/derick/DeoResearch/experiments/rocksalt3_ZrN_casm/mc_coarse_new_scel/heating/mu_0.2500_0.2500_T_20_2000/conditions.97/conditions.json"


-- Set: Conditions -- 
T: 1980
param_chem_pot: [ 0.250000000000 ]


-- Continue with existing DoF -- 

-- Write: DoF -- 
write: "/media/derick/DeoResearch/experiments/rocksalt3_ZrN_casm/mc_coarse_new_scel/heating/mu_0.2500_0.2500_T_20_2000/conditions.98/initial_state.json"

-- Begin: Conditions 98 -- 

-- End: Conditions 98 -- 
run time: 25.633462 (s),  0.025633462 (s/pass),  1.9072516e-05(s/step)

-- Write: DoF -- 
write: "/media/derick/DeoResearch/experiments/rocksalt3_ZrN_casm/mc_coarse_new_scel/heating/mu_0.2500_0.2500_T_20_2000/conditions.98/final_state.json"

-- Write: Output files -- 
write: "/media/derick/DeoResearch/experiments/rocksalt3_ZrN_casm/mc_coarse_new_scel/heating/mu_0.2500_0.2500_T_20_2000/results.json"
write: "/media/derick/DeoResearch/experiments/rocksalt3_ZrN_casm/mc_coarse_new_scel/heating/mu_0.2500_0.2500_T_20_2000/conditions.98/conditions.json"


-- Set: Conditions -- 
T: 2000
param_chem_pot: [ 0.250000000000 ]


-- Continue with existing DoF -- 

-- Write: DoF -- 
write: "/media/derick/DeoResearch/experiments/rocksalt3_ZrN_casm/mc_coarse_new_scel/heating/mu_0.2500_0.2500_T_20_2000/conditions.99/initial_state.json"

-- Begin: Conditions 99 -- 

-- End: Conditions 99 -- 
run time: 25.597597 (s),  0.025597597 (s/pass),  1.9045831e-05(s/step)

-- Write: DoF -- 
write: "/media/derick/DeoResearch/experiments/rocksalt3_ZrN_casm/mc_coarse_new_scel/heating/mu_0.2500_0.2500_T_20_2000/conditions.99/final_state.json"

-- Write: Output files -- 
write: "/media/derick/DeoResearch/experiments/rocksalt3_ZrN_casm/mc_coarse_new_scel/heating/mu_0.2500_0.2500_T_20_2000/results.json"
write: "/media/derick/DeoResearch/experiments/rocksalt3_ZrN_casm/mc_coarse_new_scel/heating/mu_0.2500_0.2500_T_20_2000/conditions.99/conditions.json"


