-- Read: Monte Carlo settings -- 
from: "/media/derick/DeoResearch/experiments/rocksalt3_ZrN_casm/mc_coarse_new_scel/heating/mu_0.2250_0.2250_T_20_2000/mc_settings.json"
ensemble: GrandCanonical
method: Metropolis

-- Compiling: /media/derick/DeoResearch/experiments/rocksalt3_ZrN_casm/basis_sets/bset.default/rocksalt_ZrN_casm_1_1_2_Clexulator.cc -- 
compile time depends on how many basis functions are included
compile time: 0.000589234 (s)

-- Construct: Grand Canonical Monte Carlo -- 
project: "/media/derick/DeoResearch/experiments/rocksalt3_ZrN_casm"
formation_energy cluster expansion: formation_energy
      property: formation_energy
      calctype: default
           ref: default
          bset: default
           eci: default
supercell: 
 -4   4 -20
 -4   0  24
  6   4   4
use_deltas: false

Sampling: 
                quantity     requested_precision
            atom_frac(N)                    none
           atom_frac(Zr)                    none
                 comp(a)                   0.001
               comp_n(N)                    none
              comp_n(Va)                    none
              comp_n(Zr)                    none
        formation_energy                    none
        potential_energy                    none
            site_frac(N)                    none
           site_frac(Va)                    none
           site_frac(Zr)                    none

automatic convergence mode?: true

-- Check: For existing calculations -- 
did not find existing calculations

-- Set: Conditions -- 
T: 20
param_chem_pot: [ 0.225000000000 ]

-- Set: DoF -- 
motif configname: default
using configuration with default occupation...

-- Set: DoF -- 
motif configname: auto
searching for minimum potential energy motif...
using conditions: 
T: 20
param_chem_pot: [ 0.225000000000 ]

using: SCEL6_3_2_1_0_1_2/0 with potential energy: -0.26964372

-- Set: Conditions -- 
T: 20
param_chem_pot: [ 0.225000000000 ]


-- Continue with existing DoF -- 

-- Write: DoF -- 
write: "/media/derick/DeoResearch/experiments/rocksalt3_ZrN_casm/mc_coarse_new_scel/heating/mu_0.2250_0.2250_T_20_2000/conditions.0/initial_state.json"

-- Begin: Conditions 0 -- 

-- End: Conditions 0 -- 
run time: 16.815062 (s),  0.016815062 (s/pass),  1.2511207e-05(s/step)

-- Write: DoF -- 
write: "/media/derick/DeoResearch/experiments/rocksalt3_ZrN_casm/mc_coarse_new_scel/heating/mu_0.2250_0.2250_T_20_2000/conditions.0/final_state.json"

-- Write: Output files -- 
write: "/media/derick/DeoResearch/experiments/rocksalt3_ZrN_casm/mc_coarse_new_scel/heating/mu_0.2250_0.2250_T_20_2000/results.json"
write: "/media/derick/DeoResearch/experiments/rocksalt3_ZrN_casm/mc_coarse_new_scel/heating/mu_0.2250_0.2250_T_20_2000/conditions.0/conditions.json"


-- Set: Conditions -- 
T: 40
param_chem_pot: [ 0.225000000000 ]


-- Continue with existing DoF -- 

-- Write: DoF -- 
write: "/media/derick/DeoResearch/experiments/rocksalt3_ZrN_casm/mc_coarse_new_scel/heating/mu_0.2250_0.2250_T_20_2000/conditions.1/initial_state.json"

-- Begin: Conditions 1 -- 

-- End: Conditions 1 -- 
run time: 16.772075 (s),  0.016772075 (s/pass),  1.2479223e-05(s/step)

-- Write: DoF -- 
write: "/media/derick/DeoResearch/experiments/rocksalt3_ZrN_casm/mc_coarse_new_scel/heating/mu_0.2250_0.2250_T_20_2000/conditions.1/final_state.json"

-- Write: Output files -- 
write: "/media/derick/DeoResearch/experiments/rocksalt3_ZrN_casm/mc_coarse_new_scel/heating/mu_0.2250_0.2250_T_20_2000/results.json"
write: "/media/derick/DeoResearch/experiments/rocksalt3_ZrN_casm/mc_coarse_new_scel/heating/mu_0.2250_0.2250_T_20_2000/conditions.1/conditions.json"


-- Set: Conditions -- 
T: 60
param_chem_pot: [ 0.225000000000 ]


-- Continue with existing DoF -- 

-- Write: DoF -- 
write: "/media/derick/DeoResearch/experiments/rocksalt3_ZrN_casm/mc_coarse_new_scel/heating/mu_0.2250_0.2250_T_20_2000/conditions.2/initial_state.json"

-- Begin: Conditions 2 -- 

-- End: Conditions 2 -- 
run time: 16.796291 (s),  0.016796291 (s/pass),  1.249724e-05(s/step)

-- Write: DoF -- 
write: "/media/derick/DeoResearch/experiments/rocksalt3_ZrN_casm/mc_coarse_new_scel/heating/mu_0.2250_0.2250_T_20_2000/conditions.2/final_state.json"

-- Write: Output files -- 
write: "/media/derick/DeoResearch/experiments/rocksalt3_ZrN_casm/mc_coarse_new_scel/heating/mu_0.2250_0.2250_T_20_2000/results.json"
write: "/media/derick/DeoResearch/experiments/rocksalt3_ZrN_casm/mc_coarse_new_scel/heating/mu_0.2250_0.2250_T_20_2000/conditions.2/conditions.json"


-- Set: Conditions -- 
T: 80
param_chem_pot: [ 0.225000000000 ]


-- Continue with existing DoF -- 

-- Write: DoF -- 
write: "/media/derick/DeoResearch/experiments/rocksalt3_ZrN_casm/mc_coarse_new_scel/heating/mu_0.2250_0.2250_T_20_2000/conditions.3/initial_state.json"

-- Begin: Conditions 3 -- 

-- End: Conditions 3 -- 
run time: 16.906711 (s),  0.016906711 (s/pass),  1.2579398e-05(s/step)

-- Write: DoF -- 
write: "/media/derick/DeoResearch/experiments/rocksalt3_ZrN_casm/mc_coarse_new_scel/heating/mu_0.2250_0.2250_T_20_2000/conditions.3/final_state.json"

-- Write: Output files -- 
write: "/media/derick/DeoResearch/experiments/rocksalt3_ZrN_casm/mc_coarse_new_scel/heating/mu_0.2250_0.2250_T_20_2000/results.json"
write: "/media/derick/DeoResearch/experiments/rocksalt3_ZrN_casm/mc_coarse_new_scel/heating/mu_0.2250_0.2250_T_20_2000/conditions.3/conditions.json"


-- Set: Conditions -- 
T: 100
param_chem_pot: [ 0.225000000000 ]


-- Continue with existing DoF -- 

-- Write: DoF -- 
write: "/media/derick/DeoResearch/experiments/rocksalt3_ZrN_casm/mc_coarse_new_scel/heating/mu_0.2250_0.2250_T_20_2000/conditions.4/initial_state.json"

-- Begin: Conditions 4 -- 

-- End: Conditions 4 -- 
run time: 16.912414 (s),  0.016912414 (s/pass),  1.2583641e-05(s/step)

-- Write: DoF -- 
write: "/media/derick/DeoResearch/experiments/rocksalt3_ZrN_casm/mc_coarse_new_scel/heating/mu_0.2250_0.2250_T_20_2000/conditions.4/final_state.json"

-- Write: Output files -- 
write: "/media/derick/DeoResearch/experiments/rocksalt3_ZrN_casm/mc_coarse_new_scel/heating/mu_0.2250_0.2250_T_20_2000/results.json"
write: "/media/derick/DeoResearch/experiments/rocksalt3_ZrN_casm/mc_coarse_new_scel/heating/mu_0.2250_0.2250_T_20_2000/conditions.4/conditions.json"


-- Set: Conditions -- 
T: 120
param_chem_pot: [ 0.225000000000 ]


-- Continue with existing DoF -- 

-- Write: DoF -- 
write: "/media/derick/DeoResearch/experiments/rocksalt3_ZrN_casm/mc_coarse_new_scel/heating/mu_0.2250_0.2250_T_20_2000/conditions.5/initial_state.json"

-- Begin: Conditions 5 -- 

-- End: Conditions 5 -- 
run time: 16.805325 (s),  0.016805325 (s/pass),  1.2503962e-05(s/step)

-- Write: DoF -- 
write: "/media/derick/DeoResearch/experiments/rocksalt3_ZrN_casm/mc_coarse_new_scel/heating/mu_0.2250_0.2250_T_20_2000/conditions.5/final_state.json"

-- Write: Output files -- 
write: "/media/derick/DeoResearch/experiments/rocksalt3_ZrN_casm/mc_coarse_new_scel/heating/mu_0.2250_0.2250_T_20_2000/results.json"
write: "/media/derick/DeoResearch/experiments/rocksalt3_ZrN_casm/mc_coarse_new_scel/heating/mu_0.2250_0.2250_T_20_2000/conditions.5/conditions.json"


-- Set: Conditions -- 
T: 140
param_chem_pot: [ 0.225000000000 ]


-- Continue with existing DoF -- 

-- Write: DoF -- 
write: "/media/derick/DeoResearch/experiments/rocksalt3_ZrN_casm/mc_coarse_new_scel/heating/mu_0.2250_0.2250_T_20_2000/conditions.6/initial_state.json"

-- Begin: Conditions 6 -- 

-- End: Conditions 6 -- 
run time: 16.878679 (s),  0.016878679 (s/pass),  1.2558541e-05(s/step)

-- Write: DoF -- 
write: "/media/derick/DeoResearch/experiments/rocksalt3_ZrN_casm/mc_coarse_new_scel/heating/mu_0.2250_0.2250_T_20_2000/conditions.6/final_state.json"

-- Write: Output files -- 
write: "/media/derick/DeoResearch/experiments/rocksalt3_ZrN_casm/mc_coarse_new_scel/heating/mu_0.2250_0.2250_T_20_2000/results.json"
write: "/media/derick/DeoResearch/experiments/rocksalt3_ZrN_casm/mc_coarse_new_scel/heating/mu_0.2250_0.2250_T_20_2000/conditions.6/conditions.json"


-- Set: Conditions -- 
T: 160
param_chem_pot: [ 0.225000000000 ]


-- Continue with existing DoF -- 

-- Write: DoF -- 
write: "/media/derick/DeoResearch/experiments/rocksalt3_ZrN_casm/mc_coarse_new_scel/heating/mu_0.2250_0.2250_T_20_2000/conditions.7/initial_state.json"

-- Begin: Conditions 7 -- 

-- End: Conditions 7 -- 
run time: 16.770918 (s),  0.016770918 (s/pass),  1.2478362e-05(s/step)

-- Write: DoF -- 
write: "/media/derick/DeoResearch/experiments/rocksalt3_ZrN_casm/mc_coarse_new_scel/heating/mu_0.2250_0.2250_T_20_2000/conditions.7/final_state.json"

-- Write: Output files -- 
write: "/media/derick/DeoResearch/experiments/rocksalt3_ZrN_casm/mc_coarse_new_scel/heating/mu_0.2250_0.2250_T_20_2000/results.json"
write: "/media/derick/DeoResearch/experiments/rocksalt3_ZrN_casm/mc_coarse_new_scel/heating/mu_0.2250_0.2250_T_20_2000/conditions.7/conditions.json"


-- Set: Conditions -- 
T: 180
param_chem_pot: [ 0.225000000000 ]


-- Continue with existing DoF -- 

-- Write: DoF -- 
write: "/media/derick/DeoResearch/experiments/rocksalt3_ZrN_casm/mc_coarse_new_scel/heating/mu_0.2250_0.2250_T_20_2000/conditions.8/initial_state.json"

-- Begin: Conditions 8 -- 

-- End: Conditions 8 -- 
run time: 16.791286 (s),  0.016791286 (s/pass),  1.2493516e-05(s/step)

-- Write: DoF -- 
write: "/media/derick/DeoResearch/experiments/rocksalt3_ZrN_casm/mc_coarse_new_scel/heating/mu_0.2250_0.2250_T_20_2000/conditions.8/final_state.json"

-- Write: Output files -- 
write: "/media/derick/DeoResearch/experiments/rocksalt3_ZrN_casm/mc_coarse_new_scel/heating/mu_0.2250_0.2250_T_20_2000/results.json"
write: "/media/derick/DeoResearch/experiments/rocksalt3_ZrN_casm/mc_coarse_new_scel/heating/mu_0.2250_0.2250_T_20_2000/conditions.8/conditions.json"


-- Set: Conditions -- 
T: 200
param_chem_pot: [ 0.225000000000 ]


-- Continue with existing DoF -- 

-- Write: DoF -- 
write: "/media/derick/DeoResearch/experiments/rocksalt3_ZrN_casm/mc_coarse_new_scel/heating/mu_0.2250_0.2250_T_20_2000/conditions.9/initial_state.json"

-- Begin: Conditions 9 -- 

-- End: Conditions 9 -- 
run time: 16.741896 (s),  0.016741896 (s/pass),  1.2456768e-05(s/step)

-- Write: DoF -- 
write: "/media/derick/DeoResearch/experiments/rocksalt3_ZrN_casm/mc_coarse_new_scel/heating/mu_0.2250_0.2250_T_20_2000/conditions.9/final_state.json"

-- Write: Output files -- 
write: "/media/derick/DeoResearch/experiments/rocksalt3_ZrN_casm/mc_coarse_new_scel/heating/mu_0.2250_0.2250_T_20_2000/results.json"
write: "/media/derick/DeoResearch/experiments/rocksalt3_ZrN_casm/mc_coarse_new_scel/heating/mu_0.2250_0.2250_T_20_2000/conditions.9/conditions.json"


-- Set: Conditions -- 
T: 220
param_chem_pot: [ 0.225000000000 ]


-- Continue with existing DoF -- 

-- Write: DoF -- 
write: "/media/derick/DeoResearch/experiments/rocksalt3_ZrN_casm/mc_coarse_new_scel/heating/mu_0.2250_0.2250_T_20_2000/conditions.10/initial_state.json"

-- Begin: Conditions 10 -- 

-- End: Conditions 10 -- 
run time: 16.81692 (s),  0.01681692 (s/pass),  1.2512589e-05(s/step)

-- Write: DoF -- 
write: "/media/derick/DeoResearch/experiments/rocksalt3_ZrN_casm/mc_coarse_new_scel/heating/mu_0.2250_0.2250_T_20_2000/conditions.10/final_state.json"

-- Write: Output files -- 
write: "/media/derick/DeoResearch/experiments/rocksalt3_ZrN_casm/mc_coarse_new_scel/heating/mu_0.2250_0.2250_T_20_2000/results.json"
write: "/media/derick/DeoResearch/experiments/rocksalt3_ZrN_casm/mc_coarse_new_scel/heating/mu_0.2250_0.2250_T_20_2000/conditions.10/conditions.json"


-- Set: Conditions -- 
T: 240
param_chem_pot: [ 0.225000000000 ]


-- Continue with existing DoF -- 

-- Write: DoF -- 
write: "/media/derick/DeoResearch/experiments/rocksalt3_ZrN_casm/mc_coarse_new_scel/heating/mu_0.2250_0.2250_T_20_2000/conditions.11/initial_state.json"

-- Begin: Conditions 11 -- 

-- End: Conditions 11 -- 
run time: 16.815019 (s),  0.016815019 (s/pass),  1.2511175e-05(s/step)

-- Write: DoF -- 
write: "/media/derick/DeoResearch/experiments/rocksalt3_ZrN_casm/mc_coarse_new_scel/heating/mu_0.2250_0.2250_T_20_2000/conditions.11/final_state.json"

-- Write: Output files -- 
write: "/media/derick/DeoResearch/experiments/rocksalt3_ZrN_casm/mc_coarse_new_scel/heating/mu_0.2250_0.2250_T_20_2000/results.json"
write: "/media/derick/DeoResearch/experiments/rocksalt3_ZrN_casm/mc_coarse_new_scel/heating/mu_0.2250_0.2250_T_20_2000/conditions.11/conditions.json"


-- Set: Conditions -- 
T: 260
param_chem_pot: [ 0.225000000000 ]


-- Continue with existing DoF -- 

-- Write: DoF -- 
write: "/media/derick/DeoResearch/experiments/rocksalt3_ZrN_casm/mc_coarse_new_scel/heating/mu_0.2250_0.2250_T_20_2000/conditions.12/initial_state.json"

-- Begin: Conditions 12 -- 

-- End: Conditions 12 -- 
run time: 16.857782 (s),  0.016857782 (s/pass),  1.2542992e-05(s/step)

-- Write: DoF -- 
write: "/media/derick/DeoResearch/experiments/rocksalt3_ZrN_casm/mc_coarse_new_scel/heating/mu_0.2250_0.2250_T_20_2000/conditions.12/final_state.json"

-- Write: Output files -- 
write: "/media/derick/DeoResearch/experiments/rocksalt3_ZrN_casm/mc_coarse_new_scel/heating/mu_0.2250_0.2250_T_20_2000/results.json"
write: "/media/derick/DeoResearch/experiments/rocksalt3_ZrN_casm/mc_coarse_new_scel/heating/mu_0.2250_0.2250_T_20_2000/conditions.12/conditions.json"


-- Set: Conditions -- 
T: 280
param_chem_pot: [ 0.225000000000 ]


-- Continue with existing DoF -- 

-- Write: DoF -- 
write: "/media/derick/DeoResearch/experiments/rocksalt3_ZrN_casm/mc_coarse_new_scel/heating/mu_0.2250_0.2250_T_20_2000/conditions.13/initial_state.json"

-- Begin: Conditions 13 -- 

-- End: Conditions 13 -- 
run time: 16.800878 (s),  0.016800878 (s/pass),  1.2500653e-05(s/step)

-- Write: DoF -- 
write: "/media/derick/DeoResearch/experiments/rocksalt3_ZrN_casm/mc_coarse_new_scel/heating/mu_0.2250_0.2250_T_20_2000/conditions.13/final_state.json"

-- Write: Output files -- 
write: "/media/derick/DeoResearch/experiments/rocksalt3_ZrN_casm/mc_coarse_new_scel/heating/mu_0.2250_0.2250_T_20_2000/results.json"
write: "/media/derick/DeoResearch/experiments/rocksalt3_ZrN_casm/mc_coarse_new_scel/heating/mu_0.2250_0.2250_T_20_2000/conditions.13/conditions.json"


-- Set: Conditions -- 
T: 300
param_chem_pot: [ 0.225000000000 ]


-- Continue with existing DoF -- 

-- Write: DoF -- 
write: "/media/derick/DeoResearch/experiments/rocksalt3_ZrN_casm/mc_coarse_new_scel/heating/mu_0.2250_0.2250_T_20_2000/conditions.14/initial_state.json"

-- Begin: Conditions 14 -- 

-- End: Conditions 14 -- 
run time: 16.846436 (s),  0.016846436 (s/pass),  1.2534551e-05(s/step)

-- Write: DoF -- 
write: "/media/derick/DeoResearch/experiments/rocksalt3_ZrN_casm/mc_coarse_new_scel/heating/mu_0.2250_0.2250_T_20_2000/conditions.14/final_state.json"

-- Write: Output files -- 
write: "/media/derick/DeoResearch/experiments/rocksalt3_ZrN_casm/mc_coarse_new_scel/heating/mu_0.2250_0.2250_T_20_2000/results.json"
write: "/media/derick/DeoResearch/experiments/rocksalt3_ZrN_casm/mc_coarse_new_scel/heating/mu_0.2250_0.2250_T_20_2000/conditions.14/conditions.json"


-- Set: Conditions -- 
T: 320
param_chem_pot: [ 0.225000000000 ]


-- Continue with existing DoF -- 

-- Write: DoF -- 
write: "/media/derick/DeoResearch/experiments/rocksalt3_ZrN_casm/mc_coarse_new_scel/heating/mu_0.2250_0.2250_T_20_2000/conditions.15/initial_state.json"

-- Begin: Conditions 15 -- 

-- End: Conditions 15 -- 
run time: 16.789533 (s),  0.016789533 (s/pass),  1.2492212e-05(s/step)

-- Write: DoF -- 
write: "/media/derick/DeoResearch/experiments/rocksalt3_ZrN_casm/mc_coarse_new_scel/heating/mu_0.2250_0.2250_T_20_2000/conditions.15/final_state.json"

-- Write: Output files -- 
write: "/media/derick/DeoResearch/experiments/rocksalt3_ZrN_casm/mc_coarse_new_scel/heating/mu_0.2250_0.2250_T_20_2000/results.json"
write: "/media/derick/DeoResearch/experiments/rocksalt3_ZrN_casm/mc_coarse_new_scel/heating/mu_0.2250_0.2250_T_20_2000/conditions.15/conditions.json"


-- Set: Conditions -- 
T: 340
param_chem_pot: [ 0.225000000000 ]


-- Continue with existing DoF -- 

-- Write: DoF -- 
write: "/media/derick/DeoResearch/experiments/rocksalt3_ZrN_casm/mc_coarse_new_scel/heating/mu_0.2250_0.2250_T_20_2000/conditions.16/initial_state.json"

-- Begin: Conditions 16 -- 

-- End: Conditions 16 -- 
run time: 16.846482 (s),  0.016846482 (s/pass),  1.2534585e-05(s/step)

-- Write: DoF -- 
write: "/media/derick/DeoResearch/experiments/rocksalt3_ZrN_casm/mc_coarse_new_scel/heating/mu_0.2250_0.2250_T_20_2000/conditions.16/final_state.json"

-- Write: Output files -- 
write: "/media/derick/DeoResearch/experiments/rocksalt3_ZrN_casm/mc_coarse_new_scel/heating/mu_0.2250_0.2250_T_20_2000/results.json"
write: "/media/derick/DeoResearch/experiments/rocksalt3_ZrN_casm/mc_coarse_new_scel/heating/mu_0.2250_0.2250_T_20_2000/conditions.16/conditions.json"


-- Set: Conditions -- 
T: 360
param_chem_pot: [ 0.225000000000 ]


-- Continue with existing DoF -- 

-- Write: DoF -- 
write: "/media/derick/DeoResearch/experiments/rocksalt3_ZrN_casm/mc_coarse_new_scel/heating/mu_0.2250_0.2250_T_20_2000/conditions.17/initial_state.json"

-- Begin: Conditions 17 -- 

-- End: Conditions 17 -- 
run time: 21.850318 (s),  0.016807937 (s/pass),  1.2505905e-05(s/step)

-- Write: DoF -- 
write: "/media/derick/DeoResearch/experiments/rocksalt3_ZrN_casm/mc_coarse_new_scel/heating/mu_0.2250_0.2250_T_20_2000/conditions.17/final_state.json"

-- Write: Output files -- 
write: "/media/derick/DeoResearch/experiments/rocksalt3_ZrN_casm/mc_coarse_new_scel/heating/mu_0.2250_0.2250_T_20_2000/results.json"
write: "/media/derick/DeoResearch/experiments/rocksalt3_ZrN_casm/mc_coarse_new_scel/heating/mu_0.2250_0.2250_T_20_2000/conditions.17/conditions.json"


-- Set: Conditions -- 
T: 380
param_chem_pot: [ 0.225000000000 ]


-- Continue with existing DoF -- 

-- Write: DoF -- 
write: "/media/derick/DeoResearch/experiments/rocksalt3_ZrN_casm/mc_coarse_new_scel/heating/mu_0.2250_0.2250_T_20_2000/conditions.18/initial_state.json"

-- Begin: Conditions 18 -- 

-- End: Conditions 18 -- 
run time: 16.808896 (s),  0.016808896 (s/pass),  1.2506619e-05(s/step)

-- Write: DoF -- 
write: "/media/derick/DeoResearch/experiments/rocksalt3_ZrN_casm/mc_coarse_new_scel/heating/mu_0.2250_0.2250_T_20_2000/conditions.18/final_state.json"

-- Write: Output files -- 
write: "/media/derick/DeoResearch/experiments/rocksalt3_ZrN_casm/mc_coarse_new_scel/heating/mu_0.2250_0.2250_T_20_2000/results.json"
write: "/media/derick/DeoResearch/experiments/rocksalt3_ZrN_casm/mc_coarse_new_scel/heating/mu_0.2250_0.2250_T_20_2000/conditions.18/conditions.json"


-- Set: Conditions -- 
T: 400
param_chem_pot: [ 0.225000000000 ]


-- Continue with existing DoF -- 

-- Write: DoF -- 
write: "/media/derick/DeoResearch/experiments/rocksalt3_ZrN_casm/mc_coarse_new_scel/heating/mu_0.2250_0.2250_T_20_2000/conditions.19/initial_state.json"

-- Begin: Conditions 19 -- 

-- End: Conditions 19 -- 
run time: 16.826121 (s),  0.016826121 (s/pass),  1.2519436e-05(s/step)

-- Write: DoF -- 
write: "/media/derick/DeoResearch/experiments/rocksalt3_ZrN_casm/mc_coarse_new_scel/heating/mu_0.2250_0.2250_T_20_2000/conditions.19/final_state.json"

-- Write: Output files -- 
write: "/media/derick/DeoResearch/experiments/rocksalt3_ZrN_casm/mc_coarse_new_scel/heating/mu_0.2250_0.2250_T_20_2000/results.json"
write: "/media/derick/DeoResearch/experiments/rocksalt3_ZrN_casm/mc_coarse_new_scel/heating/mu_0.2250_0.2250_T_20_2000/conditions.19/conditions.json"


-- Set: Conditions -- 
T: 420
param_chem_pot: [ 0.225000000000 ]


-- Continue with existing DoF -- 

-- Write: DoF -- 
write: "/media/derick/DeoResearch/experiments/rocksalt3_ZrN_casm/mc_coarse_new_scel/heating/mu_0.2250_0.2250_T_20_2000/conditions.20/initial_state.json"

-- Begin: Conditions 20 -- 

-- End: Conditions 20 -- 
run time: 16.839179 (s),  0.016839179 (s/pass),  1.2529151e-05(s/step)

-- Write: DoF -- 
write: "/media/derick/DeoResearch/experiments/rocksalt3_ZrN_casm/mc_coarse_new_scel/heating/mu_0.2250_0.2250_T_20_2000/conditions.20/final_state.json"

-- Write: Output files -- 
write: "/media/derick/DeoResearch/experiments/rocksalt3_ZrN_casm/mc_coarse_new_scel/heating/mu_0.2250_0.2250_T_20_2000/results.json"
write: "/media/derick/DeoResearch/experiments/rocksalt3_ZrN_casm/mc_coarse_new_scel/heating/mu_0.2250_0.2250_T_20_2000/conditions.20/conditions.json"


-- Set: Conditions -- 
T: 440
param_chem_pot: [ 0.225000000000 ]


-- Continue with existing DoF -- 

-- Write: DoF -- 
write: "/media/derick/DeoResearch/experiments/rocksalt3_ZrN_casm/mc_coarse_new_scel/heating/mu_0.2250_0.2250_T_20_2000/conditions.21/initial_state.json"

-- Begin: Conditions 21 -- 

-- End: Conditions 21 -- 
run time: 16.760689 (s),  0.016760689 (s/pass),  1.2470751e-05(s/step)

-- Write: DoF -- 
write: "/media/derick/DeoResearch/experiments/rocksalt3_ZrN_casm/mc_coarse_new_scel/heating/mu_0.2250_0.2250_T_20_2000/conditions.21/final_state.json"

-- Write: Output files -- 
write: "/media/derick/DeoResearch/experiments/rocksalt3_ZrN_casm/mc_coarse_new_scel/heating/mu_0.2250_0.2250_T_20_2000/results.json"
write: "/media/derick/DeoResearch/experiments/rocksalt3_ZrN_casm/mc_coarse_new_scel/heating/mu_0.2250_0.2250_T_20_2000/conditions.21/conditions.json"


-- Set: Conditions -- 
T: 460
param_chem_pot: [ 0.225000000000 ]


-- Continue with existing DoF -- 

-- Write: DoF -- 
write: "/media/derick/DeoResearch/experiments/rocksalt3_ZrN_casm/mc_coarse_new_scel/heating/mu_0.2250_0.2250_T_20_2000/conditions.22/initial_state.json"

-- Begin: Conditions 22 -- 

-- End: Conditions 22 -- 
run time: 16.804191 (s),  0.016804191 (s/pass),  1.2503118e-05(s/step)

-- Write: DoF -- 
write: "/media/derick/DeoResearch/experiments/rocksalt3_ZrN_casm/mc_coarse_new_scel/heating/mu_0.2250_0.2250_T_20_2000/conditions.22/final_state.json"

-- Write: Output files -- 
write: "/media/derick/DeoResearch/experiments/rocksalt3_ZrN_casm/mc_coarse_new_scel/heating/mu_0.2250_0.2250_T_20_2000/results.json"
write: "/media/derick/DeoResearch/experiments/rocksalt3_ZrN_casm/mc_coarse_new_scel/heating/mu_0.2250_0.2250_T_20_2000/conditions.22/conditions.json"


-- Set: Conditions -- 
T: 480
param_chem_pot: [ 0.225000000000 ]


-- Continue with existing DoF -- 

-- Write: DoF -- 
write: "/media/derick/DeoResearch/experiments/rocksalt3_ZrN_casm/mc_coarse_new_scel/heating/mu_0.2250_0.2250_T_20_2000/conditions.23/initial_state.json"

-- Begin: Conditions 23 -- 

-- End: Conditions 23 -- 
run time: 16.795445 (s),  0.016795445 (s/pass),  1.2496611e-05(s/step)

-- Write: DoF -- 
write: "/media/derick/DeoResearch/experiments/rocksalt3_ZrN_casm/mc_coarse_new_scel/heating/mu_0.2250_0.2250_T_20_2000/conditions.23/final_state.json"

-- Write: Output files -- 
write: "/media/derick/DeoResearch/experiments/rocksalt3_ZrN_casm/mc_coarse_new_scel/heating/mu_0.2250_0.2250_T_20_2000/results.json"
write: "/media/derick/DeoResearch/experiments/rocksalt3_ZrN_casm/mc_coarse_new_scel/heating/mu_0.2250_0.2250_T_20_2000/conditions.23/conditions.json"


-- Set: Conditions -- 
T: 500
param_chem_pot: [ 0.225000000000 ]


-- Continue with existing DoF -- 

-- Write: DoF -- 
write: "/media/derick/DeoResearch/experiments/rocksalt3_ZrN_casm/mc_coarse_new_scel/heating/mu_0.2250_0.2250_T_20_2000/conditions.24/initial_state.json"

-- Begin: Conditions 24 -- 

-- End: Conditions 24 -- 
run time: 16.819107 (s),  0.016819107 (s/pass),  1.2514217e-05(s/step)

-- Write: DoF -- 
write: "/media/derick/DeoResearch/experiments/rocksalt3_ZrN_casm/mc_coarse_new_scel/heating/mu_0.2250_0.2250_T_20_2000/conditions.24/final_state.json"

-- Write: Output files -- 
write: "/media/derick/DeoResearch/experiments/rocksalt3_ZrN_casm/mc_coarse_new_scel/heating/mu_0.2250_0.2250_T_20_2000/results.json"
write: "/media/derick/DeoResearch/experiments/rocksalt3_ZrN_casm/mc_coarse_new_scel/heating/mu_0.2250_0.2250_T_20_2000/conditions.24/conditions.json"


-- Set: Conditions -- 
T: 520
param_chem_pot: [ 0.225000000000 ]


-- Continue with existing DoF -- 

-- Write: DoF -- 
write: "/media/derick/DeoResearch/experiments/rocksalt3_ZrN_casm/mc_coarse_new_scel/heating/mu_0.2250_0.2250_T_20_2000/conditions.25/initial_state.json"

-- Begin: Conditions 25 -- 

-- End: Conditions 25 -- 
run time: 16.776465 (s),  0.016776465 (s/pass),  1.2482489e-05(s/step)

-- Write: DoF -- 
write: "/media/derick/DeoResearch/experiments/rocksalt3_ZrN_casm/mc_coarse_new_scel/heating/mu_0.2250_0.2250_T_20_2000/conditions.25/final_state.json"

-- Write: Output files -- 
write: "/media/derick/DeoResearch/experiments/rocksalt3_ZrN_casm/mc_coarse_new_scel/heating/mu_0.2250_0.2250_T_20_2000/results.json"
write: "/media/derick/DeoResearch/experiments/rocksalt3_ZrN_casm/mc_coarse_new_scel/heating/mu_0.2250_0.2250_T_20_2000/conditions.25/conditions.json"


-- Set: Conditions -- 
T: 540
param_chem_pot: [ 0.225000000000 ]


-- Continue with existing DoF -- 

-- Write: DoF -- 
write: "/media/derick/DeoResearch/experiments/rocksalt3_ZrN_casm/mc_coarse_new_scel/heating/mu_0.2250_0.2250_T_20_2000/conditions.26/initial_state.json"

-- Begin: Conditions 26 -- 

-- End: Conditions 26 -- 
run time: 16.840128 (s),  0.016840128 (s/pass),  1.2529857e-05(s/step)

-- Write: DoF -- 
write: "/media/derick/DeoResearch/experiments/rocksalt3_ZrN_casm/mc_coarse_new_scel/heating/mu_0.2250_0.2250_T_20_2000/conditions.26/final_state.json"

-- Write: Output files -- 
write: "/media/derick/DeoResearch/experiments/rocksalt3_ZrN_casm/mc_coarse_new_scel/heating/mu_0.2250_0.2250_T_20_2000/results.json"
write: "/media/derick/DeoResearch/experiments/rocksalt3_ZrN_casm/mc_coarse_new_scel/heating/mu_0.2250_0.2250_T_20_2000/conditions.26/conditions.json"


-- Set: Conditions -- 
T: 560
param_chem_pot: [ 0.225000000000 ]


-- Continue with existing DoF -- 

-- Write: DoF -- 
write: "/media/derick/DeoResearch/experiments/rocksalt3_ZrN_casm/mc_coarse_new_scel/heating/mu_0.2250_0.2250_T_20_2000/conditions.27/initial_state.json"

-- Begin: Conditions 27 -- 

-- End: Conditions 27 -- 
run time: 16.805916 (s),  0.016805916 (s/pass),  1.2504402e-05(s/step)

-- Write: DoF -- 
write: "/media/derick/DeoResearch/experiments/rocksalt3_ZrN_casm/mc_coarse_new_scel/heating/mu_0.2250_0.2250_T_20_2000/conditions.27/final_state.json"

-- Write: Output files -- 
write: "/media/derick/DeoResearch/experiments/rocksalt3_ZrN_casm/mc_coarse_new_scel/heating/mu_0.2250_0.2250_T_20_2000/results.json"
write: "/media/derick/DeoResearch/experiments/rocksalt3_ZrN_casm/mc_coarse_new_scel/heating/mu_0.2250_0.2250_T_20_2000/conditions.27/conditions.json"


-- Set: Conditions -- 
T: 580
param_chem_pot: [ 0.225000000000 ]


-- Continue with existing DoF -- 

-- Write: DoF -- 
write: "/media/derick/DeoResearch/experiments/rocksalt3_ZrN_casm/mc_coarse_new_scel/heating/mu_0.2250_0.2250_T_20_2000/conditions.28/initial_state.json"

-- Begin: Conditions 28 -- 

-- End: Conditions 28 -- 
run time: 16.829916 (s),  0.016829916 (s/pass),  1.2522259e-05(s/step)

-- Write: DoF -- 
write: "/media/derick/DeoResearch/experiments/rocksalt3_ZrN_casm/mc_coarse_new_scel/heating/mu_0.2250_0.2250_T_20_2000/conditions.28/final_state.json"

-- Write: Output files -- 
write: "/media/derick/DeoResearch/experiments/rocksalt3_ZrN_casm/mc_coarse_new_scel/heating/mu_0.2250_0.2250_T_20_2000/results.json"
write: "/media/derick/DeoResearch/experiments/rocksalt3_ZrN_casm/mc_coarse_new_scel/heating/mu_0.2250_0.2250_T_20_2000/conditions.28/conditions.json"


-- Set: Conditions -- 
T: 600
param_chem_pot: [ 0.225000000000 ]


-- Continue with existing DoF -- 

-- Write: DoF -- 
write: "/media/derick/DeoResearch/experiments/rocksalt3_ZrN_casm/mc_coarse_new_scel/heating/mu_0.2250_0.2250_T_20_2000/conditions.29/initial_state.json"

-- Begin: Conditions 29 -- 

-- End: Conditions 29 -- 
run time: 16.827014 (s),  0.016827014 (s/pass),  1.25201e-05(s/step)

-- Write: DoF -- 
write: "/media/derick/DeoResearch/experiments/rocksalt3_ZrN_casm/mc_coarse_new_scel/heating/mu_0.2250_0.2250_T_20_2000/conditions.29/final_state.json"

-- Write: Output files -- 
write: "/media/derick/DeoResearch/experiments/rocksalt3_ZrN_casm/mc_coarse_new_scel/heating/mu_0.2250_0.2250_T_20_2000/results.json"
write: "/media/derick/DeoResearch/experiments/rocksalt3_ZrN_casm/mc_coarse_new_scel/heating/mu_0.2250_0.2250_T_20_2000/conditions.29/conditions.json"


-- Set: Conditions -- 
T: 620
param_chem_pot: [ 0.225000000000 ]


-- Continue with existing DoF -- 

-- Write: DoF -- 
write: "/media/derick/DeoResearch/experiments/rocksalt3_ZrN_casm/mc_coarse_new_scel/heating/mu_0.2250_0.2250_T_20_2000/conditions.30/initial_state.json"

-- Begin: Conditions 30 -- 

-- End: Conditions 30 -- 
run time: 16.850625 (s),  0.016850625 (s/pass),  1.2537668e-05(s/step)

-- Write: DoF -- 
write: "/media/derick/DeoResearch/experiments/rocksalt3_ZrN_casm/mc_coarse_new_scel/heating/mu_0.2250_0.2250_T_20_2000/conditions.30/final_state.json"

-- Write: Output files -- 
write: "/media/derick/DeoResearch/experiments/rocksalt3_ZrN_casm/mc_coarse_new_scel/heating/mu_0.2250_0.2250_T_20_2000/results.json"
write: "/media/derick/DeoResearch/experiments/rocksalt3_ZrN_casm/mc_coarse_new_scel/heating/mu_0.2250_0.2250_T_20_2000/conditions.30/conditions.json"


-- Set: Conditions -- 
T: 640
param_chem_pot: [ 0.225000000000 ]


-- Continue with existing DoF -- 

-- Write: DoF -- 
write: "/media/derick/DeoResearch/experiments/rocksalt3_ZrN_casm/mc_coarse_new_scel/heating/mu_0.2250_0.2250_T_20_2000/conditions.31/initial_state.json"

-- Begin: Conditions 31 -- 

-- End: Conditions 31 -- 
run time: 16.828075 (s),  0.016828075 (s/pass),  1.2520889e-05(s/step)

-- Write: DoF -- 
write: "/media/derick/DeoResearch/experiments/rocksalt3_ZrN_casm/mc_coarse_new_scel/heating/mu_0.2250_0.2250_T_20_2000/conditions.31/final_state.json"

-- Write: Output files -- 
write: "/media/derick/DeoResearch/experiments/rocksalt3_ZrN_casm/mc_coarse_new_scel/heating/mu_0.2250_0.2250_T_20_2000/results.json"
write: "/media/derick/DeoResearch/experiments/rocksalt3_ZrN_casm/mc_coarse_new_scel/heating/mu_0.2250_0.2250_T_20_2000/conditions.31/conditions.json"


-- Set: Conditions -- 
T: 660
param_chem_pot: [ 0.225000000000 ]


-- Continue with existing DoF -- 

-- Write: DoF -- 
write: "/media/derick/DeoResearch/experiments/rocksalt3_ZrN_casm/mc_coarse_new_scel/heating/mu_0.2250_0.2250_T_20_2000/conditions.32/initial_state.json"

-- Begin: Conditions 32 -- 

-- End: Conditions 32 -- 
run time: 16.937877 (s),  0.016937877 (s/pass),  1.2602587e-05(s/step)

-- Write: DoF -- 
write: "/media/derick/DeoResearch/experiments/rocksalt3_ZrN_casm/mc_coarse_new_scel/heating/mu_0.2250_0.2250_T_20_2000/conditions.32/final_state.json"

-- Write: Output files -- 
write: "/media/derick/DeoResearch/experiments/rocksalt3_ZrN_casm/mc_coarse_new_scel/heating/mu_0.2250_0.2250_T_20_2000/results.json"
write: "/media/derick/DeoResearch/experiments/rocksalt3_ZrN_casm/mc_coarse_new_scel/heating/mu_0.2250_0.2250_T_20_2000/conditions.32/conditions.json"


-- Set: Conditions -- 
T: 680
param_chem_pot: [ 0.225000000000 ]


-- Continue with existing DoF -- 

-- Write: DoF -- 
write: "/media/derick/DeoResearch/experiments/rocksalt3_ZrN_casm/mc_coarse_new_scel/heating/mu_0.2250_0.2250_T_20_2000/conditions.33/initial_state.json"

-- Begin: Conditions 33 -- 

-- End: Conditions 33 -- 
run time: 16.878076 (s),  0.016878076 (s/pass),  1.2558093e-05(s/step)

-- Write: DoF -- 
write: "/media/derick/DeoResearch/experiments/rocksalt3_ZrN_casm/mc_coarse_new_scel/heating/mu_0.2250_0.2250_T_20_2000/conditions.33/final_state.json"

-- Write: Output files -- 
write: "/media/derick/DeoResearch/experiments/rocksalt3_ZrN_casm/mc_coarse_new_scel/heating/mu_0.2250_0.2250_T_20_2000/results.json"
write: "/media/derick/DeoResearch/experiments/rocksalt3_ZrN_casm/mc_coarse_new_scel/heating/mu_0.2250_0.2250_T_20_2000/conditions.33/conditions.json"


-- Set: Conditions -- 
T: 700
param_chem_pot: [ 0.225000000000 ]


-- Continue with existing DoF -- 

-- Write: DoF -- 
write: "/media/derick/DeoResearch/experiments/rocksalt3_ZrN_casm/mc_coarse_new_scel/heating/mu_0.2250_0.2250_T_20_2000/conditions.34/initial_state.json"

-- Begin: Conditions 34 -- 

-- End: Conditions 34 -- 
run time: 16.914504 (s),  0.016914504 (s/pass),  1.2585197e-05(s/step)

-- Write: DoF -- 
write: "/media/derick/DeoResearch/experiments/rocksalt3_ZrN_casm/mc_coarse_new_scel/heating/mu_0.2250_0.2250_T_20_2000/conditions.34/final_state.json"

-- Write: Output files -- 
write: "/media/derick/DeoResearch/experiments/rocksalt3_ZrN_casm/mc_coarse_new_scel/heating/mu_0.2250_0.2250_T_20_2000/results.json"
write: "/media/derick/DeoResearch/experiments/rocksalt3_ZrN_casm/mc_coarse_new_scel/heating/mu_0.2250_0.2250_T_20_2000/conditions.34/conditions.json"


-- Set: Conditions -- 
T: 720
param_chem_pot: [ 0.225000000000 ]


-- Continue with existing DoF -- 

-- Write: DoF -- 
write: "/media/derick/DeoResearch/experiments/rocksalt3_ZrN_casm/mc_coarse_new_scel/heating/mu_0.2250_0.2250_T_20_2000/conditions.35/initial_state.json"

-- Begin: Conditions 35 -- 

-- End: Conditions 35 -- 
run time: 16.812436 (s),  0.016812436 (s/pass),  1.2509253e-05(s/step)

-- Write: DoF -- 
write: "/media/derick/DeoResearch/experiments/rocksalt3_ZrN_casm/mc_coarse_new_scel/heating/mu_0.2250_0.2250_T_20_2000/conditions.35/final_state.json"

-- Write: Output files -- 
write: "/media/derick/DeoResearch/experiments/rocksalt3_ZrN_casm/mc_coarse_new_scel/heating/mu_0.2250_0.2250_T_20_2000/results.json"
write: "/media/derick/DeoResearch/experiments/rocksalt3_ZrN_casm/mc_coarse_new_scel/heating/mu_0.2250_0.2250_T_20_2000/conditions.35/conditions.json"


-- Set: Conditions -- 
T: 740
param_chem_pot: [ 0.225000000000 ]


-- Continue with existing DoF -- 

-- Write: DoF -- 
write: "/media/derick/DeoResearch/experiments/rocksalt3_ZrN_casm/mc_coarse_new_scel/heating/mu_0.2250_0.2250_T_20_2000/conditions.36/initial_state.json"

-- Begin: Conditions 36 -- 

-- End: Conditions 36 -- 
run time: 16.874329 (s),  0.016874329 (s/pass),  1.2555304e-05(s/step)

-- Write: DoF -- 
write: "/media/derick/DeoResearch/experiments/rocksalt3_ZrN_casm/mc_coarse_new_scel/heating/mu_0.2250_0.2250_T_20_2000/conditions.36/final_state.json"

-- Write: Output files -- 
write: "/media/derick/DeoResearch/experiments/rocksalt3_ZrN_casm/mc_coarse_new_scel/heating/mu_0.2250_0.2250_T_20_2000/results.json"
write: "/media/derick/DeoResearch/experiments/rocksalt3_ZrN_casm/mc_coarse_new_scel/heating/mu_0.2250_0.2250_T_20_2000/conditions.36/conditions.json"


-- Set: Conditions -- 
T: 760
param_chem_pot: [ 0.225000000000 ]


-- Continue with existing DoF -- 

-- Write: DoF -- 
write: "/media/derick/DeoResearch/experiments/rocksalt3_ZrN_casm/mc_coarse_new_scel/heating/mu_0.2250_0.2250_T_20_2000/conditions.37/initial_state.json"

-- Begin: Conditions 37 -- 

-- End: Conditions 37 -- 
run time: 16.840841 (s),  0.016840841 (s/pass),  1.2530388e-05(s/step)

-- Write: DoF -- 
write: "/media/derick/DeoResearch/experiments/rocksalt3_ZrN_casm/mc_coarse_new_scel/heating/mu_0.2250_0.2250_T_20_2000/conditions.37/final_state.json"

-- Write: Output files -- 
write: "/media/derick/DeoResearch/experiments/rocksalt3_ZrN_casm/mc_coarse_new_scel/heating/mu_0.2250_0.2250_T_20_2000/results.json"
write: "/media/derick/DeoResearch/experiments/rocksalt3_ZrN_casm/mc_coarse_new_scel/heating/mu_0.2250_0.2250_T_20_2000/conditions.37/conditions.json"


-- Set: Conditions -- 
T: 780
param_chem_pot: [ 0.225000000000 ]


-- Continue with existing DoF -- 

-- Write: DoF -- 
write: "/media/derick/DeoResearch/experiments/rocksalt3_ZrN_casm/mc_coarse_new_scel/heating/mu_0.2250_0.2250_T_20_2000/conditions.38/initial_state.json"

-- Begin: Conditions 38 -- 

-- End: Conditions 38 -- 
run time: 16.861185 (s),  0.016861185 (s/pass),  1.2545525e-05(s/step)

-- Write: DoF -- 
write: "/media/derick/DeoResearch/experiments/rocksalt3_ZrN_casm/mc_coarse_new_scel/heating/mu_0.2250_0.2250_T_20_2000/conditions.38/final_state.json"

-- Write: Output files -- 
write: "/media/derick/DeoResearch/experiments/rocksalt3_ZrN_casm/mc_coarse_new_scel/heating/mu_0.2250_0.2250_T_20_2000/results.json"
write: "/media/derick/DeoResearch/experiments/rocksalt3_ZrN_casm/mc_coarse_new_scel/heating/mu_0.2250_0.2250_T_20_2000/conditions.38/conditions.json"


-- Set: Conditions -- 
T: 800
param_chem_pot: [ 0.225000000000 ]


-- Continue with existing DoF -- 

-- Write: DoF -- 
write: "/media/derick/DeoResearch/experiments/rocksalt3_ZrN_casm/mc_coarse_new_scel/heating/mu_0.2250_0.2250_T_20_2000/conditions.39/initial_state.json"

-- Begin: Conditions 39 -- 

-- End: Conditions 39 -- 
run time: 16.833574 (s),  0.016833574 (s/pass),  1.2524981e-05(s/step)

-- Write: DoF -- 
write: "/media/derick/DeoResearch/experiments/rocksalt3_ZrN_casm/mc_coarse_new_scel/heating/mu_0.2250_0.2250_T_20_2000/conditions.39/final_state.json"

-- Write: Output files -- 
write: "/media/derick/DeoResearch/experiments/rocksalt3_ZrN_casm/mc_coarse_new_scel/heating/mu_0.2250_0.2250_T_20_2000/results.json"
write: "/media/derick/DeoResearch/experiments/rocksalt3_ZrN_casm/mc_coarse_new_scel/heating/mu_0.2250_0.2250_T_20_2000/conditions.39/conditions.json"


-- Set: Conditions -- 
T: 820
param_chem_pot: [ 0.225000000000 ]


-- Continue with existing DoF -- 

-- Write: DoF -- 
write: "/media/derick/DeoResearch/experiments/rocksalt3_ZrN_casm/mc_coarse_new_scel/heating/mu_0.2250_0.2250_T_20_2000/conditions.40/initial_state.json"

-- Begin: Conditions 40 -- 

-- End: Conditions 40 -- 
run time: 16.862041 (s),  0.016862041 (s/pass),  1.2546162e-05(s/step)

-- Write: DoF -- 
write: "/media/derick/DeoResearch/experiments/rocksalt3_ZrN_casm/mc_coarse_new_scel/heating/mu_0.2250_0.2250_T_20_2000/conditions.40/final_state.json"

-- Write: Output files -- 
write: "/media/derick/DeoResearch/experiments/rocksalt3_ZrN_casm/mc_coarse_new_scel/heating/mu_0.2250_0.2250_T_20_2000/results.json"
write: "/media/derick/DeoResearch/experiments/rocksalt3_ZrN_casm/mc_coarse_new_scel/heating/mu_0.2250_0.2250_T_20_2000/conditions.40/conditions.json"


-- Set: Conditions -- 
T: 840
param_chem_pot: [ 0.225000000000 ]


-- Continue with existing DoF -- 

-- Write: DoF -- 
write: "/media/derick/DeoResearch/experiments/rocksalt3_ZrN_casm/mc_coarse_new_scel/heating/mu_0.2250_0.2250_T_20_2000/conditions.41/initial_state.json"

-- Begin: Conditions 41 -- 

-- End: Conditions 41 -- 
run time: 16.840016 (s),  0.016840016 (s/pass),  1.2529774e-05(s/step)

-- Write: DoF -- 
write: "/media/derick/DeoResearch/experiments/rocksalt3_ZrN_casm/mc_coarse_new_scel/heating/mu_0.2250_0.2250_T_20_2000/conditions.41/final_state.json"

-- Write: Output files -- 
write: "/media/derick/DeoResearch/experiments/rocksalt3_ZrN_casm/mc_coarse_new_scel/heating/mu_0.2250_0.2250_T_20_2000/results.json"
write: "/media/derick/DeoResearch/experiments/rocksalt3_ZrN_casm/mc_coarse_new_scel/heating/mu_0.2250_0.2250_T_20_2000/conditions.41/conditions.json"


-- Set: Conditions -- 
T: 860
param_chem_pot: [ 0.225000000000 ]


-- Continue with existing DoF -- 

-- Write: DoF -- 
write: "/media/derick/DeoResearch/experiments/rocksalt3_ZrN_casm/mc_coarse_new_scel/heating/mu_0.2250_0.2250_T_20_2000/conditions.42/initial_state.json"

-- Begin: Conditions 42 -- 

-- End: Conditions 42 -- 
run time: 16.872013 (s),  0.016872013 (s/pass),  1.2553581e-05(s/step)

-- Write: DoF -- 
write: "/media/derick/DeoResearch/experiments/rocksalt3_ZrN_casm/mc_coarse_new_scel/heating/mu_0.2250_0.2250_T_20_2000/conditions.42/final_state.json"

-- Write: Output files -- 
write: "/media/derick/DeoResearch/experiments/rocksalt3_ZrN_casm/mc_coarse_new_scel/heating/mu_0.2250_0.2250_T_20_2000/results.json"
write: "/media/derick/DeoResearch/experiments/rocksalt3_ZrN_casm/mc_coarse_new_scel/heating/mu_0.2250_0.2250_T_20_2000/conditions.42/conditions.json"


-- Set: Conditions -- 
T: 880
param_chem_pot: [ 0.225000000000 ]


-- Continue with existing DoF -- 

-- Write: DoF -- 
write: "/media/derick/DeoResearch/experiments/rocksalt3_ZrN_casm/mc_coarse_new_scel/heating/mu_0.2250_0.2250_T_20_2000/conditions.43/initial_state.json"

-- Begin: Conditions 43 -- 

-- End: Conditions 43 -- 
run time: 16.851858 (s),  0.016851858 (s/pass),  1.2538585e-05(s/step)

-- Write: DoF -- 
write: "/media/derick/DeoResearch/experiments/rocksalt3_ZrN_casm/mc_coarse_new_scel/heating/mu_0.2250_0.2250_T_20_2000/conditions.43/final_state.json"

-- Write: Output files -- 
write: "/media/derick/DeoResearch/experiments/rocksalt3_ZrN_casm/mc_coarse_new_scel/heating/mu_0.2250_0.2250_T_20_2000/results.json"
write: "/media/derick/DeoResearch/experiments/rocksalt3_ZrN_casm/mc_coarse_new_scel/heating/mu_0.2250_0.2250_T_20_2000/conditions.43/conditions.json"


-- Set: Conditions -- 
T: 900
param_chem_pot: [ 0.225000000000 ]


-- Continue with existing DoF -- 

-- Write: DoF -- 
write: "/media/derick/DeoResearch/experiments/rocksalt3_ZrN_casm/mc_coarse_new_scel/heating/mu_0.2250_0.2250_T_20_2000/conditions.44/initial_state.json"

-- Begin: Conditions 44 -- 

-- End: Conditions 44 -- 
run time: 16.882449 (s),  0.016882449 (s/pass),  1.2561346e-05(s/step)

-- Write: DoF -- 
write: "/media/derick/DeoResearch/experiments/rocksalt3_ZrN_casm/mc_coarse_new_scel/heating/mu_0.2250_0.2250_T_20_2000/conditions.44/final_state.json"

-- Write: Output files -- 
write: "/media/derick/DeoResearch/experiments/rocksalt3_ZrN_casm/mc_coarse_new_scel/heating/mu_0.2250_0.2250_T_20_2000/results.json"
write: "/media/derick/DeoResearch/experiments/rocksalt3_ZrN_casm/mc_coarse_new_scel/heating/mu_0.2250_0.2250_T_20_2000/conditions.44/conditions.json"


-- Set: Conditions -- 
T: 920
param_chem_pot: [ 0.225000000000 ]


-- Continue with existing DoF -- 

-- Write: DoF -- 
write: "/media/derick/DeoResearch/experiments/rocksalt3_ZrN_casm/mc_coarse_new_scel/heating/mu_0.2250_0.2250_T_20_2000/conditions.45/initial_state.json"

-- Begin: Conditions 45 -- 

-- End: Conditions 45 -- 
run time: 16.849507 (s),  0.016849507 (s/pass),  1.2536835e-05(s/step)

-- Write: DoF -- 
write: "/media/derick/DeoResearch/experiments/rocksalt3_ZrN_casm/mc_coarse_new_scel/heating/mu_0.2250_0.2250_T_20_2000/conditions.45/final_state.json"

-- Write: Output files -- 
write: "/media/derick/DeoResearch/experiments/rocksalt3_ZrN_casm/mc_coarse_new_scel/heating/mu_0.2250_0.2250_T_20_2000/results.json"
write: "/media/derick/DeoResearch/experiments/rocksalt3_ZrN_casm/mc_coarse_new_scel/heating/mu_0.2250_0.2250_T_20_2000/conditions.45/conditions.json"


-- Set: Conditions -- 
T: 940
param_chem_pot: [ 0.225000000000 ]


-- Continue with existing DoF -- 

-- Write: DoF -- 
write: "/media/derick/DeoResearch/experiments/rocksalt3_ZrN_casm/mc_coarse_new_scel/heating/mu_0.2250_0.2250_T_20_2000/conditions.46/initial_state.json"

-- Begin: Conditions 46 -- 

-- End: Conditions 46 -- 
run time: 16.863442 (s),  0.016863442 (s/pass),  1.2547204e-05(s/step)

-- Write: DoF -- 
write: "/media/derick/DeoResearch/experiments/rocksalt3_ZrN_casm/mc_coarse_new_scel/heating/mu_0.2250_0.2250_T_20_2000/conditions.46/final_state.json"

-- Write: Output files -- 
write: "/media/derick/DeoResearch/experiments/rocksalt3_ZrN_casm/mc_coarse_new_scel/heating/mu_0.2250_0.2250_T_20_2000/results.json"
write: "/media/derick/DeoResearch/experiments/rocksalt3_ZrN_casm/mc_coarse_new_scel/heating/mu_0.2250_0.2250_T_20_2000/conditions.46/conditions.json"


-- Set: Conditions -- 
T: 960
param_chem_pot: [ 0.225000000000 ]


-- Continue with existing DoF -- 

-- Write: DoF -- 
write: "/media/derick/DeoResearch/experiments/rocksalt3_ZrN_casm/mc_coarse_new_scel/heating/mu_0.2250_0.2250_T_20_2000/conditions.47/initial_state.json"

-- Begin: Conditions 47 -- 

-- End: Conditions 47 -- 
run time: 16.848535 (s),  0.016848535 (s/pass),  1.2536112e-05(s/step)

-- Write: DoF -- 
write: "/media/derick/DeoResearch/experiments/rocksalt3_ZrN_casm/mc_coarse_new_scel/heating/mu_0.2250_0.2250_T_20_2000/conditions.47/final_state.json"

-- Write: Output files -- 
write: "/media/derick/DeoResearch/experiments/rocksalt3_ZrN_casm/mc_coarse_new_scel/heating/mu_0.2250_0.2250_T_20_2000/results.json"
write: "/media/derick/DeoResearch/experiments/rocksalt3_ZrN_casm/mc_coarse_new_scel/heating/mu_0.2250_0.2250_T_20_2000/conditions.47/conditions.json"


-- Set: Conditions -- 
T: 980
param_chem_pot: [ 0.225000000000 ]


-- Continue with existing DoF -- 

-- Write: DoF -- 
write: "/media/derick/DeoResearch/experiments/rocksalt3_ZrN_casm/mc_coarse_new_scel/heating/mu_0.2250_0.2250_T_20_2000/conditions.48/initial_state.json"

-- Begin: Conditions 48 -- 

-- End: Conditions 48 -- 
run time: 16.866141 (s),  0.016866141 (s/pass),  1.2549212e-05(s/step)

-- Write: DoF -- 
write: "/media/derick/DeoResearch/experiments/rocksalt3_ZrN_casm/mc_coarse_new_scel/heating/mu_0.2250_0.2250_T_20_2000/conditions.48/final_state.json"

-- Write: Output files -- 
write: "/media/derick/DeoResearch/experiments/rocksalt3_ZrN_casm/mc_coarse_new_scel/heating/mu_0.2250_0.2250_T_20_2000/results.json"
write: "/media/derick/DeoResearch/experiments/rocksalt3_ZrN_casm/mc_coarse_new_scel/heating/mu_0.2250_0.2250_T_20_2000/conditions.48/conditions.json"


-- Set: Conditions -- 
T: 1000
param_chem_pot: [ 0.225000000000 ]


-- Continue with existing DoF -- 

-- Write: DoF -- 
write: "/media/derick/DeoResearch/experiments/rocksalt3_ZrN_casm/mc_coarse_new_scel/heating/mu_0.2250_0.2250_T_20_2000/conditions.49/initial_state.json"

-- Begin: Conditions 49 -- 

-- End: Conditions 49 -- 
run time: 16.830511 (s),  0.016830511 (s/pass),  1.2522702e-05(s/step)

-- Write: DoF -- 
write: "/media/derick/DeoResearch/experiments/rocksalt3_ZrN_casm/mc_coarse_new_scel/heating/mu_0.2250_0.2250_T_20_2000/conditions.49/final_state.json"

-- Write: Output files -- 
write: "/media/derick/DeoResearch/experiments/rocksalt3_ZrN_casm/mc_coarse_new_scel/heating/mu_0.2250_0.2250_T_20_2000/results.json"
write: "/media/derick/DeoResearch/experiments/rocksalt3_ZrN_casm/mc_coarse_new_scel/heating/mu_0.2250_0.2250_T_20_2000/conditions.49/conditions.json"


-- Set: Conditions -- 
T: 1020
param_chem_pot: [ 0.225000000000 ]


-- Continue with existing DoF -- 

-- Write: DoF -- 
write: "/media/derick/DeoResearch/experiments/rocksalt3_ZrN_casm/mc_coarse_new_scel/heating/mu_0.2250_0.2250_T_20_2000/conditions.50/initial_state.json"

-- Begin: Conditions 50 -- 

-- End: Conditions 50 -- 
run time: 16.844041 (s),  0.016844041 (s/pass),  1.2532768e-05(s/step)

-- Write: DoF -- 
write: "/media/derick/DeoResearch/experiments/rocksalt3_ZrN_casm/mc_coarse_new_scel/heating/mu_0.2250_0.2250_T_20_2000/conditions.50/final_state.json"

-- Write: Output files -- 
write: "/media/derick/DeoResearch/experiments/rocksalt3_ZrN_casm/mc_coarse_new_scel/heating/mu_0.2250_0.2250_T_20_2000/results.json"
write: "/media/derick/DeoResearch/experiments/rocksalt3_ZrN_casm/mc_coarse_new_scel/heating/mu_0.2250_0.2250_T_20_2000/conditions.50/conditions.json"


-- Set: Conditions -- 
T: 1040
param_chem_pot: [ 0.225000000000 ]


-- Continue with existing DoF -- 

-- Write: DoF -- 
write: "/media/derick/DeoResearch/experiments/rocksalt3_ZrN_casm/mc_coarse_new_scel/heating/mu_0.2250_0.2250_T_20_2000/conditions.51/initial_state.json"

-- Begin: Conditions 51 -- 

-- End: Conditions 51 -- 
run time: 16.83299 (s),  0.01683299 (s/pass),  1.2524546e-05(s/step)

-- Write: DoF -- 
write: "/media/derick/DeoResearch/experiments/rocksalt3_ZrN_casm/mc_coarse_new_scel/heating/mu_0.2250_0.2250_T_20_2000/conditions.51/final_state.json"

-- Write: Output files -- 
write: "/media/derick/DeoResearch/experiments/rocksalt3_ZrN_casm/mc_coarse_new_scel/heating/mu_0.2250_0.2250_T_20_2000/results.json"
write: "/media/derick/DeoResearch/experiments/rocksalt3_ZrN_casm/mc_coarse_new_scel/heating/mu_0.2250_0.2250_T_20_2000/conditions.51/conditions.json"


-- Set: Conditions -- 
T: 1060
param_chem_pot: [ 0.225000000000 ]


-- Continue with existing DoF -- 

-- Write: DoF -- 
write: "/media/derick/DeoResearch/experiments/rocksalt3_ZrN_casm/mc_coarse_new_scel/heating/mu_0.2250_0.2250_T_20_2000/conditions.52/initial_state.json"

-- Begin: Conditions 52 -- 

-- End: Conditions 52 -- 
run time: 16.886439 (s),  0.016886439 (s/pass),  1.2564315e-05(s/step)

-- Write: DoF -- 
write: "/media/derick/DeoResearch/experiments/rocksalt3_ZrN_casm/mc_coarse_new_scel/heating/mu_0.2250_0.2250_T_20_2000/conditions.52/final_state.json"

-- Write: Output files -- 
write: "/media/derick/DeoResearch/experiments/rocksalt3_ZrN_casm/mc_coarse_new_scel/heating/mu_0.2250_0.2250_T_20_2000/results.json"
write: "/media/derick/DeoResearch/experiments/rocksalt3_ZrN_casm/mc_coarse_new_scel/heating/mu_0.2250_0.2250_T_20_2000/conditions.52/conditions.json"


-- Set: Conditions -- 
T: 1080
param_chem_pot: [ 0.225000000000 ]


-- Continue with existing DoF -- 

-- Write: DoF -- 
write: "/media/derick/DeoResearch/experiments/rocksalt3_ZrN_casm/mc_coarse_new_scel/heating/mu_0.2250_0.2250_T_20_2000/conditions.53/initial_state.json"

-- Begin: Conditions 53 -- 

-- End: Conditions 53 -- 
run time: 16.828763 (s),  0.016828763 (s/pass),  1.2521401e-05(s/step)

-- Write: DoF -- 
write: "/media/derick/DeoResearch/experiments/rocksalt3_ZrN_casm/mc_coarse_new_scel/heating/mu_0.2250_0.2250_T_20_2000/conditions.53/final_state.json"

-- Write: Output files -- 
write: "/media/derick/DeoResearch/experiments/rocksalt3_ZrN_casm/mc_coarse_new_scel/heating/mu_0.2250_0.2250_T_20_2000/results.json"
write: "/media/derick/DeoResearch/experiments/rocksalt3_ZrN_casm/mc_coarse_new_scel/heating/mu_0.2250_0.2250_T_20_2000/conditions.53/conditions.json"


-- Set: Conditions -- 
T: 1100
param_chem_pot: [ 0.225000000000 ]


-- Continue with existing DoF -- 

-- Write: DoF -- 
write: "/media/derick/DeoResearch/experiments/rocksalt3_ZrN_casm/mc_coarse_new_scel/heating/mu_0.2250_0.2250_T_20_2000/conditions.54/initial_state.json"

-- Begin: Conditions 54 -- 

-- End: Conditions 54 -- 
run time: 22.394085 (s),  0.022394085 (s/pass),  1.6662266e-05(s/step)

-- Write: DoF -- 
write: "/media/derick/DeoResearch/experiments/rocksalt3_ZrN_casm/mc_coarse_new_scel/heating/mu_0.2250_0.2250_T_20_2000/conditions.54/final_state.json"

-- Write: Output files -- 
write: "/media/derick/DeoResearch/experiments/rocksalt3_ZrN_casm/mc_coarse_new_scel/heating/mu_0.2250_0.2250_T_20_2000/results.json"
write: "/media/derick/DeoResearch/experiments/rocksalt3_ZrN_casm/mc_coarse_new_scel/heating/mu_0.2250_0.2250_T_20_2000/conditions.54/conditions.json"


-- Set: Conditions -- 
T: 1120
param_chem_pot: [ 0.225000000000 ]


-- Continue with existing DoF -- 

-- Write: DoF -- 
write: "/media/derick/DeoResearch/experiments/rocksalt3_ZrN_casm/mc_coarse_new_scel/heating/mu_0.2250_0.2250_T_20_2000/conditions.55/initial_state.json"

-- Begin: Conditions 55 -- 

-- End: Conditions 55 -- 
run time: 25.377894 (s),  0.025377894 (s/pass),  1.8882362e-05(s/step)

-- Write: DoF -- 
write: "/media/derick/DeoResearch/experiments/rocksalt3_ZrN_casm/mc_coarse_new_scel/heating/mu_0.2250_0.2250_T_20_2000/conditions.55/final_state.json"

-- Write: Output files -- 
write: "/media/derick/DeoResearch/experiments/rocksalt3_ZrN_casm/mc_coarse_new_scel/heating/mu_0.2250_0.2250_T_20_2000/results.json"
write: "/media/derick/DeoResearch/experiments/rocksalt3_ZrN_casm/mc_coarse_new_scel/heating/mu_0.2250_0.2250_T_20_2000/conditions.55/conditions.json"


-- Set: Conditions -- 
T: 1140
param_chem_pot: [ 0.225000000000 ]


-- Continue with existing DoF -- 

-- Write: DoF -- 
write: "/media/derick/DeoResearch/experiments/rocksalt3_ZrN_casm/mc_coarse_new_scel/heating/mu_0.2250_0.2250_T_20_2000/conditions.56/initial_state.json"

-- Begin: Conditions 56 -- 

-- End: Conditions 56 -- 
run time: 25.425669 (s),  0.025425669 (s/pass),  1.8917909e-05(s/step)

-- Write: DoF -- 
write: "/media/derick/DeoResearch/experiments/rocksalt3_ZrN_casm/mc_coarse_new_scel/heating/mu_0.2250_0.2250_T_20_2000/conditions.56/final_state.json"

-- Write: Output files -- 
write: "/media/derick/DeoResearch/experiments/rocksalt3_ZrN_casm/mc_coarse_new_scel/heating/mu_0.2250_0.2250_T_20_2000/results.json"
write: "/media/derick/DeoResearch/experiments/rocksalt3_ZrN_casm/mc_coarse_new_scel/heating/mu_0.2250_0.2250_T_20_2000/conditions.56/conditions.json"


-- Set: Conditions -- 
T: 1160
param_chem_pot: [ 0.225000000000 ]


-- Continue with existing DoF -- 

-- Write: DoF -- 
write: "/media/derick/DeoResearch/experiments/rocksalt3_ZrN_casm/mc_coarse_new_scel/heating/mu_0.2250_0.2250_T_20_2000/conditions.57/initial_state.json"

-- Begin: Conditions 57 -- 

-- End: Conditions 57 -- 
run time: 25.36463 (s),  0.02536463 (s/pass),  1.8872492e-05(s/step)

-- Write: DoF -- 
write: "/media/derick/DeoResearch/experiments/rocksalt3_ZrN_casm/mc_coarse_new_scel/heating/mu_0.2250_0.2250_T_20_2000/conditions.57/final_state.json"

-- Write: Output files -- 
write: "/media/derick/DeoResearch/experiments/rocksalt3_ZrN_casm/mc_coarse_new_scel/heating/mu_0.2250_0.2250_T_20_2000/results.json"
write: "/media/derick/DeoResearch/experiments/rocksalt3_ZrN_casm/mc_coarse_new_scel/heating/mu_0.2250_0.2250_T_20_2000/conditions.57/conditions.json"


-- Set: Conditions -- 
T: 1180
param_chem_pot: [ 0.225000000000 ]


-- Continue with existing DoF -- 

-- Write: DoF -- 
write: "/media/derick/DeoResearch/experiments/rocksalt3_ZrN_casm/mc_coarse_new_scel/heating/mu_0.2250_0.2250_T_20_2000/conditions.58/initial_state.json"

-- Begin: Conditions 58 -- 

-- End: Conditions 58 -- 
run time: 25.435082 (s),  0.025435082 (s/pass),  1.8924912e-05(s/step)

-- Write: DoF -- 
write: "/media/derick/DeoResearch/experiments/rocksalt3_ZrN_casm/mc_coarse_new_scel/heating/mu_0.2250_0.2250_T_20_2000/conditions.58/final_state.json"

-- Write: Output files -- 
write: "/media/derick/DeoResearch/experiments/rocksalt3_ZrN_casm/mc_coarse_new_scel/heating/mu_0.2250_0.2250_T_20_2000/results.json"
write: "/media/derick/DeoResearch/experiments/rocksalt3_ZrN_casm/mc_coarse_new_scel/heating/mu_0.2250_0.2250_T_20_2000/conditions.58/conditions.json"


-- Set: Conditions -- 
T: 1200
param_chem_pot: [ 0.225000000000 ]


-- Continue with existing DoF -- 

-- Write: DoF -- 
write: "/media/derick/DeoResearch/experiments/rocksalt3_ZrN_casm/mc_coarse_new_scel/heating/mu_0.2250_0.2250_T_20_2000/conditions.59/initial_state.json"

-- Begin: Conditions 59 -- 

-- End: Conditions 59 -- 
run time: 18.014466 (s),  0.018014466 (s/pass),  1.3403621e-05(s/step)

-- Write: DoF -- 
write: "/media/derick/DeoResearch/experiments/rocksalt3_ZrN_casm/mc_coarse_new_scel/heating/mu_0.2250_0.2250_T_20_2000/conditions.59/final_state.json"

-- Write: Output files -- 
write: "/media/derick/DeoResearch/experiments/rocksalt3_ZrN_casm/mc_coarse_new_scel/heating/mu_0.2250_0.2250_T_20_2000/results.json"
write: "/media/derick/DeoResearch/experiments/rocksalt3_ZrN_casm/mc_coarse_new_scel/heating/mu_0.2250_0.2250_T_20_2000/conditions.59/conditions.json"


-- Set: Conditions -- 
T: 1220
param_chem_pot: [ 0.225000000000 ]


-- Continue with existing DoF -- 

-- Write: DoF -- 
write: "/media/derick/DeoResearch/experiments/rocksalt3_ZrN_casm/mc_coarse_new_scel/heating/mu_0.2250_0.2250_T_20_2000/conditions.60/initial_state.json"

-- Begin: Conditions 60 -- 

-- End: Conditions 60 -- 
run time: 16.906376 (s),  0.016906376 (s/pass),  1.2579149e-05(s/step)

-- Write: DoF -- 
write: "/media/derick/DeoResearch/experiments/rocksalt3_ZrN_casm/mc_coarse_new_scel/heating/mu_0.2250_0.2250_T_20_2000/conditions.60/final_state.json"

-- Write: Output files -- 
write: "/media/derick/DeoResearch/experiments/rocksalt3_ZrN_casm/mc_coarse_new_scel/heating/mu_0.2250_0.2250_T_20_2000/results.json"
write: "/media/derick/DeoResearch/experiments/rocksalt3_ZrN_casm/mc_coarse_new_scel/heating/mu_0.2250_0.2250_T_20_2000/conditions.60/conditions.json"


-- Set: Conditions -- 
T: 1240
param_chem_pot: [ 0.225000000000 ]


-- Continue with existing DoF -- 

-- Write: DoF -- 
write: "/media/derick/DeoResearch/experiments/rocksalt3_ZrN_casm/mc_coarse_new_scel/heating/mu_0.2250_0.2250_T_20_2000/conditions.61/initial_state.json"

-- Begin: Conditions 61 -- 

-- End: Conditions 61 -- 
run time: 16.856941 (s),  0.016856941 (s/pass),  1.2542366e-05(s/step)

-- Write: DoF -- 
write: "/media/derick/DeoResearch/experiments/rocksalt3_ZrN_casm/mc_coarse_new_scel/heating/mu_0.2250_0.2250_T_20_2000/conditions.61/final_state.json"

-- Write: Output files -- 
write: "/media/derick/DeoResearch/experiments/rocksalt3_ZrN_casm/mc_coarse_new_scel/heating/mu_0.2250_0.2250_T_20_2000/results.json"
write: "/media/derick/DeoResearch/experiments/rocksalt3_ZrN_casm/mc_coarse_new_scel/heating/mu_0.2250_0.2250_T_20_2000/conditions.61/conditions.json"


-- Set: Conditions -- 
T: 1260
param_chem_pot: [ 0.225000000000 ]


-- Continue with existing DoF -- 

-- Write: DoF -- 
write: "/media/derick/DeoResearch/experiments/rocksalt3_ZrN_casm/mc_coarse_new_scel/heating/mu_0.2250_0.2250_T_20_2000/conditions.62/initial_state.json"

-- Begin: Conditions 62 -- 

-- End: Conditions 62 -- 
run time: 16.881865 (s),  0.016881865 (s/pass),  1.2560911e-05(s/step)

-- Write: DoF -- 
write: "/media/derick/DeoResearch/experiments/rocksalt3_ZrN_casm/mc_coarse_new_scel/heating/mu_0.2250_0.2250_T_20_2000/conditions.62/final_state.json"

-- Write: Output files -- 
write: "/media/derick/DeoResearch/experiments/rocksalt3_ZrN_casm/mc_coarse_new_scel/heating/mu_0.2250_0.2250_T_20_2000/results.json"
write: "/media/derick/DeoResearch/experiments/rocksalt3_ZrN_casm/mc_coarse_new_scel/heating/mu_0.2250_0.2250_T_20_2000/conditions.62/conditions.json"


-- Set: Conditions -- 
T: 1280
param_chem_pot: [ 0.225000000000 ]


-- Continue with existing DoF -- 

-- Write: DoF -- 
write: "/media/derick/DeoResearch/experiments/rocksalt3_ZrN_casm/mc_coarse_new_scel/heating/mu_0.2250_0.2250_T_20_2000/conditions.63/initial_state.json"

-- Begin: Conditions 63 -- 

-- End: Conditions 63 -- 
run time: 16.864035 (s),  0.016864035 (s/pass),  1.2547645e-05(s/step)

-- Write: DoF -- 
write: "/media/derick/DeoResearch/experiments/rocksalt3_ZrN_casm/mc_coarse_new_scel/heating/mu_0.2250_0.2250_T_20_2000/conditions.63/final_state.json"

-- Write: Output files -- 
write: "/media/derick/DeoResearch/experiments/rocksalt3_ZrN_casm/mc_coarse_new_scel/heating/mu_0.2250_0.2250_T_20_2000/results.json"
write: "/media/derick/DeoResearch/experiments/rocksalt3_ZrN_casm/mc_coarse_new_scel/heating/mu_0.2250_0.2250_T_20_2000/conditions.63/conditions.json"


-- Set: Conditions -- 
T: 1300
param_chem_pot: [ 0.225000000000 ]


-- Continue with existing DoF -- 

-- Write: DoF -- 
write: "/media/derick/DeoResearch/experiments/rocksalt3_ZrN_casm/mc_coarse_new_scel/heating/mu_0.2250_0.2250_T_20_2000/conditions.64/initial_state.json"

-- Begin: Conditions 64 -- 

-- End: Conditions 64 -- 
run time: 16.894966 (s),  0.016894966 (s/pass),  1.2570659e-05(s/step)

-- Write: DoF -- 
write: "/media/derick/DeoResearch/experiments/rocksalt3_ZrN_casm/mc_coarse_new_scel/heating/mu_0.2250_0.2250_T_20_2000/conditions.64/final_state.json"

-- Write: Output files -- 
write: "/media/derick/DeoResearch/experiments/rocksalt3_ZrN_casm/mc_coarse_new_scel/heating/mu_0.2250_0.2250_T_20_2000/results.json"
write: "/media/derick/DeoResearch/experiments/rocksalt3_ZrN_casm/mc_coarse_new_scel/heating/mu_0.2250_0.2250_T_20_2000/conditions.64/conditions.json"


-- Set: Conditions -- 
T: 1320
param_chem_pot: [ 0.225000000000 ]


-- Continue with existing DoF -- 

-- Write: DoF -- 
write: "/media/derick/DeoResearch/experiments/rocksalt3_ZrN_casm/mc_coarse_new_scel/heating/mu_0.2250_0.2250_T_20_2000/conditions.65/initial_state.json"

-- Begin: Conditions 65 -- 

-- End: Conditions 65 -- 
run time: 16.860429 (s),  0.016860429 (s/pass),  1.2544962e-05(s/step)

-- Write: DoF -- 
write: "/media/derick/DeoResearch/experiments/rocksalt3_ZrN_casm/mc_coarse_new_scel/heating/mu_0.2250_0.2250_T_20_2000/conditions.65/final_state.json"

-- Write: Output files -- 
write: "/media/derick/DeoResearch/experiments/rocksalt3_ZrN_casm/mc_coarse_new_scel/heating/mu_0.2250_0.2250_T_20_2000/results.json"
write: "/media/derick/DeoResearch/experiments/rocksalt3_ZrN_casm/mc_coarse_new_scel/heating/mu_0.2250_0.2250_T_20_2000/conditions.65/conditions.json"


-- Set: Conditions -- 
T: 1340
param_chem_pot: [ 0.225000000000 ]


-- Continue with existing DoF -- 

-- Write: DoF -- 
write: "/media/derick/DeoResearch/experiments/rocksalt3_ZrN_casm/mc_coarse_new_scel/heating/mu_0.2250_0.2250_T_20_2000/conditions.66/initial_state.json"

-- Begin: Conditions 66 -- 

-- End: Conditions 66 -- 
run time: 16.89592 (s),  0.01689592 (s/pass),  1.2571369e-05(s/step)

-- Write: DoF -- 
write: "/media/derick/DeoResearch/experiments/rocksalt3_ZrN_casm/mc_coarse_new_scel/heating/mu_0.2250_0.2250_T_20_2000/conditions.66/final_state.json"

-- Write: Output files -- 
write: "/media/derick/DeoResearch/experiments/rocksalt3_ZrN_casm/mc_coarse_new_scel/heating/mu_0.2250_0.2250_T_20_2000/results.json"
write: "/media/derick/DeoResearch/experiments/rocksalt3_ZrN_casm/mc_coarse_new_scel/heating/mu_0.2250_0.2250_T_20_2000/conditions.66/conditions.json"


-- Set: Conditions -- 
T: 1360
param_chem_pot: [ 0.225000000000 ]


-- Continue with existing DoF -- 

-- Write: DoF -- 
write: "/media/derick/DeoResearch/experiments/rocksalt3_ZrN_casm/mc_coarse_new_scel/heating/mu_0.2250_0.2250_T_20_2000/conditions.67/initial_state.json"

-- Begin: Conditions 67 -- 

-- End: Conditions 67 -- 
run time: 16.88732 (s),  0.01688732 (s/pass),  1.256497e-05(s/step)

-- Write: DoF -- 
write: "/media/derick/DeoResearch/experiments/rocksalt3_ZrN_casm/mc_coarse_new_scel/heating/mu_0.2250_0.2250_T_20_2000/conditions.67/final_state.json"

-- Write: Output files -- 
write: "/media/derick/DeoResearch/experiments/rocksalt3_ZrN_casm/mc_coarse_new_scel/heating/mu_0.2250_0.2250_T_20_2000/results.json"
write: "/media/derick/DeoResearch/experiments/rocksalt3_ZrN_casm/mc_coarse_new_scel/heating/mu_0.2250_0.2250_T_20_2000/conditions.67/conditions.json"


-- Set: Conditions -- 
T: 1380
param_chem_pot: [ 0.225000000000 ]


-- Continue with existing DoF -- 

-- Write: DoF -- 
write: "/media/derick/DeoResearch/experiments/rocksalt3_ZrN_casm/mc_coarse_new_scel/heating/mu_0.2250_0.2250_T_20_2000/conditions.68/initial_state.json"

-- Begin: Conditions 68 -- 

-- End: Conditions 68 -- 
run time: 16.923595 (s),  0.016923595 (s/pass),  1.2591961e-05(s/step)

-- Write: DoF -- 
write: "/media/derick/DeoResearch/experiments/rocksalt3_ZrN_casm/mc_coarse_new_scel/heating/mu_0.2250_0.2250_T_20_2000/conditions.68/final_state.json"

-- Write: Output files -- 
write: "/media/derick/DeoResearch/experiments/rocksalt3_ZrN_casm/mc_coarse_new_scel/heating/mu_0.2250_0.2250_T_20_2000/results.json"
write: "/media/derick/DeoResearch/experiments/rocksalt3_ZrN_casm/mc_coarse_new_scel/heating/mu_0.2250_0.2250_T_20_2000/conditions.68/conditions.json"


-- Set: Conditions -- 
T: 1400
param_chem_pot: [ 0.225000000000 ]


-- Continue with existing DoF -- 

-- Write: DoF -- 
write: "/media/derick/DeoResearch/experiments/rocksalt3_ZrN_casm/mc_coarse_new_scel/heating/mu_0.2250_0.2250_T_20_2000/conditions.69/initial_state.json"

-- Begin: Conditions 69 -- 

-- End: Conditions 69 -- 
run time: 16.887829 (s),  0.016887829 (s/pass),  1.2565349e-05(s/step)

-- Write: DoF -- 
write: "/media/derick/DeoResearch/experiments/rocksalt3_ZrN_casm/mc_coarse_new_scel/heating/mu_0.2250_0.2250_T_20_2000/conditions.69/final_state.json"

-- Write: Output files -- 
write: "/media/derick/DeoResearch/experiments/rocksalt3_ZrN_casm/mc_coarse_new_scel/heating/mu_0.2250_0.2250_T_20_2000/results.json"
write: "/media/derick/DeoResearch/experiments/rocksalt3_ZrN_casm/mc_coarse_new_scel/heating/mu_0.2250_0.2250_T_20_2000/conditions.69/conditions.json"


-- Set: Conditions -- 
T: 1420
param_chem_pot: [ 0.225000000000 ]


-- Continue with existing DoF -- 

-- Write: DoF -- 
write: "/media/derick/DeoResearch/experiments/rocksalt3_ZrN_casm/mc_coarse_new_scel/heating/mu_0.2250_0.2250_T_20_2000/conditions.70/initial_state.json"

-- Begin: Conditions 70 -- 

-- End: Conditions 70 -- 
run time: 16.890699 (s),  0.016890699 (s/pass),  1.2567485e-05(s/step)

-- Write: DoF -- 
write: "/media/derick/DeoResearch/experiments/rocksalt3_ZrN_casm/mc_coarse_new_scel/heating/mu_0.2250_0.2250_T_20_2000/conditions.70/final_state.json"

-- Write: Output files -- 
write: "/media/derick/DeoResearch/experiments/rocksalt3_ZrN_casm/mc_coarse_new_scel/heating/mu_0.2250_0.2250_T_20_2000/results.json"
write: "/media/derick/DeoResearch/experiments/rocksalt3_ZrN_casm/mc_coarse_new_scel/heating/mu_0.2250_0.2250_T_20_2000/conditions.70/conditions.json"


-- Set: Conditions -- 
T: 1440
param_chem_pot: [ 0.225000000000 ]


-- Continue with existing DoF -- 

-- Write: DoF -- 
write: "/media/derick/DeoResearch/experiments/rocksalt3_ZrN_casm/mc_coarse_new_scel/heating/mu_0.2250_0.2250_T_20_2000/conditions.71/initial_state.json"

-- Begin: Conditions 71 -- 

-- End: Conditions 71 -- 
run time: 16.874717 (s),  0.016874717 (s/pass),  1.2555593e-05(s/step)

-- Write: DoF -- 
write: "/media/derick/DeoResearch/experiments/rocksalt3_ZrN_casm/mc_coarse_new_scel/heating/mu_0.2250_0.2250_T_20_2000/conditions.71/final_state.json"

-- Write: Output files -- 
write: "/media/derick/DeoResearch/experiments/rocksalt3_ZrN_casm/mc_coarse_new_scel/heating/mu_0.2250_0.2250_T_20_2000/results.json"
write: "/media/derick/DeoResearch/experiments/rocksalt3_ZrN_casm/mc_coarse_new_scel/heating/mu_0.2250_0.2250_T_20_2000/conditions.71/conditions.json"


-- Set: Conditions -- 
T: 1460
param_chem_pot: [ 0.225000000000 ]


-- Continue with existing DoF -- 

-- Write: DoF -- 
write: "/media/derick/DeoResearch/experiments/rocksalt3_ZrN_casm/mc_coarse_new_scel/heating/mu_0.2250_0.2250_T_20_2000/conditions.72/initial_state.json"

-- Begin: Conditions 72 -- 

-- End: Conditions 72 -- 
run time: 16.934428 (s),  0.016934428 (s/pass),  1.2600021e-05(s/step)

-- Write: DoF -- 
write: "/media/derick/DeoResearch/experiments/rocksalt3_ZrN_casm/mc_coarse_new_scel/heating/mu_0.2250_0.2250_T_20_2000/conditions.72/final_state.json"

-- Write: Output files -- 
write: "/media/derick/DeoResearch/experiments/rocksalt3_ZrN_casm/mc_coarse_new_scel/heating/mu_0.2250_0.2250_T_20_2000/results.json"
write: "/media/derick/DeoResearch/experiments/rocksalt3_ZrN_casm/mc_coarse_new_scel/heating/mu_0.2250_0.2250_T_20_2000/conditions.72/conditions.json"


-- Set: Conditions -- 
T: 1480
param_chem_pot: [ 0.225000000000 ]


-- Continue with existing DoF -- 

-- Write: DoF -- 
write: "/media/derick/DeoResearch/experiments/rocksalt3_ZrN_casm/mc_coarse_new_scel/heating/mu_0.2250_0.2250_T_20_2000/conditions.73/initial_state.json"

-- Begin: Conditions 73 -- 

-- End: Conditions 73 -- 
run time: 16.887105 (s),  0.016887105 (s/pass),  1.2564811e-05(s/step)

-- Write: DoF -- 
write: "/media/derick/DeoResearch/experiments/rocksalt3_ZrN_casm/mc_coarse_new_scel/heating/mu_0.2250_0.2250_T_20_2000/conditions.73/final_state.json"

-- Write: Output files -- 
write: "/media/derick/DeoResearch/experiments/rocksalt3_ZrN_casm/mc_coarse_new_scel/heating/mu_0.2250_0.2250_T_20_2000/results.json"
write: "/media/derick/DeoResearch/experiments/rocksalt3_ZrN_casm/mc_coarse_new_scel/heating/mu_0.2250_0.2250_T_20_2000/conditions.73/conditions.json"


-- Set: Conditions -- 
T: 1500
param_chem_pot: [ 0.225000000000 ]


-- Continue with existing DoF -- 

-- Write: DoF -- 
write: "/media/derick/DeoResearch/experiments/rocksalt3_ZrN_casm/mc_coarse_new_scel/heating/mu_0.2250_0.2250_T_20_2000/conditions.74/initial_state.json"

-- Begin: Conditions 74 -- 

-- End: Conditions 74 -- 
run time: 16.924189 (s),  0.016924189 (s/pass),  1.2592402e-05(s/step)

-- Write: DoF -- 
write: "/media/derick/DeoResearch/experiments/rocksalt3_ZrN_casm/mc_coarse_new_scel/heating/mu_0.2250_0.2250_T_20_2000/conditions.74/final_state.json"

-- Write: Output files -- 
write: "/media/derick/DeoResearch/experiments/rocksalt3_ZrN_casm/mc_coarse_new_scel/heating/mu_0.2250_0.2250_T_20_2000/results.json"
write: "/media/derick/DeoResearch/experiments/rocksalt3_ZrN_casm/mc_coarse_new_scel/heating/mu_0.2250_0.2250_T_20_2000/conditions.74/conditions.json"


-- Set: Conditions -- 
T: 1520
param_chem_pot: [ 0.225000000000 ]


-- Continue with existing DoF -- 

-- Write: DoF -- 
write: "/media/derick/DeoResearch/experiments/rocksalt3_ZrN_casm/mc_coarse_new_scel/heating/mu_0.2250_0.2250_T_20_2000/conditions.75/initial_state.json"

-- Begin: Conditions 75 -- 

-- End: Conditions 75 -- 
run time: 16.836233 (s),  0.016836233 (s/pass),  1.2526959e-05(s/step)

-- Write: DoF -- 
write: "/media/derick/DeoResearch/experiments/rocksalt3_ZrN_casm/mc_coarse_new_scel/heating/mu_0.2250_0.2250_T_20_2000/conditions.75/final_state.json"

-- Write: Output files -- 
write: "/media/derick/DeoResearch/experiments/rocksalt3_ZrN_casm/mc_coarse_new_scel/heating/mu_0.2250_0.2250_T_20_2000/results.json"
write: "/media/derick/DeoResearch/experiments/rocksalt3_ZrN_casm/mc_coarse_new_scel/heating/mu_0.2250_0.2250_T_20_2000/conditions.75/conditions.json"


-- Set: Conditions -- 
T: 1540
param_chem_pot: [ 0.225000000000 ]


-- Continue with existing DoF -- 

-- Write: DoF -- 
write: "/media/derick/DeoResearch/experiments/rocksalt3_ZrN_casm/mc_coarse_new_scel/heating/mu_0.2250_0.2250_T_20_2000/conditions.76/initial_state.json"

-- Begin: Conditions 76 -- 

-- End: Conditions 76 -- 
run time: 16.917377 (s),  0.016917377 (s/pass),  1.2587334e-05(s/step)

-- Write: DoF -- 
write: "/media/derick/DeoResearch/experiments/rocksalt3_ZrN_casm/mc_coarse_new_scel/heating/mu_0.2250_0.2250_T_20_2000/conditions.76/final_state.json"

-- Write: Output files -- 
write: "/media/derick/DeoResearch/experiments/rocksalt3_ZrN_casm/mc_coarse_new_scel/heating/mu_0.2250_0.2250_T_20_2000/results.json"
write: "/media/derick/DeoResearch/experiments/rocksalt3_ZrN_casm/mc_coarse_new_scel/heating/mu_0.2250_0.2250_T_20_2000/conditions.76/conditions.json"


-- Set: Conditions -- 
T: 1560
param_chem_pot: [ 0.225000000000 ]


-- Continue with existing DoF -- 

-- Write: DoF -- 
write: "/media/derick/DeoResearch/experiments/rocksalt3_ZrN_casm/mc_coarse_new_scel/heating/mu_0.2250_0.2250_T_20_2000/conditions.77/initial_state.json"

-- Begin: Conditions 77 -- 

-- End: Conditions 77 -- 
run time: 21.043382 (s),  0.021043382 (s/pass),  1.5657278e-05(s/step)

-- Write: DoF -- 
write: "/media/derick/DeoResearch/experiments/rocksalt3_ZrN_casm/mc_coarse_new_scel/heating/mu_0.2250_0.2250_T_20_2000/conditions.77/final_state.json"

-- Write: Output files -- 
write: "/media/derick/DeoResearch/experiments/rocksalt3_ZrN_casm/mc_coarse_new_scel/heating/mu_0.2250_0.2250_T_20_2000/results.json"
write: "/media/derick/DeoResearch/experiments/rocksalt3_ZrN_casm/mc_coarse_new_scel/heating/mu_0.2250_0.2250_T_20_2000/conditions.77/conditions.json"


-- Set: Conditions -- 
T: 1580
param_chem_pot: [ 0.225000000000 ]


-- Continue with existing DoF -- 

-- Write: DoF -- 
write: "/media/derick/DeoResearch/experiments/rocksalt3_ZrN_casm/mc_coarse_new_scel/heating/mu_0.2250_0.2250_T_20_2000/conditions.78/initial_state.json"

-- Begin: Conditions 78 -- 

-- End: Conditions 78 -- 
run time: 18.216828 (s),  0.018216828 (s/pass),  1.3554188e-05(s/step)

-- Write: DoF -- 
write: "/media/derick/DeoResearch/experiments/rocksalt3_ZrN_casm/mc_coarse_new_scel/heating/mu_0.2250_0.2250_T_20_2000/conditions.78/final_state.json"

-- Write: Output files -- 
write: "/media/derick/DeoResearch/experiments/rocksalt3_ZrN_casm/mc_coarse_new_scel/heating/mu_0.2250_0.2250_T_20_2000/results.json"
write: "/media/derick/DeoResearch/experiments/rocksalt3_ZrN_casm/mc_coarse_new_scel/heating/mu_0.2250_0.2250_T_20_2000/conditions.78/conditions.json"


-- Set: Conditions -- 
T: 1600
param_chem_pot: [ 0.225000000000 ]


-- Continue with existing DoF -- 

-- Write: DoF -- 
write: "/media/derick/DeoResearch/experiments/rocksalt3_ZrN_casm/mc_coarse_new_scel/heating/mu_0.2250_0.2250_T_20_2000/conditions.79/initial_state.json"

-- Begin: Conditions 79 -- 

-- End: Conditions 79 -- 
run time: 16.958925 (s),  0.016958925 (s/pass),  1.2618248e-05(s/step)

-- Write: DoF -- 
write: "/media/derick/DeoResearch/experiments/rocksalt3_ZrN_casm/mc_coarse_new_scel/heating/mu_0.2250_0.2250_T_20_2000/conditions.79/final_state.json"

-- Write: Output files -- 
write: "/media/derick/DeoResearch/experiments/rocksalt3_ZrN_casm/mc_coarse_new_scel/heating/mu_0.2250_0.2250_T_20_2000/results.json"
write: "/media/derick/DeoResearch/experiments/rocksalt3_ZrN_casm/mc_coarse_new_scel/heating/mu_0.2250_0.2250_T_20_2000/conditions.79/conditions.json"


-- Set: Conditions -- 
T: 1620
param_chem_pot: [ 0.225000000000 ]


-- Continue with existing DoF -- 

-- Write: DoF -- 
write: "/media/derick/DeoResearch/experiments/rocksalt3_ZrN_casm/mc_coarse_new_scel/heating/mu_0.2250_0.2250_T_20_2000/conditions.80/initial_state.json"

-- Begin: Conditions 80 -- 

-- End: Conditions 80 -- 
run time: 16.930518 (s),  0.016930518 (s/pass),  1.2597112e-05(s/step)

-- Write: DoF -- 
write: "/media/derick/DeoResearch/experiments/rocksalt3_ZrN_casm/mc_coarse_new_scel/heating/mu_0.2250_0.2250_T_20_2000/conditions.80/final_state.json"

-- Write: Output files -- 
write: "/media/derick/DeoResearch/experiments/rocksalt3_ZrN_casm/mc_coarse_new_scel/heating/mu_0.2250_0.2250_T_20_2000/results.json"
write: "/media/derick/DeoResearch/experiments/rocksalt3_ZrN_casm/mc_coarse_new_scel/heating/mu_0.2250_0.2250_T_20_2000/conditions.80/conditions.json"


-- Set: Conditions -- 
T: 1640
param_chem_pot: [ 0.225000000000 ]


-- Continue with existing DoF -- 

-- Write: DoF -- 
write: "/media/derick/DeoResearch/experiments/rocksalt3_ZrN_casm/mc_coarse_new_scel/heating/mu_0.2250_0.2250_T_20_2000/conditions.81/initial_state.json"

-- Begin: Conditions 81 -- 

-- End: Conditions 81 -- 
run time: 16.843678 (s),  0.016843678 (s/pass),  1.2532498e-05(s/step)

-- Write: DoF -- 
write: "/media/derick/DeoResearch/experiments/rocksalt3_ZrN_casm/mc_coarse_new_scel/heating/mu_0.2250_0.2250_T_20_2000/conditions.81/final_state.json"

-- Write: Output files -- 
write: "/media/derick/DeoResearch/experiments/rocksalt3_ZrN_casm/mc_coarse_new_scel/heating/mu_0.2250_0.2250_T_20_2000/results.json"
write: "/media/derick/DeoResearch/experiments/rocksalt3_ZrN_casm/mc_coarse_new_scel/heating/mu_0.2250_0.2250_T_20_2000/conditions.81/conditions.json"


-- Set: Conditions -- 
T: 1660
param_chem_pot: [ 0.225000000000 ]


-- Continue with existing DoF -- 

-- Write: DoF -- 
write: "/media/derick/DeoResearch/experiments/rocksalt3_ZrN_casm/mc_coarse_new_scel/heating/mu_0.2250_0.2250_T_20_2000/conditions.82/initial_state.json"

-- Begin: Conditions 82 -- 

-- End: Conditions 82 -- 
run time: 16.86393 (s),  0.01686393 (s/pass),  1.2547567e-05(s/step)

-- Write: DoF -- 
write: "/media/derick/DeoResearch/experiments/rocksalt3_ZrN_casm/mc_coarse_new_scel/heating/mu_0.2250_0.2250_T_20_2000/conditions.82/final_state.json"

-- Write: Output files -- 
write: "/media/derick/DeoResearch/experiments/rocksalt3_ZrN_casm/mc_coarse_new_scel/heating/mu_0.2250_0.2250_T_20_2000/results.json"
write: "/media/derick/DeoResearch/experiments/rocksalt3_ZrN_casm/mc_coarse_new_scel/heating/mu_0.2250_0.2250_T_20_2000/conditions.82/conditions.json"


-- Set: Conditions -- 
T: 1680
param_chem_pot: [ 0.225000000000 ]


-- Continue with existing DoF -- 

-- Write: DoF -- 
write: "/media/derick/DeoResearch/experiments/rocksalt3_ZrN_casm/mc_coarse_new_scel/heating/mu_0.2250_0.2250_T_20_2000/conditions.83/initial_state.json"

-- Begin: Conditions 83 -- 

-- End: Conditions 83 -- 
run time: 16.881997 (s),  0.016881997 (s/pass),  1.256101e-05(s/step)

-- Write: DoF -- 
write: "/media/derick/DeoResearch/experiments/rocksalt3_ZrN_casm/mc_coarse_new_scel/heating/mu_0.2250_0.2250_T_20_2000/conditions.83/final_state.json"

-- Write: Output files -- 
write: "/media/derick/DeoResearch/experiments/rocksalt3_ZrN_casm/mc_coarse_new_scel/heating/mu_0.2250_0.2250_T_20_2000/results.json"
write: "/media/derick/DeoResearch/experiments/rocksalt3_ZrN_casm/mc_coarse_new_scel/heating/mu_0.2250_0.2250_T_20_2000/conditions.83/conditions.json"


-- Set: Conditions -- 
T: 1700
param_chem_pot: [ 0.225000000000 ]


-- Continue with existing DoF -- 

-- Write: DoF -- 
write: "/media/derick/DeoResearch/experiments/rocksalt3_ZrN_casm/mc_coarse_new_scel/heating/mu_0.2250_0.2250_T_20_2000/conditions.84/initial_state.json"

-- Begin: Conditions 84 -- 

-- End: Conditions 84 -- 
run time: 16.919444 (s),  0.016919444 (s/pass),  1.2588872e-05(s/step)

-- Write: DoF -- 
write: "/media/derick/DeoResearch/experiments/rocksalt3_ZrN_casm/mc_coarse_new_scel/heating/mu_0.2250_0.2250_T_20_2000/conditions.84/final_state.json"

-- Write: Output files -- 
write: "/media/derick/DeoResearch/experiments/rocksalt3_ZrN_casm/mc_coarse_new_scel/heating/mu_0.2250_0.2250_T_20_2000/results.json"
write: "/media/derick/DeoResearch/experiments/rocksalt3_ZrN_casm/mc_coarse_new_scel/heating/mu_0.2250_0.2250_T_20_2000/conditions.84/conditions.json"


-- Set: Conditions -- 
T: 1720
param_chem_pot: [ 0.225000000000 ]


-- Continue with existing DoF -- 

-- Write: DoF -- 
write: "/media/derick/DeoResearch/experiments/rocksalt3_ZrN_casm/mc_coarse_new_scel/heating/mu_0.2250_0.2250_T_20_2000/conditions.85/initial_state.json"

-- Begin: Conditions 85 -- 

-- End: Conditions 85 -- 
run time: 16.889625 (s),  0.016889625 (s/pass),  1.2566685e-05(s/step)

-- Write: DoF -- 
write: "/media/derick/DeoResearch/experiments/rocksalt3_ZrN_casm/mc_coarse_new_scel/heating/mu_0.2250_0.2250_T_20_2000/conditions.85/final_state.json"

-- Write: Output files -- 
write: "/media/derick/DeoResearch/experiments/rocksalt3_ZrN_casm/mc_coarse_new_scel/heating/mu_0.2250_0.2250_T_20_2000/results.json"
write: "/media/derick/DeoResearch/experiments/rocksalt3_ZrN_casm/mc_coarse_new_scel/heating/mu_0.2250_0.2250_T_20_2000/conditions.85/conditions.json"


-- Set: Conditions -- 
T: 1740
param_chem_pot: [ 0.225000000000 ]


-- Continue with existing DoF -- 

-- Write: DoF -- 
write: "/media/derick/DeoResearch/experiments/rocksalt3_ZrN_casm/mc_coarse_new_scel/heating/mu_0.2250_0.2250_T_20_2000/conditions.86/initial_state.json"

-- Begin: Conditions 86 -- 

-- End: Conditions 86 -- 
run time: 16.900501 (s),  0.016900501 (s/pass),  1.2574777e-05(s/step)

-- Write: DoF -- 
write: "/media/derick/DeoResearch/experiments/rocksalt3_ZrN_casm/mc_coarse_new_scel/heating/mu_0.2250_0.2250_T_20_2000/conditions.86/final_state.json"

-- Write: Output files -- 
write: "/media/derick/DeoResearch/experiments/rocksalt3_ZrN_casm/mc_coarse_new_scel/heating/mu_0.2250_0.2250_T_20_2000/results.json"
write: "/media/derick/DeoResearch/experiments/rocksalt3_ZrN_casm/mc_coarse_new_scel/heating/mu_0.2250_0.2250_T_20_2000/conditions.86/conditions.json"


-- Set: Conditions -- 
T: 1760
param_chem_pot: [ 0.225000000000 ]


-- Continue with existing DoF -- 

-- Write: DoF -- 
write: "/media/derick/DeoResearch/experiments/rocksalt3_ZrN_casm/mc_coarse_new_scel/heating/mu_0.2250_0.2250_T_20_2000/conditions.87/initial_state.json"

-- Begin: Conditions 87 -- 

-- End: Conditions 87 -- 
run time: 16.887596 (s),  0.016887596 (s/pass),  1.2565175e-05(s/step)

-- Write: DoF -- 
write: "/media/derick/DeoResearch/experiments/rocksalt3_ZrN_casm/mc_coarse_new_scel/heating/mu_0.2250_0.2250_T_20_2000/conditions.87/final_state.json"

-- Write: Output files -- 
write: "/media/derick/DeoResearch/experiments/rocksalt3_ZrN_casm/mc_coarse_new_scel/heating/mu_0.2250_0.2250_T_20_2000/results.json"
write: "/media/derick/DeoResearch/experiments/rocksalt3_ZrN_casm/mc_coarse_new_scel/heating/mu_0.2250_0.2250_T_20_2000/conditions.87/conditions.json"


-- Set: Conditions -- 
T: 1780
param_chem_pot: [ 0.225000000000 ]


-- Continue with existing DoF -- 

-- Write: DoF -- 
write: "/media/derick/DeoResearch/experiments/rocksalt3_ZrN_casm/mc_coarse_new_scel/heating/mu_0.2250_0.2250_T_20_2000/conditions.88/initial_state.json"

-- Begin: Conditions 88 -- 

-- End: Conditions 88 -- 
run time: 16.919064 (s),  0.016919064 (s/pass),  1.2588589e-05(s/step)

-- Write: DoF -- 
write: "/media/derick/DeoResearch/experiments/rocksalt3_ZrN_casm/mc_coarse_new_scel/heating/mu_0.2250_0.2250_T_20_2000/conditions.88/final_state.json"

-- Write: Output files -- 
write: "/media/derick/DeoResearch/experiments/rocksalt3_ZrN_casm/mc_coarse_new_scel/heating/mu_0.2250_0.2250_T_20_2000/results.json"
write: "/media/derick/DeoResearch/experiments/rocksalt3_ZrN_casm/mc_coarse_new_scel/heating/mu_0.2250_0.2250_T_20_2000/conditions.88/conditions.json"


-- Set: Conditions -- 
T: 1800
param_chem_pot: [ 0.225000000000 ]


-- Continue with existing DoF -- 

-- Write: DoF -- 
write: "/media/derick/DeoResearch/experiments/rocksalt3_ZrN_casm/mc_coarse_new_scel/heating/mu_0.2250_0.2250_T_20_2000/conditions.89/initial_state.json"

-- Begin: Conditions 89 -- 

-- End: Conditions 89 -- 
run time: 16.882762 (s),  0.016882762 (s/pass),  1.2561579e-05(s/step)

-- Write: DoF -- 
write: "/media/derick/DeoResearch/experiments/rocksalt3_ZrN_casm/mc_coarse_new_scel/heating/mu_0.2250_0.2250_T_20_2000/conditions.89/final_state.json"

-- Write: Output files -- 
write: "/media/derick/DeoResearch/experiments/rocksalt3_ZrN_casm/mc_coarse_new_scel/heating/mu_0.2250_0.2250_T_20_2000/results.json"
write: "/media/derick/DeoResearch/experiments/rocksalt3_ZrN_casm/mc_coarse_new_scel/heating/mu_0.2250_0.2250_T_20_2000/conditions.89/conditions.json"


-- Set: Conditions -- 
T: 1820
param_chem_pot: [ 0.225000000000 ]


-- Continue with existing DoF -- 

-- Write: DoF -- 
write: "/media/derick/DeoResearch/experiments/rocksalt3_ZrN_casm/mc_coarse_new_scel/heating/mu_0.2250_0.2250_T_20_2000/conditions.90/initial_state.json"

-- Begin: Conditions 90 -- 

-- End: Conditions 90 -- 
run time: 16.911401 (s),  0.016911401 (s/pass),  1.2582888e-05(s/step)

-- Write: DoF -- 
write: "/media/derick/DeoResearch/experiments/rocksalt3_ZrN_casm/mc_coarse_new_scel/heating/mu_0.2250_0.2250_T_20_2000/conditions.90/final_state.json"

-- Write: Output files -- 
write: "/media/derick/DeoResearch/experiments/rocksalt3_ZrN_casm/mc_coarse_new_scel/heating/mu_0.2250_0.2250_T_20_2000/results.json"
write: "/media/derick/DeoResearch/experiments/rocksalt3_ZrN_casm/mc_coarse_new_scel/heating/mu_0.2250_0.2250_T_20_2000/conditions.90/conditions.json"


-- Set: Conditions -- 
T: 1840
param_chem_pot: [ 0.225000000000 ]


-- Continue with existing DoF -- 

-- Write: DoF -- 
write: "/media/derick/DeoResearch/experiments/rocksalt3_ZrN_casm/mc_coarse_new_scel/heating/mu_0.2250_0.2250_T_20_2000/conditions.91/initial_state.json"

-- Begin: Conditions 91 -- 

-- End: Conditions 91 -- 
run time: 16.874375 (s),  0.016874375 (s/pass),  1.2555338e-05(s/step)

-- Write: DoF -- 
write: "/media/derick/DeoResearch/experiments/rocksalt3_ZrN_casm/mc_coarse_new_scel/heating/mu_0.2250_0.2250_T_20_2000/conditions.91/final_state.json"

-- Write: Output files -- 
write: "/media/derick/DeoResearch/experiments/rocksalt3_ZrN_casm/mc_coarse_new_scel/heating/mu_0.2250_0.2250_T_20_2000/results.json"
write: "/media/derick/DeoResearch/experiments/rocksalt3_ZrN_casm/mc_coarse_new_scel/heating/mu_0.2250_0.2250_T_20_2000/conditions.91/conditions.json"


-- Set: Conditions -- 
T: 1860
param_chem_pot: [ 0.225000000000 ]


-- Continue with existing DoF -- 

-- Write: DoF -- 
write: "/media/derick/DeoResearch/experiments/rocksalt3_ZrN_casm/mc_coarse_new_scel/heating/mu_0.2250_0.2250_T_20_2000/conditions.92/initial_state.json"

-- Begin: Conditions 92 -- 

-- End: Conditions 92 -- 
run time: 16.902623 (s),  0.016902623 (s/pass),  1.2576357e-05(s/step)

-- Write: DoF -- 
write: "/media/derick/DeoResearch/experiments/rocksalt3_ZrN_casm/mc_coarse_new_scel/heating/mu_0.2250_0.2250_T_20_2000/conditions.92/final_state.json"

-- Write: Output files -- 
write: "/media/derick/DeoResearch/experiments/rocksalt3_ZrN_casm/mc_coarse_new_scel/heating/mu_0.2250_0.2250_T_20_2000/results.json"
write: "/media/derick/DeoResearch/experiments/rocksalt3_ZrN_casm/mc_coarse_new_scel/heating/mu_0.2250_0.2250_T_20_2000/conditions.92/conditions.json"


-- Set: Conditions -- 
T: 1880
param_chem_pot: [ 0.225000000000 ]


-- Continue with existing DoF -- 

-- Write: DoF -- 
write: "/media/derick/DeoResearch/experiments/rocksalt3_ZrN_casm/mc_coarse_new_scel/heating/mu_0.2250_0.2250_T_20_2000/conditions.93/initial_state.json"

-- Begin: Conditions 93 -- 

-- End: Conditions 93 -- 
run time: 16.88883 (s),  0.01688883 (s/pass),  1.2566093e-05(s/step)

-- Write: DoF -- 
write: "/media/derick/DeoResearch/experiments/rocksalt3_ZrN_casm/mc_coarse_new_scel/heating/mu_0.2250_0.2250_T_20_2000/conditions.93/final_state.json"

-- Write: Output files -- 
write: "/media/derick/DeoResearch/experiments/rocksalt3_ZrN_casm/mc_coarse_new_scel/heating/mu_0.2250_0.2250_T_20_2000/results.json"
write: "/media/derick/DeoResearch/experiments/rocksalt3_ZrN_casm/mc_coarse_new_scel/heating/mu_0.2250_0.2250_T_20_2000/conditions.93/conditions.json"


-- Set: Conditions -- 
T: 1900
param_chem_pot: [ 0.225000000000 ]


-- Continue with existing DoF -- 

-- Write: DoF -- 
write: "/media/derick/DeoResearch/experiments/rocksalt3_ZrN_casm/mc_coarse_new_scel/heating/mu_0.2250_0.2250_T_20_2000/conditions.94/initial_state.json"

-- Begin: Conditions 94 -- 

-- End: Conditions 94 -- 
run time: 16.932193 (s),  0.016932193 (s/pass),  1.2598358e-05(s/step)

-- Write: DoF -- 
write: "/media/derick/DeoResearch/experiments/rocksalt3_ZrN_casm/mc_coarse_new_scel/heating/mu_0.2250_0.2250_T_20_2000/conditions.94/final_state.json"

-- Write: Output files -- 
write: "/media/derick/DeoResearch/experiments/rocksalt3_ZrN_casm/mc_coarse_new_scel/heating/mu_0.2250_0.2250_T_20_2000/results.json"
write: "/media/derick/DeoResearch/experiments/rocksalt3_ZrN_casm/mc_coarse_new_scel/heating/mu_0.2250_0.2250_T_20_2000/conditions.94/conditions.json"


-- Set: Conditions -- 
T: 1920
param_chem_pot: [ 0.225000000000 ]


-- Continue with existing DoF -- 

-- Write: DoF -- 
write: "/media/derick/DeoResearch/experiments/rocksalt3_ZrN_casm/mc_coarse_new_scel/heating/mu_0.2250_0.2250_T_20_2000/conditions.95/initial_state.json"

-- Begin: Conditions 95 -- 

-- End: Conditions 95 -- 
run time: 16.915541 (s),  0.016915541 (s/pass),  1.2585968e-05(s/step)

-- Write: DoF -- 
write: "/media/derick/DeoResearch/experiments/rocksalt3_ZrN_casm/mc_coarse_new_scel/heating/mu_0.2250_0.2250_T_20_2000/conditions.95/final_state.json"

-- Write: Output files -- 
write: "/media/derick/DeoResearch/experiments/rocksalt3_ZrN_casm/mc_coarse_new_scel/heating/mu_0.2250_0.2250_T_20_2000/results.json"
write: "/media/derick/DeoResearch/experiments/rocksalt3_ZrN_casm/mc_coarse_new_scel/heating/mu_0.2250_0.2250_T_20_2000/conditions.95/conditions.json"


-- Set: Conditions -- 
T: 1940
param_chem_pot: [ 0.225000000000 ]


-- Continue with existing DoF -- 

-- Write: DoF -- 
write: "/media/derick/DeoResearch/experiments/rocksalt3_ZrN_casm/mc_coarse_new_scel/heating/mu_0.2250_0.2250_T_20_2000/conditions.96/initial_state.json"

-- Begin: Conditions 96 -- 

-- End: Conditions 96 -- 
run time: 16.968822 (s),  0.016968822 (s/pass),  1.2625612e-05(s/step)

-- Write: DoF -- 
write: "/media/derick/DeoResearch/experiments/rocksalt3_ZrN_casm/mc_coarse_new_scel/heating/mu_0.2250_0.2250_T_20_2000/conditions.96/final_state.json"

-- Write: Output files -- 
write: "/media/derick/DeoResearch/experiments/rocksalt3_ZrN_casm/mc_coarse_new_scel/heating/mu_0.2250_0.2250_T_20_2000/results.json"
write: "/media/derick/DeoResearch/experiments/rocksalt3_ZrN_casm/mc_coarse_new_scel/heating/mu_0.2250_0.2250_T_20_2000/conditions.96/conditions.json"


-- Set: Conditions -- 
T: 1960
param_chem_pot: [ 0.225000000000 ]


-- Continue with existing DoF -- 

-- Write: DoF -- 
write: "/media/derick/DeoResearch/experiments/rocksalt3_ZrN_casm/mc_coarse_new_scel/heating/mu_0.2250_0.2250_T_20_2000/conditions.97/initial_state.json"

-- Begin: Conditions 97 -- 

-- End: Conditions 97 -- 
run time: 16.900974 (s),  0.016900974 (s/pass),  1.2575129e-05(s/step)

-- Write: DoF -- 
write: "/media/derick/DeoResearch/experiments/rocksalt3_ZrN_casm/mc_coarse_new_scel/heating/mu_0.2250_0.2250_T_20_2000/conditions.97/final_state.json"

-- Write: Output files -- 
write: "/media/derick/DeoResearch/experiments/rocksalt3_ZrN_casm/mc_coarse_new_scel/heating/mu_0.2250_0.2250_T_20_2000/results.json"
write: "/media/derick/DeoResearch/experiments/rocksalt3_ZrN_casm/mc_coarse_new_scel/heating/mu_0.2250_0.2250_T_20_2000/conditions.97/conditions.json"


-- Set: Conditions -- 
T: 1980
param_chem_pot: [ 0.225000000000 ]


-- Continue with existing DoF -- 

-- Write: DoF -- 
write: "/media/derick/DeoResearch/experiments/rocksalt3_ZrN_casm/mc_coarse_new_scel/heating/mu_0.2250_0.2250_T_20_2000/conditions.98/initial_state.json"

-- Begin: Conditions 98 -- 

-- End: Conditions 98 -- 
run time: 16.930526 (s),  0.016930526 (s/pass),  1.2597117e-05(s/step)

-- Write: DoF -- 
write: "/media/derick/DeoResearch/experiments/rocksalt3_ZrN_casm/mc_coarse_new_scel/heating/mu_0.2250_0.2250_T_20_2000/conditions.98/final_state.json"

-- Write: Output files -- 
write: "/media/derick/DeoResearch/experiments/rocksalt3_ZrN_casm/mc_coarse_new_scel/heating/mu_0.2250_0.2250_T_20_2000/results.json"
write: "/media/derick/DeoResearch/experiments/rocksalt3_ZrN_casm/mc_coarse_new_scel/heating/mu_0.2250_0.2250_T_20_2000/conditions.98/conditions.json"


-- Set: Conditions -- 
T: 2000
param_chem_pot: [ 0.225000000000 ]


-- Continue with existing DoF -- 

-- Write: DoF -- 
write: "/media/derick/DeoResearch/experiments/rocksalt3_ZrN_casm/mc_coarse_new_scel/heating/mu_0.2250_0.2250_T_20_2000/conditions.99/initial_state.json"

-- Begin: Conditions 99 -- 

-- End: Conditions 99 -- 
run time: 16.904759 (s),  0.016904759 (s/pass),  1.2577946e-05(s/step)

-- Write: DoF -- 
write: "/media/derick/DeoResearch/experiments/rocksalt3_ZrN_casm/mc_coarse_new_scel/heating/mu_0.2250_0.2250_T_20_2000/conditions.99/final_state.json"

-- Write: Output files -- 
write: "/media/derick/DeoResearch/experiments/rocksalt3_ZrN_casm/mc_coarse_new_scel/heating/mu_0.2250_0.2250_T_20_2000/results.json"
write: "/media/derick/DeoResearch/experiments/rocksalt3_ZrN_casm/mc_coarse_new_scel/heating/mu_0.2250_0.2250_T_20_2000/conditions.99/conditions.json"


