Loading genetic_alg_settings.json
# Hall of Fame size: 10 

# Get problem data...
# wHullDist: Will calculate hull distance: hull_dist(CALCULATED,atom_frac)
# Query requested: ['formation_energy', 'is_calculated', 'corr', 'hull_dist(CALCULATED,atom_frac)']
# Use existing: []
# Querying: ['formation_energy', 'is_calculated', 'corr', 'hull_dist(CALCULATED,atom_frac)']
#   DONE

# Target: formation_energy
# Training samples: 627
# Features: 253 

# Weighting:
{
  "method": "wHullDist",
  "kwargs": {
    "A": 2.0,
    "B": 0.0,
    "kT": 0.01,
    "hull_selection": "CALCULATED"
  }
}

# CV:
{
  "method": "KFold",
  "kwargs": {
    "n_splits": 10,
    "shuffle": true
  },
  "penalty": 0.0
} 

# Writing problem specs to: genetic_alg_settings_specs.pkl
# To inspect or customize the problem specs further, use the '--checkspecs' method

# Estimator:
{
  "method": "LinearRegression",
  "kwargs": {
    "fit_intercept": false
  }
} 

# Feature Selection:
{
  "method": "GeneticAlgorithm",
  "kwargs": {
    "constraints_kwargs": {
      "n_features_max": 100,
      "n_features_min": 3,
      "fix_off": [],
      "fix_on": [
        0,
        1,
        2
      ]
    },
    "selTournamentSize": 3,
    "mutFlipBitProb": 0.01,
    "evolve_params_kwargs": {
      "n_generation": 20,
      "n_repetition": 20,
      "n_features_init": 3,
      "n_population": 10,
      "n_halloffame": 10,
      "halloffame_filename": "evolve_halloffame.pkl",
      "filename_prefix": "genetic_alg_settings"
    },
    "cxUniformProb": 0.5
  }
} 

# Fit and select...
Constructing initial population
Begin 1 of 20 repetitions
Begin 20 generations
gen	nevals	avg      	std        	min      	max      
0  	10    	0.0148856	0.000763496	0.0138381	0.0160713
1  	10    	0.013966 	0.000473412	0.0130758	0.0146287
2  	10    	0.0137711	0.000429632	0.0130351	0.0143771
3  	10    	0.0138376	0.000599598	0.0129943	0.0147971
4  	10    	0.0137833	0.000695273	0.0131618	0.0153399
5  	10    	0.0133065	0.00080818 	0.0117652	0.0146968
6  	10    	0.0131847	0.000786077	0.0120135	0.014517 
7  	10    	0.0126624	0.000764426	0.0119664	0.0147801
8  	10    	0.0120768	0.00101311 	0.009986 	0.0140311
9  	10    	0.0116508	0.00074244 	0.0106   	0.0131064
10 	10    	0.0114225	0.000616244	0.0103072	0.0125641
11 	10    	0.0112917	0.000414286	0.0104756	0.0119711
12 	10    	0.0113204	0.00082132 	0.00928189	0.0123808
13 	10    	0.0110331	0.00131108 	0.00914593	0.0131842
14 	10    	0.0105065	0.000767769	0.00963901	0.0123582
15 	10    	0.00967561	0.000711578	0.00837138	0.0105159
16 	10    	0.00914433	0.000719091	0.00827669	0.0108113
17 	10    	0.00859524	0.000457965	0.00778128	0.00943605
18 	10    	0.00855931	0.000574496	0.00725343	0.00945232
19 	10    	0.00813924	0.000624752	0.00716361	0.00913106
20 	10    	0.00776005	0.000573012	0.00662306	0.00849452
Runtime: 4.398026979004499 (s)


Final population:
Index: Selected                                    #Selected    CV          
----------------------------------------------------------------------------------------------------
    0: 1111000000001000011000001000100100000111... 54           0.0082687571
    1: 1111000000001100001000001001100100000110... 55           0.0079537853
    2: 1111010000001100001000001000100100000111... 55           0.0074797923
    3: 1111010000001100001000001010100100000111... 58           0.0066230585
    4: 1111000000001100001000001001100100000111... 53           0.0071370759
    5: 1111000000001000001000001000100100000111... 53           0.0073856298
    6: 1110000000001000001000001000100100000111... 52           0.0084945161
    7: 1111000000001100001000001001100110000111... 54           0.0084514717
    8: 1111000000001100001000001000110100000111... 53           0.0080236893
    9: 1111010000001100001000001000100100000111... 55           0.0077827511

Pickling population to: genetic_alg_settings_population_end.pkl

Hall of Fame:
Index: Selected                                    #Selected    CV          
----------------------------------------------------------------------------------------------------
    0: 1111010000001100001000001010100100000111... 58           0.0066230585
    1: 1111000000001100001000001001100100000111... 53           0.0071370759
    2: 1111000000001000001000001001100100000111... 52           0.0071636085
    3: 1111010000000000000000011000100000000111... 54           0.0072534278
    4: 1111010000001100001000001000100100000111... 54           0.0072752169
    5: 1111000000001000001000001000100100000111... 53           0.0073856298
    6: 1111010000001100001000001000100100000111... 55           0.0074797923
    7: 1111010000001000001000000001100100010111... 46           0.007754171 
    8: 1111010000001000000000010000100110000101... 54           0.0077812778
    9: 1111010000001100001000001000100100000111... 55           0.0077827511

Pickling Hall of Fame to: genetic_alg_settings_evolve_halloffame.pkl
Begin 2 of 20 repetitions
Begin 20 generations
gen	nevals	avg       	std        	min       	max       
0  	0     	0.00776005	0.000573012	0.00662306	0.00849452
1  	10    	0.00746997	0.000521285	0.00682516	0.00848144
2  	10    	0.00730887	0.000481728	0.00678054	0.00851323
3  	10    	0.00707184	0.000214839	0.00682962	0.00756947
4  	10    	0.00705484	0.000304786	0.00642751	0.00750287
5  	10    	0.00718782	0.000603445	0.006527  	0.00863102
6  	10    	0.00693688	0.0002364  	0.00662039	0.00739928
7  	10    	0.00683004	0.000230822	0.00642039	0.00709589
8  	10    	0.00660424	0.000298123	0.00606058	0.00704285
9  	10    	0.00636822	0.00026733 	0.00599864	0.00676226
10 	10    	0.00608283	0.000205619	0.00573616	0.00642712
11 	10    	0.0060961 	0.000322281	0.00556002	0.00684815
12 	10    	0.00618783	0.000419439	0.00558982	0.00701528
13 	10    	0.00595438	0.000283836	0.00544457	0.00630376
14 	10    	0.00592363	0.000222164	0.00555091	0.00634881
15 	10    	0.00573992	0.000279323	0.00537649	0.00619791
16 	10    	0.00581239	0.000362644	0.00526392	0.00646057
17 	10    	0.00590687	0.000302024	0.00557203	0.0065639 
18 	10    	0.00608029	0.000268501	0.00560492	0.00647019
19 	10    	0.00598306	0.000288463	0.0055337 	0.00636657
20 	10    	0.00606727	0.000152082	0.00568177	0.00625818
Runtime: 6.583178413995483 (s)


Final population:
Index: Selected                                    #Selected    CV          
----------------------------------------------------------------------------------------------------
    0: 1111000000001000001000101001100100000110... 72           0.0059722394
    1: 1111000010001000001000101010100100000111... 79           0.0062361739
    2: 1111000010001000101000001011100100000111... 72           0.0062581787
    3: 1111000000001000001000101011100100000111... 75           0.0060923061
    4: 1111000010001000001000101011100100000111... 77           0.0061263836
    5: 1111000100001000001000101001100100000110... 77           0.006045736 
    6: 1111000010001010101000101001100100000111... 80           0.0060576442
    7: 1111000000001000001000101011100100000111... 70           0.0060719685
    8: 1111000000001000001000101011100100000111... 80           0.0056817683
    9: 1111000010001000101000101011100100000111... 77           0.0061303032

Pickling population to: genetic_alg_settings_population_end.pkl

Hall of Fame:
Index: Selected                                    #Selected    CV          
----------------------------------------------------------------------------------------------------
    0: 1111000000001000001000101011100100000110... 72           0.0052639229
    1: 1111000000001000001000101001100100000111... 75           0.0053764881
    2: 1111000100001000001000001011100100000110... 72           0.0053806863
    3: 1111000001001000001000101001100100000111... 76           0.0053947615
    4: 1111000000001000001000001001100100000110... 70           0.0054445731
    5: 1111000000001000001000101011100100000110... 69           0.0054480275
    6: 1111000100001000001000001011100100000110... 72           0.0054730102
    7: 1111000000001000001000101011100100000111... 77           0.0055336978
    8: 1111000000001000001000001011100100000110... 69           0.005534213 
    9: 1111000100001000001000001011100100000110... 73           0.0055344321

Pickling Hall of Fame to: genetic_alg_settings_evolve_halloffame.pkl
Begin 3 of 20 repetitions
Begin 20 generations
gen	nevals	avg       	std        	min       	max       
0  	0     	0.00606727	0.000152082	0.00568177	0.00625818
1  	10    	0.00643761	0.000767165	0.00565451	0.00852702
2  	10    	0.00615677	0.000385222	0.00553354	0.00684101
3  	10    	0.005973  	0.000446402	0.00512222	0.00672224
4  	10    	0.00562703	0.000338266	0.00510555	0.00607262
5  	10    	0.00547871	0.000304412	0.00496686	0.00598527
6  	10    	0.00529864	0.000196343	0.00490607	0.00561387
7  	10    	0.00534598	0.000239739	0.00501043	0.00569168
8  	10    	0.00533168	0.000203089	0.00508799	0.00574088
9  	10    	0.0053671 	0.00023425 	0.00507334	0.00592251
10 	10    	0.00546973	0.000262626	0.00519235	0.00606143
11 	10    	0.00532847	0.000187603	0.00508816	0.0058019 
12 	10    	0.0054391 	0.00032487 	0.00492897	0.0062048 
13 	10    	0.0053899 	0.000199184	0.00509896	0.00571976
14 	10    	0.00530191	0.000198789	0.00485734	0.00548338
15 	10    	0.00536738	0.000289261	0.00479113	0.00590231
16 	10    	0.00525338	0.000171968	0.00497266	0.0055036 
17 	10    	0.00536078	0.000207466	0.00483493	0.00555528
18 	10    	0.00546479	0.000458877	0.00498087	0.00663597
19 	10    	0.0052579 	0.000298629	0.0048688 	0.00581543
20 	10    	0.00540907	0.000356927	0.00485016	0.00600955
Runtime: 8.998913154006004 (s)


Final population:
Index: Selected                                    #Selected    CV          
----------------------------------------------------------------------------------------------------
    0: 1111000000101000001011101001100101010111... 94           0.0055863723
    1: 1111000000101000001010101001000100010111... 92           0.0049925592
    2: 1111000000001000001011101001100111010111... 90           0.005439535 
    3: 1111000000101000001011101001110101010111... 94           0.004850164 
    4: 1111000000101000001011101001100110010110... 91           0.0057438935
    5: 1111000000101000001011101001100101010111... 95           0.0049330917
    6: 1111000000001000001011101001100100010111... 94           0.0053919163
    7: 1111000000101000001011111001100101010111... 93           0.0060095503
    8: 1111000000101000011011101001100100010111... 89           0.0055314699
    9: 1111100000101000001011101001100101010111... 97           0.0056121248

Pickling population to: genetic_alg_settings_population_end.pkl

Hall of Fame:
Index: Selected                                    #Selected    CV          
----------------------------------------------------------------------------------------------------
    0: 1111000000101000001011101001100100010111... 90           0.0047911309
    1: 1111000000101000001011101001100101010111... 89           0.004834929 
    2: 1111000000101000001011101001110101010111... 94           0.004850164 
    3: 1111000000101000001011101001100100010111... 90           0.0048573407
    4: 1111000000001000001011101001100101010111... 90           0.004868801 
    5: 1111000010001000001010101001100100010111... 84           0.0049060713
    6: 1111000000101000001011101001100101010111... 85           0.0049289734
    7: 1111000000101000001011101001100101010111... 95           0.0049330917
    8: 1111000010001000001010101011100100000111... 86           0.004966863 
    9: 1111000000101000001011101001100101010111... 97           0.004972665 

Pickling Hall of Fame to: genetic_alg_settings_evolve_halloffame.pkl
Begin 4 of 20 repetitions
Begin 20 generations
gen	nevals	avg       	std        	min       	max       
0  	0     	0.00540907	0.000356927	0.00485016	0.00600955
1  	10    	0.00526507	0.000203772	0.00488825	0.0055534 
2  	10    	0.00541377	0.000372024	0.00480836	0.00596014
3  	10    	0.00540477	0.000302368	0.00499106	0.0059631 
4  	10    	0.00530676	0.000395721	0.0047934 	0.00596212
5  	10    	0.00531542	0.000195886	0.00502362	0.00573518
6  	10    	0.00535078	0.000300198	0.0049596 	0.00593723
7  	10    	0.00526022	0.000224806	0.0048976 	0.00571366
8  	10    	0.00538763	0.000311269	0.00498138	0.00575077
9  	10    	0.00525685	0.000187195	0.00502026	0.00566442
10 	10    	0.00532283	0.000365536	0.00472845	0.00603814
11 	10    	0.00526057	0.000249575	0.00480956	0.00564865
12 	10    	0.00506159	0.00017441 	0.00473738	0.00535225
13 	10    	0.00522973	0.00044441 	0.00488566	0.00650657
14 	10    	0.00513854	0.000177534	0.00468837	0.00532465
15 	10    	0.00526349	0.000218756	0.00496819	0.00569872
16 	10    	0.00540034	0.0005073  	0.00493244	0.00648979
17 	10    	0.00528138	0.000271443	0.00495551	0.00576767
18 	10    	0.00525536	0.000228279	0.00493638	0.00576095
19 	10    	0.00524172	0.000305974	0.00476346	0.00581206
20 	10    	0.00537966	0.000521195	0.00483683	0.00677585
Runtime: 10.20106832300371 (s)


Final population:
Index: Selected                                    #Selected    CV          
----------------------------------------------------------------------------------------------------
    0: 1111000000011000001011011001100101010101... 99           0.0051103282
    1: 1111000000011000001011011001100101010101... 96           0.0056663247
    2: 1111000000001000011011011001100101000111... 99           0.0053777233
    3: 1111000000001000011111011001100101000111... 100          0.0048368321
    4: 1111000000001000011011011001100101000111... 100          0.0052868324
    5: 1111000000001000011011011001100101000111... 96           0.0051661074
    6: 1111000000011000011011011001100101000111... 100          0.0054492424
    7: 1111000000001000001011011001100101010101... 99           0.0052353795
    8: 1110000000001000011010011001100101010101... 100          0.00677585  
    9: 1111000000101000001011011001100101000111... 96           0.0048919798

Pickling population to: genetic_alg_settings_population_end.pkl

Hall of Fame:
Index: Selected                                    #Selected    CV          
----------------------------------------------------------------------------------------------------
    0: 1111000000001000001010111001100100010101... 94           0.0046883697
    1: 1111000100001000001011111001100101010111... 100          0.00472845  
    2: 1111000000101000001011011101100101010101... 95           0.00473738  
    3: 1111000000001000011011011001100101000111... 98           0.004763458 
    4: 1111000000101000001011101001100100010111... 90           0.0047911309
    5: 1111000000001000001011101001100100010111... 92           0.0047934022
    6: 1111000000101000001011101001100101010111... 98           0.0048083597
    7: 1111000000001000001011011001100101010101... 93           0.0048095624
    8: 1111000000101000001011101001100101010111... 100          0.0048311725
    9: 1111000000101000001011101001100101010111... 89           0.004834929 

Pickling Hall of Fame to: genetic_alg_settings_evolve_halloffame.pkl
Begin 5 of 20 repetitions
Begin 20 generations
gen	nevals	avg       	std        	min       	max       
0  	0     	0.00537966	0.000521195	0.00483683	0.00677585
1  	10    	0.0053313 	0.000255623	0.00504896	0.00576452
2  	10    	0.00531745	0.000127721	0.00516467	0.00556282
3  	10    	0.00534965	0.000317079	0.00484855	0.00605886
4  	10    	0.00547837	0.000598695	0.0048561 	0.00714183
5  	10    	0.00522842	0.000291365	0.00481558	0.00567024
6  	10    	0.00515251	0.000206242	0.00490987	0.00553958
7  	10    	0.00531626	0.000393853	0.00484827	0.00628856
8  	10    	0.00525894	0.000217482	0.00500607	0.00567653
9  	10    	0.00520892	0.000227507	0.00490108	0.00554303
10 	10    	0.00536419	0.000505278	0.00487149	0.00631139
11 	10    	0.00547681	0.000597163	0.00482807	0.00656564
12 	10    	0.00501453	0.00017584 	0.00474081	0.00528507
13 	10    	0.00538277	0.000344478	0.00478939	0.00585134
14 	10    	0.00537712	0.000402693	0.00493461	0.00634066
15 	10    	0.00548008	0.000481662	0.00484984	0.0066586 
16 	10    	0.00540596	0.000271943	0.00513631	0.00601826
17 	10    	0.00545413	0.000320116	0.00506038	0.00612155
18 	10    	0.00545431	0.000227882	0.00516661	0.00591701
19 	10    	0.00536962	0.000122236	0.0052032 	0.00557587
20 	10    	0.00560059	0.000300124	0.00509597	0.00617164
Runtime: 10.01118199800112 (s)


Final population:
Index: Selected                                    #Selected    CV          
----------------------------------------------------------------------------------------------------
    0: 1111000000000000011111011001100101000111... 98           0.0057045168
    1: 1111000000000100011100011001100101000111... 97           0.0060059775
    2: 1111000000000000011001011001100101000111... 97           0.0054874503
    3: 1111000000000100011111011001100101000111... 98           0.0055093919
    4: 1111000000000000011111001001100101000111... 99           0.0061716398
    5: 1111000000000100011101011001100101000111... 96           0.0053359566
    6: 1111010000100000011111011001000101000111... 97           0.0056084826
    7: 1111000000000000011111011001100101000110... 99           0.0053898197
    8: 1111010000000000011111011001000101010110... 99           0.0050959749
    9: 1111000000100000011111011001100101000111... 98           0.0056966915

Pickling population to: genetic_alg_settings_population_end.pkl

Hall of Fame:
Index: Selected                                    #Selected    CV          
----------------------------------------------------------------------------------------------------
    0: 1111000000001000001010111001100100010101... 94           0.0046883697
    1: 1111000100001000001011111001100101010111... 100          0.00472845  
    2: 1111000000101000001011011101100101010101... 95           0.00473738  
    3: 1111001000000000011111011001100101000101... 96           0.0047408114
    4: 1111000000001000011011011001100101000111... 98           0.004763458 
    5: 1111000000000000011111011001100101000011... 99           0.004777957 
    6: 1111001000000000011111011001100101100001... 97           0.0047893923
    7: 1111000000101000001011101001100100010111... 90           0.0047911309
    8: 1111000000001000001011101001100100010111... 92           0.0047934022
    9: 1111000000101000001011101001100101010111... 98           0.0048083597

Pickling Hall of Fame to: genetic_alg_settings_evolve_halloffame.pkl
Begin 6 of 20 repetitions
Begin 20 generations
gen	nevals	avg       	std        	min       	max       
0  	0     	0.00560059	0.000300124	0.00509597	0.00617164
1  	10    	0.00556635	0.000277683	0.00518662	0.0060717 
2  	10    	0.0058453 	0.000488861	0.00511254	0.00688716
3  	10    	0.0058379 	0.000382906	0.00544456	0.00655056
4  	10    	0.00576807	0.000403575	0.0052425 	0.00677609
5  	10    	0.00599349	0.000763823	0.00537577	0.00791046
6  	10    	0.00623977	0.000863731	0.00543143	0.00850339
7  	10    	0.00575376	0.0005709  	0.0051617 	0.00728544
8  	10    	0.00580858	0.000376438	0.00526449	0.00638611
9  	10    	0.00597467	0.000604048	0.00537414	0.00741037
10 	10    	0.00637059	0.001054   	0.00499553	0.00892743
11 	10    	0.00631021	0.000835765	0.00547435	0.00855586
12 	10    	0.00632603	0.0010933  	0.00528929	0.00904305
13 	10    	0.00637149	0.000655155	0.00558376	0.00747262
14 	10    	0.0057692 	0.000230734	0.00541858	0.00610321
15 	10    	0.00582843	0.000573517	0.00502122	0.00693586
16 	10    	0.00549934	0.000344442	0.00491181	0.00609851
17 	10    	0.00543766	0.000237282	0.00484031	0.00574298
18 	10    	0.0054704 	0.000519752	0.00488498	0.00646752
19 	10    	0.00590221	0.000666196	0.00468892	0.0071338 
20 	10    	0.00544595	0.000415418	0.00477509	0.00610402
Runtime: 12.11280293699383 (s)


Final population:
Index: Selected                                    #Selected    CV          
----------------------------------------------------------------------------------------------------
    0: 1111000000001000011101011000100100000111... 99           0.0053452431
    1: 1111000000001000011101011000100100000111... 100          0.0047750931
    2: 1111000000001100010101011000100100000111... 97           0.0056019824
    3: 1111000000001000011101011000100100000101... 100          0.0055786254
    4: 1111000000001000011101011000100100000111... 100          0.0049395024
    5: 1111000001001000011101011000100100000111... 100          0.0051243728
    6: 1111000000001000011101011000100100000011... 100          0.0061040239
    7: 1111000000001000011101011000100100000111... 99           0.0057461928
    8: 1111000000001000011101011000100100000111... 100          0.0052491529
    9: 1110000000001000011101011000100100000111... 100          0.005995262 

Pickling population to: genetic_alg_settings_population_end.pkl

Hall of Fame:
Index: Selected                                    #Selected    CV          
----------------------------------------------------------------------------------------------------
    0: 1111000000001000001010111001100100010101... 94           0.0046883697
    1: 1111000000001000011101011000100100000111... 100          0.0046889166
    2: 1111000100001000001011111001100101010111... 100          0.00472845  
    3: 1111000000101000001011011101100101010101... 95           0.00473738  
    4: 1111001000000000011111011001100101000101... 96           0.0047408114
    5: 1111000000001000011011011001100101000111... 98           0.004763458 
    6: 1111000000001000011101011000100100000111... 100          0.0047750931
    7: 1111000000000000011111011001100101000011... 99           0.004777957 
    8: 1111001000000000011111011001100101100001... 97           0.0047893923
    9: 1111000000101000001011101001100100010111... 90           0.0047911309

Pickling Hall of Fame to: genetic_alg_settings_evolve_halloffame.pkl
Begin 7 of 20 repetitions
Begin 20 generations
gen	nevals	avg       	std        	min       	max       
0  	0     	0.00544595	0.000415418	0.00477509	0.00610402
1  	10    	0.00528909	0.000467086	0.00469049	0.00630245
2  	10    	0.0054108 	0.000570618	0.00495993	0.00700275
3  	10    	0.0053906 	0.000333657	0.00479322	0.0058892 
4  	10    	0.00538211	0.000154788	0.00508257	0.00561457
5  	10    	0.00535991	0.000289617	0.00503803	0.00603111
6  	10    	0.00531588	0.000237167	0.00504599	0.0057759 
7  	10    	0.00555262	0.000414098	0.0051785 	0.00643085
8  	10    	0.00559312	0.000392537	0.00507543	0.00638002
9  	10    	0.00556861	0.000430754	0.00515663	0.00674336
10 	10    	0.0054224 	0.000203842	0.00518144	0.00579263
11 	10    	0.00521822	0.000162447	0.00493549	0.00550993
12 	10    	0.00536275	0.000236494	0.00505516	0.00580425
13 	10    	0.00543638	0.00024832 	0.00506854	0.00584809
14 	10    	0.00557153	0.00047369 	0.0050435 	0.00677858
15 	10    	0.00545855	0.000207025	0.00512457	0.0057811 
16 	10    	0.00541512	0.000316577	0.00492563	0.0061188 
17 	10    	0.00551686	0.000259202	0.00520894	0.00599598
18 	10    	0.0054231 	0.000232584	0.00507034	0.005787  
19 	10    	0.0058101 	0.000367992	0.00542335	0.0063589 
20 	10    	0.00534313	0.000211372	0.00499092	0.00575252
Runtime: 12.935801943000115 (s)


Final population:
Index: Selected                                    #Selected    CV          
----------------------------------------------------------------------------------------------------
    0: 1111000000001000111101011001100000000111... 97           0.00575252  
    1: 1111000000001000011101011001100100000111... 100          0.0053996506
    2: 1111000000001000011101011001100100000111... 99           0.0050459294
    3: 1111000000001000011101011001000100000111... 100          0.0053632908
    4: 1111000000001000011101001001100100000101... 94           0.0051632208
    5: 1111000000001000011101011001100100000111... 95           0.0054464354
    6: 1111000000001000011101011001000100000111... 97           0.0054061738
    7: 1111000000001000001101011001100100000111... 100          0.0049909162
    8: 1111000000001000011101011001100100000101... 98           0.0054478531
    9: 1111000000001000011101011001000100000111... 100          0.0054153497

Pickling population to: genetic_alg_settings_population_end.pkl

Hall of Fame:
Index: Selected                                    #Selected    CV          
----------------------------------------------------------------------------------------------------
    0: 1111000000001000001010111001100100010101... 94           0.0046883697
    1: 1111000000001000011101011000100100000111... 100          0.0046889166
    2: 1111000000001000011101011000100100000111... 100          0.004690494 
    3: 1111000100001000001011111001100101010111... 100          0.00472845  
    4: 1111000000101000001011011101100101010101... 95           0.00473738  
    5: 1111001000000000011111011001100101000101... 96           0.0047408114
    6: 1111000000001000011011011001100101000111... 98           0.004763458 
    7: 1111000000001000011101011000100100000111... 100          0.0047750931
    8: 1111000000000000011111011001100101000011... 99           0.004777957 
    9: 1111001000000000011111011001100101100001... 97           0.0047893923

Pickling Hall of Fame to: genetic_alg_settings_evolve_halloffame.pkl
Begin 8 of 20 repetitions
Begin 20 generations
gen	nevals	avg       	std        	min       	max       
0  	0     	0.00534313	0.000211372	0.00499092	0.00575252
1  	10    	0.00556016	0.000420942	0.00488619	0.00624521
2  	10    	0.00540274	0.00031242 	0.00493557	0.00594255
3  	10    	0.00573977	0.000255716	0.00542583	0.00630506
4  	10    	0.00557117	0.000288667	0.005241  	0.00626988
5  	10    	0.00570226	0.000200977	0.0053188 	0.00607838
6  	10    	0.00558388	0.000192765	0.0053242 	0.00603725
7  	10    	0.00580385	0.000360134	0.00546251	0.00672141
8  	10    	0.00556158	0.000286539	0.00518413	0.00620743
9  	10    	0.00560563	0.00015435 	0.00534438	0.00583002
10 	10    	0.00578059	0.000315387	0.0052338 	0.00645182
11 	10    	0.00563392	0.000201511	0.00529634	0.00598599
12 	10    	0.00564644	0.000256453	0.00512189	0.00608912
13 	10    	0.00561003	0.000174913	0.00519487	0.00590643
14 	10    	0.00563811	0.000364924	0.00500945	0.00624784
15 	10    	0.00572085	0.000325889	0.00526271	0.00650091
16 	10    	0.00571877	0.000257974	0.00537791	0.00615044
17 	10    	0.00601449	0.000542659	0.00552603	0.00744115
18 	10    	0.00570177	0.000314023	0.0053268 	0.00649783
19 	10    	0.00559395	0.000242995	0.00524375	0.00610224
20 	10    	0.00574324	0.000507076	0.00521668	0.0070087 
Runtime: 11.138628555003379 (s)


Final population:
Index: Selected                                    #Selected    CV          
----------------------------------------------------------------------------------------------------
    0: 1111000100001000110001011001100100000100... 97           0.0054730755
    1: 1111000000001000010001111001100100000100... 98           0.0052367838
    2: 1111000000001000010001111001100100000101... 98           0.0052166771
    3: 1111000100001000110001011001100100000100... 97           0.0054822145
    4: 1111000000001000010001011001100100000101... 100          0.0062408401
    5: 1110000000001000110001111101100100000101... 100          0.0070086985
    6: 1111000100001000010001011001100100000000... 94           0.0055588335
    7: 1111000000001000010001011001000100000101... 100          0.0057756877
    8: 1111000000001000110001011001100100000101... 100          0.0057947248
    9: 1111000000001000010001111001100100000101... 100          0.0056449047

Pickling population to: genetic_alg_settings_population_end.pkl

Hall of Fame:
Index: Selected                                    #Selected    CV          
----------------------------------------------------------------------------------------------------
    0: 1111000000001000001010111001100100010101... 94           0.0046883697
    1: 1111000000001000011101011000100100000111... 100          0.0046889166
    2: 1111000000001000011101011000100100000111... 100          0.004690494 
    3: 1111000100001000001011111001100101010111... 100          0.00472845  
    4: 1111000000101000001011011101100101010101... 95           0.00473738  
    5: 1111001000000000011111011001100101000101... 96           0.0047408114
    6: 1111000000001000011011011001100101000111... 98           0.004763458 
    7: 1111000000001000011101011000100100000111... 100          0.0047750931
    8: 1111000000000000011111011001100101000011... 99           0.004777957 
    9: 1111001000000000011111011001100101100001... 97           0.0047893923

Pickling Hall of Fame to: genetic_alg_settings_evolve_halloffame.pkl
Begin 9 of 20 repetitions
Begin 20 generations
gen	nevals	avg       	std        	min       	max      
0  	0     	0.00574324	0.000507076	0.00521668	0.0070087
1  	10    	0.00585412	0.0004425  	0.00533633	0.0067156
2  	10    	0.00587888	0.000570782	0.00513344	0.00702205
3  	10    	0.00557275	0.000276653	0.00519927	0.00597895
4  	10    	0.00548713	0.00030637 	0.00498544	0.00617169
5  	10    	0.00552866	0.000276196	0.00504863	0.00595242
6  	10    	0.00549649	0.00090597 	0.00491352	0.00814002
7  	10    	0.00531786	0.000259909	0.00501739	0.00589152
8  	10    	0.00530098	0.000306921	0.00498881	0.006135  
9  	10    	0.00553392	0.000312072	0.00503776	0.00603253
10 	10    	0.0053808 	0.000287511	0.00495411	0.00584844
11 	10    	0.0055584 	0.000488701	0.00494122	0.00687438
12 	10    	0.0052955 	0.000394347	0.00494479	0.00640949
13 	10    	0.00537361	0.000231611	0.00505086	0.00589464
14 	10    	0.00536907	0.000400125	0.00490265	0.00615066
15 	10    	0.00539692	0.000248551	0.00505665	0.00589621
16 	10    	0.00529269	0.000179027	0.00496958	0.00567237
17 	10    	0.00555834	0.000449618	0.00502347	0.00671014
18 	10    	0.00539409	0.000309789	0.00497923	0.00603716
19 	10    	0.00529377	0.000256384	0.00487386	0.00562559
20 	10    	0.00531767	0.000188971	0.00498073	0.00560254
Runtime: 11.575803740000993 (s)


Final population:
Index: Selected                                    #Selected    CV          
----------------------------------------------------------------------------------------------------
    0: 1111000100001000110001011000100100000101... 96           0.005539728 
    1: 1111000100001000010001111100100100000101... 95           0.0053365632
    2: 1111000100001000010001011000100100000101... 91           0.0056025408
    3: 1111000100001000010001011000100100000101... 92           0.0052273932
    4: 1111000100001000000001111000100100000101... 93           0.0053726703
    5: 1111001100001000010001011000100100000101... 90           0.0051482649
    6: 1111000100001000010011111000100100000101... 97           0.0049807287
    7: 1111000100001000010001011100100100000101... 93           0.005461576 
    8: 1111000100001000010001011000101100000101... 91           0.00510534  
    9: 1111000100001000010001011000100100000101... 87           0.0054018593

Pickling population to: genetic_alg_settings_population_end.pkl

Hall of Fame:
Index: Selected                                    #Selected    CV          
----------------------------------------------------------------------------------------------------
    0: 1111000000001000001010111001100100010101... 94           0.0046883697
    1: 1111000000001000011101011000100100000111... 100          0.0046889166
    2: 1111000000001000011101011000100100000111... 100          0.004690494 
    3: 1111000100001000001011111001100101010111... 100          0.00472845  
    4: 1111000000101000001011011101100101010101... 95           0.00473738  
    5: 1111001000000000011111011001100101000101... 96           0.0047408114
    6: 1111000000001000011011011001100101000111... 98           0.004763458 
    7: 1111000000001000011101011000100100000111... 100          0.0047750931
    8: 1111000000000000011111011001100101000011... 99           0.004777957 
    9: 1111001000000000011111011001100101100001... 97           0.0047893923

Pickling Hall of Fame to: genetic_alg_settings_evolve_halloffame.pkl
Begin 10 of 20 repetitions
Begin 20 generations
gen	nevals	avg       	std        	min       	max       
0  	0     	0.00531767	0.000188971	0.00498073	0.00560254
1  	10    	0.00538415	0.000389984	0.00504905	0.00642269
2  	10    	0.00543841	0.000286406	0.00500877	0.00605757
3  	10    	0.0054081 	0.00038595 	0.00492199	0.00618336
4  	10    	0.00547704	0.000576544	0.00502982	0.00713917
5  	10    	0.00536537	0.000208989	0.00512968	0.00572266
6  	10    	0.00545055	0.000363677	0.00500844	0.00598106
7  	10    	0.00556706	0.000531847	0.005023  	0.006754  
8  	10    	0.00549349	0.000397252	0.0050026 	0.00643377
9  	10    	0.0057047 	0.000485619	0.00510431	0.00690006
10 	10    	0.00560014	0.000354312	0.00518556	0.00658969
11 	10    	0.00560183	0.000344744	0.00518856	0.00626164
12 	10    	0.00545951	0.000357978	0.00502574	0.00623459
13 	10    	0.00541336	0.000444351	0.00486739	0.00602929
14 	10    	0.00544208	0.000309345	0.00506936	0.00608171
15 	10    	0.00537618	0.000263051	0.00498914	0.00576958
16 	10    	0.0053435 	0.000314525	0.00486528	0.00603157
17 	10    	0.0053848 	0.000316175	0.00479663	0.00586079
18 	10    	0.00535593	0.000220356	0.00483424	0.00571068
19 	10    	0.00574225	0.000642982	0.00514147	0.00720321
20 	10    	0.00542014	0.000247151	0.00505572	0.00584287
Runtime: 10.572942707003676 (s)


Final population:
Index: Selected                                    #Selected    CV          
----------------------------------------------------------------------------------------------------
    0: 1111000100001000010001011000100100000101... 93           0.0058428746
    1: 1111110100001000010111011000101100000101... 96           0.0057556144
    2: 1111000100001000010101001000101100000101... 98           0.0055233177
    3: 1111000100001000010011011000100100000101... 93           0.0055632769
    4: 1111000100001000010111011000101100000101... 99           0.0052994981
    5: 1111000100001000010111011000101100000101... 98           0.0051801152
    6: 1111000100001000010111001000101100000101... 93           0.0054649238
    7: 1111010100001000010011011000100000000101... 92           0.0053782797
    8: 1111010100001000010011011000100000000101... 91           0.0050557158
    9: 1111000100001000010001001000100100000101... 92           0.0051377871

Pickling population to: genetic_alg_settings_population_end.pkl

Hall of Fame:
Index: Selected                                    #Selected    CV          
----------------------------------------------------------------------------------------------------
    0: 1111000000001000001010111001100100010101... 94           0.0046883697
    1: 1111000000001000011101011000100100000111... 100          0.0046889166
    2: 1111000000001000011101011000100100000111... 100          0.004690494 
    3: 1111000100001000001011111001100101010111... 100          0.00472845  
    4: 1111000000101000001011011101100101010101... 95           0.00473738  
    5: 1111001000000000011111011001100101000101... 96           0.0047408114
    6: 1111000000001000011011011001100101000111... 98           0.004763458 
    7: 1111000000001000011101011000100100000111... 100          0.0047750931
    8: 1111000000000000011111011001100101000011... 99           0.004777957 
    9: 1111001000000000011111011001100101100001... 97           0.0047893923

Pickling Hall of Fame to: genetic_alg_settings_evolve_halloffame.pkl
Begin 11 of 20 repetitions
Begin 20 generations
gen	nevals	avg       	std        	min       	max       
0  	0     	0.00542014	0.000247151	0.00505572	0.00584287
1  	10    	0.00545633	0.000349731	0.00520202	0.00627722
2  	10    	0.00558809	0.000316765	0.00517217	0.006136  
3  	10    	0.00571673	0.000826379	0.00513747	0.00810556
4  	10    	0.00550631	0.000361696	0.00504192	0.00635496
5  	10    	0.00532947	0.000370281	0.00501755	0.00630348
6  	10    	0.00512541	0.000218757	0.00479922	0.0055039 
7  	10    	0.00536731	0.000253327	0.00499852	0.00568017
8  	10    	0.00533073	0.000378449	0.00475915	0.0059425 
9  	10    	0.00536409	0.000387734	0.00503573	0.00639044
10 	10    	0.00524829	0.000206831	0.00482075	0.00559663
11 	10    	0.00528664	0.000310639	0.00482298	0.00575396
12 	10    	0.00527719	0.000231942	0.00488969	0.0056753 
13 	10    	0.00515777	0.000187835	0.00484771	0.00541338
14 	10    	0.00517395	0.000332669	0.00484519	0.00583323
15 	10    	0.00512247	0.000204568	0.00486219	0.00550354
16 	10    	0.00523553	0.000235696	0.0048853 	0.00567631
17 	10    	0.00530452	0.000310579	0.00495607	0.00600303
18 	10    	0.00517164	0.00032984 	0.00466286	0.00597513
19 	10    	0.00522385	0.000315014	0.00480541	0.00577209
20 	10    	0.00523994	0.000515242	0.00468838	0.00663894
Runtime: 10.14645200099767 (s)


Final population:
Index: Selected                                    #Selected    CV          
----------------------------------------------------------------------------------------------------
    0: 1111000100001001010001001100101100000000... 94           0.0050537136
    1: 1111000100001001010101001000101100000000... 98           0.0051469206
    2: 1111000100001001010001001000101100000000... 94           0.0048889108
    3: 1111000100001001010001001000101100000000... 93           0.0050816318
    4: 1111000100001001010101001000101100000000... 93           0.0046883772
    5: 1111001100001001010001001000101100000000... 95           0.0066389357
    6: 1111000110001001010101001000101100100000... 96           0.0055428375
    7: 1111000100001001010001001100101100000001... 99           0.0051445872
    8: 1111000100001001010001011000101100000000... 94           0.0049259298
    9: 1111000100001001010001001000111100000000... 93           0.0052875959

Pickling population to: genetic_alg_settings_population_end.pkl

Hall of Fame:
Index: Selected                                    #Selected    CV          
----------------------------------------------------------------------------------------------------
    0: 1111000100001001010001001000101100000000... 91           0.0046628643
    1: 1111000000001000001010111001100100010101... 94           0.0046883697
    2: 1111000100001001010101001000101100000000... 93           0.0046883772
    3: 1111000000001000011101011000100100000111... 100          0.0046889166
    4: 1111000000001000011101011000100100000111... 100          0.004690494 
    5: 1111000100001000001011111001100101010111... 100          0.00472845  
    6: 1111000000101000001011011101100101010101... 95           0.00473738  
    7: 1111001000000000011111011001100101000101... 96           0.0047408114
    8: 1111000100001001010101001000101100100101... 96           0.0047591526
    9: 1111000000001000011011011001100101000111... 98           0.004763458 

Pickling Hall of Fame to: genetic_alg_settings_evolve_halloffame.pkl
Begin 12 of 20 repetitions
Begin 20 generations
gen	nevals	avg       	std        	min       	max       
0  	0     	0.00523994	0.000515242	0.00468838	0.00663894
1  	10    	0.00508684	0.000230036	0.00476287	0.00547065
2  	10    	0.00515262	0.000169452	0.0047972 	0.00546463
3  	10    	0.00531049	0.000346013	0.00491575	0.0062394 
4  	10    	0.00547287	0.000302703	0.00496094	0.00593291
5  	10    	0.00523937	0.000178395	0.00491734	0.00555176
6  	10    	0.00549482	0.000510335	0.00486934	0.00686618
7  	10    	0.00533167	0.000282793	0.00500661	0.00608499
8  	10    	0.00554499	0.00046869 	0.00511177	0.00650616
9  	10    	0.00531775	0.000229687	0.00490221	0.00574945
10 	10    	0.00550735	0.000332417	0.00500321	0.00600536
11 	10    	0.00539245	0.000330378	0.00496525	0.0059646 
12 	10    	0.00533038	0.000306964	0.00487787	0.0058966 
13 	10    	0.00537888	0.000267417	0.0049138 	0.00581726
14 	10    	0.00530198	0.000241623	0.00496587	0.00566109
15 	10    	0.00546324	0.00015891 	0.0052258 	0.00575647
16 	10    	0.00544961	0.000271105	0.00504111	0.00596293
17 	10    	0.00551156	0.00029241 	0.00511136	0.00621796
18 	10    	0.00545735	0.000309786	0.00512468	0.00621314
19 	10    	0.00551529	0.000307648	0.00519231	0.00629849
20 	10    	0.00539498	0.000243817	0.00498355	0.00596345
Runtime: 9.968408720997104 (s)


Final population:
Index: Selected                                    #Selected    CV          
----------------------------------------------------------------------------------------------------
    0: 1111001100001001110000001010001100000000... 94           0.0049835495
    1: 1111001100001001110000001010001100000000... 95           0.005616264 
    2: 1111001100001011110000001010001100000000... 100          0.0054033745
    3: 1111001100001001110000011010101000000000... 97           0.0054059538
    4: 1111001100001111110000001010100110000000... 100          0.0053388357
    5: 1111001100001111110000001010101110000000... 100          0.0059634469
    6: 1111001100001111110000001010101110100000... 100          0.0052530168
    7: 1111001100001001110000001010001100000000... 94           0.0053819643
    8: 1111001100001111110000001010101110000000... 99           0.0053791597
    9: 1111001100001111110000001010101110000000... 99           0.0052242334

Pickling population to: genetic_alg_settings_population_end.pkl

Hall of Fame:
Index: Selected                                    #Selected    CV          
----------------------------------------------------------------------------------------------------
    0: 1111000100001001010001001000101100000000... 91           0.0046628643
    1: 1111000000001000001010111001100100010101... 94           0.0046883697
    2: 1111000100001001010101001000101100000000... 93           0.0046883772
    3: 1111000000001000011101011000100100000111... 100          0.0046889166
    4: 1111000000001000011101011000100100000111... 100          0.004690494 
    5: 1111000100001000001011111001100101010111... 100          0.00472845  
    6: 1111000000101000001011011101100101010101... 95           0.00473738  
    7: 1111001000000000011111011001100101000101... 96           0.0047408114
    8: 1111000100001001010101001000101100100101... 96           0.0047591526
    9: 1111000100001001010101001000101100000000... 95           0.004762868 

Pickling Hall of Fame to: genetic_alg_settings_evolve_halloffame.pkl
Begin 13 of 20 repetitions
Begin 20 generations
gen	nevals	avg       	std        	min       	max       
0  	0     	0.00539498	0.000243817	0.00498355	0.00596345
1  	10    	0.00532544	0.00028668 	0.00491085	0.00582557
2  	10    	0.00543327	0.000262195	0.00497043	0.00598384
3  	10    	0.00558432	0.000275485	0.00521553	0.00625628
4  	10    	0.00572181	0.000404758	0.00507497	0.00642076
5  	10    	0.00560555	0.000677683	0.00497792	0.00741984
6  	10    	0.00558916	0.000321243	0.00524638	0.00619537
7  	10    	0.00550779	0.000206874	0.00520848	0.00588785
8  	10    	0.00555558	0.000312522	0.00504871	0.0061104 
9  	10    	0.00543413	0.000267161	0.00495736	0.00571117
10 	10    	0.00537755	0.000195436	0.00510673	0.00568778
11 	10    	0.00552278	0.000230256	0.0052559 	0.00598264
12 	10    	0.00557582	0.000334244	0.00513685	0.00622488
13 	10    	0.00554951	0.000340672	0.00506096	0.00601194
14 	10    	0.00557601	0.000370223	0.00511735	0.00628904
15 	10    	0.00553173	0.000310283	0.00520857	0.00633487
16 	10    	0.00559772	0.000322869	0.00501676	0.00610916
17 	10    	0.00577101	0.000183102	0.00543545	0.006046  
18 	10    	0.00557516	0.000339032	0.0050773 	0.00610728
19 	10    	0.00604687	0.000480806	0.0054528 	0.00688444
20 	10    	0.00607165	0.000444436	0.00554121	0.00684267
Runtime: 12.292274455001461 (s)


Final population:
Index: Selected                                    #Selected    CV          
----------------------------------------------------------------------------------------------------
    0: 1111001100011100110010001000101100010011... 98           0.006820693 
    1: 1111001100011100110010001010100100000100... 96           0.0056452664
    2: 1111001000011000100010001010101100011101... 98           0.006137424 
    3: 1111001100011100110010001010101100000010... 94           0.0055412128
    4: 1111001100011100110010001010101100011000... 100          0.0056150392
    5: 1111001100011000110010001010100100010010... 98           0.0059070645
    6: 1111001100011100110010001010101100000000... 95           0.0068426686
    7: 1111001100001000110010001111101100011010... 100          0.0062180026
    8: 1111001100011100110010001010101100000111... 100          0.0061986977
    9: 1111001100011100110010001010101100000000... 93           0.0057904618

Pickling population to: genetic_alg_settings_population_end.pkl

Hall of Fame:
Index: Selected                                    #Selected    CV          
----------------------------------------------------------------------------------------------------
    0: 1111000100001001010001001000101100000000... 91           0.0046628643
    1: 1111000000001000001010111001100100010101... 94           0.0046883697
    2: 1111000100001001010101001000101100000000... 93           0.0046883772
    3: 1111000000001000011101011000100100000111... 100          0.0046889166
    4: 1111000000001000011101011000100100000111... 100          0.004690494 
    5: 1111000100001000001011111001100101010111... 100          0.00472845  
    6: 1111000000101000001011011101100101010101... 95           0.00473738  
    7: 1111001000000000011111011001100101000101... 96           0.0047408114
    8: 1111000100001001010101001000101100100101... 96           0.0047591526
    9: 1111000100001001010101001000101100000000... 95           0.004762868 

Pickling Hall of Fame to: genetic_alg_settings_evolve_halloffame.pkl
Begin 14 of 20 repetitions
Begin 20 generations
gen	nevals	avg       	std        	min       	max       
0  	0     	0.00607165	0.000444436	0.00554121	0.00684267
1  	10    	0.00576431	0.000330272	0.00522145	0.00617046
2  	10    	0.00576935	0.000340353	0.00512034	0.0062987 
3  	10    	0.0057214 	0.000323672	0.00514123	0.00625624
4  	10    	0.00553618	0.000259306	0.00526643	0.00617158
5  	10    	0.00548474	0.000337346	0.0049835 	0.00626594
6  	10    	0.00572223	0.000317268	0.00521904	0.00619607
7  	10    	0.00580534	0.000346233	0.00523637	0.00622518
8  	10    	0.00593696	0.000516222	0.0053017 	0.0073925 
9  	10    	0.0063423 	0.000252771	0.00590133	0.00666906
10 	10    	0.00607589	0.000366425	0.00535533	0.00658418
11 	10    	0.00607537	0.000281916	0.00553114	0.00674267
12 	10    	0.00566632	0.000277404	0.00518694	0.00620872
13 	10    	0.00562085	0.000313149	0.00501605	0.00620323
14 	10    	0.0056744 	0.000412044	0.00507958	0.0065665 
15 	10    	0.00558206	0.00023851 	0.00522551	0.006034  
16 	10    	0.00585843	0.000652641	0.00493936	0.00698513
17 	10    	0.00578895	0.000603847	0.0050717 	0.00708417
18 	10    	0.00545853	0.00038852 	0.00477498	0.00626418
19 	10    	0.00527023	0.000474636	0.00481537	0.0064997 
20 	10    	0.00527371	0.000156801	0.00504033	0.00554502
Runtime: 12.253533764000167 (s)


Final population:
Index: Selected                                    #Selected    CV          
----------------------------------------------------------------------------------------------------
    0: 1111000100011100110010001010100100010000... 93           0.0050615736
    1: 1111000100001100110010001010101100010000... 100          0.0054515062
    2: 1111000100001100110010001010101100010000... 92           0.0053123583
    3: 1111000100011100110010001010101110010000... 100          0.0053296125
    4: 1111000100011100110010001010101100010000... 95           0.0055450174
    5: 1111100100001100110010001010101100010000... 97           0.0052512685
    6: 1111000100011100110010001010101100010000... 97           0.0052700237
    7: 1111000100001100110010001010101110010000... 96           0.0053670322
    8: 1111000100001100110010001010101100010000... 94           0.0050403314
    9: 1111000100011100110010001010101110000000... 97           0.0051083812

Pickling population to: genetic_alg_settings_population_end.pkl

Hall of Fame:
Index: Selected                                    #Selected    CV          
----------------------------------------------------------------------------------------------------
    0: 1111000100001001010001001000101100000000... 91           0.0046628643
    1: 1111000000001000001010111001100100010101... 94           0.0046883697
    2: 1111000100001001010101001000101100000000... 93           0.0046883772
    3: 1111000000001000011101011000100100000111... 100          0.0046889166
    4: 1111000000001000011101011000100100000111... 100          0.004690494 
    5: 1111000100001000001011111001100101010111... 100          0.00472845  
    6: 1111000000101000001011011101100101010101... 95           0.00473738  
    7: 1111001000000000011111011001100101000101... 96           0.0047408114
    8: 1111000100001001010101001000101100100101... 96           0.0047591526
    9: 1111000100001001010101001000101100000000... 95           0.004762868 

Pickling Hall of Fame to: genetic_alg_settings_evolve_halloffame.pkl
Begin 15 of 20 repetitions
Begin 20 generations
gen	nevals	avg       	std        	min       	max       
0  	0     	0.00527371	0.000156801	0.00504033	0.00554502
1  	10    	0.00535078	0.000483341	0.00478499	0.00667594
2  	10    	0.00532416	0.000232335	0.00487234	0.00561494
3  	10    	0.00571856	0.000365483	0.00495439	0.00629593
4  	10    	0.00551039	0.000237504	0.00514775	0.00593616
5  	10    	0.00582204	0.00075554 	0.00514001	0.00793151
6  	10    	0.00541088	0.000229256	0.00496325	0.00577123
7  	10    	0.00545524	0.000263922	0.00501999	0.00594586
8  	10    	0.00573415	0.000493486	0.00530339	0.00683835
9  	10    	0.00556621	0.000278153	0.00527704	0.00609396
10 	10    	0.0056801 	0.000242824	0.00526574	0.00604301
11 	10    	0.00560922	0.000352905	0.00508403	0.00606153
12 	10    	0.00555131	0.000327382	0.00512101	0.00630237
13 	10    	0.00580029	0.00026825 	0.00538338	0.00630062
14 	10    	0.0058397 	0.000363782	0.00537276	0.00666827
15 	10    	0.00574914	0.000264213	0.00526545	0.00615626
16 	10    	0.00575392	0.000440674	0.00518519	0.0068129 
17 	10    	0.00566333	0.00022925 	0.005432  	0.00610024
18 	10    	0.00570585	0.000319409	0.00511081	0.00608805
19 	10    	0.00609493	0.000458493	0.00546583	0.00706064
20 	10    	0.00580154	0.000401218	0.00539547	0.00679621
Runtime: 13.379131616005907 (s)


Final population:
Index: Selected                                    #Selected    CV          
----------------------------------------------------------------------------------------------------
    0: 1111001110001100110000001010100100010000... 95           0.0060498181
    1: 1111000111001100010000001010100100000000... 100          0.0054401463
    2: 1111100110001100110000001010100100010010... 93           0.0059171914
    3: 1111000111001100110000011010100100011000... 99           0.0055664288
    4: 1111100111001100110000011010100100011000... 99           0.0057793962
    5: 1111100111001100110000011010100100011000... 97           0.0055148572
    6: 1111000110001100110000001010100100010000... 86           0.0067962059
    7: 1111000110001100110100001010100100000100... 100          0.0053954735
    8: 1111001110001100110100001010100100010100... 95           0.0055425423
    9: 1111000110001100110000011010100100010000... 93           0.0060133119

Pickling population to: genetic_alg_settings_population_end.pkl

Hall of Fame:
Index: Selected                                    #Selected    CV          
----------------------------------------------------------------------------------------------------
    0: 1111000100001001010001001000101100000000... 91           0.0046628643
    1: 1111000000001000001010111001100100010101... 94           0.0046883697
    2: 1111000100001001010101001000101100000000... 93           0.0046883772
    3: 1111000000001000011101011000100100000111... 100          0.0046889166
    4: 1111000000001000011101011000100100000111... 100          0.004690494 
    5: 1111000100001000001011111001100101010111... 100          0.00472845  
    6: 1111000000101000001011011101100101010101... 95           0.00473738  
    7: 1111001000000000011111011001100101000101... 96           0.0047408114
    8: 1111000100001001010101001000101100100101... 96           0.0047591526
    9: 1111000100001001010101001000101100000000... 95           0.004762868 

Pickling Hall of Fame to: genetic_alg_settings_evolve_halloffame.pkl
Begin 16 of 20 repetitions
Begin 20 generations
gen	nevals	avg       	std        	min       	max       
0  	0     	0.00580154	0.000401218	0.00539547	0.00679621
1  	10    	0.00561172	0.00046112 	0.0050384 	0.00657707
2  	10    	0.00575979	0.000330656	0.00519392	0.00641059
3  	10    	0.00568707	0.000795651	0.00493966	0.00779033
4  	10    	0.00538855	0.000305189	0.00483467	0.00606576
5  	10    	0.00547777	0.00025964 	0.00516176	0.00602618
6  	10    	0.00559192	0.000366842	0.00503934	0.00643854
7  	10    	0.0057128 	0.000311531	0.00532632	0.00637863
8  	10    	0.00586841	0.000329521	0.00537321	0.00643229
9  	10    	0.00561529	0.000308887	0.00516698	0.00603791
10 	10    	0.00564241	0.000502968	0.00504943	0.0067463 
11 	10    	0.0055596 	0.000219696	0.00513295	0.00581953
12 	10    	0.00564601	0.00033512 	0.00511545	0.00623171
13 	10    	0.0055834 	0.000374291	0.00511647	0.00624904
14 	10    	0.00555824	0.000160448	0.00524639	0.00586405
15 	10    	0.00564529	0.000221699	0.00518398	0.00603022
16 	10    	0.00571529	0.000379848	0.00528838	0.00650613
17 	10    	0.00561976	0.000287042	0.00522394	0.00614614
18 	10    	0.00553455	0.000365057	0.00500224	0.00646195
19 	10    	0.00556867	0.000342089	0.00508116	0.00629332
20 	10    	0.00556441	0.00035936 	0.00503599	0.00625937
Runtime: 10.149541019003664 (s)


Final population:
Index: Selected                                    #Selected    CV          
----------------------------------------------------------------------------------------------------
    0: 1111110110001100110000001010000100000110... 98           0.0050542306
    1: 1111110110001100010000001010100100000110... 89           0.0062593676
    2: 1111110110011100110000001010100100000110... 100          0.0056922581
    3: 1111110110001100110000001010100100000110... 99           0.0058139823
    4: 1111110010001100110000001010100100000110... 90           0.0053389766
    5: 1111110110011100110000001010100100000100... 100          0.0057840408
    6: 1111110110001100110000001010100100000110... 95           0.005682504 
    7: 1111110110001100110000001010100100000110... 95           0.0050359886
    8: 1111110110001100110000001010100100000110... 98           0.005308884 
    9: 1111110110001100110000001010100100100110... 96           0.0056738867

Pickling population to: genetic_alg_settings_population_end.pkl

Hall of Fame:
Index: Selected                                    #Selected    CV          
----------------------------------------------------------------------------------------------------
    0: 1111000100001001010001001000101100000000... 91           0.0046628643
    1: 1111000000001000001010111001100100010101... 94           0.0046883697
    2: 1111000100001001010101001000101100000000... 93           0.0046883772
    3: 1111000000001000011101011000100100000111... 100          0.0046889166
    4: 1111000000001000011101011000100100000111... 100          0.004690494 
    5: 1111000100001000001011111001100101010111... 100          0.00472845  
    6: 1111000000101000001011011101100101010101... 95           0.00473738  
    7: 1111001000000000011111011001100101000101... 96           0.0047408114
    8: 1111000100001001010101001000101100100101... 96           0.0047591526
    9: 1111000100001001010101001000101100000000... 95           0.004762868 

Pickling Hall of Fame to: genetic_alg_settings_evolve_halloffame.pkl
Begin 17 of 20 repetitions
Begin 20 generations
gen	nevals	avg       	std       	min       	max       
0  	0     	0.00556441	0.00035936	0.00503599	0.00625937
1  	10    	0.00551799	0.000200876	0.00527596	0.00601068
2  	10    	0.00560893	0.000293902	0.00519519	0.00613891
3  	10    	0.00549738	0.000142625	0.00523602	0.00572448
4  	10    	0.00554015	0.000325842	0.00505462	0.00625534
5  	10    	0.00554314	0.000355122	0.00508345	0.00631635
6  	10    	0.00564261	0.000439202	0.00510476	0.00642552
7  	10    	0.00558767	0.000353868	0.00483446	0.00612038
8  	10    	0.00559033	0.000360696	0.00514089	0.00629844
9  	10    	0.005373  	0.000269567	0.00490269	0.00582159
10 	10    	0.00547256	0.000244786	0.00508636	0.00594348
11 	10    	0.00536056	0.000313034	0.00482454	0.00576097
12 	10    	0.00542492	0.000200803	0.00508827	0.00580687
13 	10    	0.00565046	0.000436542	0.00506622	0.00676929
14 	10    	0.00581907	0.000501581	0.00519305	0.00666166
15 	10    	0.00555591	0.000240934	0.00520812	0.005935  
16 	10    	0.00557367	0.000365205	0.00508334	0.0063688 
17 	10    	0.00560069	0.000399725	0.00506704	0.00636824
18 	10    	0.0054935 	0.00029463 	0.00502598	0.00587023
19 	10    	0.00527782	0.000334402	0.00491432	0.00615269
20 	10    	0.00545508	0.000413823	0.00489406	0.00620916
Runtime: 11.35266283799865 (s)


Final population:
Index: Selected                                    #Selected    CV          
----------------------------------------------------------------------------------------------------
    0: 1111110110001110100000001010000100000010... 88           0.0048940569
    1: 1111110110101100100001001011000100000110... 94           0.0060600763
    2: 1111110110001100100000001010000100000110... 90           0.0050616277
    3: 1110110110101101100001001011000100000010... 95           0.0058274076
    4: 1111110110001100100000001011100100100010... 96           0.0052160646
    5: 1111110110101100000001001010000100000110... 90           0.0054187639
    6: 1111110110001100100000001010000100000010... 92           0.0052675428
    7: 1111110110001100000000001010100100000010... 94           0.0051824656
    8: 1111110110001100100000001010100100000010... 91           0.0054136275
    9: 1111110110001110000000001010000100000010... 92           0.006209162 

Pickling population to: genetic_alg_settings_population_end.pkl

Hall of Fame:
Index: Selected                                    #Selected    CV          
----------------------------------------------------------------------------------------------------
    0: 1111000100001001010001001000101100000000... 91           0.0046628643
    1: 1111000000001000001010111001100100010101... 94           0.0046883697
    2: 1111000100001001010101001000101100000000... 93           0.0046883772
    3: 1111000000001000011101011000100100000111... 100          0.0046889166
    4: 1111000000001000011101011000100100000111... 100          0.004690494 
    5: 1111000100001000001011111001100101010111... 100          0.00472845  
    6: 1111000000101000001011011101100101010101... 95           0.00473738  
    7: 1111001000000000011111011001100101000101... 96           0.0047408114
    8: 1111000100001001010101001000101100100101... 96           0.0047591526
    9: 1111000100001001010101001000101100000000... 95           0.004762868 

Pickling Hall of Fame to: genetic_alg_settings_evolve_halloffame.pkl
Begin 18 of 20 repetitions
Begin 20 generations
gen	nevals	avg       	std        	min       	max       
0  	0     	0.00545508	0.000413823	0.00489406	0.00620916
1  	10    	0.00537635	0.000273865	0.00496428	0.00582352
2  	10    	0.00561914	0.000366475	0.00520446	0.00642181
3  	10    	0.0055313 	0.000320554	0.00508604	0.00618877
4  	10    	0.00542459	0.000275325	0.00495643	0.00575694
5  	10    	0.0053738 	0.000245685	0.0050381 	0.00580694
6  	10    	0.00551405	0.000248919	0.00516293	0.00599204
7  	10    	0.00540632	0.000161985	0.00516651	0.00576738
8  	10    	0.0052931 	0.000233516	0.00496752	0.00566562
9  	10    	0.00538901	0.000365165	0.0050168 	0.00612464
10 	10    	0.00539624	0.000465439	0.00501607	0.00662213
11 	10    	0.00534338	0.000334842	0.00476145	0.00577951
12 	10    	0.0056877 	0.000376224	0.00517281	0.00632834
13 	10    	0.00539947	0.00026767 	0.00512837	0.00603108
14 	10    	0.00536644	0.000502729	0.0046712 	0.00618754
15 	10    	0.00525739	0.000259226	0.00496698	0.00574762
16 	10    	0.00532047	0.000289548	0.00473017	0.0057298 
17 	10    	0.00556249	0.000332261	0.00510217	0.00624863
18 	10    	0.00587461	0.000373142	0.00539563	0.00669955
19 	10    	0.00552906	0.000255373	0.00520696	0.00607551
20 	10    	0.0058041 	0.000377974	0.00541243	0.00681698
Runtime: 11.710300979000749 (s)


Final population:
Index: Selected                                    #Selected    CV          
----------------------------------------------------------------------------------------------------
    0: 1111100111001100100100101110000100000100... 98           0.0054124267
    1: 1111000111001100100100100110000100000100... 95           0.0059924482
    2: 1111110111001100100100101110000100000100... 100          0.0056546603
    3: 1111100111001100100100101110000100000100... 99           0.0057071798
    4: 1111010111001100100100101110000110000110... 100          0.0054139301
    5: 1111100011001100100100101100000100000110... 98           0.0057713628
    6: 1111110011001100100100101110000100000110... 100          0.0068169803
    7: 1111110011001100100100101110000100000110... 100          0.0057880214
    8: 1111100011001100100000111110000100000110... 100          0.0056399417
    9: 1111100111001100100100101110000100010100... 98           0.0058440408

Pickling population to: genetic_alg_settings_population_end.pkl

Hall of Fame:
Index: Selected                                    #Selected    CV          
----------------------------------------------------------------------------------------------------
    0: 1111000100001001010001001000101100000000... 91           0.0046628643
    1: 1111110111001100100100001010000100000100... 100          0.0046712032
    2: 1111000000001000001010111001100100010101... 94           0.0046883697
    3: 1111000100001001010101001000101100000000... 93           0.0046883772
    4: 1111000000001000011101011000100100000111... 100          0.0046889166
    5: 1111000000001000011101011000100100000111... 100          0.004690494 
    6: 1111000100001000001011111001100101010111... 100          0.00472845  
    7: 1111100111001100110100001010000100000110... 100          0.0047301716
    8: 1111000000101000001011011101100101010101... 95           0.00473738  
    9: 1111001000000000011111011001100101000101... 96           0.0047408114

Pickling Hall of Fame to: genetic_alg_settings_evolve_halloffame.pkl
Begin 19 of 20 repetitions
Begin 20 generations
gen	nevals	avg      	std        	min       	max       
0  	0     	0.0058041	0.000377974	0.00541243	0.00681698
1  	10    	0.00577533	0.00038718 	0.00528064	0.00658094
2  	10    	0.00584777	0.000370942	0.00510379	0.00635718
3  	10    	0.00569017	0.000448568	0.00510417	0.00646887
4  	10    	0.00555202	0.000334672	0.00509815	0.00612239
5  	10    	0.00545115	0.000341987	0.00509966	0.00610539
6  	10    	0.00555034	0.000394458	0.00523343	0.00650355
7  	10    	0.00560624	0.000220158	0.00522242	0.00594281
8  	10    	0.00591125	0.000527227	0.0053999 	0.00734031
9  	10    	0.00565139	0.000216598	0.00512732	0.00594524
10 	10    	0.00569761	0.000285504	0.00515641	0.00611347
11 	10    	0.00559552	0.000271129	0.00524164	0.00602361
12 	10    	0.0055854 	0.000440447	0.0049669 	0.00648727
13 	10    	0.00541041	0.000390337	0.00473512	0.00615165
14 	10    	0.00540702	0.000465979	0.00498496	0.00653382
15 	10    	0.0054521 	0.000377746	0.00500342	0.00604526
16 	10    	0.00526525	0.000234986	0.00507846	0.00589956
17 	10    	0.00532917	0.00035578 	0.00481109	0.0058652 
18 	10    	0.0053374 	0.000291076	0.00489858	0.0057836 
19 	10    	0.00567472	0.000360906	0.00522783	0.00622671
20 	10    	0.00598763	0.000609085	0.00506885	0.00734177
Runtime: 16.397364563999872 (s)


Final population:
Index: Selected                                    #Selected    CV          
----------------------------------------------------------------------------------------------------
    0: 1111110010000100101010101110010100001100... 100          0.0064368234
    1: 1111110010001100000000101110010100001000... 99           0.0060780647
    2: 1111010010001100101000101110010100001000... 100          0.0055586997
    3: 1111110010001100001000100110000100001001... 97           0.0059823848
    4: 1111110010001100001000100100010100001000... 98           0.0073417744
    5: 1111110010001100101000101110010100001000... 100          0.0061746616
    6: 1111110010001100001000100110010100001000... 98           0.0057059454
    7: 1111110010001100101000101110010100001000... 98           0.0053040347
    8: 1110110010001100101000100110010100001000... 100          0.0062251029
    9: 1111110010001100001000101110010100001000... 98           0.0050688521

Pickling population to: genetic_alg_settings_population_end.pkl

Hall of Fame:
Index: Selected                                    #Selected    CV          
----------------------------------------------------------------------------------------------------
    0: 1111000100001001010001001000101100000000... 91           0.0046628643
    1: 1111110111001100100100001010000100000100... 100          0.0046712032
    2: 1111000000001000001010111001100100010101... 94           0.0046883697
    3: 1111000100001001010101001000101100000000... 93           0.0046883772
    4: 1111000000001000011101011000100100000111... 100          0.0046889166
    5: 1111000000001000011101011000100100000111... 100          0.004690494 
    6: 1111000100001000001011111001100101010111... 100          0.00472845  
    7: 1111100111001100110100001010000100000110... 100          0.0047301716
    8: 1111110010001100101000101110000100001100... 100          0.0047351176
    9: 1111000000101000001011011101100101010101... 95           0.00473738  

Pickling Hall of Fame to: genetic_alg_settings_evolve_halloffame.pkl
Begin 20 of 20 repetitions
Begin 20 generations
gen	nevals	avg       	std        	min       	max       
0  	0     	0.00598763	0.000609085	0.00506885	0.00734177
1  	10    	0.00585527	0.000520766	0.00523306	0.00675586
2  	10    	0.00568163	0.000314867	0.00506662	0.00610299
3  	10    	0.00595332	0.000207695	0.0056394 	0.00630687
4  	10    	0.00589249	0.000382269	0.00531432	0.00666687
5  	10    	0.00582579	0.000301029	0.00537981	0.00632356
6  	10    	0.00581031	0.000224577	0.00541942	0.00624378
7  	10    	0.00559177	0.000289903	0.00516248	0.00603287
8  	10    	0.00566752	0.000350845	0.00532091	0.00645915
9  	10    	0.00585499	0.000911444	0.00510115	0.00848417
10 	10    	0.00589357	0.000475624	0.00479875	0.00650499
11 	10    	0.00550908	0.000320296	0.00501857	0.00626238
12 	10    	0.00566225	0.000468904	0.00523771	0.00691769
13 	10    	0.00567526	0.000365788	0.00510399	0.00650195
14 	10    	0.00556619	0.000545845	0.00502136	0.00664578
15 	10    	0.00562702	0.000333507	0.00516913	0.00606259
16 	10    	0.00533173	0.000203426	0.00502184	0.00557712
17 	10    	0.00549664	0.000355349	0.00520977	0.00639499
18 	10    	0.00559117	0.000290475	0.00517853	0.00614552
19 	10    	0.00570904	0.000526466	0.00523763	0.00715039
20 	10    	0.00572984	0.00051433 	0.00529119	0.00706282
Runtime: 13.774954175998573 (s)


Final population:
Index: Selected                                    #Selected    CV          
----------------------------------------------------------------------------------------------------
    0: 1111000000000100101000001010010100001000... 95           0.0061451974
    1: 1111001010001100101000001010010100001000... 99           0.0056369363
    2: 1111000010001100001000001010010100001000... 97           0.0054111812
    3: 1111000000001100101000001011010100001000... 100          0.0053016866
    4: 1111010010001100001000001010010100001000... 95           0.0052911856
    5: 1111000000001100101000001011010100001000... 100          0.0055399837
    6: 1111010010001100101000001011010100001000... 100          0.0054334354
    7: 1111000000001100001000001111010100001001... 96           0.0070628236
    8: 1111010010001100101000001011010100001000... 99           0.0055305856
    9: 1111000000001100001000001010010100000000... 98           0.0059454158

Pickling population to: genetic_alg_settings_population_end.pkl

Hall of Fame:
Index: Selected                                    #Selected    CV          
----------------------------------------------------------------------------------------------------
    0: 1111000100001001010001001000101100000000... 91           0.0046628643
    1: 1111110111001100100100001010000100000100... 100          0.0046712032
    2: 1111000000001000001010111001100100010101... 94           0.0046883697
    3: 1111000100001001010101001000101100000000... 93           0.0046883772
    4: 1111000000001000011101011000100100000111... 100          0.0046889166
    5: 1111000000001000011101011000100100000111... 100          0.004690494 
    6: 1111000100001000001011111001100101010111... 100          0.00472845  
    7: 1111100111001100110100001010000100000110... 100          0.0047301716
    8: 1111110010001100101000101110000100001100... 100          0.0047351176
    9: 1111000000101000001011011101100101010101... 95           0.00473738  

Pickling Hall of Fame to: genetic_alg_settings_evolve_halloffame.pkl
#   DONE  Runtime: 220.09385827500228 (s)

Adding statistics...
  DONE

Result:
Index: Selected                                    #Selected    CV           RMS          wRMS         Estimator                FeatureSelection         Note
--------------------------------------------------------------------------------------------------------------------------------------------------------------------
    0: 1111000100001001010001001000101100000000... 91           0.0046628643 0.0090331285 0.003172055  LinearRegression         GeneticAlgorithm         
    1: 1111110111001100100100001010000100000100... 100          0.0046712032 0.0085607003 0.0029312768 LinearRegression         GeneticAlgorithm         
    2: 1111000000001000001010111001100100010101... 94           0.0046883697 0.0086838221 0.0032254579 LinearRegression         GeneticAlgorithm         
    3: 1111000100001001010101001000101100000000... 93           0.0046883772 0.0090816783 0.0032066226 LinearRegression         GeneticAlgorithm         
    4: 1111000000001000011101011000100100000111... 100          0.0046889166 0.0091332557 0.0029797512 LinearRegression         GeneticAlgorithm         
    5: 1111000000001000011101011000100100000111... 100          0.004690494  0.0092478212 0.0030285059 LinearRegression         GeneticAlgorithm         
    6: 1111000100001000001011111001100101010111... 100          0.00472845   0.0091813737 0.0030169669 LinearRegression         GeneticAlgorithm         
    7: 1111100111001100110100001010000100000110... 100          0.0047301716 0.0079726581 0.0028605051 LinearRegression         GeneticAlgorithm         
    8: 1111110010001100101000101110000100001100... 100          0.0047351176 0.0081314538 0.0030085139 LinearRegression         GeneticAlgorithm         
    9: 1111000000101000001011011101100101010101... 95           0.00473738   0.0084620378 0.0031153964 LinearRegression         GeneticAlgorithm         

Pickling Hall of Fame to: genetic_alg_settings_halloffame.pkl
