Loading genetic_alg_settings.json
# Hall of Fame size: 10 

# Get problem data...
# wHullDist: Will calculate hull distance: hull_dist(CALCULATED,atom_frac)
# Query requested: ['formation_energy', 'is_calculated', 'corr', 'hull_dist(CALCULATED,atom_frac)']
# Use existing: []
# Querying: ['formation_energy', 'is_calculated', 'corr', 'hull_dist(CALCULATED,atom_frac)']
#   DONE

# Target: formation_energy
# Training samples: 627
# Features: 253 

# Weighting:
{
  "method": "wHullDist",
  "kwargs": {
    "A": 2.0,
    "B": 2.0,
    "kT": 0.05500000000000001,
    "hull_selection": "CALCULATED"
  }
}

# CV:
{
  "method": "KFold",
  "kwargs": {
    "n_splits": 10,
    "shuffle": true
  },
  "penalty": 0.0
} 

# Writing problem specs to: genetic_alg_settings_specs.pkl
# To inspect or customize the problem specs further, use the '--checkspecs' method

# Estimator:
{
  "method": "LinearRegression",
  "kwargs": {
    "fit_intercept": false
  }
} 

# Feature Selection:
{
  "method": "GeneticAlgorithm",
  "kwargs": {
    "constraints_kwargs": {
      "n_features_max": 100,
      "n_features_min": 3,
      "fix_off": [],
      "fix_on": [
        0,
        1,
        2
      ]
    },
    "selTournamentSize": 3,
    "mutFlipBitProb": 0.01,
    "evolve_params_kwargs": {
      "n_generation": 20,
      "n_repetition": 20,
      "n_features_init": 3,
      "n_population": 10,
      "n_halloffame": 10,
      "halloffame_filename": "evolve_halloffame.pkl",
      "filename_prefix": "genetic_alg_settings"
    },
    "cxUniformProb": 0.5
  }
} 

# Fit and select...
Constructing initial population
Begin 1 of 20 repetitions
Begin 20 generations
gen	nevals	avg      	std        	min     	max      
0  	10    	0.0196014	0.000804566	0.018051	0.0210058
1  	10    	0.018534 	0.000577886	0.0174968	0.0192544
2  	10    	0.017356 	0.00076761 	0.0158349	0.0183099
3  	10    	0.0161685	0.00134338 	0.013682 	0.0179013
4  	10    	0.0145372	0.00121149 	0.0114111	0.0155964
5  	10    	0.0131605	0.00134164 	0.01129  	0.0147167
6  	10    	0.0122234	0.00138438 	0.0104483	0.0147176
7  	10    	0.0104102	0.000599159	0.00953404	0.0112282
8  	10    	0.00986006	0.000526738	0.0087464 	0.010679 
9  	10    	0.00940272	0.000351929	0.00877874	0.00978257
10 	10    	0.00905199	0.000280097	0.008626  	0.00955487
11 	10    	0.00883984	0.000374166	0.0082637 	0.00935109
12 	10    	0.00862805	0.000227266	0.00836611	0.00916197
13 	10    	0.00842487	0.00024993 	0.00799293	0.00877175
14 	10    	0.00821284	0.000314542	0.00793326	0.00909628
15 	10    	0.00840303	0.00127691 	0.00775586	0.0122046 
16 	10    	0.0078219 	0.000233076	0.00731304	0.00816268
17 	10    	0.00768576	0.000142825	0.00742872	0.00798538
18 	10    	0.00753739	0.000151788	0.00727934	0.00778487
19 	10    	0.0074508 	0.000117786	0.00719214	0.00763698
20 	10    	0.00728799	0.000190927	0.0069818 	0.00768653
Runtime: 6.894238399996539 (s)


Final population:
Index: Selected                                    #Selected    CV          
----------------------------------------------------------------------------------------------------
    0: 1110100101011000000010001100100100000100... 68           0.0073172022
    1: 1110000101011000000010001100100100001100... 64           0.007686526 
    2: 1110100101011000000010001100100100001100... 70           0.0072350744
    3: 1110000111011000000010001100100100001110... 63           0.0075056807
    4: 1110100101011000010010001100100100001100... 68           0.0069817956
    5: 1110100101011000010010001100100100001100... 65           0.0071640299
    6: 1110000101011000000010001100100100001110... 63           0.0071865974
    7: 1110100101011000010010001100100100001100... 66           0.0072296277
    8: 1110100101011000010010001100110100100110... 63           0.0071605022
    9: 1110000101011000000010101100100100001100... 69           0.0074128731

Pickling population to: genetic_alg_settings_population_end.pkl

Hall of Fame:
Index: Selected                                    #Selected    CV          
----------------------------------------------------------------------------------------------------
    0: 1110100101011000010010001100100100001100... 68           0.0069817956
    1: 1110100101011000010010001100110100100110... 63           0.0071605022
    2: 1110100101011000010010001100100100001100... 65           0.0071640299
    3: 1110000101011000000010001100100100001110... 63           0.0071865974
    4: 1110100101011000010010001100100100001100... 64           0.0071921408
    5: 1110100101011000010010001100100100001100... 66           0.0072296277
    6: 1110100101011000000010001100100100001100... 70           0.0072350744
    7: 1110000111011000000010001100100100001110... 61           0.0072793352
    8: 1110100101011000000010001100110100000100... 60           0.007288507 
    9: 1110000101011000000010001100111100000110... 61           0.007313039 

Pickling Hall of Fame to: genetic_alg_settings_evolve_halloffame.pkl
Begin 2 of 20 repetitions
Begin 20 generations
gen	nevals	avg       	std        	min      	max       
0  	0     	0.00728799	0.000190927	0.0069818	0.00768653
1  	10    	0.00708101	0.000129301	0.00689326	0.00734113
2  	10    	0.00702671	0.000145759	0.00681601	0.00729842
3  	10    	0.0071445 	0.000374318	0.00681889	0.00819295
4  	10    	0.00692502	0.000110215	0.00676118	0.00706728
5  	10    	0.00682284	0.000175824	0.00652514	0.00708516
6  	10    	0.0068065 	0.000147585	0.00650685	0.00707565
7  	10    	0.00673553	0.000182043	0.00645214	0.00707333
8  	10    	0.00659033	0.000147543	0.00640623	0.00690366
9  	10    	0.00652706	0.000119251	0.0063716 	0.00678903
10 	10    	0.00651884	0.000221967	0.00634168	0.00714586
11 	10    	0.00650334	0.000234691	0.00630538	0.00716857
12 	10    	0.00646948	6.86397e-05	0.00639541	0.00659213
13 	10    	0.00636361	0.000119337	0.00617602	0.00655784
14 	10    	0.00632897	0.000156276	0.00601963	0.00651267
15 	10    	0.00634774	0.000102603	0.00611553	0.00651177
16 	10    	0.00629469	0.000107409	0.00611743	0.00645538
17 	10    	0.00617632	0.0001659  	0.00594833	0.00649749
18 	10    	0.00617984	0.000107754	0.005966  	0.00637165
19 	10    	0.00619408	0.000126443	0.00591082	0.00633164
20 	10    	0.00622827	0.00024528 	0.00603586	0.00689874
Runtime: 8.77999705899856 (s)


Final population:
Index: Selected                                    #Selected    CV          
----------------------------------------------------------------------------------------------------
    0: 1110101001011010010011001110100111001100... 89           0.0061156453
    1: 1110101001011011110010001110100111001001... 88           0.0060502325
    2: 1110101001011011110010001110100111001101... 90           0.0061922981
    3: 1110101001011010010011001110100111001000... 87           0.0063755108
    4: 1110101011011000110010001110100111001100... 85           0.0060854016
    5: 1110101001011000110010001110100111001100... 81           0.0062780717
    6: 1110101001011000110011001110110111001101... 88           0.0060358594
    7: 1110101001011010010011000110100111001001... 89           0.0068987443
    8: 1110101001011010010010001110100111001100... 86           0.0061683811
    9: 1110101001011011010010001110100111001101... 88           0.0060825563

Pickling population to: genetic_alg_settings_population_end.pkl

Hall of Fame:
Index: Selected                                    #Selected    CV          
----------------------------------------------------------------------------------------------------
    0: 1110101001011010110011001110100111001001... 86           0.0059108236
    1: 1110101001011010110010001110100111011100... 92           0.0059483305
    2: 1110101001011010110011001110100111011101... 92           0.0059659965
    3: 1110101001011000010011001110100111001101... 85           0.0060112123
    4: 1110101001011000010010001110100111001100... 85           0.0060196253
    5: 1110101001011000010011001110100111011101... 81           0.0060225211
    6: 1110101001011000110011001110110111001101... 88           0.0060358594
    7: 1110101001011000010011001110110111001101... 91           0.0060411758
    8: 1110101001011000010011001110100111001100... 82           0.0060437622
    9: 1110101001011011110010001110100111001001... 88           0.0060502325

Pickling Hall of Fame to: genetic_alg_settings_evolve_halloffame.pkl
Begin 3 of 20 repetitions
Begin 20 generations
gen	nevals	avg       	std       	min       	max       
0  	0     	0.00622827	0.00024528	0.00603586	0.00689874
1  	10    	0.00616589	6.60694e-05	0.00605929	0.006265  
2  	10    	0.00624423	0.000152703	0.00603875	0.00655868
3  	10    	0.00617365	0.000127116	0.00598876	0.00636972
4  	10    	0.00623469	0.000208625	0.00590877	0.00669012
5  	10    	0.0061644 	0.000190443	0.00597333	0.00668077
6  	10    	0.00638465	0.000982651	0.00574253	0.00929584
7  	10    	0.00603991	0.000194784	0.00569029	0.00633434
8  	10    	0.00608126	0.000770895	0.00554113	0.00834143
9  	10    	0.005838  	0.000225626	0.00559318	0.00642962
10 	10    	0.0058091 	0.000133677	0.0056045 	0.00607699
11 	10    	0.00577489	0.000135532	0.00558691	0.00602697
12 	10    	0.00573494	0.000102296	0.00553647	0.00589855
13 	10    	0.00573134	0.000143863	0.00554809	0.00600117
14 	10    	0.00565851	0.00010285 	0.00551281	0.00585675
15 	10    	0.00568396	0.000142867	0.00556513	0.00601187
16 	10    	0.00564627	7.67483e-05	0.00547331	0.00574121
17 	10    	0.00575086	0.000284737	0.0055145 	0.0063086 
18 	10    	0.0056305 	0.000131476	0.00543082	0.00579983
19 	10    	0.00558941	5.55229e-05	0.00548496	0.00570109
20 	10    	0.0056036 	0.000101942	0.00544803	0.00579898
Runtime: 9.968045572000847 (s)


Final population:
Index: Selected                                    #Selected    CV          
----------------------------------------------------------------------------------------------------
    0: 1111101001011100010010001111110111001101... 100          0.0055891862
    1: 1111101101011100010010001111110111001101... 100          0.0055219527
    2: 1111101001011100010010001111110111001101... 99           0.0056089482
    3: 1111100001011100010110001111110111011101... 100          0.0057448144
    4: 1111101001011100010011001111110111001101... 100          0.0055544228
    5: 1111101001011100010010001111110111001101... 100          0.0055439204
    6: 1111101001011100010010001111110111001101... 100          0.0054480271
    7: 1111101001011100010010001111110111001101... 100          0.0055474937
    8: 1111101001011100010011001111110111001100... 100          0.0056782613
    9: 1110101101011100010011001111110111000101... 100          0.0057989796

Pickling population to: genetic_alg_settings_population_end.pkl

Hall of Fame:
Index: Selected                                    #Selected    CV          
----------------------------------------------------------------------------------------------------
    0: 1111101001011100010111001111110111001101... 100          0.0054308185
    1: 1111101001011100010010001111110111001101... 100          0.0054480271
    2: 1111101001011100010010001111110111001101... 100          0.0054683836
    3: 1111101001011100010010001111100111001101... 99           0.0054733084
    4: 1111101101011100010010001111110111001101... 99           0.0054849569
    5: 1111101001011100010010001111110111001101... 99           0.0055012656
    6: 1111101001011100010010001011110111001101... 95           0.00551281  
    7: 1111101001011100010010001111110111001101... 99           0.0055144977
    8: 1111100001011100010010001111100111001101... 94           0.0055217601
    9: 1111101101011100010010001111110111001101... 100          0.0055219527

Pickling Hall of Fame to: genetic_alg_settings_evolve_halloffame.pkl
Begin 4 of 20 repetitions
Begin 20 generations
gen	nevals	avg      	std        	min       	max       
0  	0     	0.0056036	0.000101942	0.00544803	0.00579898
1  	10    	0.00559827	7.07464e-05	0.00547761	0.00576069
2  	10    	0.0057277 	0.000321759	0.00552137	0.00667152
3  	10    	0.00566946	0.000149673	0.00551681	0.00606978
4  	10    	0.00557845	0.000123705	0.00538942	0.00581491
5  	10    	0.00565024	8.71884e-05	0.00549887	0.00582709
6  	10    	0.00565041	9.46256e-05	0.00549832	0.00583757
7  	10    	0.00565467	0.000107775	0.00549816	0.00591275
8  	10    	0.00576248	0.000288896	0.00554548	0.00634314
9  	10    	0.00567385	0.00015966 	0.00554138	0.0059555 
10 	10    	0.00556414	5.02209e-05	0.00551101	0.00564712
11 	10    	0.00568091	0.000104872	0.00545894	0.00580972
12 	10    	0.00576579	0.000254698	0.00540486	0.00635576
13 	10    	0.00574774	0.000112966	0.00549103	0.00590468
14 	10    	0.00581765	0.000252469	0.0055601 	0.00641139
15 	10    	0.00564074	0.000157088	0.0054481 	0.00600395
16 	10    	0.00563975	0.000102723	0.00552022	0.00584696
17 	10    	0.00565969	0.000144079	0.00552511	0.00602441
18 	10    	0.00572442	0.000295529	0.00548932	0.00652665
19 	10    	0.00568957	0.000128081	0.00551617	0.00587757
20 	10    	0.00562046	6.45743e-05	0.00550444	0.00570749
Runtime: 9.886553172000276 (s)


Final population:
Index: Selected                                    #Selected    CV          
----------------------------------------------------------------------------------------------------
    0: 1111101001011100010010001111111110001101... 90           0.0055044444
    1: 1111101001011100010010001111111110101101... 96           0.0057061846
    2: 1111101001011100010010001110111110101101... 92           0.0056314281
    3: 1111100001011100010010001111111110101101... 93           0.0057074903
    4: 1111100001011100010010011011111110001101... 96           0.0055826857
    5: 1111100001011100010010001111111110001101... 91           0.0055879281
    6: 1111100001011100010010001111111110101101... 100          0.0055333178
    7: 1111100001011100010010001111111110001101... 93           0.005664988 
    8: 1111101001011100010010001111111110001101... 91           0.0056505519
    9: 1111100001011100010010011011111110101101... 95           0.0056355677

Pickling population to: genetic_alg_settings_population_end.pkl

Hall of Fame:
Index: Selected                                    #Selected    CV          
----------------------------------------------------------------------------------------------------
    0: 1111101001011100010010001111110111001101... 99           0.0053894195
    1: 1111101001011100110011001111110110001000... 100          0.0054048643
    2: 1111101001011100010111001111110111001101... 100          0.0054308185
    3: 1111101101011100010010001111110111001101... 98           0.0054480084
    4: 1111101001011100010010001111110111001101... 100          0.0054480271
    5: 1111101001011100010010001111111110001101... 96           0.0054481032
    6: 1111101001011100010010001111111110001101... 98           0.0054570818
    7: 1111101001011100010010001111111110001101... 99           0.0054589386
    8: 1111101001011100010010001111110111001101... 100          0.0054683836
    9: 1111101001011100010010001111100111001101... 99           0.0054733084

Pickling Hall of Fame to: genetic_alg_settings_evolve_halloffame.pkl
Begin 5 of 20 repetitions
Begin 20 generations
gen	nevals	avg       	std        	min       	max       
0  	0     	0.00562046	6.45743e-05	0.00550444	0.00570749
1  	10    	0.00565176	0.000129732	0.00553225	0.00600845
2  	10    	0.00571822	0.000188064	0.00551223	0.00614601
3  	10    	0.00564058	6.76585e-05	0.0055417 	0.00575548
4  	10    	0.00567586	0.000162193	0.00549698	0.00611972
5  	10    	0.00590111	0.000575249	0.00553106	0.007596  
6  	10    	0.00568286	0.000109776	0.00551771	0.00585844
7  	10    	0.00565827	0.000161284	0.00545808	0.00601005
8  	10    	0.0056815 	0.000124585	0.00551292	0.00593745
9  	10    	0.00572631	0.000246825	0.0054787 	0.00640237
10 	10    	0.00565971	0.000107151	0.00547548	0.00583153
11 	10    	0.00564699	0.000122539	0.00545263	0.00582981
12 	10    	0.0056921 	0.000110352	0.00555117	0.00590782
13 	10    	0.00566826	0.000145886	0.00549958	0.00602449
14 	10    	0.0056937 	8.4638e-05 	0.0055537 	0.00589731
15 	10    	0.00571079	5.53642e-05	0.0055662 	0.00577977
16 	10    	0.00589908	0.000364462	0.00549285	0.00662227
17 	10    	0.00588376	0.000324658	0.00556834	0.00655802
18 	10    	0.00572677	6.75849e-05	0.00560677	0.0058545 
19 	10    	0.00572518	0.000134282	0.00556359	0.00601849
20 	10    	0.00566535	0.000103956	0.00550994	0.00581684
Runtime: 9.660780938000244 (s)


Final population:
Index: Selected                                    #Selected    CV          
----------------------------------------------------------------------------------------------------
    0: 1111101001111000010010001010101110001100... 100          0.0055600598
    1: 1111101001011000010010001010101110001100... 100          0.0058168427
    2: 1111101001111000010010001010100110001100... 100          0.0056415884
    3: 1111101001111000010010001010101111001100... 100          0.0057451704
    4: 1111101001011000010010001010101110001100... 100          0.0055099422
    5: 1111101001011000010010001010101110001100... 100          0.0055604923
    6: 1111101001011000010010001010101110001000... 100          0.0057994417
    7: 1111101001111000010010101010101111001110... 98           0.0056503644
    8: 1111101001011000010010001010101110001100... 97           0.005765398 
    9: 1111100001111000010010001010101111001100... 100          0.0056042368

Pickling population to: genetic_alg_settings_population_end.pkl

Hall of Fame:
Index: Selected                                    #Selected    CV          
----------------------------------------------------------------------------------------------------
    0: 1111101001011100010010001111110111001101... 99           0.0053894195
    1: 1111101001011100110011001111110110001000... 100          0.0054048643
    2: 1111101001011100010111001111110111001101... 100          0.0054308185
    3: 1111101101011100010010001111110111001101... 98           0.0054480084
    4: 1111101001011100010010001111110111001101... 100          0.0054480271
    5: 1111101001011100010010001111111110001101... 96           0.0054481032
    6: 1111101001011000010000001010111111001000... 96           0.0054526279
    7: 1111101001011100010010001111111110001101... 98           0.0054570818
    8: 1111101001011010010010001010111110001100... 97           0.0054580784
    9: 1111101001011100010010001111111110001101... 99           0.0054589386

Pickling Hall of Fame to: genetic_alg_settings_evolve_halloffame.pkl
Begin 6 of 20 repetitions
Begin 20 generations
gen	nevals	avg       	std        	min       	max       
0  	0     	0.00566535	0.000103956	0.00550994	0.00581684
1  	10    	0.00588237	0.000309458	0.00561452	0.00646776
2  	10    	0.0058026 	0.000224925	0.0054965 	0.00625551
3  	10    	0.00573165	8.0765e-05 	0.00561324	0.00584187
4  	10    	0.00573361	0.000104863	0.0055534 	0.00591179
5  	10    	0.00568742	0.000137338	0.00550975	0.00597452
6  	10    	0.0056699 	8.47438e-05	0.00551248	0.00577358
7  	10    	0.00571444	0.000154104	0.00555578	0.0061246 
8  	10    	0.00574361	0.000253983	0.00550804	0.00645519
9  	10    	0.00570531	0.000215029	0.00536041	0.00609112
10 	10    	0.00564862	0.000148632	0.00543892	0.00589793
11 	10    	0.005666  	0.00018767 	0.0054579 	0.00611178
12 	10    	0.00575098	0.00040637 	0.00541324	0.00670979
13 	10    	0.00562348	0.000270627	0.00542311	0.00637388
14 	10    	0.00581574	0.000354759	0.00545437	0.00649285
15 	10    	0.00580933	0.000315   	0.00545935	0.00647669
16 	10    	0.00560281	0.000112408	0.00545278	0.00586385
17 	10    	0.00558691	0.000110796	0.00538046	0.00579022
18 	10    	0.0055841 	0.00015739 	0.00538048	0.00589319
19 	10    	0.0055813 	0.000107948	0.0053451 	0.00573734
20 	10    	0.00558519	0.000169534	0.00536268	0.00600322
Runtime: 10.25954351999826 (s)


Final population:
Index: Selected                                    #Selected    CV          
----------------------------------------------------------------------------------------------------
    0: 1111101001011001010011111010101111000100... 96           0.0054991017
    1: 1110101001111000010011111010101111000100... 100          0.0060032239
    2: 1111101010011000010011001010101110000100... 98           0.0056484419
    3: 1111101011111000010011111010101111001100... 96           0.0054040938
    4: 1111101001011000010011111010101110001100... 100          0.0056249569
    5: 1111101011011000010011011010101111000100... 94           0.0053626795
    6: 1111101011011000010011011010001111000100... 98           0.0056686923
    7: 1111101011111000010011111010101111000100... 99           0.0054851962
    8: 1111101001111000010011101010101111000100... 99           0.0055896362
    9: 1111101010011000010011011010101111000100... 100          0.0055658667

Pickling population to: genetic_alg_settings_population_end.pkl

Hall of Fame:
Index: Selected                                    #Selected    CV          
----------------------------------------------------------------------------------------------------
    0: 1111101001011000010011111010101111000100... 100          0.0053451036
    1: 1111101011111000010010001010101111001100... 100          0.0053604075
    2: 1111101011011000010011011010101111000100... 94           0.0053626795
    3: 1111101011111000010011001010101111000100... 100          0.0053804574
    4: 1111101011011000010011111010101111001100... 95           0.0053804755
    5: 1111101001011100010010001111110111001101... 99           0.0053894195
    6: 1111101011111000010011111010101111001100... 96           0.0054040938
    7: 1111101001011100110011001111110110001000... 100          0.0054048643
    8: 1111101011111000010011001010101111001100... 98           0.0054132399
    9: 1111101011111000010011101010101111001100... 100          0.0054231106

Pickling Hall of Fame to: genetic_alg_settings_evolve_halloffame.pkl
Begin 7 of 20 repetitions
Begin 20 generations
gen	nevals	avg       	std        	min       	max       
0  	0     	0.00558519	0.000169534	0.00536268	0.00600322
1  	10    	0.00558815	0.000225678	0.00534203	0.00609918
2  	10    	0.00550311	0.000133573	0.00531554	0.00578359
3  	10    	0.00560379	0.000294093	0.00528863	0.00642202
4  	10    	0.00545133	5.61402e-05	0.00532093	0.00551226
5  	10    	0.00551   	0.0001336  	0.00535307	0.00576685
6  	10    	0.00557851	0.00018893 	0.00537244	0.00591311
7  	10    	0.00563903	0.000404361	0.00538606	0.00682028
8  	10    	0.00551006	0.000124918	0.00535548	0.00582346
9  	10    	0.00552547	9.11809e-05	0.0053285 	0.00565016
10 	10    	0.00581855	0.000440196	0.0054173 	0.0066598 
11 	10    	0.00554149	0.000148404	0.00536587	0.00592466
12 	10    	0.00552273	5.13478e-05	0.00546222	0.00564609
13 	10    	0.00553304	6.1305e-05 	0.00541555	0.00561473
14 	10    	0.0056891 	0.00029143 	0.00539859	0.00643863
15 	10    	0.00556338	8.56439e-05	0.0054715 	0.00575269
16 	10    	0.00558533	0.000130633	0.0053427 	0.00587176
17 	10    	0.00559429	0.000183408	0.00541634	0.00593342
18 	10    	0.00549131	8.62011e-05	0.00536   	0.00565027
19 	10    	0.00558372	0.00015973 	0.00545445	0.00604769
20 	10    	0.00558276	0.000127264	0.00537991	0.00578232
Runtime: 9.79974871900049 (s)


Final population:
Index: Selected                                    #Selected    CV          
----------------------------------------------------------------------------------------------------
    0: 1111101011011000010011101010101111000110... 98           0.0053799138
    1: 1111101011011001010011101010101101011110... 100          0.0057146479
    2: 1111100011011000010111101010101111000110... 99           0.0056520992
    3: 1111101011011000010011101010001101000110... 100          0.0056029893
    4: 1111101011011000010001101010100101011110... 100          0.0057823208
    5: 1111101010011000010111101010101101000110... 95           0.0056927071
    6: 1111101011011000010011101010101110000110... 100          0.0053825977
    7: 1111101011011000010111101010101101000110... 98           0.0055518968
    8: 1111101011011000010011101010101111000110... 97           0.0055508995
    9: 1111101001011000010011101010101111000110... 100          0.0055175067

Pickling population to: genetic_alg_settings_population_end.pkl

Hall of Fame:
Index: Selected                                    #Selected    CV          
----------------------------------------------------------------------------------------------------
    0: 1111101011011000010011101010101111000100... 97           0.0052886265
    1: 1111101011111000010011001010101111000100... 100          0.0053155383
    2: 1111101011011000010011101010101111000100... 95           0.0053209254
    3: 1111101011011001010011101010101111000100... 92           0.0053284983
    4: 1111101011011000010011001010101111010100... 100          0.0053320391
    5: 1111101011111000010011001010101111000100... 100          0.0053420256
    6: 1111101011011000010011001010101111000110... 100          0.0053426993
    7: 1111101001011000010011111010101111000100... 100          0.0053451036
    8: 1111101011011000010011101010101111000100... 96           0.0053530731
    9: 1111101011011000010011011010101111000100... 97           0.0053551654

Pickling Hall of Fame to: genetic_alg_settings_evolve_halloffame.pkl
Begin 8 of 20 repetitions
Begin 20 generations
gen	nevals	avg       	std        	min       	max       
0  	0     	0.00558276	0.000127264	0.00537991	0.00578232
1  	10    	0.00580058	0.000371216	0.00548831	0.00686397
2  	10    	0.0057988 	0.000251837	0.00545191	0.00624002
3  	10    	0.0055993 	0.000101924	0.00548788	0.00584454
4  	10    	0.00562909	0.000180921	0.00542996	0.00607378
5  	10    	0.00561624	0.000147543	0.0054133 	0.0059357 
6  	10    	0.00550796	0.000126494	0.00535874	0.00577016
7  	10    	0.00553839	0.000135896	0.00537747	0.00584725
8  	10    	0.00571197	0.000223658	0.00549848	0.0061853 
9  	10    	0.00559902	0.000120639	0.00547128	0.00581412
10 	10    	0.00565215	0.000132195	0.0055074 	0.00587095
11 	10    	0.00559141	8.17436e-05	0.00548117	0.00578446
12 	10    	0.00560772	8.96179e-05	0.00549997	0.00574187
13 	10    	0.00559526	8.58148e-05	0.00550465	0.00580776
14 	10    	0.00560336	0.000158276	0.00541303	0.00603435
15 	10    	0.00560569	0.000201167	0.00540045	0.00599355
16 	10    	0.0054954 	8.67937e-05	0.0053205 	0.00563281
17 	10    	0.00558073	0.000130487	0.00539191	0.00574657
18 	10    	0.00560781	0.000125946	0.00541078	0.00584849
19 	10    	0.00547846	9.16407e-05	0.0053819 	0.00565379
20 	10    	0.00558364	0.000163362	0.0053456 	0.00588653
Runtime: 9.516647252006806 (s)


Final population:
Index: Selected                                    #Selected    CV          
----------------------------------------------------------------------------------------------------
    0: 1111110011011000010011001010101101001110... 95           0.0055059254
    1: 1111110011010000110011011010101101100010... 100          0.005652027 
    2: 1111110011011000110011011010101101100110... 98           0.0055370348
    3: 1111110011001000010011011010101101001010... 100          0.0058662306
    4: 1111110011011000010011011010101101100100... 100          0.0055670418
    5: 1111110011011000010011011010101101001010... 100          0.0054787016
    6: 1111110011011000010011011110101101000010... 100          0.0058865254
    7: 1111110011011000010011011010101101101110... 100          0.0054991049
    8: 1111110011011000010011011010101101000010... 100          0.005498258 
    9: 1111110011011000010011011010101101100010... 98           0.0053455987

Pickling population to: genetic_alg_settings_population_end.pkl

Hall of Fame:
Index: Selected                                    #Selected    CV          
----------------------------------------------------------------------------------------------------
    0: 1111101011011000010011101010101111000100... 97           0.0052886265
    1: 1111101011111000010011001010101111000100... 100          0.0053155383
    2: 1111110011011000010011011010101101100010... 100          0.0053205023
    3: 1111101011011000010011101010101111000100... 95           0.0053209254
    4: 1111101011011001010011101010101111000100... 92           0.0053284983
    5: 1111101011011000010011001010101111010100... 100          0.0053320391
    6: 1111101011111000010011001010101111000100... 100          0.0053420256
    7: 1111101011011000010011001010101111000110... 100          0.0053426993
    8: 1111101001011000010011111010101111000100... 100          0.0053451036
    9: 1111110011011000010011011010101101100010... 98           0.0053455987

Pickling Hall of Fame to: genetic_alg_settings_evolve_halloffame.pkl
Begin 9 of 20 repetitions
Begin 20 generations
gen	nevals	avg       	std        	min      	max       
0  	0     	0.00558364	0.000163362	0.0053456	0.00588653
1  	10    	0.0055299 	0.000116419	0.0054344	0.0058118 
2  	10    	0.00550522	0.000100078	0.00530155	0.00567881
3  	10    	0.00570428	0.000259253	0.00541591	0.00634293
4  	10    	0.00562628	0.000217566	0.00540406	0.00619268
5  	10    	0.00555506	0.00021936 	0.00534576	0.00617757
6  	10    	0.0055262 	0.000120985	0.00530692	0.00574127
7  	10    	0.00559948	0.000182271	0.00535846	0.00601245
8  	10    	0.00551533	0.000160858	0.00530067	0.00593612
9  	10    	0.00566282	0.000326494	0.00541058	0.0065375 
10 	10    	0.0056188 	0.000178508	0.0054565 	0.00609095
11 	10    	0.00573953	0.000320735	0.00551873	0.00667405
12 	10    	0.00564369	0.00012946 	0.00538982	0.00588708
13 	10    	0.00574538	0.000302049	0.00536292	0.00635583
14 	10    	0.00564656	0.000258904	0.00541464	0.00632929
15 	10    	0.00556357	8.90618e-05	0.00540923	0.00569769
16 	10    	0.00564813	0.000234438	0.00535335	0.006252  
17 	10    	0.00566457	0.00021593 	0.00547212	0.00609274
18 	10    	0.00559715	0.000136102	0.00544915	0.00596094
19 	10    	0.0056208 	0.000185001	0.00539555	0.00599423
20 	10    	0.00566034	0.000155943	0.00539144	0.00599879
Runtime: 9.472175718998187 (s)


Final population:
Index: Selected                                    #Selected    CV          
----------------------------------------------------------------------------------------------------
    0: 1111010011011010000011011010110101010010... 100          0.0056854452
    1: 1111110011011010000011011010110101000010... 95           0.0055054231
    2: 1111110011011010000011011010110101000010... 99           0.0056593944
    3: 1111110011011010000011011110110101000000... 100          0.0053914353
    4: 1111110011011010000011011010110101010010... 100          0.0057051683
    5: 1111010011010010000011011010011101000010... 97           0.0059987946
    6: 1111110011010010100011011010110101000010... 100          0.0055556334
    7: 1111110011011010000001011000110101010010... 100          0.0056898546
    8: 1111110011001010000011011010110101000010... 99           0.0056235008
    9: 1111110011011010000001011010110111010010... 98           0.005788756 

Pickling population to: genetic_alg_settings_population_end.pkl

Hall of Fame:
Index: Selected                                    #Selected    CV          
----------------------------------------------------------------------------------------------------
    0: 1111101011011000010011101010101111000100... 97           0.0052886265
    1: 1111110011011010010011001010111101000010... 100          0.0053006689
    2: 1111110011011010010011011010101101100010... 99           0.0053015486
    3: 1111110011011010010011011110110101000010... 99           0.0053069188
    4: 1111101011111000010011001010101111000100... 100          0.0053155383
    5: 1111110011011000010011011010101101100010... 100          0.0053205023
    6: 1111101011011000010011101010101111000100... 95           0.0053209254
    7: 1111101011011001010011101010101111000100... 92           0.0053284983
    8: 1111101011011000010011001010101111010100... 100          0.0053320391
    9: 1111101011111000010011001010101111000100... 100          0.0053420256

Pickling Hall of Fame to: genetic_alg_settings_evolve_halloffame.pkl
Begin 10 of 20 repetitions
Begin 20 generations
gen	nevals	avg       	std        	min       	max       
0  	0     	0.00566034	0.000155943	0.00539144	0.00599879
1  	10    	0.00563022	0.000167212	0.00537228	0.00588089
2  	10    	0.00557383	0.000206721	0.00541446	0.00617232
3  	10    	0.0056075 	0.000177617	0.00539625	0.00596718
4  	10    	0.00563221	0.000234125	0.00540289	0.00623793
5  	10    	0.00553032	9.55294e-05	0.00532681	0.00563725
6  	10    	0.00549315	0.000143965	0.00532404	0.00568523
7  	10    	0.00548364	0.000101833	0.00535222	0.00572558
8  	10    	0.00548257	0.000127227	0.00529026	0.00578033
9  	10    	0.00548637	5.01749e-05	0.00539636	0.00560073
10 	10    	0.00560288	0.000205659	0.0053553 	0.00604069
11 	10    	0.00546755	6.50318e-05	0.0053523 	0.00555704
12 	10    	0.00553153	0.000115523	0.00539815	0.00577768
13 	10    	0.00555228	0.00011478 	0.00536218	0.00580914
14 	10    	0.00550017	0.000108248	0.00533405	0.00573839
15 	10    	0.00554005	0.000197422	0.00533633	0.00597672
16 	10    	0.0054739 	0.000148583	0.00530371	0.00570834
17 	10    	0.00550191	0.000283295	0.0052964 	0.0063294 
18 	10    	0.00558657	0.000258089	0.00530317	0.00613329
19 	10    	0.00543888	0.000159649	0.00524476	0.00581512
20 	10    	0.0055364 	0.000217659	0.00537015	0.0061461 
Runtime: 9.443080078002822 (s)


Final population:
Index: Selected                                    #Selected    CV          
----------------------------------------------------------------------------------------------------
    0: 1111100111011010010011101010110101000000... 95           0.0054065762
    1: 1111100111011010010011101010110101000000... 94           0.0055263762
    2: 1111100111011010010011101010110101001000... 96           0.0055550799
    3: 1111100111011010010011101110100101000000... 95           0.0053701515
    4: 1111100111011010010011101010110101000000... 100          0.0053781209
    5: 1111101111011010010011001010110101000001... 96           0.0055214465
    6: 1111100111011010010011101010110101000000... 97           0.0056021639
    7: 1111000111011010010011101010110101000000... 99           0.0054759112
    8: 1111100111011010010011101010110101001000... 100          0.0053820796
    9: 1110100111011010010011101010110101000000... 93           0.0061461029

Pickling population to: genetic_alg_settings_population_end.pkl

Hall of Fame:
Index: Selected                                    #Selected    CV          
----------------------------------------------------------------------------------------------------
    0: 1111100111011010010011101010110101000000... 95           0.0052447551
    1: 1111101011011000010011101010101111000100... 97           0.0052886265
    2: 1111110011011110010001001010110101000000... 99           0.0052902625
    3: 1111100111011010010011101010110101000000... 99           0.0052950303
    4: 1111100111011010010011101010110101000000... 93           0.0052964035
    5: 1111110011011010010011001010111101000010... 100          0.0053006689
    6: 1111110011011010010011011010101101100010... 99           0.0053015486
    7: 1111100111011010010011101010110101000000... 94           0.0053031728
    8: 1111110111011110010011001010110101000010... 100          0.0053037138
    9: 1111110011011010010011011110110101000010... 99           0.0053069188

Pickling Hall of Fame to: genetic_alg_settings_evolve_halloffame.pkl
Begin 11 of 20 repetitions
Begin 20 generations
gen	nevals	avg      	std        	min       	max      
0  	0     	0.0055364	0.000217659	0.00537015	0.0061461
1  	10    	0.00545571	0.000139255	0.0052073 	0.00571254
2  	10    	0.00561253	0.00030446 	0.00536256	0.00631507
3  	10    	0.00560529	0.000279975	0.00536919	0.00622145
4  	10    	0.00552389	0.000242103	0.00532074	0.00619119
5  	10    	0.00549995	0.000151546	0.00534889	0.00586653
6  	10    	0.00556468	0.000141403	0.00544132	0.00590417
7  	10    	0.00545075	6.62706e-05	0.00534051	0.00555869
8  	10    	0.00547394	0.000112074	0.00535144	0.00574441
9  	10    	0.00540777	5.02202e-05	0.00533277	0.00549561
10 	10    	0.00546993	0.000169945	0.00528537	0.00587051
11 	10    	0.00543874	8.68435e-05	0.00535787	0.00566607
12 	10    	0.00560154	0.000366211	0.0052825 	0.00639198
13 	10    	0.00552263	0.00023085 	0.00531659	0.00617429
14 	10    	0.0054624 	0.000177836	0.00527306	0.00587739
15 	10    	0.00551784	0.000411044	0.0052519 	0.00668826
16 	10    	0.00539573	0.000103846	0.00523282	0.005543  
17 	10    	0.00544873	9.15891e-05	0.0053451 	0.0056791 
18 	10    	0.00544992	0.000105429	0.00524795	0.00565171
19 	10    	0.0056069 	0.000385133	0.00521888	0.00650719
20 	10    	0.0054382 	0.000117209	0.00528518	0.00566177
Runtime: 9.2885615089981 (s)


Final population:
Index: Selected                                    #Selected    CV          
----------------------------------------------------------------------------------------------------
    0: 1111100111011010010011101010111101000000... 98           0.0054363501
    1: 1111100111011010010011101010111101000000... 94           0.0052851807
    2: 1111100110011110011011101010110101000000... 97           0.0055493733
    3: 1111100111010010010011101010011101000000... 96           0.0056617744
    4: 1111100111011010011011101010111101000000... 96           0.0053215451
    5: 1111100111011010010011101010110101001000... 99           0.0055260516
    6: 1111100111011010011011101010111101000000... 97           0.0054193073
    7: 1111100111011100010011101010111101000000... 94           0.0053921384
    8: 1111100111011010011011101010111101000000... 99           0.0052853704
    9: 1111100111011010010011101010111101000000... 96           0.0055049419

Pickling population to: genetic_alg_settings_population_end.pkl

Hall of Fame:
Index: Selected                                    #Selected    CV          
----------------------------------------------------------------------------------------------------
    0: 1111100111011010010011101010110101000000... 98           0.0052072984
    1: 1111100111011010010011101010111101000000... 95           0.0052188816
    2: 1111100111011110010011101010110101000000... 95           0.0052328186
    3: 1111100111011110011011101010110101000000... 99           0.005243769 
    4: 1111100111011010010011101010110101000000... 95           0.0052447551
    5: 1111100111011010010011101010111101000000... 95           0.0052479542
    6: 1111100111011110011011101010100101000000... 100          0.005251896 
    7: 1111101111011110010011101010110101000000... 96           0.0052704501
    8: 1111100111011110010011101010100101000000... 96           0.0052730635
    9: 1111100111011110011011101010110101000000... 98           0.0052771198

Pickling Hall of Fame to: genetic_alg_settings_evolve_halloffame.pkl
Begin 12 of 20 repetitions
Begin 20 generations
gen	nevals	avg      	std        	min       	max       
0  	0     	0.0054382	0.000117209	0.00528518	0.00566177
1  	10    	0.00535141	5.56462e-05	0.00525384	0.00541071
2  	10    	0.00544779	0.000135877	0.0052901 	0.00567186
3  	10    	0.00545816	9.85829e-05	0.00534316	0.00567183
4  	10    	0.00547094	0.000186854	0.00531113	0.00587253
5  	10    	0.00538025	8.91337e-05	0.00530147	0.00561573
6  	10    	0.00557237	0.000325455	0.00533375	0.00647904
7  	10    	0.00543032	0.000125366	0.00530315	0.00571156
8  	10    	0.00558361	0.000426449	0.00531874	0.00680032
9  	10    	0.00549429	0.000214795	0.00529877	0.00607502
10 	10    	0.00535703	5.66624e-05	0.00524161	0.0054391 
11 	10    	0.00548951	0.00015422 	0.00525876	0.00581617
12 	10    	0.00545244	7.60994e-05	0.00534862	0.00557918
13 	10    	0.005473  	0.000199436	0.00532517	0.00602692
14 	10    	0.00552958	0.000295559	0.00526129	0.00611044
15 	10    	0.00536323	7.82276e-05	0.00525392	0.00547354
16 	10    	0.00541816	0.000199711	0.00527893	0.00599194
17 	10    	0.00541729	8.18068e-05	0.00533834	0.00560458
18 	10    	0.00542399	6.8199e-05 	0.00536304	0.0056101 
19 	10    	0.00559037	0.000294167	0.00530785	0.00626117
20 	10    	0.00544387	0.000106531	0.00528619	0.00568651
Runtime: 10.741609707001771 (s)


Final population:
Index: Selected                                    #Selected    CV          
----------------------------------------------------------------------------------------------------
    0: 1111100111010110011000101111111101000000... 100          0.0053414284
    1: 1111110111010110011001101111111101000000... 100          0.0054541589
    2: 1111100111010110010001101111111101000000... 99           0.0054015569
    3: 1111100111010110011001101111111101000000... 100          0.0053687103
    4: 1111100111010110011001101111101101000000... 100          0.0054453273
    5: 1111100111010110010001101111111101000000... 98           0.0054359443
    6: 1111100111010110000001101111111101000000... 100          0.0055484822
    7: 1111100111010110011001101111111101000000... 99           0.0052861878
    8: 1111100111010110010001101111111101000000... 98           0.0054704017
    9: 1111000111010110000001101111111101000000... 100          0.0056865088

Pickling population to: genetic_alg_settings_population_end.pkl

Hall of Fame:
Index: Selected                                    #Selected    CV          
----------------------------------------------------------------------------------------------------
    0: 1111100111011010010011101010110101000000... 98           0.0052072984
    1: 1111100111011010010011101010111101000000... 95           0.0052188816
    2: 1111100111011110010011101010110101000000... 95           0.0052328186
    3: 1111100111010110110010101011111101000000... 94           0.0052416084
    4: 1111100111011110011011101010110101000000... 99           0.005243769 
    5: 1111100111011010010011101010110101000000... 95           0.0052447551
    6: 1111100111011010010011101010111101000000... 95           0.0052479542
    7: 1111100111011110011011101010100101000000... 100          0.005251896 
    8: 1111100111011110110001001010111101000000... 100          0.0052538443
    9: 1111100111010110010001101011111101000100... 97           0.0052539201

Pickling Hall of Fame to: genetic_alg_settings_evolve_halloffame.pkl
Begin 13 of 20 repetitions
Begin 20 generations
gen	nevals	avg       	std        	min       	max       
0  	0     	0.00544387	0.000106531	0.00528619	0.00568651
1  	10    	0.00555715	0.000187543	0.00536218	0.005982  
2  	10    	0.00551686	0.000210517	0.00531985	0.00606079
3  	10    	0.00554294	0.000161855	0.00532469	0.00583104
4  	10    	0.0056401 	0.000247223	0.00535545	0.00611324
5  	10    	0.00551194	0.000252675	0.00529149	0.00604106
6  	10    	0.00552396	0.000194576	0.00533633	0.00602322
7  	10    	0.00546942	0.000131693	0.00535876	0.00578689
8  	10    	0.00546554	0.000101115	0.00533181	0.005659  
9  	10    	0.00555945	0.000219704	0.00535696	0.00612446
10 	10    	0.00542101	5.20586e-05	0.0053433 	0.0055127 
11 	10    	0.00563072	0.000400754	0.00532414	0.00643808
12 	10    	0.00569711	0.000330731	0.00540526	0.00650601
13 	10    	0.00559851	0.000190944	0.00539429	0.00602153
14 	10    	0.00555898	0.000278207	0.00537829	0.00628988
15 	10    	0.00552404	0.000250045	0.00531985	0.00622223
16 	10    	0.00549638	0.000118875	0.00525028	0.00568207
17 	10    	0.00566083	0.000242552	0.00526715	0.00617841
18 	10    	0.00561867	0.000124274	0.00542184	0.00579191
19 	10    	0.00557707	0.000114474	0.00530027	0.00570551
20 	10    	0.00546431	0.000111002	0.00532717	0.00575559
Runtime: 10.236499006998201 (s)


Final population:
Index: Selected                                    #Selected    CV          
----------------------------------------------------------------------------------------------------
    0: 1111100110010110010001101011101101000000... 100          0.0053674775
    1: 1111100110010110010001101111101101000000... 95           0.0057555878
    2: 1111100110010110010001101111101111000000... 100          0.0055096511
    3: 1111100110011110010001101111101101000100... 94           0.0054718563
    4: 1111110111110110010001101111100101000000... 100          0.0054275426
    5: 1111110111010110010001101111101101000000... 100          0.0054848998
    6: 1111100110010110010001101111101101000100... 94           0.0053271674
    7: 1111100110010110010001101111101101000100... 98           0.0053914292
    8: 1111100110010110010001101111101101100100... 97           0.0054342178
    9: 1111100110010110010001101111101101000100... 95           0.0054732893

Pickling population to: genetic_alg_settings_population_end.pkl

Hall of Fame:
Index: Selected                                    #Selected    CV          
----------------------------------------------------------------------------------------------------
    0: 1111100111011010010011101010110101000000... 98           0.0052072984
    1: 1111100111011010010011101010111101000000... 95           0.0052188816
    2: 1111100111011110010011101010110101000000... 95           0.0052328186
    3: 1111100111010110110010101011111101000000... 94           0.0052416084
    4: 1111100111011110011011101010110101000000... 99           0.005243769 
    5: 1111100111011010010011101010110101000000... 95           0.0052447551
    6: 1111100111011010010011101010111101000000... 95           0.0052479542
    7: 1111100111010110010001101111101101000000... 100          0.0052502825
    8: 1111100111011110011011101010100101000000... 100          0.005251896 
    9: 1111100111011110110001001010111101000000... 100          0.0052538443

Pickling Hall of Fame to: genetic_alg_settings_evolve_halloffame.pkl
Begin 14 of 20 repetitions
Begin 20 generations
gen	nevals	avg       	std        	min       	max       
0  	0     	0.00546431	0.000111002	0.00532717	0.00575559
1  	10    	0.00549707	0.000207787	0.00528512	0.00606636
2  	10    	0.00545723	0.000113228	0.0053181 	0.00570663
3  	10    	0.00558039	0.000190635	0.00540875	0.00607125
4  	10    	0.00568736	0.000244705	0.00542652	0.00611951
5  	10    	0.0056475 	0.000186318	0.00541226	0.00600638
6  	10    	0.00562857	0.000105367	0.00547628	0.00580338
7  	10    	0.00560167	0.000100848	0.00542284	0.00577227
8  	10    	0.00562746	0.00022526 	0.00545474	0.00627549
9  	10    	0.00562422	0.000148148	0.0053466 	0.005817  
10 	10    	0.00552297	0.000128249	0.00530988	0.00572522
11 	10    	0.00563543	0.000294402	0.00536941	0.00644038
12 	10    	0.00551368	8.22008e-05	0.00541691	0.00568979
13 	10    	0.00557813	0.000123532	0.00541684	0.00581135
14 	10    	0.00560616	0.00021541 	0.0054224 	0.00621116
15 	10    	0.0054759 	4.28499e-05	0.00540271	0.00553336
16 	10    	0.00561141	0.000188852	0.00542111	0.0060719 
17 	10    	0.00551557	8.07726e-05	0.00540367	0.00565511
18 	10    	0.00560852	0.000217764	0.0053846 	0.0061648 
19 	10    	0.00560217	0.000203243	0.00543342	0.0061615 
20 	10    	0.00560698	0.000296149	0.00533927	0.00645031
Runtime: 10.754697325995949 (s)


Final population:
Index: Selected                                    #Selected    CV          
----------------------------------------------------------------------------------------------------
    0: 1111100110010110000001101110101101001101... 98           0.0055925148
    1: 1111100110010110010001101110101101000101... 96           0.0056701638
    2: 1111100110010110010001101110101101000101... 100          0.0054269888
    3: 1111101110010110010001101110101101000101... 100          0.0053392663
    4: 1111100110010110010001101110101000000101... 97           0.0064503052
    5: 1111100110010010010001101110101101000100... 94           0.0055364345
    6: 1111100110010110010001111110101101000101... 98           0.0054760059
    7: 1111001100010110010001101110101101000101... 97           0.0055704463
    8: 1111100110010110010001101110101101001101... 99           0.0055839237
    9: 1111100110010110010001101110101101010100... 98           0.0054237341

Pickling population to: genetic_alg_settings_population_end.pkl

Hall of Fame:
Index: Selected                                    #Selected    CV          
----------------------------------------------------------------------------------------------------
    0: 1111100111011010010011101010110101000000... 98           0.0052072984
    1: 1111100111011010010011101010111101000000... 95           0.0052188816
    2: 1111100111011110010011101010110101000000... 95           0.0052328186
    3: 1111100111010110110010101011111101000000... 94           0.0052416084
    4: 1111100111011110011011101010110101000000... 99           0.005243769 
    5: 1111100111011010010011101010110101000000... 95           0.0052447551
    6: 1111100111011010010011101010111101000000... 95           0.0052479542
    7: 1111100111010110010001101111101101000000... 100          0.0052502825
    8: 1111100111011110011011101010100101000000... 100          0.005251896 
    9: 1111100111011110110001001010111101000000... 100          0.0052538443

Pickling Hall of Fame to: genetic_alg_settings_evolve_halloffame.pkl
Begin 15 of 20 repetitions
Begin 20 generations
gen	nevals	avg       	std        	min       	max       
0  	0     	0.00560698	0.000296149	0.00533927	0.00645031
1  	10    	0.00554576	7.15224e-05	0.00544828	0.00569069
2  	10    	0.00564429	0.000199693	0.00535531	0.00606722
3  	10    	0.00556311	7.18176e-05	0.00546015	0.00565861
4  	10    	0.00558196	0.000159055	0.00540967	0.00589832
5  	10    	0.00563663	0.000237015	0.00544722	0.00619189
6  	10    	0.00560491	0.000154631	0.00541316	0.00593937
7  	10    	0.00558033	9.58939e-05	0.00545261	0.00574984
8  	10    	0.00564892	0.000115686	0.00548302	0.00588648
9  	10    	0.00567345	0.000163721	0.00543282	0.00595158
10 	10    	0.00571144	0.000272085	0.00542753	0.00617919
11 	10    	0.00565154	0.000116418	0.00545849	0.00581915
12 	10    	0.00559666	0.000107019	0.00545014	0.0058047 
13 	10    	0.00564552	0.000227338	0.00542473	0.00624278
14 	10    	0.00558491	0.000144132	0.00539631	0.00589835
15 	10    	0.00564356	9.46178e-05	0.00551772	0.00587776
16 	10    	0.00563114	7.84972e-05	0.00553548	0.00580413
17 	10    	0.00564768	0.000128214	0.0054896 	0.00597281
18 	10    	0.0056783 	0.000190155	0.00550044	0.00617964
19 	10    	0.00593673	0.000332341	0.00543523	0.00647667
20 	10    	0.00584668	0.000217884	0.0056107 	0.00627282
Runtime: 10.10044366800139 (s)


Final population:
Index: Selected                                    #Selected    CV          
----------------------------------------------------------------------------------------------------
    0: 1111100110100100010001001100101111000100... 100          0.0058802377
    1: 1111100110100110010001001100101111000100... 100          0.0056106992
    2: 1111100100010110010001001111101111000100... 100          0.0058803339
    3: 1111100110010110010001001100101111000100... 93           0.006212372 
    4: 1111100110010110010001001111001111000110... 99           0.0056307229
    5: 1111100110100110010001001100001111000100... 96           0.0056560578
    6: 1111100110010110010001001100101111000100... 97           0.0058179996
    7: 1111100111100110010001001111101111000100... 100          0.0057566908
    8: 1111100110100010010001001111101111000100... 100          0.006272819 
    9: 1111100110010110010001101100101111000100... 96           0.0057488676

Pickling population to: genetic_alg_settings_population_end.pkl

Hall of Fame:
Index: Selected                                    #Selected    CV          
----------------------------------------------------------------------------------------------------
    0: 1111100111011010010011101010110101000000... 98           0.0052072984
    1: 1111100111011010010011101010111101000000... 95           0.0052188816
    2: 1111100111011110010011101010110101000000... 95           0.0052328186
    3: 1111100111010110110010101011111101000000... 94           0.0052416084
    4: 1111100111011110011011101010110101000000... 99           0.005243769 
    5: 1111100111011010010011101010110101000000... 95           0.0052447551
    6: 1111100111011010010011101010111101000000... 95           0.0052479542
    7: 1111100111010110010001101111101101000000... 100          0.0052502825
    8: 1111100111011110011011101010100101000000... 100          0.005251896 
    9: 1111100111011110110001001010111101000000... 100          0.0052538443

Pickling Hall of Fame to: genetic_alg_settings_evolve_halloffame.pkl
Begin 16 of 20 repetitions
Begin 20 generations
gen	nevals	avg       	std        	min      	max       
0  	0     	0.00584668	0.000217884	0.0056107	0.00627282
1  	10    	0.00579681	0.000310671	0.00545404	0.00665987
2  	10    	0.00577635	0.000199436	0.00555566	0.00623248
3  	10    	0.00567931	0.000138159	0.00551953	0.00592159
4  	10    	0.00566935	7.47803e-05	0.00556141	0.00579412
5  	10    	0.00573523	0.000281067	0.00546372	0.00640345
6  	10    	0.00562109	8.45635e-05	0.00544953	0.00574269
7  	10    	0.00571669	0.000264296	0.00545072	0.00628118
8  	10    	0.00563916	0.000134226	0.00546845	0.00587291
9  	10    	0.00572984	0.000208728	0.00552771	0.00629427
10 	10    	0.00591937	0.000386602	0.00551492	0.00651267
11 	10    	0.00573908	0.000198901	0.0054948 	0.00625704
12 	10    	0.00576977	0.000161342	0.00554031	0.00607087
13 	10    	0.0057416 	0.000191415	0.00556236	0.00622803
14 	10    	0.00582882	0.000205854	0.00552139	0.00627315
15 	10    	0.005621  	0.000109148	0.00547616	0.00580709
16 	10    	0.00569913	0.000126067	0.00550412	0.00597609
17 	10    	0.00564746	0.000152544	0.00549237	0.00605051
18 	10    	0.00564968	0.000229225	0.00545211	0.00629182
19 	10    	0.00565022	0.000262311	0.00539668	0.00636603
20 	10    	0.00569322	0.000218998	0.00538819	0.0059978 
Runtime: 10.49098946700542 (s)


Final population:
Index: Selected                                    #Selected    CV          
----------------------------------------------------------------------------------------------------
    0: 1111100010110110010001001010101111000001... 98           0.0055663411
    1: 1111100110110011010001001110111111000110... 100          0.0059459587
    2: 1111100010110110010001001010111111000010... 99           0.0055384768
    3: 1111100110110111010001011110101111000100... 100          0.0054194552
    4: 1111100010110110010001101110101111000100... 94           0.0056759269
    5: 1111100010110110010001001110100101000000... 100          0.0059977954
    6: 1111100110110110010001001100101111000010... 99           0.0059893284
    7: 1111100010110110010011001110101110000100... 97           0.0055899223
    8: 1111100110110110010011001110101110000100... 98           0.0053881891
    9: 1111100110110111010001001000111111000100... 100          0.0058207886

Pickling population to: genetic_alg_settings_population_end.pkl

Hall of Fame:
Index: Selected                                    #Selected    CV          
----------------------------------------------------------------------------------------------------
    0: 1111100111011010010011101010110101000000... 98           0.0052072984
    1: 1111100111011010010011101010111101000000... 95           0.0052188816
    2: 1111100111011110010011101010110101000000... 95           0.0052328186
    3: 1111100111010110110010101011111101000000... 94           0.0052416084
    4: 1111100111011110011011101010110101000000... 99           0.005243769 
    5: 1111100111011010010011101010110101000000... 95           0.0052447551
    6: 1111100111011010010011101010111101000000... 95           0.0052479542
    7: 1111100111010110010001101111101101000000... 100          0.0052502825
    8: 1111100111011110011011101010100101000000... 100          0.005251896 
    9: 1111100111011110110001001010111101000000... 100          0.0052538443

Pickling Hall of Fame to: genetic_alg_settings_evolve_halloffame.pkl
Begin 17 of 20 repetitions
Begin 20 generations
gen	nevals	avg       	std        	min       	max      
0  	0     	0.00569322	0.000218998	0.00538819	0.0059978
1  	10    	0.00557747	0.000200849	0.00532699	0.00609733
2  	10    	0.00563327	0.000381121	0.00535885	0.00673142
3  	10    	0.00561525	0.000253602	0.00534044	0.00630244
4  	10    	0.00549491	9.75574e-05	0.00535942	0.00563745
5  	10    	0.00549914	9.56249e-05	0.00536529	0.00575268
6  	10    	0.00566894	0.000173946	0.00544265	0.00607252
7  	10    	0.0056745 	0.000350505	0.00542392	0.00664477
8  	10    	0.00567328	0.000315035	0.00547008	0.00660661
9  	10    	0.00557911	0.000224739	0.00532672	0.00604349
10 	10    	0.00560211	0.000326375	0.00534533	0.00655272
11 	10    	0.00551834	5.91911e-05	0.0053828 	0.005627  
12 	10    	0.00549343	0.000177083	0.00530968	0.00594913
13 	10    	0.00559048	0.000313755	0.00538517	0.0065103 
14 	10    	0.00556437	0.000224448	0.00532843	0.00609764
15 	10    	0.00550891	0.000124406	0.00534238	0.00569911
16 	10    	0.00543977	6.97446e-05	0.0053351 	0.00553903
17 	10    	0.00562376	0.000290062	0.0053804 	0.00639743
18 	10    	0.00563193	0.000189974	0.00539506	0.00595013
19 	10    	0.00555683	0.000165167	0.00538419	0.00585986
20 	10    	0.00553343	0.000112825	0.00530173	0.00574099
Runtime: 10.302381871006219 (s)


Final population:
Index: Selected                                    #Selected    CV          
----------------------------------------------------------------------------------------------------
    0: 1111100110100110010001001110100110000101... 100          0.0055484004
    1: 1111100110100110010001001110100110000101... 100          0.0055491458
    2: 1111100110100110010001001110100110100101... 100          0.0055753592
    3: 1111100110100110010001001110101110000101... 93           0.0055324502
    4: 1111100111100110010001001010100111000101... 96           0.0054861639
    5: 1111100100100110010001001110101110100101... 98           0.005658535 
    6: 1111100111100110010001001110101110000101... 97           0.0053017328
    7: 1111100110100110010001001110100111100101... 97           0.0054349814
    8: 1111100100100110010001001110101110100101... 94           0.0055065801
    9: 1111100110100010010001001110100110100101... 100          0.0057409916

Pickling population to: genetic_alg_settings_population_end.pkl

Hall of Fame:
Index: Selected                                    #Selected    CV          
----------------------------------------------------------------------------------------------------
    0: 1111100111011010010011101010110101000000... 98           0.0052072984
    1: 1111100111011010010011101010111101000000... 95           0.0052188816
    2: 1111100111011110010011101010110101000000... 95           0.0052328186
    3: 1111100111010110110010101011111101000000... 94           0.0052416084
    4: 1111100111011110011011101010110101000000... 99           0.005243769 
    5: 1111100111011010010011101010110101000000... 95           0.0052447551
    6: 1111100111011010010011101010111101000000... 95           0.0052479542
    7: 1111100111010110010001101111101101000000... 100          0.0052502825
    8: 1111100111011110011011101010100101000000... 100          0.005251896 
    9: 1111100111011110110001001010111101000000... 100          0.0052538443

Pickling Hall of Fame to: genetic_alg_settings_evolve_halloffame.pkl
Begin 18 of 20 repetitions
Begin 20 generations
gen	nevals	avg       	std        	min       	max       
0  	0     	0.00553343	0.000112825	0.00530173	0.00574099
1  	10    	0.00562886	0.000293161	0.00532324	0.0062062 
2  	10    	0.00547502	7.95425e-05	0.00534255	0.0056048 
3  	10    	0.00559422	0.000240856	0.00543903	0.00628465
4  	10    	0.0055936 	0.000251081	0.00534332	0.00627556
5  	10    	0.00540969	7.641e-05  	0.00523626	0.00549888
6  	10    	0.00544385	0.000146299	0.00525661	0.00580336
7  	10    	0.00538796	5.31706e-05	0.00529445	0.00545653
8  	10    	0.0054099 	8.5922e-05 	0.00528821	0.00553259
9  	10    	0.00546893	0.000159356	0.00531426	0.00583015
10 	10    	0.00543568	6.43458e-05	0.00534228	0.0055375 
11 	10    	0.00561048	0.000304652	0.0053409 	0.00622634
12 	10    	0.00542666	7.77582e-05	0.00529488	0.00555594
13 	10    	0.0055637 	0.000309793	0.00527581	0.00635234
14 	10    	0.00547125	0.000131043	0.00527136	0.00566288
15 	10    	0.00547525	0.000184634	0.00526813	0.00596539
16 	10    	0.00557834	0.000194869	0.00531977	0.00604299
17 	10    	0.00561359	0.000304961	0.00534196	0.0063478 
18 	10    	0.00555275	0.00020065 	0.00536121	0.00600438
19 	10    	0.00555227	0.000248414	0.005369  	0.006215  
20 	10    	0.00570225	0.000338165	0.00531747	0.00649525
Runtime: 10.094359340997471 (s)


Final population:
Index: Selected                                    #Selected    CV          
----------------------------------------------------------------------------------------------------
    0: 1111100111001110010001001111101100100101... 96           0.0057511223
    1: 1111101111011100010001000110101100000101... 95           0.0064952462
    2: 1111101111001110010011001111100100100101... 97           0.0055576956
    3: 1111100111001101010001001111101100000101... 98           0.0058485361
    4: 1111101111001110010001001110101100010101... 99           0.005317469 
    5: 1111101111001110010101000110101100010101... 96           0.0060728164
    6: 1111101111001110010001001100101100001101... 95           0.0055468729
    7: 1111101111001110010001001110101100000101... 100          0.0055506345
    8: 1111101111001110010001001110101100000101... 98           0.0054181314
    9: 1111101111001110010001001110101100000101... 95           0.0054639277

Pickling population to: genetic_alg_settings_population_end.pkl

Hall of Fame:
Index: Selected                                    #Selected    CV          
----------------------------------------------------------------------------------------------------
    0: 1111100111011010010011101010110101000000... 98           0.0052072984
    1: 1111100111011010010011101010111101000000... 95           0.0052188816
    2: 1111100111011110010011101010110101000000... 95           0.0052328186
    3: 1111100110100110010011001110101100000111... 95           0.0052362597
    4: 1111100111010110110010101011111101000000... 94           0.0052416084
    5: 1111100111011110011011101010110101000000... 99           0.005243769 
    6: 1111100111011010010011101010110101000000... 95           0.0052447551
    7: 1111100111011010010011101010111101000000... 95           0.0052479542
    8: 1111100111010110010001101111101101000000... 100          0.0052502825
    9: 1111100111011110011011101010100101000000... 100          0.005251896 

Pickling Hall of Fame to: genetic_alg_settings_evolve_halloffame.pkl
Begin 19 of 20 repetitions
Begin 20 generations
gen	nevals	avg       	std        	min       	max       
0  	0     	0.00570225	0.000338165	0.00531747	0.00649525
1  	10    	0.00555452	0.000138648	0.00530782	0.00580657
2  	10    	0.00562131	0.00020854 	0.00543457	0.00611468
3  	10    	0.00564729	0.000288038	0.00531954	0.00628774
4  	10    	0.00552098	0.000131623	0.00537086	0.00571746
5  	10    	0.00561918	0.000364102	0.00528313	0.00647222
6  	10    	0.00560301	0.000300048	0.00527837	0.0064367 
7  	10    	0.00561806	0.000395225	0.00517855	0.00638307
8  	10    	0.00555797	0.000277146	0.00522718	0.0062945 
9  	10    	0.00550569	0.000212535	0.00529157	0.0060677 
10 	10    	0.00567307	0.000367034	0.00535374	0.00639836
11 	10    	0.00559048	0.000169208	0.00539308	0.00593276
12 	10    	0.00551152	6.91783e-05	0.00539839	0.00562457
13 	10    	0.00556947	0.000129233	0.0054094 	0.00585485
14 	10    	0.00563734	0.000271035	0.00544675	0.00640113
15 	10    	0.00561795	0.000312318	0.00533831	0.00647152
16 	10    	0.00550847	0.000100383	0.0053985 	0.00573505
17 	10    	0.00558022	0.000194666	0.00536117	0.00606503
18 	10    	0.0055217 	0.000141221	0.00530807	0.00580994
19 	10    	0.00556658	0.000109123	0.00540915	0.00579091
20 	10    	0.00565148	0.000322669	0.00534883	0.00636057
Runtime: 10.300045228999807 (s)


Final population:
Index: Selected                                    #Selected    CV          
----------------------------------------------------------------------------------------------------
    0: 1111000111000110100101011111100100001100... 97           0.0053693465
    1: 1111101110000110010101011111100100001101... 97           0.0061372527
    2: 1111100110101110010101001111100100100100... 100          0.0055582653
    3: 1111100111001010010101001111100100001101... 98           0.0054457323
    4: 1111100110001110010101011111100100001100... 100          0.0054676286
    5: 1111000111001110000101011111000100001100... 94           0.005675253 
    6: 1111100110001110010101001111100100001000... 96           0.0057071068
    7: 1111100111001011000101001111100100000101... 99           0.0053488346
    8: 1111000111001110010101001111100110101100... 99           0.0063605712
    9: 1111100110001010010101001111100100000101... 98           0.0054448531

Pickling population to: genetic_alg_settings_population_end.pkl

Hall of Fame:
Index: Selected                                    #Selected    CV          
----------------------------------------------------------------------------------------------------
    0: 1111101111001110010001011110110100000101... 94           0.0051785502
    1: 1111100111011010010011101010110101000000... 98           0.0052072984
    2: 1111100111011010010011101010111101000000... 95           0.0052188816
    3: 1111101111001010010001011111110100001101... 100          0.0052271754
    4: 1111100111011110010011101010110101000000... 95           0.0052328186
    5: 1111100110100110010011001110101100000111... 95           0.0052362597
    6: 1111100111010110110010101011111101000000... 94           0.0052416084
    7: 1111100111011110011011101010110101000000... 99           0.005243769 
    8: 1111100111011010010011101010110101000000... 95           0.0052447551
    9: 1111100111011010010011101010111101000000... 95           0.0052479542

Pickling Hall of Fame to: genetic_alg_settings_evolve_halloffame.pkl
Begin 20 of 20 repetitions
Begin 20 generations
gen	nevals	avg       	std        	min       	max       
0  	0     	0.00565148	0.000322669	0.00534883	0.00636057
1  	10    	0.00568768	0.00027607 	0.0054202 	0.00625502
2  	10    	0.00562234	0.000224675	0.00536633	0.00616616
3  	10    	0.00586197	0.00028286 	0.00553683	0.00646502
4  	10    	0.00572139	0.000118798	0.00552823	0.00596124
5  	10    	0.0057799 	0.000191448	0.00552995	0.0062541 
6  	10    	0.00573482	7.24845e-05	0.00564409	0.00589738
7  	10    	0.00575032	0.000167417	0.00547492	0.00601586
8  	10    	0.00587521	0.000296868	0.00553314	0.00657861
9  	10    	0.00584477	0.000415258	0.00554414	0.00704325
10 	10    	0.00578198	0.000190795	0.00557709	0.00626191
11 	10    	0.00586789	0.000275161	0.0055856 	0.0065728 
12 	10    	0.00584134	0.00029801 	0.00558715	0.00671224
13 	10    	0.00580353	0.00020134 	0.00556084	0.00633529
14 	10    	0.00576626	0.000230567	0.00563254	0.00644676
15 	10    	0.00567326	7.71057e-05	0.00549297	0.00575423
16 	10    	0.0057591 	0.000224562	0.00553125	0.00633001
17 	10    	0.00574478	0.000250382	0.00556581	0.00641145
18 	10    	0.00565239	6.22663e-05	0.00553147	0.00575546
19 	10    	0.00591105	0.000390547	0.00551183	0.00684151
20 	10    	0.00588095	0.000379669	0.00550982	0.006782  
Runtime: 10.497958349995315 (s)


Final population:
Index: Selected                                    #Selected    CV          
----------------------------------------------------------------------------------------------------
    0: 1111100111001011010101001111100000011100... 97           0.0062973962
    1: 1111100111001011010100001111100100011100... 95           0.0056130491
    2: 1111100111001011010100001111100100011100... 99           0.0055691949
    3: 1111100111001011010100001111100100011100... 95           0.0055098205
    4: 1111100110001001010100001111100100011100... 100          0.0058372696
    5: 1110100111001011010101001011100100011100... 96           0.0060122105
    6: 1111100111001011010101001111100100011100... 100          0.0055786352
    7: 1111100111001011010100001011100100011000... 99           0.0056879654
    8: 1111100100001011110100001111100000011100... 100          0.0067820045
    9: 1111100111000011010101001011100100011100... 94           0.0059219986

Pickling population to: genetic_alg_settings_population_end.pkl

Hall of Fame:
Index: Selected                                    #Selected    CV          
----------------------------------------------------------------------------------------------------
    0: 1111101111001110010001011110110100000101... 94           0.0051785502
    1: 1111100111011010010011101010110101000000... 98           0.0052072984
    2: 1111100111011010010011101010111101000000... 95           0.0052188816
    3: 1111101111001010010001011111110100001101... 100          0.0052271754
    4: 1111100111011110010011101010110101000000... 95           0.0052328186
    5: 1111100110100110010011001110101100000111... 95           0.0052362597
    6: 1111100111010110110010101011111101000000... 94           0.0052416084
    7: 1111100111011110011011101010110101000000... 99           0.005243769 
    8: 1111100111011010010011101010110101000000... 95           0.0052447551
    9: 1111100111011010010011101010111101000000... 95           0.0052479542

Pickling Hall of Fame to: genetic_alg_settings_evolve_halloffame.pkl
#   DONE  Runtime: 196.5091272560021 (s)

Adding statistics...
  DONE

Result:
Index: Selected                                    #Selected    CV           RMS          wRMS         Estimator                FeatureSelection         Note
--------------------------------------------------------------------------------------------------------------------------------------------------------------------
    0: 1111101111001110010001011110110100000101... 94           0.0051785502 0.0043733182 0.0044215563 LinearRegression         GeneticAlgorithm         
    1: 1111100111011010010011101010110101000000... 98           0.0052072984 0.0043609204 0.0044144709 LinearRegression         GeneticAlgorithm         
    2: 1111100111011010010011101010111101000000... 95           0.0052188816 0.0043361492 0.0043993253 LinearRegression         GeneticAlgorithm         
    3: 1111101111001010010001011111110100001101... 100          0.0052271754 0.0043363416 0.0043826575 LinearRegression         GeneticAlgorithm         
    4: 1111100111011110010011101010110101000000... 95           0.0052328186 0.0043368622 0.0044031319 LinearRegression         GeneticAlgorithm         
    5: 1111100110100110010011001110101100000111... 95           0.0052362597 0.0043950333 0.0044433254 LinearRegression         GeneticAlgorithm         
    6: 1111100111010110110010101011111101000000... 94           0.0052416084 0.0043826406 0.0044475198 LinearRegression         GeneticAlgorithm         
    7: 1111100111011110011011101010110101000000... 99           0.005243769  0.0043174561 0.0043795537 LinearRegression         GeneticAlgorithm         
    8: 1111100111011010010011101010110101000000... 95           0.0052447551 0.0044014085 0.0044476601 LinearRegression         GeneticAlgorithm         
    9: 1111100111011010010011101010111101000000... 95           0.0052479542 0.0043401083 0.0044027629 LinearRegression         GeneticAlgorithm         

Pickling Hall of Fame to: genetic_alg_settings_halloffame.pkl
