-- Read: Monte Carlo settings -- 
from: "/media/derick/DeoResearch/experiments/rocksalt3_ZrN_casm/mc_coarse_new_scel/heating/mu_0.9750_0.9750_T_20_2000/mc_settings.json"
ensemble: GrandCanonical
method: Metropolis

-- Compiling: /media/derick/DeoResearch/experiments/rocksalt3_ZrN_casm/basis_sets/bset.default/rocksalt_ZrN_casm_1_1_2_Clexulator.cc -- 
compile time depends on how many basis functions are included
compile time: 0.000597205 (s)

-- Construct: Grand Canonical Monte Carlo -- 
project: "/media/derick/DeoResearch/experiments/rocksalt3_ZrN_casm"
formation_energy cluster expansion: formation_energy
      property: formation_energy
      calctype: default
           ref: default
          bset: default
           eci: default
supercell: 
 -4   4 -20
 -4   0  24
  6   4   4
use_deltas: false

Sampling: 
                quantity     requested_precision
            atom_frac(N)                    none
           atom_frac(Zr)                    none
                 comp(a)                   0.001
               comp_n(N)                    none
              comp_n(Va)                    none
              comp_n(Zr)                    none
        formation_energy                    none
        potential_energy                    none
            site_frac(N)                    none
           site_frac(Va)                    none
           site_frac(Zr)                    none

automatic convergence mode?: true

-- Check: For existing calculations -- 
did not find existing calculations

-- Set: Conditions -- 
T: 20
param_chem_pot: [ 0.975000000000 ]

-- Set: DoF -- 
motif configname: default
using configuration with default occupation...

-- Set: DoF -- 
motif configname: auto
searching for minimum potential energy motif...
using conditions: 
T: 20
param_chem_pot: [ 0.975000000000 ]

using: SCEL1_1_1_1_0_0_0/0 with potential energy: -0.97457551

-- Set: Conditions -- 
T: 20
param_chem_pot: [ 0.975000000000 ]


-- Continue with existing DoF -- 

-- Write: DoF -- 
write: "/media/derick/DeoResearch/experiments/rocksalt3_ZrN_casm/mc_coarse_new_scel/heating/mu_0.9750_0.9750_T_20_2000/conditions.0/initial_state.json"

-- Begin: Conditions 0 -- 

-- End: Conditions 0 -- 
run time: 16.846132 (s),  0.016846132 (s/pass),  1.2534325e-05(s/step)

-- Write: DoF -- 
write: "/media/derick/DeoResearch/experiments/rocksalt3_ZrN_casm/mc_coarse_new_scel/heating/mu_0.9750_0.9750_T_20_2000/conditions.0/final_state.json"

-- Write: Output files -- 
write: "/media/derick/DeoResearch/experiments/rocksalt3_ZrN_casm/mc_coarse_new_scel/heating/mu_0.9750_0.9750_T_20_2000/results.json"
write: "/media/derick/DeoResearch/experiments/rocksalt3_ZrN_casm/mc_coarse_new_scel/heating/mu_0.9750_0.9750_T_20_2000/conditions.0/conditions.json"


-- Set: Conditions -- 
T: 40
param_chem_pot: [ 0.975000000000 ]


-- Continue with existing DoF -- 

-- Write: DoF -- 
write: "/media/derick/DeoResearch/experiments/rocksalt3_ZrN_casm/mc_coarse_new_scel/heating/mu_0.9750_0.9750_T_20_2000/conditions.1/initial_state.json"

-- Begin: Conditions 1 -- 

-- End: Conditions 1 -- 
run time: 16.82267 (s),  0.01682267 (s/pass),  1.2516868e-05(s/step)

-- Write: DoF -- 
write: "/media/derick/DeoResearch/experiments/rocksalt3_ZrN_casm/mc_coarse_new_scel/heating/mu_0.9750_0.9750_T_20_2000/conditions.1/final_state.json"

-- Write: Output files -- 
write: "/media/derick/DeoResearch/experiments/rocksalt3_ZrN_casm/mc_coarse_new_scel/heating/mu_0.9750_0.9750_T_20_2000/results.json"
write: "/media/derick/DeoResearch/experiments/rocksalt3_ZrN_casm/mc_coarse_new_scel/heating/mu_0.9750_0.9750_T_20_2000/conditions.1/conditions.json"


-- Set: Conditions -- 
T: 60
param_chem_pot: [ 0.975000000000 ]


-- Continue with existing DoF -- 

-- Write: DoF -- 
write: "/media/derick/DeoResearch/experiments/rocksalt3_ZrN_casm/mc_coarse_new_scel/heating/mu_0.9750_0.9750_T_20_2000/conditions.2/initial_state.json"

-- Begin: Conditions 2 -- 

-- End: Conditions 2 -- 
run time: 16.694634 (s),  0.016694634 (s/pass),  1.2421603e-05(s/step)

-- Write: DoF -- 
write: "/media/derick/DeoResearch/experiments/rocksalt3_ZrN_casm/mc_coarse_new_scel/heating/mu_0.9750_0.9750_T_20_2000/conditions.2/final_state.json"

-- Write: Output files -- 
write: "/media/derick/DeoResearch/experiments/rocksalt3_ZrN_casm/mc_coarse_new_scel/heating/mu_0.9750_0.9750_T_20_2000/results.json"
write: "/media/derick/DeoResearch/experiments/rocksalt3_ZrN_casm/mc_coarse_new_scel/heating/mu_0.9750_0.9750_T_20_2000/conditions.2/conditions.json"


-- Set: Conditions -- 
T: 80
param_chem_pot: [ 0.975000000000 ]


-- Continue with existing DoF -- 

-- Write: DoF -- 
write: "/media/derick/DeoResearch/experiments/rocksalt3_ZrN_casm/mc_coarse_new_scel/heating/mu_0.9750_0.9750_T_20_2000/conditions.3/initial_state.json"

-- Begin: Conditions 3 -- 

-- End: Conditions 3 -- 
run time: 16.802043 (s),  0.016802043 (s/pass),  1.250152e-05(s/step)

-- Write: DoF -- 
write: "/media/derick/DeoResearch/experiments/rocksalt3_ZrN_casm/mc_coarse_new_scel/heating/mu_0.9750_0.9750_T_20_2000/conditions.3/final_state.json"

-- Write: Output files -- 
write: "/media/derick/DeoResearch/experiments/rocksalt3_ZrN_casm/mc_coarse_new_scel/heating/mu_0.9750_0.9750_T_20_2000/results.json"
write: "/media/derick/DeoResearch/experiments/rocksalt3_ZrN_casm/mc_coarse_new_scel/heating/mu_0.9750_0.9750_T_20_2000/conditions.3/conditions.json"


-- Set: Conditions -- 
T: 100
param_chem_pot: [ 0.975000000000 ]


-- Continue with existing DoF -- 

-- Write: DoF -- 
write: "/media/derick/DeoResearch/experiments/rocksalt3_ZrN_casm/mc_coarse_new_scel/heating/mu_0.9750_0.9750_T_20_2000/conditions.4/initial_state.json"

-- Begin: Conditions 4 -- 

-- End: Conditions 4 -- 
run time: 16.860059 (s),  0.016860059 (s/pass),  1.2544687e-05(s/step)

-- Write: DoF -- 
write: "/media/derick/DeoResearch/experiments/rocksalt3_ZrN_casm/mc_coarse_new_scel/heating/mu_0.9750_0.9750_T_20_2000/conditions.4/final_state.json"

-- Write: Output files -- 
write: "/media/derick/DeoResearch/experiments/rocksalt3_ZrN_casm/mc_coarse_new_scel/heating/mu_0.9750_0.9750_T_20_2000/results.json"
write: "/media/derick/DeoResearch/experiments/rocksalt3_ZrN_casm/mc_coarse_new_scel/heating/mu_0.9750_0.9750_T_20_2000/conditions.4/conditions.json"


-- Set: Conditions -- 
T: 120
param_chem_pot: [ 0.975000000000 ]


-- Continue with existing DoF -- 

-- Write: DoF -- 
write: "/media/derick/DeoResearch/experiments/rocksalt3_ZrN_casm/mc_coarse_new_scel/heating/mu_0.9750_0.9750_T_20_2000/conditions.5/initial_state.json"

-- Begin: Conditions 5 -- 

-- End: Conditions 5 -- 
run time: 16.936213 (s),  0.016936213 (s/pass),  1.2601349e-05(s/step)

-- Write: DoF -- 
write: "/media/derick/DeoResearch/experiments/rocksalt3_ZrN_casm/mc_coarse_new_scel/heating/mu_0.9750_0.9750_T_20_2000/conditions.5/final_state.json"

-- Write: Output files -- 
write: "/media/derick/DeoResearch/experiments/rocksalt3_ZrN_casm/mc_coarse_new_scel/heating/mu_0.9750_0.9750_T_20_2000/results.json"
write: "/media/derick/DeoResearch/experiments/rocksalt3_ZrN_casm/mc_coarse_new_scel/heating/mu_0.9750_0.9750_T_20_2000/conditions.5/conditions.json"


-- Set: Conditions -- 
T: 140
param_chem_pot: [ 0.975000000000 ]


-- Continue with existing DoF -- 

-- Write: DoF -- 
write: "/media/derick/DeoResearch/experiments/rocksalt3_ZrN_casm/mc_coarse_new_scel/heating/mu_0.9750_0.9750_T_20_2000/conditions.6/initial_state.json"

-- Begin: Conditions 6 -- 

-- End: Conditions 6 -- 
run time: 16.775506 (s),  0.016775506 (s/pass),  1.2481775e-05(s/step)

-- Write: DoF -- 
write: "/media/derick/DeoResearch/experiments/rocksalt3_ZrN_casm/mc_coarse_new_scel/heating/mu_0.9750_0.9750_T_20_2000/conditions.6/final_state.json"

-- Write: Output files -- 
write: "/media/derick/DeoResearch/experiments/rocksalt3_ZrN_casm/mc_coarse_new_scel/heating/mu_0.9750_0.9750_T_20_2000/results.json"
write: "/media/derick/DeoResearch/experiments/rocksalt3_ZrN_casm/mc_coarse_new_scel/heating/mu_0.9750_0.9750_T_20_2000/conditions.6/conditions.json"


-- Set: Conditions -- 
T: 160
param_chem_pot: [ 0.975000000000 ]


-- Continue with existing DoF -- 

-- Write: DoF -- 
write: "/media/derick/DeoResearch/experiments/rocksalt3_ZrN_casm/mc_coarse_new_scel/heating/mu_0.9750_0.9750_T_20_2000/conditions.7/initial_state.json"

-- Begin: Conditions 7 -- 

-- End: Conditions 7 -- 
run time: 16.834798 (s),  0.016834798 (s/pass),  1.2525892e-05(s/step)

-- Write: DoF -- 
write: "/media/derick/DeoResearch/experiments/rocksalt3_ZrN_casm/mc_coarse_new_scel/heating/mu_0.9750_0.9750_T_20_2000/conditions.7/final_state.json"

-- Write: Output files -- 
write: "/media/derick/DeoResearch/experiments/rocksalt3_ZrN_casm/mc_coarse_new_scel/heating/mu_0.9750_0.9750_T_20_2000/results.json"
write: "/media/derick/DeoResearch/experiments/rocksalt3_ZrN_casm/mc_coarse_new_scel/heating/mu_0.9750_0.9750_T_20_2000/conditions.7/conditions.json"


-- Set: Conditions -- 
T: 180
param_chem_pot: [ 0.975000000000 ]


-- Continue with existing DoF -- 

-- Write: DoF -- 
write: "/media/derick/DeoResearch/experiments/rocksalt3_ZrN_casm/mc_coarse_new_scel/heating/mu_0.9750_0.9750_T_20_2000/conditions.8/initial_state.json"

-- Begin: Conditions 8 -- 

-- End: Conditions 8 -- 
run time: 16.837627 (s),  0.016837627 (s/pass),  1.2527997e-05(s/step)

-- Write: DoF -- 
write: "/media/derick/DeoResearch/experiments/rocksalt3_ZrN_casm/mc_coarse_new_scel/heating/mu_0.9750_0.9750_T_20_2000/conditions.8/final_state.json"

-- Write: Output files -- 
write: "/media/derick/DeoResearch/experiments/rocksalt3_ZrN_casm/mc_coarse_new_scel/heating/mu_0.9750_0.9750_T_20_2000/results.json"
write: "/media/derick/DeoResearch/experiments/rocksalt3_ZrN_casm/mc_coarse_new_scel/heating/mu_0.9750_0.9750_T_20_2000/conditions.8/conditions.json"


-- Set: Conditions -- 
T: 200
param_chem_pot: [ 0.975000000000 ]


-- Continue with existing DoF -- 

-- Write: DoF -- 
write: "/media/derick/DeoResearch/experiments/rocksalt3_ZrN_casm/mc_coarse_new_scel/heating/mu_0.9750_0.9750_T_20_2000/conditions.9/initial_state.json"

-- Begin: Conditions 9 -- 

-- End: Conditions 9 -- 
run time: 16.886969 (s),  0.016886969 (s/pass),  1.2564709e-05(s/step)

-- Write: DoF -- 
write: "/media/derick/DeoResearch/experiments/rocksalt3_ZrN_casm/mc_coarse_new_scel/heating/mu_0.9750_0.9750_T_20_2000/conditions.9/final_state.json"

-- Write: Output files -- 
write: "/media/derick/DeoResearch/experiments/rocksalt3_ZrN_casm/mc_coarse_new_scel/heating/mu_0.9750_0.9750_T_20_2000/results.json"
write: "/media/derick/DeoResearch/experiments/rocksalt3_ZrN_casm/mc_coarse_new_scel/heating/mu_0.9750_0.9750_T_20_2000/conditions.9/conditions.json"


-- Set: Conditions -- 
T: 220
param_chem_pot: [ 0.975000000000 ]


-- Continue with existing DoF -- 

-- Write: DoF -- 
write: "/media/derick/DeoResearch/experiments/rocksalt3_ZrN_casm/mc_coarse_new_scel/heating/mu_0.9750_0.9750_T_20_2000/conditions.10/initial_state.json"

-- Begin: Conditions 10 -- 

-- End: Conditions 10 -- 
run time: 16.825946 (s),  0.016825946 (s/pass),  1.2519305e-05(s/step)

-- Write: DoF -- 
write: "/media/derick/DeoResearch/experiments/rocksalt3_ZrN_casm/mc_coarse_new_scel/heating/mu_0.9750_0.9750_T_20_2000/conditions.10/final_state.json"

-- Write: Output files -- 
write: "/media/derick/DeoResearch/experiments/rocksalt3_ZrN_casm/mc_coarse_new_scel/heating/mu_0.9750_0.9750_T_20_2000/results.json"
write: "/media/derick/DeoResearch/experiments/rocksalt3_ZrN_casm/mc_coarse_new_scel/heating/mu_0.9750_0.9750_T_20_2000/conditions.10/conditions.json"


-- Set: Conditions -- 
T: 240
param_chem_pot: [ 0.975000000000 ]


-- Continue with existing DoF -- 

-- Write: DoF -- 
write: "/media/derick/DeoResearch/experiments/rocksalt3_ZrN_casm/mc_coarse_new_scel/heating/mu_0.9750_0.9750_T_20_2000/conditions.11/initial_state.json"

-- Begin: Conditions 11 -- 

-- End: Conditions 11 -- 
run time: 16.861778 (s),  0.016861778 (s/pass),  1.2545966e-05(s/step)

-- Write: DoF -- 
write: "/media/derick/DeoResearch/experiments/rocksalt3_ZrN_casm/mc_coarse_new_scel/heating/mu_0.9750_0.9750_T_20_2000/conditions.11/final_state.json"

-- Write: Output files -- 
write: "/media/derick/DeoResearch/experiments/rocksalt3_ZrN_casm/mc_coarse_new_scel/heating/mu_0.9750_0.9750_T_20_2000/results.json"
write: "/media/derick/DeoResearch/experiments/rocksalt3_ZrN_casm/mc_coarse_new_scel/heating/mu_0.9750_0.9750_T_20_2000/conditions.11/conditions.json"


-- Set: Conditions -- 
T: 260
param_chem_pot: [ 0.975000000000 ]


-- Continue with existing DoF -- 

-- Write: DoF -- 
write: "/media/derick/DeoResearch/experiments/rocksalt3_ZrN_casm/mc_coarse_new_scel/heating/mu_0.9750_0.9750_T_20_2000/conditions.12/initial_state.json"

-- Begin: Conditions 12 -- 

-- End: Conditions 12 -- 
run time: 16.691888 (s),  0.016691888 (s/pass),  1.241956e-05(s/step)

-- Write: DoF -- 
write: "/media/derick/DeoResearch/experiments/rocksalt3_ZrN_casm/mc_coarse_new_scel/heating/mu_0.9750_0.9750_T_20_2000/conditions.12/final_state.json"

-- Write: Output files -- 
write: "/media/derick/DeoResearch/experiments/rocksalt3_ZrN_casm/mc_coarse_new_scel/heating/mu_0.9750_0.9750_T_20_2000/results.json"
write: "/media/derick/DeoResearch/experiments/rocksalt3_ZrN_casm/mc_coarse_new_scel/heating/mu_0.9750_0.9750_T_20_2000/conditions.12/conditions.json"


-- Set: Conditions -- 
T: 280
param_chem_pot: [ 0.975000000000 ]


-- Continue with existing DoF -- 

-- Write: DoF -- 
write: "/media/derick/DeoResearch/experiments/rocksalt3_ZrN_casm/mc_coarse_new_scel/heating/mu_0.9750_0.9750_T_20_2000/conditions.13/initial_state.json"

-- Begin: Conditions 13 -- 

-- End: Conditions 13 -- 
run time: 16.672978 (s),  0.016672978 (s/pass),  1.2405489e-05(s/step)

-- Write: DoF -- 
write: "/media/derick/DeoResearch/experiments/rocksalt3_ZrN_casm/mc_coarse_new_scel/heating/mu_0.9750_0.9750_T_20_2000/conditions.13/final_state.json"

-- Write: Output files -- 
write: "/media/derick/DeoResearch/experiments/rocksalt3_ZrN_casm/mc_coarse_new_scel/heating/mu_0.9750_0.9750_T_20_2000/results.json"
write: "/media/derick/DeoResearch/experiments/rocksalt3_ZrN_casm/mc_coarse_new_scel/heating/mu_0.9750_0.9750_T_20_2000/conditions.13/conditions.json"


-- Set: Conditions -- 
T: 300
param_chem_pot: [ 0.975000000000 ]


-- Continue with existing DoF -- 

-- Write: DoF -- 
write: "/media/derick/DeoResearch/experiments/rocksalt3_ZrN_casm/mc_coarse_new_scel/heating/mu_0.9750_0.9750_T_20_2000/conditions.14/initial_state.json"

-- Begin: Conditions 14 -- 

-- End: Conditions 14 -- 
run time: 16.590964 (s),  0.016590964 (s/pass),  1.2344467e-05(s/step)

-- Write: DoF -- 
write: "/media/derick/DeoResearch/experiments/rocksalt3_ZrN_casm/mc_coarse_new_scel/heating/mu_0.9750_0.9750_T_20_2000/conditions.14/final_state.json"

-- Write: Output files -- 
write: "/media/derick/DeoResearch/experiments/rocksalt3_ZrN_casm/mc_coarse_new_scel/heating/mu_0.9750_0.9750_T_20_2000/results.json"
write: "/media/derick/DeoResearch/experiments/rocksalt3_ZrN_casm/mc_coarse_new_scel/heating/mu_0.9750_0.9750_T_20_2000/conditions.14/conditions.json"


-- Set: Conditions -- 
T: 320
param_chem_pot: [ 0.975000000000 ]


-- Continue with existing DoF -- 

-- Write: DoF -- 
write: "/media/derick/DeoResearch/experiments/rocksalt3_ZrN_casm/mc_coarse_new_scel/heating/mu_0.9750_0.9750_T_20_2000/conditions.15/initial_state.json"

-- Begin: Conditions 15 -- 

-- End: Conditions 15 -- 
run time: 16.656348 (s),  0.016656348 (s/pass),  1.2393116e-05(s/step)

-- Write: DoF -- 
write: "/media/derick/DeoResearch/experiments/rocksalt3_ZrN_casm/mc_coarse_new_scel/heating/mu_0.9750_0.9750_T_20_2000/conditions.15/final_state.json"

-- Write: Output files -- 
write: "/media/derick/DeoResearch/experiments/rocksalt3_ZrN_casm/mc_coarse_new_scel/heating/mu_0.9750_0.9750_T_20_2000/results.json"
write: "/media/derick/DeoResearch/experiments/rocksalt3_ZrN_casm/mc_coarse_new_scel/heating/mu_0.9750_0.9750_T_20_2000/conditions.15/conditions.json"


-- Set: Conditions -- 
T: 340
param_chem_pot: [ 0.975000000000 ]


-- Continue with existing DoF -- 

-- Write: DoF -- 
write: "/media/derick/DeoResearch/experiments/rocksalt3_ZrN_casm/mc_coarse_new_scel/heating/mu_0.9750_0.9750_T_20_2000/conditions.16/initial_state.json"

-- Begin: Conditions 16 -- 

-- End: Conditions 16 -- 
run time: 16.67275 (s),  0.01667275 (s/pass),  1.240532e-05(s/step)

-- Write: DoF -- 
write: "/media/derick/DeoResearch/experiments/rocksalt3_ZrN_casm/mc_coarse_new_scel/heating/mu_0.9750_0.9750_T_20_2000/conditions.16/final_state.json"

-- Write: Output files -- 
write: "/media/derick/DeoResearch/experiments/rocksalt3_ZrN_casm/mc_coarse_new_scel/heating/mu_0.9750_0.9750_T_20_2000/results.json"
write: "/media/derick/DeoResearch/experiments/rocksalt3_ZrN_casm/mc_coarse_new_scel/heating/mu_0.9750_0.9750_T_20_2000/conditions.16/conditions.json"


-- Set: Conditions -- 
T: 360
param_chem_pot: [ 0.975000000000 ]


-- Continue with existing DoF -- 

-- Write: DoF -- 
write: "/media/derick/DeoResearch/experiments/rocksalt3_ZrN_casm/mc_coarse_new_scel/heating/mu_0.9750_0.9750_T_20_2000/conditions.17/initial_state.json"

-- Begin: Conditions 17 -- 

-- End: Conditions 17 -- 
run time: 16.676107 (s),  0.016676107 (s/pass),  1.2407818e-05(s/step)

-- Write: DoF -- 
write: "/media/derick/DeoResearch/experiments/rocksalt3_ZrN_casm/mc_coarse_new_scel/heating/mu_0.9750_0.9750_T_20_2000/conditions.17/final_state.json"

-- Write: Output files -- 
write: "/media/derick/DeoResearch/experiments/rocksalt3_ZrN_casm/mc_coarse_new_scel/heating/mu_0.9750_0.9750_T_20_2000/results.json"
write: "/media/derick/DeoResearch/experiments/rocksalt3_ZrN_casm/mc_coarse_new_scel/heating/mu_0.9750_0.9750_T_20_2000/conditions.17/conditions.json"


-- Set: Conditions -- 
T: 380
param_chem_pot: [ 0.975000000000 ]


-- Continue with existing DoF -- 

-- Write: DoF -- 
write: "/media/derick/DeoResearch/experiments/rocksalt3_ZrN_casm/mc_coarse_new_scel/heating/mu_0.9750_0.9750_T_20_2000/conditions.18/initial_state.json"

-- Begin: Conditions 18 -- 

-- End: Conditions 18 -- 
run time: 16.61847 (s),  0.01661847 (s/pass),  1.2364933e-05(s/step)

-- Write: DoF -- 
write: "/media/derick/DeoResearch/experiments/rocksalt3_ZrN_casm/mc_coarse_new_scel/heating/mu_0.9750_0.9750_T_20_2000/conditions.18/final_state.json"

-- Write: Output files -- 
write: "/media/derick/DeoResearch/experiments/rocksalt3_ZrN_casm/mc_coarse_new_scel/heating/mu_0.9750_0.9750_T_20_2000/results.json"
write: "/media/derick/DeoResearch/experiments/rocksalt3_ZrN_casm/mc_coarse_new_scel/heating/mu_0.9750_0.9750_T_20_2000/conditions.18/conditions.json"


-- Set: Conditions -- 
T: 400
param_chem_pot: [ 0.975000000000 ]


-- Continue with existing DoF -- 

-- Write: DoF -- 
write: "/media/derick/DeoResearch/experiments/rocksalt3_ZrN_casm/mc_coarse_new_scel/heating/mu_0.9750_0.9750_T_20_2000/conditions.19/initial_state.json"

-- Begin: Conditions 19 -- 

-- End: Conditions 19 -- 
run time: 16.665147 (s),  0.016665147 (s/pass),  1.2399663e-05(s/step)

-- Write: DoF -- 
write: "/media/derick/DeoResearch/experiments/rocksalt3_ZrN_casm/mc_coarse_new_scel/heating/mu_0.9750_0.9750_T_20_2000/conditions.19/final_state.json"

-- Write: Output files -- 
write: "/media/derick/DeoResearch/experiments/rocksalt3_ZrN_casm/mc_coarse_new_scel/heating/mu_0.9750_0.9750_T_20_2000/results.json"
write: "/media/derick/DeoResearch/experiments/rocksalt3_ZrN_casm/mc_coarse_new_scel/heating/mu_0.9750_0.9750_T_20_2000/conditions.19/conditions.json"


-- Set: Conditions -- 
T: 420
param_chem_pot: [ 0.975000000000 ]


-- Continue with existing DoF -- 

-- Write: DoF -- 
write: "/media/derick/DeoResearch/experiments/rocksalt3_ZrN_casm/mc_coarse_new_scel/heating/mu_0.9750_0.9750_T_20_2000/conditions.20/initial_state.json"

-- Begin: Conditions 20 -- 

-- End: Conditions 20 -- 
run time: 16.653783 (s),  0.016653783 (s/pass),  1.2391208e-05(s/step)

-- Write: DoF -- 
write: "/media/derick/DeoResearch/experiments/rocksalt3_ZrN_casm/mc_coarse_new_scel/heating/mu_0.9750_0.9750_T_20_2000/conditions.20/final_state.json"

-- Write: Output files -- 
write: "/media/derick/DeoResearch/experiments/rocksalt3_ZrN_casm/mc_coarse_new_scel/heating/mu_0.9750_0.9750_T_20_2000/results.json"
write: "/media/derick/DeoResearch/experiments/rocksalt3_ZrN_casm/mc_coarse_new_scel/heating/mu_0.9750_0.9750_T_20_2000/conditions.20/conditions.json"


-- Set: Conditions -- 
T: 440
param_chem_pot: [ 0.975000000000 ]


-- Continue with existing DoF -- 

-- Write: DoF -- 
write: "/media/derick/DeoResearch/experiments/rocksalt3_ZrN_casm/mc_coarse_new_scel/heating/mu_0.9750_0.9750_T_20_2000/conditions.21/initial_state.json"

-- Begin: Conditions 21 -- 

-- End: Conditions 21 -- 
run time: 16.661197 (s),  0.016661197 (s/pass),  1.2396724e-05(s/step)

-- Write: DoF -- 
write: "/media/derick/DeoResearch/experiments/rocksalt3_ZrN_casm/mc_coarse_new_scel/heating/mu_0.9750_0.9750_T_20_2000/conditions.21/final_state.json"

-- Write: Output files -- 
write: "/media/derick/DeoResearch/experiments/rocksalt3_ZrN_casm/mc_coarse_new_scel/heating/mu_0.9750_0.9750_T_20_2000/results.json"
write: "/media/derick/DeoResearch/experiments/rocksalt3_ZrN_casm/mc_coarse_new_scel/heating/mu_0.9750_0.9750_T_20_2000/conditions.21/conditions.json"


-- Set: Conditions -- 
T: 460
param_chem_pot: [ 0.975000000000 ]


-- Continue with existing DoF -- 

-- Write: DoF -- 
write: "/media/derick/DeoResearch/experiments/rocksalt3_ZrN_casm/mc_coarse_new_scel/heating/mu_0.9750_0.9750_T_20_2000/conditions.22/initial_state.json"

-- Begin: Conditions 22 -- 

-- End: Conditions 22 -- 
run time: 16.63591 (s),  0.01663591 (s/pass),  1.2377909e-05(s/step)

-- Write: DoF -- 
write: "/media/derick/DeoResearch/experiments/rocksalt3_ZrN_casm/mc_coarse_new_scel/heating/mu_0.9750_0.9750_T_20_2000/conditions.22/final_state.json"

-- Write: Output files -- 
write: "/media/derick/DeoResearch/experiments/rocksalt3_ZrN_casm/mc_coarse_new_scel/heating/mu_0.9750_0.9750_T_20_2000/results.json"
write: "/media/derick/DeoResearch/experiments/rocksalt3_ZrN_casm/mc_coarse_new_scel/heating/mu_0.9750_0.9750_T_20_2000/conditions.22/conditions.json"


-- Set: Conditions -- 
T: 480
param_chem_pot: [ 0.975000000000 ]


-- Continue with existing DoF -- 

-- Write: DoF -- 
write: "/media/derick/DeoResearch/experiments/rocksalt3_ZrN_casm/mc_coarse_new_scel/heating/mu_0.9750_0.9750_T_20_2000/conditions.23/initial_state.json"

-- Begin: Conditions 23 -- 

-- End: Conditions 23 -- 
run time: 16.665688 (s),  0.016665688 (s/pass),  1.2400065e-05(s/step)

-- Write: DoF -- 
write: "/media/derick/DeoResearch/experiments/rocksalt3_ZrN_casm/mc_coarse_new_scel/heating/mu_0.9750_0.9750_T_20_2000/conditions.23/final_state.json"

-- Write: Output files -- 
write: "/media/derick/DeoResearch/experiments/rocksalt3_ZrN_casm/mc_coarse_new_scel/heating/mu_0.9750_0.9750_T_20_2000/results.json"
write: "/media/derick/DeoResearch/experiments/rocksalt3_ZrN_casm/mc_coarse_new_scel/heating/mu_0.9750_0.9750_T_20_2000/conditions.23/conditions.json"


-- Set: Conditions -- 
T: 500
param_chem_pot: [ 0.975000000000 ]


-- Continue with existing DoF -- 

-- Write: DoF -- 
write: "/media/derick/DeoResearch/experiments/rocksalt3_ZrN_casm/mc_coarse_new_scel/heating/mu_0.9750_0.9750_T_20_2000/conditions.24/initial_state.json"

-- Begin: Conditions 24 -- 

-- End: Conditions 24 -- 
run time: 16.638479 (s),  0.016638479 (s/pass),  1.237982e-05(s/step)

-- Write: DoF -- 
write: "/media/derick/DeoResearch/experiments/rocksalt3_ZrN_casm/mc_coarse_new_scel/heating/mu_0.9750_0.9750_T_20_2000/conditions.24/final_state.json"

-- Write: Output files -- 
write: "/media/derick/DeoResearch/experiments/rocksalt3_ZrN_casm/mc_coarse_new_scel/heating/mu_0.9750_0.9750_T_20_2000/results.json"
write: "/media/derick/DeoResearch/experiments/rocksalt3_ZrN_casm/mc_coarse_new_scel/heating/mu_0.9750_0.9750_T_20_2000/conditions.24/conditions.json"


-- Set: Conditions -- 
T: 520
param_chem_pot: [ 0.975000000000 ]


-- Continue with existing DoF -- 

-- Write: DoF -- 
write: "/media/derick/DeoResearch/experiments/rocksalt3_ZrN_casm/mc_coarse_new_scel/heating/mu_0.9750_0.9750_T_20_2000/conditions.25/initial_state.json"

-- Begin: Conditions 25 -- 

-- End: Conditions 25 -- 
run time: 16.699114 (s),  0.016699114 (s/pass),  1.2424936e-05(s/step)

-- Write: DoF -- 
write: "/media/derick/DeoResearch/experiments/rocksalt3_ZrN_casm/mc_coarse_new_scel/heating/mu_0.9750_0.9750_T_20_2000/conditions.25/final_state.json"

-- Write: Output files -- 
write: "/media/derick/DeoResearch/experiments/rocksalt3_ZrN_casm/mc_coarse_new_scel/heating/mu_0.9750_0.9750_T_20_2000/results.json"
write: "/media/derick/DeoResearch/experiments/rocksalt3_ZrN_casm/mc_coarse_new_scel/heating/mu_0.9750_0.9750_T_20_2000/conditions.25/conditions.json"


-- Set: Conditions -- 
T: 540
param_chem_pot: [ 0.975000000000 ]


-- Continue with existing DoF -- 

-- Write: DoF -- 
write: "/media/derick/DeoResearch/experiments/rocksalt3_ZrN_casm/mc_coarse_new_scel/heating/mu_0.9750_0.9750_T_20_2000/conditions.26/initial_state.json"

-- Begin: Conditions 26 -- 

-- End: Conditions 26 -- 
run time: 16.678653 (s),  0.016678653 (s/pass),  1.2409712e-05(s/step)

-- Write: DoF -- 
write: "/media/derick/DeoResearch/experiments/rocksalt3_ZrN_casm/mc_coarse_new_scel/heating/mu_0.9750_0.9750_T_20_2000/conditions.26/final_state.json"

-- Write: Output files -- 
write: "/media/derick/DeoResearch/experiments/rocksalt3_ZrN_casm/mc_coarse_new_scel/heating/mu_0.9750_0.9750_T_20_2000/results.json"
write: "/media/derick/DeoResearch/experiments/rocksalt3_ZrN_casm/mc_coarse_new_scel/heating/mu_0.9750_0.9750_T_20_2000/conditions.26/conditions.json"


-- Set: Conditions -- 
T: 560
param_chem_pot: [ 0.975000000000 ]


-- Continue with existing DoF -- 

-- Write: DoF -- 
write: "/media/derick/DeoResearch/experiments/rocksalt3_ZrN_casm/mc_coarse_new_scel/heating/mu_0.9750_0.9750_T_20_2000/conditions.27/initial_state.json"

-- Begin: Conditions 27 -- 

-- End: Conditions 27 -- 
run time: 16.681168 (s),  0.016681168 (s/pass),  1.2411584e-05(s/step)

-- Write: DoF -- 
write: "/media/derick/DeoResearch/experiments/rocksalt3_ZrN_casm/mc_coarse_new_scel/heating/mu_0.9750_0.9750_T_20_2000/conditions.27/final_state.json"

-- Write: Output files -- 
write: "/media/derick/DeoResearch/experiments/rocksalt3_ZrN_casm/mc_coarse_new_scel/heating/mu_0.9750_0.9750_T_20_2000/results.json"
write: "/media/derick/DeoResearch/experiments/rocksalt3_ZrN_casm/mc_coarse_new_scel/heating/mu_0.9750_0.9750_T_20_2000/conditions.27/conditions.json"


-- Set: Conditions -- 
T: 580
param_chem_pot: [ 0.975000000000 ]


-- Continue with existing DoF -- 

-- Write: DoF -- 
write: "/media/derick/DeoResearch/experiments/rocksalt3_ZrN_casm/mc_coarse_new_scel/heating/mu_0.9750_0.9750_T_20_2000/conditions.28/initial_state.json"

-- Begin: Conditions 28 -- 

-- End: Conditions 28 -- 
run time: 16.665003 (s),  0.016665003 (s/pass),  1.2399556e-05(s/step)

-- Write: DoF -- 
write: "/media/derick/DeoResearch/experiments/rocksalt3_ZrN_casm/mc_coarse_new_scel/heating/mu_0.9750_0.9750_T_20_2000/conditions.28/final_state.json"

-- Write: Output files -- 
write: "/media/derick/DeoResearch/experiments/rocksalt3_ZrN_casm/mc_coarse_new_scel/heating/mu_0.9750_0.9750_T_20_2000/results.json"
write: "/media/derick/DeoResearch/experiments/rocksalt3_ZrN_casm/mc_coarse_new_scel/heating/mu_0.9750_0.9750_T_20_2000/conditions.28/conditions.json"


-- Set: Conditions -- 
T: 600
param_chem_pot: [ 0.975000000000 ]


-- Continue with existing DoF -- 

-- Write: DoF -- 
write: "/media/derick/DeoResearch/experiments/rocksalt3_ZrN_casm/mc_coarse_new_scel/heating/mu_0.9750_0.9750_T_20_2000/conditions.29/initial_state.json"

-- Begin: Conditions 29 -- 

-- End: Conditions 29 -- 
run time: 16.704363 (s),  0.016704363 (s/pass),  1.2428842e-05(s/step)

-- Write: DoF -- 
write: "/media/derick/DeoResearch/experiments/rocksalt3_ZrN_casm/mc_coarse_new_scel/heating/mu_0.9750_0.9750_T_20_2000/conditions.29/final_state.json"

-- Write: Output files -- 
write: "/media/derick/DeoResearch/experiments/rocksalt3_ZrN_casm/mc_coarse_new_scel/heating/mu_0.9750_0.9750_T_20_2000/results.json"
write: "/media/derick/DeoResearch/experiments/rocksalt3_ZrN_casm/mc_coarse_new_scel/heating/mu_0.9750_0.9750_T_20_2000/conditions.29/conditions.json"


-- Set: Conditions -- 
T: 620
param_chem_pot: [ 0.975000000000 ]


-- Continue with existing DoF -- 

-- Write: DoF -- 
write: "/media/derick/DeoResearch/experiments/rocksalt3_ZrN_casm/mc_coarse_new_scel/heating/mu_0.9750_0.9750_T_20_2000/conditions.30/initial_state.json"

-- Begin: Conditions 30 -- 

-- End: Conditions 30 -- 
run time: 16.651275 (s),  0.016651275 (s/pass),  1.2389342e-05(s/step)

-- Write: DoF -- 
write: "/media/derick/DeoResearch/experiments/rocksalt3_ZrN_casm/mc_coarse_new_scel/heating/mu_0.9750_0.9750_T_20_2000/conditions.30/final_state.json"

-- Write: Output files -- 
write: "/media/derick/DeoResearch/experiments/rocksalt3_ZrN_casm/mc_coarse_new_scel/heating/mu_0.9750_0.9750_T_20_2000/results.json"
write: "/media/derick/DeoResearch/experiments/rocksalt3_ZrN_casm/mc_coarse_new_scel/heating/mu_0.9750_0.9750_T_20_2000/conditions.30/conditions.json"


-- Set: Conditions -- 
T: 640
param_chem_pot: [ 0.975000000000 ]


-- Continue with existing DoF -- 

-- Write: DoF -- 
write: "/media/derick/DeoResearch/experiments/rocksalt3_ZrN_casm/mc_coarse_new_scel/heating/mu_0.9750_0.9750_T_20_2000/conditions.31/initial_state.json"

-- Begin: Conditions 31 -- 

-- End: Conditions 31 -- 
run time: 16.739523 (s),  0.016739523 (s/pass),  1.2455002e-05(s/step)

-- Write: DoF -- 
write: "/media/derick/DeoResearch/experiments/rocksalt3_ZrN_casm/mc_coarse_new_scel/heating/mu_0.9750_0.9750_T_20_2000/conditions.31/final_state.json"

-- Write: Output files -- 
write: "/media/derick/DeoResearch/experiments/rocksalt3_ZrN_casm/mc_coarse_new_scel/heating/mu_0.9750_0.9750_T_20_2000/results.json"
write: "/media/derick/DeoResearch/experiments/rocksalt3_ZrN_casm/mc_coarse_new_scel/heating/mu_0.9750_0.9750_T_20_2000/conditions.31/conditions.json"


-- Set: Conditions -- 
T: 660
param_chem_pot: [ 0.975000000000 ]


-- Continue with existing DoF -- 

-- Write: DoF -- 
write: "/media/derick/DeoResearch/experiments/rocksalt3_ZrN_casm/mc_coarse_new_scel/heating/mu_0.9750_0.9750_T_20_2000/conditions.32/initial_state.json"

-- Begin: Conditions 32 -- 

-- End: Conditions 32 -- 
run time: 16.640857 (s),  0.016640857 (s/pass),  1.238159e-05(s/step)

-- Write: DoF -- 
write: "/media/derick/DeoResearch/experiments/rocksalt3_ZrN_casm/mc_coarse_new_scel/heating/mu_0.9750_0.9750_T_20_2000/conditions.32/final_state.json"

-- Write: Output files -- 
write: "/media/derick/DeoResearch/experiments/rocksalt3_ZrN_casm/mc_coarse_new_scel/heating/mu_0.9750_0.9750_T_20_2000/results.json"
write: "/media/derick/DeoResearch/experiments/rocksalt3_ZrN_casm/mc_coarse_new_scel/heating/mu_0.9750_0.9750_T_20_2000/conditions.32/conditions.json"


-- Set: Conditions -- 
T: 680
param_chem_pot: [ 0.975000000000 ]


-- Continue with existing DoF -- 

-- Write: DoF -- 
write: "/media/derick/DeoResearch/experiments/rocksalt3_ZrN_casm/mc_coarse_new_scel/heating/mu_0.9750_0.9750_T_20_2000/conditions.33/initial_state.json"

-- Begin: Conditions 33 -- 

-- End: Conditions 33 -- 
run time: 16.640523 (s),  0.016640523 (s/pass),  1.2381342e-05(s/step)

-- Write: DoF -- 
write: "/media/derick/DeoResearch/experiments/rocksalt3_ZrN_casm/mc_coarse_new_scel/heating/mu_0.9750_0.9750_T_20_2000/conditions.33/final_state.json"

-- Write: Output files -- 
write: "/media/derick/DeoResearch/experiments/rocksalt3_ZrN_casm/mc_coarse_new_scel/heating/mu_0.9750_0.9750_T_20_2000/results.json"
write: "/media/derick/DeoResearch/experiments/rocksalt3_ZrN_casm/mc_coarse_new_scel/heating/mu_0.9750_0.9750_T_20_2000/conditions.33/conditions.json"


-- Set: Conditions -- 
T: 700
param_chem_pot: [ 0.975000000000 ]


-- Continue with existing DoF -- 

-- Write: DoF -- 
write: "/media/derick/DeoResearch/experiments/rocksalt3_ZrN_casm/mc_coarse_new_scel/heating/mu_0.9750_0.9750_T_20_2000/conditions.34/initial_state.json"

-- Begin: Conditions 34 -- 

-- End: Conditions 34 -- 
run time: 16.672317 (s),  0.016672317 (s/pass),  1.2404998e-05(s/step)

-- Write: DoF -- 
write: "/media/derick/DeoResearch/experiments/rocksalt3_ZrN_casm/mc_coarse_new_scel/heating/mu_0.9750_0.9750_T_20_2000/conditions.34/final_state.json"

-- Write: Output files -- 
write: "/media/derick/DeoResearch/experiments/rocksalt3_ZrN_casm/mc_coarse_new_scel/heating/mu_0.9750_0.9750_T_20_2000/results.json"
write: "/media/derick/DeoResearch/experiments/rocksalt3_ZrN_casm/mc_coarse_new_scel/heating/mu_0.9750_0.9750_T_20_2000/conditions.34/conditions.json"


-- Set: Conditions -- 
T: 720
param_chem_pot: [ 0.975000000000 ]


-- Continue with existing DoF -- 

-- Write: DoF -- 
write: "/media/derick/DeoResearch/experiments/rocksalt3_ZrN_casm/mc_coarse_new_scel/heating/mu_0.9750_0.9750_T_20_2000/conditions.35/initial_state.json"

-- Begin: Conditions 35 -- 

-- End: Conditions 35 -- 
run time: 16.646702 (s),  0.016646702 (s/pass),  1.2385939e-05(s/step)

-- Write: DoF -- 
write: "/media/derick/DeoResearch/experiments/rocksalt3_ZrN_casm/mc_coarse_new_scel/heating/mu_0.9750_0.9750_T_20_2000/conditions.35/final_state.json"

-- Write: Output files -- 
write: "/media/derick/DeoResearch/experiments/rocksalt3_ZrN_casm/mc_coarse_new_scel/heating/mu_0.9750_0.9750_T_20_2000/results.json"
write: "/media/derick/DeoResearch/experiments/rocksalt3_ZrN_casm/mc_coarse_new_scel/heating/mu_0.9750_0.9750_T_20_2000/conditions.35/conditions.json"


-- Set: Conditions -- 
T: 740
param_chem_pot: [ 0.975000000000 ]


-- Continue with existing DoF -- 

-- Write: DoF -- 
write: "/media/derick/DeoResearch/experiments/rocksalt3_ZrN_casm/mc_coarse_new_scel/heating/mu_0.9750_0.9750_T_20_2000/conditions.36/initial_state.json"

-- Begin: Conditions 36 -- 

-- End: Conditions 36 -- 
run time: 16.611963 (s),  0.016611963 (s/pass),  1.2360091e-05(s/step)

-- Write: DoF -- 
write: "/media/derick/DeoResearch/experiments/rocksalt3_ZrN_casm/mc_coarse_new_scel/heating/mu_0.9750_0.9750_T_20_2000/conditions.36/final_state.json"

-- Write: Output files -- 
write: "/media/derick/DeoResearch/experiments/rocksalt3_ZrN_casm/mc_coarse_new_scel/heating/mu_0.9750_0.9750_T_20_2000/results.json"
write: "/media/derick/DeoResearch/experiments/rocksalt3_ZrN_casm/mc_coarse_new_scel/heating/mu_0.9750_0.9750_T_20_2000/conditions.36/conditions.json"


-- Set: Conditions -- 
T: 760
param_chem_pot: [ 0.975000000000 ]


-- Continue with existing DoF -- 

-- Write: DoF -- 
write: "/media/derick/DeoResearch/experiments/rocksalt3_ZrN_casm/mc_coarse_new_scel/heating/mu_0.9750_0.9750_T_20_2000/conditions.37/initial_state.json"

-- Begin: Conditions 37 -- 

-- End: Conditions 37 -- 
run time: 16.660642 (s),  0.016660642 (s/pass),  1.2396311e-05(s/step)

-- Write: DoF -- 
write: "/media/derick/DeoResearch/experiments/rocksalt3_ZrN_casm/mc_coarse_new_scel/heating/mu_0.9750_0.9750_T_20_2000/conditions.37/final_state.json"

-- Write: Output files -- 
write: "/media/derick/DeoResearch/experiments/rocksalt3_ZrN_casm/mc_coarse_new_scel/heating/mu_0.9750_0.9750_T_20_2000/results.json"
write: "/media/derick/DeoResearch/experiments/rocksalt3_ZrN_casm/mc_coarse_new_scel/heating/mu_0.9750_0.9750_T_20_2000/conditions.37/conditions.json"


-- Set: Conditions -- 
T: 780
param_chem_pot: [ 0.975000000000 ]


-- Continue with existing DoF -- 

-- Write: DoF -- 
write: "/media/derick/DeoResearch/experiments/rocksalt3_ZrN_casm/mc_coarse_new_scel/heating/mu_0.9750_0.9750_T_20_2000/conditions.38/initial_state.json"

-- Begin: Conditions 38 -- 

-- End: Conditions 38 -- 
run time: 16.587111 (s),  0.016587111 (s/pass),  1.23416e-05(s/step)

-- Write: DoF -- 
write: "/media/derick/DeoResearch/experiments/rocksalt3_ZrN_casm/mc_coarse_new_scel/heating/mu_0.9750_0.9750_T_20_2000/conditions.38/final_state.json"

-- Write: Output files -- 
write: "/media/derick/DeoResearch/experiments/rocksalt3_ZrN_casm/mc_coarse_new_scel/heating/mu_0.9750_0.9750_T_20_2000/results.json"
write: "/media/derick/DeoResearch/experiments/rocksalt3_ZrN_casm/mc_coarse_new_scel/heating/mu_0.9750_0.9750_T_20_2000/conditions.38/conditions.json"


-- Set: Conditions -- 
T: 800
param_chem_pot: [ 0.975000000000 ]


-- Continue with existing DoF -- 

-- Write: DoF -- 
write: "/media/derick/DeoResearch/experiments/rocksalt3_ZrN_casm/mc_coarse_new_scel/heating/mu_0.9750_0.9750_T_20_2000/conditions.39/initial_state.json"

-- Begin: Conditions 39 -- 

-- End: Conditions 39 -- 
run time: 16.634562 (s),  0.016634562 (s/pass),  1.2376907e-05(s/step)

-- Write: DoF -- 
write: "/media/derick/DeoResearch/experiments/rocksalt3_ZrN_casm/mc_coarse_new_scel/heating/mu_0.9750_0.9750_T_20_2000/conditions.39/final_state.json"

-- Write: Output files -- 
write: "/media/derick/DeoResearch/experiments/rocksalt3_ZrN_casm/mc_coarse_new_scel/heating/mu_0.9750_0.9750_T_20_2000/results.json"
write: "/media/derick/DeoResearch/experiments/rocksalt3_ZrN_casm/mc_coarse_new_scel/heating/mu_0.9750_0.9750_T_20_2000/conditions.39/conditions.json"


-- Set: Conditions -- 
T: 820
param_chem_pot: [ 0.975000000000 ]


-- Continue with existing DoF -- 

-- Write: DoF -- 
write: "/media/derick/DeoResearch/experiments/rocksalt3_ZrN_casm/mc_coarse_new_scel/heating/mu_0.9750_0.9750_T_20_2000/conditions.40/initial_state.json"

-- Begin: Conditions 40 -- 

-- End: Conditions 40 -- 
run time: 16.613555 (s),  0.016613555 (s/pass),  1.2361276e-05(s/step)

-- Write: DoF -- 
write: "/media/derick/DeoResearch/experiments/rocksalt3_ZrN_casm/mc_coarse_new_scel/heating/mu_0.9750_0.9750_T_20_2000/conditions.40/final_state.json"

-- Write: Output files -- 
write: "/media/derick/DeoResearch/experiments/rocksalt3_ZrN_casm/mc_coarse_new_scel/heating/mu_0.9750_0.9750_T_20_2000/results.json"
write: "/media/derick/DeoResearch/experiments/rocksalt3_ZrN_casm/mc_coarse_new_scel/heating/mu_0.9750_0.9750_T_20_2000/conditions.40/conditions.json"


-- Set: Conditions -- 
T: 840
param_chem_pot: [ 0.975000000000 ]


-- Continue with existing DoF -- 

-- Write: DoF -- 
write: "/media/derick/DeoResearch/experiments/rocksalt3_ZrN_casm/mc_coarse_new_scel/heating/mu_0.9750_0.9750_T_20_2000/conditions.41/initial_state.json"

-- Begin: Conditions 41 -- 

-- End: Conditions 41 -- 
run time: 16.628538 (s),  0.016628538 (s/pass),  1.2372424e-05(s/step)

-- Write: DoF -- 
write: "/media/derick/DeoResearch/experiments/rocksalt3_ZrN_casm/mc_coarse_new_scel/heating/mu_0.9750_0.9750_T_20_2000/conditions.41/final_state.json"

-- Write: Output files -- 
write: "/media/derick/DeoResearch/experiments/rocksalt3_ZrN_casm/mc_coarse_new_scel/heating/mu_0.9750_0.9750_T_20_2000/results.json"
write: "/media/derick/DeoResearch/experiments/rocksalt3_ZrN_casm/mc_coarse_new_scel/heating/mu_0.9750_0.9750_T_20_2000/conditions.41/conditions.json"


-- Set: Conditions -- 
T: 860
param_chem_pot: [ 0.975000000000 ]


-- Continue with existing DoF -- 

-- Write: DoF -- 
write: "/media/derick/DeoResearch/experiments/rocksalt3_ZrN_casm/mc_coarse_new_scel/heating/mu_0.9750_0.9750_T_20_2000/conditions.42/initial_state.json"

-- Begin: Conditions 42 -- 

-- End: Conditions 42 -- 
run time: 16.616093 (s),  0.016616093 (s/pass),  1.2363164e-05(s/step)

-- Write: DoF -- 
write: "/media/derick/DeoResearch/experiments/rocksalt3_ZrN_casm/mc_coarse_new_scel/heating/mu_0.9750_0.9750_T_20_2000/conditions.42/final_state.json"

-- Write: Output files -- 
write: "/media/derick/DeoResearch/experiments/rocksalt3_ZrN_casm/mc_coarse_new_scel/heating/mu_0.9750_0.9750_T_20_2000/results.json"
write: "/media/derick/DeoResearch/experiments/rocksalt3_ZrN_casm/mc_coarse_new_scel/heating/mu_0.9750_0.9750_T_20_2000/conditions.42/conditions.json"


-- Set: Conditions -- 
T: 880
param_chem_pot: [ 0.975000000000 ]


-- Continue with existing DoF -- 

-- Write: DoF -- 
write: "/media/derick/DeoResearch/experiments/rocksalt3_ZrN_casm/mc_coarse_new_scel/heating/mu_0.9750_0.9750_T_20_2000/conditions.43/initial_state.json"

-- Begin: Conditions 43 -- 

-- End: Conditions 43 -- 
run time: 16.608427 (s),  0.016608427 (s/pass),  1.2357461e-05(s/step)

-- Write: DoF -- 
write: "/media/derick/DeoResearch/experiments/rocksalt3_ZrN_casm/mc_coarse_new_scel/heating/mu_0.9750_0.9750_T_20_2000/conditions.43/final_state.json"

-- Write: Output files -- 
write: "/media/derick/DeoResearch/experiments/rocksalt3_ZrN_casm/mc_coarse_new_scel/heating/mu_0.9750_0.9750_T_20_2000/results.json"
write: "/media/derick/DeoResearch/experiments/rocksalt3_ZrN_casm/mc_coarse_new_scel/heating/mu_0.9750_0.9750_T_20_2000/conditions.43/conditions.json"


-- Set: Conditions -- 
T: 900
param_chem_pot: [ 0.975000000000 ]


-- Continue with existing DoF -- 

-- Write: DoF -- 
write: "/media/derick/DeoResearch/experiments/rocksalt3_ZrN_casm/mc_coarse_new_scel/heating/mu_0.9750_0.9750_T_20_2000/conditions.44/initial_state.json"

-- Begin: Conditions 44 -- 

-- End: Conditions 44 -- 
run time: 16.595673 (s),  0.016595673 (s/pass),  1.2347971e-05(s/step)

-- Write: DoF -- 
write: "/media/derick/DeoResearch/experiments/rocksalt3_ZrN_casm/mc_coarse_new_scel/heating/mu_0.9750_0.9750_T_20_2000/conditions.44/final_state.json"

-- Write: Output files -- 
write: "/media/derick/DeoResearch/experiments/rocksalt3_ZrN_casm/mc_coarse_new_scel/heating/mu_0.9750_0.9750_T_20_2000/results.json"
write: "/media/derick/DeoResearch/experiments/rocksalt3_ZrN_casm/mc_coarse_new_scel/heating/mu_0.9750_0.9750_T_20_2000/conditions.44/conditions.json"


-- Set: Conditions -- 
T: 920
param_chem_pot: [ 0.975000000000 ]


-- Continue with existing DoF -- 

-- Write: DoF -- 
write: "/media/derick/DeoResearch/experiments/rocksalt3_ZrN_casm/mc_coarse_new_scel/heating/mu_0.9750_0.9750_T_20_2000/conditions.45/initial_state.json"

-- Begin: Conditions 45 -- 

-- End: Conditions 45 -- 
run time: 16.59865 (s),  0.01659865 (s/pass),  1.2350186e-05(s/step)

-- Write: DoF -- 
write: "/media/derick/DeoResearch/experiments/rocksalt3_ZrN_casm/mc_coarse_new_scel/heating/mu_0.9750_0.9750_T_20_2000/conditions.45/final_state.json"

-- Write: Output files -- 
write: "/media/derick/DeoResearch/experiments/rocksalt3_ZrN_casm/mc_coarse_new_scel/heating/mu_0.9750_0.9750_T_20_2000/results.json"
write: "/media/derick/DeoResearch/experiments/rocksalt3_ZrN_casm/mc_coarse_new_scel/heating/mu_0.9750_0.9750_T_20_2000/conditions.45/conditions.json"


-- Set: Conditions -- 
T: 940
param_chem_pot: [ 0.975000000000 ]


-- Continue with existing DoF -- 

-- Write: DoF -- 
write: "/media/derick/DeoResearch/experiments/rocksalt3_ZrN_casm/mc_coarse_new_scel/heating/mu_0.9750_0.9750_T_20_2000/conditions.46/initial_state.json"

-- Begin: Conditions 46 -- 

-- End: Conditions 46 -- 
run time: 16.586652 (s),  0.016586652 (s/pass),  1.2341259e-05(s/step)

-- Write: DoF -- 
write: "/media/derick/DeoResearch/experiments/rocksalt3_ZrN_casm/mc_coarse_new_scel/heating/mu_0.9750_0.9750_T_20_2000/conditions.46/final_state.json"

-- Write: Output files -- 
write: "/media/derick/DeoResearch/experiments/rocksalt3_ZrN_casm/mc_coarse_new_scel/heating/mu_0.9750_0.9750_T_20_2000/results.json"
write: "/media/derick/DeoResearch/experiments/rocksalt3_ZrN_casm/mc_coarse_new_scel/heating/mu_0.9750_0.9750_T_20_2000/conditions.46/conditions.json"


-- Set: Conditions -- 
T: 960
param_chem_pot: [ 0.975000000000 ]


-- Continue with existing DoF -- 

-- Write: DoF -- 
write: "/media/derick/DeoResearch/experiments/rocksalt3_ZrN_casm/mc_coarse_new_scel/heating/mu_0.9750_0.9750_T_20_2000/conditions.47/initial_state.json"

-- Begin: Conditions 47 -- 

-- End: Conditions 47 -- 
run time: 16.692577 (s),  0.016692577 (s/pass),  1.2420072e-05(s/step)

-- Write: DoF -- 
write: "/media/derick/DeoResearch/experiments/rocksalt3_ZrN_casm/mc_coarse_new_scel/heating/mu_0.9750_0.9750_T_20_2000/conditions.47/final_state.json"

-- Write: Output files -- 
write: "/media/derick/DeoResearch/experiments/rocksalt3_ZrN_casm/mc_coarse_new_scel/heating/mu_0.9750_0.9750_T_20_2000/results.json"
write: "/media/derick/DeoResearch/experiments/rocksalt3_ZrN_casm/mc_coarse_new_scel/heating/mu_0.9750_0.9750_T_20_2000/conditions.47/conditions.json"


-- Set: Conditions -- 
T: 980
param_chem_pot: [ 0.975000000000 ]


-- Continue with existing DoF -- 

-- Write: DoF -- 
write: "/media/derick/DeoResearch/experiments/rocksalt3_ZrN_casm/mc_coarse_new_scel/heating/mu_0.9750_0.9750_T_20_2000/conditions.48/initial_state.json"

-- Begin: Conditions 48 -- 

-- End: Conditions 48 -- 
run time: 16.677505 (s),  0.016677505 (s/pass),  1.2408858e-05(s/step)

-- Write: DoF -- 
write: "/media/derick/DeoResearch/experiments/rocksalt3_ZrN_casm/mc_coarse_new_scel/heating/mu_0.9750_0.9750_T_20_2000/conditions.48/final_state.json"

-- Write: Output files -- 
write: "/media/derick/DeoResearch/experiments/rocksalt3_ZrN_casm/mc_coarse_new_scel/heating/mu_0.9750_0.9750_T_20_2000/results.json"
write: "/media/derick/DeoResearch/experiments/rocksalt3_ZrN_casm/mc_coarse_new_scel/heating/mu_0.9750_0.9750_T_20_2000/conditions.48/conditions.json"


-- Set: Conditions -- 
T: 1000
param_chem_pot: [ 0.975000000000 ]


-- Continue with existing DoF -- 

-- Write: DoF -- 
write: "/media/derick/DeoResearch/experiments/rocksalt3_ZrN_casm/mc_coarse_new_scel/heating/mu_0.9750_0.9750_T_20_2000/conditions.49/initial_state.json"

-- Begin: Conditions 49 -- 

-- End: Conditions 49 -- 
run time: 16.728107 (s),  0.016728107 (s/pass),  1.2446508e-05(s/step)

-- Write: DoF -- 
write: "/media/derick/DeoResearch/experiments/rocksalt3_ZrN_casm/mc_coarse_new_scel/heating/mu_0.9750_0.9750_T_20_2000/conditions.49/final_state.json"

-- Write: Output files -- 
write: "/media/derick/DeoResearch/experiments/rocksalt3_ZrN_casm/mc_coarse_new_scel/heating/mu_0.9750_0.9750_T_20_2000/results.json"
write: "/media/derick/DeoResearch/experiments/rocksalt3_ZrN_casm/mc_coarse_new_scel/heating/mu_0.9750_0.9750_T_20_2000/conditions.49/conditions.json"


-- Set: Conditions -- 
T: 1020
param_chem_pot: [ 0.975000000000 ]


-- Continue with existing DoF -- 

-- Write: DoF -- 
write: "/media/derick/DeoResearch/experiments/rocksalt3_ZrN_casm/mc_coarse_new_scel/heating/mu_0.9750_0.9750_T_20_2000/conditions.50/initial_state.json"

-- Begin: Conditions 50 -- 

-- End: Conditions 50 -- 
run time: 16.712503 (s),  0.016712503 (s/pass),  1.2434898e-05(s/step)

-- Write: DoF -- 
write: "/media/derick/DeoResearch/experiments/rocksalt3_ZrN_casm/mc_coarse_new_scel/heating/mu_0.9750_0.9750_T_20_2000/conditions.50/final_state.json"

-- Write: Output files -- 
write: "/media/derick/DeoResearch/experiments/rocksalt3_ZrN_casm/mc_coarse_new_scel/heating/mu_0.9750_0.9750_T_20_2000/results.json"
write: "/media/derick/DeoResearch/experiments/rocksalt3_ZrN_casm/mc_coarse_new_scel/heating/mu_0.9750_0.9750_T_20_2000/conditions.50/conditions.json"


-- Set: Conditions -- 
T: 1040
param_chem_pot: [ 0.975000000000 ]


-- Continue with existing DoF -- 

-- Write: DoF -- 
write: "/media/derick/DeoResearch/experiments/rocksalt3_ZrN_casm/mc_coarse_new_scel/heating/mu_0.9750_0.9750_T_20_2000/conditions.51/initial_state.json"

-- Begin: Conditions 51 -- 

-- End: Conditions 51 -- 
run time: 16.664863 (s),  0.016664863 (s/pass),  1.2399452e-05(s/step)

-- Write: DoF -- 
write: "/media/derick/DeoResearch/experiments/rocksalt3_ZrN_casm/mc_coarse_new_scel/heating/mu_0.9750_0.9750_T_20_2000/conditions.51/final_state.json"

-- Write: Output files -- 
write: "/media/derick/DeoResearch/experiments/rocksalt3_ZrN_casm/mc_coarse_new_scel/heating/mu_0.9750_0.9750_T_20_2000/results.json"
write: "/media/derick/DeoResearch/experiments/rocksalt3_ZrN_casm/mc_coarse_new_scel/heating/mu_0.9750_0.9750_T_20_2000/conditions.51/conditions.json"


-- Set: Conditions -- 
T: 1060
param_chem_pot: [ 0.975000000000 ]


-- Continue with existing DoF -- 

-- Write: DoF -- 
write: "/media/derick/DeoResearch/experiments/rocksalt3_ZrN_casm/mc_coarse_new_scel/heating/mu_0.9750_0.9750_T_20_2000/conditions.52/initial_state.json"

-- Begin: Conditions 52 -- 

-- End: Conditions 52 -- 
run time: 16.592521 (s),  0.016592521 (s/pass),  1.2345625e-05(s/step)

-- Write: DoF -- 
write: "/media/derick/DeoResearch/experiments/rocksalt3_ZrN_casm/mc_coarse_new_scel/heating/mu_0.9750_0.9750_T_20_2000/conditions.52/final_state.json"

-- Write: Output files -- 
write: "/media/derick/DeoResearch/experiments/rocksalt3_ZrN_casm/mc_coarse_new_scel/heating/mu_0.9750_0.9750_T_20_2000/results.json"
write: "/media/derick/DeoResearch/experiments/rocksalt3_ZrN_casm/mc_coarse_new_scel/heating/mu_0.9750_0.9750_T_20_2000/conditions.52/conditions.json"


-- Set: Conditions -- 
T: 1080
param_chem_pot: [ 0.975000000000 ]


-- Continue with existing DoF -- 

-- Write: DoF -- 
write: "/media/derick/DeoResearch/experiments/rocksalt3_ZrN_casm/mc_coarse_new_scel/heating/mu_0.9750_0.9750_T_20_2000/conditions.53/initial_state.json"

-- Begin: Conditions 53 -- 

-- End: Conditions 53 -- 
run time: 16.711856 (s),  0.016711856 (s/pass),  1.2434417e-05(s/step)

-- Write: DoF -- 
write: "/media/derick/DeoResearch/experiments/rocksalt3_ZrN_casm/mc_coarse_new_scel/heating/mu_0.9750_0.9750_T_20_2000/conditions.53/final_state.json"

-- Write: Output files -- 
write: "/media/derick/DeoResearch/experiments/rocksalt3_ZrN_casm/mc_coarse_new_scel/heating/mu_0.9750_0.9750_T_20_2000/results.json"
write: "/media/derick/DeoResearch/experiments/rocksalt3_ZrN_casm/mc_coarse_new_scel/heating/mu_0.9750_0.9750_T_20_2000/conditions.53/conditions.json"


-- Set: Conditions -- 
T: 1100
param_chem_pot: [ 0.975000000000 ]


-- Continue with existing DoF -- 

-- Write: DoF -- 
write: "/media/derick/DeoResearch/experiments/rocksalt3_ZrN_casm/mc_coarse_new_scel/heating/mu_0.9750_0.9750_T_20_2000/conditions.54/initial_state.json"

-- Begin: Conditions 54 -- 

-- End: Conditions 54 -- 
run time: 16.67783 (s),  0.01667783 (s/pass),  1.24091e-05(s/step)

-- Write: DoF -- 
write: "/media/derick/DeoResearch/experiments/rocksalt3_ZrN_casm/mc_coarse_new_scel/heating/mu_0.9750_0.9750_T_20_2000/conditions.54/final_state.json"

-- Write: Output files -- 
write: "/media/derick/DeoResearch/experiments/rocksalt3_ZrN_casm/mc_coarse_new_scel/heating/mu_0.9750_0.9750_T_20_2000/results.json"
write: "/media/derick/DeoResearch/experiments/rocksalt3_ZrN_casm/mc_coarse_new_scel/heating/mu_0.9750_0.9750_T_20_2000/conditions.54/conditions.json"


-- Set: Conditions -- 
T: 1120
param_chem_pot: [ 0.975000000000 ]


-- Continue with existing DoF -- 

-- Write: DoF -- 
write: "/media/derick/DeoResearch/experiments/rocksalt3_ZrN_casm/mc_coarse_new_scel/heating/mu_0.9750_0.9750_T_20_2000/conditions.55/initial_state.json"

-- Begin: Conditions 55 -- 

-- End: Conditions 55 -- 
run time: 16.630849 (s),  0.016630849 (s/pass),  1.2374144e-05(s/step)

-- Write: DoF -- 
write: "/media/derick/DeoResearch/experiments/rocksalt3_ZrN_casm/mc_coarse_new_scel/heating/mu_0.9750_0.9750_T_20_2000/conditions.55/final_state.json"

-- Write: Output files -- 
write: "/media/derick/DeoResearch/experiments/rocksalt3_ZrN_casm/mc_coarse_new_scel/heating/mu_0.9750_0.9750_T_20_2000/results.json"
write: "/media/derick/DeoResearch/experiments/rocksalt3_ZrN_casm/mc_coarse_new_scel/heating/mu_0.9750_0.9750_T_20_2000/conditions.55/conditions.json"


-- Set: Conditions -- 
T: 1140
param_chem_pot: [ 0.975000000000 ]


-- Continue with existing DoF -- 

-- Write: DoF -- 
write: "/media/derick/DeoResearch/experiments/rocksalt3_ZrN_casm/mc_coarse_new_scel/heating/mu_0.9750_0.9750_T_20_2000/conditions.56/initial_state.json"

-- Begin: Conditions 56 -- 

-- End: Conditions 56 -- 
run time: 16.700796 (s),  0.016700796 (s/pass),  1.2426188e-05(s/step)

-- Write: DoF -- 
write: "/media/derick/DeoResearch/experiments/rocksalt3_ZrN_casm/mc_coarse_new_scel/heating/mu_0.9750_0.9750_T_20_2000/conditions.56/final_state.json"

-- Write: Output files -- 
write: "/media/derick/DeoResearch/experiments/rocksalt3_ZrN_casm/mc_coarse_new_scel/heating/mu_0.9750_0.9750_T_20_2000/results.json"
write: "/media/derick/DeoResearch/experiments/rocksalt3_ZrN_casm/mc_coarse_new_scel/heating/mu_0.9750_0.9750_T_20_2000/conditions.56/conditions.json"


-- Set: Conditions -- 
T: 1160
param_chem_pot: [ 0.975000000000 ]


-- Continue with existing DoF -- 

-- Write: DoF -- 
write: "/media/derick/DeoResearch/experiments/rocksalt3_ZrN_casm/mc_coarse_new_scel/heating/mu_0.9750_0.9750_T_20_2000/conditions.57/initial_state.json"

-- Begin: Conditions 57 -- 

-- End: Conditions 57 -- 
run time: 16.645359 (s),  0.016645359 (s/pass),  1.238494e-05(s/step)

-- Write: DoF -- 
write: "/media/derick/DeoResearch/experiments/rocksalt3_ZrN_casm/mc_coarse_new_scel/heating/mu_0.9750_0.9750_T_20_2000/conditions.57/final_state.json"

-- Write: Output files -- 
write: "/media/derick/DeoResearch/experiments/rocksalt3_ZrN_casm/mc_coarse_new_scel/heating/mu_0.9750_0.9750_T_20_2000/results.json"
write: "/media/derick/DeoResearch/experiments/rocksalt3_ZrN_casm/mc_coarse_new_scel/heating/mu_0.9750_0.9750_T_20_2000/conditions.57/conditions.json"


-- Set: Conditions -- 
T: 1180
param_chem_pot: [ 0.975000000000 ]


-- Continue with existing DoF -- 

-- Write: DoF -- 
write: "/media/derick/DeoResearch/experiments/rocksalt3_ZrN_casm/mc_coarse_new_scel/heating/mu_0.9750_0.9750_T_20_2000/conditions.58/initial_state.json"

-- Begin: Conditions 58 -- 

-- End: Conditions 58 -- 
run time: 16.609521 (s),  0.016609521 (s/pass),  1.2358275e-05(s/step)

-- Write: DoF -- 
write: "/media/derick/DeoResearch/experiments/rocksalt3_ZrN_casm/mc_coarse_new_scel/heating/mu_0.9750_0.9750_T_20_2000/conditions.58/final_state.json"

-- Write: Output files -- 
write: "/media/derick/DeoResearch/experiments/rocksalt3_ZrN_casm/mc_coarse_new_scel/heating/mu_0.9750_0.9750_T_20_2000/results.json"
write: "/media/derick/DeoResearch/experiments/rocksalt3_ZrN_casm/mc_coarse_new_scel/heating/mu_0.9750_0.9750_T_20_2000/conditions.58/conditions.json"


-- Set: Conditions -- 
T: 1200
param_chem_pot: [ 0.975000000000 ]


-- Continue with existing DoF -- 

-- Write: DoF -- 
write: "/media/derick/DeoResearch/experiments/rocksalt3_ZrN_casm/mc_coarse_new_scel/heating/mu_0.9750_0.9750_T_20_2000/conditions.59/initial_state.json"

-- Begin: Conditions 59 -- 

-- End: Conditions 59 -- 
run time: 16.704647 (s),  0.016704647 (s/pass),  1.2429053e-05(s/step)

-- Write: DoF -- 
write: "/media/derick/DeoResearch/experiments/rocksalt3_ZrN_casm/mc_coarse_new_scel/heating/mu_0.9750_0.9750_T_20_2000/conditions.59/final_state.json"

-- Write: Output files -- 
write: "/media/derick/DeoResearch/experiments/rocksalt3_ZrN_casm/mc_coarse_new_scel/heating/mu_0.9750_0.9750_T_20_2000/results.json"
write: "/media/derick/DeoResearch/experiments/rocksalt3_ZrN_casm/mc_coarse_new_scel/heating/mu_0.9750_0.9750_T_20_2000/conditions.59/conditions.json"


-- Set: Conditions -- 
T: 1220
param_chem_pot: [ 0.975000000000 ]


-- Continue with existing DoF -- 

-- Write: DoF -- 
write: "/media/derick/DeoResearch/experiments/rocksalt3_ZrN_casm/mc_coarse_new_scel/heating/mu_0.9750_0.9750_T_20_2000/conditions.60/initial_state.json"

-- Begin: Conditions 60 -- 

-- End: Conditions 60 -- 
run time: 16.629692 (s),  0.016629692 (s/pass),  1.2373283e-05(s/step)

-- Write: DoF -- 
write: "/media/derick/DeoResearch/experiments/rocksalt3_ZrN_casm/mc_coarse_new_scel/heating/mu_0.9750_0.9750_T_20_2000/conditions.60/final_state.json"

-- Write: Output files -- 
write: "/media/derick/DeoResearch/experiments/rocksalt3_ZrN_casm/mc_coarse_new_scel/heating/mu_0.9750_0.9750_T_20_2000/results.json"
write: "/media/derick/DeoResearch/experiments/rocksalt3_ZrN_casm/mc_coarse_new_scel/heating/mu_0.9750_0.9750_T_20_2000/conditions.60/conditions.json"


-- Set: Conditions -- 
T: 1240
param_chem_pot: [ 0.975000000000 ]


-- Continue with existing DoF -- 

-- Write: DoF -- 
write: "/media/derick/DeoResearch/experiments/rocksalt3_ZrN_casm/mc_coarse_new_scel/heating/mu_0.9750_0.9750_T_20_2000/conditions.61/initial_state.json"

-- Begin: Conditions 61 -- 

-- End: Conditions 61 -- 
run time: 16.740948 (s),  0.016740948 (s/pass),  1.2456063e-05(s/step)

-- Write: DoF -- 
write: "/media/derick/DeoResearch/experiments/rocksalt3_ZrN_casm/mc_coarse_new_scel/heating/mu_0.9750_0.9750_T_20_2000/conditions.61/final_state.json"

-- Write: Output files -- 
write: "/media/derick/DeoResearch/experiments/rocksalt3_ZrN_casm/mc_coarse_new_scel/heating/mu_0.9750_0.9750_T_20_2000/results.json"
write: "/media/derick/DeoResearch/experiments/rocksalt3_ZrN_casm/mc_coarse_new_scel/heating/mu_0.9750_0.9750_T_20_2000/conditions.61/conditions.json"


-- Set: Conditions -- 
T: 1260
param_chem_pot: [ 0.975000000000 ]


-- Continue with existing DoF -- 

-- Write: DoF -- 
write: "/media/derick/DeoResearch/experiments/rocksalt3_ZrN_casm/mc_coarse_new_scel/heating/mu_0.9750_0.9750_T_20_2000/conditions.62/initial_state.json"

-- Begin: Conditions 62 -- 

-- End: Conditions 62 -- 
run time: 16.643685 (s),  0.016643685 (s/pass),  1.2383694e-05(s/step)

-- Write: DoF -- 
write: "/media/derick/DeoResearch/experiments/rocksalt3_ZrN_casm/mc_coarse_new_scel/heating/mu_0.9750_0.9750_T_20_2000/conditions.62/final_state.json"

-- Write: Output files -- 
write: "/media/derick/DeoResearch/experiments/rocksalt3_ZrN_casm/mc_coarse_new_scel/heating/mu_0.9750_0.9750_T_20_2000/results.json"
write: "/media/derick/DeoResearch/experiments/rocksalt3_ZrN_casm/mc_coarse_new_scel/heating/mu_0.9750_0.9750_T_20_2000/conditions.62/conditions.json"


-- Set: Conditions -- 
T: 1280
param_chem_pot: [ 0.975000000000 ]


-- Continue with existing DoF -- 

-- Write: DoF -- 
write: "/media/derick/DeoResearch/experiments/rocksalt3_ZrN_casm/mc_coarse_new_scel/heating/mu_0.9750_0.9750_T_20_2000/conditions.63/initial_state.json"

-- Begin: Conditions 63 -- 

-- End: Conditions 63 -- 
run time: 16.803392 (s),  0.016803392 (s/pass),  1.2502524e-05(s/step)

-- Write: DoF -- 
write: "/media/derick/DeoResearch/experiments/rocksalt3_ZrN_casm/mc_coarse_new_scel/heating/mu_0.9750_0.9750_T_20_2000/conditions.63/final_state.json"

-- Write: Output files -- 
write: "/media/derick/DeoResearch/experiments/rocksalt3_ZrN_casm/mc_coarse_new_scel/heating/mu_0.9750_0.9750_T_20_2000/results.json"
write: "/media/derick/DeoResearch/experiments/rocksalt3_ZrN_casm/mc_coarse_new_scel/heating/mu_0.9750_0.9750_T_20_2000/conditions.63/conditions.json"


-- Set: Conditions -- 
T: 1300
param_chem_pot: [ 0.975000000000 ]


-- Continue with existing DoF -- 

-- Write: DoF -- 
write: "/media/derick/DeoResearch/experiments/rocksalt3_ZrN_casm/mc_coarse_new_scel/heating/mu_0.9750_0.9750_T_20_2000/conditions.64/initial_state.json"

-- Begin: Conditions 64 -- 

-- End: Conditions 64 -- 
run time: 16.712673 (s),  0.016712673 (s/pass),  1.2435025e-05(s/step)

-- Write: DoF -- 
write: "/media/derick/DeoResearch/experiments/rocksalt3_ZrN_casm/mc_coarse_new_scel/heating/mu_0.9750_0.9750_T_20_2000/conditions.64/final_state.json"

-- Write: Output files -- 
write: "/media/derick/DeoResearch/experiments/rocksalt3_ZrN_casm/mc_coarse_new_scel/heating/mu_0.9750_0.9750_T_20_2000/results.json"
write: "/media/derick/DeoResearch/experiments/rocksalt3_ZrN_casm/mc_coarse_new_scel/heating/mu_0.9750_0.9750_T_20_2000/conditions.64/conditions.json"


-- Set: Conditions -- 
T: 1320
param_chem_pot: [ 0.975000000000 ]


-- Continue with existing DoF -- 

-- Write: DoF -- 
write: "/media/derick/DeoResearch/experiments/rocksalt3_ZrN_casm/mc_coarse_new_scel/heating/mu_0.9750_0.9750_T_20_2000/conditions.65/initial_state.json"

-- Begin: Conditions 65 -- 

-- End: Conditions 65 -- 
run time: 16.659408 (s),  0.016659408 (s/pass),  1.2395393e-05(s/step)

-- Write: DoF -- 
write: "/media/derick/DeoResearch/experiments/rocksalt3_ZrN_casm/mc_coarse_new_scel/heating/mu_0.9750_0.9750_T_20_2000/conditions.65/final_state.json"

-- Write: Output files -- 
write: "/media/derick/DeoResearch/experiments/rocksalt3_ZrN_casm/mc_coarse_new_scel/heating/mu_0.9750_0.9750_T_20_2000/results.json"
write: "/media/derick/DeoResearch/experiments/rocksalt3_ZrN_casm/mc_coarse_new_scel/heating/mu_0.9750_0.9750_T_20_2000/conditions.65/conditions.json"


-- Set: Conditions -- 
T: 1340
param_chem_pot: [ 0.975000000000 ]


-- Continue with existing DoF -- 

-- Write: DoF -- 
write: "/media/derick/DeoResearch/experiments/rocksalt3_ZrN_casm/mc_coarse_new_scel/heating/mu_0.9750_0.9750_T_20_2000/conditions.66/initial_state.json"

-- Begin: Conditions 66 -- 

-- End: Conditions 66 -- 
run time: 16.649727 (s),  0.016649727 (s/pass),  1.238819e-05(s/step)

-- Write: DoF -- 
write: "/media/derick/DeoResearch/experiments/rocksalt3_ZrN_casm/mc_coarse_new_scel/heating/mu_0.9750_0.9750_T_20_2000/conditions.66/final_state.json"

-- Write: Output files -- 
write: "/media/derick/DeoResearch/experiments/rocksalt3_ZrN_casm/mc_coarse_new_scel/heating/mu_0.9750_0.9750_T_20_2000/results.json"
write: "/media/derick/DeoResearch/experiments/rocksalt3_ZrN_casm/mc_coarse_new_scel/heating/mu_0.9750_0.9750_T_20_2000/conditions.66/conditions.json"


-- Set: Conditions -- 
T: 1360
param_chem_pot: [ 0.975000000000 ]


-- Continue with existing DoF -- 

-- Write: DoF -- 
write: "/media/derick/DeoResearch/experiments/rocksalt3_ZrN_casm/mc_coarse_new_scel/heating/mu_0.9750_0.9750_T_20_2000/conditions.67/initial_state.json"

-- Begin: Conditions 67 -- 

-- End: Conditions 67 -- 
run time: 16.630941 (s),  0.016630941 (s/pass),  1.2374212e-05(s/step)

-- Write: DoF -- 
write: "/media/derick/DeoResearch/experiments/rocksalt3_ZrN_casm/mc_coarse_new_scel/heating/mu_0.9750_0.9750_T_20_2000/conditions.67/final_state.json"

-- Write: Output files -- 
write: "/media/derick/DeoResearch/experiments/rocksalt3_ZrN_casm/mc_coarse_new_scel/heating/mu_0.9750_0.9750_T_20_2000/results.json"
write: "/media/derick/DeoResearch/experiments/rocksalt3_ZrN_casm/mc_coarse_new_scel/heating/mu_0.9750_0.9750_T_20_2000/conditions.67/conditions.json"


-- Set: Conditions -- 
T: 1380
param_chem_pot: [ 0.975000000000 ]


-- Continue with existing DoF -- 

-- Write: DoF -- 
write: "/media/derick/DeoResearch/experiments/rocksalt3_ZrN_casm/mc_coarse_new_scel/heating/mu_0.9750_0.9750_T_20_2000/conditions.68/initial_state.json"

-- Begin: Conditions 68 -- 

-- End: Conditions 68 -- 
run time: 16.610292 (s),  0.016610292 (s/pass),  1.2358848e-05(s/step)

-- Write: DoF -- 
write: "/media/derick/DeoResearch/experiments/rocksalt3_ZrN_casm/mc_coarse_new_scel/heating/mu_0.9750_0.9750_T_20_2000/conditions.68/final_state.json"

-- Write: Output files -- 
write: "/media/derick/DeoResearch/experiments/rocksalt3_ZrN_casm/mc_coarse_new_scel/heating/mu_0.9750_0.9750_T_20_2000/results.json"
write: "/media/derick/DeoResearch/experiments/rocksalt3_ZrN_casm/mc_coarse_new_scel/heating/mu_0.9750_0.9750_T_20_2000/conditions.68/conditions.json"


-- Set: Conditions -- 
T: 1400
param_chem_pot: [ 0.975000000000 ]


-- Continue with existing DoF -- 

-- Write: DoF -- 
write: "/media/derick/DeoResearch/experiments/rocksalt3_ZrN_casm/mc_coarse_new_scel/heating/mu_0.9750_0.9750_T_20_2000/conditions.69/initial_state.json"

-- Begin: Conditions 69 -- 

-- End: Conditions 69 -- 
run time: 16.672328 (s),  0.016672328 (s/pass),  1.2405006e-05(s/step)

-- Write: DoF -- 
write: "/media/derick/DeoResearch/experiments/rocksalt3_ZrN_casm/mc_coarse_new_scel/heating/mu_0.9750_0.9750_T_20_2000/conditions.69/final_state.json"

-- Write: Output files -- 
write: "/media/derick/DeoResearch/experiments/rocksalt3_ZrN_casm/mc_coarse_new_scel/heating/mu_0.9750_0.9750_T_20_2000/results.json"
write: "/media/derick/DeoResearch/experiments/rocksalt3_ZrN_casm/mc_coarse_new_scel/heating/mu_0.9750_0.9750_T_20_2000/conditions.69/conditions.json"


-- Set: Conditions -- 
T: 1420
param_chem_pot: [ 0.975000000000 ]


-- Continue with existing DoF -- 

-- Write: DoF -- 
write: "/media/derick/DeoResearch/experiments/rocksalt3_ZrN_casm/mc_coarse_new_scel/heating/mu_0.9750_0.9750_T_20_2000/conditions.70/initial_state.json"

-- Begin: Conditions 70 -- 

-- End: Conditions 70 -- 
run time: 16.58728 (s),  0.01658728 (s/pass),  1.2341726e-05(s/step)

-- Write: DoF -- 
write: "/media/derick/DeoResearch/experiments/rocksalt3_ZrN_casm/mc_coarse_new_scel/heating/mu_0.9750_0.9750_T_20_2000/conditions.70/final_state.json"

-- Write: Output files -- 
write: "/media/derick/DeoResearch/experiments/rocksalt3_ZrN_casm/mc_coarse_new_scel/heating/mu_0.9750_0.9750_T_20_2000/results.json"
write: "/media/derick/DeoResearch/experiments/rocksalt3_ZrN_casm/mc_coarse_new_scel/heating/mu_0.9750_0.9750_T_20_2000/conditions.70/conditions.json"


-- Set: Conditions -- 
T: 1440
param_chem_pot: [ 0.975000000000 ]


-- Continue with existing DoF -- 

-- Write: DoF -- 
write: "/media/derick/DeoResearch/experiments/rocksalt3_ZrN_casm/mc_coarse_new_scel/heating/mu_0.9750_0.9750_T_20_2000/conditions.71/initial_state.json"

-- Begin: Conditions 71 -- 

-- End: Conditions 71 -- 
run time: 16.657431 (s),  0.016657431 (s/pass),  1.2393922e-05(s/step)

-- Write: DoF -- 
write: "/media/derick/DeoResearch/experiments/rocksalt3_ZrN_casm/mc_coarse_new_scel/heating/mu_0.9750_0.9750_T_20_2000/conditions.71/final_state.json"

-- Write: Output files -- 
write: "/media/derick/DeoResearch/experiments/rocksalt3_ZrN_casm/mc_coarse_new_scel/heating/mu_0.9750_0.9750_T_20_2000/results.json"
write: "/media/derick/DeoResearch/experiments/rocksalt3_ZrN_casm/mc_coarse_new_scel/heating/mu_0.9750_0.9750_T_20_2000/conditions.71/conditions.json"


-- Set: Conditions -- 
T: 1460
param_chem_pot: [ 0.975000000000 ]


-- Continue with existing DoF -- 

-- Write: DoF -- 
write: "/media/derick/DeoResearch/experiments/rocksalt3_ZrN_casm/mc_coarse_new_scel/heating/mu_0.9750_0.9750_T_20_2000/conditions.72/initial_state.json"

-- Begin: Conditions 72 -- 

-- End: Conditions 72 -- 
run time: 16.607828 (s),  0.016607828 (s/pass),  1.2357015e-05(s/step)

-- Write: DoF -- 
write: "/media/derick/DeoResearch/experiments/rocksalt3_ZrN_casm/mc_coarse_new_scel/heating/mu_0.9750_0.9750_T_20_2000/conditions.72/final_state.json"

-- Write: Output files -- 
write: "/media/derick/DeoResearch/experiments/rocksalt3_ZrN_casm/mc_coarse_new_scel/heating/mu_0.9750_0.9750_T_20_2000/results.json"
write: "/media/derick/DeoResearch/experiments/rocksalt3_ZrN_casm/mc_coarse_new_scel/heating/mu_0.9750_0.9750_T_20_2000/conditions.72/conditions.json"


-- Set: Conditions -- 
T: 1480
param_chem_pot: [ 0.975000000000 ]


-- Continue with existing DoF -- 

-- Write: DoF -- 
write: "/media/derick/DeoResearch/experiments/rocksalt3_ZrN_casm/mc_coarse_new_scel/heating/mu_0.9750_0.9750_T_20_2000/conditions.73/initial_state.json"

-- Begin: Conditions 73 -- 

-- End: Conditions 73 -- 
run time: 16.649798 (s),  0.016649798 (s/pass),  1.2388243e-05(s/step)

-- Write: DoF -- 
write: "/media/derick/DeoResearch/experiments/rocksalt3_ZrN_casm/mc_coarse_new_scel/heating/mu_0.9750_0.9750_T_20_2000/conditions.73/final_state.json"

-- Write: Output files -- 
write: "/media/derick/DeoResearch/experiments/rocksalt3_ZrN_casm/mc_coarse_new_scel/heating/mu_0.9750_0.9750_T_20_2000/results.json"
write: "/media/derick/DeoResearch/experiments/rocksalt3_ZrN_casm/mc_coarse_new_scel/heating/mu_0.9750_0.9750_T_20_2000/conditions.73/conditions.json"


-- Set: Conditions -- 
T: 1500
param_chem_pot: [ 0.975000000000 ]


-- Continue with existing DoF -- 

-- Write: DoF -- 
write: "/media/derick/DeoResearch/experiments/rocksalt3_ZrN_casm/mc_coarse_new_scel/heating/mu_0.9750_0.9750_T_20_2000/conditions.74/initial_state.json"

-- Begin: Conditions 74 -- 

-- End: Conditions 74 -- 
run time: 16.59859 (s),  0.01659859 (s/pass),  1.2350142e-05(s/step)

-- Write: DoF -- 
write: "/media/derick/DeoResearch/experiments/rocksalt3_ZrN_casm/mc_coarse_new_scel/heating/mu_0.9750_0.9750_T_20_2000/conditions.74/final_state.json"

-- Write: Output files -- 
write: "/media/derick/DeoResearch/experiments/rocksalt3_ZrN_casm/mc_coarse_new_scel/heating/mu_0.9750_0.9750_T_20_2000/results.json"
write: "/media/derick/DeoResearch/experiments/rocksalt3_ZrN_casm/mc_coarse_new_scel/heating/mu_0.9750_0.9750_T_20_2000/conditions.74/conditions.json"


-- Set: Conditions -- 
T: 1520
param_chem_pot: [ 0.975000000000 ]


-- Continue with existing DoF -- 

-- Write: DoF -- 
write: "/media/derick/DeoResearch/experiments/rocksalt3_ZrN_casm/mc_coarse_new_scel/heating/mu_0.9750_0.9750_T_20_2000/conditions.75/initial_state.json"

-- Begin: Conditions 75 -- 

-- End: Conditions 75 -- 
run time: 16.627738 (s),  0.016627738 (s/pass),  1.2371829e-05(s/step)

-- Write: DoF -- 
write: "/media/derick/DeoResearch/experiments/rocksalt3_ZrN_casm/mc_coarse_new_scel/heating/mu_0.9750_0.9750_T_20_2000/conditions.75/final_state.json"

-- Write: Output files -- 
write: "/media/derick/DeoResearch/experiments/rocksalt3_ZrN_casm/mc_coarse_new_scel/heating/mu_0.9750_0.9750_T_20_2000/results.json"
write: "/media/derick/DeoResearch/experiments/rocksalt3_ZrN_casm/mc_coarse_new_scel/heating/mu_0.9750_0.9750_T_20_2000/conditions.75/conditions.json"


-- Set: Conditions -- 
T: 1540
param_chem_pot: [ 0.975000000000 ]


-- Continue with existing DoF -- 

-- Write: DoF -- 
write: "/media/derick/DeoResearch/experiments/rocksalt3_ZrN_casm/mc_coarse_new_scel/heating/mu_0.9750_0.9750_T_20_2000/conditions.76/initial_state.json"

-- Begin: Conditions 76 -- 

-- End: Conditions 76 -- 
run time: 16.578245 (s),  0.016578245 (s/pass),  1.2335004e-05(s/step)

-- Write: DoF -- 
write: "/media/derick/DeoResearch/experiments/rocksalt3_ZrN_casm/mc_coarse_new_scel/heating/mu_0.9750_0.9750_T_20_2000/conditions.76/final_state.json"

-- Write: Output files -- 
write: "/media/derick/DeoResearch/experiments/rocksalt3_ZrN_casm/mc_coarse_new_scel/heating/mu_0.9750_0.9750_T_20_2000/results.json"
write: "/media/derick/DeoResearch/experiments/rocksalt3_ZrN_casm/mc_coarse_new_scel/heating/mu_0.9750_0.9750_T_20_2000/conditions.76/conditions.json"


-- Set: Conditions -- 
T: 1560
param_chem_pot: [ 0.975000000000 ]


-- Continue with existing DoF -- 

-- Write: DoF -- 
write: "/media/derick/DeoResearch/experiments/rocksalt3_ZrN_casm/mc_coarse_new_scel/heating/mu_0.9750_0.9750_T_20_2000/conditions.77/initial_state.json"

-- Begin: Conditions 77 -- 

-- End: Conditions 77 -- 
run time: 16.642296 (s),  0.016642296 (s/pass),  1.2382661e-05(s/step)

-- Write: DoF -- 
write: "/media/derick/DeoResearch/experiments/rocksalt3_ZrN_casm/mc_coarse_new_scel/heating/mu_0.9750_0.9750_T_20_2000/conditions.77/final_state.json"

-- Write: Output files -- 
write: "/media/derick/DeoResearch/experiments/rocksalt3_ZrN_casm/mc_coarse_new_scel/heating/mu_0.9750_0.9750_T_20_2000/results.json"
write: "/media/derick/DeoResearch/experiments/rocksalt3_ZrN_casm/mc_coarse_new_scel/heating/mu_0.9750_0.9750_T_20_2000/conditions.77/conditions.json"


-- Set: Conditions -- 
T: 1580
param_chem_pot: [ 0.975000000000 ]


-- Continue with existing DoF -- 

-- Write: DoF -- 
write: "/media/derick/DeoResearch/experiments/rocksalt3_ZrN_casm/mc_coarse_new_scel/heating/mu_0.9750_0.9750_T_20_2000/conditions.78/initial_state.json"

-- Begin: Conditions 78 -- 

-- End: Conditions 78 -- 
run time: 16.664379 (s),  0.016664379 (s/pass),  1.2399092e-05(s/step)

-- Write: DoF -- 
write: "/media/derick/DeoResearch/experiments/rocksalt3_ZrN_casm/mc_coarse_new_scel/heating/mu_0.9750_0.9750_T_20_2000/conditions.78/final_state.json"

-- Write: Output files -- 
write: "/media/derick/DeoResearch/experiments/rocksalt3_ZrN_casm/mc_coarse_new_scel/heating/mu_0.9750_0.9750_T_20_2000/results.json"
write: "/media/derick/DeoResearch/experiments/rocksalt3_ZrN_casm/mc_coarse_new_scel/heating/mu_0.9750_0.9750_T_20_2000/conditions.78/conditions.json"


-- Set: Conditions -- 
T: 1600
param_chem_pot: [ 0.975000000000 ]


-- Continue with existing DoF -- 

-- Write: DoF -- 
write: "/media/derick/DeoResearch/experiments/rocksalt3_ZrN_casm/mc_coarse_new_scel/heating/mu_0.9750_0.9750_T_20_2000/conditions.79/initial_state.json"

-- Begin: Conditions 79 -- 

-- End: Conditions 79 -- 
run time: 16.596721 (s),  0.016596721 (s/pass),  1.2348751e-05(s/step)

-- Write: DoF -- 
write: "/media/derick/DeoResearch/experiments/rocksalt3_ZrN_casm/mc_coarse_new_scel/heating/mu_0.9750_0.9750_T_20_2000/conditions.79/final_state.json"

-- Write: Output files -- 
write: "/media/derick/DeoResearch/experiments/rocksalt3_ZrN_casm/mc_coarse_new_scel/heating/mu_0.9750_0.9750_T_20_2000/results.json"
write: "/media/derick/DeoResearch/experiments/rocksalt3_ZrN_casm/mc_coarse_new_scel/heating/mu_0.9750_0.9750_T_20_2000/conditions.79/conditions.json"


-- Set: Conditions -- 
T: 1620
param_chem_pot: [ 0.975000000000 ]


-- Continue with existing DoF -- 

-- Write: DoF -- 
write: "/media/derick/DeoResearch/experiments/rocksalt3_ZrN_casm/mc_coarse_new_scel/heating/mu_0.9750_0.9750_T_20_2000/conditions.80/initial_state.json"

-- Begin: Conditions 80 -- 

-- End: Conditions 80 -- 
run time: 16.546319 (s),  0.016546319 (s/pass),  1.231125e-05(s/step)

-- Write: DoF -- 
write: "/media/derick/DeoResearch/experiments/rocksalt3_ZrN_casm/mc_coarse_new_scel/heating/mu_0.9750_0.9750_T_20_2000/conditions.80/final_state.json"

-- Write: Output files -- 
write: "/media/derick/DeoResearch/experiments/rocksalt3_ZrN_casm/mc_coarse_new_scel/heating/mu_0.9750_0.9750_T_20_2000/results.json"
write: "/media/derick/DeoResearch/experiments/rocksalt3_ZrN_casm/mc_coarse_new_scel/heating/mu_0.9750_0.9750_T_20_2000/conditions.80/conditions.json"


-- Set: Conditions -- 
T: 1640
param_chem_pot: [ 0.975000000000 ]


-- Continue with existing DoF -- 

-- Write: DoF -- 
write: "/media/derick/DeoResearch/experiments/rocksalt3_ZrN_casm/mc_coarse_new_scel/heating/mu_0.9750_0.9750_T_20_2000/conditions.81/initial_state.json"

-- Begin: Conditions 81 -- 

-- End: Conditions 81 -- 
run time: 16.686624 (s),  0.016686624 (s/pass),  1.2415643e-05(s/step)

-- Write: DoF -- 
write: "/media/derick/DeoResearch/experiments/rocksalt3_ZrN_casm/mc_coarse_new_scel/heating/mu_0.9750_0.9750_T_20_2000/conditions.81/final_state.json"

-- Write: Output files -- 
write: "/media/derick/DeoResearch/experiments/rocksalt3_ZrN_casm/mc_coarse_new_scel/heating/mu_0.9750_0.9750_T_20_2000/results.json"
write: "/media/derick/DeoResearch/experiments/rocksalt3_ZrN_casm/mc_coarse_new_scel/heating/mu_0.9750_0.9750_T_20_2000/conditions.81/conditions.json"


-- Set: Conditions -- 
T: 1660
param_chem_pot: [ 0.975000000000 ]


-- Continue with existing DoF -- 

-- Write: DoF -- 
write: "/media/derick/DeoResearch/experiments/rocksalt3_ZrN_casm/mc_coarse_new_scel/heating/mu_0.9750_0.9750_T_20_2000/conditions.82/initial_state.json"

-- Begin: Conditions 82 -- 

-- End: Conditions 82 -- 
run time: 16.653475 (s),  0.016653475 (s/pass),  1.2390979e-05(s/step)

-- Write: DoF -- 
write: "/media/derick/DeoResearch/experiments/rocksalt3_ZrN_casm/mc_coarse_new_scel/heating/mu_0.9750_0.9750_T_20_2000/conditions.82/final_state.json"

-- Write: Output files -- 
write: "/media/derick/DeoResearch/experiments/rocksalt3_ZrN_casm/mc_coarse_new_scel/heating/mu_0.9750_0.9750_T_20_2000/results.json"
write: "/media/derick/DeoResearch/experiments/rocksalt3_ZrN_casm/mc_coarse_new_scel/heating/mu_0.9750_0.9750_T_20_2000/conditions.82/conditions.json"


-- Set: Conditions -- 
T: 1680
param_chem_pot: [ 0.975000000000 ]


-- Continue with existing DoF -- 

-- Write: DoF -- 
write: "/media/derick/DeoResearch/experiments/rocksalt3_ZrN_casm/mc_coarse_new_scel/heating/mu_0.9750_0.9750_T_20_2000/conditions.83/initial_state.json"

-- Begin: Conditions 83 -- 

-- End: Conditions 83 -- 
run time: 16.698637 (s),  0.016698637 (s/pass),  1.2424581e-05(s/step)

-- Write: DoF -- 
write: "/media/derick/DeoResearch/experiments/rocksalt3_ZrN_casm/mc_coarse_new_scel/heating/mu_0.9750_0.9750_T_20_2000/conditions.83/final_state.json"

-- Write: Output files -- 
write: "/media/derick/DeoResearch/experiments/rocksalt3_ZrN_casm/mc_coarse_new_scel/heating/mu_0.9750_0.9750_T_20_2000/results.json"
write: "/media/derick/DeoResearch/experiments/rocksalt3_ZrN_casm/mc_coarse_new_scel/heating/mu_0.9750_0.9750_T_20_2000/conditions.83/conditions.json"


-- Set: Conditions -- 
T: 1700
param_chem_pot: [ 0.975000000000 ]


-- Continue with existing DoF -- 

-- Write: DoF -- 
write: "/media/derick/DeoResearch/experiments/rocksalt3_ZrN_casm/mc_coarse_new_scel/heating/mu_0.9750_0.9750_T_20_2000/conditions.84/initial_state.json"

-- Begin: Conditions 84 -- 

-- End: Conditions 84 -- 
run time: 16.571607 (s),  0.016571607 (s/pass),  1.2330065e-05(s/step)

-- Write: DoF -- 
write: "/media/derick/DeoResearch/experiments/rocksalt3_ZrN_casm/mc_coarse_new_scel/heating/mu_0.9750_0.9750_T_20_2000/conditions.84/final_state.json"

-- Write: Output files -- 
write: "/media/derick/DeoResearch/experiments/rocksalt3_ZrN_casm/mc_coarse_new_scel/heating/mu_0.9750_0.9750_T_20_2000/results.json"
write: "/media/derick/DeoResearch/experiments/rocksalt3_ZrN_casm/mc_coarse_new_scel/heating/mu_0.9750_0.9750_T_20_2000/conditions.84/conditions.json"


-- Set: Conditions -- 
T: 1720
param_chem_pot: [ 0.975000000000 ]


-- Continue with existing DoF -- 

-- Write: DoF -- 
write: "/media/derick/DeoResearch/experiments/rocksalt3_ZrN_casm/mc_coarse_new_scel/heating/mu_0.9750_0.9750_T_20_2000/conditions.85/initial_state.json"

-- Begin: Conditions 85 -- 

-- End: Conditions 85 -- 
run time: 16.6566 (s),  0.0166566 (s/pass),  1.2393303e-05(s/step)

-- Write: DoF -- 
write: "/media/derick/DeoResearch/experiments/rocksalt3_ZrN_casm/mc_coarse_new_scel/heating/mu_0.9750_0.9750_T_20_2000/conditions.85/final_state.json"

-- Write: Output files -- 
write: "/media/derick/DeoResearch/experiments/rocksalt3_ZrN_casm/mc_coarse_new_scel/heating/mu_0.9750_0.9750_T_20_2000/results.json"
write: "/media/derick/DeoResearch/experiments/rocksalt3_ZrN_casm/mc_coarse_new_scel/heating/mu_0.9750_0.9750_T_20_2000/conditions.85/conditions.json"


-- Set: Conditions -- 
T: 1740
param_chem_pot: [ 0.975000000000 ]


-- Continue with existing DoF -- 

-- Write: DoF -- 
write: "/media/derick/DeoResearch/experiments/rocksalt3_ZrN_casm/mc_coarse_new_scel/heating/mu_0.9750_0.9750_T_20_2000/conditions.86/initial_state.json"

-- Begin: Conditions 86 -- 

-- End: Conditions 86 -- 
run time: 16.631487 (s),  0.016631487 (s/pass),  1.2374619e-05(s/step)

-- Write: DoF -- 
write: "/media/derick/DeoResearch/experiments/rocksalt3_ZrN_casm/mc_coarse_new_scel/heating/mu_0.9750_0.9750_T_20_2000/conditions.86/final_state.json"

-- Write: Output files -- 
write: "/media/derick/DeoResearch/experiments/rocksalt3_ZrN_casm/mc_coarse_new_scel/heating/mu_0.9750_0.9750_T_20_2000/results.json"
write: "/media/derick/DeoResearch/experiments/rocksalt3_ZrN_casm/mc_coarse_new_scel/heating/mu_0.9750_0.9750_T_20_2000/conditions.86/conditions.json"


-- Set: Conditions -- 
T: 1760
param_chem_pot: [ 0.975000000000 ]


-- Continue with existing DoF -- 

-- Write: DoF -- 
write: "/media/derick/DeoResearch/experiments/rocksalt3_ZrN_casm/mc_coarse_new_scel/heating/mu_0.9750_0.9750_T_20_2000/conditions.87/initial_state.json"

-- Begin: Conditions 87 -- 

-- End: Conditions 87 -- 
run time: 16.585814 (s),  0.016585814 (s/pass),  1.2340635e-05(s/step)

-- Write: DoF -- 
write: "/media/derick/DeoResearch/experiments/rocksalt3_ZrN_casm/mc_coarse_new_scel/heating/mu_0.9750_0.9750_T_20_2000/conditions.87/final_state.json"

-- Write: Output files -- 
write: "/media/derick/DeoResearch/experiments/rocksalt3_ZrN_casm/mc_coarse_new_scel/heating/mu_0.9750_0.9750_T_20_2000/results.json"
write: "/media/derick/DeoResearch/experiments/rocksalt3_ZrN_casm/mc_coarse_new_scel/heating/mu_0.9750_0.9750_T_20_2000/conditions.87/conditions.json"


-- Set: Conditions -- 
T: 1780
param_chem_pot: [ 0.975000000000 ]


-- Continue with existing DoF -- 

-- Write: DoF -- 
write: "/media/derick/DeoResearch/experiments/rocksalt3_ZrN_casm/mc_coarse_new_scel/heating/mu_0.9750_0.9750_T_20_2000/conditions.88/initial_state.json"

-- Begin: Conditions 88 -- 

-- End: Conditions 88 -- 
run time: 16.653172 (s),  0.016653172 (s/pass),  1.2390753e-05(s/step)

-- Write: DoF -- 
write: "/media/derick/DeoResearch/experiments/rocksalt3_ZrN_casm/mc_coarse_new_scel/heating/mu_0.9750_0.9750_T_20_2000/conditions.88/final_state.json"

-- Write: Output files -- 
write: "/media/derick/DeoResearch/experiments/rocksalt3_ZrN_casm/mc_coarse_new_scel/heating/mu_0.9750_0.9750_T_20_2000/results.json"
write: "/media/derick/DeoResearch/experiments/rocksalt3_ZrN_casm/mc_coarse_new_scel/heating/mu_0.9750_0.9750_T_20_2000/conditions.88/conditions.json"


-- Set: Conditions -- 
T: 1800
param_chem_pot: [ 0.975000000000 ]


-- Continue with existing DoF -- 

-- Write: DoF -- 
write: "/media/derick/DeoResearch/experiments/rocksalt3_ZrN_casm/mc_coarse_new_scel/heating/mu_0.9750_0.9750_T_20_2000/conditions.89/initial_state.json"

-- Begin: Conditions 89 -- 

-- End: Conditions 89 -- 
run time: 16.700642 (s),  0.016700642 (s/pass),  1.2426073e-05(s/step)

-- Write: DoF -- 
write: "/media/derick/DeoResearch/experiments/rocksalt3_ZrN_casm/mc_coarse_new_scel/heating/mu_0.9750_0.9750_T_20_2000/conditions.89/final_state.json"

-- Write: Output files -- 
write: "/media/derick/DeoResearch/experiments/rocksalt3_ZrN_casm/mc_coarse_new_scel/heating/mu_0.9750_0.9750_T_20_2000/results.json"
write: "/media/derick/DeoResearch/experiments/rocksalt3_ZrN_casm/mc_coarse_new_scel/heating/mu_0.9750_0.9750_T_20_2000/conditions.89/conditions.json"


-- Set: Conditions -- 
T: 1820
param_chem_pot: [ 0.975000000000 ]


-- Continue with existing DoF -- 

-- Write: DoF -- 
write: "/media/derick/DeoResearch/experiments/rocksalt3_ZrN_casm/mc_coarse_new_scel/heating/mu_0.9750_0.9750_T_20_2000/conditions.90/initial_state.json"

-- Begin: Conditions 90 -- 

-- End: Conditions 90 -- 
run time: 16.537131 (s),  0.016537131 (s/pass),  1.2304413e-05(s/step)

-- Write: DoF -- 
write: "/media/derick/DeoResearch/experiments/rocksalt3_ZrN_casm/mc_coarse_new_scel/heating/mu_0.9750_0.9750_T_20_2000/conditions.90/final_state.json"

-- Write: Output files -- 
write: "/media/derick/DeoResearch/experiments/rocksalt3_ZrN_casm/mc_coarse_new_scel/heating/mu_0.9750_0.9750_T_20_2000/results.json"
write: "/media/derick/DeoResearch/experiments/rocksalt3_ZrN_casm/mc_coarse_new_scel/heating/mu_0.9750_0.9750_T_20_2000/conditions.90/conditions.json"


-- Set: Conditions -- 
T: 1840
param_chem_pot: [ 0.975000000000 ]


-- Continue with existing DoF -- 

-- Write: DoF -- 
write: "/media/derick/DeoResearch/experiments/rocksalt3_ZrN_casm/mc_coarse_new_scel/heating/mu_0.9750_0.9750_T_20_2000/conditions.91/initial_state.json"

-- Begin: Conditions 91 -- 

-- End: Conditions 91 -- 
run time: 16.660937 (s),  0.016660937 (s/pass),  1.2396531e-05(s/step)

-- Write: DoF -- 
write: "/media/derick/DeoResearch/experiments/rocksalt3_ZrN_casm/mc_coarse_new_scel/heating/mu_0.9750_0.9750_T_20_2000/conditions.91/final_state.json"

-- Write: Output files -- 
write: "/media/derick/DeoResearch/experiments/rocksalt3_ZrN_casm/mc_coarse_new_scel/heating/mu_0.9750_0.9750_T_20_2000/results.json"
write: "/media/derick/DeoResearch/experiments/rocksalt3_ZrN_casm/mc_coarse_new_scel/heating/mu_0.9750_0.9750_T_20_2000/conditions.91/conditions.json"


-- Set: Conditions -- 
T: 1860
param_chem_pot: [ 0.975000000000 ]


-- Continue with existing DoF -- 

-- Write: DoF -- 
write: "/media/derick/DeoResearch/experiments/rocksalt3_ZrN_casm/mc_coarse_new_scel/heating/mu_0.9750_0.9750_T_20_2000/conditions.92/initial_state.json"

-- Begin: Conditions 92 -- 

-- End: Conditions 92 -- 
run time: 16.579894 (s),  0.016579894 (s/pass),  1.2336231e-05(s/step)

-- Write: DoF -- 
write: "/media/derick/DeoResearch/experiments/rocksalt3_ZrN_casm/mc_coarse_new_scel/heating/mu_0.9750_0.9750_T_20_2000/conditions.92/final_state.json"

-- Write: Output files -- 
write: "/media/derick/DeoResearch/experiments/rocksalt3_ZrN_casm/mc_coarse_new_scel/heating/mu_0.9750_0.9750_T_20_2000/results.json"
write: "/media/derick/DeoResearch/experiments/rocksalt3_ZrN_casm/mc_coarse_new_scel/heating/mu_0.9750_0.9750_T_20_2000/conditions.92/conditions.json"


-- Set: Conditions -- 
T: 1880
param_chem_pot: [ 0.975000000000 ]


-- Continue with existing DoF -- 

-- Write: DoF -- 
write: "/media/derick/DeoResearch/experiments/rocksalt3_ZrN_casm/mc_coarse_new_scel/heating/mu_0.9750_0.9750_T_20_2000/conditions.93/initial_state.json"

-- Begin: Conditions 93 -- 

-- End: Conditions 93 -- 
run time: 16.633265 (s),  0.016633265 (s/pass),  1.2375941e-05(s/step)

-- Write: DoF -- 
write: "/media/derick/DeoResearch/experiments/rocksalt3_ZrN_casm/mc_coarse_new_scel/heating/mu_0.9750_0.9750_T_20_2000/conditions.93/final_state.json"

-- Write: Output files -- 
write: "/media/derick/DeoResearch/experiments/rocksalt3_ZrN_casm/mc_coarse_new_scel/heating/mu_0.9750_0.9750_T_20_2000/results.json"
write: "/media/derick/DeoResearch/experiments/rocksalt3_ZrN_casm/mc_coarse_new_scel/heating/mu_0.9750_0.9750_T_20_2000/conditions.93/conditions.json"


-- Set: Conditions -- 
T: 1900
param_chem_pot: [ 0.975000000000 ]


-- Continue with existing DoF -- 

-- Write: DoF -- 
write: "/media/derick/DeoResearch/experiments/rocksalt3_ZrN_casm/mc_coarse_new_scel/heating/mu_0.9750_0.9750_T_20_2000/conditions.94/initial_state.json"

-- Begin: Conditions 94 -- 

-- End: Conditions 94 -- 
run time: 16.655091 (s),  0.016655091 (s/pass),  1.2392181e-05(s/step)

-- Write: DoF -- 
write: "/media/derick/DeoResearch/experiments/rocksalt3_ZrN_casm/mc_coarse_new_scel/heating/mu_0.9750_0.9750_T_20_2000/conditions.94/final_state.json"

-- Write: Output files -- 
write: "/media/derick/DeoResearch/experiments/rocksalt3_ZrN_casm/mc_coarse_new_scel/heating/mu_0.9750_0.9750_T_20_2000/results.json"
write: "/media/derick/DeoResearch/experiments/rocksalt3_ZrN_casm/mc_coarse_new_scel/heating/mu_0.9750_0.9750_T_20_2000/conditions.94/conditions.json"


-- Set: Conditions -- 
T: 1920
param_chem_pot: [ 0.975000000000 ]


-- Continue with existing DoF -- 

-- Write: DoF -- 
write: "/media/derick/DeoResearch/experiments/rocksalt3_ZrN_casm/mc_coarse_new_scel/heating/mu_0.9750_0.9750_T_20_2000/conditions.95/initial_state.json"

-- Begin: Conditions 95 -- 

-- End: Conditions 95 -- 
run time: 16.564768 (s),  0.016564768 (s/pass),  1.2324976e-05(s/step)

-- Write: DoF -- 
write: "/media/derick/DeoResearch/experiments/rocksalt3_ZrN_casm/mc_coarse_new_scel/heating/mu_0.9750_0.9750_T_20_2000/conditions.95/final_state.json"

-- Write: Output files -- 
write: "/media/derick/DeoResearch/experiments/rocksalt3_ZrN_casm/mc_coarse_new_scel/heating/mu_0.9750_0.9750_T_20_2000/results.json"
write: "/media/derick/DeoResearch/experiments/rocksalt3_ZrN_casm/mc_coarse_new_scel/heating/mu_0.9750_0.9750_T_20_2000/conditions.95/conditions.json"


-- Set: Conditions -- 
T: 1940
param_chem_pot: [ 0.975000000000 ]


-- Continue with existing DoF -- 

-- Write: DoF -- 
write: "/media/derick/DeoResearch/experiments/rocksalt3_ZrN_casm/mc_coarse_new_scel/heating/mu_0.9750_0.9750_T_20_2000/conditions.96/initial_state.json"

-- Begin: Conditions 96 -- 

-- End: Conditions 96 -- 
run time: 16.599131 (s),  0.016599131 (s/pass),  1.2350544e-05(s/step)

-- Write: DoF -- 
write: "/media/derick/DeoResearch/experiments/rocksalt3_ZrN_casm/mc_coarse_new_scel/heating/mu_0.9750_0.9750_T_20_2000/conditions.96/final_state.json"

-- Write: Output files -- 
write: "/media/derick/DeoResearch/experiments/rocksalt3_ZrN_casm/mc_coarse_new_scel/heating/mu_0.9750_0.9750_T_20_2000/results.json"
write: "/media/derick/DeoResearch/experiments/rocksalt3_ZrN_casm/mc_coarse_new_scel/heating/mu_0.9750_0.9750_T_20_2000/conditions.96/conditions.json"


-- Set: Conditions -- 
T: 1960
param_chem_pot: [ 0.975000000000 ]


-- Continue with existing DoF -- 

-- Write: DoF -- 
write: "/media/derick/DeoResearch/experiments/rocksalt3_ZrN_casm/mc_coarse_new_scel/heating/mu_0.9750_0.9750_T_20_2000/conditions.97/initial_state.json"

-- Begin: Conditions 97 -- 

-- End: Conditions 97 -- 
run time: 16.667053 (s),  0.016667053 (s/pass),  1.2401081e-05(s/step)

-- Write: DoF -- 
write: "/media/derick/DeoResearch/experiments/rocksalt3_ZrN_casm/mc_coarse_new_scel/heating/mu_0.9750_0.9750_T_20_2000/conditions.97/final_state.json"

-- Write: Output files -- 
write: "/media/derick/DeoResearch/experiments/rocksalt3_ZrN_casm/mc_coarse_new_scel/heating/mu_0.9750_0.9750_T_20_2000/results.json"
write: "/media/derick/DeoResearch/experiments/rocksalt3_ZrN_casm/mc_coarse_new_scel/heating/mu_0.9750_0.9750_T_20_2000/conditions.97/conditions.json"


-- Set: Conditions -- 
T: 1980
param_chem_pot: [ 0.975000000000 ]


-- Continue with existing DoF -- 

-- Write: DoF -- 
write: "/media/derick/DeoResearch/experiments/rocksalt3_ZrN_casm/mc_coarse_new_scel/heating/mu_0.9750_0.9750_T_20_2000/conditions.98/initial_state.json"

-- Begin: Conditions 98 -- 

-- End: Conditions 98 -- 
run time: 16.559979 (s),  0.016559979 (s/pass),  1.2321413e-05(s/step)

-- Write: DoF -- 
write: "/media/derick/DeoResearch/experiments/rocksalt3_ZrN_casm/mc_coarse_new_scel/heating/mu_0.9750_0.9750_T_20_2000/conditions.98/final_state.json"

-- Write: Output files -- 
write: "/media/derick/DeoResearch/experiments/rocksalt3_ZrN_casm/mc_coarse_new_scel/heating/mu_0.9750_0.9750_T_20_2000/results.json"
write: "/media/derick/DeoResearch/experiments/rocksalt3_ZrN_casm/mc_coarse_new_scel/heating/mu_0.9750_0.9750_T_20_2000/conditions.98/conditions.json"


-- Set: Conditions -- 
T: 2000
param_chem_pot: [ 0.975000000000 ]


-- Continue with existing DoF -- 

-- Write: DoF -- 
write: "/media/derick/DeoResearch/experiments/rocksalt3_ZrN_casm/mc_coarse_new_scel/heating/mu_0.9750_0.9750_T_20_2000/conditions.99/initial_state.json"

-- Begin: Conditions 99 -- 

-- End: Conditions 99 -- 
run time: 16.68122 (s),  0.01668122 (s/pass),  1.2411622e-05(s/step)

-- Write: DoF -- 
write: "/media/derick/DeoResearch/experiments/rocksalt3_ZrN_casm/mc_coarse_new_scel/heating/mu_0.9750_0.9750_T_20_2000/conditions.99/final_state.json"

-- Write: Output files -- 
write: "/media/derick/DeoResearch/experiments/rocksalt3_ZrN_casm/mc_coarse_new_scel/heating/mu_0.9750_0.9750_T_20_2000/results.json"
write: "/media/derick/DeoResearch/experiments/rocksalt3_ZrN_casm/mc_coarse_new_scel/heating/mu_0.9750_0.9750_T_20_2000/conditions.99/conditions.json"


