Loading genetic_alg_settings.json
# Hall of Fame size: 10 

# Get problem data...
# wHullDist: Will calculate hull distance: hull_dist(CALCULATED,atom_frac)
# Query requested: ['formation_energy', 'is_calculated', 'corr', 'hull_dist(CALCULATED,atom_frac)']
# Use existing: []
# Querying: ['formation_energy', 'is_calculated', 'corr', 'hull_dist(CALCULATED,atom_frac)']
#   DONE

# Target: formation_energy
# Training samples: 627
# Features: 253 

# Weighting:
{
  "method": "wHullDist",
  "kwargs": {
    "A": 1.05,
    "B": 0.0,
    "kT": 0.05500000000000001,
    "hull_selection": "CALCULATED"
  }
}

# CV:
{
  "method": "KFold",
  "kwargs": {
    "n_splits": 10,
    "shuffle": true
  },
  "penalty": 0.0
} 

# Writing problem specs to: genetic_alg_settings_specs.pkl
# To inspect or customize the problem specs further, use the '--checkspecs' method

# Estimator:
{
  "method": "LinearRegression",
  "kwargs": {
    "fit_intercept": false
  }
} 

# Feature Selection:
{
  "method": "GeneticAlgorithm",
  "kwargs": {
    "constraints_kwargs": {
      "n_features_max": 100,
      "n_features_min": 3,
      "fix_off": [],
      "fix_on": [
        0,
        1,
        2
      ]
    },
    "selTournamentSize": 3,
    "mutFlipBitProb": 0.01,
    "evolve_params_kwargs": {
      "n_generation": 20,
      "n_repetition": 20,
      "n_features_init": 3,
      "n_population": 10,
      "n_halloffame": 10,
      "halloffame_filename": "evolve_halloffame.pkl",
      "filename_prefix": "genetic_alg_settings"
    },
    "cxUniformProb": 0.5
  }
} 

# Fit and select...
Constructing initial population
Begin 1 of 20 repetitions
Begin 20 generations
gen	nevals	avg      	std        	min      	max      
0  	10    	0.0198118	0.000719542	0.0186601	0.0208469
1  	10    	0.018664 	0.00110894 	0.017009 	0.0206666
2  	10    	0.0172412	0.00107786 	0.0151495	0.0186673
3  	10    	0.0157581	0.00156857 	0.0128301	0.0178064
4  	10    	0.0145746	0.00105091 	0.01247  	0.0162406
5  	10    	0.013386 	0.000641149	0.0123458	0.0146797
6  	10    	0.0125928	0.000818262	0.0117351	0.0143767
7  	10    	0.0116637	0.000760959	0.0104069	0.0129541
8  	10    	0.0110116	0.000460664	0.010423 	0.0117593
9  	10    	0.0107004	0.00043273 	0.00993277	0.0114005
10 	10    	0.0103273	0.000475538	0.00943765	0.0110753
11 	10    	0.00999426	0.000692074	0.009338  	0.0115146
12 	10    	0.00944585	0.000280687	0.00913047	0.010013 
13 	10    	0.00923102	0.000327078	0.00889857	0.0100118
14 	10    	0.0090426 	0.000175797	0.00880467	0.00928777
15 	10    	0.00884376	0.000189241	0.00860968	0.00923507
16 	10    	0.00872996	0.000221137	0.0081925 	0.0091027 
17 	10    	0.00857665	0.000266692	0.00807916	0.00896898
18 	10    	0.0082859 	0.000209354	0.00797695	0.00865436
19 	10    	0.0081074 	0.000308638	0.00769202	0.00874588
20 	10    	0.00798095	0.000131692	0.00779278	0.00824796
Runtime: 4.917924737004796 (s)


Final population:
Index: Selected                                    #Selected    CV          
----------------------------------------------------------------------------------------------------
    0: 1110000000011000000000001011010100000000... 54           0.007895607 
    1: 1110000000011000000000001011010100000001... 62           0.0077927843
    2: 1110000000011000000010001011010100000000... 60           0.007874838 
    3: 1110000000011000000010001011010100000000... 57           0.0078621239
    4: 1110100100011010000000001001010100000000... 61           0.0082479622
    5: 1110100010011000000000001011010100000001... 59           0.0080308312
    6: 1110000000011000000000001011010100000001... 56           0.0079703079
    7: 1110000000011000000000001011000100000000... 58           0.0080438337
    8: 1110000000011000000000001011010100000001... 57           0.0081434476
    9: 1110000000011000000010001011000100000000... 63           0.0079477549

Pickling population to: genetic_alg_settings_population_end.pkl

Hall of Fame:
Index: Selected                                    #Selected    CV          
----------------------------------------------------------------------------------------------------
    0: 1110000000011000000010001011010100000000... 55           0.0076920165
    1: 1110000000011000000000001011010100000001... 57           0.0077172693
    2: 1110000000011000000000001011010100000001... 62           0.0077927843
    3: 1110100010011010000000001011010100000000... 61           0.0078525503
    4: 1110000000011000000010001011010100000000... 57           0.0078621239
    5: 1110000000011000000000001011010100000000... 54           0.0078674136
    6: 1110000000011000000010001011010100000000... 60           0.007874838 
    7: 1110000000011000000000001011010100000000... 54           0.007895607 
    8: 1110000000011000000010001011000100000000... 63           0.0079477549
    9: 1110000000011000000000001011010100000001... 56           0.0079703079

Pickling Hall of Fame to: genetic_alg_settings_evolve_halloffame.pkl
Begin 2 of 20 repetitions
Begin 20 generations
gen	nevals	avg       	std        	min       	max       
0  	0     	0.00798095	0.000131692	0.00779278	0.00824796
1  	10    	0.00779846	0.000135235	0.00753009	0.00804255
2  	10    	0.0077504 	0.000124547	0.00752796	0.00789995
3  	10    	0.00760902	0.000233047	0.00701836	0.00785085
4  	10    	0.00767976	0.000318203	0.00709775	0.00810592
5  	10    	0.0073045 	0.000333455	0.00671387	0.00792659
6  	10    	0.00693206	0.000310617	0.00654902	0.00749267
7  	10    	0.00671803	0.000206181	0.00654589	0.00721192
8  	10    	0.00662267	7.78839e-05	0.00649266	0.00677237
9  	10    	0.00658394	7.65835e-05	0.00643826	0.00669374
10 	10    	0.00664991	0.000142377	0.00644387	0.00690999
11 	10    	0.00657033	0.00021055 	0.00622859	0.00706625
12 	10    	0.00651697	0.000220843	0.00618691	0.00689383
13 	10    	0.00642812	0.000208353	0.00625263	0.00700521
14 	10    	0.0063675 	0.000152152	0.00619515	0.00667988
15 	10    	0.00638968	0.000164842	0.00613942	0.0066865 
16 	10    	0.00634106	0.000133199	0.00610057	0.00664843
17 	10    	0.00624998	0.000115051	0.00608678	0.00644161
18 	10    	0.00618914	8.364e-05  	0.00609143	0.00635255
19 	10    	0.00618486	6.69625e-05	0.00608308	0.0063447 
20 	10    	0.00614093	0.00011406 	0.0059996 	0.00631779
Runtime: 8.271529236997594 (s)


Final population:
Index: Selected                                    #Selected    CV          
----------------------------------------------------------------------------------------------------
    0: 1111000100011001011010011011000110000010... 90           0.0060346855
    1: 1111000100011000011000011011100110000010... 82           0.0059996047
    2: 1111000100011001011000011011000110000010... 84           0.0061005096
    3: 1111000100011001011010011011000110000010... 86           0.0062832226
    4: 1111010100011001111000011011000110000010... 85           0.0062826914
    5: 1111000100011001011000011011000110000010... 83           0.006180848 
    6: 1111000100011000111000011011000110000010... 85           0.0063177879
    7: 1111010100011001011000011011100110000010... 86           0.0060220904
    8: 1111000100011001011000011011100110000010... 81           0.0061460914
    9: 1111000100011000011010011011100110000010... 89           0.0060417423

Pickling population to: genetic_alg_settings_population_end.pkl

Hall of Fame:
Index: Selected                                    #Selected    CV          
----------------------------------------------------------------------------------------------------
    0: 1111000100011000011000011011100110000010... 82           0.0059996047
    1: 1111010100011001011000011011100110000010... 86           0.0060220904
    2: 1111000100011001011010011011000110000010... 90           0.0060346855
    3: 1111000100011000011010011011100110000010... 89           0.0060417423
    4: 1111000100011001011000011011000110000010... 83           0.0060830758
    5: 1111010100011001011000011011000100000010... 85           0.0060867829
    6: 1111010100011001011010011011000110000010... 85           0.0060914345
    7: 1111000100011001011000011011000110000010... 84           0.0061005096
    8: 1111010100011001011000011011001100000010... 83           0.006100572 
    9: 1111010100011001011000011011000100000010... 85           0.0061063106

Pickling Hall of Fame to: genetic_alg_settings_evolve_halloffame.pkl
Begin 3 of 20 repetitions
Begin 20 generations
gen	nevals	avg       	std       	min      	max       
0  	0     	0.00614093	0.00011406	0.0059996	0.00631779
1  	10    	0.00623832	0.00025236	0.00602975	0.00686529
2  	10    	0.00623254	0.000138183	0.00604269	0.00649891
3  	10    	0.00616219	0.000146008	0.0059332 	0.00638892
4  	10    	0.00607402	7.06379e-05	0.00595621	0.00621538
5  	10    	0.00628297	0.000543141	0.00581497	0.00785475
6  	10    	0.00607591	8.74341e-05	0.00593655	0.00626029
7  	10    	0.00617507	0.000554877	0.00586709	0.00781483
8  	10    	0.0060219 	0.00011665 	0.00586487	0.006304  
9  	10    	0.00605169	9.16084e-05	0.00593359	0.00622283
10 	10    	0.00594741	0.000112138	0.00584075	0.00624707
11 	10    	0.00597973	5.38976e-05	0.00588959	0.00608011
12 	10    	0.00603987	0.000180105	0.00585347	0.00651438
13 	10    	0.00599861	8.54577e-05	0.00583781	0.00618335
14 	10    	0.00604892	0.000120582	0.00584216	0.00630156
15 	10    	0.00601904	9.14435e-05	0.00582891	0.00616631
16 	10    	0.00610003	0.000184555	0.00579959	0.00654697
17 	10    	0.00633901	0.000509541	0.00598955	0.00777217
18 	10    	0.00608199	0.000166345	0.00580317	0.00643279
19 	10    	0.00595505	9.65376e-05	0.00576536	0.00612613
20 	10    	0.00604571	0.00045073 	0.00575174	0.007362  
Runtime: 9.853299707996484 (s)


Final population:
Index: Selected                                    #Selected    CV          
----------------------------------------------------------------------------------------------------
    0: 1111000001111011011001001010000110000111... 97           0.0060077133
    1: 1111000001011011011001001000000110000111... 93           0.0061351748
    2: 1111010001111011111001011010000110000011... 96           0.0058821483
    3: 1111010001111011111001011010000110010111... 99           0.0057517361
    4: 1111000001111011011001001010000110000111... 94           0.0058965345
    5: 1111000001111011011001001010000110000111... 97           0.0059076783
    6: 1111010001111011111001011010000110000111... 96           0.0057950679
    7: 1111000001111011011001001010000110000111... 100          0.0058216876
    8: 1111000001111011011001001010000110000111... 94           0.0058973238
    9: 1111011001111011111001010010000110010011... 100          0.0073620017

Pickling population to: genetic_alg_settings_population_end.pkl

Hall of Fame:
Index: Selected                                    #Selected    CV          
----------------------------------------------------------------------------------------------------
    0: 1111010001111011111001011010000110010111... 99           0.0057517361
    1: 1111000001111011011001001010000110000111... 96           0.0057653609
    2: 1111010001111011111001011010000110000111... 96           0.0057950679
    3: 1111000001111011011010011010000110000111... 95           0.0057995878
    4: 1111000001111011011001001010000110000111... 97           0.0058031706
    5: 1111010101111001011000011011000110000010... 90           0.0058149705
    6: 1111000001111011011001001010000110000111... 100          0.0058216876
    7: 1111010001111011011000001010000110000011... 96           0.0058289073
    8: 1111000101011001011001011010000110000011... 92           0.0058378134
    9: 1111000101111001011000011011100110000010... 89           0.0058407452

Pickling Hall of Fame to: genetic_alg_settings_evolve_halloffame.pkl
Begin 4 of 20 repetitions
Begin 20 generations
gen	nevals	avg       	std       	min       	max     
0  	0     	0.00604571	0.00045073	0.00575174	0.007362
1  	10    	0.005926  	0.000123321	0.00567424	0.00613443
2  	10    	0.00591786	0.000117216	0.00571809	0.00615842
3  	10    	0.00581803	0.000115132	0.00566792	0.00603248
4  	10    	0.00600975	0.000398746	0.00571104	0.00715471
5  	10    	0.00590853	0.000284566	0.00558912	0.00666487
6  	10    	0.00589671	0.000199212	0.00573323	0.00646025
7  	10    	0.0058    	9.63388e-05	0.0056771 	0.00599443
8  	10    	0.00583713	0.000234111	0.00561044	0.00634748
9  	10    	0.0058568 	0.000136026	0.00560925	0.0060447 
10 	10    	0.00580424	0.000128752	0.00562646	0.00602133
11 	10    	0.005757  	0.00012926 	0.00556848	0.00602776
12 	10    	0.00569578	4.49948e-05	0.00562426	0.00576609
13 	10    	0.00569116	7.78051e-05	0.0055724 	0.00582328
14 	10    	0.00571324	0.000113038	0.00557121	0.00595747
15 	10    	0.00594286	0.000614614	0.00550837	0.00774969
16 	10    	0.005917  	0.00021787 	0.00567776	0.0063178 
17 	10    	0.00586052	0.000116075	0.00573806	0.0060727 
18 	10    	0.00586791	0.000174396	0.00565737	0.00630284
19 	10    	0.00582468	0.000127377	0.00565132	0.00606967
20 	10    	0.00574244	7.88713e-05	0.00557732	0.00582368
Runtime: 10.622696228994755 (s)


Final population:
Index: Selected                                    #Selected    CV          
----------------------------------------------------------------------------------------------------
    0: 1111010001011011011001111010101110000111... 97           0.0057556883
    1: 1111010101111011111001011010100110000111... 100          0.005654955 
    2: 1111010001111011111001101010101110000011... 97           0.0058153073
    3: 1111010001111011111001111010101110000111... 100          0.0057839741
    4: 1111010001111011011001111010101110000111... 100          0.0058000397
    5: 1111010001111011011001111110101110000111... 96           0.0058198615
    6: 1111010001101011011001111010101110000011... 100          0.0056978621
    7: 1111000001111011111001111010101110000111... 100          0.005823679 
    8: 1111010001111011011001111010101110000111... 100          0.0055773233
    9: 1111010001111011011001111010101110000111... 97           0.0056957424

Pickling population to: genetic_alg_settings_population_end.pkl

Hall of Fame:
Index: Selected                                    #Selected    CV          
----------------------------------------------------------------------------------------------------
    0: 1111010001111011011000011010100110000111... 95           0.005508369 
    1: 1111010001111011111001011010100110000111... 94           0.0055684765
    2: 1111010001111001011001011010101110000111... 99           0.0055712123
    3: 1111010001111011011001011010100110000111... 92           0.0055724005
    4: 1111010001111011011001111010101110000111... 100          0.0055773233
    5: 1111010001111011011001011010100110000111... 100          0.0055891215
    6: 1111010001111011111001011010110110000111... 95           0.005598343 
    7: 1111010001111011011001111010100110100111... 99           0.0056092477
    8: 1111010001111011011001011000100110100111... 97           0.0056104407
    9: 1111010001111011010001111010100110000111... 94           0.0056132049

Pickling Hall of Fame to: genetic_alg_settings_evolve_halloffame.pkl
Begin 5 of 20 repetitions
Begin 20 generations
gen	nevals	avg       	std        	min       	max       
0  	0     	0.00574244	7.88713e-05	0.00557732	0.00582368
1  	10    	0.00574035	7.01641e-05	0.00556669	0.00582346
2  	10    	0.00579533	0.000104047	0.00561243	0.00603025
3  	10    	0.00591955	0.000286748	0.00564262	0.00663881
4  	10    	0.00591589	0.000164917	0.00571223	0.00619568
5  	10    	0.00592718	0.000144869	0.00562487	0.00612277
6  	10    	0.00589722	0.000242887	0.00567482	0.00640784
7  	10    	0.00592129	0.000274962	0.00556631	0.00648878
8  	10    	0.00580805	0.000147566	0.00564757	0.0061338 
9  	10    	0.00577109	0.000103393	0.00563128	0.00592534
10 	10    	0.00580508	0.000145286	0.00565655	0.0061894 
11 	10    	0.00572351	8.41207e-05	0.00560213	0.00585671
12 	10    	0.00576893	0.000270025	0.00557971	0.00652956
13 	10    	0.00568923	7.50693e-05	0.0056036 	0.00584937
14 	10    	0.00577962	0.000143582	0.00559381	0.0060638 
15 	10    	0.00569578	0.000116666	0.0054992 	0.0058588 
16 	10    	0.00579384	0.000312364	0.00544164	0.00666975
17 	10    	0.00582412	0.000245064	0.00562371	0.00653647
18 	10    	0.00570015	0.000144189	0.0055353 	0.00607986
19 	10    	0.00565831	8.92882e-05	0.00555739	0.00587604
20 	10    	0.00573653	0.000150879	0.00555329	0.0060251 
Runtime: 10.710230810000212 (s)


Final population:
Index: Selected                                    #Selected    CV          
----------------------------------------------------------------------------------------------------
    0: 1111010101111010001001001010110110100110... 100          0.0060051674
    1: 1111010101101010001001001010110110110110... 94           0.005600441 
    2: 1111010101111010001001001010111111100110... 100          0.0057445872
    3: 1111010101111010001001001110111111100110... 100          0.0057133075
    4: 1111010101111010001001001010110110110110... 96           0.0057039236
    5: 1111010101011010001001001010110110110110... 92           0.0057357366
    6: 1111010101111010101011001010110110100110... 97           0.0060250993
    7: 1111010101111010000001001010111110110110... 98           0.005657848 
    8: 1111010101111010001001001010111110110110... 95           0.0056258581
    9: 1111010101111010001001001010110110110110... 93           0.0055532878

Pickling population to: genetic_alg_settings_population_end.pkl

Hall of Fame:
Index: Selected                                    #Selected    CV          
----------------------------------------------------------------------------------------------------
    0: 1111010101111010011001001010110110100110... 96           0.0054416377
    1: 1111010101111010011001001010110110100110... 93           0.0054991958
    2: 1111010001111011011000011010100110000111... 95           0.005508369 
    3: 1111010101111010001001001010110110110110... 91           0.0055352959
    4: 1111010101111010001001001010110110110110... 93           0.0055532878
    5: 1111010101111010001001001010111111100110... 99           0.0055573851
    6: 1111010101111010011001011010110110100110... 99           0.0055628949
    7: 1111010101111010001001101010111110000111... 95           0.0055663058
    8: 1111010001111011011101101010101110000111... 100          0.0055666851
    9: 1111010001111011111001011010100110000111... 94           0.0055684765

Pickling Hall of Fame to: genetic_alg_settings_evolve_halloffame.pkl
Begin 6 of 20 repetitions
Begin 20 generations
gen	nevals	avg       	std        	min       	max      
0  	0     	0.00573653	0.000150879	0.00555329	0.0060251
1  	10    	0.00583751	0.00034386 	0.00553815	0.00662255
2  	10    	0.00573805	0.000168265	0.00557859	0.00618079
3  	10    	0.00567153	7.75516e-05	0.0055718 	0.00585369
4  	10    	0.00584283	0.00044369 	0.00550381	0.007054  
5  	10    	0.00569165	0.000140365	0.00557444	0.00607242
6  	10    	0.00571158	7.65726e-05	0.00557681	0.00583019
7  	10    	0.00573977	6.62181e-05	0.00563093	0.0058316 
8  	10    	0.0058635 	0.000262513	0.00562475	0.00656924
9  	10    	0.0057318 	9.71906e-05	0.00560177	0.00592798
10 	10    	0.00578404	0.000122245	0.00561461	0.00595954
11 	10    	0.00579352	0.000102233	0.00562573	0.00605658
12 	10    	0.00586687	0.000108092	0.00574323	0.00608232
13 	10    	0.00587585	0.000180283	0.00567325	0.0062055 
14 	10    	0.00593273	0.000214678	0.00566629	0.00647233
15 	10    	0.00594753	0.000331537	0.00571306	0.00687763
16 	10    	0.00597303	0.000255207	0.00563615	0.00644066
17 	10    	0.00598473	0.000233539	0.00565734	0.00634834
18 	10    	0.00583948	9.71936e-05	0.00563474	0.0059749 
19 	10    	0.00585037	0.000172896	0.00562657	0.00630164
20 	10    	0.00590754	0.000228961	0.005696  	0.00636943
Runtime: 10.589631736998854 (s)


Final population:
Index: Selected                                    #Selected    CV          
----------------------------------------------------------------------------------------------------
    0: 1111011101101010001001001010110110110110... 96           0.0057218396
    1: 1111111101101010001001001010110111110010... 100          0.0058308487
    2: 1111011101101010001001001010110110110110... 98           0.0057828696
    3: 1111011101101010001001001010110110110100... 97           0.0062033342
    4: 1111011101101010001001101010110110110011... 100          0.0056959967
    5: 1111011101101010001001101010110110110110... 96           0.0061530676
    6: 1111111101101010001001001010110111110110... 96           0.0057843667
    7: 1111011101111010001011001010110011110100... 100          0.0063694277
    8: 1111011101111010001011001010110110110110... 100          0.0057048496
    9: 1111011101101010001001001010110111110110... 100          0.0058288146

Pickling population to: genetic_alg_settings_population_end.pkl

Hall of Fame:
Index: Selected                                    #Selected    CV          
----------------------------------------------------------------------------------------------------
    0: 1111010101111010011001001010110110100110... 96           0.0054416377
    1: 1111010101111010011001001010110110100110... 93           0.0054991958
    2: 1111011101101010001001001010110110110110... 94           0.0055038136
    3: 1111010001111011011000011010100110000111... 95           0.005508369 
    4: 1111010101111010001001001010110110110110... 91           0.0055352959
    5: 1111010101101010001001001010110110110110... 91           0.005538148 
    6: 1111010101101010001001001010110110110110... 90           0.0055476834
    7: 1111010101111010001001001010110110110110... 93           0.0055532878
    8: 1111010101111010001001001010111111100110... 99           0.0055573851
    9: 1111010101111010011001011010110110100110... 99           0.0055628949

Pickling Hall of Fame to: genetic_alg_settings_evolve_halloffame.pkl
Begin 7 of 20 repetitions
Begin 20 generations
gen	nevals	avg       	std        	min     	max       
0  	0     	0.00590754	0.000228961	0.005696	0.00636943
1  	10    	0.00602476	0.000358101	0.00576679	0.00699387
2  	10    	0.00586437	0.00013764 	0.00568798	0.00611719
3  	10    	0.00592323	0.000226986	0.00570547	0.00647352
4  	10    	0.00582826	0.000185133	0.00568518	0.00635186
5  	10    	0.00591599	0.000254356	0.005651  	0.00636782
6  	10    	0.00586993	0.000123897	0.00569123	0.00609365
7  	10    	0.00586646	0.000170582	0.00568557	0.00623436
8  	10    	0.00598509	0.000277624	0.00572221	0.00656905
9  	10    	0.00583483	0.000114404	0.00565954	0.00603665
10 	10    	0.00581171	0.000128575	0.00569979	0.00605182
11 	10    	0.00585752	0.000113093	0.00567686	0.00602091
12 	10    	0.00583035	0.000131169	0.0056248 	0.00616853
13 	10    	0.00582815	0.000103085	0.00568047	0.00600941
14 	10    	0.00585073	0.00018054 	0.00563722	0.00618522
15 	10    	0.00590627	0.00035576 	0.00556845	0.00668845
16 	10    	0.00577858	0.000234   	0.00552035	0.00642121
17 	10    	0.00578938	0.000225848	0.00559926	0.00644716
18 	10    	0.0057447 	0.000179997	0.00559347	0.00623449
19 	10    	0.00575581	0.000258831	0.00558399	0.00651258
20 	10    	0.00575894	0.000146935	0.00553925	0.0060599 
Runtime: 9.618041090994666 (s)


Final population:
Index: Selected                                    #Selected    CV          
----------------------------------------------------------------------------------------------------
    0: 1111000101101011001001001010100110110010... 99           0.0055392519
    1: 1111000101101010001001001010100110110110... 99           0.0056090548
    2: 1111000101101010001001001010100110110010... 100          0.0057229308
    3: 1111000101101010001001001010100110110010... 93           0.005771051 
    4: 1111000101101011001001001011100100110010... 100          0.0058467768
    5: 1111000101111010001001001010100110110110... 99           0.0059263841
    6: 1111000101101010001001001010100110110010... 95           0.0056692413
    7: 1111000101101010001001001010100110110010... 94           0.0056646198
    8: 1111000101101010001011011010100110110010... 98           0.0057801867
    9: 1111000101101111001001001000100110110110... 100          0.0060599042

Pickling population to: genetic_alg_settings_population_end.pkl

Hall of Fame:
Index: Selected                                    #Selected    CV          
----------------------------------------------------------------------------------------------------
    0: 1111010101111010011001001010110110100110... 96           0.0054416377
    1: 1111010101111010011001001010110110100110... 93           0.0054991958
    2: 1111011101101010001001001010110110110110... 94           0.0055038136
    3: 1111010001111011011000011010100110000111... 95           0.005508369 
    4: 1111001101101010001001001010100110110010... 96           0.0055203497
    5: 1111010101111010001001001010110110110110... 91           0.0055352959
    6: 1111010101101010001001001010110110110110... 91           0.005538148 
    7: 1111000101101011001001001010100110110010... 99           0.0055392519
    8: 1111010101101010001001001010110110110110... 90           0.0055476834
    9: 1111010101111010001001001010110110110110... 93           0.0055532878

Pickling Hall of Fame to: genetic_alg_settings_evolve_halloffame.pkl
Begin 8 of 20 repetitions
Begin 20 generations
gen	nevals	avg       	std        	min       	max      
0  	0     	0.00575894	0.000146935	0.00553925	0.0060599
1  	10    	0.00576451	0.000151563	0.00559659	0.00602206
2  	10    	0.00579948	0.000118009	0.00565832	0.00600294
3  	10    	0.00576836	0.000171266	0.0055813 	0.00617754
4  	10    	0.0058144 	0.000212732	0.00547868	0.0063411 
5  	10    	0.00577905	0.000218636	0.0056106 	0.00639769
6  	10    	0.00573519	6.46108e-05	0.00565095	0.00586766
7  	10    	0.00575842	0.000134414	0.00559502	0.00598938
8  	10    	0.00571682	0.000102269	0.0055839 	0.00590225
9  	10    	0.00573582	0.000177932	0.00557329	0.00623004
10 	10    	0.00576058	0.000103706	0.00555551	0.0059281 
11 	10    	0.00586891	0.000211771	0.00555215	0.00616035
12 	10    	0.00585762	0.000355531	0.00552378	0.00686878
13 	10    	0.00573129	0.000244656	0.00542246	0.0063759 
14 	10    	0.00574482	0.000231326	0.00557612	0.00640283
15 	10    	0.00576725	0.000253891	0.00557025	0.006442  
16 	10    	0.00565021	6.18989e-05	0.00556343	0.00575778
17 	10    	0.00580501	0.000301474	0.00548472	0.00665743
18 	10    	0.00580133	0.000278291	0.00551237	0.00640506
19 	10    	0.00575039	0.00011551 	0.00551176	0.0059543 
20 	10    	0.00581707	0.000294159	0.00550807	0.00661262
Runtime: 9.31252519699774 (s)


Final population:
Index: Selected                                    #Selected    CV          
----------------------------------------------------------------------------------------------------
    0: 1111000101001011001001000110100110110010... 100          0.0066126177
    1: 1111000101100011001001011010100110110010... 97           0.0057805267
    2: 1111000101100011001001111010100110110010... 100          0.0056281375
    3: 1111000101100010001001011110100110110010... 97           0.0056686977
    4: 1111000100100011001001011011100110110010... 100          0.005659423 
    5: 1111000100100011001001011010100110110010... 100          0.005508066 
    6: 1111000001100011001001011110100110110010... 100          0.0059056462
    7: 1111000101101011001001011010100110110010... 95           0.0057662764
    8: 1111000100100011001001011110101110110010... 100          0.0059665644
    9: 1111000101100011001001011010100110110010... 100          0.0056747881

Pickling population to: genetic_alg_settings_population_end.pkl

Hall of Fame:
Index: Selected                                    #Selected    CV          
----------------------------------------------------------------------------------------------------
    0: 1111000101100011001001011010100110110010... 97           0.0054224607
    1: 1111010101111010011001001010110110100110... 96           0.0054416377
    2: 1111000101101011001001001010100110110010... 95           0.0054786838
    3: 1111000101100011001001011110100110110010... 100          0.0054847217
    4: 1111010101111010011001001010110110100110... 93           0.0054991958
    5: 1111011101101010001001001010110110110110... 94           0.0055038136
    6: 1111000100100011001001011010100110110010... 100          0.005508066 
    7: 1111010001111011011000011010100110000111... 95           0.005508369 
    8: 1111000100100011001001011010100110110010... 100          0.0055117551
    9: 1111000101100011001001011010100110110010... 99           0.0055123691

Pickling Hall of Fame to: genetic_alg_settings_evolve_halloffame.pkl
Begin 9 of 20 repetitions
Begin 20 generations
gen	nevals	avg       	std        	min       	max       
0  	0     	0.00581707	0.000294159	0.00550807	0.00661262
1  	10    	0.00583236	8.77334e-05	0.00568749	0.00599631
2  	10    	0.00585583	0.000227654	0.00554513	0.00629725
3  	10    	0.00576157	0.000239926	0.00551414	0.00639635
4  	10    	0.00573041	0.00011436 	0.00560594	0.00600683
5  	10    	0.00566903	0.000111028	0.00550457	0.00587406
6  	10    	0.00566531	0.000113947	0.00549583	0.00585933
7  	10    	0.00572916	0.000182148	0.00553265	0.00617461
8  	10    	0.00570718	0.000194458	0.00544604	0.00623131
9  	10    	0.00569224	7.94562e-05	0.00559589	0.00587352
10 	10    	0.00574976	0.000376609	0.00550245	0.00686046
11 	10    	0.00563517	7.76276e-05	0.00553692	0.00583385
12 	10    	0.00578239	0.000262631	0.00547908	0.00643049
13 	10    	0.0056329 	0.000118915	0.00534152	0.00580166
14 	10    	0.00566566	0.000117155	0.00554251	0.00598472
15 	10    	0.00561878	0.000123228	0.0054244 	0.00592862
16 	10    	0.00562441	7.68967e-05	0.00549116	0.00576615
17 	10    	0.00571578	0.000198868	0.00551853	0.00622535
18 	10    	0.00556834	7.7622e-05 	0.00545038	0.00566591
19 	10    	0.00568212	0.000129421	0.00551332	0.00592063
20 	10    	0.00569577	0.000280331	0.00547432	0.00651497
Runtime: 9.109263975995418 (s)


Final population:
Index: Selected                                    #Selected    CV          
----------------------------------------------------------------------------------------------------
    0: 1111000000100010011001011010100110011110... 95           0.0054743178
    1: 1111000000100010011011111010100100010110... 99           0.0056926091
    2: 1111000100100010011001011010100110010110... 94           0.0056456586
    3: 1111000100110010011001011010110110010110... 99           0.0056642474
    4: 1111000100100110011001011010100110010110... 96           0.0056206686
    5: 1111000100110010011001011010110110010110... 100          0.0056389162
    6: 1111000000000010011001011010100110010110... 95           0.0056031331
    7: 1111000000100010011001011010100110010110... 98           0.0055915345
    8: 1111000100110010011001011010110110010110... 100          0.0055116885
    9: 1111000100110010011001010010110110010110... 100          0.006514972 

Pickling population to: genetic_alg_settings_population_end.pkl

Hall of Fame:
Index: Selected                                    #Selected    CV          
----------------------------------------------------------------------------------------------------
    0: 1111000100100010001001011010100110010110... 96           0.0053415175
    1: 1111000101100011001001011010100110110010... 97           0.0054224607
    2: 1111000100100010001001011010100110010110... 98           0.005424402 
    3: 1111010101111010011001001010110110100110... 96           0.0054416377
    4: 1111000101100010001001011010100110010110... 97           0.0054460447
    5: 1111000100110010011001011010110110010110... 99           0.0054503756
    6: 1111000100100010011001011010100110010110... 94           0.0054670012
    7: 1111000000100010011001011010100110011110... 95           0.0054743178
    8: 1111000101101011001001001010100110110010... 95           0.0054786838
    9: 1111000100100010001001011010100110010110... 95           0.005479076 

Pickling Hall of Fame to: genetic_alg_settings_evolve_halloffame.pkl
Begin 10 of 20 repetitions
Begin 20 generations
gen	nevals	avg       	std        	min       	max       
0  	0     	0.00569577	0.000280331	0.00547432	0.00651497
1  	10    	0.00576465	0.000315692	0.00550328	0.00656829
2  	10    	0.00573396	0.000153816	0.00554709	0.00598633
3  	10    	0.00565348	0.000101429	0.00552533	0.00590217
4  	10    	0.00572171	8.76735e-05	0.00559985	0.00584898
5  	10    	0.00571584	8.21047e-05	0.00556291	0.00582056
6  	10    	0.00574343	0.000119214	0.00554421	0.00601775
7  	10    	0.00570449	9.86976e-05	0.00555582	0.00584783
8  	10    	0.00581308	0.00035522 	0.0055743 	0.00685962
9  	10    	0.00564612	0.000111576	0.00554876	0.00595211
10 	10    	0.00575898	0.000234319	0.00559588	0.00642861
11 	10    	0.00574651	0.000171718	0.00554742	0.0062153 
12 	10    	0.00568992	7.27425e-05	0.00558715	0.00583679
13 	10    	0.00567917	0.00012476 	0.00545456	0.0059056 
14 	10    	0.0056617 	0.000110682	0.00540797	0.00580839
15 	10    	0.00582685	0.000343519	0.00558605	0.00679458
16 	10    	0.0056644 	9.10311e-05	0.00552749	0.00580474
17 	10    	0.00582951	0.000343722	0.00562916	0.00684766
18 	10    	0.00578015	0.000381994	0.00552389	0.00688782
19 	10    	0.00592019	0.000371026	0.00567528	0.00696229
20 	10    	0.00577773	0.000142455	0.00551745	0.00597964
Runtime: 9.266101765002531 (s)


Final population:
Index: Selected                                    #Selected    CV          
----------------------------------------------------------------------------------------------------
    0: 1111000000010110011001011110101110011110... 98           0.0055174493
    1: 1111001000000010111001011010100110011110... 100          0.0057960013
    2: 1111001000000110111001011110100110011110... 99           0.0059732691
    3: 1111001000000110111001011110100110011110... 98           0.0058499457
    4: 1111001000000010111001011110100110011110... 99           0.0056281984
    5: 1111001000000110011001001110000110011110... 100          0.0058500964
    6: 1111001000000010011001001100100110010110... 98           0.0057539904
    7: 1111000000000010011001011110000110011110... 99           0.0056293778
    8: 1111000000000010011001011100100110010110... 99           0.0057992818
    9: 1111000000000010011001001100100110010110... 100          0.0059796449

Pickling population to: genetic_alg_settings_population_end.pkl

Hall of Fame:
Index: Selected                                    #Selected    CV          
----------------------------------------------------------------------------------------------------
    0: 1111000100100010001001011010100110010110... 96           0.0053415175
    1: 1111001010000010011001011010100110011110... 100          0.0054079683
    2: 1111000101100011001001011010100110110010... 97           0.0054224607
    3: 1111000100100010001001011010100110010110... 98           0.005424402 
    4: 1111010101111010011001001010110110100110... 96           0.0054416377
    5: 1111000101100010001001011010100110010110... 97           0.0054460447
    6: 1111000100110010011001011010110110010110... 99           0.0054503756
    7: 1111001010000010011001011010100110011110... 100          0.005454557 
    8: 1111000100100010011001011010100110010110... 94           0.0054670012
    9: 1111000000100010011001011010100110011110... 95           0.0054743178

Pickling Hall of Fame to: genetic_alg_settings_evolve_halloffame.pkl
Begin 11 of 20 repetitions
Begin 20 generations
gen	nevals	avg       	std        	min       	max       
0  	0     	0.00577773	0.000142455	0.00551745	0.00597964
1  	10    	0.00589427	0.000387482	0.0055163 	0.00695396
2  	10    	0.00566331	7.90295e-05	0.00558623	0.0058509 
3  	10    	0.00569429	7.08016e-05	0.00550292	0.00578931
4  	10    	0.00576065	0.000166056	0.0055057 	0.00617577
5  	10    	0.00574711	0.000151114	0.00559242	0.00608334
6  	10    	0.00580548	0.000257348	0.00551832	0.00648602
7  	10    	0.0058367 	0.000130342	0.00561344	0.00604947
8  	10    	0.00579796	6.71148e-05	0.00563782	0.00588655
9  	10    	0.0057584 	0.000104195	0.00559171	0.00596252
10 	10    	0.005763  	0.000101845	0.00564379	0.00602668
11 	10    	0.00582747	9.64828e-05	0.00562467	0.00593839
12 	10    	0.00588438	0.000152913	0.00570806	0.00622692
13 	10    	0.00578081	9.42851e-05	0.00567904	0.00593623
14 	10    	0.00578607	9.19877e-05	0.00563911	0.00594271
15 	10    	0.00578406	7.69816e-05	0.0056761 	0.00592327
16 	10    	0.00582544	0.000112056	0.00565362	0.00601864
17 	10    	0.00590281	0.00010875 	0.00578206	0.0060922 
18 	10    	0.00590761	0.000115715	0.00576624	0.00618766
19 	10    	0.00584831	8.93268e-05	0.00571834	0.0059929 
20 	10    	0.0060991 	0.000472242	0.00574861	0.0071097 
Runtime: 9.280167550001352 (s)


Final population:
Index: Selected                                    #Selected    CV          
----------------------------------------------------------------------------------------------------
    0: 1111000000001010011001001111100110011010... 100          0.0058209946
    1: 1111000000011010011001001111100110011010... 100          0.0058882023
    2: 1111000000011010011001001111100110011010... 100          0.0060274271
    3: 1111000000001011011000001111100110011010... 98           0.0058318905
    4: 1111000000011010011001001101100110011010... 97           0.0061143189
    5: 1111000000011010011001100111100110011010... 99           0.0071096952
    6: 1111000000001011011000001111100110011010... 100          0.0057719226
    7: 1111000000001011011000001111100110011010... 100          0.0057622286
    8: 1111000000011010011000001010100110011010... 96           0.0057486095
    9: 1111000000001011011001000111100110011010... 98           0.0069157152

Pickling population to: genetic_alg_settings_population_end.pkl

Hall of Fame:
Index: Selected                                    #Selected    CV          
----------------------------------------------------------------------------------------------------
    0: 1111000100100010001001011010100110010110... 96           0.0053415175
    1: 1111001010000010011001011010100110011110... 100          0.0054079683
    2: 1111000101100011001001011010100110110010... 97           0.0054224607
    3: 1111000100100010001001011010100110010110... 98           0.005424402 
    4: 1111010101111010011001001010110110100110... 96           0.0054416377
    5: 1111000101100010001001011010100110010110... 97           0.0054460447
    6: 1111000100110010011001011010110110010110... 99           0.0054503756
    7: 1111001010000010011001011010100110011110... 100          0.005454557 
    8: 1111000100100010011001011010100110010110... 94           0.0054670012
    9: 1111000000100010011001011010100110011110... 95           0.0054743178

Pickling Hall of Fame to: genetic_alg_settings_evolve_halloffame.pkl
Begin 12 of 20 repetitions
Begin 20 generations
gen	nevals	avg      	std        	min       	max      
0  	0     	0.0060991	0.000472242	0.00574861	0.0071097
1  	10    	0.00587607	0.000164742	0.00568064	0.0062281
2  	10    	0.00586539	0.00027549 	0.00566753	0.00665704
3  	10    	0.00589865	0.00023124 	0.00569876	0.00654953
4  	10    	0.00581016	0.000144169	0.00565256	0.00617006
5  	10    	0.00582855	0.000136867	0.00563336	0.0061197 
6  	10    	0.00587796	0.000279928	0.00562031	0.00665066
7  	10    	0.00573938	0.000101045	0.00556813	0.0058892 
8  	10    	0.00573417	4.82637e-05	0.00562261	0.00582075
9  	10    	0.00576097	9.36583e-05	0.00566454	0.00598533
10 	10    	0.00587141	0.000177296	0.00562805	0.00627429
11 	10    	0.00580202	0.000102004	0.00566702	0.00601583
12 	10    	0.00593426	0.000253728	0.00570989	0.00665547
13 	10    	0.00590712	0.000141359	0.00571606	0.00621874
14 	10    	0.00584747	8.31006e-05	0.00575821	0.00601225
15 	10    	0.00581674	8.23812e-05	0.00566096	0.00597298
16 	10    	0.00582938	8.3672e-05 	0.00569034	0.00595583
17 	10    	0.00593294	0.000177756	0.00575934	0.00637666
18 	10    	0.00585101	0.000155873	0.0055856 	0.00605792
19 	10    	0.00586144	0.000159531	0.00575875	0.00631058
20 	10    	0.00583948	0.000121589	0.00573359	0.00616737
Runtime: 9.091533876002359 (s)


Final population:
Index: Selected                                    #Selected    CV          
----------------------------------------------------------------------------------------------------
    0: 1111000001011000110000001110100110011010... 97           0.0057335901
    1: 1111000001010000110000001110100110011010... 98           0.0058820341
    2: 1111000000011000110000001110100110011110... 100          0.0057399913
    3: 1111000001011000110000001110110110011010... 100          0.0058032815
    4: 1111000000011000110000001110100110011110... 98           0.0058866509
    5: 1111000001011000110000001110100010111000... 100          0.0061673723
    6: 1111000000011000110000001110100110011110... 99           0.0058273458
    7: 1111000001011000110000001110100110011010... 96           0.0057826896
    8: 1111000001011000110000001110100110011100... 100          0.0057371391
    9: 1111000001001000110000001110100110011010... 96           0.005834694 

Pickling population to: genetic_alg_settings_population_end.pkl

Hall of Fame:
Index: Selected                                    #Selected    CV          
----------------------------------------------------------------------------------------------------
    0: 1111000100100010001001011010100110010110... 96           0.0053415175
    1: 1111001010000010011001011010100110011110... 100          0.0054079683
    2: 1111000101100011001001011010100110110010... 97           0.0054224607
    3: 1111000100100010001001011010100110010110... 98           0.005424402 
    4: 1111010101111010011001001010110110100110... 96           0.0054416377
    5: 1111000101100010001001011010100110010110... 97           0.0054460447
    6: 1111000100110010011001011010110110010110... 99           0.0054503756
    7: 1111001010000010011001011010100110011110... 100          0.005454557 
    8: 1111000100100010011001011010100110010110... 94           0.0054670012
    9: 1111000000100010011001011010100110011110... 95           0.0054743178

Pickling Hall of Fame to: genetic_alg_settings_evolve_halloffame.pkl
Begin 13 of 20 repetitions
Begin 20 generations
gen	nevals	avg       	std        	min       	max       
0  	0     	0.00583948	0.000121589	0.00573359	0.00616737
1  	10    	0.00600324	0.000285935	0.00573918	0.00664258
2  	10    	0.00586082	0.000194435	0.00566386	0.00631033
3  	10    	0.00590451	0.000177127	0.00560369	0.00634464
4  	10    	0.00587653	0.000122769	0.00567527	0.00607577
5  	10    	0.00586215	0.000165781	0.00566979	0.00614228
6  	10    	0.00580328	0.000117595	0.00568168	0.00606425
7  	10    	0.00597445	0.00026028 	0.00570477	0.00649239
8  	10    	0.00590185	0.000314504	0.00565319	0.0066394 
9  	10    	0.0057887 	0.000120627	0.00565768	0.00602257
10 	10    	0.00575386	0.000112666	0.00557214	0.00598887
11 	10    	0.00573625	0.000106423	0.00555276	0.00590161
12 	10    	0.00577624	0.000215265	0.00553859	0.00623375
13 	10    	0.00571779	0.000105065	0.00557663	0.00591061
14 	10    	0.00571919	0.0001801  	0.00554223	0.00614268
15 	10    	0.00581209	0.000174628	0.00564513	0.0061789 
16 	10    	0.00600666	0.000244225	0.00568672	0.00637251
17 	10    	0.00573839	7.8588e-05 	0.00565067	0.00590102
18 	10    	0.00578107	0.000112616	0.00559977	0.00602295
19 	10    	0.00591138	0.000239523	0.00561189	0.0062805 
20 	10    	0.00583667	0.000242474	0.00563448	0.00648805
Runtime: 9.268739604005532 (s)


Final population:
Index: Selected                                    #Selected    CV          
----------------------------------------------------------------------------------------------------
    0: 1111000000010000110001101110100111111110... 98           0.0056344836
    1: 1111000000011000111001100110100111111100... 98           0.006488051 
    2: 1111000000010000110001101110100111111110... 93           0.00579506  
    3: 1111000000010000111101101010100100110110... 100          0.0060239809
    4: 1111000000011000110000101110100110111110... 95           0.0056625928
    5: 1111001000010000110101101110100111111110... 99           0.0057877326
    6: 1111000000010000110000101110100111111110... 98           0.005841801 
    7: 1111000000011100111101101110100111111110... 100          0.0056721431
    8: 1111000000010000111100101110100111111110... 100          0.0056881407
    9: 1111000000011000110001101110100111111110... 99           0.0057727085

Pickling population to: genetic_alg_settings_population_end.pkl

Hall of Fame:
Index: Selected                                    #Selected    CV          
----------------------------------------------------------------------------------------------------
    0: 1111000100100010001001011010100110010110... 96           0.0053415175
    1: 1111001010000010011001011010100110011110... 100          0.0054079683
    2: 1111000101100011001001011010100110110010... 97           0.0054224607
    3: 1111000100100010001001011010100110010110... 98           0.005424402 
    4: 1111010101111010011001001010110110100110... 96           0.0054416377
    5: 1111000101100010001001011010100110010110... 97           0.0054460447
    6: 1111000100110010011001011010110110010110... 99           0.0054503756
    7: 1111001010000010011001011010100110011110... 100          0.005454557 
    8: 1111000100100010011001011010100110010110... 94           0.0054670012
    9: 1111000000100010011001011010100110011110... 95           0.0054743178

Pickling Hall of Fame to: genetic_alg_settings_evolve_halloffame.pkl
Begin 14 of 20 repetitions
Begin 20 generations
gen	nevals	avg       	std        	min       	max       
0  	0     	0.00583667	0.000242474	0.00563448	0.00648805
1  	10    	0.00589482	0.000321409	0.00566938	0.00682439
2  	10    	0.00589472	0.000296117	0.00563624	0.00673581
3  	10    	0.00590829	0.000191395	0.00568693	0.00640056
4  	10    	0.00603932	0.000365575	0.00570592	0.00697543
5  	10    	0.00607027	0.000392079	0.00569158	0.00708112
6  	10    	0.00585353	9.24398e-05	0.00572489	0.00603745
7  	10    	0.00587072	0.000168135	0.00560923	0.00614352
8  	10    	0.0058828 	0.000313077	0.00566451	0.00677078
9  	10    	0.0058463 	0.000203428	0.00551834	0.00630746
10 	10    	0.00603743	0.000334349	0.00563005	0.0068398 
11 	10    	0.005782  	0.000115241	0.00556934	0.00589624
12 	10    	0.00597305	0.000450352	0.00556074	0.00714074
13 	10    	0.00588416	0.000174483	0.00570756	0.00633878
14 	10    	0.00585337	0.000101499	0.00572997	0.00608516
15 	10    	0.00584707	7.6319e-05 	0.00571551	0.00598438
16 	10    	0.00598127	0.000301431	0.00564175	0.00657274
17 	10    	0.00584632	0.000267627	0.00557762	0.00661042
18 	10    	0.00586281	0.000185405	0.00563532	0.00617976
19 	10    	0.00585623	0.000130653	0.0057365 	0.00613112
20 	10    	0.00588956	0.00029525 	0.00563262	0.00669274
Runtime: 9.244176979998883 (s)


Final population:
Index: Selected                                    #Selected    CV          
----------------------------------------------------------------------------------------------------
    0: 1111000000010100110100101010110110111110... 98           0.0057091345
    1: 1111000001010000110100001010100110111110... 97           0.0058712847
    2: 1111000000010000110100101110110110111100... 99           0.0057037678
    3: 1111000000010000110100101110110110111100... 98           0.0056991479
    4: 1111000000010000110100101110110110111100... 97           0.0056326161
    5: 1111000000010000110100101110110110111100... 98           0.0057717112
    6: 1111001001010000110100101110100010111100... 94           0.0066927421
    7: 1111010001010000110100101010110110111110... 100          0.0058243581
    8: 1111000001010000110110100110110110111110... 100          0.0060859379
    9: 1111010000110000110100101110110110111100... 95           0.0059049403

Pickling population to: genetic_alg_settings_population_end.pkl

Hall of Fame:
Index: Selected                                    #Selected    CV          
----------------------------------------------------------------------------------------------------
    0: 1111000100100010001001011010100110010110... 96           0.0053415175
    1: 1111001010000010011001011010100110011110... 100          0.0054079683
    2: 1111000101100011001001011010100110110010... 97           0.0054224607
    3: 1111000100100010001001011010100110010110... 98           0.005424402 
    4: 1111010101111010011001001010110110100110... 96           0.0054416377
    5: 1111000101100010001001011010100110010110... 97           0.0054460447
    6: 1111000100110010011001011010110110010110... 99           0.0054503756
    7: 1111001010000010011001011010100110011110... 100          0.005454557 
    8: 1111000100100010011001011010100110010110... 94           0.0054670012
    9: 1111000000100010011001011010100110011110... 95           0.0054743178

Pickling Hall of Fame to: genetic_alg_settings_evolve_halloffame.pkl
Begin 15 of 20 repetitions
Begin 20 generations
gen	nevals	avg       	std       	min       	max       
0  	0     	0.00588956	0.00029525	0.00563262	0.00669274
1  	10    	0.00577415	0.000113682	0.00562227	0.005973  
2  	10    	0.00584228	0.000140648	0.00565886	0.0060677 
3  	10    	0.00577902	0.000193794	0.00561592	0.00633022
4  	10    	0.0058075 	0.000275966	0.00552618	0.00657173
5  	10    	0.00575663	0.000109811	0.00558041	0.00591292
6  	10    	0.00573188	9.18961e-05	0.00561934	0.0058846 
7  	10    	0.00573529	9.19097e-05	0.00560061	0.00592382
8  	10    	0.00580289	0.000229821	0.00557737	0.00640657
9  	10    	0.00574966	0.00012418 	0.00561033	0.00596491
10 	10    	0.00580343	0.000194874	0.00559767	0.00623511
11 	10    	0.00573601	0.000155011	0.00553722	0.00608815
12 	10    	0.00590409	0.000436647	0.00555567	0.00710657
13 	10    	0.00593892	0.000402947	0.00560773	0.00709044
14 	10    	0.00584196	0.00012321 	0.00566725	0.00611074
15 	10    	0.00587169	0.000239288	0.00563712	0.00629163
16 	10    	0.00579786	0.000139788	0.00561088	0.00603682
17 	10    	0.00571895	7.31486e-05	0.00560807	0.00582104
18 	10    	0.00583759	0.00025133 	0.00566053	0.00635762
19 	10    	0.00574663	7.51183e-05	0.00564829	0.00587961
20 	10    	0.00573768	0.000132047	0.00556115	0.00596891
Runtime: 9.42398949899507 (s)


Final population:
Index: Selected                                    #Selected    CV          
----------------------------------------------------------------------------------------------------
    0: 1111010000010010110000101010110110010110... 99           0.0055861028
    1: 1111010000010010110100101010110111011110... 100          0.0057097623
    2: 1111010000010010110000101010110110010110... 99           0.0056464934
    3: 1111010000010010110000111010110110010110... 99           0.0055938905
    4: 1111010000010010100000101010110110010110... 94           0.0058076368
    5: 1111010000010010110000101010110110010110... 93           0.0055611461
    6: 1111010000010010110000101010110100110110... 100          0.0058483869
    7: 1111010010110010110100101010110110000110... 100          0.0058707843
    8: 1111010000010010110000101010010110010110... 94           0.0057837325
    9: 1111010000010010110000101010110110110110... 99           0.0059689113

Pickling population to: genetic_alg_settings_population_end.pkl

Hall of Fame:
Index: Selected                                    #Selected    CV          
----------------------------------------------------------------------------------------------------
    0: 1111000100100010001001011010100110010110... 96           0.0053415175
    1: 1111001010000010011001011010100110011110... 100          0.0054079683
    2: 1111000101100011001001011010100110110010... 97           0.0054224607
    3: 1111000100100010001001011010100110010110... 98           0.005424402 
    4: 1111010101111010011001001010110110100110... 96           0.0054416377
    5: 1111000101100010001001011010100110010110... 97           0.0054460447
    6: 1111000100110010011001011010110110010110... 99           0.0054503756
    7: 1111001010000010011001011010100110011110... 100          0.005454557 
    8: 1111000100100010011001011010100110010110... 94           0.0054670012
    9: 1111000000100010011001011010100110011110... 95           0.0054743178

Pickling Hall of Fame to: genetic_alg_settings_evolve_halloffame.pkl
Begin 16 of 20 repetitions
Begin 20 generations
gen	nevals	avg       	std        	min       	max       
0  	0     	0.00573768	0.000132047	0.00556115	0.00596891
1  	10    	0.0058227 	0.000354325	0.0055645 	0.00684524
2  	10    	0.00574106	0.000156589	0.00545782	0.00603825
3  	10    	0.00571748	0.000143766	0.00547874	0.00590278
4  	10    	0.00568834	0.000100476	0.00551846	0.0059119 
5  	10    	0.00560776	0.000126936	0.00547412	0.00589817
6  	10    	0.00559333	0.000101834	0.00542363	0.0058268 
7  	10    	0.00563382	8.77602e-05	0.00549657	0.00573654
8  	10    	0.00572259	0.000302325	0.00552249	0.00661401
9  	10    	0.00574286	0.000307347	0.00549816	0.00663319
10 	10    	0.0057618 	0.000167819	0.00559923	0.00621254
11 	10    	0.00569541	0.000100782	0.00549118	0.00581113
12 	10    	0.00571329	0.00026518 	0.00544213	0.00640042
13 	10    	0.00571795	0.000239813	0.00548212	0.00637275
14 	10    	0.00582702	0.000403862	0.0055303 	0.00697715
15 	10    	0.00571917	0.000276586	0.00549956	0.00651833
16 	10    	0.00566377	9.28519e-05	0.00554012	0.00587986
17 	10    	0.00567953	0.000112063	0.00557481	0.00591298
18 	10    	0.00566232	9.10833e-05	0.00547664	0.00583139
19 	10    	0.00581096	0.000260359	0.00551706	0.00627665
20 	10    	0.00558599	8.94561e-05	0.00544063	0.00571384
Runtime: 9.149207803995523 (s)


Final population:
Index: Selected                                    #Selected    CV          
----------------------------------------------------------------------------------------------------
    0: 1111100000010010010000101011110110010111... 99           0.0054774489
    1: 1111100000010010010000101011110110010111... 100          0.005566663 
    2: 1111100000010000010000101010110111010111... 96           0.0054990795
    3: 1111100000010000010000101010110111010111... 96           0.0054406283
    4: 1111100000010000010000101010110111010111... 99           0.0056375782
    5: 1111100000010010010000101010110110010111... 96           0.0056952105
    6: 1111100000010010011000101010110110010111... 97           0.0055574179
    7: 1111100000010000010000101010110111010111... 95           0.0057138406
    8: 1111100000010010010000101011110110010111... 99           0.0056708478
    9: 1111100000010010010000101011110110010111... 97           0.0056012309

Pickling population to: genetic_alg_settings_population_end.pkl

Hall of Fame:
Index: Selected                                    #Selected    CV          
----------------------------------------------------------------------------------------------------
    0: 1111000100100010001001011010100110010110... 96           0.0053415175
    1: 1111001010000010011001011010100110011110... 100          0.0054079683
    2: 1111000101100011001001011010100110110010... 97           0.0054224607
    3: 1111010000010010110000101010110110010111... 97           0.005423631 
    4: 1111000100100010001001011010100110010110... 98           0.005424402 
    5: 1111100000010000010000101010110111010111... 96           0.0054406283
    6: 1111010101111010011001001010110110100110... 96           0.0054416377
    7: 1111100000010010110000101010110110010111... 100          0.0054421293
    8: 1111000101100010001001011010100110010110... 97           0.0054460447
    9: 1111000100110010011001011010110110010110... 99           0.0054503756

Pickling Hall of Fame to: genetic_alg_settings_evolve_halloffame.pkl
Begin 17 of 20 repetitions
Begin 20 generations
gen	nevals	avg       	std        	min       	max       
0  	0     	0.00558599	8.94561e-05	0.00544063	0.00571384
1  	10    	0.00557949	5.27253e-05	0.00550862	0.00569505
2  	10    	0.00559402	0.000115465	0.00545501	0.00590939
3  	10    	0.00563458	0.000125542	0.00546987	0.00589095
4  	10    	0.00575836	0.000440184	0.00550001	0.00706753
5  	10    	0.00568633	0.000250044	0.00544307	0.00640544
6  	10    	0.00573686	0.000367365	0.00556063	0.00683606
7  	10    	0.00561914	6.12251e-05	0.00552995	0.00571906
8  	10    	0.0056012 	7.94893e-05	0.0054704 	0.00576697
9  	10    	0.00573013	0.000354784	0.00551345	0.00676038
10 	10    	0.00564461	8.22615e-05	0.00556293	0.00578658
11 	10    	0.00575294	0.000138064	0.00560376	0.0060098 
12 	10    	0.00578015	0.000222878	0.00551892	0.00621222
13 	10    	0.00580673	0.000340614	0.00558506	0.00676808
14 	10    	0.00578851	0.000106508	0.00562924	0.00600203
15 	10    	0.00589255	0.000307327	0.00561189	0.00654948
16 	10    	0.00588528	0.000279241	0.00562705	0.00654472
17 	10    	0.00587206	0.000206034	0.00549992	0.00619844
18 	10    	0.00570674	0.000222913	0.00546383	0.00632538
19 	10    	0.00572866	0.000152741	0.00556105	0.00598229
20 	10    	0.00566704	9.90039e-05	0.00555412	0.0059314 
Runtime: 9.356292498996481 (s)


Final population:
Index: Selected                                    #Selected    CV          
----------------------------------------------------------------------------------------------------
    0: 1111110000110010010000101010110100010111... 93           0.0056646719
    1: 1111110001110000000100101010110100010011... 99           0.005706209 
    2: 1111110001110110000100001010110100010011... 100          0.0056362728
    3: 1111110001110010000000101010110100010111... 98           0.0055541172
    4: 1111110001110010010000101010110100010111... 99           0.0056636946
    5: 1111110001110110100000101010110100010111... 96           0.0056239122
    6: 1111110001110010010100101010110100010111... 100          0.0056969945
    7: 1111110001110010000000001010110100010011... 97           0.0056062902
    8: 1111010001110010010000101011110100010111... 95           0.005586819 
    9: 1111110000110110010000001010110100010011... 98           0.0059313985

Pickling population to: genetic_alg_settings_population_end.pkl

Hall of Fame:
Index: Selected                                    #Selected    CV          
----------------------------------------------------------------------------------------------------
    0: 1111000100100010001001011010100110010110... 96           0.0053415175
    1: 1111001010000010011001011010100110011110... 100          0.0054079683
    2: 1111000101100011001001011010100110110010... 97           0.0054224607
    3: 1111010000010010110000101010110110010111... 97           0.005423631 
    4: 1111000100100010001001011010100110010110... 98           0.005424402 
    5: 1111100000010000010000101010110111010111... 96           0.0054406283
    6: 1111010101111010011001001010110110100110... 96           0.0054416377
    7: 1111100000010010110000101010110110010111... 100          0.0054421293
    8: 1111100000010010010000101011110110010111... 98           0.0054430749
    9: 1111000101100010001001011010100110010110... 97           0.0054460447

Pickling Hall of Fame to: genetic_alg_settings_evolve_halloffame.pkl
Begin 18 of 20 repetitions
Begin 20 generations
gen	nevals	avg       	std        	min       	max      
0  	0     	0.00566704	9.90039e-05	0.00555412	0.0059314
1  	10    	0.00570165	7.29816e-05	0.00561235	0.00587155
2  	10    	0.00564503	5.49902e-05	0.00555108	0.00573335
3  	10    	0.00568589	0.000115293	0.00554601	0.0060052 
4  	10    	0.00570041	8.16293e-05	0.00552515	0.00583832
5  	10    	0.00576692	0.000290922	0.00555617	0.00661127
6  	10    	0.00571291	0.000141095	0.00557142	0.00599237
7  	10    	0.00572847	0.000129044	0.00553752	0.00597132
8  	10    	0.00568575	8.98132e-05	0.00557355	0.00583411
9  	10    	0.00576303	0.000118801	0.0056066 	0.00596117
10 	10    	0.00601533	0.000383015	0.00558931	0.00668085
11 	10    	0.00598032	0.00053744 	0.00563566	0.00751775
12 	10    	0.00582977	0.000206623	0.00557272	0.00624735
13 	10    	0.00581951	0.000184041	0.00558093	0.0061837 
14 	10    	0.00603705	0.000374274	0.0055605 	0.00702564
15 	10    	0.00582715	0.00019255 	0.0056856 	0.00633224
16 	10    	0.00584735	0.000117649	0.00563312	0.00610703
17 	10    	0.00572695	0.000118772	0.00549631	0.00592427
18 	10    	0.00569164	0.000175301	0.00550929	0.00612822
19 	10    	0.00565901	0.000137426	0.00550606	0.00593918
20 	10    	0.00572914	0.000182718	0.00549422	0.00609577
Runtime: 9.425296262001211 (s)


Final population:
Index: Selected                                    #Selected    CV          
----------------------------------------------------------------------------------------------------
    0: 1111110001111010001001001011100000000111... 99           0.0060457848
    1: 1111110001111010001001001011100100000111... 100          0.005658093 
    2: 1111110001110010001000001010100100000111... 99           0.00575387  
    3: 1111110001110010001000001011100100000111... 99           0.0056864641
    4: 1111110001111010001000111010100100000111... 100          0.0056335876
    5: 1111110001110010011001001011100100000111... 97           0.0055931005
    6: 1111110001110010011000101010100100000111... 99           0.0054942242
    7: 1111110001110010111000101010100100000111... 99           0.0056464971
    8: 1111110001111010011010001010100100000111... 98           0.0056839656
    9: 1111110001110010001001101011100000100111... 100          0.0060957741

Pickling population to: genetic_alg_settings_population_end.pkl

Hall of Fame:
Index: Selected                                    #Selected    CV          
----------------------------------------------------------------------------------------------------
    0: 1111000100100010001001011010100110010110... 96           0.0053415175
    1: 1111001010000010011001011010100110011110... 100          0.0054079683
    2: 1111000101100011001001011010100110110010... 97           0.0054224607
    3: 1111010000010010110000101010110110010111... 97           0.005423631 
    4: 1111000100100010001001011010100110010110... 98           0.005424402 
    5: 1111100000010000010000101010110111010111... 96           0.0054406283
    6: 1111010101111010011001001010110110100110... 96           0.0054416377
    7: 1111100000010010110000101010110110010111... 100          0.0054421293
    8: 1111100000010010010000101011110110010111... 98           0.0054430749
    9: 1111000101100010001001011010100110010110... 97           0.0054460447

Pickling Hall of Fame to: genetic_alg_settings_evolve_halloffame.pkl
Begin 19 of 20 repetitions
Begin 20 generations
gen	nevals	avg       	std        	min       	max       
0  	0     	0.00572914	0.000182718	0.00549422	0.00609577
1  	10    	0.00570675	8.50441e-05	0.00558367	0.00590538
2  	10    	0.00588185	0.00040448 	0.00560418	0.00702613
3  	10    	0.00577061	0.000180769	0.00559675	0.00625334
4  	10    	0.00569726	6.03634e-05	0.00560111	0.0057906 
5  	10    	0.0057538 	0.000107108	0.00563211	0.00594257
6  	10    	0.00581612	0.00043698 	0.00547902	0.00703437
7  	10    	0.00588615	0.000430643	0.00557828	0.00705824
8  	10    	0.00591236	0.000494026	0.00552942	0.00733245
9  	10    	0.00575   	0.000133011	0.00558571	0.00599715
10 	10    	0.00573785	0.000103622	0.00550055	0.005888  
11 	10    	0.00598128	0.000411682	0.00559793	0.00701049
12 	10    	0.00595099	0.000432897	0.00563909	0.00721938
13 	10    	0.00585601	0.000132854	0.00564525	0.00613485
14 	10    	0.00599836	0.000511004	0.00560581	0.00745801
15 	10    	0.00597644	0.00048804 	0.00564967	0.00738229
16 	10    	0.00587768	0.000170654	0.00567632	0.00629456
17 	10    	0.0062477 	0.000578821	0.00562814	0.00743259
18 	10    	0.00572881	9.8139e-05 	0.00559146	0.00595268
19 	10    	0.00589446	0.000397126	0.00567062	0.00706896
20 	10    	0.00579996	9.11311e-05	0.0056414 	0.00594438
Runtime: 9.424033330004022 (s)


Final population:
Index: Selected                                    #Selected    CV          
----------------------------------------------------------------------------------------------------
    0: 1111100011110010011000001011100100000111... 100          0.0056413997
    1: 1111100011010010110000001010100100000111... 93           0.0058961482
    2: 1111100011110010011000001010100100000111... 98           0.0057593577
    3: 1111100011110010011000001010100100000101... 98           0.0058733794
    4: 1111100011110010011000001010100100000111... 99           0.0058079945
    5: 1111100011110010011000001010100100000111... 99           0.0057421008
    6: 1111100011111010010000001010100100000111... 95           0.0058601564
    7: 1111100011110011110000001011100100000111... 100          0.0059443849
    8: 1111100010110010010000001010110100000111... 95           0.0056831193
    9: 1111110011110010011000001010100100001111... 100          0.0057915865

Pickling population to: genetic_alg_settings_population_end.pkl

Hall of Fame:
Index: Selected                                    #Selected    CV          
----------------------------------------------------------------------------------------------------
    0: 1111000100100010001001011010100110010110... 96           0.0053415175
    1: 1111001010000010011001011010100110011110... 100          0.0054079683
    2: 1111000101100011001001011010100110110010... 97           0.0054224607
    3: 1111010000010010110000101010110110010111... 97           0.005423631 
    4: 1111000100100010001001011010100110010110... 98           0.005424402 
    5: 1111100000010000010000101010110111010111... 96           0.0054406283
    6: 1111010101111010011001001010110110100110... 96           0.0054416377
    7: 1111100000010010110000101010110110010111... 100          0.0054421293
    8: 1111100000010010010000101011110110010111... 98           0.0054430749
    9: 1111000101100010001001011010100110010110... 97           0.0054460447

Pickling Hall of Fame to: genetic_alg_settings_evolve_halloffame.pkl
Begin 20 of 20 repetitions
Begin 20 generations
gen	nevals	avg       	std        	min      	max       
0  	0     	0.00579996	9.11311e-05	0.0056414	0.00594438
1  	10    	0.00601356	0.000596804	0.00558741	0.00776169
2  	10    	0.00581229	0.000134512	0.00565403	0.00614397
3  	10    	0.00576833	0.000107958	0.00559916	0.006008  
4  	10    	0.00580401	0.000116469	0.00570665	0.0061171 
5  	10    	0.00579775	0.000153877	0.00562298	0.00616228
6  	10    	0.00580868	6.55561e-05	0.00572619	0.00593016
7  	10    	0.00585751	0.000338323	0.00563618	0.00680575
8  	10    	0.00579958	0.000115019	0.0056456 	0.00597807
9  	10    	0.00577452	7.45232e-05	0.00563779	0.00587134
10 	10    	0.00593219	0.000506536	0.00563169	0.00742454
11 	10    	0.00591762	0.000271801	0.00566752	0.00666836
12 	10    	0.00581095	5.23715e-05	0.00574565	0.00590608
13 	10    	0.00589972	0.000168717	0.00568906	0.00622104
14 	10    	0.00600798	0.000635679	0.00573674	0.00790931
15 	10    	0.00577205	8.66238e-05	0.00562929	0.00592423
16 	10    	0.00583309	0.000234329	0.00560865	0.00647842
17 	10    	0.00573337	9.28683e-05	0.00555757	0.00587251
18 	10    	0.00571217	0.000134511	0.00550109	0.00591005
19 	10    	0.00569172	0.000152331	0.00555668	0.00607012
20 	10    	0.00563874	7.06632e-05	0.00552986	0.00578863
Runtime: 9.37966365399916 (s)


Final population:
Index: Selected                                    #Selected    CV          
----------------------------------------------------------------------------------------------------
    0: 1111000000110010010000001010000100000111... 95           0.0056659692
    1: 1111100000110010010000001010000110000111... 96           0.0055621208
    2: 1111100000110010010000001010000110000111... 97           0.0056693744
    3: 1111101000110010010000001010000110000111... 99           0.0056908647
    4: 1111000000110010010000001010000100000111... 94           0.0055782365
    5: 1111000000110010010000001010000100000111... 96           0.0055298559
    6: 1111001000110010010000001010000100000111... 97           0.0057886259
    7: 1111000000110010010000001010000100000111... 94           0.0056056925
    8: 1111000000110010010000001010000100000111... 93           0.0056626063
    9: 1111100000110010010000001010000110000111... 94           0.0056340877

Pickling population to: genetic_alg_settings_population_end.pkl

Hall of Fame:
Index: Selected                                    #Selected    CV          
----------------------------------------------------------------------------------------------------
    0: 1111000100100010001001011010100110010110... 96           0.0053415175
    1: 1111001010000010011001011010100110011110... 100          0.0054079683
    2: 1111000101100011001001011010100110110010... 97           0.0054224607
    3: 1111010000010010110000101010110110010111... 97           0.005423631 
    4: 1111000100100010001001011010100110010110... 98           0.005424402 
    5: 1111100000010000010000101010110111010111... 96           0.0054406283
    6: 1111010101111010011001001010110110100110... 96           0.0054416377
    7: 1111100000010010110000101010110110010111... 100          0.0054421293
    8: 1111100000010010010000101011110110010111... 98           0.0054430749
    9: 1111000101100010001001011010100110010110... 97           0.0054460447

Pickling Hall of Fame to: genetic_alg_settings_evolve_halloffame.pkl
#   DONE  Runtime: 185.39293969099526 (s)

Adding statistics...
  DONE

Result:
Index: Selected                                    #Selected    CV           RMS          wRMS         Estimator                FeatureSelection         Note
--------------------------------------------------------------------------------------------------------------------------------------------------------------------
    0: 1111000100100010001001011010100110010110... 96           0.0053415175 0.0045037358 0.0044987015 LinearRegression         GeneticAlgorithm         
    1: 1111001010000010011001011010100110011110... 100          0.0054079683 0.0044866421 0.0045003749 LinearRegression         GeneticAlgorithm         
    2: 1111000101100011001001011010100110110010... 97           0.0054224607 0.004521909  0.004530336  LinearRegression         GeneticAlgorithm         
    3: 1111010000010010110000101010110110010111... 97           0.005423631  0.0045351114 0.0045648896 LinearRegression         GeneticAlgorithm         
    4: 1111000100100010001001011010100110010110... 98           0.005424402  0.0044978387 0.0044935908 LinearRegression         GeneticAlgorithm         
    5: 1111100000010000010000101010110111010111... 96           0.0054406283 0.0045521099 0.0045606635 LinearRegression         GeneticAlgorithm         
    6: 1111010101111010011001001010110110100110... 96           0.0054416377 0.0045507138 0.0045321412 LinearRegression         GeneticAlgorithm         
    7: 1111100000010010110000101010110110010111... 100          0.0054421293 0.0044911031 0.004525317  LinearRegression         GeneticAlgorithm         
    8: 1111100000010010010000101011110110010111... 98           0.0054430749 0.0044846563 0.004533606  LinearRegression         GeneticAlgorithm         
    9: 1111000101100010001001011010100110010110... 97           0.0054460447 0.0044990901 0.0045103913 LinearRegression         GeneticAlgorithm         

Pickling Hall of Fame to: genetic_alg_settings_halloffame.pkl
