Loading genetic_alg_settings.json
# Hall of Fame size: 10 

# Get problem data...
# wHullDist: Will calculate hull distance: hull_dist(CALCULATED,atom_frac)
# Query requested: ['formation_energy', 'is_calculated', 'corr', 'hull_dist(CALCULATED,atom_frac)']
# Use existing: []
# Querying: ['formation_energy', 'is_calculated', 'corr', 'hull_dist(CALCULATED,atom_frac)']
#   DONE

# Target: formation_energy
# Training samples: 627
# Features: 253 

# Weighting:
{
  "method": "wHullDist",
  "kwargs": {
    "A": 2.0,
    "B": 2.0,
    "kT": 0.01,
    "hull_selection": "CALCULATED"
  }
}

# CV:
{
  "method": "KFold",
  "kwargs": {
    "n_splits": 10,
    "shuffle": true
  },
  "penalty": 0.0
} 

# Writing problem specs to: genetic_alg_settings_specs.pkl
# To inspect or customize the problem specs further, use the '--checkspecs' method

# Estimator:
{
  "method": "LinearRegression",
  "kwargs": {
    "fit_intercept": false
  }
} 

# Feature Selection:
{
  "method": "GeneticAlgorithm",
  "kwargs": {
    "constraints_kwargs": {
      "n_features_max": 100,
      "n_features_min": 3,
      "fix_off": [],
      "fix_on": [
        0,
        1,
        2
      ]
    },
    "selTournamentSize": 3,
    "mutFlipBitProb": 0.01,
    "evolve_params_kwargs": {
      "n_generation": 20,
      "n_repetition": 20,
      "n_features_init": 3,
      "n_population": 10,
      "n_halloffame": 10,
      "halloffame_filename": "evolve_halloffame.pkl",
      "filename_prefix": "genetic_alg_settings"
    },
    "cxUniformProb": 0.5
  }
} 

# Fit and select...
Constructing initial population
Begin 1 of 20 repetitions
Begin 20 generations
gen	nevals	avg      	std       	min      	max      
0  	10    	0.0200013	0.00130443	0.0173307	0.0219725
1  	10    	0.0183689	0.00114434	0.0171644	0.0203688
2  	10    	0.0165408	0.000910904	0.0151229	0.0180878
3  	10    	0.0161875	0.00161476 	0.0140224	0.0194335
4  	10    	0.0140741	0.000916291	0.0128793	0.0155989
5  	10    	0.0132368	0.000556002	0.0123604	0.0138678
6  	10    	0.0123346	0.000441771	0.0116196	0.0130668
7  	10    	0.0120415	0.000429285	0.0111639	0.0127835
8  	10    	0.0118209	0.000782681	0.0106949	0.0132441
9  	10    	0.0106989	0.000562287	0.00970557	0.0115254
10 	10    	0.0105761	0.000889672	0.00905424	0.0116201
11 	10    	0.00985435	0.000677246	0.00899213	0.0108171
12 	10    	0.00894228	0.000316227	0.0082838 	0.00959932
13 	10    	0.00868664	0.000507764	0.00787089	0.00923125
14 	10    	0.00845397	0.00052879 	0.00758299	0.00912118
15 	10    	0.00796092	0.000683202	0.00675451	0.00901442
16 	10    	0.00723596	0.000587361	0.00669016	0.00830248
17 	10    	0.00679524	0.000173301	0.00640174	0.0069859 
18 	10    	0.00669447	0.000166334	0.0064647 	0.00698855
19 	10    	0.00659453	0.00019879 	0.00632723	0.00709637
20 	10    	0.00651223	0.000159363	0.00627223	0.00673203
Runtime: 5.050889747995825 (s)


Final population:
Index: Selected                                    #Selected    CV          
----------------------------------------------------------------------------------------------------
    0: 1111000001001000000001011000101100011010... 74           0.0064109317
    1: 1111100001001000000001011000101100011000... 69           0.0066223385
    2: 1111000001001000000001011000101100011010... 72           0.0064826209
    3: 1111000001001000000101011000101100010000... 71           0.0065597604
    4: 1111000001001000001101011000101100010000... 72           0.0067200883
    5: 1111000001001000000101011000101100011010... 68           0.0066370983
    6: 1111000001001000000001011000101100000000... 73           0.0062722295
    7: 1111000001001000000001011000101100000000... 72           0.0063981394
    8: 1111000001001000000001011000101100011000... 78           0.0062870234
    9: 1111100001001000000001111000101100000000... 68           0.0067320281

Pickling population to: genetic_alg_settings_population_end.pkl

Hall of Fame:
Index: Selected                                    #Selected    CV          
----------------------------------------------------------------------------------------------------
    0: 1111000001001000000001011000101100000000... 73           0.0062722295
    1: 1111000001001000000001011000101100011000... 78           0.0062870234
    2: 1111000001001000000001011000101100000000... 72           0.0063272327
    3: 1111000001001000000001011000101100000000... 72           0.0063981394
    4: 1111000001001000000001011000101100011000... 74           0.0064017391
    5: 1111000001001000000001011000101100011010... 74           0.0064109317
    6: 1111000001001000000001011000101100010010... 69           0.0064512879
    7: 1111000001001000000101011000101100011010... 67           0.0064646964
    8: 1111000001001000000001011000101100011000... 70           0.0064662169
    9: 1111000001001000000101011000101100010010... 70           0.0064733419

Pickling Hall of Fame to: genetic_alg_settings_evolve_halloffame.pkl
Begin 2 of 20 repetitions
Begin 20 generations
gen	nevals	avg       	std        	min       	max       
0  	0     	0.00651223	0.000159363	0.00627223	0.00673203
1  	10    	0.00637909	0.000141614	0.00620913	0.00666579
2  	10    	0.00623865	6.60773e-05	0.00615403	0.00637517
3  	10    	0.00628015	0.000124958	0.00608056	0.00650014
4  	10    	0.00618354	5.66393e-05	0.00607857	0.00625999
5  	10    	0.00623299	0.000106039	0.00602058	0.00640443
6  	10    	0.00618495	9.16402e-05	0.00605895	0.00635743
7  	10    	0.00627708	0.000182285	0.00605871	0.006696  
8  	10    	0.00616071	9.68169e-05	0.00606958	0.00636568
9  	10    	0.00615405	0.00018141 	0.00601923	0.0066798 
10 	10    	0.00624192	0.000163733	0.00601862	0.00647907
11 	10    	0.00627339	0.000431741	0.00591066	0.00745676
12 	10    	0.00607606	6.77378e-05	0.00596371	0.00619676
13 	10    	0.00617806	0.000200848	0.00591525	0.00663558
14 	10    	0.00606054	0.000100644	0.00596102	0.00629922
15 	10    	0.00616779	0.000207922	0.00588111	0.00657884
16 	10    	0.00607772	8.6837e-05 	0.00594913	0.0062616 
17 	10    	0.00607876	0.000161832	0.0059006 	0.00641643
18 	10    	0.00598176	9.76127e-05	0.00587696	0.00622094
19 	10    	0.00594718	8.91435e-05	0.00577034	0.00605928
20 	10    	0.00592289	0.000144908	0.00570175	0.0062029 
Runtime: 8.204083674994763 (s)


Final population:
Index: Selected                                    #Selected    CV          
----------------------------------------------------------------------------------------------------
    0: 1111000001001010000001011000101101011000... 95           0.0059469878
    1: 1111000001001010000001011000101100011000... 92           0.0059635947
    2: 1111000001001010000001011000101101011000... 100          0.005887222 
    3: 1111000001001010000001011000101101001000... 95           0.0058758657
    4: 1111000011001010000001011010101100001000... 98           0.00577188  
    5: 1111000011001010000001011000001100001000... 98           0.00614095  
    6: 1111000011001010000001011010101101001000... 100          0.0062029027
    7: 1111000001001010000001011000101100001000... 98           0.005849363 
    8: 1111000011001010000001011010101100001000... 100          0.0058883697
    9: 1111000011001010000001011010101100001000... 100          0.0057017513

Pickling population to: genetic_alg_settings_population_end.pkl

Hall of Fame:
Index: Selected                                    #Selected    CV          
----------------------------------------------------------------------------------------------------
    0: 1111000011001010000001011010101100001000... 100          0.0057017513
    1: 1111000011001010000001011010101100001000... 99           0.0057703355
    2: 1111000011001010000001011010101100001000... 98           0.00577188  
    3: 1111000011001010000001011000101100001000... 95           0.0058365377
    4: 1111000001001010000001011000101100001000... 98           0.005849363 
    5: 1111000001001010000001011000101101001000... 95           0.0058758657
    6: 1111000001001000000001011000101100001000... 92           0.00587696  
    7: 1111000001001010000001011000101100001000... 90           0.005881108 
    8: 1111000001001010000001011000101101011000... 100          0.005887222 
    9: 1111000011001010000001011010101100001000... 100          0.0058883697

Pickling Hall of Fame to: genetic_alg_settings_evolve_halloffame.pkl
Begin 3 of 20 repetitions
Begin 20 generations
gen	nevals	avg       	std        	min       	max      
0  	0     	0.00592289	0.000144908	0.00570175	0.0062029
1  	10    	0.00595058	0.000234728	0.00566749	0.00636165
2  	10    	0.00580569	7.68994e-05	0.0056758 	0.0059291 
3  	10    	0.00585635	0.000200028	0.00560929	0.00633027
4  	10    	0.00589608	0.000267154	0.00565143	0.00664233
5  	10    	0.00592113	0.000286422	0.00560147	0.00651499
6  	10    	0.0057682 	0.000139453	0.00563251	0.0061163 
7  	10    	0.00575672	0.000107235	0.00559123	0.00596877
8  	10    	0.00573647	0.000129925	0.00552864	0.00596943
9  	10    	0.00574735	7.70729e-05	0.00563127	0.00586691
10 	10    	0.00585292	0.000139087	0.00562743	0.00618804
11 	10    	0.00587054	0.000199946	0.00570994	0.00637592
12 	10    	0.00574034	0.000188115	0.00559681	0.00629223
13 	10    	0.00582796	0.000184469	0.00564413	0.00629482
14 	10    	0.00585639	0.000128166	0.00568489	0.0061148 
15 	10    	0.00581909	0.000226781	0.00557728	0.0064139 
16 	10    	0.00578313	0.000179922	0.00556967	0.00620567
17 	10    	0.00585244	0.000345457	0.00551768	0.00662593
18 	10    	0.00589887	0.000207496	0.00565924	0.00639345
19 	10    	0.00590229	0.000232204	0.00555724	0.00646052
20 	10    	0.00584136	0.000272014	0.00554372	0.00639878
Runtime: 9.611140973996953 (s)


Final population:
Index: Selected                                    #Selected    CV          
----------------------------------------------------------------------------------------------------
    0: 1111000001001100000001011010101100001010... 100          0.0056956671
    1: 1111000001001110000001011010101100001011... 100          0.0058066382
    2: 1110000001001110000001011010101100001110... 100          0.0063987846
    3: 1111000001001110000011011010101100001010... 98           0.0056968113
    4: 1111000001001110000001011010111110001010... 100          0.0056043442
    5: 1111000001001110000001011010101100001010... 99           0.0062433389
    6: 1111000001001010000001011010101100001010... 100          0.0060310694
    7: 1111000001001110000001011010101100001010... 94           0.0055437169
    8: 1111000001001110000001011010101100001010... 100          0.0056682137
    9: 1111000001001110000011011010111100001010... 97           0.0057249846

Pickling population to: genetic_alg_settings_population_end.pkl

Hall of Fame:
Index: Selected                                    #Selected    CV          
----------------------------------------------------------------------------------------------------
    0: 1111000001001110000001001010101100001010... 98           0.0055176794
    1: 1111000001001110000001011010101100001010... 98           0.0055286394
    2: 1111000001001110000001011010101100001010... 94           0.0055437169
    3: 1111000001001110000001011010111100001010... 99           0.0055572393
    4: 1111000001001110000001011010101100001010... 99           0.0055696706
    5: 1111000001001110000001011010101100001010... 99           0.0055772798
    6: 1111000001001110000011011010101100001010... 99           0.0055864669
    7: 1111000001001110000011011010101100001010... 98           0.0055912332
    8: 1111000001001110000001011010101100001010... 96           0.0055968132
    9: 1111000011001010000001011010101100101010... 95           0.0056014676

Pickling Hall of Fame to: genetic_alg_settings_evolve_halloffame.pkl
Begin 4 of 20 repetitions
Begin 20 generations
gen	nevals	avg       	std        	min       	max       
0  	0     	0.00584136	0.000272014	0.00554372	0.00639878
1  	10    	0.00579022	0.000221229	0.00559727	0.00635287
2  	10    	0.00575595	0.000113383	0.00559809	0.00593392
3  	10    	0.00580012	0.000414923	0.00559978	0.0070382 
4  	10    	0.00570533	5.60294e-05	0.00558474	0.00578255
5  	10    	0.00576098	0.000283762	0.00555508	0.00656067
6  	10    	0.0058069 	0.000344169	0.00545408	0.00674002
7  	10    	0.00590992	0.000407207	0.00556258	0.00693676
8  	10    	0.00584986	0.000190803	0.00561665	0.00623972
9  	10    	0.00580842	9.80351e-05	0.00566427	0.00600033
10 	10    	0.00600962	0.000388538	0.00566051	0.00682508
11 	10    	0.00604351	0.000360909	0.00565915	0.00688234
12 	10    	0.00587654	0.000150045	0.00558321	0.00614398
13 	10    	0.00584981	0.000185665	0.0055347 	0.00615018
14 	10    	0.00579926	0.000147988	0.00557034	0.00608387
15 	10    	0.00596619	0.000342076	0.00556255	0.00684932
16 	10    	0.00575927	0.000197222	0.00561198	0.00629817
17 	10    	0.00576429	9.24062e-05	0.00559068	0.00593172
18 	10    	0.00576631	9.91491e-05	0.0056087 	0.00594441
19 	10    	0.00590743	0.000319766	0.00552344	0.00658333
20 	10    	0.00573405	0.000137567	0.00547724	0.00598514
Runtime: 9.61406416700629 (s)


Final population:
Index: Selected                                    #Selected    CV          
----------------------------------------------------------------------------------------------------
    0: 1111000101001110000001011010011100011011... 98           0.0058527771
    1: 1111001001001110000000001010011100011011... 95           0.0056506473
    2: 1111000001001100000001011010011100011011... 97           0.0057409901
    3: 1111000001001110010001001010011101001011... 100          0.0054772416
    4: 1111000001001110000001001010011100011011... 97           0.0057034721
    5: 1111000101001110000001011010010100011011... 98           0.0057828099
    6: 1111000001001110000001011010011100001011... 98           0.0055773607
    7: 1111000001001100000001001010011101011011... 99           0.0059851432
    8: 1111001101001100000001011010011100011011... 100          0.0058401939
    9: 1111000001001010000001001010010100011011... 91           0.0057299045

Pickling population to: genetic_alg_settings_population_end.pkl

Hall of Fame:
Index: Selected                                    #Selected    CV          
----------------------------------------------------------------------------------------------------
    0: 1111000001001110000001011010101100011011... 100          0.00545408  
    1: 1111000001001110010001001010011101001011... 100          0.0054772416
    2: 1111000001001110000001001010101100001010... 98           0.0055176794
    3: 1111000001001110000001001010011100011011... 95           0.0055234428
    4: 1111000001001110000001011010101100001010... 98           0.0055286394
    5: 1111000001001110000001011010011100011011... 99           0.0055346988
    6: 1111000001001110000001011010101100001010... 94           0.0055437169
    7: 1111000001000110000001011010101100001010... 93           0.0055550841
    8: 1111000001001110000001011010111100001010... 99           0.0055572393
    9: 1111000001001110000001011010010100001111... 98           0.0055625475

Pickling Hall of Fame to: genetic_alg_settings_evolve_halloffame.pkl
Begin 5 of 20 repetitions
Begin 20 generations
gen	nevals	avg       	std        	min       	max       
0  	0     	0.00573405	0.000137567	0.00547724	0.00598514
1  	10    	0.00573883	0.000304786	0.00538439	0.00633755
2  	10    	0.00572604	0.000253554	0.00551134	0.00620724
3  	10    	0.00574293	0.00026813 	0.00538215	0.00617429
4  	10    	0.00566268	0.000191989	0.00539576	0.00606933
5  	10    	0.00549087	9.22926e-05	0.00536384	0.00563892
6  	10    	0.00552102	8.99026e-05	0.00541906	0.0057236 
7  	10    	0.00557676	0.000205223	0.00537322	0.00613723
8  	10    	0.00562145	0.000480591	0.00541011	0.00705803
9  	10    	0.00550814	9.45324e-05	0.00539169	0.00569084
10 	10    	0.0055133 	0.000117481	0.00533691	0.00568103
11 	10    	0.00549731	9.54925e-05	0.00533513	0.00567477
12 	10    	0.00571343	0.000464921	0.00535705	0.00691748
13 	10    	0.00553108	0.000107655	0.00536388	0.00571147
14 	10    	0.00553366	0.000130866	0.0053348 	0.00584185
15 	10    	0.00554688	0.000227133	0.00535144	0.00615979
16 	10    	0.00546363	0.000116848	0.00530743	0.00565319
17 	10    	0.0054159 	9.39962e-05	0.00530974	0.00556444
18 	10    	0.00548265	0.000247768	0.005328  	0.00619801
19 	10    	0.00562312	0.000299111	0.00535469	0.00637057
20 	10    	0.0055375 	8.6367e-05 	0.00537678	0.00569615
Runtime: 9.676290401999722 (s)


Final population:
Index: Selected                                    #Selected    CV          
----------------------------------------------------------------------------------------------------
    0: 1111000001001110000001001010001111110011... 100          0.0056961493
    1: 1111000011001110000001001010000100010011... 92           0.005376783 
    2: 1111000011001110000001001010001111110011... 97           0.0055689597
    3: 1111000000001110000001001010000101110011... 96           0.005514553 
    4: 1111000011101110000001001010101101010011... 100          0.0055739659
    5: 1111000001001110000001001010000111110011... 96           0.0056269825
    6: 1111000001001110000001001010000111010011... 98           0.0054604892
    7: 1111000011001110000001001010001101110011... 97           0.0055720666
    8: 1111000010001110000001101010001101110011... 100          0.0055205971
    9: 1111000011001110000001001010001101010011... 93           0.0054645018

Pickling population to: genetic_alg_settings_population_end.pkl

Hall of Fame:
Index: Selected                                    #Selected    CV          
----------------------------------------------------------------------------------------------------
    0: 1111000011001110000001001010100101111011... 99           0.0053074281
    1: 1111000011001110000001001010001101010011... 99           0.0053097406
    2: 1111000011001110000001001010000101110011... 96           0.0053161751
    3: 1111000011001110000001001010001101010011... 98           0.0053181101
    4: 1111000011001110000001001010001101010011... 99           0.0053279957
    5: 1111000011001110000001001010001101111011... 97           0.0053347999
    6: 1111001011001110000001001010011101111011... 96           0.0053351342
    7: 1111000011001110000001001010100101111011... 99           0.0053356226
    8: 1111001011001110000001001010011101111011... 97           0.005336905 
    9: 1111000011001110000001001010001111111011... 100          0.0053372858

Pickling Hall of Fame to: genetic_alg_settings_evolve_halloffame.pkl
Begin 6 of 20 repetitions
Begin 20 generations
gen	nevals	avg      	std       	min       	max       
0  	0     	0.0055375	8.6367e-05	0.00537678	0.00569615
1  	10    	0.005599 	0.000363587	0.00523912	0.00654868
2  	10    	0.00545213	0.000104372	0.0052872 	0.0056798 
3  	10    	0.00545987	0.000194708	0.00528348	0.0059551 
4  	10    	0.00555729	0.000191763	0.00537726	0.00600261
5  	10    	0.00546784	0.000137115	0.00532874	0.00580611
6  	10    	0.00550455	0.000197105	0.00531927	0.00594652
7  	10    	0.00539895	0.00010707 	0.00531983	0.00567547
8  	10    	0.00552065	0.000272474	0.00531758	0.00620429
9  	10    	0.00542802	0.000100923	0.00531686	0.0056534 
10 	10    	0.00547975	0.000205719	0.00524616	0.00594617
11 	10    	0.00556947	0.000208105	0.00536914	0.00599648
12 	10    	0.00549636	0.000111052	0.00532387	0.00571188
13 	10    	0.00555159	0.000183786	0.00534425	0.00603693
14 	10    	0.00558848	0.00030093 	0.00526923	0.00612051
15 	10    	0.00555994	0.000249229	0.00530293	0.00621107
16 	10    	0.00551598	0.000227537	0.00519461	0.0059517 
17 	10    	0.00542519	0.000138409	0.00521072	0.00575566
18 	10    	0.00551023	0.00018469 	0.00525697	0.00583993
19 	10    	0.00554601	0.000211366	0.00532832	0.00611851
20 	10    	0.00546482	6.78709e-05	0.0053342 	0.00558079
Runtime: 10.443699238996487 (s)


Final population:
Index: Selected                                    #Selected    CV          
----------------------------------------------------------------------------------------------------
    0: 1111000111100110100001001010000100010011... 99           0.0054208041
    1: 1111000111101110000001001010010100010011... 97           0.0054797231
    2: 1111100111101110100001001110000100010011... 96           0.0055407954
    3: 1111000111100110000001001110010100010011... 100          0.0054445429
    4: 1111000111100110100001001010000100010011... 100          0.0054949632
    5: 1111000111101110000001001010010100010011... 98           0.0053341953
    6: 1111000111100110000001001010010100010011... 99           0.005444453 
    7: 1111000111111110100001001010000100010011... 100          0.0054008039
    8: 1111000111100110100001001010000100010011... 99           0.0055807935
    9: 1111100111100110000001001010010100010011... 99           0.0055070993

Pickling population to: genetic_alg_settings_population_end.pkl

Hall of Fame:
Index: Selected                                    #Selected    CV          
----------------------------------------------------------------------------------------------------
    0: 1111000111101110100001001010000100010011... 99           0.0051946109
    1: 1111100111101110110001001010000100010011... 100          0.0052107199
    2: 1111000011001110000001011010000100010011... 97           0.0052391198
    3: 1111100111101110100001001010000100010011... 100          0.005246164 
    4: 1111000011001110000001001010000100010011... 96           0.0052502787
    5: 1111100111101110100001001010000100010011... 98           0.0052569728
    6: 1111100111101110100001001010000100010011... 100          0.0052692306
    7: 1111100111101110100001001010000100010011... 99           0.0052748821
    8: 1111100111101110000001001010010100010011... 96           0.0052760422
    9: 1111100111101110110001001010010100010011... 100          0.0052802489

Pickling Hall of Fame to: genetic_alg_settings_evolve_halloffame.pkl
Begin 7 of 20 repetitions
Begin 20 generations
gen	nevals	avg       	std        	min      	max       
0  	0     	0.00546482	6.78709e-05	0.0053342	0.00558079
1  	10    	0.00553611	0.000158652	0.00534035	0.00587152
2  	10    	0.00554099	0.000197675	0.00525628	0.00585449
3  	10    	0.00556244	0.000180962	0.00535803	0.00603569
4  	10    	0.00553202	0.000128139	0.0053182 	0.0057075 
5  	10    	0.00549361	0.000212892	0.00527193	0.0060639 
6  	10    	0.00557202	0.000239363	0.00535552	0.00620563
7  	10    	0.00573547	0.000366717	0.00536623	0.00645529
8  	10    	0.00586364	0.000421789	0.00533132	0.0065583 
9  	10    	0.00577675	0.000216449	0.00545631	0.00617074
10 	10    	0.00576973	0.000249965	0.00542931	0.00636267
11 	10    	0.00580727	0.000304817	0.00557375	0.00665604
12 	10    	0.00564773	8.18426e-05	0.00551838	0.00584945
13 	10    	0.00579013	0.00028073 	0.00547738	0.0062998 
14 	10    	0.00584513	0.000258682	0.00553194	0.00632459
15 	10    	0.0057514 	0.000279435	0.00555732	0.00655442
16 	10    	0.00585978	0.000245792	0.00563651	0.00637388
17 	10    	0.00581441	0.000171458	0.00559358	0.00610507
18 	10    	0.00591446	0.000279393	0.00569723	0.00662088
19 	10    	0.0058245 	0.000240434	0.00556017	0.0064366 
20 	10    	0.00583396	0.000372216	0.00555394	0.00692611
Runtime: 9.92319011100335 (s)


Final population:
Index: Selected                                    #Selected    CV          
----------------------------------------------------------------------------------------------------
    0: 1111000011011110000001001010000100110010... 100          0.0057068469
    1: 1111000111100110000001001010001100110010... 99           0.0057467367
    2: 1111000011001110000001001010000100110010... 99           0.0056643855
    3: 1111010111001110000001101010000110100010... 98           0.0056983079
    4: 1111000111001110000001001010000110100010... 100          0.0058713199
    5: 1111000111001110000001001010000110100000... 98           0.0057834218
    6: 1111000011001110000001001010000110110010... 97           0.0055539448
    7: 1110010011001110000001001010000100100010... 100          0.0069261106
    8: 1111010011001110000001001010000100110000... 99           0.005707538 
    9: 1111000011001110000001001010000110100010... 99           0.0056810232

Pickling population to: genetic_alg_settings_population_end.pkl

Hall of Fame:
Index: Selected                                    #Selected    CV          
----------------------------------------------------------------------------------------------------
    0: 1111000111101110100001001010000100010011... 99           0.0051946109
    1: 1111100111101110110001001010000100010011... 100          0.0052107199
    2: 1111000011001110000001011010000100010011... 97           0.0052391198
    3: 1111100111101110100001001010000100010011... 100          0.005246164 
    4: 1111000011001110000001001010000100010011... 96           0.0052502787
    5: 1111000111100110000001001010000100010011... 99           0.0052562819
    6: 1111100111101110100001001010000100010011... 98           0.0052569728
    7: 1111100111101110100001001010000100010011... 100          0.0052692306
    8: 1111000111101110000001001010000100010011... 98           0.0052719283
    9: 1111100111101110100001001010000100010011... 99           0.0052748821

Pickling Hall of Fame to: genetic_alg_settings_evolve_halloffame.pkl
Begin 8 of 20 repetitions
Begin 20 generations
gen	nevals	avg       	std        	min       	max       
0  	0     	0.00583396	0.000372216	0.00555394	0.00692611
1  	10    	0.00566253	0.000128462	0.00550839	0.00585862
2  	10    	0.00571778	0.000217536	0.00547635	0.00625328
3  	10    	0.0057142 	0.00014769 	0.00556293	0.00605041
4  	10    	0.00569208	0.000114436	0.00554483	0.00591257
5  	10    	0.00566605	0.000111342	0.00553361	0.00595413
6  	10    	0.00567144	8.73967e-05	0.00551992	0.00578743
7  	10    	0.00574645	0.000173912	0.00547736	0.00607362
8  	10    	0.00567556	8.28923e-05	0.00555731	0.00580245
9  	10    	0.0058512 	0.000321021	0.00547089	0.00658742
10 	10    	0.0057577 	0.000210028	0.00550119	0.00607397
11 	10    	0.00582349	0.000253728	0.00554089	0.00634011
12 	10    	0.00577756	0.000169154	0.00562402	0.00622871
13 	10    	0.00591704	0.000489194	0.00554652	0.00730989
14 	10    	0.00576998	0.000169343	0.00555821	0.00610543
15 	10    	0.005857  	0.000248672	0.0056163 	0.00648933
16 	10    	0.00582803	0.000155845	0.00559806	0.00608901
17 	10    	0.00600377	0.000349885	0.00567494	0.0066588 
18 	10    	0.00586968	0.000231971	0.00560719	0.00628335
19 	10    	0.00578878	0.000345084	0.00546134	0.00673454
20 	10    	0.00574584	0.000311501	0.0054475 	0.00628883
Runtime: 9.491165299004933 (s)


Final population:
Index: Selected                                    #Selected    CV          
----------------------------------------------------------------------------------------------------
    0: 1111000111011101000101001110000100110011... 100          0.0055109463
    1: 1111000101111100000101001010000100110011... 97           0.0059682063
    2: 1111000111011111000101001010000100100011... 100          0.005501457 
    3: 1111000111011111000101001010000100110011... 100          0.0055391749
    4: 1111000111001111000101001010000100110011... 97           0.0055226847
    5: 1111000111011111000101001010000100110011... 100          0.0054474954
    6: 1111000111111100000101000110000100110011... 95           0.0062679186
    7: 1111000111011000000101001010100100110011... 100          0.0062888268
    8: 1111000111011100010101001010000100110011... 100          0.0058699278
    9: 1111000111011110000101001010000100110011... 98           0.0055417171

Pickling population to: genetic_alg_settings_population_end.pkl

Hall of Fame:
Index: Selected                                    #Selected    CV          
----------------------------------------------------------------------------------------------------
    0: 1111000111101110100001001010000100010011... 99           0.0051946109
    1: 1111100111101110110001001010000100010011... 100          0.0052107199
    2: 1111000011001110000001011010000100010011... 97           0.0052391198
    3: 1111100111101110100001001010000100010011... 100          0.005246164 
    4: 1111000011001110000001001010000100010011... 96           0.0052502787
    5: 1111000111100110000001001010000100010011... 99           0.0052562819
    6: 1111100111101110100001001010000100010011... 98           0.0052569728
    7: 1111100111101110100001001010000100010011... 100          0.0052692306
    8: 1111000111101110000001001010000100010011... 98           0.0052719283
    9: 1111100111101110100001001010000100010011... 99           0.0052748821

Pickling Hall of Fame to: genetic_alg_settings_evolve_halloffame.pkl
Begin 9 of 20 repetitions
Begin 20 generations
gen	nevals	avg       	std        	min      	max       
0  	0     	0.00574584	0.000311501	0.0054475	0.00628883
1  	10    	0.00573243	0.000227156	0.00541539	0.0061859 
2  	10    	0.00568609	0.0001135  	0.00548961	0.00586056
3  	10    	0.00574591	0.000189277	0.00548555	0.00619569
4  	10    	0.00577642	0.000266833	0.005506  	0.00637911
5  	10    	0.00565383	0.000179444	0.00541138	0.00607714
6  	10    	0.00557263	0.000129974	0.00536052	0.00580806
7  	10    	0.00558166	0.000162061	0.00539673	0.00599897
8  	10    	0.00558852	0.000114632	0.00545313	0.00583315
9  	10    	0.00568501	0.00032067 	0.00542945	0.00637387
10 	10    	0.00553135	6.76541e-05	0.00537389	0.00560283
11 	10    	0.00550848	8.16319e-05	0.00539328	0.005669  
12 	10    	0.00562971	0.000244618	0.0053651 	0.00604319
13 	10    	0.00552417	7.53308e-05	0.00540221	0.005657  
14 	10    	0.00565748	0.000253661	0.0053763 	0.00634998
15 	10    	0.00559109	0.000171682	0.00538126	0.00594402
16 	10    	0.00563937	0.00020614 	0.00525086	0.00601069
17 	10    	0.00581568	0.0002864  	0.00544273	0.00634229
18 	10    	0.0056662 	0.000142447	0.00545051	0.00597955
19 	10    	0.0056367 	0.000118224	0.00544321	0.00587408
20 	10    	0.00579106	0.000280385	0.00548001	0.00633093
Runtime: 9.627411991001281 (s)


Final population:
Index: Selected                                    #Selected    CV          
----------------------------------------------------------------------------------------------------
    0: 1111000011001111000100001010010100111001... 98           0.0056192579
    1: 1111000011001111000100001110000100101011... 96           0.0057287644
    2: 1111000011001111000100001010000100101011... 100          0.0055057242
    3: 1111000011011111000100001010000100101011... 100          0.0054800117
    4: 1111000111011111001100000110000100111011... 98           0.0063309309
    5: 1111000111011111101100001110000100101011... 100          0.0058924257
    6: 1111000111011111001100001110000110111011... 100          0.0059157755
    7: 1111000111011111000100001110000100111011... 95           0.0062101675
    8: 1111000011000111000100001010000100101011... 100          0.0057107708
    9: 1111000011001111000100001010000100101011... 100          0.0055168182

Pickling population to: genetic_alg_settings_population_end.pkl

Hall of Fame:
Index: Selected                                    #Selected    CV          
----------------------------------------------------------------------------------------------------
    0: 1111000111101110100001001010000100010011... 99           0.0051946109
    1: 1111100111101110110001001010000100010011... 100          0.0052107199
    2: 1111000011001110000001011010000100010011... 97           0.0052391198
    3: 1111100111101110100001001010000100010011... 100          0.005246164 
    4: 1111000011001110000001001010000100010011... 96           0.0052502787
    5: 1111000111001111000100001110000100101011... 100          0.0052508577
    6: 1111000111100110000001001010000100010011... 99           0.0052562819
    7: 1111100111101110100001001010000100010011... 98           0.0052569728
    8: 1111100111101110100001001010000100010011... 100          0.0052692306
    9: 1111000111101110000001001010000100010011... 98           0.0052719283

Pickling Hall of Fame to: genetic_alg_settings_evolve_halloffame.pkl
Begin 10 of 20 repetitions
Begin 20 generations
gen	nevals	avg       	std        	min       	max       
0  	0     	0.00579106	0.000280385	0.00548001	0.00633093
1  	10    	0.00582125	0.000341723	0.00547184	0.00658766
2  	10    	0.00582248	0.000426452	0.00546251	0.0070718 
3  	10    	0.00572622	0.000180091	0.00549647	0.00615664
4  	10    	0.00579233	0.000293868	0.00549818	0.00659317
5  	10    	0.00574225	0.000160942	0.00540848	0.00602012
6  	10    	0.00594155	0.00030896 	0.00555805	0.00653933
7  	10    	0.0057192 	0.000137198	0.00549322	0.0059648 
8  	10    	0.00570717	0.000147395	0.00550069	0.00596837
9  	10    	0.0056147 	9.49059e-05	0.00543687	0.00579373
10 	10    	0.00563477	0.000145532	0.00537022	0.00586077
11 	10    	0.00577469	0.000310803	0.00548006	0.00642462
12 	10    	0.00556115	7.68096e-05	0.0054005 	0.0056695 
13 	10    	0.00564356	0.000192536	0.0054997 	0.00620035
14 	10    	0.00564136	0.000188067	0.00545466	0.00609085
15 	10    	0.00557979	0.000129654	0.00538697	0.0058344 
16 	10    	0.00558369	0.000141706	0.00541105	0.00594906
17 	10    	0.00563692	0.000127049	0.00540408	0.00581847
18 	10    	0.00561277	0.00015196 	0.00545266	0.00599452
19 	10    	0.00564062	0.000193708	0.00551791	0.00619377
20 	10    	0.00571196	0.000235573	0.00546667	0.00623162
Runtime: 9.491664197004866 (s)


Final population:
Index: Selected                                    #Selected    CV          
----------------------------------------------------------------------------------------------------
    0: 1111000110001111000100001010010100101011... 98           0.0056358612
    1: 1111000100001111000110001010010100101011... 97           0.0056422524
    2: 1111000111001111100100001010010100101011... 99           0.005863794 
    3: 1111000010011111010000001010000100101001... 95           0.0059593634
    4: 1111000110001111000100001010010100101011... 97           0.0055276453
    5: 1111000110001111000110001010010000101011... 100          0.0062316214
    6: 1111000110001111000000001010010100101011... 96           0.0057872459
    7: 1111000110001111000100001010000100101011... 99           0.0054673233
    8: 1111000111001111000100001010000100101011... 98           0.0055377984
    9: 1111000110001111000000001010010100101011... 97           0.0054666697

Pickling population to: genetic_alg_settings_population_end.pkl

Hall of Fame:
Index: Selected                                    #Selected    CV          
----------------------------------------------------------------------------------------------------
    0: 1111000111101110100001001010000100010011... 99           0.0051946109
    1: 1111100111101110110001001010000100010011... 100          0.0052107199
    2: 1111000011001110000001011010000100010011... 97           0.0052391198
    3: 1111100111101110100001001010000100010011... 100          0.005246164 
    4: 1111000011001110000001001010000100010011... 96           0.0052502787
    5: 1111000111001111000100001110000100101011... 100          0.0052508577
    6: 1111000111100110000001001010000100010011... 99           0.0052562819
    7: 1111100111101110100001001010000100010011... 98           0.0052569728
    8: 1111100111101110100001001010000100010011... 100          0.0052692306
    9: 1111000111101110000001001010000100010011... 98           0.0052719283

Pickling Hall of Fame to: genetic_alg_settings_evolve_halloffame.pkl
Begin 11 of 20 repetitions
Begin 20 generations
gen	nevals	avg       	std        	min       	max       
0  	0     	0.00571196	0.000235573	0.00546667	0.00623162
1  	10    	0.00558681	5.87383e-05	0.00548369	0.00566603
2  	10    	0.00586964	0.000313679	0.00552451	0.00645555
3  	10    	0.00569284	0.000263833	0.00547707	0.00644842
4  	10    	0.00569588	0.000225498	0.00549619	0.00631685
5  	10    	0.00569866	0.000178619	0.00550644	0.0060785 
6  	10    	0.00574637	0.000278281	0.00544692	0.00632257
7  	10    	0.0056062 	7.76488e-05	0.00547783	0.00570948
8  	10    	0.00574388	0.000290498	0.00547637	0.00639015
9  	10    	0.00564546	0.000155008	0.00549606	0.00605541
10 	10    	0.005708  	0.000277808	0.00549519	0.00651239
11 	10    	0.00563303	0.000101406	0.00547255	0.00586801
12 	10    	0.00563503	0.000232207	0.00540342	0.00625915
13 	10    	0.00566595	0.000191265	0.00548311	0.00614092
14 	10    	0.00564643	8.07035e-05	0.00555399	0.00584188
15 	10    	0.00564813	0.000120858	0.0055431 	0.00597697
16 	10    	0.00569322	0.000126769	0.00551559	0.00601372
17 	10    	0.00566049	0.00019352 	0.00551598	0.00620293
18 	10    	0.0056439 	0.000154752	0.00548107	0.00606188
19 	10    	0.00570548	0.000194004	0.00556409	0.00615013
20 	10    	0.00571394	0.000126814	0.005597  	0.00604179
Runtime: 10.076377715995477 (s)


Final population:
Index: Selected                                    #Selected    CV          
----------------------------------------------------------------------------------------------------
    0: 1111010110001111000000001110000100101010... 90           0.0057623873
    1: 1111000010001111001000011111100100101010... 100          0.006041792 
    2: 1111000110001111000000001110100100001010... 99           0.0056449781
    3: 1111000110001111000000001110100100100010... 97           0.0056257613
    4: 1111000010001111101000001111100100101000... 100          0.0058147626
    5: 1111000110001111000000011110100100101010... 96           0.0056111857
    6: 1111000110001111000000001110100100111010... 100          0.0056839004
    7: 1111000110001011000000001110100100101010... 99           0.0056603491
    8: 1111000010001111000000001110100100101010... 98           0.0056972528
    9: 1111000110001111001010011111100100101010... 100          0.0055969967

Pickling population to: genetic_alg_settings_population_end.pkl

Hall of Fame:
Index: Selected                                    #Selected    CV          
----------------------------------------------------------------------------------------------------
    0: 1111000111101110100001001010000100010011... 99           0.0051946109
    1: 1111100111101110110001001010000100010011... 100          0.0052107199
    2: 1111000011001110000001011010000100010011... 97           0.0052391198
    3: 1111100111101110100001001010000100010011... 100          0.005246164 
    4: 1111000011001110000001001010000100010011... 96           0.0052502787
    5: 1111000111001111000100001110000100101011... 100          0.0052508577
    6: 1111000111100110000001001010000100010011... 99           0.0052562819
    7: 1111100111101110100001001010000100010011... 98           0.0052569728
    8: 1111100111101110100001001010000100010011... 100          0.0052692306
    9: 1111000111101110000001001010000100010011... 98           0.0052719283

Pickling Hall of Fame to: genetic_alg_settings_evolve_halloffame.pkl
Begin 12 of 20 repetitions
Begin 20 generations
gen	nevals	avg       	std        	min     	max       
0  	0     	0.00571394	0.000126814	0.005597	0.00604179
1  	10    	0.00583826	0.000161779	0.00566692	0.00613792
2  	10    	0.00583673	0.00019031 	0.00560608	0.00620107
3  	10    	0.00587283	0.000364038	0.00554768	0.00669056
4  	10    	0.00577143	0.000245479	0.00552978	0.00628448
5  	10    	0.00568556	0.000133813	0.00549054	0.00584718
6  	10    	0.00569191	8.90681e-05	0.00554309	0.00579733
7  	10    	0.00566067	7.68913e-05	0.00553173	0.00575506
8  	10    	0.00566599	8.56606e-05	0.00552125	0.00581561
9  	10    	0.0057687 	0.000124221	0.00564861	0.00599654
10 	10    	0.00570407	9.08623e-05	0.00561738	0.00589062
11 	10    	0.00571348	0.000127712	0.00549878	0.00587873
12 	10    	0.00577514	0.000160916	0.00553076	0.00614166
13 	10    	0.00567278	9.83165e-05	0.00553491	0.00581718
14 	10    	0.00568341	9.01776e-05	0.00550171	0.0057781 
15 	10    	0.00566587	6.34089e-05	0.00559007	0.00578875
16 	10    	0.00568228	0.000132067	0.00545817	0.00594979
17 	10    	0.00573419	0.000235779	0.00542327	0.00636339
18 	10    	0.00571296	0.000274191	0.00547829	0.0064785 
19 	10    	0.00568174	0.000140905	0.00551354	0.0059409 
20 	10    	0.0057441 	0.000268624	0.00549511	0.00631643
Runtime: 11.351672024000436 (s)


Final population:
Index: Selected                                    #Selected    CV          
----------------------------------------------------------------------------------------------------
    0: 1111000110001101000000001111100100101110... 99           0.0055945335
    1: 1111010111001101000000101111000100101110... 100          0.0056085552
    2: 1111110110001101000000001111100000111110... 100          0.0062075676
    3: 1111000110001101000011001111100100101110... 100          0.0056145243
    4: 1111010110001101000000001111100100101110... 94           0.0056752   
    5: 1111010110001101000000000111100110101110... 100          0.006316429 
    6: 1111010110001111000011001111100100101110... 100          0.0054951073
    7: 1111100110001101000000001111100100101110... 100          0.0056990015
    8: 1111100100001101000000001111100100101110... 100          0.0055160396
    9: 1111010110000101000000001111100110101110... 94           0.0057140617

Pickling population to: genetic_alg_settings_population_end.pkl

Hall of Fame:
Index: Selected                                    #Selected    CV          
----------------------------------------------------------------------------------------------------
    0: 1111000111101110100001001010000100010011... 99           0.0051946109
    1: 1111100111101110110001001010000100010011... 100          0.0052107199
    2: 1111000011001110000001011010000100010011... 97           0.0052391198
    3: 1111100111101110100001001010000100010011... 100          0.005246164 
    4: 1111000011001110000001001010000100010011... 96           0.0052502787
    5: 1111000111001111000100001110000100101011... 100          0.0052508577
    6: 1111000111100110000001001010000100010011... 99           0.0052562819
    7: 1111100111101110100001001010000100010011... 98           0.0052569728
    8: 1111100111101110100001001010000100010011... 100          0.0052692306
    9: 1111000111101110000001001010000100010011... 98           0.0052719283

Pickling Hall of Fame to: genetic_alg_settings_evolve_halloffame.pkl
Begin 13 of 20 repetitions
Begin 20 generations
gen	nevals	avg      	std        	min       	max       
0  	0     	0.0057441	0.000268624	0.00549511	0.00631643
1  	10    	0.00575742	0.00025728 	0.00553476	0.0063887 
2  	10    	0.00565234	0.00016662 	0.00547167	0.006099  
3  	10    	0.00566478	0.00015979 	0.00544948	0.0060806 
4  	10    	0.00561537	0.000146536	0.0054783 	0.00594621
5  	10    	0.00562387	9.58629e-05	0.00548084	0.0057771 
6  	10    	0.00560298	9.31112e-05	0.00546142	0.00574751
7  	10    	0.00561499	7.01532e-05	0.00549795	0.00569508
8  	10    	0.00564751	0.000324232	0.00544924	0.00659333
9  	10    	0.00579553	0.000286128	0.00546922	0.00651467
10 	10    	0.00585226	0.000231985	0.0055687 	0.00633281
11 	10    	0.00573942	0.000135517	0.00548342	0.0059328 
12 	10    	0.00575969	0.00023753 	0.00551271	0.00637252
13 	10    	0.00567233	0.00013064 	0.00546506	0.0059109 
14 	10    	0.00591034	0.000404413	0.00560215	0.00687576
15 	10    	0.00575127	0.000109233	0.00554266	0.00588545
16 	10    	0.00596002	0.000379366	0.00564915	0.00682914
17 	10    	0.00593014	0.000384903	0.00558166	0.00696716
18 	10    	0.00589726	0.00028619 	0.00567595	0.00670368
19 	10    	0.00586277	0.000195659	0.00567419	0.00641615
20 	10    	0.00596089	0.000287609	0.00569417	0.0065173 
Runtime: 12.72696619600174 (s)


Final population:
Index: Selected                                    #Selected    CV          
----------------------------------------------------------------------------------------------------
    0: 1111000010000111100010001111100100011110... 100          0.0058131233
    1: 1111000010001111100110001111100100010110... 100          0.0059982379
    2: 1111000010001111100010001110100100011110... 100          0.0065173025
    3: 1111000110000111100010000111100100101110... 98           0.0064911235
    4: 1111000110001111100010001111100100111110... 100          0.0058590304
    5: 1111000110001111100010001110100100001110... 100          0.0056941695
    6: 1111000010001111100010001111100100011110... 99           0.0057144104
    7: 1111000010001111100010001111100100111110... 100          0.005776165 
    8: 1111000110001111100010001110100100101110... 100          0.0057695679
    9: 1111000010000111100010001111100100011110... 98           0.0059757268

Pickling population to: genetic_alg_settings_population_end.pkl

Hall of Fame:
Index: Selected                                    #Selected    CV          
----------------------------------------------------------------------------------------------------
    0: 1111000111101110100001001010000100010011... 99           0.0051946109
    1: 1111100111101110110001001010000100010011... 100          0.0052107199
    2: 1111000011001110000001011010000100010011... 97           0.0052391198
    3: 1111100111101110100001001010000100010011... 100          0.005246164 
    4: 1111000011001110000001001010000100010011... 96           0.0052502787
    5: 1111000111001111000100001110000100101011... 100          0.0052508577
    6: 1111000111100110000001001010000100010011... 99           0.0052562819
    7: 1111100111101110100001001010000100010011... 98           0.0052569728
    8: 1111100111101110100001001010000100010011... 100          0.0052692306
    9: 1111000111101110000001001010000100010011... 98           0.0052719283

Pickling Hall of Fame to: genetic_alg_settings_evolve_halloffame.pkl
Begin 14 of 20 repetitions
Begin 20 generations
gen	nevals	avg       	std        	min       	max      
0  	0     	0.00596089	0.000287609	0.00569417	0.0065173
1  	10    	0.00595205	0.000190049	0.00576149	0.00648668
2  	10    	0.00594129	4.8843e-05 	0.00586055	0.00602011
3  	10    	0.0059207 	0.000235084	0.0057081 	0.00658868
4  	10    	0.00587063	0.000179229	0.00565347	0.00622564
5  	10    	0.00605861	0.000584935	0.00576223	0.00778518
6  	10    	0.00582059	0.000120157	0.00569498	0.00603857
7  	10    	0.0058324 	0.000100307	0.00568475	0.0060063 
8  	10    	0.00593884	0.000382982	0.00551931	0.00699492
9  	10    	0.00591906	0.000241779	0.00562928	0.00658365
10 	10    	0.00595837	0.000410625	0.00560963	0.00702423
11 	10    	0.00578863	0.000162178	0.00566756	0.00624997
12 	10    	0.00574037	0.000117247	0.00559337	0.00603042
13 	10    	0.00593184	0.000401827	0.00560963	0.00697243
14 	10    	0.00572015	4.55487e-05	0.00564028	0.00579101
15 	10    	0.00567718	6.44435e-05	0.0055994 	0.00578314
16 	10    	0.00579521	0.000215857	0.00564292	0.00641147
17 	10    	0.00579638	0.000259218	0.00561915	0.00655491
18 	10    	0.00575881	9.61672e-05	0.00560532	0.00590541
19 	10    	0.00571211	0.000101996	0.00553272	0.00585849
20 	10    	0.00571075	0.000220741	0.00551489	0.00631742
Runtime: 13.929635895998217 (s)


Final population:
Index: Selected                                    #Selected    CV          
----------------------------------------------------------------------------------------------------
    0: 1111000111001111010011001010101100000110... 99           0.0056940007
    1: 1111001111001111000010001010100100001110... 100          0.0057068226
    2: 1111000111001111000010001010100100001110... 97           0.0055894013
    3: 1111000111001111000010001010100100001110... 99           0.0055148946
    4: 1111000111001111000010001010100100001110... 99           0.0056293037
    5: 1111000111001111000000001010100100001110... 100          0.0063174216
    6: 1111000111001111000010001010100100001110... 100          0.0058116048
    7: 1111000111001111000010001010100100001110... 100          0.0055297238
    8: 1111000111001111000010001010100100001110... 96           0.0057297109
    9: 1111000111001111000010001010100100001110... 97           0.0055846592

Pickling population to: genetic_alg_settings_population_end.pkl

Hall of Fame:
Index: Selected                                    #Selected    CV          
----------------------------------------------------------------------------------------------------
    0: 1111000111101110100001001010000100010011... 99           0.0051946109
    1: 1111100111101110110001001010000100010011... 100          0.0052107199
    2: 1111000011001110000001011010000100010011... 97           0.0052391198
    3: 1111100111101110100001001010000100010011... 100          0.005246164 
    4: 1111000011001110000001001010000100010011... 96           0.0052502787
    5: 1111000111001111000100001110000100101011... 100          0.0052508577
    6: 1111000111100110000001001010000100010011... 99           0.0052562819
    7: 1111100111101110100001001010000100010011... 98           0.0052569728
    8: 1111100111101110100001001010000100010011... 100          0.0052692306
    9: 1111000111101110000001001010000100010011... 98           0.0052719283

Pickling Hall of Fame to: genetic_alg_settings_evolve_halloffame.pkl
Begin 15 of 20 repetitions
Begin 20 generations
gen	nevals	avg       	std        	min       	max       
0  	0     	0.00571075	0.000220741	0.00551489	0.00631742
1  	10    	0.00579969	0.000283845	0.00559435	0.00662   
2  	10    	0.00581709	0.000425236	0.00549536	0.00695945
3  	10    	0.00565147	0.000101678	0.00549621	0.00579116
4  	10    	0.00565334	0.000191561	0.00533005	0.00598414
5  	10    	0.00572182	0.000391105	0.00540689	0.00678302
6  	10    	0.00552857	0.000128903	0.00537241	0.00584445
7  	10    	0.00558229	0.000139258	0.00544063	0.00582138
8  	10    	0.00560035	0.000118191	0.0054767 	0.00581206
9  	10    	0.00557843	0.00014437 	0.00544569	0.00595427
10 	10    	0.00555955	7.7626e-05 	0.00543577	0.00572152
11 	10    	0.00568565	0.000265475	0.00548538	0.00643436
12 	10    	0.00573838	0.000226058	0.00552226	0.00634341
13 	10    	0.00572052	0.00012907 	0.00554723	0.00598583
14 	10    	0.00571528	0.00025539 	0.0054979 	0.00626853
15 	10    	0.00575574	0.000215095	0.00541121	0.00608961
16 	10    	0.00581546	0.00024967 	0.00554732	0.00651197
17 	10    	0.00570366	0.000198765	0.00551477	0.00606181
18 	10    	0.00572141	0.00019954 	0.00551051	0.00611383
19 	10    	0.00565473	0.000115433	0.00549601	0.00583035
20 	10    	0.0056667 	0.000115369	0.00554131	0.00593594
Runtime: 12.103223448997596 (s)


Final population:
Index: Selected                                    #Selected    CV          
----------------------------------------------------------------------------------------------------
    0: 1111000111001011000010001010101110010110... 100          0.005684129 
    1: 1111000011001011000010001010101110011110... 100          0.0055777353
    2: 1111000111001011000010001010101110011110... 100          0.0057391179
    3: 1111000111001011100010001010101110011110... 98           0.00576774  
    4: 1111000111101011000010001010101110011110... 99           0.0056133093
    5: 1111000111001011000010001010101110011110... 100          0.0055413071
    6: 1111000111001011000010001010101110011110... 100          0.0056515969
    7: 1111000111001011000010001010101110011110... 98           0.0055432169
    8: 1111000111011111001010001010000100011110... 100          0.005935938 
    9: 1111000111001111001000001010000100001110... 100          0.0056129457

Pickling population to: genetic_alg_settings_population_end.pkl

Hall of Fame:
Index: Selected                                    #Selected    CV          
----------------------------------------------------------------------------------------------------
    0: 1111000111101110100001001010000100010011... 99           0.0051946109
    1: 1111100111101110110001001010000100010011... 100          0.0052107199
    2: 1111000011001110000001011010000100010011... 97           0.0052391198
    3: 1111100111101110100001001010000100010011... 100          0.005246164 
    4: 1111000011001110000001001010000100010011... 96           0.0052502787
    5: 1111000111001111000100001110000100101011... 100          0.0052508577
    6: 1111000111100110000001001010000100010011... 99           0.0052562819
    7: 1111100111101110100001001010000100010011... 98           0.0052569728
    8: 1111100111101110100001001010000100010011... 100          0.0052692306
    9: 1111000111101110000001001010000100010011... 98           0.0052719283

Pickling Hall of Fame to: genetic_alg_settings_evolve_halloffame.pkl
Begin 16 of 20 repetitions
Begin 20 generations
gen	nevals	avg      	std        	min       	max       
0  	0     	0.0056667	0.000115369	0.00554131	0.00593594
1  	10    	0.00563376	0.000122307	0.00549388	0.00592907
2  	10    	0.00571672	5.6991e-05 	0.00561528	0.00580852
3  	10    	0.00576867	0.000203937	0.00543275	0.0061244 
4  	10    	0.00580414	0.000333606	0.005481  	0.00659778
5  	10    	0.00558862	8.19927e-05	0.00546163	0.00573543
6  	10    	0.00569291	0.000137744	0.00554449	0.0060282 
7  	10    	0.00562682	0.000104345	0.00551552	0.00589386
8  	10    	0.00565385	0.000106188	0.00551266	0.00585389
9  	10    	0.00565323	0.000162926	0.0053234 	0.00603045
10 	10    	0.00555657	6.1906e-05 	0.00546963	0.00566237
11 	10    	0.00566932	0.000188086	0.00549539	0.00621428
12 	10    	0.00578136	0.000338078	0.00542667	0.00656181
13 	10    	0.00559464	0.000111156	0.00540211	0.00580487
14 	10    	0.00569473	0.000298925	0.00541706	0.00652934
15 	10    	0.00568861	0.000173001	0.00550048	0.00600874
16 	10    	0.00557295	9.81879e-05	0.00540557	0.00572603
17 	10    	0.00563737	0.000346091	0.00544843	0.00665859
18 	10    	0.00558861	0.000113009	0.00546889	0.00588137
19 	10    	0.00565286	0.000144784	0.00541352	0.00585985
20 	10    	0.00565208	0.000142703	0.00550277	0.00595824
Runtime: 16.02538351599651 (s)


Final population:
Index: Selected                                    #Selected    CV          
----------------------------------------------------------------------------------------------------
    0: 1110000111001011000010001010111110010100... 100          0.0058776757
    1: 1111000111001001000010011010101110010110... 96           0.0056029979
    2: 1111010111001011000010001010101110010111... 100          0.0055027704
    3: 1111010111001011000010001010101110010111... 99           0.0055530644
    4: 1111000111001011000010001010101110010111... 100          0.0055520421
    5: 1111010111001011000010001010101110010011... 100          0.0055632638
    6: 1111000001001011000110001010001110010110... 100          0.0059582413
    7: 1111000101001001000100001010100110010110... 92           0.0056972927
    8: 1111000111001011000010001010101110010111... 100          0.0056218426
    9: 1111010111001011000010001010101110010111... 100          0.0055916361

Pickling population to: genetic_alg_settings_population_end.pkl

Hall of Fame:
Index: Selected                                    #Selected    CV          
----------------------------------------------------------------------------------------------------
    0: 1111000111101110100001001010000100010011... 99           0.0051946109
    1: 1111100111101110110001001010000100010011... 100          0.0052107199
    2: 1111000011001110000001011010000100010011... 97           0.0052391198
    3: 1111100111101110100001001010000100010011... 100          0.005246164 
    4: 1111000011001110000001001010000100010011... 96           0.0052502787
    5: 1111000111001111000100001110000100101011... 100          0.0052508577
    6: 1111000111100110000001001010000100010011... 99           0.0052562819
    7: 1111100111101110100001001010000100010011... 98           0.0052569728
    8: 1111100111101110100001001010000100010011... 100          0.0052692306
    9: 1111000111101110000001001010000100010011... 98           0.0052719283

Pickling Hall of Fame to: genetic_alg_settings_evolve_halloffame.pkl
Begin 17 of 20 repetitions
Begin 20 generations
gen	nevals	avg       	std        	min       	max       
0  	0     	0.00565208	0.000142703	0.00550277	0.00595824
1  	10    	0.00575307	0.000253542	0.00552395	0.00633861
2  	10    	0.00558012	5.5784e-05 	0.00547854	0.00568472
3  	10    	0.00571897	0.000214549	0.00552326	0.00630439
4  	10    	0.00569735	0.000220721	0.00549412	0.00628437
5  	10    	0.00563654	9.81664e-05	0.00550164	0.00579658
6  	10    	0.0056573 	0.000146625	0.00551922	0.00604624
7  	10    	0.00609092	0.000887148	0.00551317	0.00862633
8  	10    	0.0057824 	0.000388968	0.00555555	0.00690209
9  	10    	0.00562154	7.62918e-05	0.00546962	0.00569759
10 	10    	0.00576248	0.000379731	0.00549441	0.00685579
11 	10    	0.00590345	0.000424899	0.00547905	0.00695611
12 	10    	0.00564988	8.60131e-05	0.00550341	0.00579851
13 	10    	0.00579189	0.000285913	0.00559934	0.00661351
14 	10    	0.00567205	8.14751e-05	0.00555028	0.0058292 
15 	10    	0.00576033	9.13467e-05	0.00564617	0.00598349
16 	10    	0.00587503	0.000397297	0.0055914 	0.0068826 
17 	10    	0.00590019	0.000187399	0.00569258	0.00627151
18 	10    	0.00590452	0.000312982	0.0056385 	0.00672972
19 	10    	0.00585603	0.000246159	0.00569839	0.00657677
20 	10    	0.00579947	0.000115223	0.00567407	0.00608686
Runtime: 13.36790460300108 (s)


Final population:
Index: Selected                                    #Selected    CV          
----------------------------------------------------------------------------------------------------
    0: 1111000111001011000010101010101110010111... 97           0.0056860006
    1: 1111000111101011000010101010101110110111... 99           0.0056740657
    2: 1111000111001011000010101000101110010111... 100          0.0060868586
    3: 1111000111001001100010101010101110000101... 91           0.0058092015
    4: 1111000111101011000010101010101110110101... 95           0.0057663641
    5: 1111000111001001000010101010101110010111... 97           0.0058110528
    6: 1111000111001011000010101010101110110101... 94           0.0056903044
    7: 1111000111001011000010101010101110010111... 100          0.0058522059
    8: 1111000111001011000010101010101110110111... 95           0.0057575702
    9: 1111000111001011000010111010101110010111... 97           0.0058610318

Pickling population to: genetic_alg_settings_population_end.pkl

Hall of Fame:
Index: Selected                                    #Selected    CV          
----------------------------------------------------------------------------------------------------
    0: 1111000111101110100001001010000100010011... 99           0.0051946109
    1: 1111100111101110110001001010000100010011... 100          0.0052107199
    2: 1111000011001110000001011010000100010011... 97           0.0052391198
    3: 1111100111101110100001001010000100010011... 100          0.005246164 
    4: 1111000011001110000001001010000100010011... 96           0.0052502787
    5: 1111000111001111000100001110000100101011... 100          0.0052508577
    6: 1111000111100110000001001010000100010011... 99           0.0052562819
    7: 1111100111101110100001001010000100010011... 98           0.0052569728
    8: 1111100111101110100001001010000100010011... 100          0.0052692306
    9: 1111000111101110000001001010000100010011... 98           0.0052719283

Pickling Hall of Fame to: genetic_alg_settings_evolve_halloffame.pkl
Begin 18 of 20 repetitions
Begin 20 generations
gen	nevals	avg       	std        	min       	max       
0  	0     	0.00579947	0.000115223	0.00567407	0.00608686
1  	10    	0.00581961	0.000142885	0.00556068	0.00604397
2  	10    	0.0057427 	0.000161615	0.00548881	0.00602293
3  	10    	0.00605995	0.000455467	0.00561088	0.00681162
4  	10    	0.00589637	0.000440152	0.00556944	0.00712652
5  	10    	0.0056411 	8.98922e-05	0.00552019	0.00582136
6  	10    	0.00569426	0.000140667	0.00550709	0.00596885
7  	10    	0.00563338	6.54665e-05	0.0055024 	0.0057367 
8  	10    	0.00569712	0.00013905 	0.00555399	0.00602907
9  	10    	0.00566858	0.000158931	0.0054925 	0.00601973
10 	10    	0.0056576 	0.000112534	0.00545095	0.00578377
11 	10    	0.00570523	0.000211236	0.00543613	0.00625875
12 	10    	0.0058971 	0.000378473	0.00555141	0.00661668
13 	10    	0.00582994	0.000290317	0.00560712	0.00668264
14 	10    	0.0057756 	0.000220202	0.00555403	0.00634219
15 	10    	0.00594325	0.00043783 	0.00553446	0.00716805
16 	10    	0.00591568	0.000362922	0.00558354	0.00678372
17 	10    	0.00572893	0.00015581 	0.00551309	0.00602915
18 	10    	0.00577913	0.000170899	0.00554565	0.00617304
19 	10    	0.00583951	0.000366282	0.00558098	0.006862  
20 	10    	0.00592704	0.000267166	0.00554519	0.00642844
Runtime: 12.091972522997821 (s)


Final population:
Index: Selected                                    #Selected    CV          
----------------------------------------------------------------------------------------------------
    0: 1111001111001011110010101011100110010001... 96           0.0058872942
    1: 1111001111001011100011101011101111001001... 100          0.0055451937
    2: 1111001111001011110011101010100111000001... 98           0.0060390157
    3: 1111001111001011100011101011100110000001... 91           0.005927909 
    4: 1110001111001010100111101000101110000001... 97           0.0064284407
    5: 1111101111000011110010101011101110011001... 97           0.0058355278
    6: 1111101111000011110110101010101110010001... 100          0.0056117282
    7: 1111101111000011110110101010101110010001... 100          0.0059293057
    8: 1111001111001011110011101010100111000001... 98           0.005739556 
    9: 1111001111001011110011101010100111000001... 98           0.0063264114

Pickling population to: genetic_alg_settings_population_end.pkl

Hall of Fame:
Index: Selected                                    #Selected    CV          
----------------------------------------------------------------------------------------------------
    0: 1111000111101110100001001010000100010011... 99           0.0051946109
    1: 1111100111101110110001001010000100010011... 100          0.0052107199
    2: 1111000011001110000001011010000100010011... 97           0.0052391198
    3: 1111100111101110100001001010000100010011... 100          0.005246164 
    4: 1111000011001110000001001010000100010011... 96           0.0052502787
    5: 1111000111001111000100001110000100101011... 100          0.0052508577
    6: 1111000111100110000001001010000100010011... 99           0.0052562819
    7: 1111100111101110100001001010000100010011... 98           0.0052569728
    8: 1111100111101110100001001010000100010011... 100          0.0052692306
    9: 1111000111101110000001001010000100010011... 98           0.0052719283

Pickling Hall of Fame to: genetic_alg_settings_evolve_halloffame.pkl
Begin 19 of 20 repetitions
Begin 20 generations
gen	nevals	avg       	std        	min       	max       
0  	0     	0.00592704	0.000267166	0.00554519	0.00642844
1  	10    	0.00578023	0.000110162	0.00564995	0.00594429
2  	10    	0.00576536	8.12279e-05	0.0055815 	0.00586181
3  	10    	0.00579436	0.000140415	0.00561962	0.00613033
4  	10    	0.00587225	0.000323388	0.0056715 	0.00680706
5  	10    	0.00590692	0.000242442	0.00554564	0.00639148
6  	10    	0.00578073	0.000119697	0.00562262	0.00609642
7  	10    	0.00588757	0.000341119	0.00550351	0.00678018
8  	10    	0.00580805	0.000235776	0.00558629	0.00626017
9  	10    	0.00586402	0.000281591	0.0055933 	0.00649413
10 	10    	0.00573011	0.000187081	0.00553268	0.00606854
11 	10    	0.00581372	0.000290986	0.00549769	0.00662462
12 	10    	0.00571105	0.000131935	0.00550539	0.00588687
13 	10    	0.00573306	0.000285351	0.00550666	0.00654362
14 	10    	0.00570138	0.000136586	0.00552318	0.00600343
15 	10    	0.0057144 	0.000258551	0.00553435	0.00641949
16 	10    	0.00576014	0.00019142 	0.00548726	0.0062245 
17 	10    	0.0057293 	9.48187e-05	0.0055728 	0.00588543
18 	10    	0.00573823	0.000160653	0.00550358	0.00596261
19 	10    	0.00572006	0.000286349	0.00546483	0.00653341
20 	10    	0.00567794	9.83844e-05	0.00556884	0.00585951
Runtime: 14.02436169500288 (s)


Final population:
Index: Selected                                    #Selected    CV          
----------------------------------------------------------------------------------------------------
    0: 1111001111111011100101101011100100010001... 99           0.0058595106
    1: 1111001111011011110001101011100110010001... 95           0.005598492 
    2: 1111001111001011100101101011100110010001... 100          0.0057004347
    3: 1111001111011011100101101011100110010001... 98           0.0055688439
    4: 1111011111111011110101101011100110010001... 100          0.0055699098
    5: 1111001111011011100101101011100100010001... 97           0.0056325712
    6: 1111001111011011100001101011100110010001... 97           0.0056771028
    7: 1111001111011011100001101011100110000001... 99           0.005834594 
    8: 1111001011011011100101101011100100010001... 98           0.005726769 
    9: 1111001111011011100001101011100110010001... 98           0.0056112111

Pickling population to: genetic_alg_settings_population_end.pkl

Hall of Fame:
Index: Selected                                    #Selected    CV          
----------------------------------------------------------------------------------------------------
    0: 1111000111101110100001001010000100010011... 99           0.0051946109
    1: 1111100111101110110001001010000100010011... 100          0.0052107199
    2: 1111000011001110000001011010000100010011... 97           0.0052391198
    3: 1111100111101110100001001010000100010011... 100          0.005246164 
    4: 1111000011001110000001001010000100010011... 96           0.0052502787
    5: 1111000111001111000100001110000100101011... 100          0.0052508577
    6: 1111000111100110000001001010000100010011... 99           0.0052562819
    7: 1111100111101110100001001010000100010011... 98           0.0052569728
    8: 1111100111101110100001001010000100010011... 100          0.0052692306
    9: 1111000111101110000001001010000100010011... 98           0.0052719283

Pickling Hall of Fame to: genetic_alg_settings_evolve_halloffame.pkl
Begin 20 of 20 repetitions
Begin 20 generations
gen	nevals	avg       	std        	min       	max       
0  	0     	0.00567794	9.83844e-05	0.00556884	0.00585951
1  	10    	0.00566957	0.000127648	0.00550962	0.00589918
2  	10    	0.00570551	0.000318116	0.00543075	0.00632526
3  	10    	0.00558127	0.000139533	0.00541577	0.005792  
4  	10    	0.0056021 	0.000215245	0.00540751	0.00618562
5  	10    	0.00548665	9.10019e-05	0.00533044	0.00563813
6  	10    	0.0055536 	0.00011625 	0.00539654	0.0057554 
7  	10    	0.00554367	0.000121328	0.00538006	0.00572682
8  	10    	0.00560103	0.000419044	0.00538999	0.00683498
9  	10    	0.00551444	9.00518e-05	0.00538147	0.00570983
10 	10    	0.00554312	0.000127403	0.00539274	0.00574991
11 	10    	0.00568679	0.000327184	0.00540176	0.00656709
12 	10    	0.00559198	0.000168577	0.00536807	0.00597702
13 	10    	0.00557772	0.000219452	0.00540897	0.00620146
14 	10    	0.00563592	0.000286834	0.00533816	0.00645823
15 	10    	0.00550755	9.00229e-05	0.00539265	0.00574811
16 	10    	0.00560155	0.000187108	0.00538413	0.00602108
17 	10    	0.00562434	0.000264612	0.0054074 	0.00637766
18 	10    	0.00559589	0.000244153	0.00540555	0.00628708
19 	10    	0.00552601	0.000104159	0.00540699	0.00573406
20 	10    	0.00551139	0.000155707	0.00531473	0.00588489
Runtime: 15.541367131001607 (s)


Final population:
Index: Selected                                    #Selected    CV          
----------------------------------------------------------------------------------------------------
    0: 1111000111011011000000101011100100100010... 92           0.0055368904
    1: 1111010111011011100000101011100100100010... 96           0.0054732317
    2: 1111000111011110100001101011100110000011... 98           0.0053895833
    3: 1111000111011110100001101011100110100011... 100          0.0053147337
    4: 1111000111011011100000101011100110100010... 97           0.0054792069
    5: 1111000111011011100000101011100100000110... 98           0.0055034407
    6: 1111000111001011100001101011110110100010... 99           0.0056614334
    7: 1111000111011011100000101011100100000010... 94           0.0055131472
    8: 1111000111011011100001101011100100000010... 97           0.0053573902
    9: 1111000111001011100000101011110110100010... 97           0.0058848867

Pickling population to: genetic_alg_settings_population_end.pkl

Hall of Fame:
Index: Selected                                    #Selected    CV          
----------------------------------------------------------------------------------------------------
    0: 1111000111101110100001001010000100010011... 99           0.0051946109
    1: 1111100111101110110001001010000100010011... 100          0.0052107199
    2: 1111000011001110000001011010000100010011... 97           0.0052391198
    3: 1111100111101110100001001010000100010011... 100          0.005246164 
    4: 1111000011001110000001001010000100010011... 96           0.0052502787
    5: 1111000111001111000100001110000100101011... 100          0.0052508577
    6: 1111000111100110000001001010000100010011... 99           0.0052562819
    7: 1111100111101110100001001010000100010011... 98           0.0052569728
    8: 1111100111101110100001001010000100010011... 100          0.0052692306
    9: 1111000111101110000001001010000100010011... 98           0.0052719283

Pickling Hall of Fame to: genetic_alg_settings_evolve_halloffame.pkl
#   DONE  Runtime: 222.55107783600397 (s)

Adding statistics...
  DONE

Result:
Index: Selected                                    #Selected    CV           RMS          wRMS         Estimator                FeatureSelection         Note
--------------------------------------------------------------------------------------------------------------------------------------------------------------------
    0: 1111000111101110100001001010000100010011... 99           0.0051946109 0.0043685394 0.0043761946 LinearRegression         GeneticAlgorithm         
    1: 1111100111101110110001001010000100010011... 100          0.0052107199 0.0043735144 0.0043822224 LinearRegression         GeneticAlgorithm         
    2: 1111000011001110000001011010000100010011... 97           0.0052391198 0.0044147384 0.0044311437 LinearRegression         GeneticAlgorithm         
    3: 1111100111101110100001001010000100010011... 100          0.005246164  0.0043722361 0.0043816146 LinearRegression         GeneticAlgorithm         
    4: 1111000011001110000001001010000100010011... 96           0.0052502787 0.0044618367 0.0044755033 LinearRegression         GeneticAlgorithm         
    5: 1111000111001111000100001110000100101011... 100          0.0052508577 0.0044183756 0.0044268393 LinearRegression         GeneticAlgorithm         
    6: 1111000111100110000001001010000100010011... 99           0.0052562819 0.0044331755 0.0044377467 LinearRegression         GeneticAlgorithm         
    7: 1111100111101110100001001010000100010011... 98           0.0052569728 0.0043959934 0.004403895  LinearRegression         GeneticAlgorithm         
    8: 1111100111101110100001001010000100010011... 100          0.0052692306 0.0043709709 0.0043800156 LinearRegression         GeneticAlgorithm         
    9: 1111000111101110000001001010000100010011... 98           0.0052719283 0.0044092134 0.0044162931 LinearRegression         GeneticAlgorithm         

Pickling Hall of Fame to: genetic_alg_settings_halloffame.pkl
