Loading genetic_alg_settings.json
# Hall of Fame size: 10 

# Get problem data...
# wHullDist: Will calculate hull distance: hull_dist(CALCULATED,atom_frac)
# Query requested: ['formation_energy', 'is_calculated', 'corr', 'hull_dist(CALCULATED,atom_frac)']
# Use existing: []
# Querying: ['formation_energy', 'is_calculated', 'corr', 'hull_dist(CALCULATED,atom_frac)']
#   DONE

# Target: formation_energy
# Training samples: 627
# Features: 253 

# Weighting:
{
  "method": "wHullDist",
  "kwargs": {
    "A": 1.05,
    "B": 2.0,
    "kT": 0.1,
    "hull_selection": "CALCULATED"
  }
}

# CV:
{
  "method": "KFold",
  "kwargs": {
    "n_splits": 10,
    "shuffle": true
  },
  "penalty": 0.0
} 

# Writing problem specs to: genetic_alg_settings_specs.pkl
# To inspect or customize the problem specs further, use the '--checkspecs' method

# Estimator:
{
  "method": "LinearRegression",
  "kwargs": {
    "fit_intercept": false
  }
} 

# Feature Selection:
{
  "method": "GeneticAlgorithm",
  "kwargs": {
    "constraints_kwargs": {
      "n_features_max": 100,
      "n_features_min": 3,
      "fix_off": [],
      "fix_on": [
        0,
        1,
        2
      ]
    },
    "selTournamentSize": 3,
    "mutFlipBitProb": 0.01,
    "evolve_params_kwargs": {
      "n_generation": 20,
      "n_repetition": 20,
      "n_features_init": 3,
      "n_population": 10,
      "n_halloffame": 10,
      "halloffame_filename": "evolve_halloffame.pkl",
      "filename_prefix": "genetic_alg_settings"
    },
    "cxUniformProb": 0.5
  }
} 

# Fit and select...
Constructing initial population
Begin 1 of 20 repetitions
Begin 20 generations
gen	nevals	avg      	std        	min      	max     
0  	10    	0.0196875	0.000425809	0.0187299	0.020132
1  	10    	0.0189537	0.000513464	0.0183681	0.0200102
2  	10    	0.0178782	0.000547058	0.0166458	0.0185747
3  	10    	0.0167924	0.00110314 	0.0152351	0.0183785
4  	10    	0.0158173	0.00152498 	0.0133245	0.0180536
5  	10    	0.0143802	0.00166022 	0.0111417	0.017224 
6  	10    	0.0135719	0.00159944 	0.0109414	0.0159852
7  	10    	0.0122626	0.00161648 	0.0103909	0.0161749
8  	10    	0.0109613	0.000862733	0.00952867	0.0122991
9  	10    	0.0101578	0.000782   	0.00913331	0.011585 
10 	10    	0.00939394	0.000448745	0.00878248	0.0104923
11 	10    	0.00919064	0.000272822	0.00867543	0.00970476
12 	10    	0.00906021	0.000332592	0.00832316	0.00952653
13 	10    	0.00856008	0.000340873	0.00797487	0.00893842
14 	10    	0.00819929	0.000140192	0.00795019	0.00852021
15 	10    	0.00812129	0.000166518	0.00788062	0.00835154
16 	10    	0.00809266	0.00023756 	0.00782153	0.00852158
17 	10    	0.00788972	0.000214224	0.007521  	0.00837925
18 	10    	0.0077776 	0.000240218	0.0073808 	0.00813322
19 	10    	0.00751115	9.93155e-05	0.00734336	0.00762927
20 	10    	0.00761636	0.000688629	0.00716097	0.00965538
Runtime: 4.918475940001372 (s)


Final population:
Index: Selected                                    #Selected    CV          
----------------------------------------------------------------------------------------------------
    0: 1110101111011010010000100010000100000010... 65           0.0072658658
    1: 1110101111011010000000100010000100000010... 71           0.007464619 
    2: 1110101111011010010000100010000000000010... 66           0.009655382 
    3: 1110101111011010000000000010000100000010... 66           0.0074826832
    4: 1110101111011010010010100010000100000010... 69           0.0073976222
    5: 1110101111011010000000100010000100000010... 65           0.0074647681
    6: 1110101111011010010000100010000100000010... 66           0.0075628584
    7: 1110101111011010010000100010000100000010... 66           0.0073893712
    8: 1110101101011010000000110010000100000010... 72           0.0071609741
    9: 1110101111011000010000100010000100001010... 69           0.0073194342

Pickling population to: genetic_alg_settings_population_end.pkl

Hall of Fame:
Index: Selected                                    #Selected    CV          
----------------------------------------------------------------------------------------------------
    0: 1110101101011010000000110010000100000010... 72           0.0071609741
    1: 1110101111011010010000100010000100000010... 65           0.0072658658
    2: 1110101111011000010000100010000100001010... 69           0.0073194342
    3: 1110101111011010010000100010000100000010... 65           0.0073433566
    4: 1110101111011010010000100010000100000110... 67           0.0073807963
    5: 1110101111011000000000100010000100001010... 71           0.0073863189
    6: 1110101111011010010000100010000100000010... 66           0.0073893712
    7: 1110101111011010010010100010000100000010... 69           0.0073976222
    8: 1110101111011010000000100010000100000010... 68           0.0074144782
    9: 1110101111011010000000100010000100000010... 72           0.0074305926

Pickling Hall of Fame to: genetic_alg_settings_evolve_halloffame.pkl
Begin 2 of 20 repetitions
Begin 20 generations
gen	nevals	avg       	std        	min       	max       
0  	0     	0.00761636	0.000688629	0.00716097	0.00965538
1  	10    	0.00735094	0.000396465	0.00681434	0.00811312
2  	10    	0.00707794	0.000246378	0.00671644	0.00748748
3  	10    	0.00695287	0.000336572	0.00625305	0.00726765
4  	10    	0.00683065	0.000286831	0.00627378	0.00713992
5  	10    	0.0066302 	0.000330681	0.00617696	0.00705997
6  	10    	0.00646223	0.000215296	0.00616649	0.00687292
7  	10    	0.00629382	0.000150322	0.0061137 	0.00668517
8  	10    	0.00618509	0.000102269	0.00601866	0.00634062
9  	10    	0.00620425	0.000188219	0.00583976	0.00656622
10 	10    	0.00621828	0.000334543	0.00588994	0.00713045
11 	10    	0.00604381	0.000194356	0.00577989	0.00636872
12 	10    	0.00593108	0.000150638	0.00577181	0.0062151 
13 	10    	0.00595198	0.000291077	0.00571239	0.00672146
14 	10    	0.00591607	9.46055e-05	0.0057846 	0.00610839
15 	10    	0.005955  	0.000129881	0.00579981	0.00629578
16 	10    	0.00586411	9.09255e-05	0.00574892	0.0060393 
17 	10    	0.00585833	7.36774e-05	0.00574688	0.00598203
18 	10    	0.0058187 	6.63513e-05	0.00573203	0.00594375
19 	10    	0.00594807	0.000201447	0.00568399	0.00644711
20 	10    	0.00586871	9.9989e-05 	0.00575763	0.00605063
Runtime: 8.277149372006534 (s)


Final population:
Index: Selected                                    #Selected    CV          
----------------------------------------------------------------------------------------------------
    0: 1111101101011000010010101010100100000010... 92           0.0059361995
    1: 1111101101011010011010101010100100000010... 96           0.0057608341
    2: 1111111101011010010010001010100100000010... 94           0.0057988205
    3: 1111101101010010010110111010100100000010... 100          0.0060506344
    4: 1111111101011010010010111010100100000010... 94           0.0057576306
    5: 1111101101011010010010001010100100000010... 94           0.0058498584
    6: 1111101101011010010010101010100100000011... 98           0.0058606655
    7: 1111111101011000001010101010100100010010... 87           0.0060346839
    8: 1111101101011010010010001010100100000010... 97           0.0058025662
    9: 1111111101011010010010111010100100000010... 94           0.0058351877

Pickling population to: genetic_alg_settings_population_end.pkl

Hall of Fame:
Index: Selected                                    #Selected    CV          
----------------------------------------------------------------------------------------------------
    0: 1111101101011010010010101010100100000010... 97           0.005683988 
    1: 1111101101011110010010111010100100000010... 95           0.005712391 
    2: 1111101101011010010010101010100100000010... 95           0.0057320334
    3: 1111101101011010010010101010100100000010... 94           0.0057461257
    4: 1111111101011010010010111010100100000010... 92           0.0057468752
    5: 1111101101011010010010101010100100000010... 91           0.0057489248
    6: 1111111101011000010010111010100100000010... 88           0.0057532823
    7: 1111111101011010010010111010100100000010... 94           0.0057576306
    8: 1111101101011010011010101010100100000010... 96           0.0057608341
    9: 1111101101011010011010101010100100001010... 95           0.0057646597

Pickling Hall of Fame to: genetic_alg_settings_evolve_halloffame.pkl
Begin 3 of 20 repetitions
Begin 20 generations
gen	nevals	avg       	std       	min       	max       
0  	0     	0.00586871	9.9989e-05	0.00575763	0.00605063
1  	10    	0.00584391	0.00012168	0.00564485	0.00608298
2  	10    	0.00584614	0.00014264	0.00569457	0.00622209
3  	10    	0.00578368	6.07081e-05	0.00569021	0.00590134
4  	10    	0.00582904	0.000146177	0.00566496	0.00609804
5  	10    	0.00586401	0.000148379	0.0056332 	0.00614489
6  	10    	0.00593496	0.00016803 	0.00572557	0.00622257
7  	10    	0.00593024	0.000266331	0.00574286	0.00666316
8  	10    	0.00594446	0.000279814	0.00567428	0.00671428
9  	10    	0.00589645	0.000110531	0.00574472	0.0061122 
10 	10    	0.00588181	0.000138846	0.00573453	0.00623584
11 	10    	0.00580241	8.94121e-05	0.00566355	0.00593585
12 	10    	0.00586944	0.000116611	0.00571135	0.00603032
13 	10    	0.00585437	9.23578e-05	0.00566327	0.00600382
14 	10    	0.00576932	9.58653e-05	0.00561543	0.00592438
15 	10    	0.00581999	0.000225208	0.00547589	0.00641049
16 	10    	0.00574669	9.27079e-05	0.00562628	0.00596691
17 	10    	0.00586333	0.000167535	0.0057258 	0.00630915
18 	10    	0.00587584	0.000159375	0.00567357	0.00613833
19 	10    	0.00590253	0.000355405	0.00563951	0.00686273
20 	10    	0.00573321	0.000155657	0.00555141	0.00614284
Runtime: 10.043402630006312 (s)


Final population:
Index: Selected                                    #Selected    CV          
----------------------------------------------------------------------------------------------------
    0: 1111111101011010110000001010100100001010... 98           0.0056335899
    1: 1111111100011010110000101010100100001011... 100          0.0056826592
    2: 1111111101011000110010001010100100000010... 93           0.0058150136
    3: 1111111101011010010010001010100100010010... 100          0.0056829403
    4: 1111111101011010110000001010100100001010... 100          0.0055958017
    5: 1111111101011010110000001010100100001010... 100          0.0057295162
    6: 1111111101011010110000001010100100000010... 98           0.0057622252
    7: 1111111101001010110010001010100100001010... 100          0.006142838 
    8: 1111111101011010110000001010100100001010... 100          0.0057361183
    9: 1111111101011010110000001010100100001010... 99           0.0055514056

Pickling population to: genetic_alg_settings_population_end.pkl

Hall of Fame:
Index: Selected                                    #Selected    CV          
----------------------------------------------------------------------------------------------------
    0: 1111111101011110110010001010100100000010... 100          0.0054758879
    1: 1111111101011010110000001010100100001010... 99           0.0055514056
    2: 1111111101011010110000001010100100001010... 100          0.0055958017
    3: 1111111101011110110010001010100100000010... 100          0.0056154317
    4: 1111111101011110110010001010100100000010... 99           0.0056262808
    5: 1111111101011010010010101010100100000010... 100          0.0056332031
    6: 1111111101011010110000001010100100001010... 98           0.0056335899
    7: 1111111101011010110000001010100100001010... 100          0.0056395139
    8: 1111111101011010100010001010100100000010... 98           0.0056396737
    9: 1111101101011010010010001010101100000010... 99           0.005644853 

Pickling Hall of Fame to: genetic_alg_settings_evolve_halloffame.pkl
Begin 4 of 20 repetitions
Begin 20 generations
gen	nevals	avg       	std        	min       	max       
0  	0     	0.00573321	0.000155657	0.00555141	0.00614284
1  	10    	0.00586537	0.000235915	0.00558785	0.00646043
2  	10    	0.00568909	0.000128046	0.00550819	0.00588606
3  	10    	0.00581455	0.000315521	0.00556123	0.00670622
4  	10    	0.00563858	0.000104836	0.0055036 	0.0058182 
5  	10    	0.0057608 	0.000229868	0.00542574	0.00620195
6  	10    	0.00569857	0.000165074	0.00542646	0.00600643
7  	10    	0.00571995	0.00016105 	0.00545999	0.00597441
8  	10    	0.00567452	0.000161634	0.0054053 	0.00604517
9  	10    	0.00575118	0.000180807	0.00552509	0.00611178
10 	10    	0.00578338	0.000119121	0.0055869 	0.00599584
11 	10    	0.00573553	0.000211005	0.00539108	0.00619699
12 	10    	0.00557902	0.000145332	0.00534587	0.00582032
13 	10    	0.00558289	0.000137336	0.00544799	0.00592195
14 	10    	0.00559384	7.13154e-05	0.00549227	0.00570734
15 	10    	0.00557088	0.00014052 	0.00529154	0.0058266 
16 	10    	0.00557682	0.000130792	0.00539726	0.00583382
17 	10    	0.00557484	0.000167701	0.00530989	0.00596453
18 	10    	0.00546804	7.03536e-05	0.00533783	0.00559965
19 	10    	0.00548388	0.000114149	0.00533474	0.00572386
20 	10    	0.00560507	0.000132061	0.00538783	0.00580577
Runtime: 10.128373221996299 (s)


Final population:
Index: Selected                                    #Selected    CV          
----------------------------------------------------------------------------------------------------
    0: 1111110101011010000000001010101100001010... 89           0.0054641954
    1: 1111111101011010000000001000111100011110... 100          0.0057279334
    2: 1111110101011010000000001010111100001110... 93           0.005387831 
    3: 1111111101011010000000001010100100011110... 100          0.0056878681
    4: 1111110101011010000000001010111100001010... 98           0.0056323362
    5: 1111111101011010000001001010111100001010... 94           0.0057460639
    6: 1111111101011010000000001010101100001010... 92           0.0055500827
    7: 1111111001011010000000001010111100001010... 94           0.0058057654
    8: 1111110101011010000000001010101101011111... 99           0.0054593458
    9: 1111110101011010000000001010101100001110... 100          0.0055892546

Pickling population to: genetic_alg_settings_population_end.pkl

Hall of Fame:
Index: Selected                                    #Selected    CV          
----------------------------------------------------------------------------------------------------
    0: 1111110101011010000000001010101100001110... 97           0.0052915404
    1: 1111110101011010000000001010101100001010... 97           0.0053098852
    2: 1111111101011010000000001010111100001010... 94           0.00533474  
    3: 1111110101011010000000001010101100001010... 97           0.0053378285
    4: 1111011101011110110000001010111100000010... 99           0.0053458718
    5: 1111110101011010000000001010101100011110... 100          0.0053485096
    6: 1111111101011010010000001010111100001010... 98           0.0053665441
    7: 1111111101011010001000011010101100001010... 100          0.005381186 
    8: 1111110101011010000000001010111100001110... 93           0.005387831 
    9: 1111011101011010010000001010101100001110... 100          0.0053910783

Pickling Hall of Fame to: genetic_alg_settings_evolve_halloffame.pkl
Begin 5 of 20 repetitions
Begin 20 generations
gen	nevals	avg       	std        	min       	max       
0  	0     	0.00560507	0.000132061	0.00538783	0.00580577
1  	10    	0.00559053	0.00012797 	0.00533674	0.0057925 
2  	10    	0.00554879	0.000238804	0.00525115	0.00604167
3  	10    	0.00557381	0.000104079	0.00541999	0.00574866
4  	10    	0.00559198	0.000187721	0.00540017	0.00604253
5  	10    	0.00560988	0.000209849	0.00538885	0.00609181
6  	10    	0.00551649	9.50863e-05	0.00541579	0.00571982
7  	10    	0.0055469 	4.38254e-05	0.00548732	0.00562417
8  	10    	0.0056581 	0.000250778	0.00545361	0.00633795
9  	10    	0.00553429	0.000118293	0.00541367	0.00585755
10 	10    	0.00562804	0.000267612	0.00546455	0.00640776
11 	10    	0.00557627	7.02492e-05	0.00546337	0.0056801 
12 	10    	0.00553965	5.75927e-05	0.00546619	0.00564415
13 	10    	0.0055276 	9.80572e-05	0.00537526	0.00567978
14 	10    	0.00550601	0.000183225	0.00536478	0.00602777
15 	10    	0.00548542	0.000198736	0.005264  	0.0060478 
16 	10    	0.00542893	0.000120049	0.00528675	0.0057208 
17 	10    	0.00546027	0.000148172	0.00525835	0.00584774
18 	10    	0.00540362	9.08276e-05	0.00529832	0.00555769
19 	10    	0.00567157	0.000428283	0.00529453	0.00663426
20 	10    	0.0056559 	0.000259274	0.00536999	0.00618799
Runtime: 9.725386764999712 (s)


Final population:
Index: Selected                                    #Selected    CV          
----------------------------------------------------------------------------------------------------
    0: 1111110101111010000000101010101100001110... 91           0.0054998817
    1: 1111110101011010000000101010101100001110... 96           0.0055312692
    2: 1111110101011010000000101010101100001110... 93           0.0053699922
    3: 1111110101011010000000001010101100001110... 100          0.0054940045
    4: 1111110101011010000000100010101100001110... 95           0.0060579865
    5: 1111111100011010010000001010101100001100... 99           0.005666284 
    6: 1111110101011010000000000010101100001110... 91           0.0061879873
    7: 1111110101011010000110101010100100001100... 93           0.0054996137
    8: 1111110101011010000000101010101100001110... 100          0.0054627678
    9: 1111110101011010000000001010101100001110... 96           0.0057892293

Pickling population to: genetic_alg_settings_population_end.pkl

Hall of Fame:
Index: Selected                                    #Selected    CV          
----------------------------------------------------------------------------------------------------
    0: 1111110101011010000100001010111100001110... 100          0.0052511495
    1: 1111110101011010000000101010101100001110... 94           0.0052583515
    2: 1111110101011010000000101010101100001110... 92           0.0052640036
    3: 1111110101011010000000101010101100001110... 92           0.0052867531
    4: 1111110101011010000000001010101100001110... 97           0.0052915404
    5: 1111110101011010000000001010101100001110... 98           0.0052945283
    6: 1111110101011010000000101010101100001110... 92           0.00529832  
    7: 1111110101011010000000101010101100001110... 96           0.0053056298
    8: 1111110101011010000000001010111100001110... 98           0.0053073032
    9: 1111110101011010000000001010101100001010... 97           0.0053098852

Pickling Hall of Fame to: genetic_alg_settings_evolve_halloffame.pkl
Begin 6 of 20 repetitions
Begin 20 generations
gen	nevals	avg      	std        	min       	max       
0  	0     	0.0056559	0.000259274	0.00536999	0.00618799
1  	10    	0.00555939	8.59138e-05	0.00540575	0.00566055
2  	10    	0.00565361	0.000190303	0.0054256 	0.00608834
3  	10    	0.00562932	0.000165246	0.00541026	0.00590563
4  	10    	0.0056585 	0.000365353	0.00539542	0.00671788
5  	10    	0.00555217	0.000102993	0.00543505	0.00572179
6  	10    	0.00565521	0.000274797	0.00535038	0.00628992
7  	10    	0.00553677	0.000177119	0.00538999	0.00595466
8  	10    	0.00552923	0.000122868	0.00537746	0.00580495
9  	10    	0.00561477	0.000190452	0.0053826 	0.00589793
10 	10    	0.00556022	0.000132921	0.00537237	0.00592271
11 	10    	0.00553155	8.05685e-05	0.00536259	0.00564703
12 	10    	0.0055247 	9.63783e-05	0.00532328	0.00566846
13 	10    	0.00550114	6.95672e-05	0.00540749	0.00564723
14 	10    	0.00566271	0.000244973	0.00541326	0.0060852 
15 	10    	0.00562983	0.000154239	0.00543221	0.0058959 
16 	10    	0.00564183	0.000193928	0.00540117	0.00605502
17 	10    	0.00574064	0.000252547	0.00541457	0.00618199
18 	10    	0.00565376	0.000245475	0.00545097	0.00626404
19 	10    	0.00552955	7.31478e-05	0.00541156	0.00562636
20 	10    	0.00556325	5.14866e-05	0.0054486 	0.00561498
Runtime: 13.10764542799734 (s)


Final population:
Index: Selected                                    #Selected    CV          
----------------------------------------------------------------------------------------------------
    0: 1111110101011010001100001010100110001110... 99           0.0054485966
    1: 1111011101011011001000001010101100101110... 100          0.0055157562
    2: 1111110100011011001000001010101100001110... 98           0.0056149792
    3: 1111110101011011001000001010101100001110... 96           0.0055141828
    4: 1111110101011011001000001110101100001110... 96           0.0055707827
    5: 1111111100011011001000001010101100001110... 96           0.0055928134
    6: 1111111101011011001000001010101100001110... 99           0.0056113016
    7: 1111110100011010001000001010101100001110... 96           0.0055635143
    8: 1111110101011011001001001010101100001110... 98           0.0056046803
    9: 1111110100011011001000001010101100001110... 98           0.0055959293

Pickling population to: genetic_alg_settings_population_end.pkl

Hall of Fame:
Index: Selected                                    #Selected    CV          
----------------------------------------------------------------------------------------------------
    0: 1111110101011010000100001010111100001110... 100          0.0052511495
    1: 1111110101011010000000101010101100001110... 94           0.0052583515
    2: 1111110101011010000000101010101100001110... 92           0.0052640036
    3: 1111110101011010000000101010101100001110... 92           0.0052867531
    4: 1111110101011010000000001010101100001110... 97           0.0052915404
    5: 1111110101011010000000001010101100001110... 98           0.0052945283
    6: 1111110101011010000000101010101100001110... 92           0.00529832  
    7: 1111110101011010000000101010101100001110... 96           0.0053056298
    8: 1111110101011010000000001010111100001110... 98           0.0053073032
    9: 1111110101011010000000001010101100001010... 97           0.0053098852

Pickling Hall of Fame to: genetic_alg_settings_evolve_halloffame.pkl
Begin 7 of 20 repetitions
Begin 20 generations
gen	nevals	avg       	std        	min      	max       
0  	0     	0.00556325	5.14866e-05	0.0054486	0.00561498
1  	10    	0.00560068	0.000195198	0.00540344	0.0061267 
2  	10    	0.00557052	6.64238e-05	0.00542737	0.00568611
3  	10    	0.0055461 	0.000119617	0.00533999	0.00575408
4  	10    	0.00557107	0.000150704	0.00539147	0.00589768
5  	10    	0.00556011	0.000123322	0.0054157 	0.00589683
6  	10    	0.00561127	0.000212847	0.00544181	0.00620442
7  	10    	0.00557027	0.000163541	0.00542083	0.00597682
8  	10    	0.00554393	0.000223949	0.00541523	0.00621008
9  	10    	0.00552836	0.000107623	0.00539143	0.00573537
10 	10    	0.00549061	7.40487e-05	0.00540456	0.00564417
11 	10    	0.00546339	7.72579e-05	0.00535107	0.00563948
12 	10    	0.00550253	7.71533e-05	0.00536968	0.00561235
13 	10    	0.0055471 	0.000267042	0.00539916	0.0063334 
14 	10    	0.00548759	5.78457e-05	0.00537038	0.00558873
15 	10    	0.00548881	9.83534e-05	0.00538506	0.00576358
16 	10    	0.0055081 	0.000108914	0.00539905	0.00579386
17 	10    	0.00559253	0.000291667	0.00535527	0.00623294
18 	10    	0.00555323	0.000217996	0.00536376	0.00613464
19 	10    	0.00547039	8.68817e-05	0.0053001 	0.00562899
20 	10    	0.00544634	8.56901e-05	0.00533461	0.00563104
Runtime: 10.755246106004051 (s)


Final population:
Index: Selected                                    #Selected    CV          
----------------------------------------------------------------------------------------------------
    0: 1111110111000010001000001010100100001110... 91           0.0056310377
    1: 1111110111000010001000001010100100000110... 97           0.0054028669
    2: 1111110111000010001000001010101100001110... 98           0.005471171 
    3: 1111110111000010001000001010100100001110... 97           0.0053586869
    4: 1111110111000010001000101010100100000110... 97           0.0055083436
    5: 1111110111000010001000001010100100001110... 99           0.005435541 
    6: 1111110101000010001000001010100100001110... 98           0.0053788956
    7: 1111110111000010001000001010100100000110... 95           0.0053346099
    8: 1111110111000010001000001010100100000110... 97           0.0055298734
    9: 1111110111000010101000001010100100000110... 96           0.005412372 

Pickling population to: genetic_alg_settings_population_end.pkl

Hall of Fame:
Index: Selected                                    #Selected    CV          
----------------------------------------------------------------------------------------------------
    0: 1111110101011010000100001010111100001110... 100          0.0052511495
    1: 1111110101011010000000101010101100001110... 94           0.0052583515
    2: 1111110101011010000000101010101100001110... 92           0.0052640036
    3: 1111110101011010000000101010101100001110... 92           0.0052867531
    4: 1111110101011010000000001010101100001110... 97           0.0052915404
    5: 1111110101011010000000001010101100001110... 98           0.0052945283
    6: 1111110101011010000000101010101100001110... 92           0.00529832  
    7: 1111110111000010001000001010100100000110... 94           0.0053000998
    8: 1111110101011010000000101010101100001110... 96           0.0053056298
    9: 1111110101011010000000001010111100001110... 98           0.0053073032

Pickling Hall of Fame to: genetic_alg_settings_evolve_halloffame.pkl
Begin 8 of 20 repetitions
Begin 20 generations
gen	nevals	avg       	std        	min       	max       
0  	0     	0.00544634	8.56901e-05	0.00533461	0.00563104
1  	10    	0.00555468	0.000268114	0.00534616	0.00622119
2  	10    	0.00557981	0.000277586	0.00541386	0.00639694
3  	10    	0.00547953	8.71405e-05	0.00531558	0.00560571
4  	10    	0.00558865	0.000149276	0.00541757	0.00594553
5  	10    	0.00557447	0.000197187	0.00538314	0.00604558
6  	10    	0.00555634	0.000184499	0.00537041	0.00603671
7  	10    	0.00555211	0.000168   	0.0053598 	0.00598232
8  	10    	0.00557648	0.000269507	0.00532038	0.00616791
9  	10    	0.00542696	0.000102821	0.00527863	0.00560784
10 	10    	0.00544405	0.000104769	0.00534213	0.00570641
11 	10    	0.00546723	0.000104534	0.00536472	0.00567051
12 	10    	0.00542374	9.0658e-05 	0.00530815	0.00555946
13 	10    	0.00551483	0.000124664	0.00535336	0.00579633
14 	10    	0.00542971	8.81585e-05	0.00531937	0.00559094
15 	10    	0.00547331	9.31719e-05	0.00537756	0.00569568
16 	10    	0.00546786	8.04991e-05	0.00533636	0.00561494
17 	10    	0.00542329	8.26436e-05	0.0052642 	0.00556314
18 	10    	0.00545125	0.000107304	0.00532068	0.00564183
19 	10    	0.00552507	0.000190627	0.00530024	0.0059682 
20 	10    	0.00561897	0.000336736	0.00535047	0.00658751
Runtime: 11.009324853002909 (s)


Final population:
Index: Selected                                    #Selected    CV          
----------------------------------------------------------------------------------------------------
    0: 1111110111100010001101001110100100000111... 100          0.0054918995
    1: 1111110111100010001101001110100100000111... 99           0.0053679954
    2: 1111110111100010001100001110100100001111... 100          0.0054552552
    3: 1111110111100011101001011110100100000111... 100          0.0055910283
    4: 1111110111100010001101001110101100000111... 97           0.0056837512
    5: 1111110111100010001101001110100100000111... 99           0.0053504673
    6: 1111110111100011001000000110100100001111... 98           0.0065875055
    7: 1111110111100010101101001111100100000111... 100          0.0055474599
    8: 1111110111000010001100001110000100001111... 100          0.005550567 
    9: 1111110111100011101001001110100100000101... 96           0.0055637716

Pickling population to: genetic_alg_settings_population_end.pkl

Hall of Fame:
Index: Selected                                    #Selected    CV          
----------------------------------------------------------------------------------------------------
    0: 1111110101011010000100001010111100001110... 100          0.0052511495
    1: 1111110101011010000000101010101100001110... 94           0.0052583515
    2: 1111110101011010000000101010101100001110... 92           0.0052640036
    3: 1111110111100010001101001110100100001111... 100          0.0052641963
    4: 1111110111000010001000001110100100001110... 94           0.0052786261
    5: 1111110101011010000000101010101100001110... 92           0.0052867531
    6: 1111110101011010000000001010101100001110... 97           0.0052915404
    7: 1111110111000010001000001110100100001110... 95           0.0052929265
    8: 1111110101011010000000001010101100001110... 98           0.0052945283
    9: 1111110111001010001000001110100110001110... 95           0.0052962863

Pickling Hall of Fame to: genetic_alg_settings_evolve_halloffame.pkl
Begin 9 of 20 repetitions
Begin 20 generations
gen	nevals	avg       	std        	min       	max       
0  	0     	0.00561897	0.000336736	0.00535047	0.00658751
1  	10    	0.0055841 	0.000162382	0.00538558	0.00590331
2  	10    	0.00565677	0.000218214	0.00540601	0.00613386
3  	10    	0.00562497	0.000249795	0.00533744	0.00609533
4  	10    	0.00566884	0.000215483	0.00544252	0.00621099
5  	10    	0.00560359	0.0001683  	0.00535942	0.00598878
6  	10    	0.00557064	0.000184619	0.00533186	0.00594136
7  	10    	0.00556649	0.000195052	0.0052231 	0.00593805
8  	10    	0.00547832	7.65334e-05	0.0053755 	0.00558798
9  	10    	0.00547026	0.000110456	0.00524499	0.00561779
10 	10    	0.00554908	0.000253278	0.00536702	0.00625115
11 	10    	0.00572477	0.000456821	0.00537517	0.00662321
12 	10    	0.00554657	0.000226395	0.00534812	0.00604812
13 	10    	0.00555801	0.000118692	0.00540146	0.00578408
14 	10    	0.00564246	0.000347437	0.00532976	0.00656547
15 	10    	0.00551671	0.000185306	0.00527676	0.00584142
16 	10    	0.00554269	0.000287815	0.00528073	0.00632399
17 	10    	0.00571775	0.000412869	0.00538059	0.00665908
18 	10    	0.00569123	0.000355909	0.00536516	0.00630958
19 	10    	0.00547425	0.000144305	0.00524618	0.00580083
20 	10    	0.00549003	0.000148246	0.00528934	0.00579428
Runtime: 15.355917403998319 (s)


Final population:
Index: Selected                                    #Selected    CV          
----------------------------------------------------------------------------------------------------
    0: 1111100011100010101100001111100100000111... 96           0.0055155825
    1: 1111100111100010101100001111000100000111... 99           0.0053841826
    2: 1111100111100010100100001111100100000111... 97           0.005336391 
    3: 1111000111000010101100001110000100000111... 96           0.0054019108
    4: 1111100111000010101100001110100100000111... 99           0.0056523689
    5: 1111100111000010101100001111100100000101... 97           0.0055734595
    6: 1111100111010010101100001111100100000011... 100          0.0054056271
    7: 1111100111000010101100001110100100000111... 96           0.0052893394
    8: 1111100101000010101100001111100100000111... 95           0.0057942813
    9: 1111100110000010101100001110100100000111... 98           0.0055471137

Pickling population to: genetic_alg_settings_population_end.pkl

Hall of Fame:
Index: Selected                                    #Selected    CV          
----------------------------------------------------------------------------------------------------
    0: 1111110111000010001100001110110100010111... 100          0.0052231024
    1: 1111110111100010001100001110100100000111... 100          0.0052449948
    2: 1111100111000010101100001110100100000111... 96           0.0052461761
    3: 1111110101011010000100001010111100001110... 100          0.0052511495
    4: 1111110101011010000000101010101100001110... 94           0.0052583515
    5: 1111110101011010000000101010101100001110... 92           0.0052640036
    6: 1111110111100010001101001110100100001111... 100          0.0052641963
    7: 1111110111100010101100001111100100000111... 97           0.0052767645
    8: 1111110111000010001000001110100100001110... 94           0.0052786261
    9: 1111110111100010101100001111100100000111... 98           0.005280733 

Pickling Hall of Fame to: genetic_alg_settings_evolve_halloffame.pkl
Begin 10 of 20 repetitions
Begin 20 generations
gen	nevals	avg       	std        	min       	max       
0  	0     	0.00549003	0.000148246	0.00528934	0.00579428
1  	10    	0.00548277	0.000145063	0.00532635	0.00581496
2  	10    	0.00547755	0.000111844	0.00525935	0.00562708
3  	10    	0.00562619	0.000301275	0.00538441	0.00622373
4  	10    	0.00580083	0.000415553	0.00541092	0.00667944
5  	10    	0.00557574	0.000155999	0.00540774	0.00593101
6  	10    	0.00569286	0.000308889	0.00539827	0.00643926
7  	10    	0.00564912	0.000420473	0.00532767	0.00675235
8  	10    	0.00558435	0.000250639	0.00536862	0.00622679
9  	10    	0.00545272	6.13012e-05	0.00533492	0.00555505
10 	10    	0.00544501	0.000117638	0.00532112	0.00569024
11 	10    	0.00542445	9.03972e-05	0.0053104 	0.00557883
12 	10    	0.00554946	0.000240566	0.00529418	0.00602581
13 	10    	0.00562543	0.000441069	0.00533064	0.00677312
14 	10    	0.00542407	7.23729e-05	0.00523584	0.00550682
15 	10    	0.00555996	0.000324996	0.00531756	0.00640759
16 	10    	0.00541323	8.8574e-05 	0.00528603	0.00561141
17 	10    	0.00560544	0.000259032	0.0053467 	0.0061542 
18 	10    	0.00543156	9.58996e-05	0.00531829	0.00558364
19 	10    	0.00546002	0.000117095	0.00531292	0.0057053 
20 	10    	0.00550317	0.000185811	0.0053338 	0.00599699
Runtime: 10.899741667999479 (s)


Final population:
Index: Selected                                    #Selected    CV          
----------------------------------------------------------------------------------------------------
    0: 1111100111001011000100001110100100001100... 100          0.0054105487
    1: 1111100111001011000100001110110100000100... 98           0.0054132919
    2: 1111100011001011000100001110110100000100... 100          0.0053338049
    3: 1111000011001011100100001110110100000100... 96           0.0056219461
    4: 1111100111001011000100001110100100000100... 99           0.0054907302
    5: 1111100111001010000110001110110100000100... 100          0.0054198859
    6: 1111100111001011000110001110100100000100... 99           0.0053950014
    7: 1110100111001011000110001110100100000100... 100          0.0059969913
    8: 1111100111001011000110001110000100000100... 100          0.0053709492
    9: 1111100111001011000100001110110100000100... 100          0.0055785058

Pickling population to: genetic_alg_settings_population_end.pkl

Hall of Fame:
Index: Selected                                    #Selected    CV          
----------------------------------------------------------------------------------------------------
    0: 1111110111000010001100001110110100010111... 100          0.0052231024
    1: 1111100111001010001100001110110100000100... 100          0.0052358398
    2: 1111110111100010001100001110100100000111... 100          0.0052449948
    3: 1111100111000010101100001110100100000111... 96           0.0052461761
    4: 1111110101011010000100001010111100001110... 100          0.0052511495
    5: 1111110101011010000000101010101100001110... 94           0.0052583515
    6: 1111100111000010101100001110101100000111... 100          0.0052593472
    7: 1111110101011010000000101010101100001110... 92           0.0052640036
    8: 1111110111100010001101001110100100001111... 100          0.0052641963
    9: 1111110111100010101100001111100100000111... 97           0.0052767645

Pickling Hall of Fame to: genetic_alg_settings_evolve_halloffame.pkl
Begin 11 of 20 repetitions
Begin 20 generations
gen	nevals	avg       	std        	min      	max       
0  	0     	0.00550317	0.000185811	0.0053338	0.00599699
1  	10    	0.00562178	0.000327725	0.00535134	0.00646462
2  	10    	0.00549703	0.000244735	0.0052479 	0.00616205
3  	10    	0.00555987	0.00037159 	0.00530791	0.00663553
4  	10    	0.00551315	0.00028325 	0.00525995	0.00629542
5  	10    	0.0054801 	0.000129264	0.00529899	0.00567896
6  	10    	0.00561698	0.000282026	0.00535328	0.00635637
7  	10    	0.00560331	0.000223414	0.0053353 	0.00613479
8  	10    	0.0055463 	0.000305138	0.00534798	0.0064286 
9  	10    	0.005387  	8.55278e-05	0.00522214	0.00554064
10 	10    	0.00548447	9.70709e-05	0.00530562	0.00561721
11 	10    	0.00552919	0.000167471	0.00531308	0.00582413
12 	10    	0.00534605	6.7433e-05 	0.00524143	0.00548694
13 	10    	0.00540869	0.00011116 	0.00528165	0.00557663
14 	10    	0.00544775	0.000212429	0.00523385	0.00599729
15 	10    	0.00544846	0.000104903	0.00525955	0.00559685
16 	10    	0.00546341	0.000101983	0.00527533	0.00561957
17 	10    	0.00543662	0.000210976	0.00527539	0.00603383
18 	10    	0.00538316	5.71449e-05	0.0052867 	0.005501  
19 	10    	0.0054424 	0.000145774	0.00530286	0.00582016
20 	10    	0.00543521	0.000104719	0.00528001	0.00556445
Runtime: 11.32795968100254 (s)


Final population:
Index: Selected                                    #Selected    CV          
----------------------------------------------------------------------------------------------------
    0: 1111100011011011001100001110100100100100... 96           0.0054740518
    1: 1111100011011011000100001110101100000100... 100          0.0055644465
    2: 1111100011011011000100001010100100000100... 100          0.0053358985
    3: 1111000011011011000100001110100100000100... 100          0.0055388163
    4: 1111100011111011000100001110000100000100... 100          0.0054758495
    5: 1111100011111011000100001100100100000100... 99           0.0055445782
    6: 1111100011011011000100001110100100000100... 93           0.0052800052
    7: 1111100011101011001100001010100100000100... 100          0.0053075163
    8: 1111100011011011000100001110100100000100... 95           0.0053258359
    9: 1111100011111011001100001110100100000100... 97           0.005505086 

Pickling population to: genetic_alg_settings_population_end.pkl

Hall of Fame:
Index: Selected                                    #Selected    CV          
----------------------------------------------------------------------------------------------------
    0: 1111100111011011000100001110100100000100... 100          0.0052221405
    1: 1111110111000010001100001110110100010111... 100          0.0052231024
    2: 1111100011011011000100001110100100000100... 91           0.00523385  
    3: 1111100111001010001100001110110100000100... 100          0.0052358398
    4: 1111100011011011001100001110100100000100... 96           0.005241425 
    5: 1111110111100010001100001110100100000111... 100          0.0052449948
    6: 1111100111000010101100001110100100000111... 96           0.0052461761
    7: 1111100111011011000110001110000100000100... 99           0.0052478994
    8: 1111110101011010000100001010111100001110... 100          0.0052511495
    9: 1111110101011010000000101010101100001110... 94           0.0052583515

Pickling Hall of Fame to: genetic_alg_settings_evolve_halloffame.pkl
Begin 12 of 20 repetitions
Begin 20 generations
gen	nevals	avg       	std        	min       	max       
0  	0     	0.00543521	0.000104719	0.00528001	0.00556445
1  	10    	0.00542702	9.1484e-05 	0.0053003 	0.00558994
2  	10    	0.00543233	0.000115792	0.00525848	0.00563643
3  	10    	0.00559875	0.000347797	0.00524264	0.00631704
4  	10    	0.00556457	0.000257399	0.00527764	0.00619955
5  	10    	0.00551422	0.000121768	0.00532135	0.0057906 
6  	10    	0.00547471	5.84333e-05	0.00534342	0.00555271
7  	10    	0.00546304	0.000177995	0.0053236 	0.00594624
8  	10    	0.0054905 	0.000131528	0.00526091	0.00576531
9  	10    	0.00548524	0.000163108	0.00531961	0.00588663
10 	10    	0.00541269	8.12887e-05	0.00529135	0.00552761
11 	10    	0.00543737	7.1995e-05 	0.00532045	0.00558174
12 	10    	0.00545606	8.22566e-05	0.00528478	0.00558889
13 	10    	0.00543825	5.606e-05  	0.00535365	0.00553628
14 	10    	0.00549528	5.19827e-05	0.00540435	0.0055752 
15 	10    	0.00562274	0.000254188	0.00537662	0.00618333
16 	10    	0.00550244	5.36349e-05	0.005418  	0.00559492
17 	10    	0.00561204	0.000302292	0.00545162	0.00651051
18 	10    	0.00561814	0.000126391	0.00546092	0.005917  
19 	10    	0.00558056	7.11971e-05	0.00549297	0.00570071
20 	10    	0.00556246	6.60695e-05	0.0054776 	0.00567553
Runtime: 12.185679433998303 (s)


Final population:
Index: Selected                                    #Selected    CV          
----------------------------------------------------------------------------------------------------
    0: 1111100001111011000000001011100101000100... 96           0.0056362498
    1: 1111100001111011000000001010100100000100... 97           0.0056755297
    2: 1111100011111011000000001011100100000100... 100          0.005484566 
    3: 1111100011111011000000001011100100000100... 100          0.0055715245
    4: 1111100011111011000000001011100100000100... 99           0.0055575636
    5: 1111100001111011000000011011100100000100... 97           0.0056325423
    6: 1111100011111011000000001011100100000100... 95           0.005579832 
    7: 1111100001111011000000001011100100000100... 100          0.0054963007
    8: 1111100001111011000000001011100100010100... 100          0.0054776021
    9: 1111100011111011000000001011100100000100... 100          0.0055128898

Pickling population to: genetic_alg_settings_population_end.pkl

Hall of Fame:
Index: Selected                                    #Selected    CV          
----------------------------------------------------------------------------------------------------
    0: 1111100111011011000100001110100100000100... 100          0.0052221405
    1: 1111110111000010001100001110110100010111... 100          0.0052231024
    2: 1111100011011011000100001110100100000100... 91           0.00523385  
    3: 1111100111001010001100001110110100000100... 100          0.0052358398
    4: 1111100011011011001100001110100100000100... 96           0.005241425 
    5: 1111100011111011000100001110100100000100... 100          0.0052426439
    6: 1111110111100010001100001110100100000111... 100          0.0052449948
    7: 1111100111000010101100001110100100000111... 96           0.0052461761
    8: 1111100111011011000110001110000100000100... 99           0.0052478994
    9: 1111110101011010000100001010111100001110... 100          0.0052511495

Pickling Hall of Fame to: genetic_alg_settings_evolve_halloffame.pkl
Begin 13 of 20 repetitions
Begin 20 generations
gen	nevals	avg       	std        	min      	max       
0  	0     	0.00556246	6.60695e-05	0.0054776	0.00567553
1  	10    	0.00552673	6.06512e-05	0.00543989	0.00561637
2  	10    	0.00565477	0.000139472	0.0054684 	0.00588069
3  	10    	0.00560572	9.16086e-05	0.00547542	0.00578921
4  	10    	0.00568603	0.000202465	0.00544769	0.00618038
5  	10    	0.00556255	8.4975e-05 	0.00546681	0.00573996
6  	10    	0.00589584	0.000558798	0.0053918 	0.00741876
7  	10    	0.00562267	0.000106994	0.0054236 	0.0058219 
8  	10    	0.00556619	8.78171e-05	0.00542014	0.00573018
9  	10    	0.00556958	8.44105e-05	0.0054022 	0.00567977
10 	10    	0.00557427	5.781e-05  	0.00546184	0.00569162
11 	10    	0.00560528	0.000156865	0.00544   	0.0060233 
12 	10    	0.00549835	7.45944e-05	0.00539204	0.0056294 
13 	10    	0.0056041 	0.000166669	0.00538146	0.00599053
14 	10    	0.00552474	0.000103247	0.00535105	0.00571917
15 	10    	0.00547122	8.10414e-05	0.00536922	0.00567199
16 	10    	0.00554648	7.16634e-05	0.00544214	0.00569888
17 	10    	0.00576994	0.000526523	0.00541279	0.00729514
18 	10    	0.00553779	0.000108749	0.00541313	0.00573322
19 	10    	0.00554613	0.000160808	0.00534663	0.00597549
20 	10    	0.00556269	8.24618e-05	0.00542626	0.00568284
Runtime: 11.419265472999541 (s)


Final population:
Index: Selected                                    #Selected    CV          
----------------------------------------------------------------------------------------------------
    0: 1111100011011111000001001011100100000101... 99           0.0055601541
    1: 1111100011011101000000001010100100000100... 99           0.0056734943
    2: 1111100011011111000000001010100100000100... 100          0.0055891543
    3: 1111100011011111000000001011100100000100... 100          0.0056256954
    4: 1111100111010110000000011011100100000100... 100          0.0055933456
    5: 1111100011011111000000001011100100000100... 98           0.0055265634
    6: 1111100011011111000000001010100100000100... 100          0.0054862625
    7: 1111100011011111000000001011100100000100... 100          0.005463139 
    8: 1111100011011111000000001010100100000100... 96           0.0054262562
    9: 1111000011011111000000001011100100000100... 100          0.0056828352

Pickling population to: genetic_alg_settings_population_end.pkl

Hall of Fame:
Index: Selected                                    #Selected    CV          
----------------------------------------------------------------------------------------------------
    0: 1111100111011011000100001110100100000100... 100          0.0052221405
    1: 1111110111000010001100001110110100010111... 100          0.0052231024
    2: 1111100011011011000100001110100100000100... 91           0.00523385  
    3: 1111100111001010001100001110110100000100... 100          0.0052358398
    4: 1111100011011011001100001110100100000100... 96           0.005241425 
    5: 1111100011111011000100001110100100000100... 100          0.0052426439
    6: 1111110111100010001100001110100100000111... 100          0.0052449948
    7: 1111100111000010101100001110100100000111... 96           0.0052461761
    8: 1111100111011011000110001110000100000100... 99           0.0052478994
    9: 1111110101011010000100001010111100001110... 100          0.0052511495

Pickling Hall of Fame to: genetic_alg_settings_evolve_halloffame.pkl
Begin 14 of 20 repetitions
Begin 20 generations
gen	nevals	avg       	std        	min       	max       
0  	0     	0.00556269	8.24618e-05	0.00542626	0.00568284
1  	10    	0.00564092	0.000361382	0.00537941	0.00662698
2  	10    	0.00556326	0.000243335	0.00536195	0.00626359
3  	10    	0.0056093 	0.000383242	0.00533809	0.00674037
4  	10    	0.00554108	0.000113995	0.00536895	0.00583213
5  	10    	0.00558541	0.000120354	0.00547359	0.00587357
6  	10    	0.00555558	0.00011008 	0.00537864	0.00575551
7  	10    	0.00552215	9.15884e-05	0.00540019	0.00565856
8  	10    	0.0055115 	8.1405e-05 	0.00540628	0.00567102
9  	10    	0.00556718	8.01413e-05	0.00547272	0.005734  
10 	10    	0.00556546	8.38439e-05	0.00537959	0.00566814
11 	10    	0.00549998	9.02134e-05	0.00536865	0.00571224
12 	10    	0.00551797	5.47611e-05	0.00544093	0.00559874
13 	10    	0.00567422	0.000256279	0.00538146	0.00631851
14 	10    	0.00553862	0.000114837	0.00536293	0.00572067
15 	10    	0.00558286	0.000249971	0.00541179	0.0062996 
16 	10    	0.00570708	0.000342698	0.00545308	0.00653299
17 	10    	0.00562871	0.000297395	0.00529341	0.0064339 
18 	10    	0.00552797	0.000109994	0.00536364	0.00572363
19 	10    	0.00548079	8.32354e-05	0.00538406	0.00567531
20 	10    	0.00549328	6.02992e-05	0.00539884	0.00558945
Runtime: 10.251124606998928 (s)


Final population:
Index: Selected                                    #Selected    CV          
----------------------------------------------------------------------------------------------------
    0: 1111100011011011000000001011110100000000... 92           0.0054687943
    1: 1111100011011111000000111111100110001100... 100          0.0055669865
    2: 1111110011011011000000101111100100000100... 98           0.0054499981
    3: 1111100011011011000000101111100100000100... 95           0.0055097823
    4: 1111110011011111000000001111100100000100... 97           0.0055894474
    5: 1111100011011111000000001111110100000000... 96           0.0055187488
    6: 1111100011011111000000001011100100000100... 99           0.0054802923
    7: 1111110011011011000000101111100100000100... 96           0.005398842 
    8: 1111100011011111000000101111110100000000... 100          0.0055402571
    9: 1111100011011011000000001111101100000100... 92           0.0054096664

Pickling population to: genetic_alg_settings_population_end.pkl

Hall of Fame:
Index: Selected                                    #Selected    CV          
----------------------------------------------------------------------------------------------------
    0: 1111100111011011000100001110100100000100... 100          0.0052221405
    1: 1111110111000010001100001110110100010111... 100          0.0052231024
    2: 1111100011011011000100001110100100000100... 91           0.00523385  
    3: 1111100111001010001100001110110100000100... 100          0.0052358398
    4: 1111100011011011001100001110100100000100... 96           0.005241425 
    5: 1111100011111011000100001110100100000100... 100          0.0052426439
    6: 1111110111100010001100001110100100000111... 100          0.0052449948
    7: 1111100111000010101100001110100100000111... 96           0.0052461761
    8: 1111100111011011000110001110000100000100... 99           0.0052478994
    9: 1111110101011010000100001010111100001110... 100          0.0052511495

Pickling Hall of Fame to: genetic_alg_settings_evolve_halloffame.pkl
Begin 15 of 20 repetitions
Begin 20 generations
gen	nevals	avg       	std        	min       	max       
0  	0     	0.00549328	6.02992e-05	0.00539884	0.00558945
1  	10    	0.00557848	0.00025216 	0.00535495	0.00630153
2  	10    	0.00552517	0.000221476	0.00537191	0.00617322
3  	10    	0.0055286 	8.03423e-05	0.00541856	0.00568289
4  	10    	0.00548659	7.95108e-05	0.00540161	0.00564767
5  	10    	0.00548325	7.33671e-05	0.00533893	0.00558108
6  	10    	0.00548394	9.58813e-05	0.00535652	0.00565878
7  	10    	0.00551798	9.64741e-05	0.00538068	0.00571065
8  	10    	0.00546698	9.75393e-05	0.00532821	0.00569291
9  	10    	0.00547186	8.53592e-05	0.00533516	0.00565249
10 	10    	0.00549986	9.74862e-05	0.00536346	0.00562376
11 	10    	0.00551305	0.000198624	0.00535828	0.00608392
12 	10    	0.00559989	0.000385123	0.00532313	0.00670587
13 	10    	0.00560298	0.000194046	0.00545999	0.00614875
14 	10    	0.00547255	7.98077e-05	0.00535363	0.00561262
15 	10    	0.00550944	8.58757e-05	0.0054061 	0.00568955
16 	10    	0.00554671	0.000192298	0.00538613	0.00609112
17 	10    	0.0055819 	0.000266153	0.00543132	0.00637388
18 	10    	0.00559586	7.79961e-05	0.00548552	0.0057086 
19 	10    	0.00555097	4.69704e-05	0.00547971	0.00564555
20 	10    	0.00570972	0.000344345	0.00545491	0.00659561
Runtime: 9.801930287998402 (s)


Final population:
Index: Selected                                    #Selected    CV          
----------------------------------------------------------------------------------------------------
    0: 1111110011111010000100000011101100000100... 100          0.0065956144
    1: 1111110011111011000100001011100100000100... 100          0.0054923159
    2: 1111111011111011000100001011101110000100... 99           0.0055581135
    3: 1111110011111010000110001011101100000100... 100          0.0055474737
    4: 1111110011111011000100001011101100000100... 96           0.0055068184
    5: 1111110011111011000100001011101100100100... 98           0.0054549061
    6: 1110100011111010010100001011101100000100... 98           0.0060980184
    7: 1111110011111010010100001011101100000100... 100          0.0055360381
    8: 1111110011111010010100001011101100000100... 100          0.0057284041
    9: 1111100011111011010100001011101100000100... 100          0.0055794817

Pickling population to: genetic_alg_settings_population_end.pkl

Hall of Fame:
Index: Selected                                    #Selected    CV          
----------------------------------------------------------------------------------------------------
    0: 1111100111011011000100001110100100000100... 100          0.0052221405
    1: 1111110111000010001100001110110100010111... 100          0.0052231024
    2: 1111100011011011000100001110100100000100... 91           0.00523385  
    3: 1111100111001010001100001110110100000100... 100          0.0052358398
    4: 1111100011011011001100001110100100000100... 96           0.005241425 
    5: 1111100011111011000100001110100100000100... 100          0.0052426439
    6: 1111110111100010001100001110100100000111... 100          0.0052449948
    7: 1111100111000010101100001110100100000111... 96           0.0052461761
    8: 1111100111011011000110001110000100000100... 99           0.0052478994
    9: 1111110101011010000100001010111100001110... 100          0.0052511495

Pickling Hall of Fame to: genetic_alg_settings_evolve_halloffame.pkl
Begin 16 of 20 repetitions
Begin 20 generations
gen	nevals	avg       	std        	min       	max       
0  	0     	0.00570972	0.000344345	0.00545491	0.00659561
1  	10    	0.00561629	4.27609e-05	0.00556543	0.00569429
2  	10    	0.00568647	0.000120118	0.00557291	0.00602269
3  	10    	0.00566457	0.000123773	0.00552565	0.0059764 
4  	10    	0.00562499	0.000113438	0.00546586	0.00586733
5  	10    	0.00562533	0.000152044	0.00543512	0.00595931
6  	10    	0.00557404	7.68347e-05	0.00546527	0.00573138
7  	10    	0.00567299	0.000207701	0.00541409	0.00620221
8  	10    	0.00566457	0.000215963	0.00545261	0.00622988
9  	10    	0.00556974	7.40958e-05	0.00548355	0.00572687
10 	10    	0.00559725	0.000156025	0.00542771	0.00600443
11 	10    	0.00560767	7.55356e-05	0.00548084	0.00575145
12 	10    	0.00564248	0.000149338	0.00546055	0.00590101
13 	10    	0.00565126	0.000145764	0.00539714	0.00593972
14 	10    	0.00564915	0.000127528	0.00552924	0.00590224
15 	10    	0.00579739	0.000341931	0.00541799	0.00633387
16 	10    	0.00576969	0.000284824	0.00553201	0.00640444
17 	10    	0.00563787	0.000141702	0.00540332	0.00589065
18 	10    	0.00567172	0.000309558	0.00548002	0.00658291
19 	10    	0.00569409	0.000362356	0.00536297	0.00656625
20 	10    	0.00562711	0.000273382	0.00542546	0.0063947 
Runtime: 10.581106165001984 (s)


Final population:
Index: Selected                                    #Selected    CV          
----------------------------------------------------------------------------------------------------
    0: 1111110011111010001000001010100100010111... 95           0.0055708665
    1: 1111110011111010001000001010100100010111... 92           0.0055092012
    2: 1111110111111010001000001011100100010111... 99           0.0055630784
    3: 1111110010111000001100001011000100010111... 100          0.0056311914
    4: 1111110011111010001000000010100101010111... 98           0.0063946989
    5: 1111110011111010001000001010100101010111... 98           0.0054254606
    6: 1111110011111010001100001010100101010111... 100          0.0054760922
    7: 1111110011111010001000001010100101010111... 100          0.0054456849
    8: 1111110011011010000100001011100100010111... 96           0.0054848886
    9: 1111110001111010001100001011100100010111... 99           0.0057699106

Pickling population to: genetic_alg_settings_population_end.pkl

Hall of Fame:
Index: Selected                                    #Selected    CV          
----------------------------------------------------------------------------------------------------
    0: 1111100111011011000100001110100100000100... 100          0.0052221405
    1: 1111110111000010001100001110110100010111... 100          0.0052231024
    2: 1111100011011011000100001110100100000100... 91           0.00523385  
    3: 1111100111001010001100001110110100000100... 100          0.0052358398
    4: 1111100011011011001100001110100100000100... 96           0.005241425 
    5: 1111100011111011000100001110100100000100... 100          0.0052426439
    6: 1111110111100010001100001110100100000111... 100          0.0052449948
    7: 1111100111000010101100001110100100000111... 96           0.0052461761
    8: 1111100111011011000110001110000100000100... 99           0.0052478994
    9: 1111110101011010000100001010111100001110... 100          0.0052511495

Pickling Hall of Fame to: genetic_alg_settings_evolve_halloffame.pkl
Begin 17 of 20 repetitions
Begin 20 generations
gen	nevals	avg       	std        	min       	max      
0  	0     	0.00562711	0.000273382	0.00542546	0.0063947
1  	10    	0.00554625	6.37836e-05	0.00545037	0.00567402
2  	10    	0.00569025	0.000445137	0.0054333 	0.00698925
3  	10    	0.00554752	8.67999e-05	0.00543748	0.00569104
4  	10    	0.00554549	7.14426e-05	0.00542629	0.00567116
5  	10    	0.00575866	0.000357322	0.00542893	0.00659911
6  	10    	0.00564849	0.00021602 	0.0054422 	0.00623264
7  	10    	0.00572202	0.000214139	0.00548323	0.00607092
8  	10    	0.00565252	0.000131649	0.00545049	0.00587   
9  	10    	0.00557505	8.73796e-05	0.00545612	0.00574377
10 	10    	0.00558909	0.000134404	0.00544725	0.00594202
11 	10    	0.00554512	5.18881e-05	0.00546036	0.00562795
12 	10    	0.00557344	4.96153e-05	0.0054825 	0.00565856
13 	10    	0.00576508	0.000267157	0.00549774	0.00632381
14 	10    	0.00565379	0.000111055	0.00545576	0.0058754 
15 	10    	0.00559022	9.32291e-05	0.00550138	0.0058125 
16 	10    	0.00556981	5.17993e-05	0.00548795	0.00565091
17 	10    	0.00557852	6.89872e-05	0.00543915	0.0056727 
18 	10    	0.00576107	0.00053578 	0.00552112	0.00736205
19 	10    	0.00563983	0.000124614	0.00548721	0.00595363
20 	10    	0.00564683	0.000186913	0.00543691	0.00608882
Runtime: 9.673217468996882 (s)


Final population:
Index: Selected                                    #Selected    CV          
----------------------------------------------------------------------------------------------------
    0: 1111111011111010001100001110000100001011... 96           0.0055782145
    1: 1111111011111000001100001110000100011111... 100          0.0056125291
    2: 1111111011111010001100001110000100011111... 100          0.0055756591
    3: 1111110011111110001100001111000100011111... 100          0.0058414641
    4: 1111111011111010001100001110000100011111... 100          0.0054786032
    5: 1111111011111010001100001110000100010111... 98           0.0056617725
    6: 1110111011111010000100001110000100011111... 100          0.0060888239
    7: 1111110011111010001100001110000100011111... 94           0.0054795734
    8: 1111111011111010001100001110000100011111... 100          0.0054369083
    9: 1111100011111010001100001110000100011111... 98           0.0057147212

Pickling population to: genetic_alg_settings_population_end.pkl

Hall of Fame:
Index: Selected                                    #Selected    CV          
----------------------------------------------------------------------------------------------------
    0: 1111100111011011000100001110100100000100... 100          0.0052221405
    1: 1111110111000010001100001110110100010111... 100          0.0052231024
    2: 1111100011011011000100001110100100000100... 91           0.00523385  
    3: 1111100111001010001100001110110100000100... 100          0.0052358398
    4: 1111100011011011001100001110100100000100... 96           0.005241425 
    5: 1111100011111011000100001110100100000100... 100          0.0052426439
    6: 1111110111100010001100001110100100000111... 100          0.0052449948
    7: 1111100111000010101100001110100100000111... 96           0.0052461761
    8: 1111100111011011000110001110000100000100... 99           0.0052478994
    9: 1111110101011010000100001010111100001110... 100          0.0052511495

Pickling Hall of Fame to: genetic_alg_settings_evolve_halloffame.pkl
Begin 18 of 20 repetitions
Begin 20 generations
gen	nevals	avg       	std        	min       	max       
0  	0     	0.00564683	0.000186913	0.00543691	0.00608882
1  	10    	0.00559615	0.000111068	0.00546701	0.00584478
2  	10    	0.0057348 	0.00034035 	0.00550406	0.00672867
3  	10    	0.00567663	0.00010599 	0.00553719	0.00585242
4  	10    	0.00565598	0.00011486 	0.0055236 	0.0058995 
5  	10    	0.00563013	6.94204e-05	0.00552432	0.00575764
6  	10    	0.00561208	4.3612e-05 	0.00553907	0.00569168
7  	10    	0.00564153	0.000152131	0.00550026	0.00599945
8  	10    	0.00563925	8.34861e-05	0.00551794	0.00585816
9  	10    	0.00564155	7.35926e-05	0.00555989	0.00580253
10 	10    	0.00574122	0.000459795	0.00538713	0.00706351
11 	10    	0.00573765	0.000402877	0.005436  	0.00690045
12 	10    	0.00576598	0.000207526	0.00546034	0.00629611
13 	10    	0.0057988 	0.000250277	0.00555637	0.00631166
14 	10    	0.00581694	0.000256286	0.0056146 	0.00653797
15 	10    	0.00571935	6.41482e-05	0.00565563	0.00584618
16 	10    	0.00566172	8.54939e-05	0.00553839	0.00580603
17 	10    	0.00590237	0.000365083	0.00546584	0.0066899 
18 	10    	0.00577611	0.000303745	0.00550991	0.00663201
19 	10    	0.00568787	0.000122368	0.00552401	0.0059179 
20 	10    	0.0058164 	0.000316634	0.00549573	0.00658597
Runtime: 10.043634970999847 (s)


Final population:
Index: Selected                                    #Selected    CV          
----------------------------------------------------------------------------------------------------
    0: 1111000001111110101001001110000100001010... 99           0.0056450566
    1: 1111010001111110101001001110000100001011... 100          0.0055777439
    2: 1110000001111110101001001110000100001011... 100          0.005986254 
    3: 1111000001110110101001001110000100001011... 100          0.0054957327
    4: 1111000001111110101001001110000100001011... 95           0.0056905378
    5: 1111000001110110101001001110000100001011... 100          0.0056493983
    6: 1111010001111110001001011110000100001011... 98           0.0059766491
    7: 1111010001111110101001000110000100001011... 100          0.0065859696
    8: 1111000001111110101001001110000101001011... 100          0.0055333614
    9: 1111000001110110101001001100000100001011... 98           0.006023329 

Pickling population to: genetic_alg_settings_population_end.pkl

Hall of Fame:
Index: Selected                                    #Selected    CV          
----------------------------------------------------------------------------------------------------
    0: 1111100111011011000100001110100100000100... 100          0.0052221405
    1: 1111110111000010001100001110110100010111... 100          0.0052231024
    2: 1111100011011011000100001110100100000100... 91           0.00523385  
    3: 1111100111001010001100001110110100000100... 100          0.0052358398
    4: 1111100011011011001100001110100100000100... 96           0.005241425 
    5: 1111100011111011000100001110100100000100... 100          0.0052426439
    6: 1111110111100010001100001110100100000111... 100          0.0052449948
    7: 1111100111000010101100001110100100000111... 96           0.0052461761
    8: 1111100111011011000110001110000100000100... 99           0.0052478994
    9: 1111110101011010000100001010111100001110... 100          0.0052511495

Pickling Hall of Fame to: genetic_alg_settings_evolve_halloffame.pkl
Begin 19 of 20 repetitions
Begin 20 generations
gen	nevals	avg      	std        	min       	max       
0  	0     	0.0058164	0.000316634	0.00549573	0.00658597
1  	10    	0.00589777	0.000356964	0.00553685	0.00665906
2  	10    	0.00573334	0.000119873	0.00551225	0.00589263
3  	10    	0.00585732	0.000273393	0.00559145	0.00635805
4  	10    	0.00582365	0.000287466	0.0055765 	0.00660524
5  	10    	0.00568709	0.000138917	0.0054896 	0.00605689
6  	10    	0.00576154	0.000340732	0.00549356	0.00673   
7  	10    	0.0056634 	0.000108823	0.00545092	0.00583821
8  	10    	0.00566431	0.000168284	0.00551838	0.0059994 
9  	10    	0.00561647	6.93861e-05	0.00554468	0.00576328
10 	10    	0.00571159	0.000291229	0.00547543	0.00652386
11 	10    	0.00558224	0.000103375	0.00544287	0.00574301
12 	10    	0.0056436 	0.000158232	0.00552648	0.00605546
13 	10    	0.00580836	0.000352382	0.00548142	0.0066544 
14 	10    	0.00569482	0.000247405	0.00552527	0.00625248
15 	10    	0.00563225	6.94378e-05	0.00551148	0.00572686
16 	10    	0.00562675	0.000104941	0.00546169	0.00581173
17 	10    	0.00586084	0.000669588	0.0054753 	0.00782726
18 	10    	0.00568854	0.000189289	0.00549817	0.00611234
19 	10    	0.00567098	0.000211422	0.00547035	0.00623683
20 	10    	0.0056724 	0.000235264	0.00545414	0.00628034
Runtime: 11.429615531000309 (s)


Final population:
Index: Selected                                    #Selected    CV          
----------------------------------------------------------------------------------------------------
    0: 1111100001111111101001001110000100011011... 94           0.0056809471
    1: 1111100001111111111000001110000100011010... 99           0.0055404403
    2: 1111110001111111111001001110000100011010... 100          0.0055178096
    3: 1111100001111111111001001110001100011001... 95           0.0057220864
    4: 1111100001111101101001001110000100001011... 100          0.0062803374
    5: 1111100001111111111001001110001100011001... 94           0.0055621578
    6: 1111100001111111101001001110000100011011... 100          0.0054626915
    7: 1111100101111111111001001110000100011011... 100          0.0054541366
    8: 1111110001111111111000001110001100001011... 97           0.0056428556
    9: 1111100001111101011001001110000110011001... 95           0.0058605693

Pickling population to: genetic_alg_settings_population_end.pkl

Hall of Fame:
Index: Selected                                    #Selected    CV          
----------------------------------------------------------------------------------------------------
    0: 1111100111011011000100001110100100000100... 100          0.0052221405
    1: 1111110111000010001100001110110100010111... 100          0.0052231024
    2: 1111100011011011000100001110100100000100... 91           0.00523385  
    3: 1111100111001010001100001110110100000100... 100          0.0052358398
    4: 1111100011011011001100001110100100000100... 96           0.005241425 
    5: 1111100011111011000100001110100100000100... 100          0.0052426439
    6: 1111110111100010001100001110100100000111... 100          0.0052449948
    7: 1111100111000010101100001110100100000111... 96           0.0052461761
    8: 1111100111011011000110001110000100000100... 99           0.0052478994
    9: 1111110101011010000100001010111100001110... 100          0.0052511495

Pickling Hall of Fame to: genetic_alg_settings_evolve_halloffame.pkl
Begin 20 of 20 repetitions
Begin 20 generations
gen	nevals	avg      	std        	min       	max       
0  	0     	0.0056724	0.000235264	0.00545414	0.00628034
1  	10    	0.00582588	0.000328873	0.00546654	0.00668085
2  	10    	0.005672  	0.000147004	0.00548114	0.00597157
3  	10    	0.00559612	7.79203e-05	0.0054764 	0.00573938
4  	10    	0.00570306	0.000215677	0.00546679	0.00615738
5  	10    	0.005906  	0.00050045 	0.00545823	0.00715198
6  	10    	0.0057196 	0.000110706	0.00561546	0.00596397
7  	10    	0.00570591	0.000152595	0.00553859	0.00602031
8  	10    	0.00566223	9.78942e-05	0.00554958	0.00585865
9  	10    	0.00572496	0.000129798	0.00555188	0.00594216
10 	10    	0.00560383	0.000100486	0.00538977	0.00576735
11 	10    	0.00560541	0.0001177  	0.00548212	0.00587602
12 	10    	0.00558492	0.000118963	0.00542483	0.00580682
13 	10    	0.00568329	0.000201283	0.00547824	0.00614103
14 	10    	0.00562538	0.000123829	0.00549246	0.00585011
15 	10    	0.00572188	0.000317347	0.0055355 	0.00659342
16 	10    	0.00566776	9.05484e-05	0.00557521	0.00586616
17 	10    	0.00563554	0.000104354	0.00550638	0.00578879
18 	10    	0.00572133	0.000308914	0.00548691	0.00646541
19 	10    	0.00555562	5.05306e-05	0.00546002	0.00564373
20 	10    	0.00559209	9.28196e-05	0.00544606	0.00571826
Runtime: 10.584435127995675 (s)


Final population:
Index: Selected                                    #Selected    CV          
----------------------------------------------------------------------------------------------------
    0: 1111100000111111011001001111101100001000... 95           0.0056973444
    1: 1111100001111111011001001111101100001000... 98           0.0054460559
    2: 1111100001111111011001001011101100001000... 97           0.0055805934
    3: 1111100001011111011001001111101100001000... 96           0.0055036731
    4: 1111100001011111011001001111101100001000... 100          0.005572776 
    5: 1111100001011111011001001011101100001000... 96           0.0057182568
    6: 1111100001110111011001001011101100001000... 95           0.0057174161
    7: 1111100001011111011001001111101100001000... 98           0.0054928429
    8: 1111100000011111011001001011101100001000... 97           0.0056402502
    9: 1111100001011111011000001011101100001000... 97           0.0055516726

Pickling population to: genetic_alg_settings_population_end.pkl

Hall of Fame:
Index: Selected                                    #Selected    CV          
----------------------------------------------------------------------------------------------------
    0: 1111100111011011000100001110100100000100... 100          0.0052221405
    1: 1111110111000010001100001110110100010111... 100          0.0052231024
    2: 1111100011011011000100001110100100000100... 91           0.00523385  
    3: 1111100111001010001100001110110100000100... 100          0.0052358398
    4: 1111100011011011001100001110100100000100... 96           0.005241425 
    5: 1111100011111011000100001110100100000100... 100          0.0052426439
    6: 1111110111100010001100001110100100000111... 100          0.0052449948
    7: 1111100111000010101100001110100100000111... 96           0.0052461761
    8: 1111100111011011000110001110000100000100... 99           0.0052478994
    9: 1111110101011010000100001010111100001110... 100          0.0052511495

Pickling Hall of Fame to: genetic_alg_settings_evolve_halloffame.pkl
#   DONE  Runtime: 211.53056111500337 (s)

Adding statistics...
  DONE

Result:
Index: Selected                                    #Selected    CV           RMS          wRMS         Estimator                FeatureSelection         Note
--------------------------------------------------------------------------------------------------------------------------------------------------------------------
    0: 1111100111011011000100001110100100000100... 100          0.0052221405 0.0043658639 0.0043956891 LinearRegression         GeneticAlgorithm         
    1: 1111110111000010001100001110110100010111... 100          0.0052231024 0.0043419039 0.0043670507 LinearRegression         GeneticAlgorithm         
    2: 1111100011011011000100001110100100000100... 91           0.00523385   0.0044168099 0.0044463845 LinearRegression         GeneticAlgorithm         
    3: 1111100111001010001100001110110100000100... 100          0.0052358398 0.0044178441 0.0044431063 LinearRegression         GeneticAlgorithm         
    4: 1111100011011011001100001110100100000100... 96           0.005241425  0.0043916216 0.0044176209 LinearRegression         GeneticAlgorithm         
    5: 1111100011111011000100001110100100000100... 100          0.0052426439 0.0043603017 0.0043897334 LinearRegression         GeneticAlgorithm         
    6: 1111110111100010001100001110100100000111... 100          0.0052449948 0.0043639328 0.004387786  LinearRegression         GeneticAlgorithm         
    7: 1111100111000010101100001110100100000111... 96           0.0052461761 0.0043600786 0.0043859662 LinearRegression         GeneticAlgorithm         
    8: 1111100111011011000110001110000100000100... 99           0.0052478994 0.004389705  0.0044160213 LinearRegression         GeneticAlgorithm         
    9: 1111110101011010000100001010111100001110... 100          0.0052511495 0.0044591143 0.004491574  LinearRegression         GeneticAlgorithm         

Pickling Hall of Fame to: genetic_alg_settings_halloffame.pkl
