Loading genetic_alg_settings.json
# Hall of Fame size: 10 

# Get problem data...
# wHullDist: Will calculate hull distance: hull_dist(CALCULATED,atom_frac)
# Query requested: ['formation_energy', 'is_calculated', 'corr', 'hull_dist(CALCULATED,atom_frac)']
# Use existing: []
# Querying: ['formation_energy', 'is_calculated', 'corr', 'hull_dist(CALCULATED,atom_frac)']
#   DONE

# Target: formation_energy
# Training samples: 627
# Features: 253 

# Weighting:
{
  "method": "wHullDist",
  "kwargs": {
    "A": 2.0,
    "B": 1.0,
    "kT": 0.01,
    "hull_selection": "CALCULATED"
  }
}

# CV:
{
  "method": "KFold",
  "kwargs": {
    "n_splits": 10,
    "shuffle": true
  },
  "penalty": 0.0
} 

# Writing problem specs to: genetic_alg_settings_specs.pkl
# To inspect or customize the problem specs further, use the '--checkspecs' method

# Estimator:
{
  "method": "LinearRegression",
  "kwargs": {
    "fit_intercept": false
  }
} 

# Feature Selection:
{
  "method": "GeneticAlgorithm",
  "kwargs": {
    "constraints_kwargs": {
      "n_features_max": 100,
      "n_features_min": 3,
      "fix_off": [],
      "fix_on": [
        0,
        1,
        2
      ]
    },
    "selTournamentSize": 3,
    "mutFlipBitProb": 0.01,
    "evolve_params_kwargs": {
      "n_generation": 20,
      "n_repetition": 20,
      "n_features_init": 3,
      "n_population": 10,
      "n_halloffame": 10,
      "halloffame_filename": "evolve_halloffame.pkl",
      "filename_prefix": "genetic_alg_settings"
    },
    "cxUniformProb": 0.5
  }
} 

# Fit and select...
Constructing initial population
Begin 1 of 20 repetitions
Begin 20 generations
gen	nevals	avg      	std        	min      	max      
0  	10    	0.0205382	0.000518127	0.0195839	0.0215729
1  	10    	0.019739 	0.000589374	0.0187808	0.0210976
2  	10    	0.0191257	0.00123492 	0.0167019	0.0217964
3  	10    	0.0165157	0.00178354 	0.0137433	0.0195113
4  	10    	0.0143175	0.00134347 	0.0119653	0.0161664
5  	10    	0.0136294	0.00109686 	0.0114605	0.0152668
6  	10    	0.0126272	0.000922968	0.0110872	0.0142308
7  	10    	0.0114868	0.000488994	0.0108044	0.0127996
8  	10    	0.0114289	0.000832326	0.0105982	0.0138179
9  	10    	0.0108458	0.000497385	0.00984711	0.0115512
10 	10    	0.0105304	0.000353531	0.00968558	0.0109739
11 	10    	0.0100796	0.000480429	0.00908243	0.0106819
12 	10    	0.00961194	0.000678152	0.00872889	0.0110301
13 	10    	0.00890952	0.000286341	0.00858654	0.00945174
14 	10    	0.00881187	0.000302205	0.00810102	0.00931214
15 	10    	0.0084871 	0.000378655	0.00773924	0.0089064 
16 	10    	0.00828304	0.000343373	0.00773045	0.00868132
17 	10    	0.00819692	0.00039257 	0.00771474	0.00893165
18 	10    	0.00802744	0.000393695	0.00745546	0.00882682
19 	10    	0.00757853	0.000410863	0.00690868	0.00858685
20 	10    	0.00728363	0.000238069	0.00690751	0.00766356
Runtime: 4.632085329001711 (s)


Final population:
Index: Selected                                    #Selected    CV          
----------------------------------------------------------------------------------------------------
    0: 1111000001001110000000001001000110110100... 61           0.0071595199
    1: 1111000001001110000000001001000110010100... 55           0.0073771427
    2: 1111000001001110000000001001000110010100... 61           0.0070873182
    3: 1111000001001110000000001001000110010100... 60           0.0069075124
    4: 1111011010001110000000001001100110010100... 72           0.0076487197
    5: 1111011010001010000000001001100110010100... 70           0.007487641 
    6: 1111000001001110010000001001110110010100... 65           0.0071308894
    7: 1111000010001010000100001001000110010100... 62           0.0076635596
    8: 1111010001001110000000001001000110010100... 63           0.0072129069
    9: 1111000010001110000000001001100110010100... 64           0.0071610434

Pickling population to: genetic_alg_settings_population_end.pkl

Hall of Fame:
Index: Selected                                    #Selected    CV          
----------------------------------------------------------------------------------------------------
    0: 1111000001001110000000001001000110010100... 60           0.0069075124
    1: 1111000001001110000000001001000110010100... 59           0.0069086756
    2: 1111000001001110000000001001000110010100... 61           0.0070873182
    3: 1111000001001110010000001001110110010100... 65           0.0071308894
    4: 1111000001001110000000001001000110110100... 61           0.0071595199
    5: 1111000010001110000000001001100110010100... 64           0.0071610434
    6: 1111010001001110000000001001000110010100... 63           0.0072129069
    7: 1111010010001110000000001001100110010100... 67           0.0073523085
    8: 1111011010001110000000001001100110010100... 71           0.0073731753
    9: 1111000001001110000000001001000110010100... 55           0.0073771427

Pickling Hall of Fame to: genetic_alg_settings_evolve_halloffame.pkl
Begin 2 of 20 repetitions
Begin 20 generations
gen	nevals	avg       	std        	min       	max       
0  	0     	0.00728363	0.000238069	0.00690751	0.00766356
1  	10    	0.00721305	0.000276855	0.00693796	0.00789754
2  	10    	0.00716473	0.000228201	0.00691738	0.00781622
3  	10    	0.00704519	9.15804e-05	0.00690705	0.00719718
4  	10    	0.00694322	0.000207497	0.00661504	0.00737711
5  	10    	0.00675125	9.12603e-05	0.00660408	0.00691996
6  	10    	0.00672472	0.000203969	0.00639169	0.00723478
7  	10    	0.00659591	9.76443e-05	0.00642684	0.00672665
8  	10    	0.00658978	0.000153731	0.0062936 	0.00684866
9  	10    	0.00672912	0.000356554	0.00650744	0.00776904
10 	10    	0.0066008 	0.000127984	0.00646681	0.00682219
11 	10    	0.0065743 	0.000157431	0.00639676	0.00692954
12 	10    	0.00651628	0.000178009	0.00623082	0.00694455
13 	10    	0.00646137	0.000147386	0.00620839	0.00669072
14 	10    	0.00639051	0.000165374	0.00619435	0.00679404
15 	10    	0.00632015	0.000115415	0.00614048	0.00649875
16 	10    	0.00631322	7.05349e-05	0.00619748	0.00640789
17 	10    	0.00630313	0.00015122 	0.00607815	0.00655676
18 	10    	0.0063067 	0.000204928	0.00614317	0.00687686
19 	10    	0.00623349	8.19291e-05	0.00613958	0.00643165
20 	10    	0.00621986	0.00012155 	0.00602483	0.00646453
Runtime: 7.3324180630006595 (s)


Final population:
Index: Selected                                    #Selected    CV          
----------------------------------------------------------------------------------------------------
    0: 1111110011011110010001101101001100010100... 89           0.0060248259
    1: 1111110011011110010001101100001100010100... 88           0.0062044714
    2: 1111010011011110010001101101001100010101... 93           0.0061494574
    3: 1111110011011110010001101101001101010100... 88           0.0062383649
    4: 1111010011111100011001101101001101010101... 93           0.0062906437
    5: 1111110011011110010001001101001100010100... 91           0.0061401794
    6: 1111010011011111010001101101001101010101... 93           0.0064645297
    7: 1111010011011110010001101101001101010101... 94           0.0062395925
    8: 1111110111011110110001101001000100010100... 86           0.0063508295
    9: 1111110011011110010001101101001100010100... 84           0.006095746 

Pickling population to: genetic_alg_settings_population_end.pkl

Hall of Fame:
Index: Selected                                    #Selected    CV          
----------------------------------------------------------------------------------------------------
    0: 1111110011011110010001101101001100010100... 89           0.0060248259
    1: 1111010011011110010001101101000101010100... 87           0.0060781484
    2: 1111110011011110010001101101001100010100... 84           0.006095746 
    3: 1111110011011110010001101101001100010100... 89           0.0061395787
    4: 1111110011011110010001001101001100010100... 91           0.0061401794
    5: 1111010011011110010001101101000101010100... 83           0.0061404805
    6: 1111110111011110110001101001000100010100... 86           0.0061431744
    7: 1111010011011110010001101101001100010101... 93           0.0061494574
    8: 1111110111011110110001101001000100010100... 84           0.0061513806
    9: 1111010111011110010001101001001100010100... 84           0.0061550085

Pickling Hall of Fame to: genetic_alg_settings_evolve_halloffame.pkl
Begin 3 of 20 repetitions
Begin 20 generations
gen	nevals	avg       	std       	min       	max       
0  	0     	0.00621986	0.00012155	0.00602483	0.00646453
1  	10    	0.0062711 	0.000136594	0.00607584	0.00658243
2  	10    	0.00621379	0.000102833	0.00608593	0.00647235
3  	10    	0.00622816	0.000127635	0.00604949	0.00644761
4  	10    	0.00625071	0.000151855	0.00603564	0.0065662 
5  	10    	0.00617269	0.000257793	0.00583365	0.00683899
6  	10    	0.0060554 	0.000114421	0.00589536	0.00621897
7  	10    	0.00597495	0.000165041	0.00562879	0.00626268
8  	10    	0.00586835	0.00013708 	0.00566946	0.00606006
9  	10    	0.00590086	0.000141807	0.00576202	0.00625766
10 	10    	0.00606171	0.000275276	0.00579794	0.00675763
11 	10    	0.00585105	9.24278e-05	0.00571828	0.00605554
12 	10    	0.00584974	0.00016874 	0.00572581	0.00634257
13 	10    	0.00595035	0.000208474	0.00571869	0.00633152
14 	10    	0.00586368	0.000111178	0.00570593	0.00605437
15 	10    	0.00590041	0.000247112	0.00564883	0.00654625
16 	10    	0.00586958	0.000243935	0.00563145	0.00648661
17 	10    	0.00577953	0.00023026 	0.00552221	0.00639249
18 	10    	0.00577535	0.000255772	0.00552872	0.00645544
19 	10    	0.00577603	0.000194126	0.00558424	0.00632625
20 	10    	0.00588634	0.000332987	0.00558739	0.00661654
Runtime: 9.153419201997167 (s)


Final population:
Index: Selected                                    #Selected    CV          
----------------------------------------------------------------------------------------------------
    0: 1111100011111100010001101111000100010000... 100          0.0060356513
    1: 1111100011011100010000101111100100010000... 95           0.0056458528
    2: 1111100011011100010000101111000100010000... 99           0.00564424  
    3: 1111100011011100110000101111000100010000... 100          0.0056185857
    4: 1111100010001100010001101111000100010000... 100          0.0063149608
    5: 1111100011011100010000010011000100010000... 92           0.0066165374
    6: 1111100011011100010001101111000100110000... 97           0.0060007367
    7: 1111100011101100010001111111000100010000... 100          0.0056312765
    8: 1111100011111100010001101111000100010000... 98           0.0055873921
    9: 1111100011011100010001101111000100010000... 95           0.005768215 

Pickling population to: genetic_alg_settings_population_end.pkl

Hall of Fame:
Index: Selected                                    #Selected    CV          
----------------------------------------------------------------------------------------------------
    0: 1111100011011100010001101111000100010000... 100          0.0055222058
    1: 1111100011111100010000101111000100010000... 98           0.0055287188
    2: 1111100011011100010001101111000100010000... 100          0.0055323144
    3: 1111100011011100010000101111000100010000... 98           0.0055842432
    4: 1111100011111100010001101111000100010000... 98           0.0055873921
    5: 1111110011001100000000101111001100011000... 94           0.0056114645
    6: 1111100011011100110000101111000100010000... 100          0.0056185857
    7: 1111110011011100000000001111001100011000... 100          0.0056235404
    8: 1111110011011100010001101111001100010100... 93           0.0056287911
    9: 1111100011111100010001101111000100010000... 98           0.0056310085

Pickling Hall of Fame to: genetic_alg_settings_evolve_halloffame.pkl
Begin 4 of 20 repetitions
Begin 20 generations
gen	nevals	avg       	std        	min       	max       
0  	0     	0.00588634	0.000332987	0.00558739	0.00661654
1  	10    	0.00577491	0.000143554	0.00554584	0.00599628
2  	10    	0.00576172	0.000303576	0.00556616	0.00665472
3  	10    	0.00576753	0.000214942	0.00550276	0.00632258
4  	10    	0.00575771	0.000181299	0.0055293 	0.00614162
5  	10    	0.00570285	0.000137715	0.00555013	0.00603947
6  	10    	0.00574661	0.000181595	0.00558467	0.00623956
7  	10    	0.00573491	0.00017102 	0.0055391 	0.00616243
8  	10    	0.00570125	8.08792e-05	0.00557576	0.00584062
9  	10    	0.00579848	0.000184138	0.00560905	0.00624531
10 	10    	0.00567586	8.47658e-05	0.00554051	0.00580718
11 	10    	0.00572022	0.000148911	0.0055288 	0.00608721
12 	10    	0.00571061	5.55178e-05	0.00563039	0.00582858
13 	10    	0.00594113	0.000441405	0.00550572	0.0071024 
14 	10    	0.00578687	0.000118499	0.00565246	0.00611248
15 	10    	0.00575634	0.000146336	0.00551538	0.00604394
16 	10    	0.00570292	8.09466e-05	0.0055475 	0.00586519
17 	10    	0.00578846	0.000236551	0.00561882	0.0064603 
18 	10    	0.00575327	9.58082e-05	0.00557516	0.0058909 
19 	10    	0.0059898 	0.000288249	0.00569279	0.00658396
20 	10    	0.00575079	0.000181975	0.0055335 	0.00617968
Runtime: 9.633398056997976 (s)


Final population:
Index: Selected                                    #Selected    CV          
----------------------------------------------------------------------------------------------------
    0: 1111000011011100010001001011000100110000... 97           0.005737146 
    1: 1111000011011100000001001011100100110000... 93           0.0057080799
    2: 1111000011011100010001001011100110110000... 97           0.0058375862
    3: 1111000011011100010001001011000100110000... 94           0.005533498 
    4: 1111000011011100000001001011000100110010... 98           0.0056022418
    5: 1111000011011100010001001011000100110000... 96           0.005819333 
    6: 1111000011010100000001001011000100110000... 97           0.0061796751
    7: 1111000011011100010001101011000100110000... 95           0.0055898032
    8: 1111000011011100010001001011000100110000... 89           0.0058877013
    9: 1111000011011100010001001011100100110000... 100          0.0056128734

Pickling population to: genetic_alg_settings_population_end.pkl

Hall of Fame:
Index: Selected                                    #Selected    CV          
----------------------------------------------------------------------------------------------------
    0: 1111100011111100010001101111100100010000... 98           0.0055027592
    1: 1111000011011110010001001011000100110000... 100          0.0055057174
    2: 1111100011011100010001001011000100110000... 95           0.0055153811
    3: 1111100011011100010001101111000100010000... 100          0.0055222058
    4: 1111100011111100010000101111000100010000... 98           0.0055287188
    5: 1111100011011100010001001011000100110100... 99           0.0055288024
    6: 1111100011111000010001101111100100010000... 96           0.0055293011
    7: 1111100011011100010001101111000100010000... 100          0.0055323144
    8: 1111000011011100010001001011000100110000... 94           0.005533498 
    9: 1111100011011100010001001111000100110000... 97           0.0055390983

Pickling Hall of Fame to: genetic_alg_settings_evolve_halloffame.pkl
Begin 5 of 20 repetitions
Begin 20 generations
gen	nevals	avg       	std        	min      	max       
0  	0     	0.00575079	0.000181975	0.0055335	0.00617968
1  	10    	0.00568798	7.94411e-05	0.00557347	0.00581952
2  	10    	0.00582916	0.000172282	0.00558632	0.00616873
3  	10    	0.00576368	8.40409e-05	0.005652  	0.00591163
4  	10    	0.00572612	0.000105775	0.00557742	0.00595205
5  	10    	0.00579159	0.000157535	0.00563168	0.00617838
6  	10    	0.00597593	0.000480707	0.00557336	0.00714729
7  	10    	0.0058692 	0.000261197	0.0057156 	0.00662565
8  	10    	0.00577523	0.000130544	0.00563131	0.00599099
9  	10    	0.00570225	9.3409e-05 	0.00552274	0.00583063
10 	10    	0.005718  	0.000146602	0.00555959	0.00604789
11 	10    	0.00564639	0.000152638	0.00547705	0.00605479
12 	10    	0.00573692	0.000285347	0.00557026	0.00649186
13 	10    	0.00564261	8.99622e-05	0.00554193	0.00579674
14 	10    	0.00573885	0.00016658 	0.00560797	0.00613666
15 	10    	0.00568123	0.000211196	0.00551645	0.00629152
16 	10    	0.00567344	0.000136605	0.00551604	0.00597165
17 	10    	0.00568638	0.000215511	0.00549228	0.00626599
18 	10    	0.00562924	8.83702e-05	0.00550355	0.00579949
19 	10    	0.00563371	0.000146665	0.00547099	0.00590783
20 	10    	0.00563566	0.000132945	0.00548253	0.00595391
Runtime: 9.982001370000944 (s)


Final population:
Index: Selected                                    #Selected    CV          
----------------------------------------------------------------------------------------------------
    0: 1111000011011100000010101010001100110000... 99           0.0056988253
    1: 1111000011011100000010101010001100110000... 100          0.005703273 
    2: 1111000011011100000011101010000100110100... 100          0.0055715278
    3: 1111000010010100000011101010000100110100... 99           0.0059539051
    4: 1111000011011100001011101010000100110100... 98           0.0055516543
    5: 1111000011011100000011101010000101110100... 100          0.005591498 
    6: 1111000011011100000011101010001100110100... 100          0.0054825325
    7: 1111010011011100000011101010001100110100... 100          0.0055573119
    8: 1111000011011100000011101010010100110100... 100          0.0055137804
    9: 1111000011011100000011101010000100100100... 98           0.0057323041

Pickling population to: genetic_alg_settings_population_end.pkl

Hall of Fame:
Index: Selected                                    #Selected    CV          
----------------------------------------------------------------------------------------------------
    0: 1111000011011100000011101010001100110100... 99           0.0054709949
    1: 1111000011011100000000101011000100110000... 97           0.0054770516
    2: 1111000011011100000011101010001100110100... 100          0.0054825325
    3: 1111000011011100000011101010000100110100... 99           0.0054910024
    4: 1111000011011100000011101010000100110100... 97           0.0054922829
    5: 1111000011011100000011101010000101110100... 98           0.0054979294
    6: 1111100011111100010001101111100100010000... 98           0.0055027592
    7: 1111000011011100000011101010001100110100... 99           0.005503553 
    8: 1111000011011100000011101010010100110100... 97           0.0055048602
    9: 1111000011011110010001001011000100110000... 100          0.0055057174

Pickling Hall of Fame to: genetic_alg_settings_evolve_halloffame.pkl
Begin 6 of 20 repetitions
Begin 20 generations
gen	nevals	avg       	std        	min       	max       
0  	0     	0.00563566	0.000132945	0.00548253	0.00595391
1  	10    	0.00566202	0.000135524	0.00553269	0.00590877
2  	10    	0.00563622	0.000110232	0.0054917 	0.00586604
3  	10    	0.00564917	6.91787e-05	0.00554533	0.00576223
4  	10    	0.00572374	0.000184208	0.00544232	0.00612383
5  	10    	0.00569864	0.000100711	0.00554758	0.00583766
6  	10    	0.00583218	0.000278051	0.00555834	0.0062757 
7  	10    	0.00577683	0.000257564	0.00557338	0.00631029
8  	10    	0.00571545	0.000239433	0.00553471	0.0063777 
9  	10    	0.00563289	6.23762e-05	0.00557402	0.00577853
10 	10    	0.00567732	0.000115788	0.00550276	0.00593876
11 	10    	0.00579433	0.000371343	0.00552089	0.00687607
12 	10    	0.00567724	8.1114e-05 	0.00553722	0.00578122
13 	10    	0.00572427	0.000118776	0.00549747	0.00590439
14 	10    	0.00581139	0.000228831	0.00562075	0.00646176
15 	10    	0.00581335	0.000223964	0.00560154	0.00636592
16 	10    	0.00573082	8.65556e-05	0.0055962 	0.00586129
17 	10    	0.00583319	0.000257546	0.00563263	0.00651251
18 	10    	0.0058041 	0.000238929	0.00557929	0.00646089
19 	10    	0.00573537	0.000107833	0.00558516	0.00589837
20 	10    	0.00564335	9.312e-05  	0.00545066	0.0057973 
Runtime: 11.181558937998489 (s)


Final population:
Index: Selected                                    #Selected    CV          
----------------------------------------------------------------------------------------------------
    0: 1111001011001110000010101010000100110100... 97           0.0057252985
    1: 1111010011011110000010001010000100110100... 95           0.0056001269
    2: 1111000011011110000010101010001100110100... 94           0.0057199412
    3: 1111011011011110000010001010000100110100... 97           0.0055571486
    4: 1111000011001100000010101010000100110100... 89           0.0056887284
    5: 1111000011011110001010101010000100110100... 97           0.0056632369
    6: 1111010011011110000010001010000100110100... 96           0.0056151322
    7: 1111001011011110000010101010001100110100... 95           0.0056159373
    8: 1111000011011110000010001010000100110100... 96           0.0054506604
    9: 1111000011011100000010101010000100110100... 94           0.005797301 

Pickling population to: genetic_alg_settings_population_end.pkl

Hall of Fame:
Index: Selected                                    #Selected    CV          
----------------------------------------------------------------------------------------------------
    0: 1111000011011100000011101010000100110100... 98           0.0054423197
    1: 1111000011011110000010001010000100110100... 96           0.0054506604
    2: 1111000011011100000011101010001100110100... 99           0.0054709949
    3: 1111000011011100000000101011000100110000... 97           0.0054770516
    4: 1111000011011100000011101010001100110100... 100          0.0054825325
    5: 1111000011011100000011101010000100110100... 99           0.0054910024
    6: 1111000011011100000011101010000100010100... 99           0.0054916954
    7: 1111000011011100000011101010000100110100... 97           0.0054922829
    8: 1111000011011110000010101010000100110100... 100          0.005497469 
    9: 1111000011011100000011101010000101110100... 98           0.0054979294

Pickling Hall of Fame to: genetic_alg_settings_evolve_halloffame.pkl
Begin 7 of 20 repetitions
Begin 20 generations
gen	nevals	avg       	std      	min       	max      
0  	0     	0.00564335	9.312e-05	0.00545066	0.0057973
1  	10    	0.00569292	0.00031094	0.0054441 	0.00657855
2  	10    	0.00576074	0.000273913	0.00551807	0.00636881
3  	10    	0.00574234	0.000258829	0.00549375	0.00637483
4  	10    	0.00567216	0.000206619	0.00545631	0.00621556
5  	10    	0.00561104	0.000121519	0.00542853	0.00586158
6  	10    	0.00561772	0.000140187	0.00551239	0.00602723
7  	10    	0.00563781	6.55668e-05	0.0055035 	0.00573253
8  	10    	0.00565903	0.000250709	0.00549045	0.00638856
9  	10    	0.00566077	0.000124038	0.00549247	0.00590799
10 	10    	0.00569011	0.000162444	0.00541327	0.0059728 
11 	10    	0.00558936	0.000110525	0.00545516	0.00575096
12 	10    	0.00573838	0.000281404	0.00548658	0.00643658
13 	10    	0.00570237	0.000330493	0.00538238	0.006495  
14 	10    	0.00561297	0.000143827	0.00546763	0.00588073
15 	10    	0.00560939	0.000105904	0.00548674	0.00584298
16 	10    	0.00571103	0.000363288	0.00542762	0.00668844
17 	10    	0.00569803	0.000308796	0.00551054	0.00661125
18 	10    	0.00572938	0.000491077	0.00544828	0.00719131
19 	10    	0.00561724	0.000107479	0.0054655 	0.00584118
20 	10    	0.00562128	0.00015551 	0.00541045	0.00583275
Runtime: 16.633683955005836 (s)


Final population:
Index: Selected                                    #Selected    CV          
----------------------------------------------------------------------------------------------------
    0: 1111000101011010000010001010001100010100... 95           0.0054393814
    1: 1111000111011010000010001010001110000100... 92           0.005658794 
    2: 1111000111011000000010001010001100010100... 99           0.0058327526
    3: 1111000101011010000010001010001100010100... 98           0.0056523815
    4: 1111000111011000000010001010001100000100... 91           0.0058261049
    5: 1111000101011010000010001010001100010100... 100          0.0054104528
    6: 1111000101011010010010001010001100000100... 94           0.0056298517
    7: 1111000101011010000010001010001110010100... 95           0.0054709236
    8: 1111000111111010000000001010001110010100... 100          0.0054858494
    9: 1111000011001010000010001010011100010100... 100          0.0058062862

Pickling population to: genetic_alg_settings_population_end.pkl

Hall of Fame:
Index: Selected                                    #Selected    CV          
----------------------------------------------------------------------------------------------------
    0: 1111000111011010000010001010001110110100... 100          0.0053823763
    1: 1111000101011010000010001010001100010100... 100          0.0054104528
    2: 1111000111011110000010001010001110110100... 98           0.0054132705
    3: 1111000111011010000010001010001110010100... 98           0.0054276156
    4: 1111000111011110000010001010011100110100... 99           0.0054285342
    5: 1111000101011010000010001010001100010100... 95           0.0054393814
    6: 1111000011011100000011101010000100110100... 98           0.0054423197
    7: 1111000111011110000010001010000100110100... 100          0.0054440959
    8: 1111000111011010000010001010001100010100... 100          0.0054482823
    9: 1111000011011110000010001010000100110100... 96           0.0054506604

Pickling Hall of Fame to: genetic_alg_settings_evolve_halloffame.pkl
Begin 8 of 20 repetitions
Begin 20 generations
gen	nevals	avg       	std       	min       	max       
0  	0     	0.00562128	0.00015551	0.00541045	0.00583275
1  	10    	0.00559051	7.70614e-05	0.00549271	0.00575612
2  	10    	0.00557891	8.01495e-05	0.00548178	0.00570613
3  	10    	0.00558614	5.63105e-05	0.0054996 	0.00570782
4  	10    	0.00560285	7.55567e-05	0.00551788	0.00575361
5  	10    	0.00551303	4.33243e-05	0.00545338	0.00559514
6  	10    	0.00558306	9.03677e-05	0.00544629	0.00573644
7  	10    	0.00570173	0.000252137	0.00551694	0.00637994
8  	10    	0.00568716	0.000230731	0.00551362	0.006328  
9  	10    	0.00560768	0.000102802	0.00544221	0.00579669
10 	10    	0.00567618	0.000177993	0.00549639	0.0061745 
11 	10    	0.00563081	0.000120779	0.00540499	0.00580513
12 	10    	0.00573479	0.000232713	0.00551823	0.00620439
13 	10    	0.00560958	0.000152216	0.00542375	0.0059323 
14 	10    	0.00557903	9.69066e-05	0.00537027	0.00573855
15 	10    	0.0057199 	0.000232876	0.00539946	0.00621233
16 	10    	0.00573518	0.000304064	0.00545719	0.006465  
17 	10    	0.00562424	0.000149128	0.00546455	0.00596506
18 	10    	0.00555945	6.53763e-05	0.00549111	0.00569684
19 	10    	0.00582971	0.000719547	0.00545609	0.00797028
20 	10    	0.00572811	0.000228991	0.00554196	0.00616815
Runtime: 9.257266018001246 (s)


Final population:
Index: Selected                                    #Selected    CV          
----------------------------------------------------------------------------------------------------
    0: 1111000101011010000010001010001100000100... 98           0.0056174677
    1: 1111000101011110000010001010001100010100... 95           0.0055419571
    2: 1111000101011110000010001000001100010100... 98           0.0061681537
    3: 1111000101011110000010001010001100010100... 100          0.0058504327
    4: 1111000001111010000010001010001100010100... 98           0.0056228998
    5: 1111000101011010000010001010001100010100... 96           0.0055782192
    6: 1111000001011010000010001010001100010100... 94           0.0055492018
    7: 1111000001011010000010001010001100010100... 96           0.0056446072
    8: 1111010001011010000110001010001100010100... 93           0.0055671511
    9: 1110000101011010000010011010001100010000... 100          0.006140965 

Pickling population to: genetic_alg_settings_population_end.pkl

Hall of Fame:
Index: Selected                                    #Selected    CV          
----------------------------------------------------------------------------------------------------
    0: 1111000101011010000010001010001100010100... 94           0.0053702747
    1: 1111000111011010000010001010001110110100... 100          0.0053823763
    2: 1111000101011010000010001010001100010100... 96           0.005399458 
    3: 1111000101011010000010001010001100010000... 98           0.0054049922
    4: 1111000101011010000010001010001100010100... 100          0.0054104528
    5: 1111000111011110000010001010001110110100... 98           0.0054132705
    6: 1111000101011010000010001010001100010100... 92           0.0054237484
    7: 1111000111011010000010001010001110010100... 98           0.0054276156
    8: 1111000111011110000010001010011100110100... 99           0.0054285342
    9: 1111000101011010000010001010001100010100... 95           0.0054393814

Pickling Hall of Fame to: genetic_alg_settings_evolve_halloffame.pkl
Begin 9 of 20 repetitions
Begin 20 generations
gen	nevals	avg       	std        	min       	max       
0  	0     	0.00572811	0.000228991	0.00554196	0.00616815
1  	10    	0.00559061	0.000100992	0.00544399	0.00579292
2  	10    	0.00562756	9.15141e-05	0.00550474	0.00578323
3  	10    	0.00569731	0.000138404	0.00545764	0.00596703
4  	10    	0.00582028	0.000304706	0.00546281	0.00633551
5  	10    	0.00559521	7.72494e-05	0.00550894	0.0057871 
6  	10    	0.00562944	0.000201525	0.00547641	0.00618805
7  	10    	0.00559732	0.000167228	0.00535855	0.00600978
8  	10    	0.00569809	0.000551528	0.00539694	0.00734039
9  	10    	0.00558365	0.000248386	0.00540568	0.00629801
10 	10    	0.00552509	4.95986e-05	0.00544878	0.00559945
11 	10    	0.00568646	0.000227411	0.0053899 	0.00611125
12 	10    	0.00554228	9.20673e-05	0.00539904	0.00573805
13 	10    	0.00555527	0.0001063  	0.00546668	0.00582771
14 	10    	0.00557533	0.000102847	0.00545117	0.0057746 
15 	10    	0.00557351	9.35095e-05	0.00539917	0.00577952
16 	10    	0.00560939	9.50082e-05	0.00543532	0.00575681
17 	10    	0.00555607	0.000102507	0.00539504	0.0057637 
18 	10    	0.00559868	0.000102283	0.00543481	0.0057791 
19 	10    	0.00567844	0.000119264	0.00546782	0.00585129
20 	10    	0.00569243	0.000321606	0.00550921	0.00664225
Runtime: 8.858753036998678 (s)


Final population:
Index: Selected                                    #Selected    CV          
----------------------------------------------------------------------------------------------------
    0: 1111000101011010100010001010001100011100... 98           0.0055214607
    1: 1111000101011100000010001010001100011100... 98           0.005509213 
    2: 1111000101011110100010000010001100011100... 89           0.0066422497
    3: 1111000101011110100010001010001100011100... 87           0.0055866067
    4: 1111000101011100100010001010001100011100... 91           0.0055456669
    5: 1111000101011110000010001010001100011100... 97           0.0056611318
    6: 1111000101011010100010001010001100011100... 100          0.0055953272
    7: 1111000101011010100010001010001100010100... 96           0.0055836156
    8: 1111000101011100100010001010001100011100... 93           0.0057056498
    9: 1111000101011110100010001010101100011100... 94           0.0055733389

Pickling population to: genetic_alg_settings_population_end.pkl

Hall of Fame:
Index: Selected                                    #Selected    CV          
----------------------------------------------------------------------------------------------------
    0: 1111000101011110000010001010001100011100... 100          0.0053585487
    1: 1111000101011010000010001010001100010100... 94           0.0053702747
    2: 1111000111011010000010001010001110110100... 100          0.0053823763
    3: 1111000111011110100010001010001100011100... 100          0.0053899041
    4: 1111000101011110100010001010001100011100... 96           0.0053950366
    5: 1111000101011110100010001010001100011100... 96           0.0053969429
    6: 1111000101011110100010001010001101011100... 97           0.005399042 
    7: 1111000101011110100010001010001100011100... 97           0.0053991681
    8: 1111000101011010000010001010001100010100... 96           0.005399458 
    9: 1111000101011010000010001010001100010000... 98           0.0054049922

Pickling Hall of Fame to: genetic_alg_settings_evolve_halloffame.pkl
Begin 10 of 20 repetitions
Begin 20 generations
gen	nevals	avg       	std        	min       	max       
0  	0     	0.00569243	0.000321606	0.00550921	0.00664225
1  	10    	0.00561985	0.000175656	0.0054556 	0.0060957 
2  	10    	0.0055925 	7.44084e-05	0.00548334	0.00573239
3  	10    	0.00557309	0.000121382	0.00541185	0.00584912
4  	10    	0.00558076	0.000129587	0.00541949	0.0059126 
5  	10    	0.0056917 	0.000197842	0.00543534	0.0061844 
6  	10    	0.00558405	0.000106119	0.00544907	0.00580356
7  	10    	0.00570387	0.000453151	0.00548864	0.00705588
8  	10    	0.00555247	0.000142457	0.00530313	0.00580254
9  	10    	0.00562221	0.000181912	0.00545439	0.00612271
10 	10    	0.00566627	0.000397577	0.00534502	0.00674083
11 	10    	0.00560087	0.000309455	0.00540886	0.0065047 
12 	10    	0.00561767	0.000174307	0.0053877 	0.00606499
13 	10    	0.00556537	0.000153574	0.00529326	0.00586002
14 	10    	0.00557044	0.00040159 	0.00529368	0.00674148
15 	10    	0.00552251	0.000155613	0.00537304	0.00594754
16 	10    	0.00546385	0.00012573 	0.00533071	0.0057061 
17 	10    	0.00551575	0.000172276	0.00533711	0.00591138
18 	10    	0.00557863	0.000144452	0.00532961	0.00583662
19 	10    	0.00551557	0.000144971	0.0052767 	0.00572307
20 	10    	0.00556606	0.000204807	0.00532815	0.00595411
Runtime: 9.601077405997785 (s)


Final population:
Index: Selected                                    #Selected    CV          
----------------------------------------------------------------------------------------------------
    0: 1111010111011111000010001010001100010100... 96           0.0055130604
    1: 1111010111011110000011001010000110010100... 100          0.0059541147
    2: 1111010101111111000010001010001110010100... 100          0.0054585425
    3: 1111010111011111000010001010001100010100... 94           0.0056520869
    4: 1111000111111111000010001010001100010101... 96           0.0054678511
    5: 1111010111111111000010001010001100010100... 99           0.0054002588
    6: 1111010111111111000010001010001110010101... 100          0.0053956472
    7: 1111000111011111000110001010001100010100... 100          0.0059186002
    8: 1111010111111111000010001010001100010101... 100          0.0055723299
    9: 1111000111111111000010001010001100010100... 96           0.0053281452

Pickling population to: genetic_alg_settings_population_end.pkl

Hall of Fame:
Index: Selected                                    #Selected    CV          
----------------------------------------------------------------------------------------------------
    0: 1111010111011111000010001010001110010100... 100          0.0052766968
    1: 1111010111011111000010001010001100011100... 97           0.0052932602
    2: 1111010111011111000010001010001100010100... 96           0.0052936796
    3: 1111010111011111000010001010001100011100... 92           0.00530313  
    4: 1111000111111111000010001010001100010100... 96           0.0053281452
    5: 1111010111111111000010001010001100010100... 100          0.0053296094
    6: 1111010111011111000010001110001100010100... 97           0.0053307107
    7: 1111010111001111000010001010001100011100... 96           0.0053311516
    8: 1111010111011111000010001010001100010100... 99           0.005332068 
    9: 1111010111011111000010011010001100010100... 100          0.0053371091

Pickling Hall of Fame to: genetic_alg_settings_evolve_halloffame.pkl
Begin 11 of 20 repetitions
Begin 20 generations
gen	nevals	avg       	std        	min       	max       
0  	0     	0.00556606	0.000204807	0.00532815	0.00595411
1  	10    	0.0055066 	0.000126298	0.00536733	0.00578008
2  	10    	0.00564511	0.000306437	0.00549099	0.00654265
3  	10    	0.00565592	0.000224294	0.00541813	0.00622107
4  	10    	0.00557083	0.000151511	0.00543667	0.0059941 
5  	10    	0.00554386	0.000223675	0.00534488	0.006178  
6  	10    	0.00558696	0.000120002	0.00548808	0.00588782
7  	10    	0.00572568	0.000566084	0.0053839 	0.0073431 
8  	10    	0.00561919	0.000256649	0.00536839	0.0063003 
9  	10    	0.00549109	0.000121895	0.00534245	0.00568764
10 	10    	0.00553033	0.000161871	0.00527545	0.00583095
11 	10    	0.00560786	0.000186077	0.0053767 	0.00608314
12 	10    	0.00567451	0.000457642	0.005289  	0.00697653
13 	10    	0.00554175	0.000190125	0.00537787	0.00605145
14 	10    	0.00549833	9.27408e-05	0.00537307	0.00566779
15 	10    	0.00549837	9.05251e-05	0.00540861	0.0056634 
16 	10    	0.00555942	0.000151627	0.00530004	0.00579399
17 	10    	0.00568467	0.000219585	0.00535213	0.00618583
18 	10    	0.00582493	0.000409531	0.00541143	0.00686076
19 	10    	0.00561282	0.000116394	0.00543924	0.00582714
20 	10    	0.00557073	8.11829e-05	0.00547624	0.00571569
Runtime: 10.28481553599704 (s)


Final population:
Index: Selected                                    #Selected    CV          
----------------------------------------------------------------------------------------------------
    0: 1111010111101111010000001010001111000100... 96           0.0054762403
    1: 1111010101111111000000001010011101000100... 100          0.0056159969
    2: 1111010110111111000010001010001111000100... 98           0.0055122199
    3: 1111010101111111000010001010001111000100... 98           0.0054842996
    4: 1111010101111111000010001010001101000100... 100          0.0055725458
    5: 1111010111111111000010001010011111000100... 99           0.0056133435
    6: 1111010111111111000010001010001101001100... 100          0.0056867036
    7: 1111010111111111010000001010011100000100... 97           0.0055431064
    8: 1111010110111111000010001011001101000100... 100          0.0057156926
    9: 1111010111111111010010001010011101001100... 100          0.0054871278

Pickling population to: genetic_alg_settings_population_end.pkl

Hall of Fame:
Index: Selected                                    #Selected    CV          
----------------------------------------------------------------------------------------------------
    0: 1111010111111111010010001010001100000100... 97           0.0052754516
    1: 1111010111011111000010001010001110010100... 100          0.0052766968
    2: 1111010111111111010000001010001100000100... 98           0.0052889951
    3: 1111010111011111000010001010001100011100... 97           0.0052932602
    4: 1111010111011111000010001010001100010100... 96           0.0052936796
    5: 1111010111111111010010001010001100000100... 100          0.0053000434
    6: 1111010111011111000010001010001100011100... 92           0.00530313  
    7: 1111000111111111000010001010001100010100... 96           0.0053281452
    8: 1111010111111111000010001010001100010100... 100          0.0053296094
    9: 1111010111011111000010001110001100010100... 97           0.0053307107

Pickling Hall of Fame to: genetic_alg_settings_evolve_halloffame.pkl
Begin 12 of 20 repetitions
Begin 20 generations
gen	nevals	avg       	std        	min       	max       
0  	0     	0.00557073	8.11829e-05	0.00547624	0.00571569
1  	10    	0.00561296	7.64493e-05	0.00550531	0.00575854
2  	10    	0.00577902	0.000294493	0.00549638	0.00648036
3  	10    	0.0057227 	0.000220612	0.00551461	0.00634802
4  	10    	0.00567917	0.000212301	0.00550942	0.0061823 
5  	10    	0.00568504	7.67044e-05	0.00553766	0.00577158
6  	10    	0.00590607	0.000477318	0.00551477	0.00718486
7  	10    	0.00569569	9.03814e-05	0.00557521	0.00590723
8  	10    	0.00571162	0.000102885	0.00556199	0.00586728
9  	10    	0.00577922	0.000125248	0.00563342	0.00609414
10 	10    	0.00575206	0.000161373	0.00561641	0.00616291
11 	10    	0.00579345	0.000193914	0.00555293	0.00628629
12 	10    	0.00574646	0.00023185 	0.00557216	0.00640114
13 	10    	0.00580058	0.000172852	0.00562206	0.00619539
14 	10    	0.00570217	6.24648e-05	0.00562543	0.00581029
15 	10    	0.00566131	7.88617e-05	0.00557214	0.00582335
16 	10    	0.00566591	0.000125217	0.00550991	0.00591246
17 	10    	0.00568991	0.000138268	0.00550492	0.00595875
18 	10    	0.00575666	0.000252149	0.00554143	0.0064656 
19 	10    	0.00585522	0.000514268	0.00556792	0.00738152
20 	10    	0.00568717	9.65521e-05	0.00558287	0.00585593
Runtime: 11.318464959003904 (s)


Final population:
Index: Selected                                    #Selected    CV          
----------------------------------------------------------------------------------------------------
    0: 1111000111101111000000001011101111000110... 98           0.0058517389
    1: 1111000110101111000000001010101110000110... 99           0.0056129652
    2: 1111000110101111000000101010001111000110... 99           0.0058559282
    3: 1111000110101111000000101010001111000110... 100          0.0057534101
    4: 1111000111101111000000101010001111000110... 100          0.0057000305
    5: 1111000111101111000000101010001111000110... 100          0.0056590036
    6: 1111000111101111000000001010101111000110... 97           0.005582866 
    7: 1111010111101111000000001010101111000110... 100          0.0055872741
    8: 1111000111101111000000001010101111000110... 94           0.0056210068
    9: 1111000111101111000000001010101111000110... 98           0.005647524 

Pickling population to: genetic_alg_settings_population_end.pkl

Hall of Fame:
Index: Selected                                    #Selected    CV          
----------------------------------------------------------------------------------------------------
    0: 1111010111111111010010001010001100000100... 97           0.0052754516
    1: 1111010111011111000010001010001110010100... 100          0.0052766968
    2: 1111010111111111010000001010001100000100... 98           0.0052889951
    3: 1111010111011111000010001010001100011100... 97           0.0052932602
    4: 1111010111011111000010001010001100010100... 96           0.0052936796
    5: 1111010111111111010010001010001100000100... 100          0.0053000434
    6: 1111010111011111000010001010001100011100... 92           0.00530313  
    7: 1111000111111111000010001010001100010100... 96           0.0053281452
    8: 1111010111111111000010001010001100010100... 100          0.0053296094
    9: 1111010111011111000010001110001100010100... 97           0.0053307107

Pickling Hall of Fame to: genetic_alg_settings_evolve_halloffame.pkl
Begin 13 of 20 repetitions
Begin 20 generations
gen	nevals	avg       	std        	min       	max       
0  	0     	0.00568717	9.65521e-05	0.00558287	0.00585593
1  	10    	0.00587645	0.000504915	0.0055669 	0.00734925
2  	10    	0.00589643	0.000338172	0.00560153	0.00678811
3  	10    	0.0057862 	0.000232686	0.00552283	0.00633483
4  	10    	0.00575436	0.00014611 	0.00557384	0.00612162
5  	10    	0.00585488	0.000192008	0.00566343	0.0063019 
6  	10    	0.00586736	0.000145514	0.00568277	0.00611316
7  	10    	0.00596158	0.000433045	0.00561627	0.00686964
8  	10    	0.00583835	0.000299172	0.00557818	0.00669986
9  	10    	0.00574624	9.47362e-05	0.00555138	0.00592368
10 	10    	0.00580804	0.000221916	0.00556869	0.00636335
11 	10    	0.00582275	0.000192874	0.00551874	0.00627535
12 	10    	0.00586641	0.00030349 	0.00552278	0.00673007
13 	10    	0.00575552	0.000161743	0.00549603	0.00607037
14 	10    	0.00576042	0.000179183	0.00556367	0.00614522
15 	10    	0.00565719	8.06788e-05	0.00555236	0.00587291
16 	10    	0.00564632	0.000104883	0.00555368	0.0058841 
17 	10    	0.00577773	0.000283112	0.00553813	0.006449  
18 	10    	0.00576882	0.000347453	0.00546394	0.00669512
19 	10    	0.00567308	0.000125953	0.00553955	0.00599187
20 	10    	0.00575738	0.000252854	0.0055154 	0.00626896
Runtime: 10.710578519996488 (s)


Final population:
Index: Selected                                    #Selected    CV          
----------------------------------------------------------------------------------------------------
    0: 1111000110101011001010001010101100000110... 98           0.0055938557
    1: 1111000110101011001010001010101100000110... 97           0.0061276844
    2: 1111000110100011000010001010101110000100... 100          0.0059036686
    3: 1111000110001011001000001010101100100110... 96           0.0055239934
    4: 1111100011001011001000001010101110000100... 100          0.0055396256
    5: 1111100111000011001000001010101110100100... 96           0.0058206163
    6: 1111000110101011001010001010101100000010... 99           0.0055154045
    7: 1110000110101011001010001010101100000110... 100          0.0062689607
    8: 1111000110101011001010001010101100000110... 100          0.005653789 
    9: 1111000110111011001010001010101100000110... 100          0.0056262132

Pickling population to: genetic_alg_settings_population_end.pkl

Hall of Fame:
Index: Selected                                    #Selected    CV          
----------------------------------------------------------------------------------------------------
    0: 1111010111111111010010001010001100000100... 97           0.0052754516
    1: 1111010111011111000010001010001110010100... 100          0.0052766968
    2: 1111010111111111010000001010001100000100... 98           0.0052889951
    3: 1111010111011111000010001010001100011100... 97           0.0052932602
    4: 1111010111011111000010001010001100010100... 96           0.0052936796
    5: 1111010111111111010010001010001100000100... 100          0.0053000434
    6: 1111010111011111000010001010001100011100... 92           0.00530313  
    7: 1111000111111111000010001010001100010100... 96           0.0053281452
    8: 1111010111111111000010001010001100010100... 100          0.0053296094
    9: 1111010111011111000010001110001100010100... 97           0.0053307107

Pickling Hall of Fame to: genetic_alg_settings_evolve_halloffame.pkl
Begin 14 of 20 repetitions
Begin 20 generations
gen	nevals	avg       	std        	min      	max       
0  	0     	0.00575738	0.000252854	0.0055154	0.00626896
1  	10    	0.00555422	6.27112e-05	0.0054517	0.00564247
2  	10    	0.00556173	8.27826e-05	0.00543046	0.00568661
3  	10    	0.00556739	6.89834e-05	0.00550125	0.00569339
4  	10    	0.00560524	0.000118086	0.00547659	0.00582053
5  	10    	0.00575507	0.000312506	0.00554346	0.00665658
6  	10    	0.0056606 	0.00021449 	0.0054864 	0.00628521
7  	10    	0.00577823	0.000324445	0.005577  	0.00672593
8  	10    	0.00575128	0.00025626 	0.00556981	0.00648597
9  	10    	0.00564883	0.000136619	0.00548754	0.00597441
10 	10    	0.00569323	0.000288469	0.00546754	0.00649567
11 	10    	0.00571612	0.000335372	0.00545017	0.00668465
12 	10    	0.00572093	0.000228407	0.00544541	0.00618902
13 	10    	0.00566858	0.000166113	0.00545595	0.00596273
14 	10    	0.00560595	0.000169492	0.00532176	0.00590651
15 	10    	0.00581101	0.000383931	0.00548957	0.00669641
16 	10    	0.00577748	0.000297982	0.00549751	0.0065182 
17 	10    	0.00565452	0.0002229  	0.00549466	0.00626106
18 	10    	0.00555487	0.00011376 	0.00536951	0.00579101
19 	10    	0.00559091	0.000260167	0.00545513	0.0063633 
20 	10    	0.00553244	6.01988e-05	0.00545146	0.00561681
Runtime: 11.739498147006088 (s)


Final population:
Index: Selected                                    #Selected    CV          
----------------------------------------------------------------------------------------------------
    0: 1111011110111011101100001010101100101000... 95           0.0056168063
    1: 1111011010111011101100001010001100101100... 98           0.0055447014
    2: 1111010110111011101100001010101100101100... 99           0.005477853 
    3: 1111011110111011101100001010001100101000... 95           0.0055961864
    4: 1111011110111111101100001010001100101000... 100          0.005505099 
    5: 1111010110111011001100001010101100101100... 94           0.0054674741
    6: 1111011010111011101100001010001100101000... 92           0.0055975298
    7: 1111011010111011101100001010001100101000... 92           0.0055891636
    8: 1111011110111111001100001010101100101100... 99           0.0054781435
    9: 1111011110111111001100001010101100101100... 99           0.0054514638

Pickling population to: genetic_alg_settings_population_end.pkl

Hall of Fame:
Index: Selected                                    #Selected    CV          
----------------------------------------------------------------------------------------------------
    0: 1111010111111111010010001010001100000100... 97           0.0052754516
    1: 1111010111011111000010001010001110010100... 100          0.0052766968
    2: 1111010111111111010000001010001100000100... 98           0.0052889951
    3: 1111010111011111000010001010001100011100... 97           0.0052932602
    4: 1111010111011111000010001010001100010100... 96           0.0052936796
    5: 1111010111111111010010001010001100000100... 100          0.0053000434
    6: 1111010111011111000010001010001100011100... 92           0.00530313  
    7: 1111011110111011001100001010001101101100... 99           0.0053217616
    8: 1111000111111111000010001010001100010100... 96           0.0053281452
    9: 1111010111111111000010001010001100010100... 100          0.0053296094

Pickling Hall of Fame to: genetic_alg_settings_evolve_halloffame.pkl
Begin 15 of 20 repetitions
Begin 20 generations
gen	nevals	avg       	std        	min       	max       
0  	0     	0.00553244	6.01988e-05	0.00545146	0.00561681
1  	10    	0.00562825	0.00028748 	0.00543812	0.00645134
2  	10    	0.00561192	0.000147228	0.0053347 	0.00587211
3  	10    	0.00567862	0.000179397	0.00541373	0.00607295
4  	10    	0.00580263	0.000375402	0.00549047	0.00672852
5  	10    	0.0055705 	0.000102913	0.00545405	0.00584339
6  	10    	0.0057402 	0.000389755	0.00549655	0.00688358
7  	10    	0.00562865	0.000142521	0.00547192	0.00598328
8  	10    	0.00565696	0.000276672	0.00529249	0.00640017
9  	10    	0.00573462	0.000248375	0.00542813	0.00632051
10 	10    	0.00557874	0.000140131	0.00537946	0.00593195
11 	10    	0.00564234	0.000398819	0.00539904	0.00681683
12 	10    	0.00551447	9.881e-05  	0.00538167	0.00571576
13 	10    	0.00564277	0.000226904	0.00535125	0.00615264
14 	10    	0.00553449	9.27989e-05	0.00543387	0.00575649
15 	10    	0.00555991	0.000137686	0.00539709	0.00583376
16 	10    	0.00568636	0.000396966	0.0053684 	0.00680615
17 	10    	0.0055739 	0.000142798	0.00534867	0.00589806
18 	10    	0.00552407	8.03629e-05	0.00541988	0.00567868
19 	10    	0.00559537	0.000152972	0.00542039	0.00585761
20 	10    	0.00555863	0.000141826	0.00533723	0.00578076
Runtime: 11.959514868998667 (s)


Final population:
Index: Selected                                    #Selected    CV          
----------------------------------------------------------------------------------------------------
    0: 1111011010111111001001001010001000100001... 100          0.0057807555
    1: 1111011010111111001001001010001100100001... 100          0.005498955 
    2: 1111011010111010001001001010001100100001... 100          0.0057529129
    3: 1111010010111111001001001010001100101001... 95           0.0053372315
    4: 1111011010111111001001001010001100100001... 100          0.005684131 
    5: 1111010010111111001001001010001100000001... 90           0.0055357854
    6: 1111011010111111001001001010001100100001... 98           0.0055581493
    7: 1111011010111111001001001010001100100001... 100          0.0053594872
    8: 1111011110110011000001001010001100101001... 99           0.0055885348
    9: 1111011010111011001000001010001100101001... 99           0.005490385 

Pickling population to: genetic_alg_settings_population_end.pkl

Hall of Fame:
Index: Selected                                    #Selected    CV          
----------------------------------------------------------------------------------------------------
    0: 1111010111111111010010001010001100000100... 97           0.0052754516
    1: 1111010111011111000010001010001110010100... 100          0.0052766968
    2: 1111010111111111010000001010001100000100... 98           0.0052889951
    3: 1111011010111111001001001010001100101001... 95           0.0052924947
    4: 1111010111011111000010001010001100011100... 97           0.0052932602
    5: 1111010111011111000010001010001100010100... 96           0.0052936796
    6: 1111010111111111010010001010001100000100... 100          0.0053000434
    7: 1111010111011111000010001010001100011100... 92           0.00530313  
    8: 1111011110111011001100001010001101101100... 99           0.0053217616
    9: 1111000111111111000010001010001100010100... 96           0.0053281452

Pickling Hall of Fame to: genetic_alg_settings_evolve_halloffame.pkl
Begin 16 of 20 repetitions
Begin 20 generations
gen	nevals	avg       	std        	min       	max       
0  	0     	0.00555863	0.000141826	0.00533723	0.00578076
1  	10    	0.00553013	0.00015734 	0.00531648	0.00590819
2  	10    	0.0056029 	0.000205262	0.00546704	0.00620386
3  	10    	0.00559752	0.000134947	0.0054235 	0.00580424
4  	10    	0.00559383	0.000133123	0.00544437	0.00582751
5  	10    	0.0056568 	0.000247835	0.00533284	0.00632626
6  	10    	0.00549683	0.000102083	0.00534783	0.0056959 
7  	10    	0.00566604	0.000324341	0.00538951	0.0065469 
8  	10    	0.00569498	0.000193921	0.00535934	0.00601489
9  	10    	0.00568817	0.000395664	0.00535993	0.00677959
10 	10    	0.00558937	0.000193199	0.00534642	0.00608304
11 	10    	0.00557316	0.000155249	0.00532946	0.0058949 
12 	10    	0.00551731	8.42328e-05	0.00540112	0.00566687
13 	10    	0.00552052	0.000143114	0.00531811	0.00578788
14 	10    	0.00551014	0.000183103	0.00528784	0.00583725
15 	10    	0.00546306	8.75937e-05	0.0053755 	0.00563026
16 	10    	0.00557557	0.00015351 	0.00536206	0.00586379
17 	10    	0.00573649	0.00035191 	0.00546   	0.00673745
18 	10    	0.00561127	0.000151979	0.00542402	0.00592949
19 	10    	0.00556877	8.40506e-05	0.00542494	0.00569791
20 	10    	0.00579458	0.000477248	0.00548092	0.00716472
Runtime: 10.752470186998835 (s)


Final population:
Index: Selected                                    #Selected    CV          
----------------------------------------------------------------------------------------------------
    0: 1110010010111111000001001010101111100000... 100          0.0071647214
    1: 1111010010111110000001001010001110110000... 96           0.0055407416
    2: 1111010010111111000101001010100110110000... 100          0.0058192566
    3: 1111010010111111000001001010101111100000... 97           0.0054809234
    4: 1111010010111111000001001010101110110110... 100          0.0056427836
    5: 1111010010111111000001001010101110110000... 99           0.0055073404
    6: 1111010010110111000001001010001111100000... 95           0.0057139096
    7: 1111010010111111000001001010101101100000... 97           0.0055952418
    8: 1111010010111111000001000010101110110000... 97           0.0059395578
    9: 1111010010111111001001001010100110110000... 99           0.0055413299

Pickling population to: genetic_alg_settings_population_end.pkl

Hall of Fame:
Index: Selected                                    #Selected    CV          
----------------------------------------------------------------------------------------------------
    0: 1111010111111111010010001010001100000100... 97           0.0052754516
    1: 1111010111011111000010001010001110010100... 100          0.0052766968
    2: 1111010010111111000001001010001110100000... 99           0.0052878377
    3: 1111010111111111010000001010001100000100... 98           0.0052889951
    4: 1111011010111111001001001010001100101001... 95           0.0052924947
    5: 1111010111011111000010001010001100011100... 97           0.0052932602
    6: 1111010111011111000010001010001100010100... 96           0.0052936796
    7: 1111010111111111010010001010001100000100... 100          0.0053000434
    8: 1111010111011111000010001010001100011100... 92           0.00530313  
    9: 1111010010111111001001001010001100101001... 95           0.0053164756

Pickling Hall of Fame to: genetic_alg_settings_evolve_halloffame.pkl
Begin 17 of 20 repetitions
Begin 20 generations
gen	nevals	avg       	std        	min       	max       
0  	0     	0.00579458	0.000477248	0.00548092	0.00716472
1  	10    	0.00560616	7.0307e-05 	0.00552313	0.00574074
2  	10    	0.00558956	9.57092e-05	0.00544878	0.00575166
3  	10    	0.00567286	0.000130023	0.00549378	0.00592463
4  	10    	0.00581471	0.000371837	0.00548548	0.00684855
5  	10    	0.0057003 	0.000205914	0.00549405	0.00615163
6  	10    	0.00560873	8.60662e-05	0.00552094	0.00578506
7  	10    	0.0055826 	6.63921e-05	0.00549328	0.00573396
8  	10    	0.00568633	0.000170631	0.00553847	0.00609536
9  	10    	0.00558111	0.000102746	0.00547008	0.005806  
10 	10    	0.00556732	0.000105041	0.00542769	0.00580908
11 	10    	0.00551903	9.46164e-05	0.00535545	0.00567696
12 	10    	0.00568401	0.00014677 	0.00537777	0.00592901
13 	10    	0.00589376	0.000533968	0.00538959	0.00724955
14 	10    	0.00565058	9.32272e-05	0.0055404 	0.00582871
15 	10    	0.00563198	0.000128816	0.00540971	0.00585603
16 	10    	0.00569484	0.000189229	0.00544572	0.00607609
17 	10    	0.00552727	0.00013184 	0.00534751	0.00578013
18 	10    	0.00548574	0.000132191	0.00535146	0.0057361 
19 	10    	0.0054925 	8.0344e-05 	0.00538401	0.00563573
20 	10    	0.00543071	8.16559e-05	0.00528016	0.00554401
Runtime: 10.588133934004873 (s)


Final population:
Index: Selected                                    #Selected    CV          
----------------------------------------------------------------------------------------------------
    0: 1111010010111111000000001010101100110000... 100          0.0055125484
    1: 1111010010111111000000001010101100110011... 100          0.0054612114
    2: 1111010010111111000000001010001100110001... 100          0.0053558903
    3: 1111010010111111000000001010101100110001... 98           0.0053897997
    4: 1111010010111111000000001010101100100001... 100          0.0053545615
    5: 1111010010111111000000001010101100100001... 100          0.0052801648
    6: 1111010010111111000000101010101100100001... 98           0.0055440058
    7: 1111010010111111000000001010101100110001... 100          0.0054670367
    8: 1111010010111111000000001010101100110001... 100          0.0054165448
    9: 1111011010111111000000001010101100110001... 99           0.0055253606

Pickling population to: genetic_alg_settings_population_end.pkl

Hall of Fame:
Index: Selected                                    #Selected    CV          
----------------------------------------------------------------------------------------------------
    0: 1111010111111111010010001010001100000100... 97           0.0052754516
    1: 1111010111011111000010001010001110010100... 100          0.0052766968
    2: 1111010010111111000000001010101100100001... 100          0.0052801648
    3: 1111010010111111000001001010001110100000... 99           0.0052878377
    4: 1111010111111111010000001010001100000100... 98           0.0052889951
    5: 1111011010111111001001001010001100101001... 95           0.0052924947
    6: 1111010111011111000010001010001100011100... 97           0.0052932602
    7: 1111010111011111000010001010001100010100... 96           0.0052936796
    8: 1111010111111111010010001010001100000100... 100          0.0053000434
    9: 1111010111011111000010001010001100011100... 92           0.00530313  

Pickling Hall of Fame to: genetic_alg_settings_evolve_halloffame.pkl
Begin 18 of 20 repetitions
Begin 20 generations
gen	nevals	avg       	std        	min       	max       
0  	0     	0.00543071	8.16559e-05	0.00528016	0.00554401
1  	10    	0.00555948	0.000184171	0.00540397	0.00604998
2  	10    	0.0056554 	0.000324737	0.00537763	0.00651677
3  	10    	0.00546218	9.22499e-05	0.00530126	0.0056922 
4  	10    	0.0055826 	0.000126349	0.00545105	0.00585672
5  	10    	0.00569599	0.000281963	0.00540258	0.00643965
6  	10    	0.00570383	0.00033891 	0.005391  	0.00657762
7  	10    	0.00556425	0.000131366	0.00544257	0.0058622 
8  	10    	0.00556313	0.000131756	0.00538595	0.0057954 
9  	10    	0.00558054	0.000123145	0.0054741 	0.00584623
10 	10    	0.00555519	0.000123658	0.00536241	0.00571451
11 	10    	0.00549634	0.000116323	0.00529278	0.00574991
12 	10    	0.00545087	0.000110764	0.00531695	0.00570001
13 	10    	0.00553477	0.000239346	0.00525882	0.00620243
14 	10    	0.00547013	0.00013445 	0.0052657 	0.00565477
15 	10    	0.00542839	0.000109079	0.00518545	0.00561351
16 	10    	0.00547318	8.05098e-05	0.00534376	0.00560975
17 	10    	0.00548576	0.000111007	0.00531916	0.00572105
18 	10    	0.00555245	0.000251986	0.00533263	0.00615123
19 	10    	0.00549375	0.000101441	0.0053528 	0.00564728
20 	10    	0.00565608	0.000358835	0.00540095	0.00638642
Runtime: 11.524125073003233 (s)


Final population:
Index: Selected                                    #Selected    CV          
----------------------------------------------------------------------------------------------------
    0: 1111010010011111010001101010101110100001... 97           0.005400947 
    1: 1111010110011111010000111010101110100001... 97           0.0054100958
    2: 1110010010011111000000111010101110100001... 93           0.0063415984
    3: 1111110000011111010000111010101110100001... 96           0.0055798876
    4: 1111010010011111010000101010101110100001... 96           0.0054566186
    5: 1111010010011111010001111010101110100001... 93           0.0055566787
    6: 1111010010011111010001101010101110100001... 98           0.0054157406
    7: 1111010010011111000000111010101110100001... 98           0.0055241963
    8: 1111010000011111000000111010101110100001... 97           0.0063864228
    9: 1111010010011111000000101010101110100001... 96           0.005488566 

Pickling population to: genetic_alg_settings_population_end.pkl

Hall of Fame:
Index: Selected                                    #Selected    CV          
----------------------------------------------------------------------------------------------------
    0: 1111010010011111000000001010101100100001... 90           0.0051854462
    1: 1111010010011111000000001010101100100001... 92           0.0052588221
    2: 1111010010011111000000001010101100100001... 93           0.0052656967
    3: 1111010111111111010010001010001100000100... 97           0.0052754516
    4: 1111010111011111000010001010001110010100... 100          0.0052766968
    5: 1111010010111111000000001010101100100001... 100          0.0052801648
    6: 1111010010111111000001001010001110100000... 99           0.0052878377
    7: 1111010111111111010000001010001100000100... 98           0.0052889951
    8: 1111011010111111001001001010001100101001... 95           0.0052924947
    9: 1111010010111111000000001011101110100001... 97           0.0052927811

Pickling Hall of Fame to: genetic_alg_settings_evolve_halloffame.pkl
Begin 19 of 20 repetitions
Begin 20 generations
gen	nevals	avg       	std        	min       	max       
0  	0     	0.00565608	0.000358835	0.00540095	0.00638642
1  	10    	0.0055893 	0.000248837	0.00544753	0.00633097
2  	10    	0.00552842	0.000133246	0.00539775	0.00584466
3  	10    	0.00561545	0.000297413	0.00539423	0.00645609
4  	10    	0.00552295	0.000101387	0.00539622	0.00574771
5  	10    	0.00564203	0.00026779 	0.00536724	0.00634225
6  	10    	0.00574653	0.000241772	0.00554793	0.0063847 
7  	10    	0.00570172	0.00024594 	0.00529602	0.00614057
8  	10    	0.00568068	0.000278575	0.00544676	0.006438  
9  	10    	0.0055463 	6.42063e-05	0.00545725	0.00565355
10 	10    	0.00556152	0.000156398	0.00535066	0.00589627
11 	10    	0.00555618	0.00010015 	0.00540208	0.00579554
12 	10    	0.00579488	0.000411358	0.00536404	0.00655449
13 	10    	0.00555085	0.000239107	0.00537047	0.00624026
14 	10    	0.00573392	0.000361942	0.00544282	0.00657664
15 	10    	0.00554884	0.0001032  	0.00540459	0.00576678
16 	10    	0.00571555	0.00042966 	0.00526797	0.00673601
17 	10    	0.00556713	0.000152622	0.00537331	0.0058664 
18 	10    	0.00555034	0.000211801	0.00535892	0.00611412
19 	10    	0.00563553	0.000300071	0.00539176	0.00629592
20 	10    	0.00544582	7.35425e-05	0.00534299	0.00558276
Runtime: 11.77076095299708 (s)


Final population:
Index: Selected                                    #Selected    CV          
----------------------------------------------------------------------------------------------------
    0: 1111010010011010010010111010101100100001... 95           0.0055827617
    1: 1111010010011010010010111010101100100001... 97           0.0054643742
    2: 1111010010010010010010111010101100100001... 93           0.0054739035
    3: 1111010010011010010010111010101100100001... 95           0.00552006  
    4: 1111010010011010010010111010101100100001... 96           0.005410636 
    5: 1111010010011010010010111010101100100001... 96           0.0055058156
    6: 1111010010011110010010111010101100100001... 98           0.0053429885
    7: 1111010010011110010010111010101100100001... 97           0.0053923259
    8: 1111010010011010010010111010101100100101... 95           0.0054176471
    9: 1111010010011010010010111010101100100001... 98           0.005347736 

Pickling population to: genetic_alg_settings_population_end.pkl

Hall of Fame:
Index: Selected                                    #Selected    CV          
----------------------------------------------------------------------------------------------------
    0: 1111010010011111000000001010101100100001... 90           0.0051854462
    1: 1111010010011111000000001010101100100001... 92           0.0052588221
    2: 1111010010011111000000001010101100100001... 93           0.0052656967
    3: 1111010010011010010010111010101100100001... 97           0.0052679683
    4: 1111010111111111010010001010001100000100... 97           0.0052754516
    5: 1111010111011111000010001010001110010100... 100          0.0052766968
    6: 1111010010111111000000001010101100100001... 100          0.0052801648
    7: 1111010010111111000001001010001110100000... 99           0.0052878377
    8: 1111010111111111010000001010001100000100... 98           0.0052889951
    9: 1111011010111111001001001010001100101001... 95           0.0052924947

Pickling Hall of Fame to: genetic_alg_settings_evolve_halloffame.pkl
Begin 20 of 20 repetitions
Begin 20 generations
gen	nevals	avg       	std        	min       	max       
0  	0     	0.00544582	7.35425e-05	0.00534299	0.00558276
1  	10    	0.00542305	6.80882e-05	0.00530785	0.00552476
2  	10    	0.00549244	8.67061e-05	0.00537932	0.00563115
3  	10    	0.00548117	2.52611e-05	0.00543107	0.00551625
4  	10    	0.00557512	0.000166069	0.00540051	0.00599658
5  	10    	0.00551918	8.75691e-05	0.00539941	0.00569611
6  	10    	0.00549686	0.000100254	0.00530549	0.00562984
7  	10    	0.0056257 	0.00038681 	0.00537931	0.00673486
8  	10    	0.0055284 	8.17527e-05	0.00536413	0.00565163
9  	10    	0.00554905	0.00011344 	0.00537583	0.00579557
10 	10    	0.00568457	0.000317142	0.00543009	0.00656939
11 	10    	0.00555275	9.46176e-05	0.00543128	0.00576064
12 	10    	0.00568503	0.000218557	0.00543366	0.00618382
13 	10    	0.00568976	0.000136589	0.00550876	0.00591333
14 	10    	0.00578781	0.000374189	0.00541595	0.00679354
15 	10    	0.00560246	0.000193435	0.00539337	0.00612221
16 	10    	0.00561199	0.000252903	0.00540438	0.00628305
17 	10    	0.00561927	0.00024132 	0.00543395	0.00630581
18 	10    	0.00558776	0.000119762	0.00542838	0.00587538
19 	10    	0.00569953	0.000217636	0.00545552	0.00624781
20 	10    	0.00568534	0.000233576	0.00548105	0.00629003
Runtime: 10.9684039989952 (s)


Final population:
Index: Selected                                    #Selected    CV          
----------------------------------------------------------------------------------------------------
    0: 1111010001111010100010011010101101010001... 97           0.0054810511
    1: 1111010000111000010010011010101101010001... 96           0.005594715 
    2: 1111010000111010010010011010101101010001... 99           0.0055500587
    3: 1111010001111010100010011010101101010001... 100          0.005561319 
    4: 1111010100111010010010011010101101010001... 100          0.0062900291
    5: 1111110001111010100010011010101101010001... 98           0.0057138053
    6: 1111010000101010010010011010101101011001... 99           0.0059197193
    7: 1111010001111010010010011010101101010001... 99           0.0055177829
    8: 1111010000111110010010011010101101010001... 98           0.0055819924
    9: 1111010001111010010010011010101101010001... 100          0.0056429395

Pickling population to: genetic_alg_settings_population_end.pkl

Hall of Fame:
Index: Selected                                    #Selected    CV          
----------------------------------------------------------------------------------------------------
    0: 1111010010011111000000001010101100100001... 90           0.0051854462
    1: 1111010010011111000000001010101100100001... 92           0.0052588221
    2: 1111010010011111000000001010101100100001... 93           0.0052656967
    3: 1111010010011010010010111010101100100001... 97           0.0052679683
    4: 1111010111111111010010001010001100000100... 97           0.0052754516
    5: 1111010111011111000010001010001110010100... 100          0.0052766968
    6: 1111010010111111000000001010101100100001... 100          0.0052801648
    7: 1111010010111111000001001010001110100000... 99           0.0052878377
    8: 1111010111111111010000001010001100000100... 98           0.0052889951
    9: 1111011010111111001001001010001100101001... 95           0.0052924947

Pickling Hall of Fame to: genetic_alg_settings_evolve_halloffame.pkl
#   DONE  Runtime: 207.9413163450008 (s)

Adding statistics...
  DONE

Result:
Index: Selected                                    #Selected    CV           RMS          wRMS         Estimator                FeatureSelection         Note
--------------------------------------------------------------------------------------------------------------------------------------------------------------------
    0: 1111010010011111000000001010101100100001... 90           0.0051854462 0.0044206688 0.0044284497 LinearRegression         GeneticAlgorithm         
    1: 1111010010011111000000001010101100100001... 92           0.0052588221 0.0044163571 0.0044226156 LinearRegression         GeneticAlgorithm         
    2: 1111010010011111000000001010101100100001... 93           0.0052656967 0.0044160399 0.0044225564 LinearRegression         GeneticAlgorithm         
    3: 1111010010011010010010111010101100100001... 97           0.0052679683 0.0044054723 0.0044131987 LinearRegression         GeneticAlgorithm         
    4: 1111010111111111010010001010001100000100... 97           0.0052754516 0.004420178  0.0044267991 LinearRegression         GeneticAlgorithm         
    5: 1111010111011111000010001010001110010100... 100          0.0052766968 0.004400741  0.0044165584 LinearRegression         GeneticAlgorithm         
    6: 1111010010111111000000001010101100100001... 100          0.0052801648 0.004395244  0.0043902769 LinearRegression         GeneticAlgorithm         
    7: 1111010010111111000001001010001110100000... 99           0.0052878377 0.0043850159 0.0043926558 LinearRegression         GeneticAlgorithm         
    8: 1111010111111111010000001010001100000100... 98           0.0052889951 0.0044298307 0.0044545012 LinearRegression         GeneticAlgorithm         
    9: 1111011010111111001001001010001100101001... 95           0.0052924947 0.0044695788 0.0044645261 LinearRegression         GeneticAlgorithm         

Pickling Hall of Fame to: genetic_alg_settings_halloffame.pkl
