-- Read: Monte Carlo settings -- 
from: "/media/derick/DeoResearch/experiments/rocksalt3_ZrN_casm/mc_coarse_new_scel/cooling/mu_-0.6750_-0.6750_T_2000_20/mc_settings.json"
ensemble: GrandCanonical
method: Metropolis

-- Compiling: /media/derick/DeoResearch/experiments/rocksalt3_ZrN_casm/basis_sets/bset.default/rocksalt_ZrN_casm_1_1_2_Clexulator.cc -- 
compile time depends on how many basis functions are included
compile time: 0.000592253 (s)

-- Construct: Grand Canonical Monte Carlo -- 
project: "/media/derick/DeoResearch/experiments/rocksalt3_ZrN_casm"
formation_energy cluster expansion: formation_energy
      property: formation_energy
      calctype: default
           ref: default
          bset: default
           eci: default
supercell: 
 -4   4 -20
 -4   0  24
  6   4   4
use_deltas: false

Sampling: 
                quantity     requested_precision
            atom_frac(N)                    none
           atom_frac(Zr)                    none
                 comp(a)                   0.001
               comp_n(N)                    none
              comp_n(Va)                    none
              comp_n(Zr)                    none
        formation_energy                    none
        potential_energy                    none
            site_frac(N)                    none
           site_frac(Va)                    none
           site_frac(Zr)                    none

automatic convergence mode?: true

-- Check: For existing calculations -- 
did not find existing calculations

-- Set: Conditions -- 
T: 2000
param_chem_pot: [ -0.675000000000 ]

-- Set: DoF -- 
motif configname: default
using configuration with default occupation...

-- Set: DoF -- 
motif configname: auto
searching for minimum potential energy motif...
using conditions: 
T: 2000
param_chem_pot: [ -0.675000000000 ]

using: SCEL1_1_1_1_0_0_0/1 with potential energy: 0.038342545

-- Set: Conditions -- 
T: 2000
param_chem_pot: [ -0.675000000000 ]


-- Continue with existing DoF -- 

-- Write: DoF -- 
write: "/media/derick/DeoResearch/experiments/rocksalt3_ZrN_casm/mc_coarse_new_scel/cooling/mu_-0.6750_-0.6750_T_2000_20/conditions.0/initial_state.json"

-- Begin: Conditions 0 -- 

-- End: Conditions 0 -- 
run time: 16.305933 (s),  0.016305933 (s/pass),  1.2132391e-05(s/step)

-- Write: DoF -- 
write: "/media/derick/DeoResearch/experiments/rocksalt3_ZrN_casm/mc_coarse_new_scel/cooling/mu_-0.6750_-0.6750_T_2000_20/conditions.0/final_state.json"

-- Write: Output files -- 
write: "/media/derick/DeoResearch/experiments/rocksalt3_ZrN_casm/mc_coarse_new_scel/cooling/mu_-0.6750_-0.6750_T_2000_20/results.json"
write: "/media/derick/DeoResearch/experiments/rocksalt3_ZrN_casm/mc_coarse_new_scel/cooling/mu_-0.6750_-0.6750_T_2000_20/conditions.0/conditions.json"


-- Set: Conditions -- 
T: 1980
param_chem_pot: [ -0.675000000000 ]


-- Continue with existing DoF -- 

-- Write: DoF -- 
write: "/media/derick/DeoResearch/experiments/rocksalt3_ZrN_casm/mc_coarse_new_scel/cooling/mu_-0.6750_-0.6750_T_2000_20/conditions.1/initial_state.json"

-- Begin: Conditions 1 -- 

-- End: Conditions 1 -- 
run time: 16.352163 (s),  0.016352163 (s/pass),  1.2166788e-05(s/step)

-- Write: DoF -- 
write: "/media/derick/DeoResearch/experiments/rocksalt3_ZrN_casm/mc_coarse_new_scel/cooling/mu_-0.6750_-0.6750_T_2000_20/conditions.1/final_state.json"

-- Write: Output files -- 
write: "/media/derick/DeoResearch/experiments/rocksalt3_ZrN_casm/mc_coarse_new_scel/cooling/mu_-0.6750_-0.6750_T_2000_20/results.json"
write: "/media/derick/DeoResearch/experiments/rocksalt3_ZrN_casm/mc_coarse_new_scel/cooling/mu_-0.6750_-0.6750_T_2000_20/conditions.1/conditions.json"


-- Set: Conditions -- 
T: 1960
param_chem_pot: [ -0.675000000000 ]


-- Continue with existing DoF -- 

-- Write: DoF -- 
write: "/media/derick/DeoResearch/experiments/rocksalt3_ZrN_casm/mc_coarse_new_scel/cooling/mu_-0.6750_-0.6750_T_2000_20/conditions.2/initial_state.json"

-- Begin: Conditions 2 -- 

-- End: Conditions 2 -- 
run time: 16.252564 (s),  0.016252564 (s/pass),  1.2092681e-05(s/step)

-- Write: DoF -- 
write: "/media/derick/DeoResearch/experiments/rocksalt3_ZrN_casm/mc_coarse_new_scel/cooling/mu_-0.6750_-0.6750_T_2000_20/conditions.2/final_state.json"

-- Write: Output files -- 
write: "/media/derick/DeoResearch/experiments/rocksalt3_ZrN_casm/mc_coarse_new_scel/cooling/mu_-0.6750_-0.6750_T_2000_20/results.json"
write: "/media/derick/DeoResearch/experiments/rocksalt3_ZrN_casm/mc_coarse_new_scel/cooling/mu_-0.6750_-0.6750_T_2000_20/conditions.2/conditions.json"


-- Set: Conditions -- 
T: 1940
param_chem_pot: [ -0.675000000000 ]


-- Continue with existing DoF -- 

-- Write: DoF -- 
write: "/media/derick/DeoResearch/experiments/rocksalt3_ZrN_casm/mc_coarse_new_scel/cooling/mu_-0.6750_-0.6750_T_2000_20/conditions.3/initial_state.json"

-- Begin: Conditions 3 -- 

-- End: Conditions 3 -- 
run time: 16.373983 (s),  0.016373983 (s/pass),  1.2183023e-05(s/step)

-- Write: DoF -- 
write: "/media/derick/DeoResearch/experiments/rocksalt3_ZrN_casm/mc_coarse_new_scel/cooling/mu_-0.6750_-0.6750_T_2000_20/conditions.3/final_state.json"

-- Write: Output files -- 
write: "/media/derick/DeoResearch/experiments/rocksalt3_ZrN_casm/mc_coarse_new_scel/cooling/mu_-0.6750_-0.6750_T_2000_20/results.json"
write: "/media/derick/DeoResearch/experiments/rocksalt3_ZrN_casm/mc_coarse_new_scel/cooling/mu_-0.6750_-0.6750_T_2000_20/conditions.3/conditions.json"


-- Set: Conditions -- 
T: 1920
param_chem_pot: [ -0.675000000000 ]


-- Continue with existing DoF -- 

-- Write: DoF -- 
write: "/media/derick/DeoResearch/experiments/rocksalt3_ZrN_casm/mc_coarse_new_scel/cooling/mu_-0.6750_-0.6750_T_2000_20/conditions.4/initial_state.json"

-- Begin: Conditions 4 -- 

-- End: Conditions 4 -- 
run time: 16.305875 (s),  0.016305875 (s/pass),  1.2132347e-05(s/step)

-- Write: DoF -- 
write: "/media/derick/DeoResearch/experiments/rocksalt3_ZrN_casm/mc_coarse_new_scel/cooling/mu_-0.6750_-0.6750_T_2000_20/conditions.4/final_state.json"

-- Write: Output files -- 
write: "/media/derick/DeoResearch/experiments/rocksalt3_ZrN_casm/mc_coarse_new_scel/cooling/mu_-0.6750_-0.6750_T_2000_20/results.json"
write: "/media/derick/DeoResearch/experiments/rocksalt3_ZrN_casm/mc_coarse_new_scel/cooling/mu_-0.6750_-0.6750_T_2000_20/conditions.4/conditions.json"


-- Set: Conditions -- 
T: 1900
param_chem_pot: [ -0.675000000000 ]


-- Continue with existing DoF -- 

-- Write: DoF -- 
write: "/media/derick/DeoResearch/experiments/rocksalt3_ZrN_casm/mc_coarse_new_scel/cooling/mu_-0.6750_-0.6750_T_2000_20/conditions.5/initial_state.json"

-- Begin: Conditions 5 -- 

-- End: Conditions 5 -- 
run time: 16.308604 (s),  0.016308604 (s/pass),  1.2134378e-05(s/step)

-- Write: DoF -- 
write: "/media/derick/DeoResearch/experiments/rocksalt3_ZrN_casm/mc_coarse_new_scel/cooling/mu_-0.6750_-0.6750_T_2000_20/conditions.5/final_state.json"

-- Write: Output files -- 
write: "/media/derick/DeoResearch/experiments/rocksalt3_ZrN_casm/mc_coarse_new_scel/cooling/mu_-0.6750_-0.6750_T_2000_20/results.json"
write: "/media/derick/DeoResearch/experiments/rocksalt3_ZrN_casm/mc_coarse_new_scel/cooling/mu_-0.6750_-0.6750_T_2000_20/conditions.5/conditions.json"


-- Set: Conditions -- 
T: 1880
param_chem_pot: [ -0.675000000000 ]


-- Continue with existing DoF -- 

-- Write: DoF -- 
write: "/media/derick/DeoResearch/experiments/rocksalt3_ZrN_casm/mc_coarse_new_scel/cooling/mu_-0.6750_-0.6750_T_2000_20/conditions.6/initial_state.json"

-- Begin: Conditions 6 -- 

-- End: Conditions 6 -- 
run time: 16.47515 (s),  0.01647515 (s/pass),  1.2258296e-05(s/step)

-- Write: DoF -- 
write: "/media/derick/DeoResearch/experiments/rocksalt3_ZrN_casm/mc_coarse_new_scel/cooling/mu_-0.6750_-0.6750_T_2000_20/conditions.6/final_state.json"

-- Write: Output files -- 
write: "/media/derick/DeoResearch/experiments/rocksalt3_ZrN_casm/mc_coarse_new_scel/cooling/mu_-0.6750_-0.6750_T_2000_20/results.json"
write: "/media/derick/DeoResearch/experiments/rocksalt3_ZrN_casm/mc_coarse_new_scel/cooling/mu_-0.6750_-0.6750_T_2000_20/conditions.6/conditions.json"


-- Set: Conditions -- 
T: 1860
param_chem_pot: [ -0.675000000000 ]


-- Continue with existing DoF -- 

-- Write: DoF -- 
write: "/media/derick/DeoResearch/experiments/rocksalt3_ZrN_casm/mc_coarse_new_scel/cooling/mu_-0.6750_-0.6750_T_2000_20/conditions.7/initial_state.json"

-- Begin: Conditions 7 -- 

-- End: Conditions 7 -- 
run time: 16.355229 (s),  0.016355229 (s/pass),  1.2169069e-05(s/step)

-- Write: DoF -- 
write: "/media/derick/DeoResearch/experiments/rocksalt3_ZrN_casm/mc_coarse_new_scel/cooling/mu_-0.6750_-0.6750_T_2000_20/conditions.7/final_state.json"

-- Write: Output files -- 
write: "/media/derick/DeoResearch/experiments/rocksalt3_ZrN_casm/mc_coarse_new_scel/cooling/mu_-0.6750_-0.6750_T_2000_20/results.json"
write: "/media/derick/DeoResearch/experiments/rocksalt3_ZrN_casm/mc_coarse_new_scel/cooling/mu_-0.6750_-0.6750_T_2000_20/conditions.7/conditions.json"


-- Set: Conditions -- 
T: 1840
param_chem_pot: [ -0.675000000000 ]


-- Continue with existing DoF -- 

-- Write: DoF -- 
write: "/media/derick/DeoResearch/experiments/rocksalt3_ZrN_casm/mc_coarse_new_scel/cooling/mu_-0.6750_-0.6750_T_2000_20/conditions.8/initial_state.json"

-- Begin: Conditions 8 -- 

-- End: Conditions 8 -- 
run time: 16.47435 (s),  0.01647435 (s/pass),  1.2257701e-05(s/step)

-- Write: DoF -- 
write: "/media/derick/DeoResearch/experiments/rocksalt3_ZrN_casm/mc_coarse_new_scel/cooling/mu_-0.6750_-0.6750_T_2000_20/conditions.8/final_state.json"

-- Write: Output files -- 
write: "/media/derick/DeoResearch/experiments/rocksalt3_ZrN_casm/mc_coarse_new_scel/cooling/mu_-0.6750_-0.6750_T_2000_20/results.json"
write: "/media/derick/DeoResearch/experiments/rocksalt3_ZrN_casm/mc_coarse_new_scel/cooling/mu_-0.6750_-0.6750_T_2000_20/conditions.8/conditions.json"


-- Set: Conditions -- 
T: 1820
param_chem_pot: [ -0.675000000000 ]


-- Continue with existing DoF -- 

-- Write: DoF -- 
write: "/media/derick/DeoResearch/experiments/rocksalt3_ZrN_casm/mc_coarse_new_scel/cooling/mu_-0.6750_-0.6750_T_2000_20/conditions.9/initial_state.json"

-- Begin: Conditions 9 -- 

-- End: Conditions 9 -- 
run time: 16.361969 (s),  0.016361969 (s/pass),  1.2174084e-05(s/step)

-- Write: DoF -- 
write: "/media/derick/DeoResearch/experiments/rocksalt3_ZrN_casm/mc_coarse_new_scel/cooling/mu_-0.6750_-0.6750_T_2000_20/conditions.9/final_state.json"

-- Write: Output files -- 
write: "/media/derick/DeoResearch/experiments/rocksalt3_ZrN_casm/mc_coarse_new_scel/cooling/mu_-0.6750_-0.6750_T_2000_20/results.json"
write: "/media/derick/DeoResearch/experiments/rocksalt3_ZrN_casm/mc_coarse_new_scel/cooling/mu_-0.6750_-0.6750_T_2000_20/conditions.9/conditions.json"


-- Set: Conditions -- 
T: 1800
param_chem_pot: [ -0.675000000000 ]


-- Continue with existing DoF -- 

-- Write: DoF -- 
write: "/media/derick/DeoResearch/experiments/rocksalt3_ZrN_casm/mc_coarse_new_scel/cooling/mu_-0.6750_-0.6750_T_2000_20/conditions.10/initial_state.json"

-- Begin: Conditions 10 -- 

-- End: Conditions 10 -- 
run time: 16.262539 (s),  0.016262539 (s/pass),  1.2100104e-05(s/step)

-- Write: DoF -- 
write: "/media/derick/DeoResearch/experiments/rocksalt3_ZrN_casm/mc_coarse_new_scel/cooling/mu_-0.6750_-0.6750_T_2000_20/conditions.10/final_state.json"

-- Write: Output files -- 
write: "/media/derick/DeoResearch/experiments/rocksalt3_ZrN_casm/mc_coarse_new_scel/cooling/mu_-0.6750_-0.6750_T_2000_20/results.json"
write: "/media/derick/DeoResearch/experiments/rocksalt3_ZrN_casm/mc_coarse_new_scel/cooling/mu_-0.6750_-0.6750_T_2000_20/conditions.10/conditions.json"


-- Set: Conditions -- 
T: 1780
param_chem_pot: [ -0.675000000000 ]


-- Continue with existing DoF -- 

-- Write: DoF -- 
write: "/media/derick/DeoResearch/experiments/rocksalt3_ZrN_casm/mc_coarse_new_scel/cooling/mu_-0.6750_-0.6750_T_2000_20/conditions.11/initial_state.json"

-- Begin: Conditions 11 -- 

-- End: Conditions 11 -- 
run time: 16.398294 (s),  0.016398294 (s/pass),  1.2201111e-05(s/step)

-- Write: DoF -- 
write: "/media/derick/DeoResearch/experiments/rocksalt3_ZrN_casm/mc_coarse_new_scel/cooling/mu_-0.6750_-0.6750_T_2000_20/conditions.11/final_state.json"

-- Write: Output files -- 
write: "/media/derick/DeoResearch/experiments/rocksalt3_ZrN_casm/mc_coarse_new_scel/cooling/mu_-0.6750_-0.6750_T_2000_20/results.json"
write: "/media/derick/DeoResearch/experiments/rocksalt3_ZrN_casm/mc_coarse_new_scel/cooling/mu_-0.6750_-0.6750_T_2000_20/conditions.11/conditions.json"


-- Set: Conditions -- 
T: 1760
param_chem_pot: [ -0.675000000000 ]


-- Continue with existing DoF -- 

-- Write: DoF -- 
write: "/media/derick/DeoResearch/experiments/rocksalt3_ZrN_casm/mc_coarse_new_scel/cooling/mu_-0.6750_-0.6750_T_2000_20/conditions.12/initial_state.json"

-- Begin: Conditions 12 -- 

-- End: Conditions 12 -- 
run time: 16.382794 (s),  0.016382794 (s/pass),  1.2189579e-05(s/step)

-- Write: DoF -- 
write: "/media/derick/DeoResearch/experiments/rocksalt3_ZrN_casm/mc_coarse_new_scel/cooling/mu_-0.6750_-0.6750_T_2000_20/conditions.12/final_state.json"

-- Write: Output files -- 
write: "/media/derick/DeoResearch/experiments/rocksalt3_ZrN_casm/mc_coarse_new_scel/cooling/mu_-0.6750_-0.6750_T_2000_20/results.json"
write: "/media/derick/DeoResearch/experiments/rocksalt3_ZrN_casm/mc_coarse_new_scel/cooling/mu_-0.6750_-0.6750_T_2000_20/conditions.12/conditions.json"


-- Set: Conditions -- 
T: 1740
param_chem_pot: [ -0.675000000000 ]


-- Continue with existing DoF -- 

-- Write: DoF -- 
write: "/media/derick/DeoResearch/experiments/rocksalt3_ZrN_casm/mc_coarse_new_scel/cooling/mu_-0.6750_-0.6750_T_2000_20/conditions.13/initial_state.json"

-- Begin: Conditions 13 -- 

-- End: Conditions 13 -- 
run time: 17.439196 (s),  0.017439196 (s/pass),  1.2975593e-05(s/step)

-- Write: DoF -- 
write: "/media/derick/DeoResearch/experiments/rocksalt3_ZrN_casm/mc_coarse_new_scel/cooling/mu_-0.6750_-0.6750_T_2000_20/conditions.13/final_state.json"

-- Write: Output files -- 
write: "/media/derick/DeoResearch/experiments/rocksalt3_ZrN_casm/mc_coarse_new_scel/cooling/mu_-0.6750_-0.6750_T_2000_20/results.json"
write: "/media/derick/DeoResearch/experiments/rocksalt3_ZrN_casm/mc_coarse_new_scel/cooling/mu_-0.6750_-0.6750_T_2000_20/conditions.13/conditions.json"


-- Set: Conditions -- 
T: 1720
param_chem_pot: [ -0.675000000000 ]


-- Continue with existing DoF -- 

-- Write: DoF -- 
write: "/media/derick/DeoResearch/experiments/rocksalt3_ZrN_casm/mc_coarse_new_scel/cooling/mu_-0.6750_-0.6750_T_2000_20/conditions.14/initial_state.json"

-- Begin: Conditions 14 -- 

-- End: Conditions 14 -- 
run time: 16.788757 (s),  0.016788757 (s/pass),  1.2491634e-05(s/step)

-- Write: DoF -- 
write: "/media/derick/DeoResearch/experiments/rocksalt3_ZrN_casm/mc_coarse_new_scel/cooling/mu_-0.6750_-0.6750_T_2000_20/conditions.14/final_state.json"

-- Write: Output files -- 
write: "/media/derick/DeoResearch/experiments/rocksalt3_ZrN_casm/mc_coarse_new_scel/cooling/mu_-0.6750_-0.6750_T_2000_20/results.json"
write: "/media/derick/DeoResearch/experiments/rocksalt3_ZrN_casm/mc_coarse_new_scel/cooling/mu_-0.6750_-0.6750_T_2000_20/conditions.14/conditions.json"


-- Set: Conditions -- 
T: 1700
param_chem_pot: [ -0.675000000000 ]


-- Continue with existing DoF -- 

-- Write: DoF -- 
write: "/media/derick/DeoResearch/experiments/rocksalt3_ZrN_casm/mc_coarse_new_scel/cooling/mu_-0.6750_-0.6750_T_2000_20/conditions.15/initial_state.json"

-- Begin: Conditions 15 -- 

-- End: Conditions 15 -- 
run time: 16.342322 (s),  0.016342322 (s/pass),  1.2159466e-05(s/step)

-- Write: DoF -- 
write: "/media/derick/DeoResearch/experiments/rocksalt3_ZrN_casm/mc_coarse_new_scel/cooling/mu_-0.6750_-0.6750_T_2000_20/conditions.15/final_state.json"

-- Write: Output files -- 
write: "/media/derick/DeoResearch/experiments/rocksalt3_ZrN_casm/mc_coarse_new_scel/cooling/mu_-0.6750_-0.6750_T_2000_20/results.json"
write: "/media/derick/DeoResearch/experiments/rocksalt3_ZrN_casm/mc_coarse_new_scel/cooling/mu_-0.6750_-0.6750_T_2000_20/conditions.15/conditions.json"


-- Set: Conditions -- 
T: 1680
param_chem_pot: [ -0.675000000000 ]


-- Continue with existing DoF -- 

-- Write: DoF -- 
write: "/media/derick/DeoResearch/experiments/rocksalt3_ZrN_casm/mc_coarse_new_scel/cooling/mu_-0.6750_-0.6750_T_2000_20/conditions.16/initial_state.json"

-- Begin: Conditions 16 -- 

-- End: Conditions 16 -- 
run time: 17.479078 (s),  0.017479078 (s/pass),  1.3005267e-05(s/step)

-- Write: DoF -- 
write: "/media/derick/DeoResearch/experiments/rocksalt3_ZrN_casm/mc_coarse_new_scel/cooling/mu_-0.6750_-0.6750_T_2000_20/conditions.16/final_state.json"

-- Write: Output files -- 
write: "/media/derick/DeoResearch/experiments/rocksalt3_ZrN_casm/mc_coarse_new_scel/cooling/mu_-0.6750_-0.6750_T_2000_20/results.json"
write: "/media/derick/DeoResearch/experiments/rocksalt3_ZrN_casm/mc_coarse_new_scel/cooling/mu_-0.6750_-0.6750_T_2000_20/conditions.16/conditions.json"


-- Set: Conditions -- 
T: 1660
param_chem_pot: [ -0.675000000000 ]


-- Continue with existing DoF -- 

-- Write: DoF -- 
write: "/media/derick/DeoResearch/experiments/rocksalt3_ZrN_casm/mc_coarse_new_scel/cooling/mu_-0.6750_-0.6750_T_2000_20/conditions.17/initial_state.json"

-- Begin: Conditions 17 -- 

-- End: Conditions 17 -- 
run time: 16.316 (s),  0.016316 (s/pass),  1.2139881e-05(s/step)

-- Write: DoF -- 
write: "/media/derick/DeoResearch/experiments/rocksalt3_ZrN_casm/mc_coarse_new_scel/cooling/mu_-0.6750_-0.6750_T_2000_20/conditions.17/final_state.json"

-- Write: Output files -- 
write: "/media/derick/DeoResearch/experiments/rocksalt3_ZrN_casm/mc_coarse_new_scel/cooling/mu_-0.6750_-0.6750_T_2000_20/results.json"
write: "/media/derick/DeoResearch/experiments/rocksalt3_ZrN_casm/mc_coarse_new_scel/cooling/mu_-0.6750_-0.6750_T_2000_20/conditions.17/conditions.json"


-- Set: Conditions -- 
T: 1640
param_chem_pot: [ -0.675000000000 ]


-- Continue with existing DoF -- 

-- Write: DoF -- 
write: "/media/derick/DeoResearch/experiments/rocksalt3_ZrN_casm/mc_coarse_new_scel/cooling/mu_-0.6750_-0.6750_T_2000_20/conditions.18/initial_state.json"

-- Begin: Conditions 18 -- 

-- End: Conditions 18 -- 
run time: 16.796505 (s),  0.016796505 (s/pass),  1.24974e-05(s/step)

-- Write: DoF -- 
write: "/media/derick/DeoResearch/experiments/rocksalt3_ZrN_casm/mc_coarse_new_scel/cooling/mu_-0.6750_-0.6750_T_2000_20/conditions.18/final_state.json"

-- Write: Output files -- 
write: "/media/derick/DeoResearch/experiments/rocksalt3_ZrN_casm/mc_coarse_new_scel/cooling/mu_-0.6750_-0.6750_T_2000_20/results.json"
write: "/media/derick/DeoResearch/experiments/rocksalt3_ZrN_casm/mc_coarse_new_scel/cooling/mu_-0.6750_-0.6750_T_2000_20/conditions.18/conditions.json"


-- Set: Conditions -- 
T: 1620
param_chem_pot: [ -0.675000000000 ]


-- Continue with existing DoF -- 

-- Write: DoF -- 
write: "/media/derick/DeoResearch/experiments/rocksalt3_ZrN_casm/mc_coarse_new_scel/cooling/mu_-0.6750_-0.6750_T_2000_20/conditions.19/initial_state.json"

-- Begin: Conditions 19 -- 

-- End: Conditions 19 -- 
run time: 16.34312 (s),  0.01634312 (s/pass),  1.216006e-05(s/step)

-- Write: DoF -- 
write: "/media/derick/DeoResearch/experiments/rocksalt3_ZrN_casm/mc_coarse_new_scel/cooling/mu_-0.6750_-0.6750_T_2000_20/conditions.19/final_state.json"

-- Write: Output files -- 
write: "/media/derick/DeoResearch/experiments/rocksalt3_ZrN_casm/mc_coarse_new_scel/cooling/mu_-0.6750_-0.6750_T_2000_20/results.json"
write: "/media/derick/DeoResearch/experiments/rocksalt3_ZrN_casm/mc_coarse_new_scel/cooling/mu_-0.6750_-0.6750_T_2000_20/conditions.19/conditions.json"


-- Set: Conditions -- 
T: 1600
param_chem_pot: [ -0.675000000000 ]


-- Continue with existing DoF -- 

-- Write: DoF -- 
write: "/media/derick/DeoResearch/experiments/rocksalt3_ZrN_casm/mc_coarse_new_scel/cooling/mu_-0.6750_-0.6750_T_2000_20/conditions.20/initial_state.json"

-- Begin: Conditions 20 -- 

-- End: Conditions 20 -- 
run time: 16.329672 (s),  0.016329672 (s/pass),  1.2150054e-05(s/step)

-- Write: DoF -- 
write: "/media/derick/DeoResearch/experiments/rocksalt3_ZrN_casm/mc_coarse_new_scel/cooling/mu_-0.6750_-0.6750_T_2000_20/conditions.20/final_state.json"

-- Write: Output files -- 
write: "/media/derick/DeoResearch/experiments/rocksalt3_ZrN_casm/mc_coarse_new_scel/cooling/mu_-0.6750_-0.6750_T_2000_20/results.json"
write: "/media/derick/DeoResearch/experiments/rocksalt3_ZrN_casm/mc_coarse_new_scel/cooling/mu_-0.6750_-0.6750_T_2000_20/conditions.20/conditions.json"


-- Set: Conditions -- 
T: 1580
param_chem_pot: [ -0.675000000000 ]


-- Continue with existing DoF -- 

-- Write: DoF -- 
write: "/media/derick/DeoResearch/experiments/rocksalt3_ZrN_casm/mc_coarse_new_scel/cooling/mu_-0.6750_-0.6750_T_2000_20/conditions.21/initial_state.json"

-- Begin: Conditions 21 -- 

-- End: Conditions 21 -- 
run time: 16.370303 (s),  0.016370303 (s/pass),  1.2180285e-05(s/step)

-- Write: DoF -- 
write: "/media/derick/DeoResearch/experiments/rocksalt3_ZrN_casm/mc_coarse_new_scel/cooling/mu_-0.6750_-0.6750_T_2000_20/conditions.21/final_state.json"

-- Write: Output files -- 
write: "/media/derick/DeoResearch/experiments/rocksalt3_ZrN_casm/mc_coarse_new_scel/cooling/mu_-0.6750_-0.6750_T_2000_20/results.json"
write: "/media/derick/DeoResearch/experiments/rocksalt3_ZrN_casm/mc_coarse_new_scel/cooling/mu_-0.6750_-0.6750_T_2000_20/conditions.21/conditions.json"


-- Set: Conditions -- 
T: 1560
param_chem_pot: [ -0.675000000000 ]


-- Continue with existing DoF -- 

-- Write: DoF -- 
write: "/media/derick/DeoResearch/experiments/rocksalt3_ZrN_casm/mc_coarse_new_scel/cooling/mu_-0.6750_-0.6750_T_2000_20/conditions.22/initial_state.json"

-- Begin: Conditions 22 -- 

-- End: Conditions 22 -- 
run time: 16.272234 (s),  0.016272234 (s/pass),  1.2107317e-05(s/step)

-- Write: DoF -- 
write: "/media/derick/DeoResearch/experiments/rocksalt3_ZrN_casm/mc_coarse_new_scel/cooling/mu_-0.6750_-0.6750_T_2000_20/conditions.22/final_state.json"

-- Write: Output files -- 
write: "/media/derick/DeoResearch/experiments/rocksalt3_ZrN_casm/mc_coarse_new_scel/cooling/mu_-0.6750_-0.6750_T_2000_20/results.json"
write: "/media/derick/DeoResearch/experiments/rocksalt3_ZrN_casm/mc_coarse_new_scel/cooling/mu_-0.6750_-0.6750_T_2000_20/conditions.22/conditions.json"


-- Set: Conditions -- 
T: 1540
param_chem_pot: [ -0.675000000000 ]


-- Continue with existing DoF -- 

-- Write: DoF -- 
write: "/media/derick/DeoResearch/experiments/rocksalt3_ZrN_casm/mc_coarse_new_scel/cooling/mu_-0.6750_-0.6750_T_2000_20/conditions.23/initial_state.json"

-- Begin: Conditions 23 -- 

-- End: Conditions 23 -- 
run time: 16.390152 (s),  0.016390152 (s/pass),  1.2195053e-05(s/step)

-- Write: DoF -- 
write: "/media/derick/DeoResearch/experiments/rocksalt3_ZrN_casm/mc_coarse_new_scel/cooling/mu_-0.6750_-0.6750_T_2000_20/conditions.23/final_state.json"

-- Write: Output files -- 
write: "/media/derick/DeoResearch/experiments/rocksalt3_ZrN_casm/mc_coarse_new_scel/cooling/mu_-0.6750_-0.6750_T_2000_20/results.json"
write: "/media/derick/DeoResearch/experiments/rocksalt3_ZrN_casm/mc_coarse_new_scel/cooling/mu_-0.6750_-0.6750_T_2000_20/conditions.23/conditions.json"


-- Set: Conditions -- 
T: 1520
param_chem_pot: [ -0.675000000000 ]


-- Continue with existing DoF -- 

-- Write: DoF -- 
write: "/media/derick/DeoResearch/experiments/rocksalt3_ZrN_casm/mc_coarse_new_scel/cooling/mu_-0.6750_-0.6750_T_2000_20/conditions.24/initial_state.json"

-- Begin: Conditions 24 -- 

-- End: Conditions 24 -- 
run time: 16.280781 (s),  0.016280781 (s/pass),  1.2113676e-05(s/step)

-- Write: DoF -- 
write: "/media/derick/DeoResearch/experiments/rocksalt3_ZrN_casm/mc_coarse_new_scel/cooling/mu_-0.6750_-0.6750_T_2000_20/conditions.24/final_state.json"

-- Write: Output files -- 
write: "/media/derick/DeoResearch/experiments/rocksalt3_ZrN_casm/mc_coarse_new_scel/cooling/mu_-0.6750_-0.6750_T_2000_20/results.json"
write: "/media/derick/DeoResearch/experiments/rocksalt3_ZrN_casm/mc_coarse_new_scel/cooling/mu_-0.6750_-0.6750_T_2000_20/conditions.24/conditions.json"


-- Set: Conditions -- 
T: 1500
param_chem_pot: [ -0.675000000000 ]


-- Continue with existing DoF -- 

-- Write: DoF -- 
write: "/media/derick/DeoResearch/experiments/rocksalt3_ZrN_casm/mc_coarse_new_scel/cooling/mu_-0.6750_-0.6750_T_2000_20/conditions.25/initial_state.json"

-- Begin: Conditions 25 -- 

-- End: Conditions 25 -- 
run time: 16.28 (s),  0.01628 (s/pass),  1.2113095e-05(s/step)

-- Write: DoF -- 
write: "/media/derick/DeoResearch/experiments/rocksalt3_ZrN_casm/mc_coarse_new_scel/cooling/mu_-0.6750_-0.6750_T_2000_20/conditions.25/final_state.json"

-- Write: Output files -- 
write: "/media/derick/DeoResearch/experiments/rocksalt3_ZrN_casm/mc_coarse_new_scel/cooling/mu_-0.6750_-0.6750_T_2000_20/results.json"
write: "/media/derick/DeoResearch/experiments/rocksalt3_ZrN_casm/mc_coarse_new_scel/cooling/mu_-0.6750_-0.6750_T_2000_20/conditions.25/conditions.json"


-- Set: Conditions -- 
T: 1480
param_chem_pot: [ -0.675000000000 ]


-- Continue with existing DoF -- 

-- Write: DoF -- 
write: "/media/derick/DeoResearch/experiments/rocksalt3_ZrN_casm/mc_coarse_new_scel/cooling/mu_-0.6750_-0.6750_T_2000_20/conditions.26/initial_state.json"

-- Begin: Conditions 26 -- 

-- End: Conditions 26 -- 
run time: 16.263558 (s),  0.016263558 (s/pass),  1.2100862e-05(s/step)

-- Write: DoF -- 
write: "/media/derick/DeoResearch/experiments/rocksalt3_ZrN_casm/mc_coarse_new_scel/cooling/mu_-0.6750_-0.6750_T_2000_20/conditions.26/final_state.json"

-- Write: Output files -- 
write: "/media/derick/DeoResearch/experiments/rocksalt3_ZrN_casm/mc_coarse_new_scel/cooling/mu_-0.6750_-0.6750_T_2000_20/results.json"
write: "/media/derick/DeoResearch/experiments/rocksalt3_ZrN_casm/mc_coarse_new_scel/cooling/mu_-0.6750_-0.6750_T_2000_20/conditions.26/conditions.json"


-- Set: Conditions -- 
T: 1460
param_chem_pot: [ -0.675000000000 ]


-- Continue with existing DoF -- 

-- Write: DoF -- 
write: "/media/derick/DeoResearch/experiments/rocksalt3_ZrN_casm/mc_coarse_new_scel/cooling/mu_-0.6750_-0.6750_T_2000_20/conditions.27/initial_state.json"

-- Begin: Conditions 27 -- 

-- End: Conditions 27 -- 
run time: 16.310321 (s),  0.016310321 (s/pass),  1.2135655e-05(s/step)

-- Write: DoF -- 
write: "/media/derick/DeoResearch/experiments/rocksalt3_ZrN_casm/mc_coarse_new_scel/cooling/mu_-0.6750_-0.6750_T_2000_20/conditions.27/final_state.json"

-- Write: Output files -- 
write: "/media/derick/DeoResearch/experiments/rocksalt3_ZrN_casm/mc_coarse_new_scel/cooling/mu_-0.6750_-0.6750_T_2000_20/results.json"
write: "/media/derick/DeoResearch/experiments/rocksalt3_ZrN_casm/mc_coarse_new_scel/cooling/mu_-0.6750_-0.6750_T_2000_20/conditions.27/conditions.json"


-- Set: Conditions -- 
T: 1440
param_chem_pot: [ -0.675000000000 ]


-- Continue with existing DoF -- 

-- Write: DoF -- 
write: "/media/derick/DeoResearch/experiments/rocksalt3_ZrN_casm/mc_coarse_new_scel/cooling/mu_-0.6750_-0.6750_T_2000_20/conditions.28/initial_state.json"

-- Begin: Conditions 28 -- 

-- End: Conditions 28 -- 
run time: 16.362256 (s),  0.016362256 (s/pass),  1.2174298e-05(s/step)

-- Write: DoF -- 
write: "/media/derick/DeoResearch/experiments/rocksalt3_ZrN_casm/mc_coarse_new_scel/cooling/mu_-0.6750_-0.6750_T_2000_20/conditions.28/final_state.json"

-- Write: Output files -- 
write: "/media/derick/DeoResearch/experiments/rocksalt3_ZrN_casm/mc_coarse_new_scel/cooling/mu_-0.6750_-0.6750_T_2000_20/results.json"
write: "/media/derick/DeoResearch/experiments/rocksalt3_ZrN_casm/mc_coarse_new_scel/cooling/mu_-0.6750_-0.6750_T_2000_20/conditions.28/conditions.json"


-- Set: Conditions -- 
T: 1420
param_chem_pot: [ -0.675000000000 ]


-- Continue with existing DoF -- 

-- Write: DoF -- 
write: "/media/derick/DeoResearch/experiments/rocksalt3_ZrN_casm/mc_coarse_new_scel/cooling/mu_-0.6750_-0.6750_T_2000_20/conditions.29/initial_state.json"

-- Begin: Conditions 29 -- 

-- End: Conditions 29 -- 
run time: 16.310171 (s),  0.016310171 (s/pass),  1.2135544e-05(s/step)

-- Write: DoF -- 
write: "/media/derick/DeoResearch/experiments/rocksalt3_ZrN_casm/mc_coarse_new_scel/cooling/mu_-0.6750_-0.6750_T_2000_20/conditions.29/final_state.json"

-- Write: Output files -- 
write: "/media/derick/DeoResearch/experiments/rocksalt3_ZrN_casm/mc_coarse_new_scel/cooling/mu_-0.6750_-0.6750_T_2000_20/results.json"
write: "/media/derick/DeoResearch/experiments/rocksalt3_ZrN_casm/mc_coarse_new_scel/cooling/mu_-0.6750_-0.6750_T_2000_20/conditions.29/conditions.json"


-- Set: Conditions -- 
T: 1400
param_chem_pot: [ -0.675000000000 ]


-- Continue with existing DoF -- 

-- Write: DoF -- 
write: "/media/derick/DeoResearch/experiments/rocksalt3_ZrN_casm/mc_coarse_new_scel/cooling/mu_-0.6750_-0.6750_T_2000_20/conditions.30/initial_state.json"

-- Begin: Conditions 30 -- 

-- End: Conditions 30 -- 
run time: 16.243178 (s),  0.016243178 (s/pass),  1.2085698e-05(s/step)

-- Write: DoF -- 
write: "/media/derick/DeoResearch/experiments/rocksalt3_ZrN_casm/mc_coarse_new_scel/cooling/mu_-0.6750_-0.6750_T_2000_20/conditions.30/final_state.json"

-- Write: Output files -- 
write: "/media/derick/DeoResearch/experiments/rocksalt3_ZrN_casm/mc_coarse_new_scel/cooling/mu_-0.6750_-0.6750_T_2000_20/results.json"
write: "/media/derick/DeoResearch/experiments/rocksalt3_ZrN_casm/mc_coarse_new_scel/cooling/mu_-0.6750_-0.6750_T_2000_20/conditions.30/conditions.json"


-- Set: Conditions -- 
T: 1380
param_chem_pot: [ -0.675000000000 ]


-- Continue with existing DoF -- 

-- Write: DoF -- 
write: "/media/derick/DeoResearch/experiments/rocksalt3_ZrN_casm/mc_coarse_new_scel/cooling/mu_-0.6750_-0.6750_T_2000_20/conditions.31/initial_state.json"

-- Begin: Conditions 31 -- 

-- End: Conditions 31 -- 
run time: 16.351002 (s),  0.016351002 (s/pass),  1.2165924e-05(s/step)

-- Write: DoF -- 
write: "/media/derick/DeoResearch/experiments/rocksalt3_ZrN_casm/mc_coarse_new_scel/cooling/mu_-0.6750_-0.6750_T_2000_20/conditions.31/final_state.json"

-- Write: Output files -- 
write: "/media/derick/DeoResearch/experiments/rocksalt3_ZrN_casm/mc_coarse_new_scel/cooling/mu_-0.6750_-0.6750_T_2000_20/results.json"
write: "/media/derick/DeoResearch/experiments/rocksalt3_ZrN_casm/mc_coarse_new_scel/cooling/mu_-0.6750_-0.6750_T_2000_20/conditions.31/conditions.json"


-- Set: Conditions -- 
T: 1360
param_chem_pot: [ -0.675000000000 ]


-- Continue with existing DoF -- 

-- Write: DoF -- 
write: "/media/derick/DeoResearch/experiments/rocksalt3_ZrN_casm/mc_coarse_new_scel/cooling/mu_-0.6750_-0.6750_T_2000_20/conditions.32/initial_state.json"

-- Begin: Conditions 32 -- 

-- End: Conditions 32 -- 
run time: 16.511434 (s),  0.016511434 (s/pass),  1.2285293e-05(s/step)

-- Write: DoF -- 
write: "/media/derick/DeoResearch/experiments/rocksalt3_ZrN_casm/mc_coarse_new_scel/cooling/mu_-0.6750_-0.6750_T_2000_20/conditions.32/final_state.json"

-- Write: Output files -- 
write: "/media/derick/DeoResearch/experiments/rocksalt3_ZrN_casm/mc_coarse_new_scel/cooling/mu_-0.6750_-0.6750_T_2000_20/results.json"
write: "/media/derick/DeoResearch/experiments/rocksalt3_ZrN_casm/mc_coarse_new_scel/cooling/mu_-0.6750_-0.6750_T_2000_20/conditions.32/conditions.json"


-- Set: Conditions -- 
T: 1340
param_chem_pot: [ -0.675000000000 ]


-- Continue with existing DoF -- 

-- Write: DoF -- 
write: "/media/derick/DeoResearch/experiments/rocksalt3_ZrN_casm/mc_coarse_new_scel/cooling/mu_-0.6750_-0.6750_T_2000_20/conditions.33/initial_state.json"

-- Begin: Conditions 33 -- 

-- End: Conditions 33 -- 
run time: 16.452348 (s),  0.016452348 (s/pass),  1.224133e-05(s/step)

-- Write: DoF -- 
write: "/media/derick/DeoResearch/experiments/rocksalt3_ZrN_casm/mc_coarse_new_scel/cooling/mu_-0.6750_-0.6750_T_2000_20/conditions.33/final_state.json"

-- Write: Output files -- 
write: "/media/derick/DeoResearch/experiments/rocksalt3_ZrN_casm/mc_coarse_new_scel/cooling/mu_-0.6750_-0.6750_T_2000_20/results.json"
write: "/media/derick/DeoResearch/experiments/rocksalt3_ZrN_casm/mc_coarse_new_scel/cooling/mu_-0.6750_-0.6750_T_2000_20/conditions.33/conditions.json"


-- Set: Conditions -- 
T: 1320
param_chem_pot: [ -0.675000000000 ]


-- Continue with existing DoF -- 

-- Write: DoF -- 
write: "/media/derick/DeoResearch/experiments/rocksalt3_ZrN_casm/mc_coarse_new_scel/cooling/mu_-0.6750_-0.6750_T_2000_20/conditions.34/initial_state.json"

-- Begin: Conditions 34 -- 

-- End: Conditions 34 -- 
run time: 16.239893 (s),  0.016239893 (s/pass),  1.2083253e-05(s/step)

-- Write: DoF -- 
write: "/media/derick/DeoResearch/experiments/rocksalt3_ZrN_casm/mc_coarse_new_scel/cooling/mu_-0.6750_-0.6750_T_2000_20/conditions.34/final_state.json"

-- Write: Output files -- 
write: "/media/derick/DeoResearch/experiments/rocksalt3_ZrN_casm/mc_coarse_new_scel/cooling/mu_-0.6750_-0.6750_T_2000_20/results.json"
write: "/media/derick/DeoResearch/experiments/rocksalt3_ZrN_casm/mc_coarse_new_scel/cooling/mu_-0.6750_-0.6750_T_2000_20/conditions.34/conditions.json"


-- Set: Conditions -- 
T: 1300
param_chem_pot: [ -0.675000000000 ]


-- Continue with existing DoF -- 

-- Write: DoF -- 
write: "/media/derick/DeoResearch/experiments/rocksalt3_ZrN_casm/mc_coarse_new_scel/cooling/mu_-0.6750_-0.6750_T_2000_20/conditions.35/initial_state.json"

-- Begin: Conditions 35 -- 

-- End: Conditions 35 -- 
run time: 16.309646 (s),  0.016309646 (s/pass),  1.2135153e-05(s/step)

-- Write: DoF -- 
write: "/media/derick/DeoResearch/experiments/rocksalt3_ZrN_casm/mc_coarse_new_scel/cooling/mu_-0.6750_-0.6750_T_2000_20/conditions.35/final_state.json"

-- Write: Output files -- 
write: "/media/derick/DeoResearch/experiments/rocksalt3_ZrN_casm/mc_coarse_new_scel/cooling/mu_-0.6750_-0.6750_T_2000_20/results.json"
write: "/media/derick/DeoResearch/experiments/rocksalt3_ZrN_casm/mc_coarse_new_scel/cooling/mu_-0.6750_-0.6750_T_2000_20/conditions.35/conditions.json"


-- Set: Conditions -- 
T: 1280
param_chem_pot: [ -0.675000000000 ]


-- Continue with existing DoF -- 

-- Write: DoF -- 
write: "/media/derick/DeoResearch/experiments/rocksalt3_ZrN_casm/mc_coarse_new_scel/cooling/mu_-0.6750_-0.6750_T_2000_20/conditions.36/initial_state.json"

-- Begin: Conditions 36 -- 

-- End: Conditions 36 -- 
run time: 16.29831 (s),  0.01629831 (s/pass),  1.2126719e-05(s/step)

-- Write: DoF -- 
write: "/media/derick/DeoResearch/experiments/rocksalt3_ZrN_casm/mc_coarse_new_scel/cooling/mu_-0.6750_-0.6750_T_2000_20/conditions.36/final_state.json"

-- Write: Output files -- 
write: "/media/derick/DeoResearch/experiments/rocksalt3_ZrN_casm/mc_coarse_new_scel/cooling/mu_-0.6750_-0.6750_T_2000_20/results.json"
write: "/media/derick/DeoResearch/experiments/rocksalt3_ZrN_casm/mc_coarse_new_scel/cooling/mu_-0.6750_-0.6750_T_2000_20/conditions.36/conditions.json"


-- Set: Conditions -- 
T: 1260
param_chem_pot: [ -0.675000000000 ]


-- Continue with existing DoF -- 

-- Write: DoF -- 
write: "/media/derick/DeoResearch/experiments/rocksalt3_ZrN_casm/mc_coarse_new_scel/cooling/mu_-0.6750_-0.6750_T_2000_20/conditions.37/initial_state.json"

-- Begin: Conditions 37 -- 

-- End: Conditions 37 -- 
run time: 16.300024 (s),  0.016300024 (s/pass),  1.2127994e-05(s/step)

-- Write: DoF -- 
write: "/media/derick/DeoResearch/experiments/rocksalt3_ZrN_casm/mc_coarse_new_scel/cooling/mu_-0.6750_-0.6750_T_2000_20/conditions.37/final_state.json"

-- Write: Output files -- 
write: "/media/derick/DeoResearch/experiments/rocksalt3_ZrN_casm/mc_coarse_new_scel/cooling/mu_-0.6750_-0.6750_T_2000_20/results.json"
write: "/media/derick/DeoResearch/experiments/rocksalt3_ZrN_casm/mc_coarse_new_scel/cooling/mu_-0.6750_-0.6750_T_2000_20/conditions.37/conditions.json"


-- Set: Conditions -- 
T: 1240
param_chem_pot: [ -0.675000000000 ]


-- Continue with existing DoF -- 

-- Write: DoF -- 
write: "/media/derick/DeoResearch/experiments/rocksalt3_ZrN_casm/mc_coarse_new_scel/cooling/mu_-0.6750_-0.6750_T_2000_20/conditions.38/initial_state.json"

-- Begin: Conditions 38 -- 

-- End: Conditions 38 -- 
run time: 16.204186 (s),  0.016204186 (s/pass),  1.2056686e-05(s/step)

-- Write: DoF -- 
write: "/media/derick/DeoResearch/experiments/rocksalt3_ZrN_casm/mc_coarse_new_scel/cooling/mu_-0.6750_-0.6750_T_2000_20/conditions.38/final_state.json"

-- Write: Output files -- 
write: "/media/derick/DeoResearch/experiments/rocksalt3_ZrN_casm/mc_coarse_new_scel/cooling/mu_-0.6750_-0.6750_T_2000_20/results.json"
write: "/media/derick/DeoResearch/experiments/rocksalt3_ZrN_casm/mc_coarse_new_scel/cooling/mu_-0.6750_-0.6750_T_2000_20/conditions.38/conditions.json"


-- Set: Conditions -- 
T: 1220
param_chem_pot: [ -0.675000000000 ]


-- Continue with existing DoF -- 

-- Write: DoF -- 
write: "/media/derick/DeoResearch/experiments/rocksalt3_ZrN_casm/mc_coarse_new_scel/cooling/mu_-0.6750_-0.6750_T_2000_20/conditions.39/initial_state.json"

-- Begin: Conditions 39 -- 

-- End: Conditions 39 -- 
run time: 16.287592 (s),  0.016287592 (s/pass),  1.2118744e-05(s/step)

-- Write: DoF -- 
write: "/media/derick/DeoResearch/experiments/rocksalt3_ZrN_casm/mc_coarse_new_scel/cooling/mu_-0.6750_-0.6750_T_2000_20/conditions.39/final_state.json"

-- Write: Output files -- 
write: "/media/derick/DeoResearch/experiments/rocksalt3_ZrN_casm/mc_coarse_new_scel/cooling/mu_-0.6750_-0.6750_T_2000_20/results.json"
write: "/media/derick/DeoResearch/experiments/rocksalt3_ZrN_casm/mc_coarse_new_scel/cooling/mu_-0.6750_-0.6750_T_2000_20/conditions.39/conditions.json"


-- Set: Conditions -- 
T: 1200
param_chem_pot: [ -0.675000000000 ]


-- Continue with existing DoF -- 

-- Write: DoF -- 
write: "/media/derick/DeoResearch/experiments/rocksalt3_ZrN_casm/mc_coarse_new_scel/cooling/mu_-0.6750_-0.6750_T_2000_20/conditions.40/initial_state.json"

-- Begin: Conditions 40 -- 

-- End: Conditions 40 -- 
run time: 16.336185 (s),  0.016336185 (s/pass),  1.2154899e-05(s/step)

-- Write: DoF -- 
write: "/media/derick/DeoResearch/experiments/rocksalt3_ZrN_casm/mc_coarse_new_scel/cooling/mu_-0.6750_-0.6750_T_2000_20/conditions.40/final_state.json"

-- Write: Output files -- 
write: "/media/derick/DeoResearch/experiments/rocksalt3_ZrN_casm/mc_coarse_new_scel/cooling/mu_-0.6750_-0.6750_T_2000_20/results.json"
write: "/media/derick/DeoResearch/experiments/rocksalt3_ZrN_casm/mc_coarse_new_scel/cooling/mu_-0.6750_-0.6750_T_2000_20/conditions.40/conditions.json"


-- Set: Conditions -- 
T: 1180
param_chem_pot: [ -0.675000000000 ]


-- Continue with existing DoF -- 

-- Write: DoF -- 
write: "/media/derick/DeoResearch/experiments/rocksalt3_ZrN_casm/mc_coarse_new_scel/cooling/mu_-0.6750_-0.6750_T_2000_20/conditions.41/initial_state.json"

-- Begin: Conditions 41 -- 

-- End: Conditions 41 -- 
run time: 16.423696 (s),  0.016423696 (s/pass),  1.2220012e-05(s/step)

-- Write: DoF -- 
write: "/media/derick/DeoResearch/experiments/rocksalt3_ZrN_casm/mc_coarse_new_scel/cooling/mu_-0.6750_-0.6750_T_2000_20/conditions.41/final_state.json"

-- Write: Output files -- 
write: "/media/derick/DeoResearch/experiments/rocksalt3_ZrN_casm/mc_coarse_new_scel/cooling/mu_-0.6750_-0.6750_T_2000_20/results.json"
write: "/media/derick/DeoResearch/experiments/rocksalt3_ZrN_casm/mc_coarse_new_scel/cooling/mu_-0.6750_-0.6750_T_2000_20/conditions.41/conditions.json"


-- Set: Conditions -- 
T: 1160
param_chem_pot: [ -0.675000000000 ]


-- Continue with existing DoF -- 

-- Write: DoF -- 
write: "/media/derick/DeoResearch/experiments/rocksalt3_ZrN_casm/mc_coarse_new_scel/cooling/mu_-0.6750_-0.6750_T_2000_20/conditions.42/initial_state.json"

-- Begin: Conditions 42 -- 

-- End: Conditions 42 -- 
run time: 16.429593 (s),  0.016429593 (s/pass),  1.22244e-05(s/step)

-- Write: DoF -- 
write: "/media/derick/DeoResearch/experiments/rocksalt3_ZrN_casm/mc_coarse_new_scel/cooling/mu_-0.6750_-0.6750_T_2000_20/conditions.42/final_state.json"

-- Write: Output files -- 
write: "/media/derick/DeoResearch/experiments/rocksalt3_ZrN_casm/mc_coarse_new_scel/cooling/mu_-0.6750_-0.6750_T_2000_20/results.json"
write: "/media/derick/DeoResearch/experiments/rocksalt3_ZrN_casm/mc_coarse_new_scel/cooling/mu_-0.6750_-0.6750_T_2000_20/conditions.42/conditions.json"


-- Set: Conditions -- 
T: 1140
param_chem_pot: [ -0.675000000000 ]


-- Continue with existing DoF -- 

-- Write: DoF -- 
write: "/media/derick/DeoResearch/experiments/rocksalt3_ZrN_casm/mc_coarse_new_scel/cooling/mu_-0.6750_-0.6750_T_2000_20/conditions.43/initial_state.json"

-- Begin: Conditions 43 -- 

-- End: Conditions 43 -- 
run time: 16.310426 (s),  0.016310426 (s/pass),  1.2135733e-05(s/step)

-- Write: DoF -- 
write: "/media/derick/DeoResearch/experiments/rocksalt3_ZrN_casm/mc_coarse_new_scel/cooling/mu_-0.6750_-0.6750_T_2000_20/conditions.43/final_state.json"

-- Write: Output files -- 
write: "/media/derick/DeoResearch/experiments/rocksalt3_ZrN_casm/mc_coarse_new_scel/cooling/mu_-0.6750_-0.6750_T_2000_20/results.json"
write: "/media/derick/DeoResearch/experiments/rocksalt3_ZrN_casm/mc_coarse_new_scel/cooling/mu_-0.6750_-0.6750_T_2000_20/conditions.43/conditions.json"


-- Set: Conditions -- 
T: 1120
param_chem_pot: [ -0.675000000000 ]


-- Continue with existing DoF -- 

-- Write: DoF -- 
write: "/media/derick/DeoResearch/experiments/rocksalt3_ZrN_casm/mc_coarse_new_scel/cooling/mu_-0.6750_-0.6750_T_2000_20/conditions.44/initial_state.json"

-- Begin: Conditions 44 -- 

-- End: Conditions 44 -- 
run time: 16.238556 (s),  0.016238556 (s/pass),  1.2082259e-05(s/step)

-- Write: DoF -- 
write: "/media/derick/DeoResearch/experiments/rocksalt3_ZrN_casm/mc_coarse_new_scel/cooling/mu_-0.6750_-0.6750_T_2000_20/conditions.44/final_state.json"

-- Write: Output files -- 
write: "/media/derick/DeoResearch/experiments/rocksalt3_ZrN_casm/mc_coarse_new_scel/cooling/mu_-0.6750_-0.6750_T_2000_20/results.json"
write: "/media/derick/DeoResearch/experiments/rocksalt3_ZrN_casm/mc_coarse_new_scel/cooling/mu_-0.6750_-0.6750_T_2000_20/conditions.44/conditions.json"


-- Set: Conditions -- 
T: 1100
param_chem_pot: [ -0.675000000000 ]


-- Continue with existing DoF -- 

-- Write: DoF -- 
write: "/media/derick/DeoResearch/experiments/rocksalt3_ZrN_casm/mc_coarse_new_scel/cooling/mu_-0.6750_-0.6750_T_2000_20/conditions.45/initial_state.json"

-- Begin: Conditions 45 -- 

-- End: Conditions 45 -- 
run time: 16.468104 (s),  0.016468104 (s/pass),  1.2253054e-05(s/step)

-- Write: DoF -- 
write: "/media/derick/DeoResearch/experiments/rocksalt3_ZrN_casm/mc_coarse_new_scel/cooling/mu_-0.6750_-0.6750_T_2000_20/conditions.45/final_state.json"

-- Write: Output files -- 
write: "/media/derick/DeoResearch/experiments/rocksalt3_ZrN_casm/mc_coarse_new_scel/cooling/mu_-0.6750_-0.6750_T_2000_20/results.json"
write: "/media/derick/DeoResearch/experiments/rocksalt3_ZrN_casm/mc_coarse_new_scel/cooling/mu_-0.6750_-0.6750_T_2000_20/conditions.45/conditions.json"


-- Set: Conditions -- 
T: 1080
param_chem_pot: [ -0.675000000000 ]


-- Continue with existing DoF -- 

-- Write: DoF -- 
write: "/media/derick/DeoResearch/experiments/rocksalt3_ZrN_casm/mc_coarse_new_scel/cooling/mu_-0.6750_-0.6750_T_2000_20/conditions.46/initial_state.json"

-- Begin: Conditions 46 -- 

-- End: Conditions 46 -- 
run time: 16.248549 (s),  0.016248549 (s/pass),  1.2089694e-05(s/step)

-- Write: DoF -- 
write: "/media/derick/DeoResearch/experiments/rocksalt3_ZrN_casm/mc_coarse_new_scel/cooling/mu_-0.6750_-0.6750_T_2000_20/conditions.46/final_state.json"

-- Write: Output files -- 
write: "/media/derick/DeoResearch/experiments/rocksalt3_ZrN_casm/mc_coarse_new_scel/cooling/mu_-0.6750_-0.6750_T_2000_20/results.json"
write: "/media/derick/DeoResearch/experiments/rocksalt3_ZrN_casm/mc_coarse_new_scel/cooling/mu_-0.6750_-0.6750_T_2000_20/conditions.46/conditions.json"


-- Set: Conditions -- 
T: 1060
param_chem_pot: [ -0.675000000000 ]


-- Continue with existing DoF -- 

-- Write: DoF -- 
write: "/media/derick/DeoResearch/experiments/rocksalt3_ZrN_casm/mc_coarse_new_scel/cooling/mu_-0.6750_-0.6750_T_2000_20/conditions.47/initial_state.json"

-- Begin: Conditions 47 -- 

-- End: Conditions 47 -- 
run time: 16.43136 (s),  0.01643136 (s/pass),  1.2225714e-05(s/step)

-- Write: DoF -- 
write: "/media/derick/DeoResearch/experiments/rocksalt3_ZrN_casm/mc_coarse_new_scel/cooling/mu_-0.6750_-0.6750_T_2000_20/conditions.47/final_state.json"

-- Write: Output files -- 
write: "/media/derick/DeoResearch/experiments/rocksalt3_ZrN_casm/mc_coarse_new_scel/cooling/mu_-0.6750_-0.6750_T_2000_20/results.json"
write: "/media/derick/DeoResearch/experiments/rocksalt3_ZrN_casm/mc_coarse_new_scel/cooling/mu_-0.6750_-0.6750_T_2000_20/conditions.47/conditions.json"


-- Set: Conditions -- 
T: 1040
param_chem_pot: [ -0.675000000000 ]


-- Continue with existing DoF -- 

-- Write: DoF -- 
write: "/media/derick/DeoResearch/experiments/rocksalt3_ZrN_casm/mc_coarse_new_scel/cooling/mu_-0.6750_-0.6750_T_2000_20/conditions.48/initial_state.json"

-- Begin: Conditions 48 -- 

-- End: Conditions 48 -- 
run time: 16.257193 (s),  0.016257193 (s/pass),  1.2096126e-05(s/step)

-- Write: DoF -- 
write: "/media/derick/DeoResearch/experiments/rocksalt3_ZrN_casm/mc_coarse_new_scel/cooling/mu_-0.6750_-0.6750_T_2000_20/conditions.48/final_state.json"

-- Write: Output files -- 
write: "/media/derick/DeoResearch/experiments/rocksalt3_ZrN_casm/mc_coarse_new_scel/cooling/mu_-0.6750_-0.6750_T_2000_20/results.json"
write: "/media/derick/DeoResearch/experiments/rocksalt3_ZrN_casm/mc_coarse_new_scel/cooling/mu_-0.6750_-0.6750_T_2000_20/conditions.48/conditions.json"


-- Set: Conditions -- 
T: 1020
param_chem_pot: [ -0.675000000000 ]


-- Continue with existing DoF -- 

-- Write: DoF -- 
write: "/media/derick/DeoResearch/experiments/rocksalt3_ZrN_casm/mc_coarse_new_scel/cooling/mu_-0.6750_-0.6750_T_2000_20/conditions.49/initial_state.json"

-- Begin: Conditions 49 -- 

-- End: Conditions 49 -- 
run time: 16.30368 (s),  0.01630368 (s/pass),  1.2130714e-05(s/step)

-- Write: DoF -- 
write: "/media/derick/DeoResearch/experiments/rocksalt3_ZrN_casm/mc_coarse_new_scel/cooling/mu_-0.6750_-0.6750_T_2000_20/conditions.49/final_state.json"

-- Write: Output files -- 
write: "/media/derick/DeoResearch/experiments/rocksalt3_ZrN_casm/mc_coarse_new_scel/cooling/mu_-0.6750_-0.6750_T_2000_20/results.json"
write: "/media/derick/DeoResearch/experiments/rocksalt3_ZrN_casm/mc_coarse_new_scel/cooling/mu_-0.6750_-0.6750_T_2000_20/conditions.49/conditions.json"


-- Set: Conditions -- 
T: 1000
param_chem_pot: [ -0.675000000000 ]


-- Continue with existing DoF -- 

-- Write: DoF -- 
write: "/media/derick/DeoResearch/experiments/rocksalt3_ZrN_casm/mc_coarse_new_scel/cooling/mu_-0.6750_-0.6750_T_2000_20/conditions.50/initial_state.json"

-- Begin: Conditions 50 -- 

-- End: Conditions 50 -- 
run time: 16.272669 (s),  0.016272669 (s/pass),  1.2107641e-05(s/step)

-- Write: DoF -- 
write: "/media/derick/DeoResearch/experiments/rocksalt3_ZrN_casm/mc_coarse_new_scel/cooling/mu_-0.6750_-0.6750_T_2000_20/conditions.50/final_state.json"

-- Write: Output files -- 
write: "/media/derick/DeoResearch/experiments/rocksalt3_ZrN_casm/mc_coarse_new_scel/cooling/mu_-0.6750_-0.6750_T_2000_20/results.json"
write: "/media/derick/DeoResearch/experiments/rocksalt3_ZrN_casm/mc_coarse_new_scel/cooling/mu_-0.6750_-0.6750_T_2000_20/conditions.50/conditions.json"


-- Set: Conditions -- 
T: 980
param_chem_pot: [ -0.675000000000 ]


-- Continue with existing DoF -- 

-- Write: DoF -- 
write: "/media/derick/DeoResearch/experiments/rocksalt3_ZrN_casm/mc_coarse_new_scel/cooling/mu_-0.6750_-0.6750_T_2000_20/conditions.51/initial_state.json"

-- Begin: Conditions 51 -- 

-- End: Conditions 51 -- 
run time: 16.276209 (s),  0.016276209 (s/pass),  1.2110274e-05(s/step)

-- Write: DoF -- 
write: "/media/derick/DeoResearch/experiments/rocksalt3_ZrN_casm/mc_coarse_new_scel/cooling/mu_-0.6750_-0.6750_T_2000_20/conditions.51/final_state.json"

-- Write: Output files -- 
write: "/media/derick/DeoResearch/experiments/rocksalt3_ZrN_casm/mc_coarse_new_scel/cooling/mu_-0.6750_-0.6750_T_2000_20/results.json"
write: "/media/derick/DeoResearch/experiments/rocksalt3_ZrN_casm/mc_coarse_new_scel/cooling/mu_-0.6750_-0.6750_T_2000_20/conditions.51/conditions.json"


-- Set: Conditions -- 
T: 960
param_chem_pot: [ -0.675000000000 ]


-- Continue with existing DoF -- 

-- Write: DoF -- 
write: "/media/derick/DeoResearch/experiments/rocksalt3_ZrN_casm/mc_coarse_new_scel/cooling/mu_-0.6750_-0.6750_T_2000_20/conditions.52/initial_state.json"

-- Begin: Conditions 52 -- 

-- End: Conditions 52 -- 
run time: 16.373198 (s),  0.016373198 (s/pass),  1.2182439e-05(s/step)

-- Write: DoF -- 
write: "/media/derick/DeoResearch/experiments/rocksalt3_ZrN_casm/mc_coarse_new_scel/cooling/mu_-0.6750_-0.6750_T_2000_20/conditions.52/final_state.json"

-- Write: Output files -- 
write: "/media/derick/DeoResearch/experiments/rocksalt3_ZrN_casm/mc_coarse_new_scel/cooling/mu_-0.6750_-0.6750_T_2000_20/results.json"
write: "/media/derick/DeoResearch/experiments/rocksalt3_ZrN_casm/mc_coarse_new_scel/cooling/mu_-0.6750_-0.6750_T_2000_20/conditions.52/conditions.json"


-- Set: Conditions -- 
T: 940
param_chem_pot: [ -0.675000000000 ]


-- Continue with existing DoF -- 

-- Write: DoF -- 
write: "/media/derick/DeoResearch/experiments/rocksalt3_ZrN_casm/mc_coarse_new_scel/cooling/mu_-0.6750_-0.6750_T_2000_20/conditions.53/initial_state.json"

-- Begin: Conditions 53 -- 

-- End: Conditions 53 -- 
run time: 16.356716 (s),  0.016356716 (s/pass),  1.2170176e-05(s/step)

-- Write: DoF -- 
write: "/media/derick/DeoResearch/experiments/rocksalt3_ZrN_casm/mc_coarse_new_scel/cooling/mu_-0.6750_-0.6750_T_2000_20/conditions.53/final_state.json"

-- Write: Output files -- 
write: "/media/derick/DeoResearch/experiments/rocksalt3_ZrN_casm/mc_coarse_new_scel/cooling/mu_-0.6750_-0.6750_T_2000_20/results.json"
write: "/media/derick/DeoResearch/experiments/rocksalt3_ZrN_casm/mc_coarse_new_scel/cooling/mu_-0.6750_-0.6750_T_2000_20/conditions.53/conditions.json"


-- Set: Conditions -- 
T: 920
param_chem_pot: [ -0.675000000000 ]


-- Continue with existing DoF -- 

-- Write: DoF -- 
write: "/media/derick/DeoResearch/experiments/rocksalt3_ZrN_casm/mc_coarse_new_scel/cooling/mu_-0.6750_-0.6750_T_2000_20/conditions.54/initial_state.json"

-- Begin: Conditions 54 -- 

-- End: Conditions 54 -- 
run time: 16.316591 (s),  0.016316591 (s/pass),  1.214032e-05(s/step)

-- Write: DoF -- 
write: "/media/derick/DeoResearch/experiments/rocksalt3_ZrN_casm/mc_coarse_new_scel/cooling/mu_-0.6750_-0.6750_T_2000_20/conditions.54/final_state.json"

-- Write: Output files -- 
write: "/media/derick/DeoResearch/experiments/rocksalt3_ZrN_casm/mc_coarse_new_scel/cooling/mu_-0.6750_-0.6750_T_2000_20/results.json"
write: "/media/derick/DeoResearch/experiments/rocksalt3_ZrN_casm/mc_coarse_new_scel/cooling/mu_-0.6750_-0.6750_T_2000_20/conditions.54/conditions.json"


-- Set: Conditions -- 
T: 900
param_chem_pot: [ -0.675000000000 ]


-- Continue with existing DoF -- 

-- Write: DoF -- 
write: "/media/derick/DeoResearch/experiments/rocksalt3_ZrN_casm/mc_coarse_new_scel/cooling/mu_-0.6750_-0.6750_T_2000_20/conditions.55/initial_state.json"

-- Begin: Conditions 55 -- 

-- End: Conditions 55 -- 
run time: 16.271367 (s),  0.016271367 (s/pass),  1.2106672e-05(s/step)

-- Write: DoF -- 
write: "/media/derick/DeoResearch/experiments/rocksalt3_ZrN_casm/mc_coarse_new_scel/cooling/mu_-0.6750_-0.6750_T_2000_20/conditions.55/final_state.json"

-- Write: Output files -- 
write: "/media/derick/DeoResearch/experiments/rocksalt3_ZrN_casm/mc_coarse_new_scel/cooling/mu_-0.6750_-0.6750_T_2000_20/results.json"
write: "/media/derick/DeoResearch/experiments/rocksalt3_ZrN_casm/mc_coarse_new_scel/cooling/mu_-0.6750_-0.6750_T_2000_20/conditions.55/conditions.json"


-- Set: Conditions -- 
T: 880
param_chem_pot: [ -0.675000000000 ]


-- Continue with existing DoF -- 

-- Write: DoF -- 
write: "/media/derick/DeoResearch/experiments/rocksalt3_ZrN_casm/mc_coarse_new_scel/cooling/mu_-0.6750_-0.6750_T_2000_20/conditions.56/initial_state.json"

-- Begin: Conditions 56 -- 

-- End: Conditions 56 -- 
run time: 16.204475 (s),  0.016204475 (s/pass),  1.2056901e-05(s/step)

-- Write: DoF -- 
write: "/media/derick/DeoResearch/experiments/rocksalt3_ZrN_casm/mc_coarse_new_scel/cooling/mu_-0.6750_-0.6750_T_2000_20/conditions.56/final_state.json"

-- Write: Output files -- 
write: "/media/derick/DeoResearch/experiments/rocksalt3_ZrN_casm/mc_coarse_new_scel/cooling/mu_-0.6750_-0.6750_T_2000_20/results.json"
write: "/media/derick/DeoResearch/experiments/rocksalt3_ZrN_casm/mc_coarse_new_scel/cooling/mu_-0.6750_-0.6750_T_2000_20/conditions.56/conditions.json"


-- Set: Conditions -- 
T: 860
param_chem_pot: [ -0.675000000000 ]


-- Continue with existing DoF -- 

-- Write: DoF -- 
write: "/media/derick/DeoResearch/experiments/rocksalt3_ZrN_casm/mc_coarse_new_scel/cooling/mu_-0.6750_-0.6750_T_2000_20/conditions.57/initial_state.json"

-- Begin: Conditions 57 -- 

-- End: Conditions 57 -- 
run time: 16.279106 (s),  0.016279106 (s/pass),  1.211243e-05(s/step)

-- Write: DoF -- 
write: "/media/derick/DeoResearch/experiments/rocksalt3_ZrN_casm/mc_coarse_new_scel/cooling/mu_-0.6750_-0.6750_T_2000_20/conditions.57/final_state.json"

-- Write: Output files -- 
write: "/media/derick/DeoResearch/experiments/rocksalt3_ZrN_casm/mc_coarse_new_scel/cooling/mu_-0.6750_-0.6750_T_2000_20/results.json"
write: "/media/derick/DeoResearch/experiments/rocksalt3_ZrN_casm/mc_coarse_new_scel/cooling/mu_-0.6750_-0.6750_T_2000_20/conditions.57/conditions.json"


-- Set: Conditions -- 
T: 840
param_chem_pot: [ -0.675000000000 ]


-- Continue with existing DoF -- 

-- Write: DoF -- 
write: "/media/derick/DeoResearch/experiments/rocksalt3_ZrN_casm/mc_coarse_new_scel/cooling/mu_-0.6750_-0.6750_T_2000_20/conditions.58/initial_state.json"

-- Begin: Conditions 58 -- 

-- End: Conditions 58 -- 
run time: 16.291679 (s),  0.016291679 (s/pass),  1.2121785e-05(s/step)

-- Write: DoF -- 
write: "/media/derick/DeoResearch/experiments/rocksalt3_ZrN_casm/mc_coarse_new_scel/cooling/mu_-0.6750_-0.6750_T_2000_20/conditions.58/final_state.json"

-- Write: Output files -- 
write: "/media/derick/DeoResearch/experiments/rocksalt3_ZrN_casm/mc_coarse_new_scel/cooling/mu_-0.6750_-0.6750_T_2000_20/results.json"
write: "/media/derick/DeoResearch/experiments/rocksalt3_ZrN_casm/mc_coarse_new_scel/cooling/mu_-0.6750_-0.6750_T_2000_20/conditions.58/conditions.json"


-- Set: Conditions -- 
T: 820
param_chem_pot: [ -0.675000000000 ]


-- Continue with existing DoF -- 

-- Write: DoF -- 
write: "/media/derick/DeoResearch/experiments/rocksalt3_ZrN_casm/mc_coarse_new_scel/cooling/mu_-0.6750_-0.6750_T_2000_20/conditions.59/initial_state.json"

-- Begin: Conditions 59 -- 

-- End: Conditions 59 -- 
run time: 16.346625 (s),  0.016346625 (s/pass),  1.2162667e-05(s/step)

-- Write: DoF -- 
write: "/media/derick/DeoResearch/experiments/rocksalt3_ZrN_casm/mc_coarse_new_scel/cooling/mu_-0.6750_-0.6750_T_2000_20/conditions.59/final_state.json"

-- Write: Output files -- 
write: "/media/derick/DeoResearch/experiments/rocksalt3_ZrN_casm/mc_coarse_new_scel/cooling/mu_-0.6750_-0.6750_T_2000_20/results.json"
write: "/media/derick/DeoResearch/experiments/rocksalt3_ZrN_casm/mc_coarse_new_scel/cooling/mu_-0.6750_-0.6750_T_2000_20/conditions.59/conditions.json"


-- Set: Conditions -- 
T: 800
param_chem_pot: [ -0.675000000000 ]


-- Continue with existing DoF -- 

-- Write: DoF -- 
write: "/media/derick/DeoResearch/experiments/rocksalt3_ZrN_casm/mc_coarse_new_scel/cooling/mu_-0.6750_-0.6750_T_2000_20/conditions.60/initial_state.json"

-- Begin: Conditions 60 -- 

-- End: Conditions 60 -- 
run time: 16.318051 (s),  0.016318051 (s/pass),  1.2141407e-05(s/step)

-- Write: DoF -- 
write: "/media/derick/DeoResearch/experiments/rocksalt3_ZrN_casm/mc_coarse_new_scel/cooling/mu_-0.6750_-0.6750_T_2000_20/conditions.60/final_state.json"

-- Write: Output files -- 
write: "/media/derick/DeoResearch/experiments/rocksalt3_ZrN_casm/mc_coarse_new_scel/cooling/mu_-0.6750_-0.6750_T_2000_20/results.json"
write: "/media/derick/DeoResearch/experiments/rocksalt3_ZrN_casm/mc_coarse_new_scel/cooling/mu_-0.6750_-0.6750_T_2000_20/conditions.60/conditions.json"


-- Set: Conditions -- 
T: 780
param_chem_pot: [ -0.675000000000 ]


-- Continue with existing DoF -- 

-- Write: DoF -- 
write: "/media/derick/DeoResearch/experiments/rocksalt3_ZrN_casm/mc_coarse_new_scel/cooling/mu_-0.6750_-0.6750_T_2000_20/conditions.61/initial_state.json"

-- Begin: Conditions 61 -- 

-- End: Conditions 61 -- 
run time: 17.349887 (s),  0.017349887 (s/pass),  1.2909142e-05(s/step)

-- Write: DoF -- 
write: "/media/derick/DeoResearch/experiments/rocksalt3_ZrN_casm/mc_coarse_new_scel/cooling/mu_-0.6750_-0.6750_T_2000_20/conditions.61/final_state.json"

-- Write: Output files -- 
write: "/media/derick/DeoResearch/experiments/rocksalt3_ZrN_casm/mc_coarse_new_scel/cooling/mu_-0.6750_-0.6750_T_2000_20/results.json"
write: "/media/derick/DeoResearch/experiments/rocksalt3_ZrN_casm/mc_coarse_new_scel/cooling/mu_-0.6750_-0.6750_T_2000_20/conditions.61/conditions.json"


-- Set: Conditions -- 
T: 760
param_chem_pot: [ -0.675000000000 ]


-- Continue with existing DoF -- 

-- Write: DoF -- 
write: "/media/derick/DeoResearch/experiments/rocksalt3_ZrN_casm/mc_coarse_new_scel/cooling/mu_-0.6750_-0.6750_T_2000_20/conditions.62/initial_state.json"

-- Begin: Conditions 62 -- 

-- End: Conditions 62 -- 
run time: 16.307887 (s),  0.016307887 (s/pass),  1.2133844e-05(s/step)

-- Write: DoF -- 
write: "/media/derick/DeoResearch/experiments/rocksalt3_ZrN_casm/mc_coarse_new_scel/cooling/mu_-0.6750_-0.6750_T_2000_20/conditions.62/final_state.json"

-- Write: Output files -- 
write: "/media/derick/DeoResearch/experiments/rocksalt3_ZrN_casm/mc_coarse_new_scel/cooling/mu_-0.6750_-0.6750_T_2000_20/results.json"
write: "/media/derick/DeoResearch/experiments/rocksalt3_ZrN_casm/mc_coarse_new_scel/cooling/mu_-0.6750_-0.6750_T_2000_20/conditions.62/conditions.json"


-- Set: Conditions -- 
T: 740
param_chem_pot: [ -0.675000000000 ]


-- Continue with existing DoF -- 

-- Write: DoF -- 
write: "/media/derick/DeoResearch/experiments/rocksalt3_ZrN_casm/mc_coarse_new_scel/cooling/mu_-0.6750_-0.6750_T_2000_20/conditions.63/initial_state.json"

-- Begin: Conditions 63 -- 

-- End: Conditions 63 -- 
run time: 16.407625 (s),  0.016407625 (s/pass),  1.2208054e-05(s/step)

-- Write: DoF -- 
write: "/media/derick/DeoResearch/experiments/rocksalt3_ZrN_casm/mc_coarse_new_scel/cooling/mu_-0.6750_-0.6750_T_2000_20/conditions.63/final_state.json"

-- Write: Output files -- 
write: "/media/derick/DeoResearch/experiments/rocksalt3_ZrN_casm/mc_coarse_new_scel/cooling/mu_-0.6750_-0.6750_T_2000_20/results.json"
write: "/media/derick/DeoResearch/experiments/rocksalt3_ZrN_casm/mc_coarse_new_scel/cooling/mu_-0.6750_-0.6750_T_2000_20/conditions.63/conditions.json"


-- Set: Conditions -- 
T: 720
param_chem_pot: [ -0.675000000000 ]


-- Continue with existing DoF -- 

-- Write: DoF -- 
write: "/media/derick/DeoResearch/experiments/rocksalt3_ZrN_casm/mc_coarse_new_scel/cooling/mu_-0.6750_-0.6750_T_2000_20/conditions.64/initial_state.json"

-- Begin: Conditions 64 -- 

-- End: Conditions 64 -- 
run time: 16.269573 (s),  0.016269573 (s/pass),  1.2105337e-05(s/step)

-- Write: DoF -- 
write: "/media/derick/DeoResearch/experiments/rocksalt3_ZrN_casm/mc_coarse_new_scel/cooling/mu_-0.6750_-0.6750_T_2000_20/conditions.64/final_state.json"

-- Write: Output files -- 
write: "/media/derick/DeoResearch/experiments/rocksalt3_ZrN_casm/mc_coarse_new_scel/cooling/mu_-0.6750_-0.6750_T_2000_20/results.json"
write: "/media/derick/DeoResearch/experiments/rocksalt3_ZrN_casm/mc_coarse_new_scel/cooling/mu_-0.6750_-0.6750_T_2000_20/conditions.64/conditions.json"


-- Set: Conditions -- 
T: 700
param_chem_pot: [ -0.675000000000 ]


-- Continue with existing DoF -- 

-- Write: DoF -- 
write: "/media/derick/DeoResearch/experiments/rocksalt3_ZrN_casm/mc_coarse_new_scel/cooling/mu_-0.6750_-0.6750_T_2000_20/conditions.65/initial_state.json"

-- Begin: Conditions 65 -- 

-- End: Conditions 65 -- 
run time: 17.025818 (s),  0.017025818 (s/pass),  1.2668019e-05(s/step)

-- Write: DoF -- 
write: "/media/derick/DeoResearch/experiments/rocksalt3_ZrN_casm/mc_coarse_new_scel/cooling/mu_-0.6750_-0.6750_T_2000_20/conditions.65/final_state.json"

-- Write: Output files -- 
write: "/media/derick/DeoResearch/experiments/rocksalt3_ZrN_casm/mc_coarse_new_scel/cooling/mu_-0.6750_-0.6750_T_2000_20/results.json"
write: "/media/derick/DeoResearch/experiments/rocksalt3_ZrN_casm/mc_coarse_new_scel/cooling/mu_-0.6750_-0.6750_T_2000_20/conditions.65/conditions.json"


-- Set: Conditions -- 
T: 680
param_chem_pot: [ -0.675000000000 ]


-- Continue with existing DoF -- 

-- Write: DoF -- 
write: "/media/derick/DeoResearch/experiments/rocksalt3_ZrN_casm/mc_coarse_new_scel/cooling/mu_-0.6750_-0.6750_T_2000_20/conditions.66/initial_state.json"

-- Begin: Conditions 66 -- 

-- End: Conditions 66 -- 
run time: 17.115868 (s),  0.017115868 (s/pass),  1.2735021e-05(s/step)

-- Write: DoF -- 
write: "/media/derick/DeoResearch/experiments/rocksalt3_ZrN_casm/mc_coarse_new_scel/cooling/mu_-0.6750_-0.6750_T_2000_20/conditions.66/final_state.json"

-- Write: Output files -- 
write: "/media/derick/DeoResearch/experiments/rocksalt3_ZrN_casm/mc_coarse_new_scel/cooling/mu_-0.6750_-0.6750_T_2000_20/results.json"
write: "/media/derick/DeoResearch/experiments/rocksalt3_ZrN_casm/mc_coarse_new_scel/cooling/mu_-0.6750_-0.6750_T_2000_20/conditions.66/conditions.json"


-- Set: Conditions -- 
T: 660
param_chem_pot: [ -0.675000000000 ]


-- Continue with existing DoF -- 

-- Write: DoF -- 
write: "/media/derick/DeoResearch/experiments/rocksalt3_ZrN_casm/mc_coarse_new_scel/cooling/mu_-0.6750_-0.6750_T_2000_20/conditions.67/initial_state.json"

-- Begin: Conditions 67 -- 

-- End: Conditions 67 -- 
run time: 16.256911 (s),  0.016256911 (s/pass),  1.2095916e-05(s/step)

-- Write: DoF -- 
write: "/media/derick/DeoResearch/experiments/rocksalt3_ZrN_casm/mc_coarse_new_scel/cooling/mu_-0.6750_-0.6750_T_2000_20/conditions.67/final_state.json"

-- Write: Output files -- 
write: "/media/derick/DeoResearch/experiments/rocksalt3_ZrN_casm/mc_coarse_new_scel/cooling/mu_-0.6750_-0.6750_T_2000_20/results.json"
write: "/media/derick/DeoResearch/experiments/rocksalt3_ZrN_casm/mc_coarse_new_scel/cooling/mu_-0.6750_-0.6750_T_2000_20/conditions.67/conditions.json"


-- Set: Conditions -- 
T: 640
param_chem_pot: [ -0.675000000000 ]


-- Continue with existing DoF -- 

-- Write: DoF -- 
write: "/media/derick/DeoResearch/experiments/rocksalt3_ZrN_casm/mc_coarse_new_scel/cooling/mu_-0.6750_-0.6750_T_2000_20/conditions.68/initial_state.json"

-- Begin: Conditions 68 -- 

-- End: Conditions 68 -- 
run time: 16.217048 (s),  0.016217048 (s/pass),  1.2066256e-05(s/step)

-- Write: DoF -- 
write: "/media/derick/DeoResearch/experiments/rocksalt3_ZrN_casm/mc_coarse_new_scel/cooling/mu_-0.6750_-0.6750_T_2000_20/conditions.68/final_state.json"

-- Write: Output files -- 
write: "/media/derick/DeoResearch/experiments/rocksalt3_ZrN_casm/mc_coarse_new_scel/cooling/mu_-0.6750_-0.6750_T_2000_20/results.json"
write: "/media/derick/DeoResearch/experiments/rocksalt3_ZrN_casm/mc_coarse_new_scel/cooling/mu_-0.6750_-0.6750_T_2000_20/conditions.68/conditions.json"


-- Set: Conditions -- 
T: 620
param_chem_pot: [ -0.675000000000 ]


-- Continue with existing DoF -- 

-- Write: DoF -- 
write: "/media/derick/DeoResearch/experiments/rocksalt3_ZrN_casm/mc_coarse_new_scel/cooling/mu_-0.6750_-0.6750_T_2000_20/conditions.69/initial_state.json"

-- Begin: Conditions 69 -- 

-- End: Conditions 69 -- 
run time: 16.447959 (s),  0.016447959 (s/pass),  1.2238065e-05(s/step)

-- Write: DoF -- 
write: "/media/derick/DeoResearch/experiments/rocksalt3_ZrN_casm/mc_coarse_new_scel/cooling/mu_-0.6750_-0.6750_T_2000_20/conditions.69/final_state.json"

-- Write: Output files -- 
write: "/media/derick/DeoResearch/experiments/rocksalt3_ZrN_casm/mc_coarse_new_scel/cooling/mu_-0.6750_-0.6750_T_2000_20/results.json"
write: "/media/derick/DeoResearch/experiments/rocksalt3_ZrN_casm/mc_coarse_new_scel/cooling/mu_-0.6750_-0.6750_T_2000_20/conditions.69/conditions.json"


-- Set: Conditions -- 
T: 600
param_chem_pot: [ -0.675000000000 ]


-- Continue with existing DoF -- 

-- Write: DoF -- 
write: "/media/derick/DeoResearch/experiments/rocksalt3_ZrN_casm/mc_coarse_new_scel/cooling/mu_-0.6750_-0.6750_T_2000_20/conditions.70/initial_state.json"

-- Begin: Conditions 70 -- 

-- End: Conditions 70 -- 
run time: 16.364954 (s),  0.016364954 (s/pass),  1.2176305e-05(s/step)

-- Write: DoF -- 
write: "/media/derick/DeoResearch/experiments/rocksalt3_ZrN_casm/mc_coarse_new_scel/cooling/mu_-0.6750_-0.6750_T_2000_20/conditions.70/final_state.json"

-- Write: Output files -- 
write: "/media/derick/DeoResearch/experiments/rocksalt3_ZrN_casm/mc_coarse_new_scel/cooling/mu_-0.6750_-0.6750_T_2000_20/results.json"
write: "/media/derick/DeoResearch/experiments/rocksalt3_ZrN_casm/mc_coarse_new_scel/cooling/mu_-0.6750_-0.6750_T_2000_20/conditions.70/conditions.json"


-- Set: Conditions -- 
T: 580
param_chem_pot: [ -0.675000000000 ]


-- Continue with existing DoF -- 

-- Write: DoF -- 
write: "/media/derick/DeoResearch/experiments/rocksalt3_ZrN_casm/mc_coarse_new_scel/cooling/mu_-0.6750_-0.6750_T_2000_20/conditions.71/initial_state.json"

-- Begin: Conditions 71 -- 

-- End: Conditions 71 -- 
run time: 17.113868 (s),  0.017113868 (s/pass),  1.2733532e-05(s/step)

-- Write: DoF -- 
write: "/media/derick/DeoResearch/experiments/rocksalt3_ZrN_casm/mc_coarse_new_scel/cooling/mu_-0.6750_-0.6750_T_2000_20/conditions.71/final_state.json"

-- Write: Output files -- 
write: "/media/derick/DeoResearch/experiments/rocksalt3_ZrN_casm/mc_coarse_new_scel/cooling/mu_-0.6750_-0.6750_T_2000_20/results.json"
write: "/media/derick/DeoResearch/experiments/rocksalt3_ZrN_casm/mc_coarse_new_scel/cooling/mu_-0.6750_-0.6750_T_2000_20/conditions.71/conditions.json"


-- Set: Conditions -- 
T: 560
param_chem_pot: [ -0.675000000000 ]


-- Continue with existing DoF -- 

-- Write: DoF -- 
write: "/media/derick/DeoResearch/experiments/rocksalt3_ZrN_casm/mc_coarse_new_scel/cooling/mu_-0.6750_-0.6750_T_2000_20/conditions.72/initial_state.json"

-- Begin: Conditions 72 -- 

-- End: Conditions 72 -- 
run time: 16.281385 (s),  0.016281385 (s/pass),  1.2114126e-05(s/step)

-- Write: DoF -- 
write: "/media/derick/DeoResearch/experiments/rocksalt3_ZrN_casm/mc_coarse_new_scel/cooling/mu_-0.6750_-0.6750_T_2000_20/conditions.72/final_state.json"

-- Write: Output files -- 
write: "/media/derick/DeoResearch/experiments/rocksalt3_ZrN_casm/mc_coarse_new_scel/cooling/mu_-0.6750_-0.6750_T_2000_20/results.json"
write: "/media/derick/DeoResearch/experiments/rocksalt3_ZrN_casm/mc_coarse_new_scel/cooling/mu_-0.6750_-0.6750_T_2000_20/conditions.72/conditions.json"


-- Set: Conditions -- 
T: 540
param_chem_pot: [ -0.675000000000 ]


-- Continue with existing DoF -- 

-- Write: DoF -- 
write: "/media/derick/DeoResearch/experiments/rocksalt3_ZrN_casm/mc_coarse_new_scel/cooling/mu_-0.6750_-0.6750_T_2000_20/conditions.73/initial_state.json"

-- Begin: Conditions 73 -- 

-- End: Conditions 73 -- 
run time: 16.286801 (s),  0.016286801 (s/pass),  1.2118155e-05(s/step)

-- Write: DoF -- 
write: "/media/derick/DeoResearch/experiments/rocksalt3_ZrN_casm/mc_coarse_new_scel/cooling/mu_-0.6750_-0.6750_T_2000_20/conditions.73/final_state.json"

-- Write: Output files -- 
write: "/media/derick/DeoResearch/experiments/rocksalt3_ZrN_casm/mc_coarse_new_scel/cooling/mu_-0.6750_-0.6750_T_2000_20/results.json"
write: "/media/derick/DeoResearch/experiments/rocksalt3_ZrN_casm/mc_coarse_new_scel/cooling/mu_-0.6750_-0.6750_T_2000_20/conditions.73/conditions.json"


-- Set: Conditions -- 
T: 520
param_chem_pot: [ -0.675000000000 ]


-- Continue with existing DoF -- 

-- Write: DoF -- 
write: "/media/derick/DeoResearch/experiments/rocksalt3_ZrN_casm/mc_coarse_new_scel/cooling/mu_-0.6750_-0.6750_T_2000_20/conditions.74/initial_state.json"

-- Begin: Conditions 74 -- 

-- End: Conditions 74 -- 
run time: 16.234823 (s),  0.016234823 (s/pass),  1.2079482e-05(s/step)

-- Write: DoF -- 
write: "/media/derick/DeoResearch/experiments/rocksalt3_ZrN_casm/mc_coarse_new_scel/cooling/mu_-0.6750_-0.6750_T_2000_20/conditions.74/final_state.json"

-- Write: Output files -- 
write: "/media/derick/DeoResearch/experiments/rocksalt3_ZrN_casm/mc_coarse_new_scel/cooling/mu_-0.6750_-0.6750_T_2000_20/results.json"
write: "/media/derick/DeoResearch/experiments/rocksalt3_ZrN_casm/mc_coarse_new_scel/cooling/mu_-0.6750_-0.6750_T_2000_20/conditions.74/conditions.json"


-- Set: Conditions -- 
T: 500
param_chem_pot: [ -0.675000000000 ]


-- Continue with existing DoF -- 

-- Write: DoF -- 
write: "/media/derick/DeoResearch/experiments/rocksalt3_ZrN_casm/mc_coarse_new_scel/cooling/mu_-0.6750_-0.6750_T_2000_20/conditions.75/initial_state.json"

-- Begin: Conditions 75 -- 

-- End: Conditions 75 -- 
run time: 16.293044 (s),  0.016293044 (s/pass),  1.2122801e-05(s/step)

-- Write: DoF -- 
write: "/media/derick/DeoResearch/experiments/rocksalt3_ZrN_casm/mc_coarse_new_scel/cooling/mu_-0.6750_-0.6750_T_2000_20/conditions.75/final_state.json"

-- Write: Output files -- 
write: "/media/derick/DeoResearch/experiments/rocksalt3_ZrN_casm/mc_coarse_new_scel/cooling/mu_-0.6750_-0.6750_T_2000_20/results.json"
write: "/media/derick/DeoResearch/experiments/rocksalt3_ZrN_casm/mc_coarse_new_scel/cooling/mu_-0.6750_-0.6750_T_2000_20/conditions.75/conditions.json"


-- Set: Conditions -- 
T: 480
param_chem_pot: [ -0.675000000000 ]


-- Continue with existing DoF -- 

-- Write: DoF -- 
write: "/media/derick/DeoResearch/experiments/rocksalt3_ZrN_casm/mc_coarse_new_scel/cooling/mu_-0.6750_-0.6750_T_2000_20/conditions.76/initial_state.json"

-- Begin: Conditions 76 -- 

-- End: Conditions 76 -- 
run time: 16.293316 (s),  0.016293316 (s/pass),  1.2123003e-05(s/step)

-- Write: DoF -- 
write: "/media/derick/DeoResearch/experiments/rocksalt3_ZrN_casm/mc_coarse_new_scel/cooling/mu_-0.6750_-0.6750_T_2000_20/conditions.76/final_state.json"

-- Write: Output files -- 
write: "/media/derick/DeoResearch/experiments/rocksalt3_ZrN_casm/mc_coarse_new_scel/cooling/mu_-0.6750_-0.6750_T_2000_20/results.json"
write: "/media/derick/DeoResearch/experiments/rocksalt3_ZrN_casm/mc_coarse_new_scel/cooling/mu_-0.6750_-0.6750_T_2000_20/conditions.76/conditions.json"


-- Set: Conditions -- 
T: 460
param_chem_pot: [ -0.675000000000 ]


-- Continue with existing DoF -- 

-- Write: DoF -- 
write: "/media/derick/DeoResearch/experiments/rocksalt3_ZrN_casm/mc_coarse_new_scel/cooling/mu_-0.6750_-0.6750_T_2000_20/conditions.77/initial_state.json"

-- Begin: Conditions 77 -- 

-- End: Conditions 77 -- 
run time: 16.263194 (s),  0.016263194 (s/pass),  1.2100591e-05(s/step)

-- Write: DoF -- 
write: "/media/derick/DeoResearch/experiments/rocksalt3_ZrN_casm/mc_coarse_new_scel/cooling/mu_-0.6750_-0.6750_T_2000_20/conditions.77/final_state.json"

-- Write: Output files -- 
write: "/media/derick/DeoResearch/experiments/rocksalt3_ZrN_casm/mc_coarse_new_scel/cooling/mu_-0.6750_-0.6750_T_2000_20/results.json"
write: "/media/derick/DeoResearch/experiments/rocksalt3_ZrN_casm/mc_coarse_new_scel/cooling/mu_-0.6750_-0.6750_T_2000_20/conditions.77/conditions.json"


-- Set: Conditions -- 
T: 440
param_chem_pot: [ -0.675000000000 ]


-- Continue with existing DoF -- 

-- Write: DoF -- 
write: "/media/derick/DeoResearch/experiments/rocksalt3_ZrN_casm/mc_coarse_new_scel/cooling/mu_-0.6750_-0.6750_T_2000_20/conditions.78/initial_state.json"

-- Begin: Conditions 78 -- 

-- End: Conditions 78 -- 
run time: 16.228067 (s),  0.016228067 (s/pass),  1.2074454e-05(s/step)

-- Write: DoF -- 
write: "/media/derick/DeoResearch/experiments/rocksalt3_ZrN_casm/mc_coarse_new_scel/cooling/mu_-0.6750_-0.6750_T_2000_20/conditions.78/final_state.json"

-- Write: Output files -- 
write: "/media/derick/DeoResearch/experiments/rocksalt3_ZrN_casm/mc_coarse_new_scel/cooling/mu_-0.6750_-0.6750_T_2000_20/results.json"
write: "/media/derick/DeoResearch/experiments/rocksalt3_ZrN_casm/mc_coarse_new_scel/cooling/mu_-0.6750_-0.6750_T_2000_20/conditions.78/conditions.json"


-- Set: Conditions -- 
T: 420
param_chem_pot: [ -0.675000000000 ]


-- Continue with existing DoF -- 

-- Write: DoF -- 
write: "/media/derick/DeoResearch/experiments/rocksalt3_ZrN_casm/mc_coarse_new_scel/cooling/mu_-0.6750_-0.6750_T_2000_20/conditions.79/initial_state.json"

-- Begin: Conditions 79 -- 

-- End: Conditions 79 -- 
run time: 16.260262 (s),  0.016260262 (s/pass),  1.209841e-05(s/step)

-- Write: DoF -- 
write: "/media/derick/DeoResearch/experiments/rocksalt3_ZrN_casm/mc_coarse_new_scel/cooling/mu_-0.6750_-0.6750_T_2000_20/conditions.79/final_state.json"

-- Write: Output files -- 
write: "/media/derick/DeoResearch/experiments/rocksalt3_ZrN_casm/mc_coarse_new_scel/cooling/mu_-0.6750_-0.6750_T_2000_20/results.json"
write: "/media/derick/DeoResearch/experiments/rocksalt3_ZrN_casm/mc_coarse_new_scel/cooling/mu_-0.6750_-0.6750_T_2000_20/conditions.79/conditions.json"


-- Set: Conditions -- 
T: 400
param_chem_pot: [ -0.675000000000 ]


-- Continue with existing DoF -- 

-- Write: DoF -- 
write: "/media/derick/DeoResearch/experiments/rocksalt3_ZrN_casm/mc_coarse_new_scel/cooling/mu_-0.6750_-0.6750_T_2000_20/conditions.80/initial_state.json"

-- Begin: Conditions 80 -- 

-- End: Conditions 80 -- 
run time: 16.233369 (s),  0.016233369 (s/pass),  1.2078399e-05(s/step)

-- Write: DoF -- 
write: "/media/derick/DeoResearch/experiments/rocksalt3_ZrN_casm/mc_coarse_new_scel/cooling/mu_-0.6750_-0.6750_T_2000_20/conditions.80/final_state.json"

-- Write: Output files -- 
write: "/media/derick/DeoResearch/experiments/rocksalt3_ZrN_casm/mc_coarse_new_scel/cooling/mu_-0.6750_-0.6750_T_2000_20/results.json"
write: "/media/derick/DeoResearch/experiments/rocksalt3_ZrN_casm/mc_coarse_new_scel/cooling/mu_-0.6750_-0.6750_T_2000_20/conditions.80/conditions.json"


-- Set: Conditions -- 
T: 380
param_chem_pot: [ -0.675000000000 ]


-- Continue with existing DoF -- 

-- Write: DoF -- 
write: "/media/derick/DeoResearch/experiments/rocksalt3_ZrN_casm/mc_coarse_new_scel/cooling/mu_-0.6750_-0.6750_T_2000_20/conditions.81/initial_state.json"

-- Begin: Conditions 81 -- 

-- End: Conditions 81 -- 
run time: 16.246239 (s),  0.016246239 (s/pass),  1.2087976e-05(s/step)

-- Write: DoF -- 
write: "/media/derick/DeoResearch/experiments/rocksalt3_ZrN_casm/mc_coarse_new_scel/cooling/mu_-0.6750_-0.6750_T_2000_20/conditions.81/final_state.json"

-- Write: Output files -- 
write: "/media/derick/DeoResearch/experiments/rocksalt3_ZrN_casm/mc_coarse_new_scel/cooling/mu_-0.6750_-0.6750_T_2000_20/results.json"
write: "/media/derick/DeoResearch/experiments/rocksalt3_ZrN_casm/mc_coarse_new_scel/cooling/mu_-0.6750_-0.6750_T_2000_20/conditions.81/conditions.json"


-- Set: Conditions -- 
T: 360
param_chem_pot: [ -0.675000000000 ]


-- Continue with existing DoF -- 

-- Write: DoF -- 
write: "/media/derick/DeoResearch/experiments/rocksalt3_ZrN_casm/mc_coarse_new_scel/cooling/mu_-0.6750_-0.6750_T_2000_20/conditions.82/initial_state.json"

-- Begin: Conditions 82 -- 

-- End: Conditions 82 -- 
run time: 16.23265 (s),  0.01623265 (s/pass),  1.2077865e-05(s/step)

-- Write: DoF -- 
write: "/media/derick/DeoResearch/experiments/rocksalt3_ZrN_casm/mc_coarse_new_scel/cooling/mu_-0.6750_-0.6750_T_2000_20/conditions.82/final_state.json"

-- Write: Output files -- 
write: "/media/derick/DeoResearch/experiments/rocksalt3_ZrN_casm/mc_coarse_new_scel/cooling/mu_-0.6750_-0.6750_T_2000_20/results.json"
write: "/media/derick/DeoResearch/experiments/rocksalt3_ZrN_casm/mc_coarse_new_scel/cooling/mu_-0.6750_-0.6750_T_2000_20/conditions.82/conditions.json"


-- Set: Conditions -- 
T: 340
param_chem_pot: [ -0.675000000000 ]


-- Continue with existing DoF -- 

-- Write: DoF -- 
write: "/media/derick/DeoResearch/experiments/rocksalt3_ZrN_casm/mc_coarse_new_scel/cooling/mu_-0.6750_-0.6750_T_2000_20/conditions.83/initial_state.json"

-- Begin: Conditions 83 -- 

-- End: Conditions 83 -- 
run time: 16.271345 (s),  0.016271345 (s/pass),  1.2106655e-05(s/step)

-- Write: DoF -- 
write: "/media/derick/DeoResearch/experiments/rocksalt3_ZrN_casm/mc_coarse_new_scel/cooling/mu_-0.6750_-0.6750_T_2000_20/conditions.83/final_state.json"

-- Write: Output files -- 
write: "/media/derick/DeoResearch/experiments/rocksalt3_ZrN_casm/mc_coarse_new_scel/cooling/mu_-0.6750_-0.6750_T_2000_20/results.json"
write: "/media/derick/DeoResearch/experiments/rocksalt3_ZrN_casm/mc_coarse_new_scel/cooling/mu_-0.6750_-0.6750_T_2000_20/conditions.83/conditions.json"


-- Set: Conditions -- 
T: 320
param_chem_pot: [ -0.675000000000 ]


-- Continue with existing DoF -- 

-- Write: DoF -- 
write: "/media/derick/DeoResearch/experiments/rocksalt3_ZrN_casm/mc_coarse_new_scel/cooling/mu_-0.6750_-0.6750_T_2000_20/conditions.84/initial_state.json"

-- Begin: Conditions 84 -- 

-- End: Conditions 84 -- 
run time: 16.240933 (s),  0.016240933 (s/pass),  1.2084028e-05(s/step)

-- Write: DoF -- 
write: "/media/derick/DeoResearch/experiments/rocksalt3_ZrN_casm/mc_coarse_new_scel/cooling/mu_-0.6750_-0.6750_T_2000_20/conditions.84/final_state.json"

-- Write: Output files -- 
write: "/media/derick/DeoResearch/experiments/rocksalt3_ZrN_casm/mc_coarse_new_scel/cooling/mu_-0.6750_-0.6750_T_2000_20/results.json"
write: "/media/derick/DeoResearch/experiments/rocksalt3_ZrN_casm/mc_coarse_new_scel/cooling/mu_-0.6750_-0.6750_T_2000_20/conditions.84/conditions.json"


-- Set: Conditions -- 
T: 300
param_chem_pot: [ -0.675000000000 ]


-- Continue with existing DoF -- 

-- Write: DoF -- 
write: "/media/derick/DeoResearch/experiments/rocksalt3_ZrN_casm/mc_coarse_new_scel/cooling/mu_-0.6750_-0.6750_T_2000_20/conditions.85/initial_state.json"

-- Begin: Conditions 85 -- 

-- End: Conditions 85 -- 
run time: 16.267887 (s),  0.016267887 (s/pass),  1.2104083e-05(s/step)

-- Write: DoF -- 
write: "/media/derick/DeoResearch/experiments/rocksalt3_ZrN_casm/mc_coarse_new_scel/cooling/mu_-0.6750_-0.6750_T_2000_20/conditions.85/final_state.json"

-- Write: Output files -- 
write: "/media/derick/DeoResearch/experiments/rocksalt3_ZrN_casm/mc_coarse_new_scel/cooling/mu_-0.6750_-0.6750_T_2000_20/results.json"
write: "/media/derick/DeoResearch/experiments/rocksalt3_ZrN_casm/mc_coarse_new_scel/cooling/mu_-0.6750_-0.6750_T_2000_20/conditions.85/conditions.json"


-- Set: Conditions -- 
T: 280
param_chem_pot: [ -0.675000000000 ]


-- Continue with existing DoF -- 

-- Write: DoF -- 
write: "/media/derick/DeoResearch/experiments/rocksalt3_ZrN_casm/mc_coarse_new_scel/cooling/mu_-0.6750_-0.6750_T_2000_20/conditions.86/initial_state.json"

-- Begin: Conditions 86 -- 

-- End: Conditions 86 -- 
run time: 16.247516 (s),  0.016247516 (s/pass),  1.2088925e-05(s/step)

-- Write: DoF -- 
write: "/media/derick/DeoResearch/experiments/rocksalt3_ZrN_casm/mc_coarse_new_scel/cooling/mu_-0.6750_-0.6750_T_2000_20/conditions.86/final_state.json"

-- Write: Output files -- 
write: "/media/derick/DeoResearch/experiments/rocksalt3_ZrN_casm/mc_coarse_new_scel/cooling/mu_-0.6750_-0.6750_T_2000_20/results.json"
write: "/media/derick/DeoResearch/experiments/rocksalt3_ZrN_casm/mc_coarse_new_scel/cooling/mu_-0.6750_-0.6750_T_2000_20/conditions.86/conditions.json"


-- Set: Conditions -- 
T: 260
param_chem_pot: [ -0.675000000000 ]


-- Continue with existing DoF -- 

-- Write: DoF -- 
write: "/media/derick/DeoResearch/experiments/rocksalt3_ZrN_casm/mc_coarse_new_scel/cooling/mu_-0.6750_-0.6750_T_2000_20/conditions.87/initial_state.json"

-- Begin: Conditions 87 -- 

-- End: Conditions 87 -- 
run time: 16.239294 (s),  0.016239294 (s/pass),  1.2082808e-05(s/step)

-- Write: DoF -- 
write: "/media/derick/DeoResearch/experiments/rocksalt3_ZrN_casm/mc_coarse_new_scel/cooling/mu_-0.6750_-0.6750_T_2000_20/conditions.87/final_state.json"

-- Write: Output files -- 
write: "/media/derick/DeoResearch/experiments/rocksalt3_ZrN_casm/mc_coarse_new_scel/cooling/mu_-0.6750_-0.6750_T_2000_20/results.json"
write: "/media/derick/DeoResearch/experiments/rocksalt3_ZrN_casm/mc_coarse_new_scel/cooling/mu_-0.6750_-0.6750_T_2000_20/conditions.87/conditions.json"


-- Set: Conditions -- 
T: 240
param_chem_pot: [ -0.675000000000 ]


-- Continue with existing DoF -- 

-- Write: DoF -- 
write: "/media/derick/DeoResearch/experiments/rocksalt3_ZrN_casm/mc_coarse_new_scel/cooling/mu_-0.6750_-0.6750_T_2000_20/conditions.88/initial_state.json"

-- Begin: Conditions 88 -- 

-- End: Conditions 88 -- 
run time: 16.282067 (s),  0.016282067 (s/pass),  1.2114633e-05(s/step)

-- Write: DoF -- 
write: "/media/derick/DeoResearch/experiments/rocksalt3_ZrN_casm/mc_coarse_new_scel/cooling/mu_-0.6750_-0.6750_T_2000_20/conditions.88/final_state.json"

-- Write: Output files -- 
write: "/media/derick/DeoResearch/experiments/rocksalt3_ZrN_casm/mc_coarse_new_scel/cooling/mu_-0.6750_-0.6750_T_2000_20/results.json"
write: "/media/derick/DeoResearch/experiments/rocksalt3_ZrN_casm/mc_coarse_new_scel/cooling/mu_-0.6750_-0.6750_T_2000_20/conditions.88/conditions.json"


-- Set: Conditions -- 
T: 220
param_chem_pot: [ -0.675000000000 ]


-- Continue with existing DoF -- 

-- Write: DoF -- 
write: "/media/derick/DeoResearch/experiments/rocksalt3_ZrN_casm/mc_coarse_new_scel/cooling/mu_-0.6750_-0.6750_T_2000_20/conditions.89/initial_state.json"

-- Begin: Conditions 89 -- 

-- End: Conditions 89 -- 
run time: 16.293064 (s),  0.016293064 (s/pass),  1.2122816e-05(s/step)

-- Write: DoF -- 
write: "/media/derick/DeoResearch/experiments/rocksalt3_ZrN_casm/mc_coarse_new_scel/cooling/mu_-0.6750_-0.6750_T_2000_20/conditions.89/final_state.json"

-- Write: Output files -- 
write: "/media/derick/DeoResearch/experiments/rocksalt3_ZrN_casm/mc_coarse_new_scel/cooling/mu_-0.6750_-0.6750_T_2000_20/results.json"
write: "/media/derick/DeoResearch/experiments/rocksalt3_ZrN_casm/mc_coarse_new_scel/cooling/mu_-0.6750_-0.6750_T_2000_20/conditions.89/conditions.json"


-- Set: Conditions -- 
T: 200
param_chem_pot: [ -0.675000000000 ]


-- Continue with existing DoF -- 

-- Write: DoF -- 
write: "/media/derick/DeoResearch/experiments/rocksalt3_ZrN_casm/mc_coarse_new_scel/cooling/mu_-0.6750_-0.6750_T_2000_20/conditions.90/initial_state.json"

-- Begin: Conditions 90 -- 

-- End: Conditions 90 -- 
run time: 16.263547 (s),  0.016263547 (s/pass),  1.2100853e-05(s/step)

-- Write: DoF -- 
write: "/media/derick/DeoResearch/experiments/rocksalt3_ZrN_casm/mc_coarse_new_scel/cooling/mu_-0.6750_-0.6750_T_2000_20/conditions.90/final_state.json"

-- Write: Output files -- 
write: "/media/derick/DeoResearch/experiments/rocksalt3_ZrN_casm/mc_coarse_new_scel/cooling/mu_-0.6750_-0.6750_T_2000_20/results.json"
write: "/media/derick/DeoResearch/experiments/rocksalt3_ZrN_casm/mc_coarse_new_scel/cooling/mu_-0.6750_-0.6750_T_2000_20/conditions.90/conditions.json"


-- Set: Conditions -- 
T: 180
param_chem_pot: [ -0.675000000000 ]


-- Continue with existing DoF -- 

-- Write: DoF -- 
write: "/media/derick/DeoResearch/experiments/rocksalt3_ZrN_casm/mc_coarse_new_scel/cooling/mu_-0.6750_-0.6750_T_2000_20/conditions.91/initial_state.json"

-- Begin: Conditions 91 -- 

-- End: Conditions 91 -- 
run time: 16.251242 (s),  0.016251242 (s/pass),  1.2091698e-05(s/step)

-- Write: DoF -- 
write: "/media/derick/DeoResearch/experiments/rocksalt3_ZrN_casm/mc_coarse_new_scel/cooling/mu_-0.6750_-0.6750_T_2000_20/conditions.91/final_state.json"

-- Write: Output files -- 
write: "/media/derick/DeoResearch/experiments/rocksalt3_ZrN_casm/mc_coarse_new_scel/cooling/mu_-0.6750_-0.6750_T_2000_20/results.json"
write: "/media/derick/DeoResearch/experiments/rocksalt3_ZrN_casm/mc_coarse_new_scel/cooling/mu_-0.6750_-0.6750_T_2000_20/conditions.91/conditions.json"


-- Set: Conditions -- 
T: 160
param_chem_pot: [ -0.675000000000 ]


-- Continue with existing DoF -- 

-- Write: DoF -- 
write: "/media/derick/DeoResearch/experiments/rocksalt3_ZrN_casm/mc_coarse_new_scel/cooling/mu_-0.6750_-0.6750_T_2000_20/conditions.92/initial_state.json"

-- Begin: Conditions 92 -- 

-- End: Conditions 92 -- 
run time: 16.305275 (s),  0.016305275 (s/pass),  1.2131901e-05(s/step)

-- Write: DoF -- 
write: "/media/derick/DeoResearch/experiments/rocksalt3_ZrN_casm/mc_coarse_new_scel/cooling/mu_-0.6750_-0.6750_T_2000_20/conditions.92/final_state.json"

-- Write: Output files -- 
write: "/media/derick/DeoResearch/experiments/rocksalt3_ZrN_casm/mc_coarse_new_scel/cooling/mu_-0.6750_-0.6750_T_2000_20/results.json"
write: "/media/derick/DeoResearch/experiments/rocksalt3_ZrN_casm/mc_coarse_new_scel/cooling/mu_-0.6750_-0.6750_T_2000_20/conditions.92/conditions.json"


-- Set: Conditions -- 
T: 140
param_chem_pot: [ -0.675000000000 ]


-- Continue with existing DoF -- 

-- Write: DoF -- 
write: "/media/derick/DeoResearch/experiments/rocksalt3_ZrN_casm/mc_coarse_new_scel/cooling/mu_-0.6750_-0.6750_T_2000_20/conditions.93/initial_state.json"

-- Begin: Conditions 93 -- 

-- End: Conditions 93 -- 
run time: 16.305568 (s),  0.016305568 (s/pass),  1.2132119e-05(s/step)

-- Write: DoF -- 
write: "/media/derick/DeoResearch/experiments/rocksalt3_ZrN_casm/mc_coarse_new_scel/cooling/mu_-0.6750_-0.6750_T_2000_20/conditions.93/final_state.json"

-- Write: Output files -- 
write: "/media/derick/DeoResearch/experiments/rocksalt3_ZrN_casm/mc_coarse_new_scel/cooling/mu_-0.6750_-0.6750_T_2000_20/results.json"
write: "/media/derick/DeoResearch/experiments/rocksalt3_ZrN_casm/mc_coarse_new_scel/cooling/mu_-0.6750_-0.6750_T_2000_20/conditions.93/conditions.json"


-- Set: Conditions -- 
T: 120
param_chem_pot: [ -0.675000000000 ]


-- Continue with existing DoF -- 

-- Write: DoF -- 
write: "/media/derick/DeoResearch/experiments/rocksalt3_ZrN_casm/mc_coarse_new_scel/cooling/mu_-0.6750_-0.6750_T_2000_20/conditions.94/initial_state.json"

-- Begin: Conditions 94 -- 

-- End: Conditions 94 -- 
run time: 16.216201 (s),  0.016216201 (s/pass),  1.2065626e-05(s/step)

-- Write: DoF -- 
write: "/media/derick/DeoResearch/experiments/rocksalt3_ZrN_casm/mc_coarse_new_scel/cooling/mu_-0.6750_-0.6750_T_2000_20/conditions.94/final_state.json"

-- Write: Output files -- 
write: "/media/derick/DeoResearch/experiments/rocksalt3_ZrN_casm/mc_coarse_new_scel/cooling/mu_-0.6750_-0.6750_T_2000_20/results.json"
write: "/media/derick/DeoResearch/experiments/rocksalt3_ZrN_casm/mc_coarse_new_scel/cooling/mu_-0.6750_-0.6750_T_2000_20/conditions.94/conditions.json"


-- Set: Conditions -- 
T: 100
param_chem_pot: [ -0.675000000000 ]


-- Continue with existing DoF -- 

-- Write: DoF -- 
write: "/media/derick/DeoResearch/experiments/rocksalt3_ZrN_casm/mc_coarse_new_scel/cooling/mu_-0.6750_-0.6750_T_2000_20/conditions.95/initial_state.json"

-- Begin: Conditions 95 -- 

-- End: Conditions 95 -- 
run time: 16.314184 (s),  0.016314184 (s/pass),  1.213853e-05(s/step)

-- Write: DoF -- 
write: "/media/derick/DeoResearch/experiments/rocksalt3_ZrN_casm/mc_coarse_new_scel/cooling/mu_-0.6750_-0.6750_T_2000_20/conditions.95/final_state.json"

-- Write: Output files -- 
write: "/media/derick/DeoResearch/experiments/rocksalt3_ZrN_casm/mc_coarse_new_scel/cooling/mu_-0.6750_-0.6750_T_2000_20/results.json"
write: "/media/derick/DeoResearch/experiments/rocksalt3_ZrN_casm/mc_coarse_new_scel/cooling/mu_-0.6750_-0.6750_T_2000_20/conditions.95/conditions.json"


-- Set: Conditions -- 
T: 80
param_chem_pot: [ -0.675000000000 ]


-- Continue with existing DoF -- 

-- Write: DoF -- 
write: "/media/derick/DeoResearch/experiments/rocksalt3_ZrN_casm/mc_coarse_new_scel/cooling/mu_-0.6750_-0.6750_T_2000_20/conditions.96/initial_state.json"

-- Begin: Conditions 96 -- 

-- End: Conditions 96 -- 
run time: 16.229887 (s),  0.016229887 (s/pass),  1.2075809e-05(s/step)

-- Write: DoF -- 
write: "/media/derick/DeoResearch/experiments/rocksalt3_ZrN_casm/mc_coarse_new_scel/cooling/mu_-0.6750_-0.6750_T_2000_20/conditions.96/final_state.json"

-- Write: Output files -- 
write: "/media/derick/DeoResearch/experiments/rocksalt3_ZrN_casm/mc_coarse_new_scel/cooling/mu_-0.6750_-0.6750_T_2000_20/results.json"
write: "/media/derick/DeoResearch/experiments/rocksalt3_ZrN_casm/mc_coarse_new_scel/cooling/mu_-0.6750_-0.6750_T_2000_20/conditions.96/conditions.json"


-- Set: Conditions -- 
T: 60
param_chem_pot: [ -0.675000000000 ]


-- Continue with existing DoF -- 

-- Write: DoF -- 
write: "/media/derick/DeoResearch/experiments/rocksalt3_ZrN_casm/mc_coarse_new_scel/cooling/mu_-0.6750_-0.6750_T_2000_20/conditions.97/initial_state.json"

-- Begin: Conditions 97 -- 

-- End: Conditions 97 -- 
run time: 16.25688 (s),  0.01625688 (s/pass),  1.2095893e-05(s/step)

-- Write: DoF -- 
write: "/media/derick/DeoResearch/experiments/rocksalt3_ZrN_casm/mc_coarse_new_scel/cooling/mu_-0.6750_-0.6750_T_2000_20/conditions.97/final_state.json"

-- Write: Output files -- 
write: "/media/derick/DeoResearch/experiments/rocksalt3_ZrN_casm/mc_coarse_new_scel/cooling/mu_-0.6750_-0.6750_T_2000_20/results.json"
write: "/media/derick/DeoResearch/experiments/rocksalt3_ZrN_casm/mc_coarse_new_scel/cooling/mu_-0.6750_-0.6750_T_2000_20/conditions.97/conditions.json"


-- Set: Conditions -- 
T: 40
param_chem_pot: [ -0.675000000000 ]


-- Continue with existing DoF -- 

-- Write: DoF -- 
write: "/media/derick/DeoResearch/experiments/rocksalt3_ZrN_casm/mc_coarse_new_scel/cooling/mu_-0.6750_-0.6750_T_2000_20/conditions.98/initial_state.json"

-- Begin: Conditions 98 -- 

-- End: Conditions 98 -- 
run time: 16.213546 (s),  0.016213546 (s/pass),  1.2063651e-05(s/step)

-- Write: DoF -- 
write: "/media/derick/DeoResearch/experiments/rocksalt3_ZrN_casm/mc_coarse_new_scel/cooling/mu_-0.6750_-0.6750_T_2000_20/conditions.98/final_state.json"

-- Write: Output files -- 
write: "/media/derick/DeoResearch/experiments/rocksalt3_ZrN_casm/mc_coarse_new_scel/cooling/mu_-0.6750_-0.6750_T_2000_20/results.json"
write: "/media/derick/DeoResearch/experiments/rocksalt3_ZrN_casm/mc_coarse_new_scel/cooling/mu_-0.6750_-0.6750_T_2000_20/conditions.98/conditions.json"


-- Set: Conditions -- 
T: 20
param_chem_pot: [ -0.675000000000 ]


-- Continue with existing DoF -- 

-- Write: DoF -- 
write: "/media/derick/DeoResearch/experiments/rocksalt3_ZrN_casm/mc_coarse_new_scel/cooling/mu_-0.6750_-0.6750_T_2000_20/conditions.99/initial_state.json"

-- Begin: Conditions 99 -- 

-- End: Conditions 99 -- 
run time: 16.261162 (s),  0.016261162 (s/pass),  1.2099079e-05(s/step)

-- Write: DoF -- 
write: "/media/derick/DeoResearch/experiments/rocksalt3_ZrN_casm/mc_coarse_new_scel/cooling/mu_-0.6750_-0.6750_T_2000_20/conditions.99/final_state.json"

-- Write: Output files -- 
write: "/media/derick/DeoResearch/experiments/rocksalt3_ZrN_casm/mc_coarse_new_scel/cooling/mu_-0.6750_-0.6750_T_2000_20/results.json"
write: "/media/derick/DeoResearch/experiments/rocksalt3_ZrN_casm/mc_coarse_new_scel/cooling/mu_-0.6750_-0.6750_T_2000_20/conditions.99/conditions.json"


