-- Read: Monte Carlo settings -- 
from: "/media/derick/DeoResearch/experiments/rocksalt3_ZrN_casm/mc_coarse_new_scel/cooling/mu_0.9750_0.9750_T_2000_20/mc_settings.json"
ensemble: GrandCanonical
method: Metropolis

-- Compiling: /media/derick/DeoResearch/experiments/rocksalt3_ZrN_casm/basis_sets/bset.default/rocksalt_ZrN_casm_1_1_2_Clexulator.cc -- 
compile time depends on how many basis functions are included
compile time: 0.000594024 (s)

-- Construct: Grand Canonical Monte Carlo -- 
project: "/media/derick/DeoResearch/experiments/rocksalt3_ZrN_casm"
formation_energy cluster expansion: formation_energy
      property: formation_energy
      calctype: default
           ref: default
          bset: default
           eci: default
supercell: 
 -4   4 -20
 -4   0  24
  6   4   4
use_deltas: false

Sampling: 
                quantity     requested_precision
            atom_frac(N)                    none
           atom_frac(Zr)                    none
                 comp(a)                   0.001
               comp_n(N)                    none
              comp_n(Va)                    none
              comp_n(Zr)                    none
        formation_energy                    none
        potential_energy                    none
            site_frac(N)                    none
           site_frac(Va)                    none
           site_frac(Zr)                    none

automatic convergence mode?: true

-- Check: For existing calculations -- 
did not find existing calculations

-- Set: Conditions -- 
T: 2000
param_chem_pot: [ 0.975000000000 ]

-- Set: DoF -- 
motif configname: default
using configuration with default occupation...

-- Set: DoF -- 
motif configname: auto
searching for minimum potential energy motif...
using conditions: 
T: 2000
param_chem_pot: [ 0.975000000000 ]

using: SCEL1_1_1_1_0_0_0/0 with potential energy: -0.97457551

-- Set: Conditions -- 
T: 2000
param_chem_pot: [ 0.975000000000 ]


-- Continue with existing DoF -- 

-- Write: DoF -- 
write: "/media/derick/DeoResearch/experiments/rocksalt3_ZrN_casm/mc_coarse_new_scel/cooling/mu_0.9750_0.9750_T_2000_20/conditions.0/initial_state.json"

-- Begin: Conditions 0 -- 

-- End: Conditions 0 -- 
run time: 16.268279 (s),  0.016268279 (s/pass),  1.2104374e-05(s/step)

-- Write: DoF -- 
write: "/media/derick/DeoResearch/experiments/rocksalt3_ZrN_casm/mc_coarse_new_scel/cooling/mu_0.9750_0.9750_T_2000_20/conditions.0/final_state.json"

-- Write: Output files -- 
write: "/media/derick/DeoResearch/experiments/rocksalt3_ZrN_casm/mc_coarse_new_scel/cooling/mu_0.9750_0.9750_T_2000_20/results.json"
write: "/media/derick/DeoResearch/experiments/rocksalt3_ZrN_casm/mc_coarse_new_scel/cooling/mu_0.9750_0.9750_T_2000_20/conditions.0/conditions.json"


-- Set: Conditions -- 
T: 1980
param_chem_pot: [ 0.975000000000 ]


-- Continue with existing DoF -- 

-- Write: DoF -- 
write: "/media/derick/DeoResearch/experiments/rocksalt3_ZrN_casm/mc_coarse_new_scel/cooling/mu_0.9750_0.9750_T_2000_20/conditions.1/initial_state.json"

-- Begin: Conditions 1 -- 

-- End: Conditions 1 -- 
run time: 16.508696 (s),  0.016508696 (s/pass),  1.2283256e-05(s/step)

-- Write: DoF -- 
write: "/media/derick/DeoResearch/experiments/rocksalt3_ZrN_casm/mc_coarse_new_scel/cooling/mu_0.9750_0.9750_T_2000_20/conditions.1/final_state.json"

-- Write: Output files -- 
write: "/media/derick/DeoResearch/experiments/rocksalt3_ZrN_casm/mc_coarse_new_scel/cooling/mu_0.9750_0.9750_T_2000_20/results.json"
write: "/media/derick/DeoResearch/experiments/rocksalt3_ZrN_casm/mc_coarse_new_scel/cooling/mu_0.9750_0.9750_T_2000_20/conditions.1/conditions.json"


-- Set: Conditions -- 
T: 1960
param_chem_pot: [ 0.975000000000 ]


-- Continue with existing DoF -- 

-- Write: DoF -- 
write: "/media/derick/DeoResearch/experiments/rocksalt3_ZrN_casm/mc_coarse_new_scel/cooling/mu_0.9750_0.9750_T_2000_20/conditions.2/initial_state.json"

-- Begin: Conditions 2 -- 

-- End: Conditions 2 -- 
run time: 16.383846 (s),  0.016383846 (s/pass),  1.2190362e-05(s/step)

-- Write: DoF -- 
write: "/media/derick/DeoResearch/experiments/rocksalt3_ZrN_casm/mc_coarse_new_scel/cooling/mu_0.9750_0.9750_T_2000_20/conditions.2/final_state.json"

-- Write: Output files -- 
write: "/media/derick/DeoResearch/experiments/rocksalt3_ZrN_casm/mc_coarse_new_scel/cooling/mu_0.9750_0.9750_T_2000_20/results.json"
write: "/media/derick/DeoResearch/experiments/rocksalt3_ZrN_casm/mc_coarse_new_scel/cooling/mu_0.9750_0.9750_T_2000_20/conditions.2/conditions.json"


-- Set: Conditions -- 
T: 1940
param_chem_pot: [ 0.975000000000 ]


-- Continue with existing DoF -- 

-- Write: DoF -- 
write: "/media/derick/DeoResearch/experiments/rocksalt3_ZrN_casm/mc_coarse_new_scel/cooling/mu_0.9750_0.9750_T_2000_20/conditions.3/initial_state.json"

-- Begin: Conditions 3 -- 

-- End: Conditions 3 -- 
run time: 16.874485 (s),  0.016874485 (s/pass),  1.2555421e-05(s/step)

-- Write: DoF -- 
write: "/media/derick/DeoResearch/experiments/rocksalt3_ZrN_casm/mc_coarse_new_scel/cooling/mu_0.9750_0.9750_T_2000_20/conditions.3/final_state.json"

-- Write: Output files -- 
write: "/media/derick/DeoResearch/experiments/rocksalt3_ZrN_casm/mc_coarse_new_scel/cooling/mu_0.9750_0.9750_T_2000_20/results.json"
write: "/media/derick/DeoResearch/experiments/rocksalt3_ZrN_casm/mc_coarse_new_scel/cooling/mu_0.9750_0.9750_T_2000_20/conditions.3/conditions.json"


-- Set: Conditions -- 
T: 1920
param_chem_pot: [ 0.975000000000 ]


-- Continue with existing DoF -- 

-- Write: DoF -- 
write: "/media/derick/DeoResearch/experiments/rocksalt3_ZrN_casm/mc_coarse_new_scel/cooling/mu_0.9750_0.9750_T_2000_20/conditions.4/initial_state.json"

-- Begin: Conditions 4 -- 

-- End: Conditions 4 -- 
run time: 16.472838 (s),  0.016472838 (s/pass),  1.2256576e-05(s/step)

-- Write: DoF -- 
write: "/media/derick/DeoResearch/experiments/rocksalt3_ZrN_casm/mc_coarse_new_scel/cooling/mu_0.9750_0.9750_T_2000_20/conditions.4/final_state.json"

-- Write: Output files -- 
write: "/media/derick/DeoResearch/experiments/rocksalt3_ZrN_casm/mc_coarse_new_scel/cooling/mu_0.9750_0.9750_T_2000_20/results.json"
write: "/media/derick/DeoResearch/experiments/rocksalt3_ZrN_casm/mc_coarse_new_scel/cooling/mu_0.9750_0.9750_T_2000_20/conditions.4/conditions.json"


-- Set: Conditions -- 
T: 1900
param_chem_pot: [ 0.975000000000 ]


-- Continue with existing DoF -- 

-- Write: DoF -- 
write: "/media/derick/DeoResearch/experiments/rocksalt3_ZrN_casm/mc_coarse_new_scel/cooling/mu_0.9750_0.9750_T_2000_20/conditions.5/initial_state.json"

-- Begin: Conditions 5 -- 

-- End: Conditions 5 -- 
run time: 16.413197 (s),  0.016413197 (s/pass),  1.22122e-05(s/step)

-- Write: DoF -- 
write: "/media/derick/DeoResearch/experiments/rocksalt3_ZrN_casm/mc_coarse_new_scel/cooling/mu_0.9750_0.9750_T_2000_20/conditions.5/final_state.json"

-- Write: Output files -- 
write: "/media/derick/DeoResearch/experiments/rocksalt3_ZrN_casm/mc_coarse_new_scel/cooling/mu_0.9750_0.9750_T_2000_20/results.json"
write: "/media/derick/DeoResearch/experiments/rocksalt3_ZrN_casm/mc_coarse_new_scel/cooling/mu_0.9750_0.9750_T_2000_20/conditions.5/conditions.json"


-- Set: Conditions -- 
T: 1880
param_chem_pot: [ 0.975000000000 ]


-- Continue with existing DoF -- 

-- Write: DoF -- 
write: "/media/derick/DeoResearch/experiments/rocksalt3_ZrN_casm/mc_coarse_new_scel/cooling/mu_0.9750_0.9750_T_2000_20/conditions.6/initial_state.json"

-- Begin: Conditions 6 -- 

-- End: Conditions 6 -- 
run time: 16.532296 (s),  0.016532296 (s/pass),  1.2300815e-05(s/step)

-- Write: DoF -- 
write: "/media/derick/DeoResearch/experiments/rocksalt3_ZrN_casm/mc_coarse_new_scel/cooling/mu_0.9750_0.9750_T_2000_20/conditions.6/final_state.json"

-- Write: Output files -- 
write: "/media/derick/DeoResearch/experiments/rocksalt3_ZrN_casm/mc_coarse_new_scel/cooling/mu_0.9750_0.9750_T_2000_20/results.json"
write: "/media/derick/DeoResearch/experiments/rocksalt3_ZrN_casm/mc_coarse_new_scel/cooling/mu_0.9750_0.9750_T_2000_20/conditions.6/conditions.json"


-- Set: Conditions -- 
T: 1860
param_chem_pot: [ 0.975000000000 ]


-- Continue with existing DoF -- 

-- Write: DoF -- 
write: "/media/derick/DeoResearch/experiments/rocksalt3_ZrN_casm/mc_coarse_new_scel/cooling/mu_0.9750_0.9750_T_2000_20/conditions.7/initial_state.json"

-- Begin: Conditions 7 -- 

-- End: Conditions 7 -- 
run time: 16.456303 (s),  0.016456303 (s/pass),  1.2244273e-05(s/step)

-- Write: DoF -- 
write: "/media/derick/DeoResearch/experiments/rocksalt3_ZrN_casm/mc_coarse_new_scel/cooling/mu_0.9750_0.9750_T_2000_20/conditions.7/final_state.json"

-- Write: Output files -- 
write: "/media/derick/DeoResearch/experiments/rocksalt3_ZrN_casm/mc_coarse_new_scel/cooling/mu_0.9750_0.9750_T_2000_20/results.json"
write: "/media/derick/DeoResearch/experiments/rocksalt3_ZrN_casm/mc_coarse_new_scel/cooling/mu_0.9750_0.9750_T_2000_20/conditions.7/conditions.json"


-- Set: Conditions -- 
T: 1840
param_chem_pot: [ 0.975000000000 ]


-- Continue with existing DoF -- 

-- Write: DoF -- 
write: "/media/derick/DeoResearch/experiments/rocksalt3_ZrN_casm/mc_coarse_new_scel/cooling/mu_0.9750_0.9750_T_2000_20/conditions.8/initial_state.json"

-- Begin: Conditions 8 -- 

-- End: Conditions 8 -- 
run time: 16.512907 (s),  0.016512907 (s/pass),  1.2286389e-05(s/step)

-- Write: DoF -- 
write: "/media/derick/DeoResearch/experiments/rocksalt3_ZrN_casm/mc_coarse_new_scel/cooling/mu_0.9750_0.9750_T_2000_20/conditions.8/final_state.json"

-- Write: Output files -- 
write: "/media/derick/DeoResearch/experiments/rocksalt3_ZrN_casm/mc_coarse_new_scel/cooling/mu_0.9750_0.9750_T_2000_20/results.json"
write: "/media/derick/DeoResearch/experiments/rocksalt3_ZrN_casm/mc_coarse_new_scel/cooling/mu_0.9750_0.9750_T_2000_20/conditions.8/conditions.json"


-- Set: Conditions -- 
T: 1820
param_chem_pot: [ 0.975000000000 ]


-- Continue with existing DoF -- 

-- Write: DoF -- 
write: "/media/derick/DeoResearch/experiments/rocksalt3_ZrN_casm/mc_coarse_new_scel/cooling/mu_0.9750_0.9750_T_2000_20/conditions.9/initial_state.json"

-- Begin: Conditions 9 -- 

-- End: Conditions 9 -- 
run time: 16.493008 (s),  0.016493008 (s/pass),  1.2271583e-05(s/step)

-- Write: DoF -- 
write: "/media/derick/DeoResearch/experiments/rocksalt3_ZrN_casm/mc_coarse_new_scel/cooling/mu_0.9750_0.9750_T_2000_20/conditions.9/final_state.json"

-- Write: Output files -- 
write: "/media/derick/DeoResearch/experiments/rocksalt3_ZrN_casm/mc_coarse_new_scel/cooling/mu_0.9750_0.9750_T_2000_20/results.json"
write: "/media/derick/DeoResearch/experiments/rocksalt3_ZrN_casm/mc_coarse_new_scel/cooling/mu_0.9750_0.9750_T_2000_20/conditions.9/conditions.json"


-- Set: Conditions -- 
T: 1800
param_chem_pot: [ 0.975000000000 ]


-- Continue with existing DoF -- 

-- Write: DoF -- 
write: "/media/derick/DeoResearch/experiments/rocksalt3_ZrN_casm/mc_coarse_new_scel/cooling/mu_0.9750_0.9750_T_2000_20/conditions.10/initial_state.json"

-- Begin: Conditions 10 -- 

-- End: Conditions 10 -- 
run time: 16.810948 (s),  0.016810948 (s/pass),  1.2508146e-05(s/step)

-- Write: DoF -- 
write: "/media/derick/DeoResearch/experiments/rocksalt3_ZrN_casm/mc_coarse_new_scel/cooling/mu_0.9750_0.9750_T_2000_20/conditions.10/final_state.json"

-- Write: Output files -- 
write: "/media/derick/DeoResearch/experiments/rocksalt3_ZrN_casm/mc_coarse_new_scel/cooling/mu_0.9750_0.9750_T_2000_20/results.json"
write: "/media/derick/DeoResearch/experiments/rocksalt3_ZrN_casm/mc_coarse_new_scel/cooling/mu_0.9750_0.9750_T_2000_20/conditions.10/conditions.json"


-- Set: Conditions -- 
T: 1780
param_chem_pot: [ 0.975000000000 ]


-- Continue with existing DoF -- 

-- Write: DoF -- 
write: "/media/derick/DeoResearch/experiments/rocksalt3_ZrN_casm/mc_coarse_new_scel/cooling/mu_0.9750_0.9750_T_2000_20/conditions.11/initial_state.json"

-- Begin: Conditions 11 -- 

-- End: Conditions 11 -- 
run time: 16.501277 (s),  0.016501277 (s/pass),  1.2277736e-05(s/step)

-- Write: DoF -- 
write: "/media/derick/DeoResearch/experiments/rocksalt3_ZrN_casm/mc_coarse_new_scel/cooling/mu_0.9750_0.9750_T_2000_20/conditions.11/final_state.json"

-- Write: Output files -- 
write: "/media/derick/DeoResearch/experiments/rocksalt3_ZrN_casm/mc_coarse_new_scel/cooling/mu_0.9750_0.9750_T_2000_20/results.json"
write: "/media/derick/DeoResearch/experiments/rocksalt3_ZrN_casm/mc_coarse_new_scel/cooling/mu_0.9750_0.9750_T_2000_20/conditions.11/conditions.json"


-- Set: Conditions -- 
T: 1760
param_chem_pot: [ 0.975000000000 ]


-- Continue with existing DoF -- 

-- Write: DoF -- 
write: "/media/derick/DeoResearch/experiments/rocksalt3_ZrN_casm/mc_coarse_new_scel/cooling/mu_0.9750_0.9750_T_2000_20/conditions.12/initial_state.json"

-- Begin: Conditions 12 -- 

-- End: Conditions 12 -- 
run time: 16.41414 (s),  0.01641414 (s/pass),  1.2212901e-05(s/step)

-- Write: DoF -- 
write: "/media/derick/DeoResearch/experiments/rocksalt3_ZrN_casm/mc_coarse_new_scel/cooling/mu_0.9750_0.9750_T_2000_20/conditions.12/final_state.json"

-- Write: Output files -- 
write: "/media/derick/DeoResearch/experiments/rocksalt3_ZrN_casm/mc_coarse_new_scel/cooling/mu_0.9750_0.9750_T_2000_20/results.json"
write: "/media/derick/DeoResearch/experiments/rocksalt3_ZrN_casm/mc_coarse_new_scel/cooling/mu_0.9750_0.9750_T_2000_20/conditions.12/conditions.json"


-- Set: Conditions -- 
T: 1740
param_chem_pot: [ 0.975000000000 ]


-- Continue with existing DoF -- 

-- Write: DoF -- 
write: "/media/derick/DeoResearch/experiments/rocksalt3_ZrN_casm/mc_coarse_new_scel/cooling/mu_0.9750_0.9750_T_2000_20/conditions.13/initial_state.json"

-- Begin: Conditions 13 -- 

-- End: Conditions 13 -- 
run time: 16.497586 (s),  0.016497586 (s/pass),  1.227499e-05(s/step)

-- Write: DoF -- 
write: "/media/derick/DeoResearch/experiments/rocksalt3_ZrN_casm/mc_coarse_new_scel/cooling/mu_0.9750_0.9750_T_2000_20/conditions.13/final_state.json"

-- Write: Output files -- 
write: "/media/derick/DeoResearch/experiments/rocksalt3_ZrN_casm/mc_coarse_new_scel/cooling/mu_0.9750_0.9750_T_2000_20/results.json"
write: "/media/derick/DeoResearch/experiments/rocksalt3_ZrN_casm/mc_coarse_new_scel/cooling/mu_0.9750_0.9750_T_2000_20/conditions.13/conditions.json"


-- Set: Conditions -- 
T: 1720
param_chem_pot: [ 0.975000000000 ]


-- Continue with existing DoF -- 

-- Write: DoF -- 
write: "/media/derick/DeoResearch/experiments/rocksalt3_ZrN_casm/mc_coarse_new_scel/cooling/mu_0.9750_0.9750_T_2000_20/conditions.14/initial_state.json"

-- Begin: Conditions 14 -- 

-- End: Conditions 14 -- 
run time: 16.483798 (s),  0.016483798 (s/pass),  1.2264731e-05(s/step)

-- Write: DoF -- 
write: "/media/derick/DeoResearch/experiments/rocksalt3_ZrN_casm/mc_coarse_new_scel/cooling/mu_0.9750_0.9750_T_2000_20/conditions.14/final_state.json"

-- Write: Output files -- 
write: "/media/derick/DeoResearch/experiments/rocksalt3_ZrN_casm/mc_coarse_new_scel/cooling/mu_0.9750_0.9750_T_2000_20/results.json"
write: "/media/derick/DeoResearch/experiments/rocksalt3_ZrN_casm/mc_coarse_new_scel/cooling/mu_0.9750_0.9750_T_2000_20/conditions.14/conditions.json"


-- Set: Conditions -- 
T: 1700
param_chem_pot: [ 0.975000000000 ]


-- Continue with existing DoF -- 

-- Write: DoF -- 
write: "/media/derick/DeoResearch/experiments/rocksalt3_ZrN_casm/mc_coarse_new_scel/cooling/mu_0.9750_0.9750_T_2000_20/conditions.15/initial_state.json"

-- Begin: Conditions 15 -- 

-- End: Conditions 15 -- 
run time: 16.440339 (s),  0.016440339 (s/pass),  1.2232395e-05(s/step)

-- Write: DoF -- 
write: "/media/derick/DeoResearch/experiments/rocksalt3_ZrN_casm/mc_coarse_new_scel/cooling/mu_0.9750_0.9750_T_2000_20/conditions.15/final_state.json"

-- Write: Output files -- 
write: "/media/derick/DeoResearch/experiments/rocksalt3_ZrN_casm/mc_coarse_new_scel/cooling/mu_0.9750_0.9750_T_2000_20/results.json"
write: "/media/derick/DeoResearch/experiments/rocksalt3_ZrN_casm/mc_coarse_new_scel/cooling/mu_0.9750_0.9750_T_2000_20/conditions.15/conditions.json"


-- Set: Conditions -- 
T: 1680
param_chem_pot: [ 0.975000000000 ]


-- Continue with existing DoF -- 

-- Write: DoF -- 
write: "/media/derick/DeoResearch/experiments/rocksalt3_ZrN_casm/mc_coarse_new_scel/cooling/mu_0.9750_0.9750_T_2000_20/conditions.16/initial_state.json"

-- Begin: Conditions 16 -- 

-- End: Conditions 16 -- 
run time: 16.381241 (s),  0.016381241 (s/pass),  1.2188424e-05(s/step)

-- Write: DoF -- 
write: "/media/derick/DeoResearch/experiments/rocksalt3_ZrN_casm/mc_coarse_new_scel/cooling/mu_0.9750_0.9750_T_2000_20/conditions.16/final_state.json"

-- Write: Output files -- 
write: "/media/derick/DeoResearch/experiments/rocksalt3_ZrN_casm/mc_coarse_new_scel/cooling/mu_0.9750_0.9750_T_2000_20/results.json"
write: "/media/derick/DeoResearch/experiments/rocksalt3_ZrN_casm/mc_coarse_new_scel/cooling/mu_0.9750_0.9750_T_2000_20/conditions.16/conditions.json"


-- Set: Conditions -- 
T: 1660
param_chem_pot: [ 0.975000000000 ]


-- Continue with existing DoF -- 

-- Write: DoF -- 
write: "/media/derick/DeoResearch/experiments/rocksalt3_ZrN_casm/mc_coarse_new_scel/cooling/mu_0.9750_0.9750_T_2000_20/conditions.17/initial_state.json"

-- Begin: Conditions 17 -- 

-- End: Conditions 17 -- 
run time: 16.551026 (s),  0.016551026 (s/pass),  1.2314751e-05(s/step)

-- Write: DoF -- 
write: "/media/derick/DeoResearch/experiments/rocksalt3_ZrN_casm/mc_coarse_new_scel/cooling/mu_0.9750_0.9750_T_2000_20/conditions.17/final_state.json"

-- Write: Output files -- 
write: "/media/derick/DeoResearch/experiments/rocksalt3_ZrN_casm/mc_coarse_new_scel/cooling/mu_0.9750_0.9750_T_2000_20/results.json"
write: "/media/derick/DeoResearch/experiments/rocksalt3_ZrN_casm/mc_coarse_new_scel/cooling/mu_0.9750_0.9750_T_2000_20/conditions.17/conditions.json"


-- Set: Conditions -- 
T: 1640
param_chem_pot: [ 0.975000000000 ]


-- Continue with existing DoF -- 

-- Write: DoF -- 
write: "/media/derick/DeoResearch/experiments/rocksalt3_ZrN_casm/mc_coarse_new_scel/cooling/mu_0.9750_0.9750_T_2000_20/conditions.18/initial_state.json"

-- Begin: Conditions 18 -- 

-- End: Conditions 18 -- 
run time: 16.33333 (s),  0.01633333 (s/pass),  1.2152775e-05(s/step)

-- Write: DoF -- 
write: "/media/derick/DeoResearch/experiments/rocksalt3_ZrN_casm/mc_coarse_new_scel/cooling/mu_0.9750_0.9750_T_2000_20/conditions.18/final_state.json"

-- Write: Output files -- 
write: "/media/derick/DeoResearch/experiments/rocksalt3_ZrN_casm/mc_coarse_new_scel/cooling/mu_0.9750_0.9750_T_2000_20/results.json"
write: "/media/derick/DeoResearch/experiments/rocksalt3_ZrN_casm/mc_coarse_new_scel/cooling/mu_0.9750_0.9750_T_2000_20/conditions.18/conditions.json"


-- Set: Conditions -- 
T: 1620
param_chem_pot: [ 0.975000000000 ]


-- Continue with existing DoF -- 

-- Write: DoF -- 
write: "/media/derick/DeoResearch/experiments/rocksalt3_ZrN_casm/mc_coarse_new_scel/cooling/mu_0.9750_0.9750_T_2000_20/conditions.19/initial_state.json"

-- Begin: Conditions 19 -- 

-- End: Conditions 19 -- 
run time: 16.318009 (s),  0.016318009 (s/pass),  1.2141376e-05(s/step)

-- Write: DoF -- 
write: "/media/derick/DeoResearch/experiments/rocksalt3_ZrN_casm/mc_coarse_new_scel/cooling/mu_0.9750_0.9750_T_2000_20/conditions.19/final_state.json"

-- Write: Output files -- 
write: "/media/derick/DeoResearch/experiments/rocksalt3_ZrN_casm/mc_coarse_new_scel/cooling/mu_0.9750_0.9750_T_2000_20/results.json"
write: "/media/derick/DeoResearch/experiments/rocksalt3_ZrN_casm/mc_coarse_new_scel/cooling/mu_0.9750_0.9750_T_2000_20/conditions.19/conditions.json"


-- Set: Conditions -- 
T: 1600
param_chem_pot: [ 0.975000000000 ]


-- Continue with existing DoF -- 

-- Write: DoF -- 
write: "/media/derick/DeoResearch/experiments/rocksalt3_ZrN_casm/mc_coarse_new_scel/cooling/mu_0.9750_0.9750_T_2000_20/conditions.20/initial_state.json"

-- Begin: Conditions 20 -- 

-- End: Conditions 20 -- 
run time: 16.381626 (s),  0.016381626 (s/pass),  1.218871e-05(s/step)

-- Write: DoF -- 
write: "/media/derick/DeoResearch/experiments/rocksalt3_ZrN_casm/mc_coarse_new_scel/cooling/mu_0.9750_0.9750_T_2000_20/conditions.20/final_state.json"

-- Write: Output files -- 
write: "/media/derick/DeoResearch/experiments/rocksalt3_ZrN_casm/mc_coarse_new_scel/cooling/mu_0.9750_0.9750_T_2000_20/results.json"
write: "/media/derick/DeoResearch/experiments/rocksalt3_ZrN_casm/mc_coarse_new_scel/cooling/mu_0.9750_0.9750_T_2000_20/conditions.20/conditions.json"


-- Set: Conditions -- 
T: 1580
param_chem_pot: [ 0.975000000000 ]


-- Continue with existing DoF -- 

-- Write: DoF -- 
write: "/media/derick/DeoResearch/experiments/rocksalt3_ZrN_casm/mc_coarse_new_scel/cooling/mu_0.9750_0.9750_T_2000_20/conditions.21/initial_state.json"

-- Begin: Conditions 21 -- 

-- End: Conditions 21 -- 
run time: 16.472777 (s),  0.016472777 (s/pass),  1.2256531e-05(s/step)

-- Write: DoF -- 
write: "/media/derick/DeoResearch/experiments/rocksalt3_ZrN_casm/mc_coarse_new_scel/cooling/mu_0.9750_0.9750_T_2000_20/conditions.21/final_state.json"

-- Write: Output files -- 
write: "/media/derick/DeoResearch/experiments/rocksalt3_ZrN_casm/mc_coarse_new_scel/cooling/mu_0.9750_0.9750_T_2000_20/results.json"
write: "/media/derick/DeoResearch/experiments/rocksalt3_ZrN_casm/mc_coarse_new_scel/cooling/mu_0.9750_0.9750_T_2000_20/conditions.21/conditions.json"


-- Set: Conditions -- 
T: 1560
param_chem_pot: [ 0.975000000000 ]


-- Continue with existing DoF -- 

-- Write: DoF -- 
write: "/media/derick/DeoResearch/experiments/rocksalt3_ZrN_casm/mc_coarse_new_scel/cooling/mu_0.9750_0.9750_T_2000_20/conditions.22/initial_state.json"

-- Begin: Conditions 22 -- 

-- End: Conditions 22 -- 
run time: 16.249592 (s),  0.016249592 (s/pass),  1.209047e-05(s/step)

-- Write: DoF -- 
write: "/media/derick/DeoResearch/experiments/rocksalt3_ZrN_casm/mc_coarse_new_scel/cooling/mu_0.9750_0.9750_T_2000_20/conditions.22/final_state.json"

-- Write: Output files -- 
write: "/media/derick/DeoResearch/experiments/rocksalt3_ZrN_casm/mc_coarse_new_scel/cooling/mu_0.9750_0.9750_T_2000_20/results.json"
write: "/media/derick/DeoResearch/experiments/rocksalt3_ZrN_casm/mc_coarse_new_scel/cooling/mu_0.9750_0.9750_T_2000_20/conditions.22/conditions.json"


-- Set: Conditions -- 
T: 1540
param_chem_pot: [ 0.975000000000 ]


-- Continue with existing DoF -- 

-- Write: DoF -- 
write: "/media/derick/DeoResearch/experiments/rocksalt3_ZrN_casm/mc_coarse_new_scel/cooling/mu_0.9750_0.9750_T_2000_20/conditions.23/initial_state.json"

-- Begin: Conditions 23 -- 

-- End: Conditions 23 -- 
run time: 16.58982 (s),  0.01658982 (s/pass),  1.2343616e-05(s/step)

-- Write: DoF -- 
write: "/media/derick/DeoResearch/experiments/rocksalt3_ZrN_casm/mc_coarse_new_scel/cooling/mu_0.9750_0.9750_T_2000_20/conditions.23/final_state.json"

-- Write: Output files -- 
write: "/media/derick/DeoResearch/experiments/rocksalt3_ZrN_casm/mc_coarse_new_scel/cooling/mu_0.9750_0.9750_T_2000_20/results.json"
write: "/media/derick/DeoResearch/experiments/rocksalt3_ZrN_casm/mc_coarse_new_scel/cooling/mu_0.9750_0.9750_T_2000_20/conditions.23/conditions.json"


-- Set: Conditions -- 
T: 1520
param_chem_pot: [ 0.975000000000 ]


-- Continue with existing DoF -- 

-- Write: DoF -- 
write: "/media/derick/DeoResearch/experiments/rocksalt3_ZrN_casm/mc_coarse_new_scel/cooling/mu_0.9750_0.9750_T_2000_20/conditions.24/initial_state.json"

-- Begin: Conditions 24 -- 

-- End: Conditions 24 -- 
run time: 16.3362 (s),  0.0163362 (s/pass),  1.2154911e-05(s/step)

-- Write: DoF -- 
write: "/media/derick/DeoResearch/experiments/rocksalt3_ZrN_casm/mc_coarse_new_scel/cooling/mu_0.9750_0.9750_T_2000_20/conditions.24/final_state.json"

-- Write: Output files -- 
write: "/media/derick/DeoResearch/experiments/rocksalt3_ZrN_casm/mc_coarse_new_scel/cooling/mu_0.9750_0.9750_T_2000_20/results.json"
write: "/media/derick/DeoResearch/experiments/rocksalt3_ZrN_casm/mc_coarse_new_scel/cooling/mu_0.9750_0.9750_T_2000_20/conditions.24/conditions.json"


-- Set: Conditions -- 
T: 1500
param_chem_pot: [ 0.975000000000 ]


-- Continue with existing DoF -- 

-- Write: DoF -- 
write: "/media/derick/DeoResearch/experiments/rocksalt3_ZrN_casm/mc_coarse_new_scel/cooling/mu_0.9750_0.9750_T_2000_20/conditions.25/initial_state.json"

-- Begin: Conditions 25 -- 

-- End: Conditions 25 -- 
run time: 16.50536 (s),  0.01650536 (s/pass),  1.2280774e-05(s/step)

-- Write: DoF -- 
write: "/media/derick/DeoResearch/experiments/rocksalt3_ZrN_casm/mc_coarse_new_scel/cooling/mu_0.9750_0.9750_T_2000_20/conditions.25/final_state.json"

-- Write: Output files -- 
write: "/media/derick/DeoResearch/experiments/rocksalt3_ZrN_casm/mc_coarse_new_scel/cooling/mu_0.9750_0.9750_T_2000_20/results.json"
write: "/media/derick/DeoResearch/experiments/rocksalt3_ZrN_casm/mc_coarse_new_scel/cooling/mu_0.9750_0.9750_T_2000_20/conditions.25/conditions.json"


-- Set: Conditions -- 
T: 1480
param_chem_pot: [ 0.975000000000 ]


-- Continue with existing DoF -- 

-- Write: DoF -- 
write: "/media/derick/DeoResearch/experiments/rocksalt3_ZrN_casm/mc_coarse_new_scel/cooling/mu_0.9750_0.9750_T_2000_20/conditions.26/initial_state.json"

-- Begin: Conditions 26 -- 

-- End: Conditions 26 -- 
run time: 16.498091 (s),  0.016498091 (s/pass),  1.2275365e-05(s/step)

-- Write: DoF -- 
write: "/media/derick/DeoResearch/experiments/rocksalt3_ZrN_casm/mc_coarse_new_scel/cooling/mu_0.9750_0.9750_T_2000_20/conditions.26/final_state.json"

-- Write: Output files -- 
write: "/media/derick/DeoResearch/experiments/rocksalt3_ZrN_casm/mc_coarse_new_scel/cooling/mu_0.9750_0.9750_T_2000_20/results.json"
write: "/media/derick/DeoResearch/experiments/rocksalt3_ZrN_casm/mc_coarse_new_scel/cooling/mu_0.9750_0.9750_T_2000_20/conditions.26/conditions.json"


-- Set: Conditions -- 
T: 1460
param_chem_pot: [ 0.975000000000 ]


-- Continue with existing DoF -- 

-- Write: DoF -- 
write: "/media/derick/DeoResearch/experiments/rocksalt3_ZrN_casm/mc_coarse_new_scel/cooling/mu_0.9750_0.9750_T_2000_20/conditions.27/initial_state.json"

-- Begin: Conditions 27 -- 

-- End: Conditions 27 -- 
run time: 16.488499 (s),  0.016488499 (s/pass),  1.2268228e-05(s/step)

-- Write: DoF -- 
write: "/media/derick/DeoResearch/experiments/rocksalt3_ZrN_casm/mc_coarse_new_scel/cooling/mu_0.9750_0.9750_T_2000_20/conditions.27/final_state.json"

-- Write: Output files -- 
write: "/media/derick/DeoResearch/experiments/rocksalt3_ZrN_casm/mc_coarse_new_scel/cooling/mu_0.9750_0.9750_T_2000_20/results.json"
write: "/media/derick/DeoResearch/experiments/rocksalt3_ZrN_casm/mc_coarse_new_scel/cooling/mu_0.9750_0.9750_T_2000_20/conditions.27/conditions.json"


-- Set: Conditions -- 
T: 1440
param_chem_pot: [ 0.975000000000 ]


-- Continue with existing DoF -- 

-- Write: DoF -- 
write: "/media/derick/DeoResearch/experiments/rocksalt3_ZrN_casm/mc_coarse_new_scel/cooling/mu_0.9750_0.9750_T_2000_20/conditions.28/initial_state.json"

-- Begin: Conditions 28 -- 

-- End: Conditions 28 -- 
run time: 16.482655 (s),  0.016482655 (s/pass),  1.226388e-05(s/step)

-- Write: DoF -- 
write: "/media/derick/DeoResearch/experiments/rocksalt3_ZrN_casm/mc_coarse_new_scel/cooling/mu_0.9750_0.9750_T_2000_20/conditions.28/final_state.json"

-- Write: Output files -- 
write: "/media/derick/DeoResearch/experiments/rocksalt3_ZrN_casm/mc_coarse_new_scel/cooling/mu_0.9750_0.9750_T_2000_20/results.json"
write: "/media/derick/DeoResearch/experiments/rocksalt3_ZrN_casm/mc_coarse_new_scel/cooling/mu_0.9750_0.9750_T_2000_20/conditions.28/conditions.json"


-- Set: Conditions -- 
T: 1420
param_chem_pot: [ 0.975000000000 ]


-- Continue with existing DoF -- 

-- Write: DoF -- 
write: "/media/derick/DeoResearch/experiments/rocksalt3_ZrN_casm/mc_coarse_new_scel/cooling/mu_0.9750_0.9750_T_2000_20/conditions.29/initial_state.json"

-- Begin: Conditions 29 -- 

-- End: Conditions 29 -- 
run time: 16.544658 (s),  0.016544658 (s/pass),  1.2310014e-05(s/step)

-- Write: DoF -- 
write: "/media/derick/DeoResearch/experiments/rocksalt3_ZrN_casm/mc_coarse_new_scel/cooling/mu_0.9750_0.9750_T_2000_20/conditions.29/final_state.json"

-- Write: Output files -- 
write: "/media/derick/DeoResearch/experiments/rocksalt3_ZrN_casm/mc_coarse_new_scel/cooling/mu_0.9750_0.9750_T_2000_20/results.json"
write: "/media/derick/DeoResearch/experiments/rocksalt3_ZrN_casm/mc_coarse_new_scel/cooling/mu_0.9750_0.9750_T_2000_20/conditions.29/conditions.json"


-- Set: Conditions -- 
T: 1400
param_chem_pot: [ 0.975000000000 ]


-- Continue with existing DoF -- 

-- Write: DoF -- 
write: "/media/derick/DeoResearch/experiments/rocksalt3_ZrN_casm/mc_coarse_new_scel/cooling/mu_0.9750_0.9750_T_2000_20/conditions.30/initial_state.json"

-- Begin: Conditions 30 -- 

-- End: Conditions 30 -- 
run time: 16.3623 (s),  0.0163623 (s/pass),  1.217433e-05(s/step)

-- Write: DoF -- 
write: "/media/derick/DeoResearch/experiments/rocksalt3_ZrN_casm/mc_coarse_new_scel/cooling/mu_0.9750_0.9750_T_2000_20/conditions.30/final_state.json"

-- Write: Output files -- 
write: "/media/derick/DeoResearch/experiments/rocksalt3_ZrN_casm/mc_coarse_new_scel/cooling/mu_0.9750_0.9750_T_2000_20/results.json"
write: "/media/derick/DeoResearch/experiments/rocksalt3_ZrN_casm/mc_coarse_new_scel/cooling/mu_0.9750_0.9750_T_2000_20/conditions.30/conditions.json"


-- Set: Conditions -- 
T: 1380
param_chem_pot: [ 0.975000000000 ]


-- Continue with existing DoF -- 

-- Write: DoF -- 
write: "/media/derick/DeoResearch/experiments/rocksalt3_ZrN_casm/mc_coarse_new_scel/cooling/mu_0.9750_0.9750_T_2000_20/conditions.31/initial_state.json"

-- Begin: Conditions 31 -- 

-- End: Conditions 31 -- 
run time: 16.718501 (s),  0.016718501 (s/pass),  1.2439361e-05(s/step)

-- Write: DoF -- 
write: "/media/derick/DeoResearch/experiments/rocksalt3_ZrN_casm/mc_coarse_new_scel/cooling/mu_0.9750_0.9750_T_2000_20/conditions.31/final_state.json"

-- Write: Output files -- 
write: "/media/derick/DeoResearch/experiments/rocksalt3_ZrN_casm/mc_coarse_new_scel/cooling/mu_0.9750_0.9750_T_2000_20/results.json"
write: "/media/derick/DeoResearch/experiments/rocksalt3_ZrN_casm/mc_coarse_new_scel/cooling/mu_0.9750_0.9750_T_2000_20/conditions.31/conditions.json"


-- Set: Conditions -- 
T: 1360
param_chem_pot: [ 0.975000000000 ]


-- Continue with existing DoF -- 

-- Write: DoF -- 
write: "/media/derick/DeoResearch/experiments/rocksalt3_ZrN_casm/mc_coarse_new_scel/cooling/mu_0.9750_0.9750_T_2000_20/conditions.32/initial_state.json"

-- Begin: Conditions 32 -- 

-- End: Conditions 32 -- 
run time: 16.424411 (s),  0.016424411 (s/pass),  1.2220544e-05(s/step)

-- Write: DoF -- 
write: "/media/derick/DeoResearch/experiments/rocksalt3_ZrN_casm/mc_coarse_new_scel/cooling/mu_0.9750_0.9750_T_2000_20/conditions.32/final_state.json"

-- Write: Output files -- 
write: "/media/derick/DeoResearch/experiments/rocksalt3_ZrN_casm/mc_coarse_new_scel/cooling/mu_0.9750_0.9750_T_2000_20/results.json"
write: "/media/derick/DeoResearch/experiments/rocksalt3_ZrN_casm/mc_coarse_new_scel/cooling/mu_0.9750_0.9750_T_2000_20/conditions.32/conditions.json"


-- Set: Conditions -- 
T: 1340
param_chem_pot: [ 0.975000000000 ]


-- Continue with existing DoF -- 

-- Write: DoF -- 
write: "/media/derick/DeoResearch/experiments/rocksalt3_ZrN_casm/mc_coarse_new_scel/cooling/mu_0.9750_0.9750_T_2000_20/conditions.33/initial_state.json"

-- Begin: Conditions 33 -- 

-- End: Conditions 33 -- 
run time: 16.508447 (s),  0.016508447 (s/pass),  1.228307e-05(s/step)

-- Write: DoF -- 
write: "/media/derick/DeoResearch/experiments/rocksalt3_ZrN_casm/mc_coarse_new_scel/cooling/mu_0.9750_0.9750_T_2000_20/conditions.33/final_state.json"

-- Write: Output files -- 
write: "/media/derick/DeoResearch/experiments/rocksalt3_ZrN_casm/mc_coarse_new_scel/cooling/mu_0.9750_0.9750_T_2000_20/results.json"
write: "/media/derick/DeoResearch/experiments/rocksalt3_ZrN_casm/mc_coarse_new_scel/cooling/mu_0.9750_0.9750_T_2000_20/conditions.33/conditions.json"


-- Set: Conditions -- 
T: 1320
param_chem_pot: [ 0.975000000000 ]


-- Continue with existing DoF -- 

-- Write: DoF -- 
write: "/media/derick/DeoResearch/experiments/rocksalt3_ZrN_casm/mc_coarse_new_scel/cooling/mu_0.9750_0.9750_T_2000_20/conditions.34/initial_state.json"

-- Begin: Conditions 34 -- 

-- End: Conditions 34 -- 
run time: 16.457224 (s),  0.016457224 (s/pass),  1.2244958e-05(s/step)

-- Write: DoF -- 
write: "/media/derick/DeoResearch/experiments/rocksalt3_ZrN_casm/mc_coarse_new_scel/cooling/mu_0.9750_0.9750_T_2000_20/conditions.34/final_state.json"

-- Write: Output files -- 
write: "/media/derick/DeoResearch/experiments/rocksalt3_ZrN_casm/mc_coarse_new_scel/cooling/mu_0.9750_0.9750_T_2000_20/results.json"
write: "/media/derick/DeoResearch/experiments/rocksalt3_ZrN_casm/mc_coarse_new_scel/cooling/mu_0.9750_0.9750_T_2000_20/conditions.34/conditions.json"


-- Set: Conditions -- 
T: 1300
param_chem_pot: [ 0.975000000000 ]


-- Continue with existing DoF -- 

-- Write: DoF -- 
write: "/media/derick/DeoResearch/experiments/rocksalt3_ZrN_casm/mc_coarse_new_scel/cooling/mu_0.9750_0.9750_T_2000_20/conditions.35/initial_state.json"

-- Begin: Conditions 35 -- 

-- End: Conditions 35 -- 
run time: 16.612212 (s),  0.016612212 (s/pass),  1.2360277e-05(s/step)

-- Write: DoF -- 
write: "/media/derick/DeoResearch/experiments/rocksalt3_ZrN_casm/mc_coarse_new_scel/cooling/mu_0.9750_0.9750_T_2000_20/conditions.35/final_state.json"

-- Write: Output files -- 
write: "/media/derick/DeoResearch/experiments/rocksalt3_ZrN_casm/mc_coarse_new_scel/cooling/mu_0.9750_0.9750_T_2000_20/results.json"
write: "/media/derick/DeoResearch/experiments/rocksalt3_ZrN_casm/mc_coarse_new_scel/cooling/mu_0.9750_0.9750_T_2000_20/conditions.35/conditions.json"


-- Set: Conditions -- 
T: 1280
param_chem_pot: [ 0.975000000000 ]


-- Continue with existing DoF -- 

-- Write: DoF -- 
write: "/media/derick/DeoResearch/experiments/rocksalt3_ZrN_casm/mc_coarse_new_scel/cooling/mu_0.9750_0.9750_T_2000_20/conditions.36/initial_state.json"

-- Begin: Conditions 36 -- 

-- End: Conditions 36 -- 
run time: 16.323959 (s),  0.016323959 (s/pass),  1.2145803e-05(s/step)

-- Write: DoF -- 
write: "/media/derick/DeoResearch/experiments/rocksalt3_ZrN_casm/mc_coarse_new_scel/cooling/mu_0.9750_0.9750_T_2000_20/conditions.36/final_state.json"

-- Write: Output files -- 
write: "/media/derick/DeoResearch/experiments/rocksalt3_ZrN_casm/mc_coarse_new_scel/cooling/mu_0.9750_0.9750_T_2000_20/results.json"
write: "/media/derick/DeoResearch/experiments/rocksalt3_ZrN_casm/mc_coarse_new_scel/cooling/mu_0.9750_0.9750_T_2000_20/conditions.36/conditions.json"


-- Set: Conditions -- 
T: 1260
param_chem_pot: [ 0.975000000000 ]


-- Continue with existing DoF -- 

-- Write: DoF -- 
write: "/media/derick/DeoResearch/experiments/rocksalt3_ZrN_casm/mc_coarse_new_scel/cooling/mu_0.9750_0.9750_T_2000_20/conditions.37/initial_state.json"

-- Begin: Conditions 37 -- 

-- End: Conditions 37 -- 
run time: 16.568736 (s),  0.016568736 (s/pass),  1.2327929e-05(s/step)

-- Write: DoF -- 
write: "/media/derick/DeoResearch/experiments/rocksalt3_ZrN_casm/mc_coarse_new_scel/cooling/mu_0.9750_0.9750_T_2000_20/conditions.37/final_state.json"

-- Write: Output files -- 
write: "/media/derick/DeoResearch/experiments/rocksalt3_ZrN_casm/mc_coarse_new_scel/cooling/mu_0.9750_0.9750_T_2000_20/results.json"
write: "/media/derick/DeoResearch/experiments/rocksalt3_ZrN_casm/mc_coarse_new_scel/cooling/mu_0.9750_0.9750_T_2000_20/conditions.37/conditions.json"


-- Set: Conditions -- 
T: 1240
param_chem_pot: [ 0.975000000000 ]


-- Continue with existing DoF -- 

-- Write: DoF -- 
write: "/media/derick/DeoResearch/experiments/rocksalt3_ZrN_casm/mc_coarse_new_scel/cooling/mu_0.9750_0.9750_T_2000_20/conditions.38/initial_state.json"

-- Begin: Conditions 38 -- 

-- End: Conditions 38 -- 
run time: 16.447119 (s),  0.016447119 (s/pass),  1.223744e-05(s/step)

-- Write: DoF -- 
write: "/media/derick/DeoResearch/experiments/rocksalt3_ZrN_casm/mc_coarse_new_scel/cooling/mu_0.9750_0.9750_T_2000_20/conditions.38/final_state.json"

-- Write: Output files -- 
write: "/media/derick/DeoResearch/experiments/rocksalt3_ZrN_casm/mc_coarse_new_scel/cooling/mu_0.9750_0.9750_T_2000_20/results.json"
write: "/media/derick/DeoResearch/experiments/rocksalt3_ZrN_casm/mc_coarse_new_scel/cooling/mu_0.9750_0.9750_T_2000_20/conditions.38/conditions.json"


-- Set: Conditions -- 
T: 1220
param_chem_pot: [ 0.975000000000 ]


-- Continue with existing DoF -- 

-- Write: DoF -- 
write: "/media/derick/DeoResearch/experiments/rocksalt3_ZrN_casm/mc_coarse_new_scel/cooling/mu_0.9750_0.9750_T_2000_20/conditions.39/initial_state.json"

-- Begin: Conditions 39 -- 

-- End: Conditions 39 -- 
run time: 16.57156 (s),  0.01657156 (s/pass),  1.233003e-05(s/step)

-- Write: DoF -- 
write: "/media/derick/DeoResearch/experiments/rocksalt3_ZrN_casm/mc_coarse_new_scel/cooling/mu_0.9750_0.9750_T_2000_20/conditions.39/final_state.json"

-- Write: Output files -- 
write: "/media/derick/DeoResearch/experiments/rocksalt3_ZrN_casm/mc_coarse_new_scel/cooling/mu_0.9750_0.9750_T_2000_20/results.json"
write: "/media/derick/DeoResearch/experiments/rocksalt3_ZrN_casm/mc_coarse_new_scel/cooling/mu_0.9750_0.9750_T_2000_20/conditions.39/conditions.json"


-- Set: Conditions -- 
T: 1200
param_chem_pot: [ 0.975000000000 ]


-- Continue with existing DoF -- 

-- Write: DoF -- 
write: "/media/derick/DeoResearch/experiments/rocksalt3_ZrN_casm/mc_coarse_new_scel/cooling/mu_0.9750_0.9750_T_2000_20/conditions.40/initial_state.json"

-- Begin: Conditions 40 -- 

-- End: Conditions 40 -- 
run time: 16.621839 (s),  0.016621839 (s/pass),  1.236744e-05(s/step)

-- Write: DoF -- 
write: "/media/derick/DeoResearch/experiments/rocksalt3_ZrN_casm/mc_coarse_new_scel/cooling/mu_0.9750_0.9750_T_2000_20/conditions.40/final_state.json"

-- Write: Output files -- 
write: "/media/derick/DeoResearch/experiments/rocksalt3_ZrN_casm/mc_coarse_new_scel/cooling/mu_0.9750_0.9750_T_2000_20/results.json"
write: "/media/derick/DeoResearch/experiments/rocksalt3_ZrN_casm/mc_coarse_new_scel/cooling/mu_0.9750_0.9750_T_2000_20/conditions.40/conditions.json"


-- Set: Conditions -- 
T: 1180
param_chem_pot: [ 0.975000000000 ]


-- Continue with existing DoF -- 

-- Write: DoF -- 
write: "/media/derick/DeoResearch/experiments/rocksalt3_ZrN_casm/mc_coarse_new_scel/cooling/mu_0.9750_0.9750_T_2000_20/conditions.41/initial_state.json"

-- Begin: Conditions 41 -- 

-- End: Conditions 41 -- 
run time: 16.513244 (s),  0.016513244 (s/pass),  1.228664e-05(s/step)

-- Write: DoF -- 
write: "/media/derick/DeoResearch/experiments/rocksalt3_ZrN_casm/mc_coarse_new_scel/cooling/mu_0.9750_0.9750_T_2000_20/conditions.41/final_state.json"

-- Write: Output files -- 
write: "/media/derick/DeoResearch/experiments/rocksalt3_ZrN_casm/mc_coarse_new_scel/cooling/mu_0.9750_0.9750_T_2000_20/results.json"
write: "/media/derick/DeoResearch/experiments/rocksalt3_ZrN_casm/mc_coarse_new_scel/cooling/mu_0.9750_0.9750_T_2000_20/conditions.41/conditions.json"


-- Set: Conditions -- 
T: 1160
param_chem_pot: [ 0.975000000000 ]


-- Continue with existing DoF -- 

-- Write: DoF -- 
write: "/media/derick/DeoResearch/experiments/rocksalt3_ZrN_casm/mc_coarse_new_scel/cooling/mu_0.9750_0.9750_T_2000_20/conditions.42/initial_state.json"

-- Begin: Conditions 42 -- 

-- End: Conditions 42 -- 
run time: 16.355214 (s),  0.016355214 (s/pass),  1.2169058e-05(s/step)

-- Write: DoF -- 
write: "/media/derick/DeoResearch/experiments/rocksalt3_ZrN_casm/mc_coarse_new_scel/cooling/mu_0.9750_0.9750_T_2000_20/conditions.42/final_state.json"

-- Write: Output files -- 
write: "/media/derick/DeoResearch/experiments/rocksalt3_ZrN_casm/mc_coarse_new_scel/cooling/mu_0.9750_0.9750_T_2000_20/results.json"
write: "/media/derick/DeoResearch/experiments/rocksalt3_ZrN_casm/mc_coarse_new_scel/cooling/mu_0.9750_0.9750_T_2000_20/conditions.42/conditions.json"


-- Set: Conditions -- 
T: 1140
param_chem_pot: [ 0.975000000000 ]


-- Continue with existing DoF -- 

-- Write: DoF -- 
write: "/media/derick/DeoResearch/experiments/rocksalt3_ZrN_casm/mc_coarse_new_scel/cooling/mu_0.9750_0.9750_T_2000_20/conditions.43/initial_state.json"

-- Begin: Conditions 43 -- 

-- End: Conditions 43 -- 
run time: 16.296093 (s),  0.016296093 (s/pass),  1.2125069e-05(s/step)

-- Write: DoF -- 
write: "/media/derick/DeoResearch/experiments/rocksalt3_ZrN_casm/mc_coarse_new_scel/cooling/mu_0.9750_0.9750_T_2000_20/conditions.43/final_state.json"

-- Write: Output files -- 
write: "/media/derick/DeoResearch/experiments/rocksalt3_ZrN_casm/mc_coarse_new_scel/cooling/mu_0.9750_0.9750_T_2000_20/results.json"
write: "/media/derick/DeoResearch/experiments/rocksalt3_ZrN_casm/mc_coarse_new_scel/cooling/mu_0.9750_0.9750_T_2000_20/conditions.43/conditions.json"


-- Set: Conditions -- 
T: 1120
param_chem_pot: [ 0.975000000000 ]


-- Continue with existing DoF -- 

-- Write: DoF -- 
write: "/media/derick/DeoResearch/experiments/rocksalt3_ZrN_casm/mc_coarse_new_scel/cooling/mu_0.9750_0.9750_T_2000_20/conditions.44/initial_state.json"

-- Begin: Conditions 44 -- 

-- End: Conditions 44 -- 
run time: 16.321047 (s),  0.016321047 (s/pass),  1.2143636e-05(s/step)

-- Write: DoF -- 
write: "/media/derick/DeoResearch/experiments/rocksalt3_ZrN_casm/mc_coarse_new_scel/cooling/mu_0.9750_0.9750_T_2000_20/conditions.44/final_state.json"

-- Write: Output files -- 
write: "/media/derick/DeoResearch/experiments/rocksalt3_ZrN_casm/mc_coarse_new_scel/cooling/mu_0.9750_0.9750_T_2000_20/results.json"
write: "/media/derick/DeoResearch/experiments/rocksalt3_ZrN_casm/mc_coarse_new_scel/cooling/mu_0.9750_0.9750_T_2000_20/conditions.44/conditions.json"


-- Set: Conditions -- 
T: 1100
param_chem_pot: [ 0.975000000000 ]


-- Continue with existing DoF -- 

-- Write: DoF -- 
write: "/media/derick/DeoResearch/experiments/rocksalt3_ZrN_casm/mc_coarse_new_scel/cooling/mu_0.9750_0.9750_T_2000_20/conditions.45/initial_state.json"

-- Begin: Conditions 45 -- 

-- End: Conditions 45 -- 
run time: 16.397593 (s),  0.016397593 (s/pass),  1.220059e-05(s/step)

-- Write: DoF -- 
write: "/media/derick/DeoResearch/experiments/rocksalt3_ZrN_casm/mc_coarse_new_scel/cooling/mu_0.9750_0.9750_T_2000_20/conditions.45/final_state.json"

-- Write: Output files -- 
write: "/media/derick/DeoResearch/experiments/rocksalt3_ZrN_casm/mc_coarse_new_scel/cooling/mu_0.9750_0.9750_T_2000_20/results.json"
write: "/media/derick/DeoResearch/experiments/rocksalt3_ZrN_casm/mc_coarse_new_scel/cooling/mu_0.9750_0.9750_T_2000_20/conditions.45/conditions.json"


-- Set: Conditions -- 
T: 1080
param_chem_pot: [ 0.975000000000 ]


-- Continue with existing DoF -- 

-- Write: DoF -- 
write: "/media/derick/DeoResearch/experiments/rocksalt3_ZrN_casm/mc_coarse_new_scel/cooling/mu_0.9750_0.9750_T_2000_20/conditions.46/initial_state.json"

-- Begin: Conditions 46 -- 

-- End: Conditions 46 -- 
run time: 16.286279 (s),  0.016286279 (s/pass),  1.2117767e-05(s/step)

-- Write: DoF -- 
write: "/media/derick/DeoResearch/experiments/rocksalt3_ZrN_casm/mc_coarse_new_scel/cooling/mu_0.9750_0.9750_T_2000_20/conditions.46/final_state.json"

-- Write: Output files -- 
write: "/media/derick/DeoResearch/experiments/rocksalt3_ZrN_casm/mc_coarse_new_scel/cooling/mu_0.9750_0.9750_T_2000_20/results.json"
write: "/media/derick/DeoResearch/experiments/rocksalt3_ZrN_casm/mc_coarse_new_scel/cooling/mu_0.9750_0.9750_T_2000_20/conditions.46/conditions.json"


-- Set: Conditions -- 
T: 1060
param_chem_pot: [ 0.975000000000 ]


-- Continue with existing DoF -- 

-- Write: DoF -- 
write: "/media/derick/DeoResearch/experiments/rocksalt3_ZrN_casm/mc_coarse_new_scel/cooling/mu_0.9750_0.9750_T_2000_20/conditions.47/initial_state.json"

-- Begin: Conditions 47 -- 

-- End: Conditions 47 -- 
run time: 16.328498 (s),  0.016328498 (s/pass),  1.214918e-05(s/step)

-- Write: DoF -- 
write: "/media/derick/DeoResearch/experiments/rocksalt3_ZrN_casm/mc_coarse_new_scel/cooling/mu_0.9750_0.9750_T_2000_20/conditions.47/final_state.json"

-- Write: Output files -- 
write: "/media/derick/DeoResearch/experiments/rocksalt3_ZrN_casm/mc_coarse_new_scel/cooling/mu_0.9750_0.9750_T_2000_20/results.json"
write: "/media/derick/DeoResearch/experiments/rocksalt3_ZrN_casm/mc_coarse_new_scel/cooling/mu_0.9750_0.9750_T_2000_20/conditions.47/conditions.json"


-- Set: Conditions -- 
T: 1040
param_chem_pot: [ 0.975000000000 ]


-- Continue with existing DoF -- 

-- Write: DoF -- 
write: "/media/derick/DeoResearch/experiments/rocksalt3_ZrN_casm/mc_coarse_new_scel/cooling/mu_0.9750_0.9750_T_2000_20/conditions.48/initial_state.json"

-- Begin: Conditions 48 -- 

-- End: Conditions 48 -- 
run time: 16.275832 (s),  0.016275832 (s/pass),  1.2109994e-05(s/step)

-- Write: DoF -- 
write: "/media/derick/DeoResearch/experiments/rocksalt3_ZrN_casm/mc_coarse_new_scel/cooling/mu_0.9750_0.9750_T_2000_20/conditions.48/final_state.json"

-- Write: Output files -- 
write: "/media/derick/DeoResearch/experiments/rocksalt3_ZrN_casm/mc_coarse_new_scel/cooling/mu_0.9750_0.9750_T_2000_20/results.json"
write: "/media/derick/DeoResearch/experiments/rocksalt3_ZrN_casm/mc_coarse_new_scel/cooling/mu_0.9750_0.9750_T_2000_20/conditions.48/conditions.json"


-- Set: Conditions -- 
T: 1020
param_chem_pot: [ 0.975000000000 ]


-- Continue with existing DoF -- 

-- Write: DoF -- 
write: "/media/derick/DeoResearch/experiments/rocksalt3_ZrN_casm/mc_coarse_new_scel/cooling/mu_0.9750_0.9750_T_2000_20/conditions.49/initial_state.json"

-- Begin: Conditions 49 -- 

-- End: Conditions 49 -- 
run time: 16.365986 (s),  0.016365986 (s/pass),  1.2177073e-05(s/step)

-- Write: DoF -- 
write: "/media/derick/DeoResearch/experiments/rocksalt3_ZrN_casm/mc_coarse_new_scel/cooling/mu_0.9750_0.9750_T_2000_20/conditions.49/final_state.json"

-- Write: Output files -- 
write: "/media/derick/DeoResearch/experiments/rocksalt3_ZrN_casm/mc_coarse_new_scel/cooling/mu_0.9750_0.9750_T_2000_20/results.json"
write: "/media/derick/DeoResearch/experiments/rocksalt3_ZrN_casm/mc_coarse_new_scel/cooling/mu_0.9750_0.9750_T_2000_20/conditions.49/conditions.json"


-- Set: Conditions -- 
T: 1000
param_chem_pot: [ 0.975000000000 ]


-- Continue with existing DoF -- 

-- Write: DoF -- 
write: "/media/derick/DeoResearch/experiments/rocksalt3_ZrN_casm/mc_coarse_new_scel/cooling/mu_0.9750_0.9750_T_2000_20/conditions.50/initial_state.json"

-- Begin: Conditions 50 -- 

-- End: Conditions 50 -- 
run time: 16.27917 (s),  0.01627917 (s/pass),  1.2112478e-05(s/step)

-- Write: DoF -- 
write: "/media/derick/DeoResearch/experiments/rocksalt3_ZrN_casm/mc_coarse_new_scel/cooling/mu_0.9750_0.9750_T_2000_20/conditions.50/final_state.json"

-- Write: Output files -- 
write: "/media/derick/DeoResearch/experiments/rocksalt3_ZrN_casm/mc_coarse_new_scel/cooling/mu_0.9750_0.9750_T_2000_20/results.json"
write: "/media/derick/DeoResearch/experiments/rocksalt3_ZrN_casm/mc_coarse_new_scel/cooling/mu_0.9750_0.9750_T_2000_20/conditions.50/conditions.json"


-- Set: Conditions -- 
T: 980
param_chem_pot: [ 0.975000000000 ]


-- Continue with existing DoF -- 

-- Write: DoF -- 
write: "/media/derick/DeoResearch/experiments/rocksalt3_ZrN_casm/mc_coarse_new_scel/cooling/mu_0.9750_0.9750_T_2000_20/conditions.51/initial_state.json"

-- Begin: Conditions 51 -- 

-- End: Conditions 51 -- 
run time: 16.349028 (s),  0.016349028 (s/pass),  1.2164455e-05(s/step)

-- Write: DoF -- 
write: "/media/derick/DeoResearch/experiments/rocksalt3_ZrN_casm/mc_coarse_new_scel/cooling/mu_0.9750_0.9750_T_2000_20/conditions.51/final_state.json"

-- Write: Output files -- 
write: "/media/derick/DeoResearch/experiments/rocksalt3_ZrN_casm/mc_coarse_new_scel/cooling/mu_0.9750_0.9750_T_2000_20/results.json"
write: "/media/derick/DeoResearch/experiments/rocksalt3_ZrN_casm/mc_coarse_new_scel/cooling/mu_0.9750_0.9750_T_2000_20/conditions.51/conditions.json"


-- Set: Conditions -- 
T: 960
param_chem_pot: [ 0.975000000000 ]


-- Continue with existing DoF -- 

-- Write: DoF -- 
write: "/media/derick/DeoResearch/experiments/rocksalt3_ZrN_casm/mc_coarse_new_scel/cooling/mu_0.9750_0.9750_T_2000_20/conditions.52/initial_state.json"

-- Begin: Conditions 52 -- 

-- End: Conditions 52 -- 
run time: 16.304929 (s),  0.016304929 (s/pass),  1.2131644e-05(s/step)

-- Write: DoF -- 
write: "/media/derick/DeoResearch/experiments/rocksalt3_ZrN_casm/mc_coarse_new_scel/cooling/mu_0.9750_0.9750_T_2000_20/conditions.52/final_state.json"

-- Write: Output files -- 
write: "/media/derick/DeoResearch/experiments/rocksalt3_ZrN_casm/mc_coarse_new_scel/cooling/mu_0.9750_0.9750_T_2000_20/results.json"
write: "/media/derick/DeoResearch/experiments/rocksalt3_ZrN_casm/mc_coarse_new_scel/cooling/mu_0.9750_0.9750_T_2000_20/conditions.52/conditions.json"


-- Set: Conditions -- 
T: 940
param_chem_pot: [ 0.975000000000 ]


-- Continue with existing DoF -- 

-- Write: DoF -- 
write: "/media/derick/DeoResearch/experiments/rocksalt3_ZrN_casm/mc_coarse_new_scel/cooling/mu_0.9750_0.9750_T_2000_20/conditions.53/initial_state.json"

-- Begin: Conditions 53 -- 

-- End: Conditions 53 -- 
run time: 16.557525 (s),  0.016557525 (s/pass),  1.2319587e-05(s/step)

-- Write: DoF -- 
write: "/media/derick/DeoResearch/experiments/rocksalt3_ZrN_casm/mc_coarse_new_scel/cooling/mu_0.9750_0.9750_T_2000_20/conditions.53/final_state.json"

-- Write: Output files -- 
write: "/media/derick/DeoResearch/experiments/rocksalt3_ZrN_casm/mc_coarse_new_scel/cooling/mu_0.9750_0.9750_T_2000_20/results.json"
write: "/media/derick/DeoResearch/experiments/rocksalt3_ZrN_casm/mc_coarse_new_scel/cooling/mu_0.9750_0.9750_T_2000_20/conditions.53/conditions.json"


-- Set: Conditions -- 
T: 920
param_chem_pot: [ 0.975000000000 ]


-- Continue with existing DoF -- 

-- Write: DoF -- 
write: "/media/derick/DeoResearch/experiments/rocksalt3_ZrN_casm/mc_coarse_new_scel/cooling/mu_0.9750_0.9750_T_2000_20/conditions.54/initial_state.json"

-- Begin: Conditions 54 -- 

-- End: Conditions 54 -- 
run time: 16.378689 (s),  0.016378689 (s/pass),  1.2186525e-05(s/step)

-- Write: DoF -- 
write: "/media/derick/DeoResearch/experiments/rocksalt3_ZrN_casm/mc_coarse_new_scel/cooling/mu_0.9750_0.9750_T_2000_20/conditions.54/final_state.json"

-- Write: Output files -- 
write: "/media/derick/DeoResearch/experiments/rocksalt3_ZrN_casm/mc_coarse_new_scel/cooling/mu_0.9750_0.9750_T_2000_20/results.json"
write: "/media/derick/DeoResearch/experiments/rocksalt3_ZrN_casm/mc_coarse_new_scel/cooling/mu_0.9750_0.9750_T_2000_20/conditions.54/conditions.json"


-- Set: Conditions -- 
T: 900
param_chem_pot: [ 0.975000000000 ]


-- Continue with existing DoF -- 

-- Write: DoF -- 
write: "/media/derick/DeoResearch/experiments/rocksalt3_ZrN_casm/mc_coarse_new_scel/cooling/mu_0.9750_0.9750_T_2000_20/conditions.55/initial_state.json"

-- Begin: Conditions 55 -- 

-- End: Conditions 55 -- 
run time: 16.519492 (s),  0.016519492 (s/pass),  1.2291289e-05(s/step)

-- Write: DoF -- 
write: "/media/derick/DeoResearch/experiments/rocksalt3_ZrN_casm/mc_coarse_new_scel/cooling/mu_0.9750_0.9750_T_2000_20/conditions.55/final_state.json"

-- Write: Output files -- 
write: "/media/derick/DeoResearch/experiments/rocksalt3_ZrN_casm/mc_coarse_new_scel/cooling/mu_0.9750_0.9750_T_2000_20/results.json"
write: "/media/derick/DeoResearch/experiments/rocksalt3_ZrN_casm/mc_coarse_new_scel/cooling/mu_0.9750_0.9750_T_2000_20/conditions.55/conditions.json"


-- Set: Conditions -- 
T: 880
param_chem_pot: [ 0.975000000000 ]


-- Continue with existing DoF -- 

-- Write: DoF -- 
write: "/media/derick/DeoResearch/experiments/rocksalt3_ZrN_casm/mc_coarse_new_scel/cooling/mu_0.9750_0.9750_T_2000_20/conditions.56/initial_state.json"

-- Begin: Conditions 56 -- 

-- End: Conditions 56 -- 
run time: 16.507306 (s),  0.016507306 (s/pass),  1.2282222e-05(s/step)

-- Write: DoF -- 
write: "/media/derick/DeoResearch/experiments/rocksalt3_ZrN_casm/mc_coarse_new_scel/cooling/mu_0.9750_0.9750_T_2000_20/conditions.56/final_state.json"

-- Write: Output files -- 
write: "/media/derick/DeoResearch/experiments/rocksalt3_ZrN_casm/mc_coarse_new_scel/cooling/mu_0.9750_0.9750_T_2000_20/results.json"
write: "/media/derick/DeoResearch/experiments/rocksalt3_ZrN_casm/mc_coarse_new_scel/cooling/mu_0.9750_0.9750_T_2000_20/conditions.56/conditions.json"


-- Set: Conditions -- 
T: 860
param_chem_pot: [ 0.975000000000 ]


-- Continue with existing DoF -- 

-- Write: DoF -- 
write: "/media/derick/DeoResearch/experiments/rocksalt3_ZrN_casm/mc_coarse_new_scel/cooling/mu_0.9750_0.9750_T_2000_20/conditions.57/initial_state.json"

-- Begin: Conditions 57 -- 

-- End: Conditions 57 -- 
run time: 16.763346 (s),  0.016763346 (s/pass),  1.2472728e-05(s/step)

-- Write: DoF -- 
write: "/media/derick/DeoResearch/experiments/rocksalt3_ZrN_casm/mc_coarse_new_scel/cooling/mu_0.9750_0.9750_T_2000_20/conditions.57/final_state.json"

-- Write: Output files -- 
write: "/media/derick/DeoResearch/experiments/rocksalt3_ZrN_casm/mc_coarse_new_scel/cooling/mu_0.9750_0.9750_T_2000_20/results.json"
write: "/media/derick/DeoResearch/experiments/rocksalt3_ZrN_casm/mc_coarse_new_scel/cooling/mu_0.9750_0.9750_T_2000_20/conditions.57/conditions.json"


-- Set: Conditions -- 
T: 840
param_chem_pot: [ 0.975000000000 ]


-- Continue with existing DoF -- 

-- Write: DoF -- 
write: "/media/derick/DeoResearch/experiments/rocksalt3_ZrN_casm/mc_coarse_new_scel/cooling/mu_0.9750_0.9750_T_2000_20/conditions.58/initial_state.json"

-- Begin: Conditions 58 -- 

-- End: Conditions 58 -- 
run time: 16.740694 (s),  0.016740694 (s/pass),  1.2455873e-05(s/step)

-- Write: DoF -- 
write: "/media/derick/DeoResearch/experiments/rocksalt3_ZrN_casm/mc_coarse_new_scel/cooling/mu_0.9750_0.9750_T_2000_20/conditions.58/final_state.json"

-- Write: Output files -- 
write: "/media/derick/DeoResearch/experiments/rocksalt3_ZrN_casm/mc_coarse_new_scel/cooling/mu_0.9750_0.9750_T_2000_20/results.json"
write: "/media/derick/DeoResearch/experiments/rocksalt3_ZrN_casm/mc_coarse_new_scel/cooling/mu_0.9750_0.9750_T_2000_20/conditions.58/conditions.json"


-- Set: Conditions -- 
T: 820
param_chem_pot: [ 0.975000000000 ]


-- Continue with existing DoF -- 

-- Write: DoF -- 
write: "/media/derick/DeoResearch/experiments/rocksalt3_ZrN_casm/mc_coarse_new_scel/cooling/mu_0.9750_0.9750_T_2000_20/conditions.59/initial_state.json"

-- Begin: Conditions 59 -- 

-- End: Conditions 59 -- 
run time: 16.5779 (s),  0.0165779 (s/pass),  1.2334747e-05(s/step)

-- Write: DoF -- 
write: "/media/derick/DeoResearch/experiments/rocksalt3_ZrN_casm/mc_coarse_new_scel/cooling/mu_0.9750_0.9750_T_2000_20/conditions.59/final_state.json"

-- Write: Output files -- 
write: "/media/derick/DeoResearch/experiments/rocksalt3_ZrN_casm/mc_coarse_new_scel/cooling/mu_0.9750_0.9750_T_2000_20/results.json"
write: "/media/derick/DeoResearch/experiments/rocksalt3_ZrN_casm/mc_coarse_new_scel/cooling/mu_0.9750_0.9750_T_2000_20/conditions.59/conditions.json"


-- Set: Conditions -- 
T: 800
param_chem_pot: [ 0.975000000000 ]


-- Continue with existing DoF -- 

-- Write: DoF -- 
write: "/media/derick/DeoResearch/experiments/rocksalt3_ZrN_casm/mc_coarse_new_scel/cooling/mu_0.9750_0.9750_T_2000_20/conditions.60/initial_state.json"

-- Begin: Conditions 60 -- 

-- End: Conditions 60 -- 
run time: 16.548429 (s),  0.016548429 (s/pass),  1.2312819e-05(s/step)

-- Write: DoF -- 
write: "/media/derick/DeoResearch/experiments/rocksalt3_ZrN_casm/mc_coarse_new_scel/cooling/mu_0.9750_0.9750_T_2000_20/conditions.60/final_state.json"

-- Write: Output files -- 
write: "/media/derick/DeoResearch/experiments/rocksalt3_ZrN_casm/mc_coarse_new_scel/cooling/mu_0.9750_0.9750_T_2000_20/results.json"
write: "/media/derick/DeoResearch/experiments/rocksalt3_ZrN_casm/mc_coarse_new_scel/cooling/mu_0.9750_0.9750_T_2000_20/conditions.60/conditions.json"


-- Set: Conditions -- 
T: 780
param_chem_pot: [ 0.975000000000 ]


-- Continue with existing DoF -- 

-- Write: DoF -- 
write: "/media/derick/DeoResearch/experiments/rocksalt3_ZrN_casm/mc_coarse_new_scel/cooling/mu_0.9750_0.9750_T_2000_20/conditions.61/initial_state.json"

-- Begin: Conditions 61 -- 

-- End: Conditions 61 -- 
run time: 16.469767 (s),  0.016469767 (s/pass),  1.2254291e-05(s/step)

-- Write: DoF -- 
write: "/media/derick/DeoResearch/experiments/rocksalt3_ZrN_casm/mc_coarse_new_scel/cooling/mu_0.9750_0.9750_T_2000_20/conditions.61/final_state.json"

-- Write: Output files -- 
write: "/media/derick/DeoResearch/experiments/rocksalt3_ZrN_casm/mc_coarse_new_scel/cooling/mu_0.9750_0.9750_T_2000_20/results.json"
write: "/media/derick/DeoResearch/experiments/rocksalt3_ZrN_casm/mc_coarse_new_scel/cooling/mu_0.9750_0.9750_T_2000_20/conditions.61/conditions.json"


-- Set: Conditions -- 
T: 760
param_chem_pot: [ 0.975000000000 ]


-- Continue with existing DoF -- 

-- Write: DoF -- 
write: "/media/derick/DeoResearch/experiments/rocksalt3_ZrN_casm/mc_coarse_new_scel/cooling/mu_0.9750_0.9750_T_2000_20/conditions.62/initial_state.json"

-- Begin: Conditions 62 -- 

-- End: Conditions 62 -- 
run time: 16.365859 (s),  0.016365859 (s/pass),  1.2176979e-05(s/step)

-- Write: DoF -- 
write: "/media/derick/DeoResearch/experiments/rocksalt3_ZrN_casm/mc_coarse_new_scel/cooling/mu_0.9750_0.9750_T_2000_20/conditions.62/final_state.json"

-- Write: Output files -- 
write: "/media/derick/DeoResearch/experiments/rocksalt3_ZrN_casm/mc_coarse_new_scel/cooling/mu_0.9750_0.9750_T_2000_20/results.json"
write: "/media/derick/DeoResearch/experiments/rocksalt3_ZrN_casm/mc_coarse_new_scel/cooling/mu_0.9750_0.9750_T_2000_20/conditions.62/conditions.json"


-- Set: Conditions -- 
T: 740
param_chem_pot: [ 0.975000000000 ]


-- Continue with existing DoF -- 

-- Write: DoF -- 
write: "/media/derick/DeoResearch/experiments/rocksalt3_ZrN_casm/mc_coarse_new_scel/cooling/mu_0.9750_0.9750_T_2000_20/conditions.63/initial_state.json"

-- Begin: Conditions 63 -- 

-- End: Conditions 63 -- 
run time: 16.564351 (s),  0.016564351 (s/pass),  1.2324666e-05(s/step)

-- Write: DoF -- 
write: "/media/derick/DeoResearch/experiments/rocksalt3_ZrN_casm/mc_coarse_new_scel/cooling/mu_0.9750_0.9750_T_2000_20/conditions.63/final_state.json"

-- Write: Output files -- 
write: "/media/derick/DeoResearch/experiments/rocksalt3_ZrN_casm/mc_coarse_new_scel/cooling/mu_0.9750_0.9750_T_2000_20/results.json"
write: "/media/derick/DeoResearch/experiments/rocksalt3_ZrN_casm/mc_coarse_new_scel/cooling/mu_0.9750_0.9750_T_2000_20/conditions.63/conditions.json"


-- Set: Conditions -- 
T: 720
param_chem_pot: [ 0.975000000000 ]


-- Continue with existing DoF -- 

-- Write: DoF -- 
write: "/media/derick/DeoResearch/experiments/rocksalt3_ZrN_casm/mc_coarse_new_scel/cooling/mu_0.9750_0.9750_T_2000_20/conditions.64/initial_state.json"

-- Begin: Conditions 64 -- 

-- End: Conditions 64 -- 
run time: 16.373396 (s),  0.016373396 (s/pass),  1.2182587e-05(s/step)

-- Write: DoF -- 
write: "/media/derick/DeoResearch/experiments/rocksalt3_ZrN_casm/mc_coarse_new_scel/cooling/mu_0.9750_0.9750_T_2000_20/conditions.64/final_state.json"

-- Write: Output files -- 
write: "/media/derick/DeoResearch/experiments/rocksalt3_ZrN_casm/mc_coarse_new_scel/cooling/mu_0.9750_0.9750_T_2000_20/results.json"
write: "/media/derick/DeoResearch/experiments/rocksalt3_ZrN_casm/mc_coarse_new_scel/cooling/mu_0.9750_0.9750_T_2000_20/conditions.64/conditions.json"


-- Set: Conditions -- 
T: 700
param_chem_pot: [ 0.975000000000 ]


-- Continue with existing DoF -- 

-- Write: DoF -- 
write: "/media/derick/DeoResearch/experiments/rocksalt3_ZrN_casm/mc_coarse_new_scel/cooling/mu_0.9750_0.9750_T_2000_20/conditions.65/initial_state.json"

-- Begin: Conditions 65 -- 

-- End: Conditions 65 -- 
run time: 16.433217 (s),  0.016433217 (s/pass),  1.2227096e-05(s/step)

-- Write: DoF -- 
write: "/media/derick/DeoResearch/experiments/rocksalt3_ZrN_casm/mc_coarse_new_scel/cooling/mu_0.9750_0.9750_T_2000_20/conditions.65/final_state.json"

-- Write: Output files -- 
write: "/media/derick/DeoResearch/experiments/rocksalt3_ZrN_casm/mc_coarse_new_scel/cooling/mu_0.9750_0.9750_T_2000_20/results.json"
write: "/media/derick/DeoResearch/experiments/rocksalt3_ZrN_casm/mc_coarse_new_scel/cooling/mu_0.9750_0.9750_T_2000_20/conditions.65/conditions.json"


-- Set: Conditions -- 
T: 680
param_chem_pot: [ 0.975000000000 ]


-- Continue with existing DoF -- 

-- Write: DoF -- 
write: "/media/derick/DeoResearch/experiments/rocksalt3_ZrN_casm/mc_coarse_new_scel/cooling/mu_0.9750_0.9750_T_2000_20/conditions.66/initial_state.json"

-- Begin: Conditions 66 -- 

-- End: Conditions 66 -- 
run time: 16.385362 (s),  0.016385362 (s/pass),  1.2191489e-05(s/step)

-- Write: DoF -- 
write: "/media/derick/DeoResearch/experiments/rocksalt3_ZrN_casm/mc_coarse_new_scel/cooling/mu_0.9750_0.9750_T_2000_20/conditions.66/final_state.json"

-- Write: Output files -- 
write: "/media/derick/DeoResearch/experiments/rocksalt3_ZrN_casm/mc_coarse_new_scel/cooling/mu_0.9750_0.9750_T_2000_20/results.json"
write: "/media/derick/DeoResearch/experiments/rocksalt3_ZrN_casm/mc_coarse_new_scel/cooling/mu_0.9750_0.9750_T_2000_20/conditions.66/conditions.json"


-- Set: Conditions -- 
T: 660
param_chem_pot: [ 0.975000000000 ]


-- Continue with existing DoF -- 

-- Write: DoF -- 
write: "/media/derick/DeoResearch/experiments/rocksalt3_ZrN_casm/mc_coarse_new_scel/cooling/mu_0.9750_0.9750_T_2000_20/conditions.67/initial_state.json"

-- Begin: Conditions 67 -- 

-- End: Conditions 67 -- 
run time: 16.483226 (s),  0.016483226 (s/pass),  1.2264305e-05(s/step)

-- Write: DoF -- 
write: "/media/derick/DeoResearch/experiments/rocksalt3_ZrN_casm/mc_coarse_new_scel/cooling/mu_0.9750_0.9750_T_2000_20/conditions.67/final_state.json"

-- Write: Output files -- 
write: "/media/derick/DeoResearch/experiments/rocksalt3_ZrN_casm/mc_coarse_new_scel/cooling/mu_0.9750_0.9750_T_2000_20/results.json"
write: "/media/derick/DeoResearch/experiments/rocksalt3_ZrN_casm/mc_coarse_new_scel/cooling/mu_0.9750_0.9750_T_2000_20/conditions.67/conditions.json"


-- Set: Conditions -- 
T: 640
param_chem_pot: [ 0.975000000000 ]


-- Continue with existing DoF -- 

-- Write: DoF -- 
write: "/media/derick/DeoResearch/experiments/rocksalt3_ZrN_casm/mc_coarse_new_scel/cooling/mu_0.9750_0.9750_T_2000_20/conditions.68/initial_state.json"

-- Begin: Conditions 68 -- 

-- End: Conditions 68 -- 
run time: 16.82989 (s),  0.01682989 (s/pass),  1.2522239e-05(s/step)

-- Write: DoF -- 
write: "/media/derick/DeoResearch/experiments/rocksalt3_ZrN_casm/mc_coarse_new_scel/cooling/mu_0.9750_0.9750_T_2000_20/conditions.68/final_state.json"

-- Write: Output files -- 
write: "/media/derick/DeoResearch/experiments/rocksalt3_ZrN_casm/mc_coarse_new_scel/cooling/mu_0.9750_0.9750_T_2000_20/results.json"
write: "/media/derick/DeoResearch/experiments/rocksalt3_ZrN_casm/mc_coarse_new_scel/cooling/mu_0.9750_0.9750_T_2000_20/conditions.68/conditions.json"


-- Set: Conditions -- 
T: 620
param_chem_pot: [ 0.975000000000 ]


-- Continue with existing DoF -- 

-- Write: DoF -- 
write: "/media/derick/DeoResearch/experiments/rocksalt3_ZrN_casm/mc_coarse_new_scel/cooling/mu_0.9750_0.9750_T_2000_20/conditions.69/initial_state.json"

-- Begin: Conditions 69 -- 

-- End: Conditions 69 -- 
run time: 17.205788 (s),  0.017205788 (s/pass),  1.2801926e-05(s/step)

-- Write: DoF -- 
write: "/media/derick/DeoResearch/experiments/rocksalt3_ZrN_casm/mc_coarse_new_scel/cooling/mu_0.9750_0.9750_T_2000_20/conditions.69/final_state.json"

-- Write: Output files -- 
write: "/media/derick/DeoResearch/experiments/rocksalt3_ZrN_casm/mc_coarse_new_scel/cooling/mu_0.9750_0.9750_T_2000_20/results.json"
write: "/media/derick/DeoResearch/experiments/rocksalt3_ZrN_casm/mc_coarse_new_scel/cooling/mu_0.9750_0.9750_T_2000_20/conditions.69/conditions.json"


-- Set: Conditions -- 
T: 600
param_chem_pot: [ 0.975000000000 ]


-- Continue with existing DoF -- 

-- Write: DoF -- 
write: "/media/derick/DeoResearch/experiments/rocksalt3_ZrN_casm/mc_coarse_new_scel/cooling/mu_0.9750_0.9750_T_2000_20/conditions.70/initial_state.json"

-- Begin: Conditions 70 -- 

-- End: Conditions 70 -- 
run time: 16.926349 (s),  0.016926349 (s/pass),  1.259401e-05(s/step)

-- Write: DoF -- 
write: "/media/derick/DeoResearch/experiments/rocksalt3_ZrN_casm/mc_coarse_new_scel/cooling/mu_0.9750_0.9750_T_2000_20/conditions.70/final_state.json"

-- Write: Output files -- 
write: "/media/derick/DeoResearch/experiments/rocksalt3_ZrN_casm/mc_coarse_new_scel/cooling/mu_0.9750_0.9750_T_2000_20/results.json"
write: "/media/derick/DeoResearch/experiments/rocksalt3_ZrN_casm/mc_coarse_new_scel/cooling/mu_0.9750_0.9750_T_2000_20/conditions.70/conditions.json"


-- Set: Conditions -- 
T: 580
param_chem_pot: [ 0.975000000000 ]


-- Continue with existing DoF -- 

-- Write: DoF -- 
write: "/media/derick/DeoResearch/experiments/rocksalt3_ZrN_casm/mc_coarse_new_scel/cooling/mu_0.9750_0.9750_T_2000_20/conditions.71/initial_state.json"

-- Begin: Conditions 71 -- 

-- End: Conditions 71 -- 
run time: 17.077926 (s),  0.017077926 (s/pass),  1.270679e-05(s/step)

-- Write: DoF -- 
write: "/media/derick/DeoResearch/experiments/rocksalt3_ZrN_casm/mc_coarse_new_scel/cooling/mu_0.9750_0.9750_T_2000_20/conditions.71/final_state.json"

-- Write: Output files -- 
write: "/media/derick/DeoResearch/experiments/rocksalt3_ZrN_casm/mc_coarse_new_scel/cooling/mu_0.9750_0.9750_T_2000_20/results.json"
write: "/media/derick/DeoResearch/experiments/rocksalt3_ZrN_casm/mc_coarse_new_scel/cooling/mu_0.9750_0.9750_T_2000_20/conditions.71/conditions.json"


-- Set: Conditions -- 
T: 560
param_chem_pot: [ 0.975000000000 ]


-- Continue with existing DoF -- 

-- Write: DoF -- 
write: "/media/derick/DeoResearch/experiments/rocksalt3_ZrN_casm/mc_coarse_new_scel/cooling/mu_0.9750_0.9750_T_2000_20/conditions.72/initial_state.json"

-- Begin: Conditions 72 -- 

-- End: Conditions 72 -- 
run time: 16.76182 (s),  0.01676182 (s/pass),  1.2471593e-05(s/step)

-- Write: DoF -- 
write: "/media/derick/DeoResearch/experiments/rocksalt3_ZrN_casm/mc_coarse_new_scel/cooling/mu_0.9750_0.9750_T_2000_20/conditions.72/final_state.json"

-- Write: Output files -- 
write: "/media/derick/DeoResearch/experiments/rocksalt3_ZrN_casm/mc_coarse_new_scel/cooling/mu_0.9750_0.9750_T_2000_20/results.json"
write: "/media/derick/DeoResearch/experiments/rocksalt3_ZrN_casm/mc_coarse_new_scel/cooling/mu_0.9750_0.9750_T_2000_20/conditions.72/conditions.json"


-- Set: Conditions -- 
T: 540
param_chem_pot: [ 0.975000000000 ]


-- Continue with existing DoF -- 

-- Write: DoF -- 
write: "/media/derick/DeoResearch/experiments/rocksalt3_ZrN_casm/mc_coarse_new_scel/cooling/mu_0.9750_0.9750_T_2000_20/conditions.73/initial_state.json"

-- Begin: Conditions 73 -- 

-- End: Conditions 73 -- 
run time: 16.630544 (s),  0.016630544 (s/pass),  1.2373916e-05(s/step)

-- Write: DoF -- 
write: "/media/derick/DeoResearch/experiments/rocksalt3_ZrN_casm/mc_coarse_new_scel/cooling/mu_0.9750_0.9750_T_2000_20/conditions.73/final_state.json"

-- Write: Output files -- 
write: "/media/derick/DeoResearch/experiments/rocksalt3_ZrN_casm/mc_coarse_new_scel/cooling/mu_0.9750_0.9750_T_2000_20/results.json"
write: "/media/derick/DeoResearch/experiments/rocksalt3_ZrN_casm/mc_coarse_new_scel/cooling/mu_0.9750_0.9750_T_2000_20/conditions.73/conditions.json"


-- Set: Conditions -- 
T: 520
param_chem_pot: [ 0.975000000000 ]


-- Continue with existing DoF -- 

-- Write: DoF -- 
write: "/media/derick/DeoResearch/experiments/rocksalt3_ZrN_casm/mc_coarse_new_scel/cooling/mu_0.9750_0.9750_T_2000_20/conditions.74/initial_state.json"

-- Begin: Conditions 74 -- 

-- End: Conditions 74 -- 
run time: 16.541224 (s),  0.016541224 (s/pass),  1.2307458e-05(s/step)

-- Write: DoF -- 
write: "/media/derick/DeoResearch/experiments/rocksalt3_ZrN_casm/mc_coarse_new_scel/cooling/mu_0.9750_0.9750_T_2000_20/conditions.74/final_state.json"

-- Write: Output files -- 
write: "/media/derick/DeoResearch/experiments/rocksalt3_ZrN_casm/mc_coarse_new_scel/cooling/mu_0.9750_0.9750_T_2000_20/results.json"
write: "/media/derick/DeoResearch/experiments/rocksalt3_ZrN_casm/mc_coarse_new_scel/cooling/mu_0.9750_0.9750_T_2000_20/conditions.74/conditions.json"


-- Set: Conditions -- 
T: 500
param_chem_pot: [ 0.975000000000 ]


-- Continue with existing DoF -- 

-- Write: DoF -- 
write: "/media/derick/DeoResearch/experiments/rocksalt3_ZrN_casm/mc_coarse_new_scel/cooling/mu_0.9750_0.9750_T_2000_20/conditions.75/initial_state.json"

-- Begin: Conditions 75 -- 

-- End: Conditions 75 -- 
run time: 16.563683 (s),  0.016563683 (s/pass),  1.2324169e-05(s/step)

-- Write: DoF -- 
write: "/media/derick/DeoResearch/experiments/rocksalt3_ZrN_casm/mc_coarse_new_scel/cooling/mu_0.9750_0.9750_T_2000_20/conditions.75/final_state.json"

-- Write: Output files -- 
write: "/media/derick/DeoResearch/experiments/rocksalt3_ZrN_casm/mc_coarse_new_scel/cooling/mu_0.9750_0.9750_T_2000_20/results.json"
write: "/media/derick/DeoResearch/experiments/rocksalt3_ZrN_casm/mc_coarse_new_scel/cooling/mu_0.9750_0.9750_T_2000_20/conditions.75/conditions.json"


-- Set: Conditions -- 
T: 480
param_chem_pot: [ 0.975000000000 ]


-- Continue with existing DoF -- 

-- Write: DoF -- 
write: "/media/derick/DeoResearch/experiments/rocksalt3_ZrN_casm/mc_coarse_new_scel/cooling/mu_0.9750_0.9750_T_2000_20/conditions.76/initial_state.json"

-- Begin: Conditions 76 -- 

-- End: Conditions 76 -- 
run time: 16.58265 (s),  0.01658265 (s/pass),  1.2338282e-05(s/step)

-- Write: DoF -- 
write: "/media/derick/DeoResearch/experiments/rocksalt3_ZrN_casm/mc_coarse_new_scel/cooling/mu_0.9750_0.9750_T_2000_20/conditions.76/final_state.json"

-- Write: Output files -- 
write: "/media/derick/DeoResearch/experiments/rocksalt3_ZrN_casm/mc_coarse_new_scel/cooling/mu_0.9750_0.9750_T_2000_20/results.json"
write: "/media/derick/DeoResearch/experiments/rocksalt3_ZrN_casm/mc_coarse_new_scel/cooling/mu_0.9750_0.9750_T_2000_20/conditions.76/conditions.json"


-- Set: Conditions -- 
T: 460
param_chem_pot: [ 0.975000000000 ]


-- Continue with existing DoF -- 

-- Write: DoF -- 
write: "/media/derick/DeoResearch/experiments/rocksalt3_ZrN_casm/mc_coarse_new_scel/cooling/mu_0.9750_0.9750_T_2000_20/conditions.77/initial_state.json"

-- Begin: Conditions 77 -- 

-- End: Conditions 77 -- 
run time: 16.43342 (s),  0.01643342 (s/pass),  1.2227247e-05(s/step)

-- Write: DoF -- 
write: "/media/derick/DeoResearch/experiments/rocksalt3_ZrN_casm/mc_coarse_new_scel/cooling/mu_0.9750_0.9750_T_2000_20/conditions.77/final_state.json"

-- Write: Output files -- 
write: "/media/derick/DeoResearch/experiments/rocksalt3_ZrN_casm/mc_coarse_new_scel/cooling/mu_0.9750_0.9750_T_2000_20/results.json"
write: "/media/derick/DeoResearch/experiments/rocksalt3_ZrN_casm/mc_coarse_new_scel/cooling/mu_0.9750_0.9750_T_2000_20/conditions.77/conditions.json"


-- Set: Conditions -- 
T: 440
param_chem_pot: [ 0.975000000000 ]


-- Continue with existing DoF -- 

-- Write: DoF -- 
write: "/media/derick/DeoResearch/experiments/rocksalt3_ZrN_casm/mc_coarse_new_scel/cooling/mu_0.9750_0.9750_T_2000_20/conditions.78/initial_state.json"

-- Begin: Conditions 78 -- 

-- End: Conditions 78 -- 
run time: 16.441725 (s),  0.016441725 (s/pass),  1.2233426e-05(s/step)

-- Write: DoF -- 
write: "/media/derick/DeoResearch/experiments/rocksalt3_ZrN_casm/mc_coarse_new_scel/cooling/mu_0.9750_0.9750_T_2000_20/conditions.78/final_state.json"

-- Write: Output files -- 
write: "/media/derick/DeoResearch/experiments/rocksalt3_ZrN_casm/mc_coarse_new_scel/cooling/mu_0.9750_0.9750_T_2000_20/results.json"
write: "/media/derick/DeoResearch/experiments/rocksalt3_ZrN_casm/mc_coarse_new_scel/cooling/mu_0.9750_0.9750_T_2000_20/conditions.78/conditions.json"


-- Set: Conditions -- 
T: 420
param_chem_pot: [ 0.975000000000 ]


-- Continue with existing DoF -- 

-- Write: DoF -- 
write: "/media/derick/DeoResearch/experiments/rocksalt3_ZrN_casm/mc_coarse_new_scel/cooling/mu_0.9750_0.9750_T_2000_20/conditions.79/initial_state.json"

-- Begin: Conditions 79 -- 

-- End: Conditions 79 -- 
run time: 16.509178 (s),  0.016509178 (s/pass),  1.2283615e-05(s/step)

-- Write: DoF -- 
write: "/media/derick/DeoResearch/experiments/rocksalt3_ZrN_casm/mc_coarse_new_scel/cooling/mu_0.9750_0.9750_T_2000_20/conditions.79/final_state.json"

-- Write: Output files -- 
write: "/media/derick/DeoResearch/experiments/rocksalt3_ZrN_casm/mc_coarse_new_scel/cooling/mu_0.9750_0.9750_T_2000_20/results.json"
write: "/media/derick/DeoResearch/experiments/rocksalt3_ZrN_casm/mc_coarse_new_scel/cooling/mu_0.9750_0.9750_T_2000_20/conditions.79/conditions.json"


-- Set: Conditions -- 
T: 400
param_chem_pot: [ 0.975000000000 ]


-- Continue with existing DoF -- 

-- Write: DoF -- 
write: "/media/derick/DeoResearch/experiments/rocksalt3_ZrN_casm/mc_coarse_new_scel/cooling/mu_0.9750_0.9750_T_2000_20/conditions.80/initial_state.json"

-- Begin: Conditions 80 -- 

-- End: Conditions 80 -- 
run time: 16.438508 (s),  0.016438508 (s/pass),  1.2231032e-05(s/step)

-- Write: DoF -- 
write: "/media/derick/DeoResearch/experiments/rocksalt3_ZrN_casm/mc_coarse_new_scel/cooling/mu_0.9750_0.9750_T_2000_20/conditions.80/final_state.json"

-- Write: Output files -- 
write: "/media/derick/DeoResearch/experiments/rocksalt3_ZrN_casm/mc_coarse_new_scel/cooling/mu_0.9750_0.9750_T_2000_20/results.json"
write: "/media/derick/DeoResearch/experiments/rocksalt3_ZrN_casm/mc_coarse_new_scel/cooling/mu_0.9750_0.9750_T_2000_20/conditions.80/conditions.json"


-- Set: Conditions -- 
T: 380
param_chem_pot: [ 0.975000000000 ]


-- Continue with existing DoF -- 

-- Write: DoF -- 
write: "/media/derick/DeoResearch/experiments/rocksalt3_ZrN_casm/mc_coarse_new_scel/cooling/mu_0.9750_0.9750_T_2000_20/conditions.81/initial_state.json"

-- Begin: Conditions 81 -- 

-- End: Conditions 81 -- 
run time: 16.565877 (s),  0.016565877 (s/pass),  1.2325801e-05(s/step)

-- Write: DoF -- 
write: "/media/derick/DeoResearch/experiments/rocksalt3_ZrN_casm/mc_coarse_new_scel/cooling/mu_0.9750_0.9750_T_2000_20/conditions.81/final_state.json"

-- Write: Output files -- 
write: "/media/derick/DeoResearch/experiments/rocksalt3_ZrN_casm/mc_coarse_new_scel/cooling/mu_0.9750_0.9750_T_2000_20/results.json"
write: "/media/derick/DeoResearch/experiments/rocksalt3_ZrN_casm/mc_coarse_new_scel/cooling/mu_0.9750_0.9750_T_2000_20/conditions.81/conditions.json"


-- Set: Conditions -- 
T: 360
param_chem_pot: [ 0.975000000000 ]


-- Continue with existing DoF -- 

-- Write: DoF -- 
write: "/media/derick/DeoResearch/experiments/rocksalt3_ZrN_casm/mc_coarse_new_scel/cooling/mu_0.9750_0.9750_T_2000_20/conditions.82/initial_state.json"

-- Begin: Conditions 82 -- 

-- End: Conditions 82 -- 
run time: 16.327757 (s),  0.016327757 (s/pass),  1.2148629e-05(s/step)

-- Write: DoF -- 
write: "/media/derick/DeoResearch/experiments/rocksalt3_ZrN_casm/mc_coarse_new_scel/cooling/mu_0.9750_0.9750_T_2000_20/conditions.82/final_state.json"

-- Write: Output files -- 
write: "/media/derick/DeoResearch/experiments/rocksalt3_ZrN_casm/mc_coarse_new_scel/cooling/mu_0.9750_0.9750_T_2000_20/results.json"
write: "/media/derick/DeoResearch/experiments/rocksalt3_ZrN_casm/mc_coarse_new_scel/cooling/mu_0.9750_0.9750_T_2000_20/conditions.82/conditions.json"


-- Set: Conditions -- 
T: 340
param_chem_pot: [ 0.975000000000 ]


-- Continue with existing DoF -- 

-- Write: DoF -- 
write: "/media/derick/DeoResearch/experiments/rocksalt3_ZrN_casm/mc_coarse_new_scel/cooling/mu_0.9750_0.9750_T_2000_20/conditions.83/initial_state.json"

-- Begin: Conditions 83 -- 

-- End: Conditions 83 -- 
run time: 16.386641 (s),  0.016386641 (s/pass),  1.2192441e-05(s/step)

-- Write: DoF -- 
write: "/media/derick/DeoResearch/experiments/rocksalt3_ZrN_casm/mc_coarse_new_scel/cooling/mu_0.9750_0.9750_T_2000_20/conditions.83/final_state.json"

-- Write: Output files -- 
write: "/media/derick/DeoResearch/experiments/rocksalt3_ZrN_casm/mc_coarse_new_scel/cooling/mu_0.9750_0.9750_T_2000_20/results.json"
write: "/media/derick/DeoResearch/experiments/rocksalt3_ZrN_casm/mc_coarse_new_scel/cooling/mu_0.9750_0.9750_T_2000_20/conditions.83/conditions.json"


-- Set: Conditions -- 
T: 320
param_chem_pot: [ 0.975000000000 ]


-- Continue with existing DoF -- 

-- Write: DoF -- 
write: "/media/derick/DeoResearch/experiments/rocksalt3_ZrN_casm/mc_coarse_new_scel/cooling/mu_0.9750_0.9750_T_2000_20/conditions.84/initial_state.json"

-- Begin: Conditions 84 -- 

-- End: Conditions 84 -- 
run time: 16.54774 (s),  0.01654774 (s/pass),  1.2312306e-05(s/step)

-- Write: DoF -- 
write: "/media/derick/DeoResearch/experiments/rocksalt3_ZrN_casm/mc_coarse_new_scel/cooling/mu_0.9750_0.9750_T_2000_20/conditions.84/final_state.json"

-- Write: Output files -- 
write: "/media/derick/DeoResearch/experiments/rocksalt3_ZrN_casm/mc_coarse_new_scel/cooling/mu_0.9750_0.9750_T_2000_20/results.json"
write: "/media/derick/DeoResearch/experiments/rocksalt3_ZrN_casm/mc_coarse_new_scel/cooling/mu_0.9750_0.9750_T_2000_20/conditions.84/conditions.json"


-- Set: Conditions -- 
T: 300
param_chem_pot: [ 0.975000000000 ]


-- Continue with existing DoF -- 

-- Write: DoF -- 
write: "/media/derick/DeoResearch/experiments/rocksalt3_ZrN_casm/mc_coarse_new_scel/cooling/mu_0.9750_0.9750_T_2000_20/conditions.85/initial_state.json"

-- Begin: Conditions 85 -- 

-- End: Conditions 85 -- 
run time: 16.472992 (s),  0.016472992 (s/pass),  1.2256691e-05(s/step)

-- Write: DoF -- 
write: "/media/derick/DeoResearch/experiments/rocksalt3_ZrN_casm/mc_coarse_new_scel/cooling/mu_0.9750_0.9750_T_2000_20/conditions.85/final_state.json"

-- Write: Output files -- 
write: "/media/derick/DeoResearch/experiments/rocksalt3_ZrN_casm/mc_coarse_new_scel/cooling/mu_0.9750_0.9750_T_2000_20/results.json"
write: "/media/derick/DeoResearch/experiments/rocksalt3_ZrN_casm/mc_coarse_new_scel/cooling/mu_0.9750_0.9750_T_2000_20/conditions.85/conditions.json"


-- Set: Conditions -- 
T: 280
param_chem_pot: [ 0.975000000000 ]


-- Continue with existing DoF -- 

-- Write: DoF -- 
write: "/media/derick/DeoResearch/experiments/rocksalt3_ZrN_casm/mc_coarse_new_scel/cooling/mu_0.9750_0.9750_T_2000_20/conditions.86/initial_state.json"

-- Begin: Conditions 86 -- 

-- End: Conditions 86 -- 
run time: 16.461111 (s),  0.016461111 (s/pass),  1.224785e-05(s/step)

-- Write: DoF -- 
write: "/media/derick/DeoResearch/experiments/rocksalt3_ZrN_casm/mc_coarse_new_scel/cooling/mu_0.9750_0.9750_T_2000_20/conditions.86/final_state.json"

-- Write: Output files -- 
write: "/media/derick/DeoResearch/experiments/rocksalt3_ZrN_casm/mc_coarse_new_scel/cooling/mu_0.9750_0.9750_T_2000_20/results.json"
write: "/media/derick/DeoResearch/experiments/rocksalt3_ZrN_casm/mc_coarse_new_scel/cooling/mu_0.9750_0.9750_T_2000_20/conditions.86/conditions.json"


-- Set: Conditions -- 
T: 260
param_chem_pot: [ 0.975000000000 ]


-- Continue with existing DoF -- 

-- Write: DoF -- 
write: "/media/derick/DeoResearch/experiments/rocksalt3_ZrN_casm/mc_coarse_new_scel/cooling/mu_0.9750_0.9750_T_2000_20/conditions.87/initial_state.json"

-- Begin: Conditions 87 -- 

-- End: Conditions 87 -- 
run time: 16.775364 (s),  0.016775364 (s/pass),  1.2481669e-05(s/step)

-- Write: DoF -- 
write: "/media/derick/DeoResearch/experiments/rocksalt3_ZrN_casm/mc_coarse_new_scel/cooling/mu_0.9750_0.9750_T_2000_20/conditions.87/final_state.json"

-- Write: Output files -- 
write: "/media/derick/DeoResearch/experiments/rocksalt3_ZrN_casm/mc_coarse_new_scel/cooling/mu_0.9750_0.9750_T_2000_20/results.json"
write: "/media/derick/DeoResearch/experiments/rocksalt3_ZrN_casm/mc_coarse_new_scel/cooling/mu_0.9750_0.9750_T_2000_20/conditions.87/conditions.json"


-- Set: Conditions -- 
T: 240
param_chem_pot: [ 0.975000000000 ]


-- Continue with existing DoF -- 

-- Write: DoF -- 
write: "/media/derick/DeoResearch/experiments/rocksalt3_ZrN_casm/mc_coarse_new_scel/cooling/mu_0.9750_0.9750_T_2000_20/conditions.88/initial_state.json"

-- Begin: Conditions 88 -- 

-- End: Conditions 88 -- 
run time: 16.687821 (s),  0.016687821 (s/pass),  1.2416534e-05(s/step)

-- Write: DoF -- 
write: "/media/derick/DeoResearch/experiments/rocksalt3_ZrN_casm/mc_coarse_new_scel/cooling/mu_0.9750_0.9750_T_2000_20/conditions.88/final_state.json"

-- Write: Output files -- 
write: "/media/derick/DeoResearch/experiments/rocksalt3_ZrN_casm/mc_coarse_new_scel/cooling/mu_0.9750_0.9750_T_2000_20/results.json"
write: "/media/derick/DeoResearch/experiments/rocksalt3_ZrN_casm/mc_coarse_new_scel/cooling/mu_0.9750_0.9750_T_2000_20/conditions.88/conditions.json"


-- Set: Conditions -- 
T: 220
param_chem_pot: [ 0.975000000000 ]


-- Continue with existing DoF -- 

-- Write: DoF -- 
write: "/media/derick/DeoResearch/experiments/rocksalt3_ZrN_casm/mc_coarse_new_scel/cooling/mu_0.9750_0.9750_T_2000_20/conditions.89/initial_state.json"

-- Begin: Conditions 89 -- 

-- End: Conditions 89 -- 
run time: 17.018953 (s),  0.017018953 (s/pass),  1.2662912e-05(s/step)

-- Write: DoF -- 
write: "/media/derick/DeoResearch/experiments/rocksalt3_ZrN_casm/mc_coarse_new_scel/cooling/mu_0.9750_0.9750_T_2000_20/conditions.89/final_state.json"

-- Write: Output files -- 
write: "/media/derick/DeoResearch/experiments/rocksalt3_ZrN_casm/mc_coarse_new_scel/cooling/mu_0.9750_0.9750_T_2000_20/results.json"
write: "/media/derick/DeoResearch/experiments/rocksalt3_ZrN_casm/mc_coarse_new_scel/cooling/mu_0.9750_0.9750_T_2000_20/conditions.89/conditions.json"


-- Set: Conditions -- 
T: 200
param_chem_pot: [ 0.975000000000 ]


-- Continue with existing DoF -- 

-- Write: DoF -- 
write: "/media/derick/DeoResearch/experiments/rocksalt3_ZrN_casm/mc_coarse_new_scel/cooling/mu_0.9750_0.9750_T_2000_20/conditions.90/initial_state.json"

-- Begin: Conditions 90 -- 

-- End: Conditions 90 -- 
run time: 16.846032 (s),  0.016846032 (s/pass),  1.253425e-05(s/step)

-- Write: DoF -- 
write: "/media/derick/DeoResearch/experiments/rocksalt3_ZrN_casm/mc_coarse_new_scel/cooling/mu_0.9750_0.9750_T_2000_20/conditions.90/final_state.json"

-- Write: Output files -- 
write: "/media/derick/DeoResearch/experiments/rocksalt3_ZrN_casm/mc_coarse_new_scel/cooling/mu_0.9750_0.9750_T_2000_20/results.json"
write: "/media/derick/DeoResearch/experiments/rocksalt3_ZrN_casm/mc_coarse_new_scel/cooling/mu_0.9750_0.9750_T_2000_20/conditions.90/conditions.json"


-- Set: Conditions -- 
T: 180
param_chem_pot: [ 0.975000000000 ]


-- Continue with existing DoF -- 

-- Write: DoF -- 
write: "/media/derick/DeoResearch/experiments/rocksalt3_ZrN_casm/mc_coarse_new_scel/cooling/mu_0.9750_0.9750_T_2000_20/conditions.91/initial_state.json"

-- Begin: Conditions 91 -- 

-- End: Conditions 91 -- 
run time: 16.920782 (s),  0.016920782 (s/pass),  1.2589867e-05(s/step)

-- Write: DoF -- 
write: "/media/derick/DeoResearch/experiments/rocksalt3_ZrN_casm/mc_coarse_new_scel/cooling/mu_0.9750_0.9750_T_2000_20/conditions.91/final_state.json"

-- Write: Output files -- 
write: "/media/derick/DeoResearch/experiments/rocksalt3_ZrN_casm/mc_coarse_new_scel/cooling/mu_0.9750_0.9750_T_2000_20/results.json"
write: "/media/derick/DeoResearch/experiments/rocksalt3_ZrN_casm/mc_coarse_new_scel/cooling/mu_0.9750_0.9750_T_2000_20/conditions.91/conditions.json"


-- Set: Conditions -- 
T: 160
param_chem_pot: [ 0.975000000000 ]


-- Continue with existing DoF -- 

-- Write: DoF -- 
write: "/media/derick/DeoResearch/experiments/rocksalt3_ZrN_casm/mc_coarse_new_scel/cooling/mu_0.9750_0.9750_T_2000_20/conditions.92/initial_state.json"

-- Begin: Conditions 92 -- 

-- End: Conditions 92 -- 
run time: 16.289369 (s),  0.016289369 (s/pass),  1.2120067e-05(s/step)

-- Write: DoF -- 
write: "/media/derick/DeoResearch/experiments/rocksalt3_ZrN_casm/mc_coarse_new_scel/cooling/mu_0.9750_0.9750_T_2000_20/conditions.92/final_state.json"

-- Write: Output files -- 
write: "/media/derick/DeoResearch/experiments/rocksalt3_ZrN_casm/mc_coarse_new_scel/cooling/mu_0.9750_0.9750_T_2000_20/results.json"
write: "/media/derick/DeoResearch/experiments/rocksalt3_ZrN_casm/mc_coarse_new_scel/cooling/mu_0.9750_0.9750_T_2000_20/conditions.92/conditions.json"


-- Set: Conditions -- 
T: 140
param_chem_pot: [ 0.975000000000 ]


-- Continue with existing DoF -- 

-- Write: DoF -- 
write: "/media/derick/DeoResearch/experiments/rocksalt3_ZrN_casm/mc_coarse_new_scel/cooling/mu_0.9750_0.9750_T_2000_20/conditions.93/initial_state.json"

-- Begin: Conditions 93 -- 

-- End: Conditions 93 -- 
run time: 16.61008 (s),  0.01661008 (s/pass),  1.2358691e-05(s/step)

-- Write: DoF -- 
write: "/media/derick/DeoResearch/experiments/rocksalt3_ZrN_casm/mc_coarse_new_scel/cooling/mu_0.9750_0.9750_T_2000_20/conditions.93/final_state.json"

-- Write: Output files -- 
write: "/media/derick/DeoResearch/experiments/rocksalt3_ZrN_casm/mc_coarse_new_scel/cooling/mu_0.9750_0.9750_T_2000_20/results.json"
write: "/media/derick/DeoResearch/experiments/rocksalt3_ZrN_casm/mc_coarse_new_scel/cooling/mu_0.9750_0.9750_T_2000_20/conditions.93/conditions.json"


-- Set: Conditions -- 
T: 120
param_chem_pot: [ 0.975000000000 ]


-- Continue with existing DoF -- 

-- Write: DoF -- 
write: "/media/derick/DeoResearch/experiments/rocksalt3_ZrN_casm/mc_coarse_new_scel/cooling/mu_0.9750_0.9750_T_2000_20/conditions.94/initial_state.json"

-- Begin: Conditions 94 -- 

-- End: Conditions 94 -- 
run time: 16.344536 (s),  0.016344536 (s/pass),  1.2161113e-05(s/step)

-- Write: DoF -- 
write: "/media/derick/DeoResearch/experiments/rocksalt3_ZrN_casm/mc_coarse_new_scel/cooling/mu_0.9750_0.9750_T_2000_20/conditions.94/final_state.json"

-- Write: Output files -- 
write: "/media/derick/DeoResearch/experiments/rocksalt3_ZrN_casm/mc_coarse_new_scel/cooling/mu_0.9750_0.9750_T_2000_20/results.json"
write: "/media/derick/DeoResearch/experiments/rocksalt3_ZrN_casm/mc_coarse_new_scel/cooling/mu_0.9750_0.9750_T_2000_20/conditions.94/conditions.json"


-- Set: Conditions -- 
T: 100
param_chem_pot: [ 0.975000000000 ]


-- Continue with existing DoF -- 

-- Write: DoF -- 
write: "/media/derick/DeoResearch/experiments/rocksalt3_ZrN_casm/mc_coarse_new_scel/cooling/mu_0.9750_0.9750_T_2000_20/conditions.95/initial_state.json"

-- Begin: Conditions 95 -- 

-- End: Conditions 95 -- 
run time: 16.51834 (s),  0.01651834 (s/pass),  1.2290432e-05(s/step)

-- Write: DoF -- 
write: "/media/derick/DeoResearch/experiments/rocksalt3_ZrN_casm/mc_coarse_new_scel/cooling/mu_0.9750_0.9750_T_2000_20/conditions.95/final_state.json"

-- Write: Output files -- 
write: "/media/derick/DeoResearch/experiments/rocksalt3_ZrN_casm/mc_coarse_new_scel/cooling/mu_0.9750_0.9750_T_2000_20/results.json"
write: "/media/derick/DeoResearch/experiments/rocksalt3_ZrN_casm/mc_coarse_new_scel/cooling/mu_0.9750_0.9750_T_2000_20/conditions.95/conditions.json"


-- Set: Conditions -- 
T: 80
param_chem_pot: [ 0.975000000000 ]


-- Continue with existing DoF -- 

-- Write: DoF -- 
write: "/media/derick/DeoResearch/experiments/rocksalt3_ZrN_casm/mc_coarse_new_scel/cooling/mu_0.9750_0.9750_T_2000_20/conditions.96/initial_state.json"

-- Begin: Conditions 96 -- 

-- End: Conditions 96 -- 
run time: 16.845793 (s),  0.016845793 (s/pass),  1.2534072e-05(s/step)

-- Write: DoF -- 
write: "/media/derick/DeoResearch/experiments/rocksalt3_ZrN_casm/mc_coarse_new_scel/cooling/mu_0.9750_0.9750_T_2000_20/conditions.96/final_state.json"

-- Write: Output files -- 
write: "/media/derick/DeoResearch/experiments/rocksalt3_ZrN_casm/mc_coarse_new_scel/cooling/mu_0.9750_0.9750_T_2000_20/results.json"
write: "/media/derick/DeoResearch/experiments/rocksalt3_ZrN_casm/mc_coarse_new_scel/cooling/mu_0.9750_0.9750_T_2000_20/conditions.96/conditions.json"


-- Set: Conditions -- 
T: 60
param_chem_pot: [ 0.975000000000 ]


-- Continue with existing DoF -- 

-- Write: DoF -- 
write: "/media/derick/DeoResearch/experiments/rocksalt3_ZrN_casm/mc_coarse_new_scel/cooling/mu_0.9750_0.9750_T_2000_20/conditions.97/initial_state.json"

-- Begin: Conditions 97 -- 

-- End: Conditions 97 -- 
run time: 16.504 (s),  0.016504 (s/pass),  1.2279762e-05(s/step)

-- Write: DoF -- 
write: "/media/derick/DeoResearch/experiments/rocksalt3_ZrN_casm/mc_coarse_new_scel/cooling/mu_0.9750_0.9750_T_2000_20/conditions.97/final_state.json"

-- Write: Output files -- 
write: "/media/derick/DeoResearch/experiments/rocksalt3_ZrN_casm/mc_coarse_new_scel/cooling/mu_0.9750_0.9750_T_2000_20/results.json"
write: "/media/derick/DeoResearch/experiments/rocksalt3_ZrN_casm/mc_coarse_new_scel/cooling/mu_0.9750_0.9750_T_2000_20/conditions.97/conditions.json"


-- Set: Conditions -- 
T: 40
param_chem_pot: [ 0.975000000000 ]


-- Continue with existing DoF -- 

-- Write: DoF -- 
write: "/media/derick/DeoResearch/experiments/rocksalt3_ZrN_casm/mc_coarse_new_scel/cooling/mu_0.9750_0.9750_T_2000_20/conditions.98/initial_state.json"

-- Begin: Conditions 98 -- 

-- End: Conditions 98 -- 
run time: 16.351717 (s),  0.016351717 (s/pass),  1.2166456e-05(s/step)

-- Write: DoF -- 
write: "/media/derick/DeoResearch/experiments/rocksalt3_ZrN_casm/mc_coarse_new_scel/cooling/mu_0.9750_0.9750_T_2000_20/conditions.98/final_state.json"

-- Write: Output files -- 
write: "/media/derick/DeoResearch/experiments/rocksalt3_ZrN_casm/mc_coarse_new_scel/cooling/mu_0.9750_0.9750_T_2000_20/results.json"
write: "/media/derick/DeoResearch/experiments/rocksalt3_ZrN_casm/mc_coarse_new_scel/cooling/mu_0.9750_0.9750_T_2000_20/conditions.98/conditions.json"


-- Set: Conditions -- 
T: 20
param_chem_pot: [ 0.975000000000 ]


-- Continue with existing DoF -- 

-- Write: DoF -- 
write: "/media/derick/DeoResearch/experiments/rocksalt3_ZrN_casm/mc_coarse_new_scel/cooling/mu_0.9750_0.9750_T_2000_20/conditions.99/initial_state.json"

-- Begin: Conditions 99 -- 

-- End: Conditions 99 -- 
run time: 16.337673 (s),  0.016337673 (s/pass),  1.2156007e-05(s/step)

-- Write: DoF -- 
write: "/media/derick/DeoResearch/experiments/rocksalt3_ZrN_casm/mc_coarse_new_scel/cooling/mu_0.9750_0.9750_T_2000_20/conditions.99/final_state.json"

-- Write: Output files -- 
write: "/media/derick/DeoResearch/experiments/rocksalt3_ZrN_casm/mc_coarse_new_scel/cooling/mu_0.9750_0.9750_T_2000_20/results.json"
write: "/media/derick/DeoResearch/experiments/rocksalt3_ZrN_casm/mc_coarse_new_scel/cooling/mu_0.9750_0.9750_T_2000_20/conditions.99/conditions.json"


