-- Read: Monte Carlo settings -- 
from: "/media/derick/DeoResearch/experiments/rocksalt3_ZrN_casm/mc_coarse_new_scel/cooling/mu_0.0000_0.0000_T_2000_20/mc_settings.json"
ensemble: GrandCanonical
method: Metropolis

-- Compiling: /media/derick/DeoResearch/experiments/rocksalt3_ZrN_casm/basis_sets/bset.default/rocksalt_ZrN_casm_1_1_2_Clexulator.cc -- 
compile time depends on how many basis functions are included
compile time: 0.000608614 (s)

-- Construct: Grand Canonical Monte Carlo -- 
project: "/media/derick/DeoResearch/experiments/rocksalt3_ZrN_casm"
formation_energy cluster expansion: formation_energy
      property: formation_energy
      calctype: default
           ref: default
          bset: default
           eci: default
supercell: 
 -4   4 -20
 -4   0  24
  6   4   4
use_deltas: false

Sampling: 
                quantity     requested_precision
            atom_frac(N)                    none
           atom_frac(Zr)                    none
                 comp(a)                   0.001
               comp_n(N)                    none
              comp_n(Va)                    none
              comp_n(Zr)                    none
        formation_energy                    none
        potential_energy                    none
            site_frac(N)                    none
           site_frac(Va)                    none
           site_frac(Zr)                    none

automatic convergence mode?: true

-- Check: For existing calculations -- 
did not find existing calculations

-- Set: Conditions -- 
T: 2000
param_chem_pot: [ 0.000000000000 ]

-- Set: DoF -- 
motif configname: default
using configuration with default occupation...

-- Set: DoF -- 
motif configname: auto
searching for minimum potential energy motif...
using conditions: 
T: 2000
param_chem_pot: [ 0.000000000000 ]

using: SCEL4_4_1_1_0_2_1/1 with potential energy: -0.13154513

-- Set: Conditions -- 
T: 2000
param_chem_pot: [ 0.000000000000 ]


-- Continue with existing DoF -- 

-- Write: DoF -- 
write: "/media/derick/DeoResearch/experiments/rocksalt3_ZrN_casm/mc_coarse_new_scel/cooling/mu_0.0000_0.0000_T_2000_20/conditions.0/initial_state.json"

-- Begin: Conditions 0 -- 

-- End: Conditions 0 -- 
run time: 16.617333 (s),  0.016617333 (s/pass),  1.2364087e-05(s/step)

-- Write: DoF -- 
write: "/media/derick/DeoResearch/experiments/rocksalt3_ZrN_casm/mc_coarse_new_scel/cooling/mu_0.0000_0.0000_T_2000_20/conditions.0/final_state.json"

-- Write: Output files -- 
write: "/media/derick/DeoResearch/experiments/rocksalt3_ZrN_casm/mc_coarse_new_scel/cooling/mu_0.0000_0.0000_T_2000_20/results.json"
write: "/media/derick/DeoResearch/experiments/rocksalt3_ZrN_casm/mc_coarse_new_scel/cooling/mu_0.0000_0.0000_T_2000_20/conditions.0/conditions.json"


-- Set: Conditions -- 
T: 1980
param_chem_pot: [ 0.000000000000 ]


-- Continue with existing DoF -- 

-- Write: DoF -- 
write: "/media/derick/DeoResearch/experiments/rocksalt3_ZrN_casm/mc_coarse_new_scel/cooling/mu_0.0000_0.0000_T_2000_20/conditions.1/initial_state.json"

-- Begin: Conditions 1 -- 

-- End: Conditions 1 -- 
run time: 17.287007 (s),  0.017287007 (s/pass),  1.2862357e-05(s/step)

-- Write: DoF -- 
write: "/media/derick/DeoResearch/experiments/rocksalt3_ZrN_casm/mc_coarse_new_scel/cooling/mu_0.0000_0.0000_T_2000_20/conditions.1/final_state.json"

-- Write: Output files -- 
write: "/media/derick/DeoResearch/experiments/rocksalt3_ZrN_casm/mc_coarse_new_scel/cooling/mu_0.0000_0.0000_T_2000_20/results.json"
write: "/media/derick/DeoResearch/experiments/rocksalt3_ZrN_casm/mc_coarse_new_scel/cooling/mu_0.0000_0.0000_T_2000_20/conditions.1/conditions.json"


-- Set: Conditions -- 
T: 1960
param_chem_pot: [ 0.000000000000 ]


-- Continue with existing DoF -- 

-- Write: DoF -- 
write: "/media/derick/DeoResearch/experiments/rocksalt3_ZrN_casm/mc_coarse_new_scel/cooling/mu_0.0000_0.0000_T_2000_20/conditions.2/initial_state.json"

-- Begin: Conditions 2 -- 

-- End: Conditions 2 -- 
run time: 16.771145 (s),  0.016771145 (s/pass),  1.2478531e-05(s/step)

-- Write: DoF -- 
write: "/media/derick/DeoResearch/experiments/rocksalt3_ZrN_casm/mc_coarse_new_scel/cooling/mu_0.0000_0.0000_T_2000_20/conditions.2/final_state.json"

-- Write: Output files -- 
write: "/media/derick/DeoResearch/experiments/rocksalt3_ZrN_casm/mc_coarse_new_scel/cooling/mu_0.0000_0.0000_T_2000_20/results.json"
write: "/media/derick/DeoResearch/experiments/rocksalt3_ZrN_casm/mc_coarse_new_scel/cooling/mu_0.0000_0.0000_T_2000_20/conditions.2/conditions.json"


-- Set: Conditions -- 
T: 1940
param_chem_pot: [ 0.000000000000 ]


-- Continue with existing DoF -- 

-- Write: DoF -- 
write: "/media/derick/DeoResearch/experiments/rocksalt3_ZrN_casm/mc_coarse_new_scel/cooling/mu_0.0000_0.0000_T_2000_20/conditions.3/initial_state.json"

-- Begin: Conditions 3 -- 

-- End: Conditions 3 -- 
run time: 16.388221 (s),  0.016388221 (s/pass),  1.2193617e-05(s/step)

-- Write: DoF -- 
write: "/media/derick/DeoResearch/experiments/rocksalt3_ZrN_casm/mc_coarse_new_scel/cooling/mu_0.0000_0.0000_T_2000_20/conditions.3/final_state.json"

-- Write: Output files -- 
write: "/media/derick/DeoResearch/experiments/rocksalt3_ZrN_casm/mc_coarse_new_scel/cooling/mu_0.0000_0.0000_T_2000_20/results.json"
write: "/media/derick/DeoResearch/experiments/rocksalt3_ZrN_casm/mc_coarse_new_scel/cooling/mu_0.0000_0.0000_T_2000_20/conditions.3/conditions.json"


-- Set: Conditions -- 
T: 1920
param_chem_pot: [ 0.000000000000 ]


-- Continue with existing DoF -- 

-- Write: DoF -- 
write: "/media/derick/DeoResearch/experiments/rocksalt3_ZrN_casm/mc_coarse_new_scel/cooling/mu_0.0000_0.0000_T_2000_20/conditions.4/initial_state.json"

-- Begin: Conditions 4 -- 

-- End: Conditions 4 -- 
run time: 16.365301 (s),  0.016365301 (s/pass),  1.2176563e-05(s/step)

-- Write: DoF -- 
write: "/media/derick/DeoResearch/experiments/rocksalt3_ZrN_casm/mc_coarse_new_scel/cooling/mu_0.0000_0.0000_T_2000_20/conditions.4/final_state.json"

-- Write: Output files -- 
write: "/media/derick/DeoResearch/experiments/rocksalt3_ZrN_casm/mc_coarse_new_scel/cooling/mu_0.0000_0.0000_T_2000_20/results.json"
write: "/media/derick/DeoResearch/experiments/rocksalt3_ZrN_casm/mc_coarse_new_scel/cooling/mu_0.0000_0.0000_T_2000_20/conditions.4/conditions.json"


-- Set: Conditions -- 
T: 1900
param_chem_pot: [ 0.000000000000 ]


-- Continue with existing DoF -- 

-- Write: DoF -- 
write: "/media/derick/DeoResearch/experiments/rocksalt3_ZrN_casm/mc_coarse_new_scel/cooling/mu_0.0000_0.0000_T_2000_20/conditions.5/initial_state.json"

-- Begin: Conditions 5 -- 

-- End: Conditions 5 -- 
run time: 16.515885 (s),  0.016515885 (s/pass),  1.2288605e-05(s/step)

-- Write: DoF -- 
write: "/media/derick/DeoResearch/experiments/rocksalt3_ZrN_casm/mc_coarse_new_scel/cooling/mu_0.0000_0.0000_T_2000_20/conditions.5/final_state.json"

-- Write: Output files -- 
write: "/media/derick/DeoResearch/experiments/rocksalt3_ZrN_casm/mc_coarse_new_scel/cooling/mu_0.0000_0.0000_T_2000_20/results.json"
write: "/media/derick/DeoResearch/experiments/rocksalt3_ZrN_casm/mc_coarse_new_scel/cooling/mu_0.0000_0.0000_T_2000_20/conditions.5/conditions.json"


-- Set: Conditions -- 
T: 1880
param_chem_pot: [ 0.000000000000 ]


-- Continue with existing DoF -- 

-- Write: DoF -- 
write: "/media/derick/DeoResearch/experiments/rocksalt3_ZrN_casm/mc_coarse_new_scel/cooling/mu_0.0000_0.0000_T_2000_20/conditions.6/initial_state.json"

-- Begin: Conditions 6 -- 

-- End: Conditions 6 -- 
run time: 16.410091 (s),  0.016410091 (s/pass),  1.2209889e-05(s/step)

-- Write: DoF -- 
write: "/media/derick/DeoResearch/experiments/rocksalt3_ZrN_casm/mc_coarse_new_scel/cooling/mu_0.0000_0.0000_T_2000_20/conditions.6/final_state.json"

-- Write: Output files -- 
write: "/media/derick/DeoResearch/experiments/rocksalt3_ZrN_casm/mc_coarse_new_scel/cooling/mu_0.0000_0.0000_T_2000_20/results.json"
write: "/media/derick/DeoResearch/experiments/rocksalt3_ZrN_casm/mc_coarse_new_scel/cooling/mu_0.0000_0.0000_T_2000_20/conditions.6/conditions.json"


-- Set: Conditions -- 
T: 1860
param_chem_pot: [ 0.000000000000 ]


-- Continue with existing DoF -- 

-- Write: DoF -- 
write: "/media/derick/DeoResearch/experiments/rocksalt3_ZrN_casm/mc_coarse_new_scel/cooling/mu_0.0000_0.0000_T_2000_20/conditions.7/initial_state.json"

-- Begin: Conditions 7 -- 

-- End: Conditions 7 -- 
run time: 16.418504 (s),  0.016418504 (s/pass),  1.2216149e-05(s/step)

-- Write: DoF -- 
write: "/media/derick/DeoResearch/experiments/rocksalt3_ZrN_casm/mc_coarse_new_scel/cooling/mu_0.0000_0.0000_T_2000_20/conditions.7/final_state.json"

-- Write: Output files -- 
write: "/media/derick/DeoResearch/experiments/rocksalt3_ZrN_casm/mc_coarse_new_scel/cooling/mu_0.0000_0.0000_T_2000_20/results.json"
write: "/media/derick/DeoResearch/experiments/rocksalt3_ZrN_casm/mc_coarse_new_scel/cooling/mu_0.0000_0.0000_T_2000_20/conditions.7/conditions.json"


-- Set: Conditions -- 
T: 1840
param_chem_pot: [ 0.000000000000 ]


-- Continue with existing DoF -- 

-- Write: DoF -- 
write: "/media/derick/DeoResearch/experiments/rocksalt3_ZrN_casm/mc_coarse_new_scel/cooling/mu_0.0000_0.0000_T_2000_20/conditions.8/initial_state.json"

-- Begin: Conditions 8 -- 

-- End: Conditions 8 -- 
run time: 16.453832 (s),  0.016453832 (s/pass),  1.2242434e-05(s/step)

-- Write: DoF -- 
write: "/media/derick/DeoResearch/experiments/rocksalt3_ZrN_casm/mc_coarse_new_scel/cooling/mu_0.0000_0.0000_T_2000_20/conditions.8/final_state.json"

-- Write: Output files -- 
write: "/media/derick/DeoResearch/experiments/rocksalt3_ZrN_casm/mc_coarse_new_scel/cooling/mu_0.0000_0.0000_T_2000_20/results.json"
write: "/media/derick/DeoResearch/experiments/rocksalt3_ZrN_casm/mc_coarse_new_scel/cooling/mu_0.0000_0.0000_T_2000_20/conditions.8/conditions.json"


-- Set: Conditions -- 
T: 1820
param_chem_pot: [ 0.000000000000 ]


-- Continue with existing DoF -- 

-- Write: DoF -- 
write: "/media/derick/DeoResearch/experiments/rocksalt3_ZrN_casm/mc_coarse_new_scel/cooling/mu_0.0000_0.0000_T_2000_20/conditions.9/initial_state.json"

-- Begin: Conditions 9 -- 

-- End: Conditions 9 -- 
run time: 16.457893 (s),  0.016457893 (s/pass),  1.2245456e-05(s/step)

-- Write: DoF -- 
write: "/media/derick/DeoResearch/experiments/rocksalt3_ZrN_casm/mc_coarse_new_scel/cooling/mu_0.0000_0.0000_T_2000_20/conditions.9/final_state.json"

-- Write: Output files -- 
write: "/media/derick/DeoResearch/experiments/rocksalt3_ZrN_casm/mc_coarse_new_scel/cooling/mu_0.0000_0.0000_T_2000_20/results.json"
write: "/media/derick/DeoResearch/experiments/rocksalt3_ZrN_casm/mc_coarse_new_scel/cooling/mu_0.0000_0.0000_T_2000_20/conditions.9/conditions.json"


-- Set: Conditions -- 
T: 1800
param_chem_pot: [ 0.000000000000 ]


-- Continue with existing DoF -- 

-- Write: DoF -- 
write: "/media/derick/DeoResearch/experiments/rocksalt3_ZrN_casm/mc_coarse_new_scel/cooling/mu_0.0000_0.0000_T_2000_20/conditions.10/initial_state.json"

-- Begin: Conditions 10 -- 

-- End: Conditions 10 -- 
run time: 16.436205 (s),  0.016436205 (s/pass),  1.2229319e-05(s/step)

-- Write: DoF -- 
write: "/media/derick/DeoResearch/experiments/rocksalt3_ZrN_casm/mc_coarse_new_scel/cooling/mu_0.0000_0.0000_T_2000_20/conditions.10/final_state.json"

-- Write: Output files -- 
write: "/media/derick/DeoResearch/experiments/rocksalt3_ZrN_casm/mc_coarse_new_scel/cooling/mu_0.0000_0.0000_T_2000_20/results.json"
write: "/media/derick/DeoResearch/experiments/rocksalt3_ZrN_casm/mc_coarse_new_scel/cooling/mu_0.0000_0.0000_T_2000_20/conditions.10/conditions.json"


-- Set: Conditions -- 
T: 1780
param_chem_pot: [ 0.000000000000 ]


-- Continue with existing DoF -- 

-- Write: DoF -- 
write: "/media/derick/DeoResearch/experiments/rocksalt3_ZrN_casm/mc_coarse_new_scel/cooling/mu_0.0000_0.0000_T_2000_20/conditions.11/initial_state.json"

-- Begin: Conditions 11 -- 

-- End: Conditions 11 -- 
run time: 16.402688 (s),  0.016402688 (s/pass),  1.2204381e-05(s/step)

-- Write: DoF -- 
write: "/media/derick/DeoResearch/experiments/rocksalt3_ZrN_casm/mc_coarse_new_scel/cooling/mu_0.0000_0.0000_T_2000_20/conditions.11/final_state.json"

-- Write: Output files -- 
write: "/media/derick/DeoResearch/experiments/rocksalt3_ZrN_casm/mc_coarse_new_scel/cooling/mu_0.0000_0.0000_T_2000_20/results.json"
write: "/media/derick/DeoResearch/experiments/rocksalt3_ZrN_casm/mc_coarse_new_scel/cooling/mu_0.0000_0.0000_T_2000_20/conditions.11/conditions.json"


-- Set: Conditions -- 
T: 1760
param_chem_pot: [ 0.000000000000 ]


-- Continue with existing DoF -- 

-- Write: DoF -- 
write: "/media/derick/DeoResearch/experiments/rocksalt3_ZrN_casm/mc_coarse_new_scel/cooling/mu_0.0000_0.0000_T_2000_20/conditions.12/initial_state.json"

-- Begin: Conditions 12 -- 

-- End: Conditions 12 -- 
run time: 16.505868 (s),  0.016505868 (s/pass),  1.2281152e-05(s/step)

-- Write: DoF -- 
write: "/media/derick/DeoResearch/experiments/rocksalt3_ZrN_casm/mc_coarse_new_scel/cooling/mu_0.0000_0.0000_T_2000_20/conditions.12/final_state.json"

-- Write: Output files -- 
write: "/media/derick/DeoResearch/experiments/rocksalt3_ZrN_casm/mc_coarse_new_scel/cooling/mu_0.0000_0.0000_T_2000_20/results.json"
write: "/media/derick/DeoResearch/experiments/rocksalt3_ZrN_casm/mc_coarse_new_scel/cooling/mu_0.0000_0.0000_T_2000_20/conditions.12/conditions.json"


-- Set: Conditions -- 
T: 1740
param_chem_pot: [ 0.000000000000 ]


-- Continue with existing DoF -- 

-- Write: DoF -- 
write: "/media/derick/DeoResearch/experiments/rocksalt3_ZrN_casm/mc_coarse_new_scel/cooling/mu_0.0000_0.0000_T_2000_20/conditions.13/initial_state.json"

-- Begin: Conditions 13 -- 

-- End: Conditions 13 -- 
run time: 16.682049 (s),  0.016682049 (s/pass),  1.2412239e-05(s/step)

-- Write: DoF -- 
write: "/media/derick/DeoResearch/experiments/rocksalt3_ZrN_casm/mc_coarse_new_scel/cooling/mu_0.0000_0.0000_T_2000_20/conditions.13/final_state.json"

-- Write: Output files -- 
write: "/media/derick/DeoResearch/experiments/rocksalt3_ZrN_casm/mc_coarse_new_scel/cooling/mu_0.0000_0.0000_T_2000_20/results.json"
write: "/media/derick/DeoResearch/experiments/rocksalt3_ZrN_casm/mc_coarse_new_scel/cooling/mu_0.0000_0.0000_T_2000_20/conditions.13/conditions.json"


-- Set: Conditions -- 
T: 1720
param_chem_pot: [ 0.000000000000 ]


-- Continue with existing DoF -- 

-- Write: DoF -- 
write: "/media/derick/DeoResearch/experiments/rocksalt3_ZrN_casm/mc_coarse_new_scel/cooling/mu_0.0000_0.0000_T_2000_20/conditions.14/initial_state.json"

-- Begin: Conditions 14 -- 

-- End: Conditions 14 -- 
run time: 16.717776 (s),  0.016717776 (s/pass),  1.2438821e-05(s/step)

-- Write: DoF -- 
write: "/media/derick/DeoResearch/experiments/rocksalt3_ZrN_casm/mc_coarse_new_scel/cooling/mu_0.0000_0.0000_T_2000_20/conditions.14/final_state.json"

-- Write: Output files -- 
write: "/media/derick/DeoResearch/experiments/rocksalt3_ZrN_casm/mc_coarse_new_scel/cooling/mu_0.0000_0.0000_T_2000_20/results.json"
write: "/media/derick/DeoResearch/experiments/rocksalt3_ZrN_casm/mc_coarse_new_scel/cooling/mu_0.0000_0.0000_T_2000_20/conditions.14/conditions.json"


-- Set: Conditions -- 
T: 1700
param_chem_pot: [ 0.000000000000 ]


-- Continue with existing DoF -- 

-- Write: DoF -- 
write: "/media/derick/DeoResearch/experiments/rocksalt3_ZrN_casm/mc_coarse_new_scel/cooling/mu_0.0000_0.0000_T_2000_20/conditions.15/initial_state.json"

-- Begin: Conditions 15 -- 

-- End: Conditions 15 -- 
run time: 16.510404 (s),  0.016510404 (s/pass),  1.2284527e-05(s/step)

-- Write: DoF -- 
write: "/media/derick/DeoResearch/experiments/rocksalt3_ZrN_casm/mc_coarse_new_scel/cooling/mu_0.0000_0.0000_T_2000_20/conditions.15/final_state.json"

-- Write: Output files -- 
write: "/media/derick/DeoResearch/experiments/rocksalt3_ZrN_casm/mc_coarse_new_scel/cooling/mu_0.0000_0.0000_T_2000_20/results.json"
write: "/media/derick/DeoResearch/experiments/rocksalt3_ZrN_casm/mc_coarse_new_scel/cooling/mu_0.0000_0.0000_T_2000_20/conditions.15/conditions.json"


-- Set: Conditions -- 
T: 1680
param_chem_pot: [ 0.000000000000 ]


-- Continue with existing DoF -- 

-- Write: DoF -- 
write: "/media/derick/DeoResearch/experiments/rocksalt3_ZrN_casm/mc_coarse_new_scel/cooling/mu_0.0000_0.0000_T_2000_20/conditions.16/initial_state.json"

-- Begin: Conditions 16 -- 

-- End: Conditions 16 -- 
run time: 16.647483 (s),  0.016647483 (s/pass),  1.238652e-05(s/step)

-- Write: DoF -- 
write: "/media/derick/DeoResearch/experiments/rocksalt3_ZrN_casm/mc_coarse_new_scel/cooling/mu_0.0000_0.0000_T_2000_20/conditions.16/final_state.json"

-- Write: Output files -- 
write: "/media/derick/DeoResearch/experiments/rocksalt3_ZrN_casm/mc_coarse_new_scel/cooling/mu_0.0000_0.0000_T_2000_20/results.json"
write: "/media/derick/DeoResearch/experiments/rocksalt3_ZrN_casm/mc_coarse_new_scel/cooling/mu_0.0000_0.0000_T_2000_20/conditions.16/conditions.json"


-- Set: Conditions -- 
T: 1660
param_chem_pot: [ 0.000000000000 ]


-- Continue with existing DoF -- 

-- Write: DoF -- 
write: "/media/derick/DeoResearch/experiments/rocksalt3_ZrN_casm/mc_coarse_new_scel/cooling/mu_0.0000_0.0000_T_2000_20/conditions.17/initial_state.json"

-- Begin: Conditions 17 -- 

-- End: Conditions 17 -- 
run time: 16.551895 (s),  0.016551895 (s/pass),  1.2315398e-05(s/step)

-- Write: DoF -- 
write: "/media/derick/DeoResearch/experiments/rocksalt3_ZrN_casm/mc_coarse_new_scel/cooling/mu_0.0000_0.0000_T_2000_20/conditions.17/final_state.json"

-- Write: Output files -- 
write: "/media/derick/DeoResearch/experiments/rocksalt3_ZrN_casm/mc_coarse_new_scel/cooling/mu_0.0000_0.0000_T_2000_20/results.json"
write: "/media/derick/DeoResearch/experiments/rocksalt3_ZrN_casm/mc_coarse_new_scel/cooling/mu_0.0000_0.0000_T_2000_20/conditions.17/conditions.json"


-- Set: Conditions -- 
T: 1640
param_chem_pot: [ 0.000000000000 ]


-- Continue with existing DoF -- 

-- Write: DoF -- 
write: "/media/derick/DeoResearch/experiments/rocksalt3_ZrN_casm/mc_coarse_new_scel/cooling/mu_0.0000_0.0000_T_2000_20/conditions.18/initial_state.json"

-- Begin: Conditions 18 -- 

-- End: Conditions 18 -- 
run time: 16.571684 (s),  0.016571684 (s/pass),  1.2330122e-05(s/step)

-- Write: DoF -- 
write: "/media/derick/DeoResearch/experiments/rocksalt3_ZrN_casm/mc_coarse_new_scel/cooling/mu_0.0000_0.0000_T_2000_20/conditions.18/final_state.json"

-- Write: Output files -- 
write: "/media/derick/DeoResearch/experiments/rocksalt3_ZrN_casm/mc_coarse_new_scel/cooling/mu_0.0000_0.0000_T_2000_20/results.json"
write: "/media/derick/DeoResearch/experiments/rocksalt3_ZrN_casm/mc_coarse_new_scel/cooling/mu_0.0000_0.0000_T_2000_20/conditions.18/conditions.json"


-- Set: Conditions -- 
T: 1620
param_chem_pot: [ 0.000000000000 ]


-- Continue with existing DoF -- 

-- Write: DoF -- 
write: "/media/derick/DeoResearch/experiments/rocksalt3_ZrN_casm/mc_coarse_new_scel/cooling/mu_0.0000_0.0000_T_2000_20/conditions.19/initial_state.json"

-- Begin: Conditions 19 -- 

-- End: Conditions 19 -- 
run time: 16.553181 (s),  0.016553181 (s/pass),  1.2316355e-05(s/step)

-- Write: DoF -- 
write: "/media/derick/DeoResearch/experiments/rocksalt3_ZrN_casm/mc_coarse_new_scel/cooling/mu_0.0000_0.0000_T_2000_20/conditions.19/final_state.json"

-- Write: Output files -- 
write: "/media/derick/DeoResearch/experiments/rocksalt3_ZrN_casm/mc_coarse_new_scel/cooling/mu_0.0000_0.0000_T_2000_20/results.json"
write: "/media/derick/DeoResearch/experiments/rocksalt3_ZrN_casm/mc_coarse_new_scel/cooling/mu_0.0000_0.0000_T_2000_20/conditions.19/conditions.json"


-- Set: Conditions -- 
T: 1600
param_chem_pot: [ 0.000000000000 ]


-- Continue with existing DoF -- 

-- Write: DoF -- 
write: "/media/derick/DeoResearch/experiments/rocksalt3_ZrN_casm/mc_coarse_new_scel/cooling/mu_0.0000_0.0000_T_2000_20/conditions.20/initial_state.json"

-- Begin: Conditions 20 -- 

-- End: Conditions 20 -- 
run time: 16.418744 (s),  0.016418744 (s/pass),  1.2216327e-05(s/step)

-- Write: DoF -- 
write: "/media/derick/DeoResearch/experiments/rocksalt3_ZrN_casm/mc_coarse_new_scel/cooling/mu_0.0000_0.0000_T_2000_20/conditions.20/final_state.json"

-- Write: Output files -- 
write: "/media/derick/DeoResearch/experiments/rocksalt3_ZrN_casm/mc_coarse_new_scel/cooling/mu_0.0000_0.0000_T_2000_20/results.json"
write: "/media/derick/DeoResearch/experiments/rocksalt3_ZrN_casm/mc_coarse_new_scel/cooling/mu_0.0000_0.0000_T_2000_20/conditions.20/conditions.json"


-- Set: Conditions -- 
T: 1580
param_chem_pot: [ 0.000000000000 ]


-- Continue with existing DoF -- 

-- Write: DoF -- 
write: "/media/derick/DeoResearch/experiments/rocksalt3_ZrN_casm/mc_coarse_new_scel/cooling/mu_0.0000_0.0000_T_2000_20/conditions.21/initial_state.json"

-- Begin: Conditions 21 -- 

-- End: Conditions 21 -- 
run time: 16.344615 (s),  0.016344615 (s/pass),  1.2161172e-05(s/step)

-- Write: DoF -- 
write: "/media/derick/DeoResearch/experiments/rocksalt3_ZrN_casm/mc_coarse_new_scel/cooling/mu_0.0000_0.0000_T_2000_20/conditions.21/final_state.json"

-- Write: Output files -- 
write: "/media/derick/DeoResearch/experiments/rocksalt3_ZrN_casm/mc_coarse_new_scel/cooling/mu_0.0000_0.0000_T_2000_20/results.json"
write: "/media/derick/DeoResearch/experiments/rocksalt3_ZrN_casm/mc_coarse_new_scel/cooling/mu_0.0000_0.0000_T_2000_20/conditions.21/conditions.json"


-- Set: Conditions -- 
T: 1560
param_chem_pot: [ 0.000000000000 ]


-- Continue with existing DoF -- 

-- Write: DoF -- 
write: "/media/derick/DeoResearch/experiments/rocksalt3_ZrN_casm/mc_coarse_new_scel/cooling/mu_0.0000_0.0000_T_2000_20/conditions.22/initial_state.json"

-- Begin: Conditions 22 -- 

-- End: Conditions 22 -- 
run time: 16.409417 (s),  0.016409417 (s/pass),  1.2209388e-05(s/step)

-- Write: DoF -- 
write: "/media/derick/DeoResearch/experiments/rocksalt3_ZrN_casm/mc_coarse_new_scel/cooling/mu_0.0000_0.0000_T_2000_20/conditions.22/final_state.json"

-- Write: Output files -- 
write: "/media/derick/DeoResearch/experiments/rocksalt3_ZrN_casm/mc_coarse_new_scel/cooling/mu_0.0000_0.0000_T_2000_20/results.json"
write: "/media/derick/DeoResearch/experiments/rocksalt3_ZrN_casm/mc_coarse_new_scel/cooling/mu_0.0000_0.0000_T_2000_20/conditions.22/conditions.json"


-- Set: Conditions -- 
T: 1540
param_chem_pot: [ 0.000000000000 ]


-- Continue with existing DoF -- 

-- Write: DoF -- 
write: "/media/derick/DeoResearch/experiments/rocksalt3_ZrN_casm/mc_coarse_new_scel/cooling/mu_0.0000_0.0000_T_2000_20/conditions.23/initial_state.json"

-- Begin: Conditions 23 -- 

-- End: Conditions 23 -- 
run time: 16.380072 (s),  0.016380072 (s/pass),  1.2187554e-05(s/step)

-- Write: DoF -- 
write: "/media/derick/DeoResearch/experiments/rocksalt3_ZrN_casm/mc_coarse_new_scel/cooling/mu_0.0000_0.0000_T_2000_20/conditions.23/final_state.json"

-- Write: Output files -- 
write: "/media/derick/DeoResearch/experiments/rocksalt3_ZrN_casm/mc_coarse_new_scel/cooling/mu_0.0000_0.0000_T_2000_20/results.json"
write: "/media/derick/DeoResearch/experiments/rocksalt3_ZrN_casm/mc_coarse_new_scel/cooling/mu_0.0000_0.0000_T_2000_20/conditions.23/conditions.json"


-- Set: Conditions -- 
T: 1520
param_chem_pot: [ 0.000000000000 ]


-- Continue with existing DoF -- 

-- Write: DoF -- 
write: "/media/derick/DeoResearch/experiments/rocksalt3_ZrN_casm/mc_coarse_new_scel/cooling/mu_0.0000_0.0000_T_2000_20/conditions.24/initial_state.json"

-- Begin: Conditions 24 -- 

-- End: Conditions 24 -- 
run time: 16.467243 (s),  0.016467243 (s/pass),  1.2252413e-05(s/step)

-- Write: DoF -- 
write: "/media/derick/DeoResearch/experiments/rocksalt3_ZrN_casm/mc_coarse_new_scel/cooling/mu_0.0000_0.0000_T_2000_20/conditions.24/final_state.json"

-- Write: Output files -- 
write: "/media/derick/DeoResearch/experiments/rocksalt3_ZrN_casm/mc_coarse_new_scel/cooling/mu_0.0000_0.0000_T_2000_20/results.json"
write: "/media/derick/DeoResearch/experiments/rocksalt3_ZrN_casm/mc_coarse_new_scel/cooling/mu_0.0000_0.0000_T_2000_20/conditions.24/conditions.json"


-- Set: Conditions -- 
T: 1500
param_chem_pot: [ 0.000000000000 ]


-- Continue with existing DoF -- 

-- Write: DoF -- 
write: "/media/derick/DeoResearch/experiments/rocksalt3_ZrN_casm/mc_coarse_new_scel/cooling/mu_0.0000_0.0000_T_2000_20/conditions.25/initial_state.json"

-- Begin: Conditions 25 -- 

-- End: Conditions 25 -- 
run time: 16.828378 (s),  0.016828378 (s/pass),  1.2521115e-05(s/step)

-- Write: DoF -- 
write: "/media/derick/DeoResearch/experiments/rocksalt3_ZrN_casm/mc_coarse_new_scel/cooling/mu_0.0000_0.0000_T_2000_20/conditions.25/final_state.json"

-- Write: Output files -- 
write: "/media/derick/DeoResearch/experiments/rocksalt3_ZrN_casm/mc_coarse_new_scel/cooling/mu_0.0000_0.0000_T_2000_20/results.json"
write: "/media/derick/DeoResearch/experiments/rocksalt3_ZrN_casm/mc_coarse_new_scel/cooling/mu_0.0000_0.0000_T_2000_20/conditions.25/conditions.json"


-- Set: Conditions -- 
T: 1480
param_chem_pot: [ 0.000000000000 ]


-- Continue with existing DoF -- 

-- Write: DoF -- 
write: "/media/derick/DeoResearch/experiments/rocksalt3_ZrN_casm/mc_coarse_new_scel/cooling/mu_0.0000_0.0000_T_2000_20/conditions.26/initial_state.json"

-- Begin: Conditions 26 -- 

-- End: Conditions 26 -- 
run time: 16.592419 (s),  0.016592419 (s/pass),  1.234555e-05(s/step)

-- Write: DoF -- 
write: "/media/derick/DeoResearch/experiments/rocksalt3_ZrN_casm/mc_coarse_new_scel/cooling/mu_0.0000_0.0000_T_2000_20/conditions.26/final_state.json"

-- Write: Output files -- 
write: "/media/derick/DeoResearch/experiments/rocksalt3_ZrN_casm/mc_coarse_new_scel/cooling/mu_0.0000_0.0000_T_2000_20/results.json"
write: "/media/derick/DeoResearch/experiments/rocksalt3_ZrN_casm/mc_coarse_new_scel/cooling/mu_0.0000_0.0000_T_2000_20/conditions.26/conditions.json"


-- Set: Conditions -- 
T: 1460
param_chem_pot: [ 0.000000000000 ]


-- Continue with existing DoF -- 

-- Write: DoF -- 
write: "/media/derick/DeoResearch/experiments/rocksalt3_ZrN_casm/mc_coarse_new_scel/cooling/mu_0.0000_0.0000_T_2000_20/conditions.27/initial_state.json"

-- Begin: Conditions 27 -- 

-- End: Conditions 27 -- 
run time: 16.483133 (s),  0.016483133 (s/pass),  1.2264236e-05(s/step)

-- Write: DoF -- 
write: "/media/derick/DeoResearch/experiments/rocksalt3_ZrN_casm/mc_coarse_new_scel/cooling/mu_0.0000_0.0000_T_2000_20/conditions.27/final_state.json"

-- Write: Output files -- 
write: "/media/derick/DeoResearch/experiments/rocksalt3_ZrN_casm/mc_coarse_new_scel/cooling/mu_0.0000_0.0000_T_2000_20/results.json"
write: "/media/derick/DeoResearch/experiments/rocksalt3_ZrN_casm/mc_coarse_new_scel/cooling/mu_0.0000_0.0000_T_2000_20/conditions.27/conditions.json"


-- Set: Conditions -- 
T: 1440
param_chem_pot: [ 0.000000000000 ]


-- Continue with existing DoF -- 

-- Write: DoF -- 
write: "/media/derick/DeoResearch/experiments/rocksalt3_ZrN_casm/mc_coarse_new_scel/cooling/mu_0.0000_0.0000_T_2000_20/conditions.28/initial_state.json"

-- Begin: Conditions 28 -- 

-- End: Conditions 28 -- 
run time: 16.32085 (s),  0.01632085 (s/pass),  1.214349e-05(s/step)

-- Write: DoF -- 
write: "/media/derick/DeoResearch/experiments/rocksalt3_ZrN_casm/mc_coarse_new_scel/cooling/mu_0.0000_0.0000_T_2000_20/conditions.28/final_state.json"

-- Write: Output files -- 
write: "/media/derick/DeoResearch/experiments/rocksalt3_ZrN_casm/mc_coarse_new_scel/cooling/mu_0.0000_0.0000_T_2000_20/results.json"
write: "/media/derick/DeoResearch/experiments/rocksalt3_ZrN_casm/mc_coarse_new_scel/cooling/mu_0.0000_0.0000_T_2000_20/conditions.28/conditions.json"


-- Set: Conditions -- 
T: 1420
param_chem_pot: [ 0.000000000000 ]


-- Continue with existing DoF -- 

-- Write: DoF -- 
write: "/media/derick/DeoResearch/experiments/rocksalt3_ZrN_casm/mc_coarse_new_scel/cooling/mu_0.0000_0.0000_T_2000_20/conditions.29/initial_state.json"

-- Begin: Conditions 29 -- 

-- End: Conditions 29 -- 
run time: 16.528664 (s),  0.016528664 (s/pass),  1.2298113e-05(s/step)

-- Write: DoF -- 
write: "/media/derick/DeoResearch/experiments/rocksalt3_ZrN_casm/mc_coarse_new_scel/cooling/mu_0.0000_0.0000_T_2000_20/conditions.29/final_state.json"

-- Write: Output files -- 
write: "/media/derick/DeoResearch/experiments/rocksalt3_ZrN_casm/mc_coarse_new_scel/cooling/mu_0.0000_0.0000_T_2000_20/results.json"
write: "/media/derick/DeoResearch/experiments/rocksalt3_ZrN_casm/mc_coarse_new_scel/cooling/mu_0.0000_0.0000_T_2000_20/conditions.29/conditions.json"


-- Set: Conditions -- 
T: 1400
param_chem_pot: [ 0.000000000000 ]


-- Continue with existing DoF -- 

-- Write: DoF -- 
write: "/media/derick/DeoResearch/experiments/rocksalt3_ZrN_casm/mc_coarse_new_scel/cooling/mu_0.0000_0.0000_T_2000_20/conditions.30/initial_state.json"

-- Begin: Conditions 30 -- 

-- End: Conditions 30 -- 
run time: 16.532691 (s),  0.016532691 (s/pass),  1.2301109e-05(s/step)

-- Write: DoF -- 
write: "/media/derick/DeoResearch/experiments/rocksalt3_ZrN_casm/mc_coarse_new_scel/cooling/mu_0.0000_0.0000_T_2000_20/conditions.30/final_state.json"

-- Write: Output files -- 
write: "/media/derick/DeoResearch/experiments/rocksalt3_ZrN_casm/mc_coarse_new_scel/cooling/mu_0.0000_0.0000_T_2000_20/results.json"
write: "/media/derick/DeoResearch/experiments/rocksalt3_ZrN_casm/mc_coarse_new_scel/cooling/mu_0.0000_0.0000_T_2000_20/conditions.30/conditions.json"


-- Set: Conditions -- 
T: 1380
param_chem_pot: [ 0.000000000000 ]


-- Continue with existing DoF -- 

-- Write: DoF -- 
write: "/media/derick/DeoResearch/experiments/rocksalt3_ZrN_casm/mc_coarse_new_scel/cooling/mu_0.0000_0.0000_T_2000_20/conditions.31/initial_state.json"

-- Begin: Conditions 31 -- 

-- End: Conditions 31 -- 
run time: 16.555705 (s),  0.016555705 (s/pass),  1.2318233e-05(s/step)

-- Write: DoF -- 
write: "/media/derick/DeoResearch/experiments/rocksalt3_ZrN_casm/mc_coarse_new_scel/cooling/mu_0.0000_0.0000_T_2000_20/conditions.31/final_state.json"

-- Write: Output files -- 
write: "/media/derick/DeoResearch/experiments/rocksalt3_ZrN_casm/mc_coarse_new_scel/cooling/mu_0.0000_0.0000_T_2000_20/results.json"
write: "/media/derick/DeoResearch/experiments/rocksalt3_ZrN_casm/mc_coarse_new_scel/cooling/mu_0.0000_0.0000_T_2000_20/conditions.31/conditions.json"


-- Set: Conditions -- 
T: 1360
param_chem_pot: [ 0.000000000000 ]


-- Continue with existing DoF -- 

-- Write: DoF -- 
write: "/media/derick/DeoResearch/experiments/rocksalt3_ZrN_casm/mc_coarse_new_scel/cooling/mu_0.0000_0.0000_T_2000_20/conditions.32/initial_state.json"

-- Begin: Conditions 32 -- 

-- End: Conditions 32 -- 
run time: 16.502492 (s),  0.016502492 (s/pass),  1.227864e-05(s/step)

-- Write: DoF -- 
write: "/media/derick/DeoResearch/experiments/rocksalt3_ZrN_casm/mc_coarse_new_scel/cooling/mu_0.0000_0.0000_T_2000_20/conditions.32/final_state.json"

-- Write: Output files -- 
write: "/media/derick/DeoResearch/experiments/rocksalt3_ZrN_casm/mc_coarse_new_scel/cooling/mu_0.0000_0.0000_T_2000_20/results.json"
write: "/media/derick/DeoResearch/experiments/rocksalt3_ZrN_casm/mc_coarse_new_scel/cooling/mu_0.0000_0.0000_T_2000_20/conditions.32/conditions.json"


-- Set: Conditions -- 
T: 1340
param_chem_pot: [ 0.000000000000 ]


-- Continue with existing DoF -- 

-- Write: DoF -- 
write: "/media/derick/DeoResearch/experiments/rocksalt3_ZrN_casm/mc_coarse_new_scel/cooling/mu_0.0000_0.0000_T_2000_20/conditions.33/initial_state.json"

-- Begin: Conditions 33 -- 

-- End: Conditions 33 -- 
run time: 16.481024 (s),  0.016481024 (s/pass),  1.2262667e-05(s/step)

-- Write: DoF -- 
write: "/media/derick/DeoResearch/experiments/rocksalt3_ZrN_casm/mc_coarse_new_scel/cooling/mu_0.0000_0.0000_T_2000_20/conditions.33/final_state.json"

-- Write: Output files -- 
write: "/media/derick/DeoResearch/experiments/rocksalt3_ZrN_casm/mc_coarse_new_scel/cooling/mu_0.0000_0.0000_T_2000_20/results.json"
write: "/media/derick/DeoResearch/experiments/rocksalt3_ZrN_casm/mc_coarse_new_scel/cooling/mu_0.0000_0.0000_T_2000_20/conditions.33/conditions.json"


-- Set: Conditions -- 
T: 1320
param_chem_pot: [ 0.000000000000 ]


-- Continue with existing DoF -- 

-- Write: DoF -- 
write: "/media/derick/DeoResearch/experiments/rocksalt3_ZrN_casm/mc_coarse_new_scel/cooling/mu_0.0000_0.0000_T_2000_20/conditions.34/initial_state.json"

-- Begin: Conditions 34 -- 

-- End: Conditions 34 -- 
run time: 16.653604 (s),  0.016653604 (s/pass),  1.2391075e-05(s/step)

-- Write: DoF -- 
write: "/media/derick/DeoResearch/experiments/rocksalt3_ZrN_casm/mc_coarse_new_scel/cooling/mu_0.0000_0.0000_T_2000_20/conditions.34/final_state.json"

-- Write: Output files -- 
write: "/media/derick/DeoResearch/experiments/rocksalt3_ZrN_casm/mc_coarse_new_scel/cooling/mu_0.0000_0.0000_T_2000_20/results.json"
write: "/media/derick/DeoResearch/experiments/rocksalt3_ZrN_casm/mc_coarse_new_scel/cooling/mu_0.0000_0.0000_T_2000_20/conditions.34/conditions.json"


-- Set: Conditions -- 
T: 1300
param_chem_pot: [ 0.000000000000 ]


-- Continue with existing DoF -- 

-- Write: DoF -- 
write: "/media/derick/DeoResearch/experiments/rocksalt3_ZrN_casm/mc_coarse_new_scel/cooling/mu_0.0000_0.0000_T_2000_20/conditions.35/initial_state.json"

-- Begin: Conditions 35 -- 

-- End: Conditions 35 -- 
run time: 16.526565 (s),  0.016526565 (s/pass),  1.2296551e-05(s/step)

-- Write: DoF -- 
write: "/media/derick/DeoResearch/experiments/rocksalt3_ZrN_casm/mc_coarse_new_scel/cooling/mu_0.0000_0.0000_T_2000_20/conditions.35/final_state.json"

-- Write: Output files -- 
write: "/media/derick/DeoResearch/experiments/rocksalt3_ZrN_casm/mc_coarse_new_scel/cooling/mu_0.0000_0.0000_T_2000_20/results.json"
write: "/media/derick/DeoResearch/experiments/rocksalt3_ZrN_casm/mc_coarse_new_scel/cooling/mu_0.0000_0.0000_T_2000_20/conditions.35/conditions.json"


-- Set: Conditions -- 
T: 1280
param_chem_pot: [ 0.000000000000 ]


-- Continue with existing DoF -- 

-- Write: DoF -- 
write: "/media/derick/DeoResearch/experiments/rocksalt3_ZrN_casm/mc_coarse_new_scel/cooling/mu_0.0000_0.0000_T_2000_20/conditions.36/initial_state.json"

-- Begin: Conditions 36 -- 

-- End: Conditions 36 -- 
run time: 16.761527 (s),  0.016761527 (s/pass),  1.2471374e-05(s/step)

-- Write: DoF -- 
write: "/media/derick/DeoResearch/experiments/rocksalt3_ZrN_casm/mc_coarse_new_scel/cooling/mu_0.0000_0.0000_T_2000_20/conditions.36/final_state.json"

-- Write: Output files -- 
write: "/media/derick/DeoResearch/experiments/rocksalt3_ZrN_casm/mc_coarse_new_scel/cooling/mu_0.0000_0.0000_T_2000_20/results.json"
write: "/media/derick/DeoResearch/experiments/rocksalt3_ZrN_casm/mc_coarse_new_scel/cooling/mu_0.0000_0.0000_T_2000_20/conditions.36/conditions.json"


-- Set: Conditions -- 
T: 1260
param_chem_pot: [ 0.000000000000 ]


-- Continue with existing DoF -- 

-- Write: DoF -- 
write: "/media/derick/DeoResearch/experiments/rocksalt3_ZrN_casm/mc_coarse_new_scel/cooling/mu_0.0000_0.0000_T_2000_20/conditions.37/initial_state.json"

-- Begin: Conditions 37 -- 

-- End: Conditions 37 -- 
run time: 16.62349 (s),  0.01662349 (s/pass),  1.2368668e-05(s/step)

-- Write: DoF -- 
write: "/media/derick/DeoResearch/experiments/rocksalt3_ZrN_casm/mc_coarse_new_scel/cooling/mu_0.0000_0.0000_T_2000_20/conditions.37/final_state.json"

-- Write: Output files -- 
write: "/media/derick/DeoResearch/experiments/rocksalt3_ZrN_casm/mc_coarse_new_scel/cooling/mu_0.0000_0.0000_T_2000_20/results.json"
write: "/media/derick/DeoResearch/experiments/rocksalt3_ZrN_casm/mc_coarse_new_scel/cooling/mu_0.0000_0.0000_T_2000_20/conditions.37/conditions.json"


-- Set: Conditions -- 
T: 1240
param_chem_pot: [ 0.000000000000 ]


-- Continue with existing DoF -- 

-- Write: DoF -- 
write: "/media/derick/DeoResearch/experiments/rocksalt3_ZrN_casm/mc_coarse_new_scel/cooling/mu_0.0000_0.0000_T_2000_20/conditions.38/initial_state.json"

-- Begin: Conditions 38 -- 

-- End: Conditions 38 -- 
run time: 16.934421 (s),  0.016934421 (s/pass),  1.2600016e-05(s/step)

-- Write: DoF -- 
write: "/media/derick/DeoResearch/experiments/rocksalt3_ZrN_casm/mc_coarse_new_scel/cooling/mu_0.0000_0.0000_T_2000_20/conditions.38/final_state.json"

-- Write: Output files -- 
write: "/media/derick/DeoResearch/experiments/rocksalt3_ZrN_casm/mc_coarse_new_scel/cooling/mu_0.0000_0.0000_T_2000_20/results.json"
write: "/media/derick/DeoResearch/experiments/rocksalt3_ZrN_casm/mc_coarse_new_scel/cooling/mu_0.0000_0.0000_T_2000_20/conditions.38/conditions.json"


-- Set: Conditions -- 
T: 1220
param_chem_pot: [ 0.000000000000 ]


-- Continue with existing DoF -- 

-- Write: DoF -- 
write: "/media/derick/DeoResearch/experiments/rocksalt3_ZrN_casm/mc_coarse_new_scel/cooling/mu_0.0000_0.0000_T_2000_20/conditions.39/initial_state.json"

-- Begin: Conditions 39 -- 

-- End: Conditions 39 -- 
run time: 16.671547 (s),  0.016671547 (s/pass),  1.2404425e-05(s/step)

-- Write: DoF -- 
write: "/media/derick/DeoResearch/experiments/rocksalt3_ZrN_casm/mc_coarse_new_scel/cooling/mu_0.0000_0.0000_T_2000_20/conditions.39/final_state.json"

-- Write: Output files -- 
write: "/media/derick/DeoResearch/experiments/rocksalt3_ZrN_casm/mc_coarse_new_scel/cooling/mu_0.0000_0.0000_T_2000_20/results.json"
write: "/media/derick/DeoResearch/experiments/rocksalt3_ZrN_casm/mc_coarse_new_scel/cooling/mu_0.0000_0.0000_T_2000_20/conditions.39/conditions.json"


-- Set: Conditions -- 
T: 1200
param_chem_pot: [ 0.000000000000 ]


-- Continue with existing DoF -- 

-- Write: DoF -- 
write: "/media/derick/DeoResearch/experiments/rocksalt3_ZrN_casm/mc_coarse_new_scel/cooling/mu_0.0000_0.0000_T_2000_20/conditions.40/initial_state.json"

-- Begin: Conditions 40 -- 

-- End: Conditions 40 -- 
run time: 16.43902 (s),  0.01643902 (s/pass),  1.2231414e-05(s/step)

-- Write: DoF -- 
write: "/media/derick/DeoResearch/experiments/rocksalt3_ZrN_casm/mc_coarse_new_scel/cooling/mu_0.0000_0.0000_T_2000_20/conditions.40/final_state.json"

-- Write: Output files -- 
write: "/media/derick/DeoResearch/experiments/rocksalt3_ZrN_casm/mc_coarse_new_scel/cooling/mu_0.0000_0.0000_T_2000_20/results.json"
write: "/media/derick/DeoResearch/experiments/rocksalt3_ZrN_casm/mc_coarse_new_scel/cooling/mu_0.0000_0.0000_T_2000_20/conditions.40/conditions.json"


-- Set: Conditions -- 
T: 1180
param_chem_pot: [ 0.000000000000 ]


-- Continue with existing DoF -- 

-- Write: DoF -- 
write: "/media/derick/DeoResearch/experiments/rocksalt3_ZrN_casm/mc_coarse_new_scel/cooling/mu_0.0000_0.0000_T_2000_20/conditions.41/initial_state.json"

-- Begin: Conditions 41 -- 

-- End: Conditions 41 -- 
run time: 16.602877 (s),  0.016602877 (s/pass),  1.2353331e-05(s/step)

-- Write: DoF -- 
write: "/media/derick/DeoResearch/experiments/rocksalt3_ZrN_casm/mc_coarse_new_scel/cooling/mu_0.0000_0.0000_T_2000_20/conditions.41/final_state.json"

-- Write: Output files -- 
write: "/media/derick/DeoResearch/experiments/rocksalt3_ZrN_casm/mc_coarse_new_scel/cooling/mu_0.0000_0.0000_T_2000_20/results.json"
write: "/media/derick/DeoResearch/experiments/rocksalt3_ZrN_casm/mc_coarse_new_scel/cooling/mu_0.0000_0.0000_T_2000_20/conditions.41/conditions.json"


-- Set: Conditions -- 
T: 1160
param_chem_pot: [ 0.000000000000 ]


-- Continue with existing DoF -- 

-- Write: DoF -- 
write: "/media/derick/DeoResearch/experiments/rocksalt3_ZrN_casm/mc_coarse_new_scel/cooling/mu_0.0000_0.0000_T_2000_20/conditions.42/initial_state.json"

-- Begin: Conditions 42 -- 

-- End: Conditions 42 -- 
run time: 16.480432 (s),  0.016480432 (s/pass),  1.2262227e-05(s/step)

-- Write: DoF -- 
write: "/media/derick/DeoResearch/experiments/rocksalt3_ZrN_casm/mc_coarse_new_scel/cooling/mu_0.0000_0.0000_T_2000_20/conditions.42/final_state.json"

-- Write: Output files -- 
write: "/media/derick/DeoResearch/experiments/rocksalt3_ZrN_casm/mc_coarse_new_scel/cooling/mu_0.0000_0.0000_T_2000_20/results.json"
write: "/media/derick/DeoResearch/experiments/rocksalt3_ZrN_casm/mc_coarse_new_scel/cooling/mu_0.0000_0.0000_T_2000_20/conditions.42/conditions.json"


-- Set: Conditions -- 
T: 1140
param_chem_pot: [ 0.000000000000 ]


-- Continue with existing DoF -- 

-- Write: DoF -- 
write: "/media/derick/DeoResearch/experiments/rocksalt3_ZrN_casm/mc_coarse_new_scel/cooling/mu_0.0000_0.0000_T_2000_20/conditions.43/initial_state.json"

-- Begin: Conditions 43 -- 

-- End: Conditions 43 -- 
run time: 16.530634 (s),  0.016530634 (s/pass),  1.2299579e-05(s/step)

-- Write: DoF -- 
write: "/media/derick/DeoResearch/experiments/rocksalt3_ZrN_casm/mc_coarse_new_scel/cooling/mu_0.0000_0.0000_T_2000_20/conditions.43/final_state.json"

-- Write: Output files -- 
write: "/media/derick/DeoResearch/experiments/rocksalt3_ZrN_casm/mc_coarse_new_scel/cooling/mu_0.0000_0.0000_T_2000_20/results.json"
write: "/media/derick/DeoResearch/experiments/rocksalt3_ZrN_casm/mc_coarse_new_scel/cooling/mu_0.0000_0.0000_T_2000_20/conditions.43/conditions.json"


-- Set: Conditions -- 
T: 1120
param_chem_pot: [ 0.000000000000 ]


-- Continue with existing DoF -- 

-- Write: DoF -- 
write: "/media/derick/DeoResearch/experiments/rocksalt3_ZrN_casm/mc_coarse_new_scel/cooling/mu_0.0000_0.0000_T_2000_20/conditions.44/initial_state.json"

-- Begin: Conditions 44 -- 

-- End: Conditions 44 -- 
run time: 16.428739 (s),  0.016428739 (s/pass),  1.2223764e-05(s/step)

-- Write: DoF -- 
write: "/media/derick/DeoResearch/experiments/rocksalt3_ZrN_casm/mc_coarse_new_scel/cooling/mu_0.0000_0.0000_T_2000_20/conditions.44/final_state.json"

-- Write: Output files -- 
write: "/media/derick/DeoResearch/experiments/rocksalt3_ZrN_casm/mc_coarse_new_scel/cooling/mu_0.0000_0.0000_T_2000_20/results.json"
write: "/media/derick/DeoResearch/experiments/rocksalt3_ZrN_casm/mc_coarse_new_scel/cooling/mu_0.0000_0.0000_T_2000_20/conditions.44/conditions.json"


-- Set: Conditions -- 
T: 1100
param_chem_pot: [ 0.000000000000 ]


-- Continue with existing DoF -- 

-- Write: DoF -- 
write: "/media/derick/DeoResearch/experiments/rocksalt3_ZrN_casm/mc_coarse_new_scel/cooling/mu_0.0000_0.0000_T_2000_20/conditions.45/initial_state.json"

-- Begin: Conditions 45 -- 

-- End: Conditions 45 -- 
run time: 16.649763 (s),  0.016649763 (s/pass),  1.2388216e-05(s/step)

-- Write: DoF -- 
write: "/media/derick/DeoResearch/experiments/rocksalt3_ZrN_casm/mc_coarse_new_scel/cooling/mu_0.0000_0.0000_T_2000_20/conditions.45/final_state.json"

-- Write: Output files -- 
write: "/media/derick/DeoResearch/experiments/rocksalt3_ZrN_casm/mc_coarse_new_scel/cooling/mu_0.0000_0.0000_T_2000_20/results.json"
write: "/media/derick/DeoResearch/experiments/rocksalt3_ZrN_casm/mc_coarse_new_scel/cooling/mu_0.0000_0.0000_T_2000_20/conditions.45/conditions.json"


-- Set: Conditions -- 
T: 1080
param_chem_pot: [ 0.000000000000 ]


-- Continue with existing DoF -- 

-- Write: DoF -- 
write: "/media/derick/DeoResearch/experiments/rocksalt3_ZrN_casm/mc_coarse_new_scel/cooling/mu_0.0000_0.0000_T_2000_20/conditions.46/initial_state.json"

-- Begin: Conditions 46 -- 

-- End: Conditions 46 -- 
run time: 16.400349 (s),  0.016400349 (s/pass),  1.220264e-05(s/step)

-- Write: DoF -- 
write: "/media/derick/DeoResearch/experiments/rocksalt3_ZrN_casm/mc_coarse_new_scel/cooling/mu_0.0000_0.0000_T_2000_20/conditions.46/final_state.json"

-- Write: Output files -- 
write: "/media/derick/DeoResearch/experiments/rocksalt3_ZrN_casm/mc_coarse_new_scel/cooling/mu_0.0000_0.0000_T_2000_20/results.json"
write: "/media/derick/DeoResearch/experiments/rocksalt3_ZrN_casm/mc_coarse_new_scel/cooling/mu_0.0000_0.0000_T_2000_20/conditions.46/conditions.json"


-- Set: Conditions -- 
T: 1060
param_chem_pot: [ 0.000000000000 ]


-- Continue with existing DoF -- 

-- Write: DoF -- 
write: "/media/derick/DeoResearch/experiments/rocksalt3_ZrN_casm/mc_coarse_new_scel/cooling/mu_0.0000_0.0000_T_2000_20/conditions.47/initial_state.json"

-- Begin: Conditions 47 -- 

-- End: Conditions 47 -- 
run time: 16.327223 (s),  0.016327223 (s/pass),  1.2148231e-05(s/step)

-- Write: DoF -- 
write: "/media/derick/DeoResearch/experiments/rocksalt3_ZrN_casm/mc_coarse_new_scel/cooling/mu_0.0000_0.0000_T_2000_20/conditions.47/final_state.json"

-- Write: Output files -- 
write: "/media/derick/DeoResearch/experiments/rocksalt3_ZrN_casm/mc_coarse_new_scel/cooling/mu_0.0000_0.0000_T_2000_20/results.json"
write: "/media/derick/DeoResearch/experiments/rocksalt3_ZrN_casm/mc_coarse_new_scel/cooling/mu_0.0000_0.0000_T_2000_20/conditions.47/conditions.json"


-- Set: Conditions -- 
T: 1040
param_chem_pot: [ 0.000000000000 ]


-- Continue with existing DoF -- 

-- Write: DoF -- 
write: "/media/derick/DeoResearch/experiments/rocksalt3_ZrN_casm/mc_coarse_new_scel/cooling/mu_0.0000_0.0000_T_2000_20/conditions.48/initial_state.json"

-- Begin: Conditions 48 -- 

-- End: Conditions 48 -- 
run time: 16.384752 (s),  0.016384752 (s/pass),  1.2191036e-05(s/step)

-- Write: DoF -- 
write: "/media/derick/DeoResearch/experiments/rocksalt3_ZrN_casm/mc_coarse_new_scel/cooling/mu_0.0000_0.0000_T_2000_20/conditions.48/final_state.json"

-- Write: Output files -- 
write: "/media/derick/DeoResearch/experiments/rocksalt3_ZrN_casm/mc_coarse_new_scel/cooling/mu_0.0000_0.0000_T_2000_20/results.json"
write: "/media/derick/DeoResearch/experiments/rocksalt3_ZrN_casm/mc_coarse_new_scel/cooling/mu_0.0000_0.0000_T_2000_20/conditions.48/conditions.json"


-- Set: Conditions -- 
T: 1020
param_chem_pot: [ 0.000000000000 ]


-- Continue with existing DoF -- 

-- Write: DoF -- 
write: "/media/derick/DeoResearch/experiments/rocksalt3_ZrN_casm/mc_coarse_new_scel/cooling/mu_0.0000_0.0000_T_2000_20/conditions.49/initial_state.json"

-- Begin: Conditions 49 -- 

-- End: Conditions 49 -- 
run time: 16.48053 (s),  0.01648053 (s/pass),  1.2262299e-05(s/step)

-- Write: DoF -- 
write: "/media/derick/DeoResearch/experiments/rocksalt3_ZrN_casm/mc_coarse_new_scel/cooling/mu_0.0000_0.0000_T_2000_20/conditions.49/final_state.json"

-- Write: Output files -- 
write: "/media/derick/DeoResearch/experiments/rocksalt3_ZrN_casm/mc_coarse_new_scel/cooling/mu_0.0000_0.0000_T_2000_20/results.json"
write: "/media/derick/DeoResearch/experiments/rocksalt3_ZrN_casm/mc_coarse_new_scel/cooling/mu_0.0000_0.0000_T_2000_20/conditions.49/conditions.json"


-- Set: Conditions -- 
T: 1000
param_chem_pot: [ 0.000000000000 ]


-- Continue with existing DoF -- 

-- Write: DoF -- 
write: "/media/derick/DeoResearch/experiments/rocksalt3_ZrN_casm/mc_coarse_new_scel/cooling/mu_0.0000_0.0000_T_2000_20/conditions.50/initial_state.json"

-- Begin: Conditions 50 -- 

-- End: Conditions 50 -- 
run time: 16.311599 (s),  0.016311599 (s/pass),  1.2136606e-05(s/step)

-- Write: DoF -- 
write: "/media/derick/DeoResearch/experiments/rocksalt3_ZrN_casm/mc_coarse_new_scel/cooling/mu_0.0000_0.0000_T_2000_20/conditions.50/final_state.json"

-- Write: Output files -- 
write: "/media/derick/DeoResearch/experiments/rocksalt3_ZrN_casm/mc_coarse_new_scel/cooling/mu_0.0000_0.0000_T_2000_20/results.json"
write: "/media/derick/DeoResearch/experiments/rocksalt3_ZrN_casm/mc_coarse_new_scel/cooling/mu_0.0000_0.0000_T_2000_20/conditions.50/conditions.json"


-- Set: Conditions -- 
T: 980
param_chem_pot: [ 0.000000000000 ]


-- Continue with existing DoF -- 

-- Write: DoF -- 
write: "/media/derick/DeoResearch/experiments/rocksalt3_ZrN_casm/mc_coarse_new_scel/cooling/mu_0.0000_0.0000_T_2000_20/conditions.51/initial_state.json"

-- Begin: Conditions 51 -- 

-- End: Conditions 51 -- 
run time: 16.605421 (s),  0.016605421 (s/pass),  1.2355224e-05(s/step)

-- Write: DoF -- 
write: "/media/derick/DeoResearch/experiments/rocksalt3_ZrN_casm/mc_coarse_new_scel/cooling/mu_0.0000_0.0000_T_2000_20/conditions.51/final_state.json"

-- Write: Output files -- 
write: "/media/derick/DeoResearch/experiments/rocksalt3_ZrN_casm/mc_coarse_new_scel/cooling/mu_0.0000_0.0000_T_2000_20/results.json"
write: "/media/derick/DeoResearch/experiments/rocksalt3_ZrN_casm/mc_coarse_new_scel/cooling/mu_0.0000_0.0000_T_2000_20/conditions.51/conditions.json"


-- Set: Conditions -- 
T: 960
param_chem_pot: [ 0.000000000000 ]


-- Continue with existing DoF -- 

-- Write: DoF -- 
write: "/media/derick/DeoResearch/experiments/rocksalt3_ZrN_casm/mc_coarse_new_scel/cooling/mu_0.0000_0.0000_T_2000_20/conditions.52/initial_state.json"

-- Begin: Conditions 52 -- 

-- End: Conditions 52 -- 
run time: 16.368211 (s),  0.016368211 (s/pass),  1.2178728e-05(s/step)

-- Write: DoF -- 
write: "/media/derick/DeoResearch/experiments/rocksalt3_ZrN_casm/mc_coarse_new_scel/cooling/mu_0.0000_0.0000_T_2000_20/conditions.52/final_state.json"

-- Write: Output files -- 
write: "/media/derick/DeoResearch/experiments/rocksalt3_ZrN_casm/mc_coarse_new_scel/cooling/mu_0.0000_0.0000_T_2000_20/results.json"
write: "/media/derick/DeoResearch/experiments/rocksalt3_ZrN_casm/mc_coarse_new_scel/cooling/mu_0.0000_0.0000_T_2000_20/conditions.52/conditions.json"


-- Set: Conditions -- 
T: 940
param_chem_pot: [ 0.000000000000 ]


-- Continue with existing DoF -- 

-- Write: DoF -- 
write: "/media/derick/DeoResearch/experiments/rocksalt3_ZrN_casm/mc_coarse_new_scel/cooling/mu_0.0000_0.0000_T_2000_20/conditions.53/initial_state.json"

-- Begin: Conditions 53 -- 

-- End: Conditions 53 -- 
run time: 16.616301 (s),  0.016616301 (s/pass),  1.2363319e-05(s/step)

-- Write: DoF -- 
write: "/media/derick/DeoResearch/experiments/rocksalt3_ZrN_casm/mc_coarse_new_scel/cooling/mu_0.0000_0.0000_T_2000_20/conditions.53/final_state.json"

-- Write: Output files -- 
write: "/media/derick/DeoResearch/experiments/rocksalt3_ZrN_casm/mc_coarse_new_scel/cooling/mu_0.0000_0.0000_T_2000_20/results.json"
write: "/media/derick/DeoResearch/experiments/rocksalt3_ZrN_casm/mc_coarse_new_scel/cooling/mu_0.0000_0.0000_T_2000_20/conditions.53/conditions.json"


-- Set: Conditions -- 
T: 920
param_chem_pot: [ 0.000000000000 ]


-- Continue with existing DoF -- 

-- Write: DoF -- 
write: "/media/derick/DeoResearch/experiments/rocksalt3_ZrN_casm/mc_coarse_new_scel/cooling/mu_0.0000_0.0000_T_2000_20/conditions.54/initial_state.json"

-- Begin: Conditions 54 -- 

-- End: Conditions 54 -- 
run time: 16.364464 (s),  0.016364464 (s/pass),  1.217594e-05(s/step)

-- Write: DoF -- 
write: "/media/derick/DeoResearch/experiments/rocksalt3_ZrN_casm/mc_coarse_new_scel/cooling/mu_0.0000_0.0000_T_2000_20/conditions.54/final_state.json"

-- Write: Output files -- 
write: "/media/derick/DeoResearch/experiments/rocksalt3_ZrN_casm/mc_coarse_new_scel/cooling/mu_0.0000_0.0000_T_2000_20/results.json"
write: "/media/derick/DeoResearch/experiments/rocksalt3_ZrN_casm/mc_coarse_new_scel/cooling/mu_0.0000_0.0000_T_2000_20/conditions.54/conditions.json"


-- Set: Conditions -- 
T: 900
param_chem_pot: [ 0.000000000000 ]


-- Continue with existing DoF -- 

-- Write: DoF -- 
write: "/media/derick/DeoResearch/experiments/rocksalt3_ZrN_casm/mc_coarse_new_scel/cooling/mu_0.0000_0.0000_T_2000_20/conditions.55/initial_state.json"

-- Begin: Conditions 55 -- 

-- End: Conditions 55 -- 
run time: 16.761235 (s),  0.016761235 (s/pass),  1.2471157e-05(s/step)

-- Write: DoF -- 
write: "/media/derick/DeoResearch/experiments/rocksalt3_ZrN_casm/mc_coarse_new_scel/cooling/mu_0.0000_0.0000_T_2000_20/conditions.55/final_state.json"

-- Write: Output files -- 
write: "/media/derick/DeoResearch/experiments/rocksalt3_ZrN_casm/mc_coarse_new_scel/cooling/mu_0.0000_0.0000_T_2000_20/results.json"
write: "/media/derick/DeoResearch/experiments/rocksalt3_ZrN_casm/mc_coarse_new_scel/cooling/mu_0.0000_0.0000_T_2000_20/conditions.55/conditions.json"


-- Set: Conditions -- 
T: 880
param_chem_pot: [ 0.000000000000 ]


-- Continue with existing DoF -- 

-- Write: DoF -- 
write: "/media/derick/DeoResearch/experiments/rocksalt3_ZrN_casm/mc_coarse_new_scel/cooling/mu_0.0000_0.0000_T_2000_20/conditions.56/initial_state.json"

-- Begin: Conditions 56 -- 

-- End: Conditions 56 -- 
run time: 16.528929 (s),  0.016528929 (s/pass),  1.229831e-05(s/step)

-- Write: DoF -- 
write: "/media/derick/DeoResearch/experiments/rocksalt3_ZrN_casm/mc_coarse_new_scel/cooling/mu_0.0000_0.0000_T_2000_20/conditions.56/final_state.json"

-- Write: Output files -- 
write: "/media/derick/DeoResearch/experiments/rocksalt3_ZrN_casm/mc_coarse_new_scel/cooling/mu_0.0000_0.0000_T_2000_20/results.json"
write: "/media/derick/DeoResearch/experiments/rocksalt3_ZrN_casm/mc_coarse_new_scel/cooling/mu_0.0000_0.0000_T_2000_20/conditions.56/conditions.json"


-- Set: Conditions -- 
T: 860
param_chem_pot: [ 0.000000000000 ]


-- Continue with existing DoF -- 

-- Write: DoF -- 
write: "/media/derick/DeoResearch/experiments/rocksalt3_ZrN_casm/mc_coarse_new_scel/cooling/mu_0.0000_0.0000_T_2000_20/conditions.57/initial_state.json"

-- Begin: Conditions 57 -- 

-- End: Conditions 57 -- 
run time: 16.518842 (s),  0.016518842 (s/pass),  1.2290805e-05(s/step)

-- Write: DoF -- 
write: "/media/derick/DeoResearch/experiments/rocksalt3_ZrN_casm/mc_coarse_new_scel/cooling/mu_0.0000_0.0000_T_2000_20/conditions.57/final_state.json"

-- Write: Output files -- 
write: "/media/derick/DeoResearch/experiments/rocksalt3_ZrN_casm/mc_coarse_new_scel/cooling/mu_0.0000_0.0000_T_2000_20/results.json"
write: "/media/derick/DeoResearch/experiments/rocksalt3_ZrN_casm/mc_coarse_new_scel/cooling/mu_0.0000_0.0000_T_2000_20/conditions.57/conditions.json"


-- Set: Conditions -- 
T: 840
param_chem_pot: [ 0.000000000000 ]


-- Continue with existing DoF -- 

-- Write: DoF -- 
write: "/media/derick/DeoResearch/experiments/rocksalt3_ZrN_casm/mc_coarse_new_scel/cooling/mu_0.0000_0.0000_T_2000_20/conditions.58/initial_state.json"

-- Begin: Conditions 58 -- 

-- End: Conditions 58 -- 
run time: 16.360028 (s),  0.016360028 (s/pass),  1.217264e-05(s/step)

-- Write: DoF -- 
write: "/media/derick/DeoResearch/experiments/rocksalt3_ZrN_casm/mc_coarse_new_scel/cooling/mu_0.0000_0.0000_T_2000_20/conditions.58/final_state.json"

-- Write: Output files -- 
write: "/media/derick/DeoResearch/experiments/rocksalt3_ZrN_casm/mc_coarse_new_scel/cooling/mu_0.0000_0.0000_T_2000_20/results.json"
write: "/media/derick/DeoResearch/experiments/rocksalt3_ZrN_casm/mc_coarse_new_scel/cooling/mu_0.0000_0.0000_T_2000_20/conditions.58/conditions.json"


-- Set: Conditions -- 
T: 820
param_chem_pot: [ 0.000000000000 ]


-- Continue with existing DoF -- 

-- Write: DoF -- 
write: "/media/derick/DeoResearch/experiments/rocksalt3_ZrN_casm/mc_coarse_new_scel/cooling/mu_0.0000_0.0000_T_2000_20/conditions.59/initial_state.json"

-- Begin: Conditions 59 -- 

-- End: Conditions 59 -- 
run time: 16.604442 (s),  0.016604442 (s/pass),  1.2354495e-05(s/step)

-- Write: DoF -- 
write: "/media/derick/DeoResearch/experiments/rocksalt3_ZrN_casm/mc_coarse_new_scel/cooling/mu_0.0000_0.0000_T_2000_20/conditions.59/final_state.json"

-- Write: Output files -- 
write: "/media/derick/DeoResearch/experiments/rocksalt3_ZrN_casm/mc_coarse_new_scel/cooling/mu_0.0000_0.0000_T_2000_20/results.json"
write: "/media/derick/DeoResearch/experiments/rocksalt3_ZrN_casm/mc_coarse_new_scel/cooling/mu_0.0000_0.0000_T_2000_20/conditions.59/conditions.json"


-- Set: Conditions -- 
T: 800
param_chem_pot: [ 0.000000000000 ]


-- Continue with existing DoF -- 

-- Write: DoF -- 
write: "/media/derick/DeoResearch/experiments/rocksalt3_ZrN_casm/mc_coarse_new_scel/cooling/mu_0.0000_0.0000_T_2000_20/conditions.60/initial_state.json"

-- Begin: Conditions 60 -- 

-- End: Conditions 60 -- 
run time: 17.208632 (s),  0.017208632 (s/pass),  1.2804042e-05(s/step)

-- Write: DoF -- 
write: "/media/derick/DeoResearch/experiments/rocksalt3_ZrN_casm/mc_coarse_new_scel/cooling/mu_0.0000_0.0000_T_2000_20/conditions.60/final_state.json"

-- Write: Output files -- 
write: "/media/derick/DeoResearch/experiments/rocksalt3_ZrN_casm/mc_coarse_new_scel/cooling/mu_0.0000_0.0000_T_2000_20/results.json"
write: "/media/derick/DeoResearch/experiments/rocksalt3_ZrN_casm/mc_coarse_new_scel/cooling/mu_0.0000_0.0000_T_2000_20/conditions.60/conditions.json"


-- Set: Conditions -- 
T: 780
param_chem_pot: [ 0.000000000000 ]


-- Continue with existing DoF -- 

-- Write: DoF -- 
write: "/media/derick/DeoResearch/experiments/rocksalt3_ZrN_casm/mc_coarse_new_scel/cooling/mu_0.0000_0.0000_T_2000_20/conditions.61/initial_state.json"

-- Begin: Conditions 61 -- 

-- End: Conditions 61 -- 
run time: 16.325287 (s),  0.016325287 (s/pass),  1.2146791e-05(s/step)

-- Write: DoF -- 
write: "/media/derick/DeoResearch/experiments/rocksalt3_ZrN_casm/mc_coarse_new_scel/cooling/mu_0.0000_0.0000_T_2000_20/conditions.61/final_state.json"

-- Write: Output files -- 
write: "/media/derick/DeoResearch/experiments/rocksalt3_ZrN_casm/mc_coarse_new_scel/cooling/mu_0.0000_0.0000_T_2000_20/results.json"
write: "/media/derick/DeoResearch/experiments/rocksalt3_ZrN_casm/mc_coarse_new_scel/cooling/mu_0.0000_0.0000_T_2000_20/conditions.61/conditions.json"


-- Set: Conditions -- 
T: 760
param_chem_pot: [ 0.000000000000 ]


-- Continue with existing DoF -- 

-- Write: DoF -- 
write: "/media/derick/DeoResearch/experiments/rocksalt3_ZrN_casm/mc_coarse_new_scel/cooling/mu_0.0000_0.0000_T_2000_20/conditions.62/initial_state.json"

-- Begin: Conditions 62 -- 

-- End: Conditions 62 -- 
run time: 16.483627 (s),  0.016483627 (s/pass),  1.2264603e-05(s/step)

-- Write: DoF -- 
write: "/media/derick/DeoResearch/experiments/rocksalt3_ZrN_casm/mc_coarse_new_scel/cooling/mu_0.0000_0.0000_T_2000_20/conditions.62/final_state.json"

-- Write: Output files -- 
write: "/media/derick/DeoResearch/experiments/rocksalt3_ZrN_casm/mc_coarse_new_scel/cooling/mu_0.0000_0.0000_T_2000_20/results.json"
write: "/media/derick/DeoResearch/experiments/rocksalt3_ZrN_casm/mc_coarse_new_scel/cooling/mu_0.0000_0.0000_T_2000_20/conditions.62/conditions.json"


-- Set: Conditions -- 
T: 740
param_chem_pot: [ 0.000000000000 ]


-- Continue with existing DoF -- 

-- Write: DoF -- 
write: "/media/derick/DeoResearch/experiments/rocksalt3_ZrN_casm/mc_coarse_new_scel/cooling/mu_0.0000_0.0000_T_2000_20/conditions.63/initial_state.json"

-- Begin: Conditions 63 -- 

-- End: Conditions 63 -- 
run time: 16.58234 (s),  0.01658234 (s/pass),  1.233805e-05(s/step)

-- Write: DoF -- 
write: "/media/derick/DeoResearch/experiments/rocksalt3_ZrN_casm/mc_coarse_new_scel/cooling/mu_0.0000_0.0000_T_2000_20/conditions.63/final_state.json"

-- Write: Output files -- 
write: "/media/derick/DeoResearch/experiments/rocksalt3_ZrN_casm/mc_coarse_new_scel/cooling/mu_0.0000_0.0000_T_2000_20/results.json"
write: "/media/derick/DeoResearch/experiments/rocksalt3_ZrN_casm/mc_coarse_new_scel/cooling/mu_0.0000_0.0000_T_2000_20/conditions.63/conditions.json"


-- Set: Conditions -- 
T: 720
param_chem_pot: [ 0.000000000000 ]


-- Continue with existing DoF -- 

-- Write: DoF -- 
write: "/media/derick/DeoResearch/experiments/rocksalt3_ZrN_casm/mc_coarse_new_scel/cooling/mu_0.0000_0.0000_T_2000_20/conditions.64/initial_state.json"

-- Begin: Conditions 64 -- 

-- End: Conditions 64 -- 
run time: 16.370488 (s),  0.016370488 (s/pass),  1.2180423e-05(s/step)

-- Write: DoF -- 
write: "/media/derick/DeoResearch/experiments/rocksalt3_ZrN_casm/mc_coarse_new_scel/cooling/mu_0.0000_0.0000_T_2000_20/conditions.64/final_state.json"

-- Write: Output files -- 
write: "/media/derick/DeoResearch/experiments/rocksalt3_ZrN_casm/mc_coarse_new_scel/cooling/mu_0.0000_0.0000_T_2000_20/results.json"
write: "/media/derick/DeoResearch/experiments/rocksalt3_ZrN_casm/mc_coarse_new_scel/cooling/mu_0.0000_0.0000_T_2000_20/conditions.64/conditions.json"


-- Set: Conditions -- 
T: 700
param_chem_pot: [ 0.000000000000 ]


-- Continue with existing DoF -- 

-- Write: DoF -- 
write: "/media/derick/DeoResearch/experiments/rocksalt3_ZrN_casm/mc_coarse_new_scel/cooling/mu_0.0000_0.0000_T_2000_20/conditions.65/initial_state.json"

-- Begin: Conditions 65 -- 

-- End: Conditions 65 -- 
run time: 16.535545 (s),  0.016535545 (s/pass),  1.2303233e-05(s/step)

-- Write: DoF -- 
write: "/media/derick/DeoResearch/experiments/rocksalt3_ZrN_casm/mc_coarse_new_scel/cooling/mu_0.0000_0.0000_T_2000_20/conditions.65/final_state.json"

-- Write: Output files -- 
write: "/media/derick/DeoResearch/experiments/rocksalt3_ZrN_casm/mc_coarse_new_scel/cooling/mu_0.0000_0.0000_T_2000_20/results.json"
write: "/media/derick/DeoResearch/experiments/rocksalt3_ZrN_casm/mc_coarse_new_scel/cooling/mu_0.0000_0.0000_T_2000_20/conditions.65/conditions.json"


-- Set: Conditions -- 
T: 680
param_chem_pot: [ 0.000000000000 ]


-- Continue with existing DoF -- 

-- Write: DoF -- 
write: "/media/derick/DeoResearch/experiments/rocksalt3_ZrN_casm/mc_coarse_new_scel/cooling/mu_0.0000_0.0000_T_2000_20/conditions.66/initial_state.json"

-- Begin: Conditions 66 -- 

-- End: Conditions 66 -- 
run time: 16.419642 (s),  0.016419642 (s/pass),  1.2216996e-05(s/step)

-- Write: DoF -- 
write: "/media/derick/DeoResearch/experiments/rocksalt3_ZrN_casm/mc_coarse_new_scel/cooling/mu_0.0000_0.0000_T_2000_20/conditions.66/final_state.json"

-- Write: Output files -- 
write: "/media/derick/DeoResearch/experiments/rocksalt3_ZrN_casm/mc_coarse_new_scel/cooling/mu_0.0000_0.0000_T_2000_20/results.json"
write: "/media/derick/DeoResearch/experiments/rocksalt3_ZrN_casm/mc_coarse_new_scel/cooling/mu_0.0000_0.0000_T_2000_20/conditions.66/conditions.json"


-- Set: Conditions -- 
T: 660
param_chem_pot: [ 0.000000000000 ]


-- Continue with existing DoF -- 

-- Write: DoF -- 
write: "/media/derick/DeoResearch/experiments/rocksalt3_ZrN_casm/mc_coarse_new_scel/cooling/mu_0.0000_0.0000_T_2000_20/conditions.67/initial_state.json"

-- Begin: Conditions 67 -- 

-- End: Conditions 67 -- 
run time: 16.738286 (s),  0.016738286 (s/pass),  1.2454082e-05(s/step)

-- Write: DoF -- 
write: "/media/derick/DeoResearch/experiments/rocksalt3_ZrN_casm/mc_coarse_new_scel/cooling/mu_0.0000_0.0000_T_2000_20/conditions.67/final_state.json"

-- Write: Output files -- 
write: "/media/derick/DeoResearch/experiments/rocksalt3_ZrN_casm/mc_coarse_new_scel/cooling/mu_0.0000_0.0000_T_2000_20/results.json"
write: "/media/derick/DeoResearch/experiments/rocksalt3_ZrN_casm/mc_coarse_new_scel/cooling/mu_0.0000_0.0000_T_2000_20/conditions.67/conditions.json"


-- Set: Conditions -- 
T: 640
param_chem_pot: [ 0.000000000000 ]


-- Continue with existing DoF -- 

-- Write: DoF -- 
write: "/media/derick/DeoResearch/experiments/rocksalt3_ZrN_casm/mc_coarse_new_scel/cooling/mu_0.0000_0.0000_T_2000_20/conditions.68/initial_state.json"

-- Begin: Conditions 68 -- 

-- End: Conditions 68 -- 
run time: 16.571854 (s),  0.016571854 (s/pass),  1.2330248e-05(s/step)

-- Write: DoF -- 
write: "/media/derick/DeoResearch/experiments/rocksalt3_ZrN_casm/mc_coarse_new_scel/cooling/mu_0.0000_0.0000_T_2000_20/conditions.68/final_state.json"

-- Write: Output files -- 
write: "/media/derick/DeoResearch/experiments/rocksalt3_ZrN_casm/mc_coarse_new_scel/cooling/mu_0.0000_0.0000_T_2000_20/results.json"
write: "/media/derick/DeoResearch/experiments/rocksalt3_ZrN_casm/mc_coarse_new_scel/cooling/mu_0.0000_0.0000_T_2000_20/conditions.68/conditions.json"


-- Set: Conditions -- 
T: 620
param_chem_pot: [ 0.000000000000 ]


-- Continue with existing DoF -- 

-- Write: DoF -- 
write: "/media/derick/DeoResearch/experiments/rocksalt3_ZrN_casm/mc_coarse_new_scel/cooling/mu_0.0000_0.0000_T_2000_20/conditions.69/initial_state.json"

-- Begin: Conditions 69 -- 

-- End: Conditions 69 -- 
run time: 16.375227 (s),  0.016375227 (s/pass),  1.2183948e-05(s/step)

-- Write: DoF -- 
write: "/media/derick/DeoResearch/experiments/rocksalt3_ZrN_casm/mc_coarse_new_scel/cooling/mu_0.0000_0.0000_T_2000_20/conditions.69/final_state.json"

-- Write: Output files -- 
write: "/media/derick/DeoResearch/experiments/rocksalt3_ZrN_casm/mc_coarse_new_scel/cooling/mu_0.0000_0.0000_T_2000_20/results.json"
write: "/media/derick/DeoResearch/experiments/rocksalt3_ZrN_casm/mc_coarse_new_scel/cooling/mu_0.0000_0.0000_T_2000_20/conditions.69/conditions.json"


-- Set: Conditions -- 
T: 600
param_chem_pot: [ 0.000000000000 ]


-- Continue with existing DoF -- 

-- Write: DoF -- 
write: "/media/derick/DeoResearch/experiments/rocksalt3_ZrN_casm/mc_coarse_new_scel/cooling/mu_0.0000_0.0000_T_2000_20/conditions.70/initial_state.json"

-- Begin: Conditions 70 -- 

-- End: Conditions 70 -- 
run time: 16.266631 (s),  0.016266631 (s/pass),  1.2103148e-05(s/step)

-- Write: DoF -- 
write: "/media/derick/DeoResearch/experiments/rocksalt3_ZrN_casm/mc_coarse_new_scel/cooling/mu_0.0000_0.0000_T_2000_20/conditions.70/final_state.json"

-- Write: Output files -- 
write: "/media/derick/DeoResearch/experiments/rocksalt3_ZrN_casm/mc_coarse_new_scel/cooling/mu_0.0000_0.0000_T_2000_20/results.json"
write: "/media/derick/DeoResearch/experiments/rocksalt3_ZrN_casm/mc_coarse_new_scel/cooling/mu_0.0000_0.0000_T_2000_20/conditions.70/conditions.json"


-- Set: Conditions -- 
T: 580
param_chem_pot: [ 0.000000000000 ]


-- Continue with existing DoF -- 

-- Write: DoF -- 
write: "/media/derick/DeoResearch/experiments/rocksalt3_ZrN_casm/mc_coarse_new_scel/cooling/mu_0.0000_0.0000_T_2000_20/conditions.71/initial_state.json"

-- Begin: Conditions 71 -- 

-- End: Conditions 71 -- 
run time: 16.270781 (s),  0.016270781 (s/pass),  1.2106236e-05(s/step)

-- Write: DoF -- 
write: "/media/derick/DeoResearch/experiments/rocksalt3_ZrN_casm/mc_coarse_new_scel/cooling/mu_0.0000_0.0000_T_2000_20/conditions.71/final_state.json"

-- Write: Output files -- 
write: "/media/derick/DeoResearch/experiments/rocksalt3_ZrN_casm/mc_coarse_new_scel/cooling/mu_0.0000_0.0000_T_2000_20/results.json"
write: "/media/derick/DeoResearch/experiments/rocksalt3_ZrN_casm/mc_coarse_new_scel/cooling/mu_0.0000_0.0000_T_2000_20/conditions.71/conditions.json"


-- Set: Conditions -- 
T: 560
param_chem_pot: [ 0.000000000000 ]


-- Continue with existing DoF -- 

-- Write: DoF -- 
write: "/media/derick/DeoResearch/experiments/rocksalt3_ZrN_casm/mc_coarse_new_scel/cooling/mu_0.0000_0.0000_T_2000_20/conditions.72/initial_state.json"

-- Begin: Conditions 72 -- 

-- End: Conditions 72 -- 
run time: 16.297176 (s),  0.016297176 (s/pass),  1.2125875e-05(s/step)

-- Write: DoF -- 
write: "/media/derick/DeoResearch/experiments/rocksalt3_ZrN_casm/mc_coarse_new_scel/cooling/mu_0.0000_0.0000_T_2000_20/conditions.72/final_state.json"

-- Write: Output files -- 
write: "/media/derick/DeoResearch/experiments/rocksalt3_ZrN_casm/mc_coarse_new_scel/cooling/mu_0.0000_0.0000_T_2000_20/results.json"
write: "/media/derick/DeoResearch/experiments/rocksalt3_ZrN_casm/mc_coarse_new_scel/cooling/mu_0.0000_0.0000_T_2000_20/conditions.72/conditions.json"


-- Set: Conditions -- 
T: 540
param_chem_pot: [ 0.000000000000 ]


-- Continue with existing DoF -- 

-- Write: DoF -- 
write: "/media/derick/DeoResearch/experiments/rocksalt3_ZrN_casm/mc_coarse_new_scel/cooling/mu_0.0000_0.0000_T_2000_20/conditions.73/initial_state.json"

-- Begin: Conditions 73 -- 

-- End: Conditions 73 -- 
run time: 16.304829 (s),  0.016304829 (s/pass),  1.2131569e-05(s/step)

-- Write: DoF -- 
write: "/media/derick/DeoResearch/experiments/rocksalt3_ZrN_casm/mc_coarse_new_scel/cooling/mu_0.0000_0.0000_T_2000_20/conditions.73/final_state.json"

-- Write: Output files -- 
write: "/media/derick/DeoResearch/experiments/rocksalt3_ZrN_casm/mc_coarse_new_scel/cooling/mu_0.0000_0.0000_T_2000_20/results.json"
write: "/media/derick/DeoResearch/experiments/rocksalt3_ZrN_casm/mc_coarse_new_scel/cooling/mu_0.0000_0.0000_T_2000_20/conditions.73/conditions.json"


-- Set: Conditions -- 
T: 520
param_chem_pot: [ 0.000000000000 ]


-- Continue with existing DoF -- 

-- Write: DoF -- 
write: "/media/derick/DeoResearch/experiments/rocksalt3_ZrN_casm/mc_coarse_new_scel/cooling/mu_0.0000_0.0000_T_2000_20/conditions.74/initial_state.json"

-- Begin: Conditions 74 -- 

-- End: Conditions 74 -- 
run time: 16.237643 (s),  0.016237643 (s/pass),  1.208158e-05(s/step)

-- Write: DoF -- 
write: "/media/derick/DeoResearch/experiments/rocksalt3_ZrN_casm/mc_coarse_new_scel/cooling/mu_0.0000_0.0000_T_2000_20/conditions.74/final_state.json"

-- Write: Output files -- 
write: "/media/derick/DeoResearch/experiments/rocksalt3_ZrN_casm/mc_coarse_new_scel/cooling/mu_0.0000_0.0000_T_2000_20/results.json"
write: "/media/derick/DeoResearch/experiments/rocksalt3_ZrN_casm/mc_coarse_new_scel/cooling/mu_0.0000_0.0000_T_2000_20/conditions.74/conditions.json"


-- Set: Conditions -- 
T: 500
param_chem_pot: [ 0.000000000000 ]


-- Continue with existing DoF -- 

-- Write: DoF -- 
write: "/media/derick/DeoResearch/experiments/rocksalt3_ZrN_casm/mc_coarse_new_scel/cooling/mu_0.0000_0.0000_T_2000_20/conditions.75/initial_state.json"

-- Begin: Conditions 75 -- 

-- End: Conditions 75 -- 
run time: 16.267928 (s),  0.016267928 (s/pass),  1.2104113e-05(s/step)

-- Write: DoF -- 
write: "/media/derick/DeoResearch/experiments/rocksalt3_ZrN_casm/mc_coarse_new_scel/cooling/mu_0.0000_0.0000_T_2000_20/conditions.75/final_state.json"

-- Write: Output files -- 
write: "/media/derick/DeoResearch/experiments/rocksalt3_ZrN_casm/mc_coarse_new_scel/cooling/mu_0.0000_0.0000_T_2000_20/results.json"
write: "/media/derick/DeoResearch/experiments/rocksalt3_ZrN_casm/mc_coarse_new_scel/cooling/mu_0.0000_0.0000_T_2000_20/conditions.75/conditions.json"


-- Set: Conditions -- 
T: 480
param_chem_pot: [ 0.000000000000 ]


-- Continue with existing DoF -- 

-- Write: DoF -- 
write: "/media/derick/DeoResearch/experiments/rocksalt3_ZrN_casm/mc_coarse_new_scel/cooling/mu_0.0000_0.0000_T_2000_20/conditions.76/initial_state.json"

-- Begin: Conditions 76 -- 

-- End: Conditions 76 -- 
run time: 16.244008 (s),  0.016244008 (s/pass),  1.2086316e-05(s/step)

-- Write: DoF -- 
write: "/media/derick/DeoResearch/experiments/rocksalt3_ZrN_casm/mc_coarse_new_scel/cooling/mu_0.0000_0.0000_T_2000_20/conditions.76/final_state.json"

-- Write: Output files -- 
write: "/media/derick/DeoResearch/experiments/rocksalt3_ZrN_casm/mc_coarse_new_scel/cooling/mu_0.0000_0.0000_T_2000_20/results.json"
write: "/media/derick/DeoResearch/experiments/rocksalt3_ZrN_casm/mc_coarse_new_scel/cooling/mu_0.0000_0.0000_T_2000_20/conditions.76/conditions.json"


-- Set: Conditions -- 
T: 460
param_chem_pot: [ 0.000000000000 ]


-- Continue with existing DoF -- 

-- Write: DoF -- 
write: "/media/derick/DeoResearch/experiments/rocksalt3_ZrN_casm/mc_coarse_new_scel/cooling/mu_0.0000_0.0000_T_2000_20/conditions.77/initial_state.json"

-- Begin: Conditions 77 -- 

-- End: Conditions 77 -- 
run time: 16.312968 (s),  0.016312968 (s/pass),  1.2137625e-05(s/step)

-- Write: DoF -- 
write: "/media/derick/DeoResearch/experiments/rocksalt3_ZrN_casm/mc_coarse_new_scel/cooling/mu_0.0000_0.0000_T_2000_20/conditions.77/final_state.json"

-- Write: Output files -- 
write: "/media/derick/DeoResearch/experiments/rocksalt3_ZrN_casm/mc_coarse_new_scel/cooling/mu_0.0000_0.0000_T_2000_20/results.json"
write: "/media/derick/DeoResearch/experiments/rocksalt3_ZrN_casm/mc_coarse_new_scel/cooling/mu_0.0000_0.0000_T_2000_20/conditions.77/conditions.json"


-- Set: Conditions -- 
T: 440
param_chem_pot: [ 0.000000000000 ]


-- Continue with existing DoF -- 

-- Write: DoF -- 
write: "/media/derick/DeoResearch/experiments/rocksalt3_ZrN_casm/mc_coarse_new_scel/cooling/mu_0.0000_0.0000_T_2000_20/conditions.78/initial_state.json"

-- Begin: Conditions 78 -- 

-- End: Conditions 78 -- 
run time: 16.258576 (s),  0.016258576 (s/pass),  1.2097155e-05(s/step)

-- Write: DoF -- 
write: "/media/derick/DeoResearch/experiments/rocksalt3_ZrN_casm/mc_coarse_new_scel/cooling/mu_0.0000_0.0000_T_2000_20/conditions.78/final_state.json"

-- Write: Output files -- 
write: "/media/derick/DeoResearch/experiments/rocksalt3_ZrN_casm/mc_coarse_new_scel/cooling/mu_0.0000_0.0000_T_2000_20/results.json"
write: "/media/derick/DeoResearch/experiments/rocksalt3_ZrN_casm/mc_coarse_new_scel/cooling/mu_0.0000_0.0000_T_2000_20/conditions.78/conditions.json"


-- Set: Conditions -- 
T: 420
param_chem_pot: [ 0.000000000000 ]


-- Continue with existing DoF -- 

-- Write: DoF -- 
write: "/media/derick/DeoResearch/experiments/rocksalt3_ZrN_casm/mc_coarse_new_scel/cooling/mu_0.0000_0.0000_T_2000_20/conditions.79/initial_state.json"

-- Begin: Conditions 79 -- 

-- End: Conditions 79 -- 
run time: 16.246348 (s),  0.016246348 (s/pass),  1.2088056e-05(s/step)

-- Write: DoF -- 
write: "/media/derick/DeoResearch/experiments/rocksalt3_ZrN_casm/mc_coarse_new_scel/cooling/mu_0.0000_0.0000_T_2000_20/conditions.79/final_state.json"

-- Write: Output files -- 
write: "/media/derick/DeoResearch/experiments/rocksalt3_ZrN_casm/mc_coarse_new_scel/cooling/mu_0.0000_0.0000_T_2000_20/results.json"
write: "/media/derick/DeoResearch/experiments/rocksalt3_ZrN_casm/mc_coarse_new_scel/cooling/mu_0.0000_0.0000_T_2000_20/conditions.79/conditions.json"


-- Set: Conditions -- 
T: 400
param_chem_pot: [ 0.000000000000 ]


-- Continue with existing DoF -- 

-- Write: DoF -- 
write: "/media/derick/DeoResearch/experiments/rocksalt3_ZrN_casm/mc_coarse_new_scel/cooling/mu_0.0000_0.0000_T_2000_20/conditions.80/initial_state.json"

-- Begin: Conditions 80 -- 

-- End: Conditions 80 -- 
run time: 16.328615 (s),  0.016328615 (s/pass),  1.2149267e-05(s/step)

-- Write: DoF -- 
write: "/media/derick/DeoResearch/experiments/rocksalt3_ZrN_casm/mc_coarse_new_scel/cooling/mu_0.0000_0.0000_T_2000_20/conditions.80/final_state.json"

-- Write: Output files -- 
write: "/media/derick/DeoResearch/experiments/rocksalt3_ZrN_casm/mc_coarse_new_scel/cooling/mu_0.0000_0.0000_T_2000_20/results.json"
write: "/media/derick/DeoResearch/experiments/rocksalt3_ZrN_casm/mc_coarse_new_scel/cooling/mu_0.0000_0.0000_T_2000_20/conditions.80/conditions.json"


-- Set: Conditions -- 
T: 380
param_chem_pot: [ 0.000000000000 ]


-- Continue with existing DoF -- 

-- Write: DoF -- 
write: "/media/derick/DeoResearch/experiments/rocksalt3_ZrN_casm/mc_coarse_new_scel/cooling/mu_0.0000_0.0000_T_2000_20/conditions.81/initial_state.json"

-- Begin: Conditions 81 -- 

-- End: Conditions 81 -- 
run time: 16.468572 (s),  0.016468572 (s/pass),  1.2253402e-05(s/step)

-- Write: DoF -- 
write: "/media/derick/DeoResearch/experiments/rocksalt3_ZrN_casm/mc_coarse_new_scel/cooling/mu_0.0000_0.0000_T_2000_20/conditions.81/final_state.json"

-- Write: Output files -- 
write: "/media/derick/DeoResearch/experiments/rocksalt3_ZrN_casm/mc_coarse_new_scel/cooling/mu_0.0000_0.0000_T_2000_20/results.json"
write: "/media/derick/DeoResearch/experiments/rocksalt3_ZrN_casm/mc_coarse_new_scel/cooling/mu_0.0000_0.0000_T_2000_20/conditions.81/conditions.json"


-- Set: Conditions -- 
T: 360
param_chem_pot: [ 0.000000000000 ]


-- Continue with existing DoF -- 

-- Write: DoF -- 
write: "/media/derick/DeoResearch/experiments/rocksalt3_ZrN_casm/mc_coarse_new_scel/cooling/mu_0.0000_0.0000_T_2000_20/conditions.82/initial_state.json"

-- Begin: Conditions 82 -- 

-- End: Conditions 82 -- 
run time: 16.329047 (s),  0.016329047 (s/pass),  1.2149589e-05(s/step)

-- Write: DoF -- 
write: "/media/derick/DeoResearch/experiments/rocksalt3_ZrN_casm/mc_coarse_new_scel/cooling/mu_0.0000_0.0000_T_2000_20/conditions.82/final_state.json"

-- Write: Output files -- 
write: "/media/derick/DeoResearch/experiments/rocksalt3_ZrN_casm/mc_coarse_new_scel/cooling/mu_0.0000_0.0000_T_2000_20/results.json"
write: "/media/derick/DeoResearch/experiments/rocksalt3_ZrN_casm/mc_coarse_new_scel/cooling/mu_0.0000_0.0000_T_2000_20/conditions.82/conditions.json"


-- Set: Conditions -- 
T: 340
param_chem_pot: [ 0.000000000000 ]


-- Continue with existing DoF -- 

-- Write: DoF -- 
write: "/media/derick/DeoResearch/experiments/rocksalt3_ZrN_casm/mc_coarse_new_scel/cooling/mu_0.0000_0.0000_T_2000_20/conditions.83/initial_state.json"

-- Begin: Conditions 83 -- 

-- End: Conditions 83 -- 
run time: 16.431117 (s),  0.016431117 (s/pass),  1.2225534e-05(s/step)

-- Write: DoF -- 
write: "/media/derick/DeoResearch/experiments/rocksalt3_ZrN_casm/mc_coarse_new_scel/cooling/mu_0.0000_0.0000_T_2000_20/conditions.83/final_state.json"

-- Write: Output files -- 
write: "/media/derick/DeoResearch/experiments/rocksalt3_ZrN_casm/mc_coarse_new_scel/cooling/mu_0.0000_0.0000_T_2000_20/results.json"
write: "/media/derick/DeoResearch/experiments/rocksalt3_ZrN_casm/mc_coarse_new_scel/cooling/mu_0.0000_0.0000_T_2000_20/conditions.83/conditions.json"


-- Set: Conditions -- 
T: 320
param_chem_pot: [ 0.000000000000 ]


-- Continue with existing DoF -- 

-- Write: DoF -- 
write: "/media/derick/DeoResearch/experiments/rocksalt3_ZrN_casm/mc_coarse_new_scel/cooling/mu_0.0000_0.0000_T_2000_20/conditions.84/initial_state.json"

-- Begin: Conditions 84 -- 

-- End: Conditions 84 -- 
run time: 16.498291 (s),  0.016498291 (s/pass),  1.2275514e-05(s/step)

-- Write: DoF -- 
write: "/media/derick/DeoResearch/experiments/rocksalt3_ZrN_casm/mc_coarse_new_scel/cooling/mu_0.0000_0.0000_T_2000_20/conditions.84/final_state.json"

-- Write: Output files -- 
write: "/media/derick/DeoResearch/experiments/rocksalt3_ZrN_casm/mc_coarse_new_scel/cooling/mu_0.0000_0.0000_T_2000_20/results.json"
write: "/media/derick/DeoResearch/experiments/rocksalt3_ZrN_casm/mc_coarse_new_scel/cooling/mu_0.0000_0.0000_T_2000_20/conditions.84/conditions.json"


-- Set: Conditions -- 
T: 300
param_chem_pot: [ 0.000000000000 ]


-- Continue with existing DoF -- 

-- Write: DoF -- 
write: "/media/derick/DeoResearch/experiments/rocksalt3_ZrN_casm/mc_coarse_new_scel/cooling/mu_0.0000_0.0000_T_2000_20/conditions.85/initial_state.json"

-- Begin: Conditions 85 -- 

-- End: Conditions 85 -- 
run time: 16.874355 (s),  0.016874355 (s/pass),  1.2555324e-05(s/step)

-- Write: DoF -- 
write: "/media/derick/DeoResearch/experiments/rocksalt3_ZrN_casm/mc_coarse_new_scel/cooling/mu_0.0000_0.0000_T_2000_20/conditions.85/final_state.json"

-- Write: Output files -- 
write: "/media/derick/DeoResearch/experiments/rocksalt3_ZrN_casm/mc_coarse_new_scel/cooling/mu_0.0000_0.0000_T_2000_20/results.json"
write: "/media/derick/DeoResearch/experiments/rocksalt3_ZrN_casm/mc_coarse_new_scel/cooling/mu_0.0000_0.0000_T_2000_20/conditions.85/conditions.json"


-- Set: Conditions -- 
T: 280
param_chem_pot: [ 0.000000000000 ]


-- Continue with existing DoF -- 

-- Write: DoF -- 
write: "/media/derick/DeoResearch/experiments/rocksalt3_ZrN_casm/mc_coarse_new_scel/cooling/mu_0.0000_0.0000_T_2000_20/conditions.86/initial_state.json"

-- Begin: Conditions 86 -- 

-- End: Conditions 86 -- 
run time: 16.71829 (s),  0.01671829 (s/pass),  1.2439204e-05(s/step)

-- Write: DoF -- 
write: "/media/derick/DeoResearch/experiments/rocksalt3_ZrN_casm/mc_coarse_new_scel/cooling/mu_0.0000_0.0000_T_2000_20/conditions.86/final_state.json"

-- Write: Output files -- 
write: "/media/derick/DeoResearch/experiments/rocksalt3_ZrN_casm/mc_coarse_new_scel/cooling/mu_0.0000_0.0000_T_2000_20/results.json"
write: "/media/derick/DeoResearch/experiments/rocksalt3_ZrN_casm/mc_coarse_new_scel/cooling/mu_0.0000_0.0000_T_2000_20/conditions.86/conditions.json"


-- Set: Conditions -- 
T: 260
param_chem_pot: [ 0.000000000000 ]


-- Continue with existing DoF -- 

-- Write: DoF -- 
write: "/media/derick/DeoResearch/experiments/rocksalt3_ZrN_casm/mc_coarse_new_scel/cooling/mu_0.0000_0.0000_T_2000_20/conditions.87/initial_state.json"

-- Begin: Conditions 87 -- 

-- End: Conditions 87 -- 
run time: 16.62644 (s),  0.01662644 (s/pass),  1.2370863e-05(s/step)

-- Write: DoF -- 
write: "/media/derick/DeoResearch/experiments/rocksalt3_ZrN_casm/mc_coarse_new_scel/cooling/mu_0.0000_0.0000_T_2000_20/conditions.87/final_state.json"

-- Write: Output files -- 
write: "/media/derick/DeoResearch/experiments/rocksalt3_ZrN_casm/mc_coarse_new_scel/cooling/mu_0.0000_0.0000_T_2000_20/results.json"
write: "/media/derick/DeoResearch/experiments/rocksalt3_ZrN_casm/mc_coarse_new_scel/cooling/mu_0.0000_0.0000_T_2000_20/conditions.87/conditions.json"


-- Set: Conditions -- 
T: 240
param_chem_pot: [ 0.000000000000 ]


-- Continue with existing DoF -- 

-- Write: DoF -- 
write: "/media/derick/DeoResearch/experiments/rocksalt3_ZrN_casm/mc_coarse_new_scel/cooling/mu_0.0000_0.0000_T_2000_20/conditions.88/initial_state.json"

-- Begin: Conditions 88 -- 

-- End: Conditions 88 -- 
run time: 16.49197 (s),  0.01649197 (s/pass),  1.2270811e-05(s/step)

-- Write: DoF -- 
write: "/media/derick/DeoResearch/experiments/rocksalt3_ZrN_casm/mc_coarse_new_scel/cooling/mu_0.0000_0.0000_T_2000_20/conditions.88/final_state.json"

-- Write: Output files -- 
write: "/media/derick/DeoResearch/experiments/rocksalt3_ZrN_casm/mc_coarse_new_scel/cooling/mu_0.0000_0.0000_T_2000_20/results.json"
write: "/media/derick/DeoResearch/experiments/rocksalt3_ZrN_casm/mc_coarse_new_scel/cooling/mu_0.0000_0.0000_T_2000_20/conditions.88/conditions.json"


-- Set: Conditions -- 
T: 220
param_chem_pot: [ 0.000000000000 ]


-- Continue with existing DoF -- 

-- Write: DoF -- 
write: "/media/derick/DeoResearch/experiments/rocksalt3_ZrN_casm/mc_coarse_new_scel/cooling/mu_0.0000_0.0000_T_2000_20/conditions.89/initial_state.json"

-- Begin: Conditions 89 -- 

-- End: Conditions 89 -- 
run time: 16.406221 (s),  0.016406221 (s/pass),  1.2207009e-05(s/step)

-- Write: DoF -- 
write: "/media/derick/DeoResearch/experiments/rocksalt3_ZrN_casm/mc_coarse_new_scel/cooling/mu_0.0000_0.0000_T_2000_20/conditions.89/final_state.json"

-- Write: Output files -- 
write: "/media/derick/DeoResearch/experiments/rocksalt3_ZrN_casm/mc_coarse_new_scel/cooling/mu_0.0000_0.0000_T_2000_20/results.json"
write: "/media/derick/DeoResearch/experiments/rocksalt3_ZrN_casm/mc_coarse_new_scel/cooling/mu_0.0000_0.0000_T_2000_20/conditions.89/conditions.json"


-- Set: Conditions -- 
T: 200
param_chem_pot: [ 0.000000000000 ]


-- Continue with existing DoF -- 

-- Write: DoF -- 
write: "/media/derick/DeoResearch/experiments/rocksalt3_ZrN_casm/mc_coarse_new_scel/cooling/mu_0.0000_0.0000_T_2000_20/conditions.90/initial_state.json"

-- Begin: Conditions 90 -- 

-- End: Conditions 90 -- 
run time: 16.346902 (s),  0.016346902 (s/pass),  1.2162874e-05(s/step)

-- Write: DoF -- 
write: "/media/derick/DeoResearch/experiments/rocksalt3_ZrN_casm/mc_coarse_new_scel/cooling/mu_0.0000_0.0000_T_2000_20/conditions.90/final_state.json"

-- Write: Output files -- 
write: "/media/derick/DeoResearch/experiments/rocksalt3_ZrN_casm/mc_coarse_new_scel/cooling/mu_0.0000_0.0000_T_2000_20/results.json"
write: "/media/derick/DeoResearch/experiments/rocksalt3_ZrN_casm/mc_coarse_new_scel/cooling/mu_0.0000_0.0000_T_2000_20/conditions.90/conditions.json"


-- Set: Conditions -- 
T: 180
param_chem_pot: [ 0.000000000000 ]


-- Continue with existing DoF -- 

-- Write: DoF -- 
write: "/media/derick/DeoResearch/experiments/rocksalt3_ZrN_casm/mc_coarse_new_scel/cooling/mu_0.0000_0.0000_T_2000_20/conditions.91/initial_state.json"

-- Begin: Conditions 91 -- 

-- End: Conditions 91 -- 
run time: 16.553353 (s),  0.016553353 (s/pass),  1.2316483e-05(s/step)

-- Write: DoF -- 
write: "/media/derick/DeoResearch/experiments/rocksalt3_ZrN_casm/mc_coarse_new_scel/cooling/mu_0.0000_0.0000_T_2000_20/conditions.91/final_state.json"

-- Write: Output files -- 
write: "/media/derick/DeoResearch/experiments/rocksalt3_ZrN_casm/mc_coarse_new_scel/cooling/mu_0.0000_0.0000_T_2000_20/results.json"
write: "/media/derick/DeoResearch/experiments/rocksalt3_ZrN_casm/mc_coarse_new_scel/cooling/mu_0.0000_0.0000_T_2000_20/conditions.91/conditions.json"


-- Set: Conditions -- 
T: 160
param_chem_pot: [ 0.000000000000 ]


-- Continue with existing DoF -- 

-- Write: DoF -- 
write: "/media/derick/DeoResearch/experiments/rocksalt3_ZrN_casm/mc_coarse_new_scel/cooling/mu_0.0000_0.0000_T_2000_20/conditions.92/initial_state.json"

-- Begin: Conditions 92 -- 

-- End: Conditions 92 -- 
run time: 16.329794 (s),  0.016329794 (s/pass),  1.2150145e-05(s/step)

-- Write: DoF -- 
write: "/media/derick/DeoResearch/experiments/rocksalt3_ZrN_casm/mc_coarse_new_scel/cooling/mu_0.0000_0.0000_T_2000_20/conditions.92/final_state.json"

-- Write: Output files -- 
write: "/media/derick/DeoResearch/experiments/rocksalt3_ZrN_casm/mc_coarse_new_scel/cooling/mu_0.0000_0.0000_T_2000_20/results.json"
write: "/media/derick/DeoResearch/experiments/rocksalt3_ZrN_casm/mc_coarse_new_scel/cooling/mu_0.0000_0.0000_T_2000_20/conditions.92/conditions.json"


-- Set: Conditions -- 
T: 140
param_chem_pot: [ 0.000000000000 ]


-- Continue with existing DoF -- 

-- Write: DoF -- 
write: "/media/derick/DeoResearch/experiments/rocksalt3_ZrN_casm/mc_coarse_new_scel/cooling/mu_0.0000_0.0000_T_2000_20/conditions.93/initial_state.json"

-- Begin: Conditions 93 -- 

-- End: Conditions 93 -- 
run time: 16.385586 (s),  0.016385586 (s/pass),  1.2191656e-05(s/step)

-- Write: DoF -- 
write: "/media/derick/DeoResearch/experiments/rocksalt3_ZrN_casm/mc_coarse_new_scel/cooling/mu_0.0000_0.0000_T_2000_20/conditions.93/final_state.json"

-- Write: Output files -- 
write: "/media/derick/DeoResearch/experiments/rocksalt3_ZrN_casm/mc_coarse_new_scel/cooling/mu_0.0000_0.0000_T_2000_20/results.json"
write: "/media/derick/DeoResearch/experiments/rocksalt3_ZrN_casm/mc_coarse_new_scel/cooling/mu_0.0000_0.0000_T_2000_20/conditions.93/conditions.json"


-- Set: Conditions -- 
T: 120
param_chem_pot: [ 0.000000000000 ]


-- Continue with existing DoF -- 

-- Write: DoF -- 
write: "/media/derick/DeoResearch/experiments/rocksalt3_ZrN_casm/mc_coarse_new_scel/cooling/mu_0.0000_0.0000_T_2000_20/conditions.94/initial_state.json"

-- Begin: Conditions 94 -- 

-- End: Conditions 94 -- 
run time: 16.33395 (s),  0.01633395 (s/pass),  1.2153237e-05(s/step)

-- Write: DoF -- 
write: "/media/derick/DeoResearch/experiments/rocksalt3_ZrN_casm/mc_coarse_new_scel/cooling/mu_0.0000_0.0000_T_2000_20/conditions.94/final_state.json"

-- Write: Output files -- 
write: "/media/derick/DeoResearch/experiments/rocksalt3_ZrN_casm/mc_coarse_new_scel/cooling/mu_0.0000_0.0000_T_2000_20/results.json"
write: "/media/derick/DeoResearch/experiments/rocksalt3_ZrN_casm/mc_coarse_new_scel/cooling/mu_0.0000_0.0000_T_2000_20/conditions.94/conditions.json"


-- Set: Conditions -- 
T: 100
param_chem_pot: [ 0.000000000000 ]


-- Continue with existing DoF -- 

-- Write: DoF -- 
write: "/media/derick/DeoResearch/experiments/rocksalt3_ZrN_casm/mc_coarse_new_scel/cooling/mu_0.0000_0.0000_T_2000_20/conditions.95/initial_state.json"

-- Begin: Conditions 95 -- 

-- End: Conditions 95 -- 
run time: 16.519115 (s),  0.016519115 (s/pass),  1.2291008e-05(s/step)

-- Write: DoF -- 
write: "/media/derick/DeoResearch/experiments/rocksalt3_ZrN_casm/mc_coarse_new_scel/cooling/mu_0.0000_0.0000_T_2000_20/conditions.95/final_state.json"

-- Write: Output files -- 
write: "/media/derick/DeoResearch/experiments/rocksalt3_ZrN_casm/mc_coarse_new_scel/cooling/mu_0.0000_0.0000_T_2000_20/results.json"
write: "/media/derick/DeoResearch/experiments/rocksalt3_ZrN_casm/mc_coarse_new_scel/cooling/mu_0.0000_0.0000_T_2000_20/conditions.95/conditions.json"


-- Set: Conditions -- 
T: 80
param_chem_pot: [ 0.000000000000 ]


-- Continue with existing DoF -- 

-- Write: DoF -- 
write: "/media/derick/DeoResearch/experiments/rocksalt3_ZrN_casm/mc_coarse_new_scel/cooling/mu_0.0000_0.0000_T_2000_20/conditions.96/initial_state.json"

-- Begin: Conditions 96 -- 

-- End: Conditions 96 -- 
run time: 16.951094 (s),  0.016951094 (s/pass),  1.2612421e-05(s/step)

-- Write: DoF -- 
write: "/media/derick/DeoResearch/experiments/rocksalt3_ZrN_casm/mc_coarse_new_scel/cooling/mu_0.0000_0.0000_T_2000_20/conditions.96/final_state.json"

-- Write: Output files -- 
write: "/media/derick/DeoResearch/experiments/rocksalt3_ZrN_casm/mc_coarse_new_scel/cooling/mu_0.0000_0.0000_T_2000_20/results.json"
write: "/media/derick/DeoResearch/experiments/rocksalt3_ZrN_casm/mc_coarse_new_scel/cooling/mu_0.0000_0.0000_T_2000_20/conditions.96/conditions.json"


-- Set: Conditions -- 
T: 60
param_chem_pot: [ 0.000000000000 ]


-- Continue with existing DoF -- 

-- Write: DoF -- 
write: "/media/derick/DeoResearch/experiments/rocksalt3_ZrN_casm/mc_coarse_new_scel/cooling/mu_0.0000_0.0000_T_2000_20/conditions.97/initial_state.json"

-- Begin: Conditions 97 -- 

-- End: Conditions 97 -- 
run time: 17.123707 (s),  0.017123707 (s/pass),  1.2740853e-05(s/step)

-- Write: DoF -- 
write: "/media/derick/DeoResearch/experiments/rocksalt3_ZrN_casm/mc_coarse_new_scel/cooling/mu_0.0000_0.0000_T_2000_20/conditions.97/final_state.json"

-- Write: Output files -- 
write: "/media/derick/DeoResearch/experiments/rocksalt3_ZrN_casm/mc_coarse_new_scel/cooling/mu_0.0000_0.0000_T_2000_20/results.json"
write: "/media/derick/DeoResearch/experiments/rocksalt3_ZrN_casm/mc_coarse_new_scel/cooling/mu_0.0000_0.0000_T_2000_20/conditions.97/conditions.json"


-- Set: Conditions -- 
T: 40
param_chem_pot: [ 0.000000000000 ]


-- Continue with existing DoF -- 

-- Write: DoF -- 
write: "/media/derick/DeoResearch/experiments/rocksalt3_ZrN_casm/mc_coarse_new_scel/cooling/mu_0.0000_0.0000_T_2000_20/conditions.98/initial_state.json"

-- Begin: Conditions 98 -- 

-- End: Conditions 98 -- 
run time: 16.686032 (s),  0.016686032 (s/pass),  1.2415202e-05(s/step)

-- Write: DoF -- 
write: "/media/derick/DeoResearch/experiments/rocksalt3_ZrN_casm/mc_coarse_new_scel/cooling/mu_0.0000_0.0000_T_2000_20/conditions.98/final_state.json"

-- Write: Output files -- 
write: "/media/derick/DeoResearch/experiments/rocksalt3_ZrN_casm/mc_coarse_new_scel/cooling/mu_0.0000_0.0000_T_2000_20/results.json"
write: "/media/derick/DeoResearch/experiments/rocksalt3_ZrN_casm/mc_coarse_new_scel/cooling/mu_0.0000_0.0000_T_2000_20/conditions.98/conditions.json"


-- Set: Conditions -- 
T: 20
param_chem_pot: [ 0.000000000000 ]


-- Continue with existing DoF -- 

-- Write: DoF -- 
write: "/media/derick/DeoResearch/experiments/rocksalt3_ZrN_casm/mc_coarse_new_scel/cooling/mu_0.0000_0.0000_T_2000_20/conditions.99/initial_state.json"

-- Begin: Conditions 99 -- 

-- End: Conditions 99 -- 
run time: 16.945364 (s),  0.016945364 (s/pass),  1.2608158e-05(s/step)

-- Write: DoF -- 
write: "/media/derick/DeoResearch/experiments/rocksalt3_ZrN_casm/mc_coarse_new_scel/cooling/mu_0.0000_0.0000_T_2000_20/conditions.99/final_state.json"

-- Write: Output files -- 
write: "/media/derick/DeoResearch/experiments/rocksalt3_ZrN_casm/mc_coarse_new_scel/cooling/mu_0.0000_0.0000_T_2000_20/results.json"
write: "/media/derick/DeoResearch/experiments/rocksalt3_ZrN_casm/mc_coarse_new_scel/cooling/mu_0.0000_0.0000_T_2000_20/conditions.99/conditions.json"


