Loading genetic_alg_settings.json
# Hall of Fame size: 10 

# Get problem data...
# wHullDist: Will calculate hull distance: hull_dist(CALCULATED,atom_frac)
# Query requested: ['formation_energy', 'is_calculated', 'corr', 'hull_dist(CALCULATED,atom_frac)']
# Use existing: []
# Querying: ['formation_energy', 'is_calculated', 'corr', 'hull_dist(CALCULATED,atom_frac)']
#   DONE

# Target: formation_energy
# Training samples: 627
# Features: 253 

# Weighting:
{
  "method": "wHullDist",
  "kwargs": {
    "A": 0.1,
    "B": 1.0,
    "kT": 0.01,
    "hull_selection": "CALCULATED"
  }
}

# CV:
{
  "method": "KFold",
  "kwargs": {
    "n_splits": 10,
    "shuffle": true
  },
  "penalty": 0.0
} 

# Writing problem specs to: genetic_alg_settings_specs.pkl
# To inspect or customize the problem specs further, use the '--checkspecs' method

# Estimator:
{
  "method": "LinearRegression",
  "kwargs": {
    "fit_intercept": false
  }
} 

# Feature Selection:
{
  "method": "GeneticAlgorithm",
  "kwargs": {
    "constraints_kwargs": {
      "n_features_max": 100,
      "n_features_min": 3,
      "fix_off": [],
      "fix_on": [
        0,
        1,
        2
      ]
    },
    "selTournamentSize": 3,
    "mutFlipBitProb": 0.01,
    "evolve_params_kwargs": {
      "n_generation": 20,
      "n_repetition": 20,
      "n_features_init": 3,
      "n_population": 10,
      "n_halloffame": 10,
      "halloffame_filename": "evolve_halloffame.pkl",
      "filename_prefix": "genetic_alg_settings"
    },
    "cxUniformProb": 0.5
  }
} 

# Fit and select...
Constructing initial population
Begin 1 of 20 repetitions
Begin 20 generations
gen	nevals	avg      	std        	min      	max    
0  	10    	0.0197346	0.000496701	0.0188555	0.02045
1  	10    	0.0187186	0.000590609	0.0172951	0.0196359
2  	10    	0.0176423	0.000721711	0.0167762	0.0189233
3  	10    	0.0168757	0.000380839	0.0162856	0.0177171
4  	10    	0.0163454	0.000847759	0.0150925	0.01847  
5  	10    	0.0153698	0.00063996 	0.0146913	0.0166841
6  	10    	0.0145812	0.000272563	0.0139204	0.0148507
7  	10    	0.0141066	0.000899858	0.0128028	0.0162469
8  	10    	0.0132492	0.000751928	0.01179  	0.0142011
9  	10    	0.0125935	0.00105122 	0.0110415	0.0144324
10 	10    	0.0116908	0.00126409 	0.00947517	0.0142317
11 	10    	0.0107269	0.000744042	0.00888453	0.0118118
12 	10    	0.00995813	0.00101701 	0.00846299	0.0112644
13 	10    	0.00930393	0.00092734 	0.00785983	0.0106393
14 	10    	0.00830986	0.000394246	0.00795253	0.00937688
15 	10    	0.00823612	0.000647209	0.00758981	0.0100589 
16 	10    	0.00795187	0.000190799	0.00764906	0.00830231
17 	10    	0.00773124	0.000150478	0.00750847	0.00799885
18 	10    	0.00764596	0.000134518	0.0074866 	0.00792178
19 	10    	0.00761817	0.000113311	0.00744856	0.00776282
20 	10    	0.0076172 	0.000123676	0.0073606 	0.00779641
Runtime: 4.56316958500247 (s)


Final population:
Index: Selected                                    #Selected    CV          
----------------------------------------------------------------------------------------------------
    0: 1111001010000110100000001001100110110110... 67           0.0076716598
    1: 1111001000100110100000001001000110100000... 61           0.0076169147
    2: 1111000010100100100000001000000110110100... 63           0.0077034335
    3: 1111000000100110100000001000000110100110... 64           0.0077558741
    4: 1111001000000100100010001000100110010010... 62           0.0075051645
    5: 1111001000000101100000001000100110010010... 62           0.0073606031
    6: 1111001010000110100000001000000110010110... 62           0.0077964069
    7: 1111001000100100100000001001100110100110... 64           0.0075256606
    8: 1111001000100100100000001000100110100000... 59           0.0075710319
    9: 1111000000100100100000001000000110010110... 60           0.0076652069

Pickling population to: genetic_alg_settings_population_end.pkl

Hall of Fame:
Index: Selected                                    #Selected    CV          
----------------------------------------------------------------------------------------------------
    0: 1111001000000101100000001000100110010010... 62           0.0073606031
    1: 1111001000000100100000001000100110010010... 58           0.0074485565
    2: 1111001010000110100000001000000110100110... 57           0.007486598 
    3: 1111001000100100100000001000000110010000... 60           0.0074912655
    4: 1111001000100110100000001001100110110000... 66           0.0074986823
    5: 1111001000000100100010001000100110010010... 62           0.0075051645
    6: 1111001000100110100000001000000110100000... 55           0.007508475 
    7: 1111001000100110100000001001000110100000... 55           0.0075159963
    8: 1111001000100100100000001001100110100110... 64           0.0075256606
    9: 1111001000000100100000001000100110010010... 58           0.0075363018

Pickling Hall of Fame to: genetic_alg_settings_evolve_halloffame.pkl
Begin 2 of 20 repetitions
Begin 20 generations
gen	nevals	avg      	std        	min      	max       
0  	0     	0.0076172	0.000123676	0.0073606	0.00779641
1  	10    	0.00760621	0.000157398	0.0074537	0.00802668
2  	10    	0.00744415	0.000221333	0.00699302	0.00784074
3  	10    	0.00732132	0.000256271	0.00687064	0.00767225
4  	10    	0.0070485 	0.000295774	0.00661534	0.00752653
5  	10    	0.00694852	0.000212735	0.00664243	0.00731671
6  	10    	0.00672508	0.000253   	0.00641491	0.00731157
7  	10    	0.00662893	0.000112674	0.00640835	0.00685047
8  	10    	0.00657013	0.000142974	0.00631929	0.00677552
9  	10    	0.00647051	0.000183875	0.00625988	0.0068457 
10 	10    	0.00656266	0.000445683	0.00630109	0.0078841 
11 	10    	0.00635699	0.000170576	0.0061532 	0.00677394
12 	10    	0.00638751	0.000274984	0.00614719	0.00715702
13 	10    	0.00626587	9.89273e-05	0.00611982	0.00645513
14 	10    	0.0062819 	7.83188e-05	0.00618129	0.00641661
15 	10    	0.00621853	4.00829e-05	0.00617136	0.00629937
16 	10    	0.00619822	6.86248e-05	0.00605489	0.00629318
17 	10    	0.00626865	0.000343218	0.00597763	0.00721044
18 	10    	0.00606549	9.60073e-05	0.0059812 	0.00630464
19 	10    	0.00626879	0.000381447	0.00588068	0.00712344
20 	10    	0.00621477	0.000200487	0.00602847	0.00679287
Runtime: 9.150658467995527 (s)


Final population:
Index: Selected                                    #Selected    CV          
----------------------------------------------------------------------------------------------------
    0: 1111001110100110100000001010101110110010... 87           0.0061464239
    1: 1111001010110110100000001010101110110010... 87           0.0061085224
    2: 1111001010100110100000001010101110110010... 84           0.006166538 
    3: 1110001010110110100000001010101110110010... 87           0.0067928737
    4: 1111001010110110100000001010101110110010... 86           0.0060284746
    5: 1111001010100110100000001010101110110010... 87           0.0062072751
    6: 1111001010100110100000001110101110110010... 81           0.0062346974
    7: 1111001010110110101000001010101110110010... 90           0.00611759  
    8: 1111001110100110100000001010101110110010... 87           0.0061981693
    9: 1111001110100110100000001010100110110010... 83           0.0061470904

Pickling population to: genetic_alg_settings_population_end.pkl

Hall of Fame:
Index: Selected                                    #Selected    CV          
----------------------------------------------------------------------------------------------------
    0: 1111001010110110100000001010101110110010... 85           0.0058806818
    1: 1111001010100110101000001110101110110010... 83           0.0059472793
    2: 1111001010100110100000001010101110110010... 80           0.0059776281
    3: 1111001010100110100000001010101110110010... 85           0.0059812038
    4: 1111001010100110100000001010101110110010... 80           0.0059848837
    5: 1111001110100110100000001010101110110010... 82           0.0059930863
    6: 1111001010100110100000001010101110110010... 85           0.00599743  
    7: 1111001010100110100000001010101110110010... 82           0.0060165229
    8: 1111001010110110100000001010101110110010... 86           0.0060284746
    9: 1111001010100110100000001010101110110010... 84           0.0060382249

Pickling Hall of Fame to: genetic_alg_settings_evolve_halloffame.pkl
Begin 3 of 20 repetitions
Begin 20 generations
gen	nevals	avg       	std        	min       	max       
0  	0     	0.00621477	0.000200487	0.00602847	0.00679287
1  	10    	0.00612217	6.39106e-05	0.00603582	0.00625783
2  	10    	0.00610793	9.19159e-05	0.00596417	0.00631049
3  	10    	0.0061    	0.00024722 	0.00590355	0.00679823
4  	10    	0.00601778	9.78753e-05	0.00586898	0.00614994
5  	10    	0.00608978	0.000371098	0.00586085	0.00715997
6  	10    	0.00597552	8.80059e-05	0.00585334	0.00613281
7  	10    	0.00599502	0.000105066	0.0058915 	0.00626391
8  	10    	0.00607665	0.000281941	0.00581343	0.00687199
9  	10    	0.00591674	0.000135551	0.00572764	0.00619431
10 	10    	0.00609253	0.000386592	0.00579387	0.00719334
11 	10    	0.00599787	0.000333681	0.00573808	0.00696247
12 	10    	0.00586228	0.000107233	0.00565882	0.005981  
13 	10    	0.00585053	9.27431e-05	0.00572774	0.00606475
14 	10    	0.00595686	0.000168042	0.00573466	0.00628766
15 	10    	0.00595503	0.000307494	0.00570511	0.00681197
16 	10    	0.00581937	8.59391e-05	0.00569435	0.00599683
17 	10    	0.00587832	0.000169139	0.00562496	0.00613132
18 	10    	0.00589055	0.000192446	0.00558476	0.00626569
19 	10    	0.00598174	0.000426987	0.00550186	0.00684566
20 	10    	0.00571788	0.00016715 	0.00546014	0.00605667
Runtime: 10.091963266000676 (s)


Final population:
Index: Selected                                    #Selected    CV          
----------------------------------------------------------------------------------------------------
    0: 1111001010110100100000001010101110111010... 94           0.0055777667
    1: 1111001011110100101000001010101110110010... 100          0.0056816003
    2: 1111001011110110101000001010101110111010... 96           0.0057394855
    3: 1111001010110100100000001010101110111010... 99           0.005903512 
    4: 1111001011110100100000001010101110111010... 93           0.0055835395
    5: 1111001011110110100000001010101110110010... 100          0.0054601442
    6: 1111001010110100101000001010101110111010... 96           0.0057714271
    7: 1111001011110100100000001010100110111010... 99           0.0058045756
    8: 1111001010110110101000001010101110111010... 97           0.0056000576
    9: 1111001011110100100000001000101100110010... 92           0.0060566662

Pickling population to: genetic_alg_settings_population_end.pkl

Hall of Fame:
Index: Selected                                    #Selected    CV          
----------------------------------------------------------------------------------------------------
    0: 1111001011110110100000001010101110110010... 100          0.0054601442
    1: 1111001011110110100000001010101110111010... 99           0.0055018586
    2: 1111001010110100100000001010101110111010... 94           0.0055777667
    3: 1111001011110100100000001010101110111010... 93           0.0055835395
    4: 1111001011110110100000001010101110111010... 97           0.0055847609
    5: 1111001010110110101000001010101110111010... 97           0.0056000576
    6: 1111001110110100101100001010101110110010... 98           0.0056249609
    7: 1111001011110110100000001010101110111010... 94           0.0056577198
    8: 1111001010110110100100001011101111111010... 100          0.00565882  
    9: 1111001010110110101000001010101110111010... 96           0.0056597505

Pickling Hall of Fame to: genetic_alg_settings_evolve_halloffame.pkl
Begin 4 of 20 repetitions
Begin 20 generations
gen	nevals	avg       	std       	min       	max       
0  	0     	0.00571788	0.00016715	0.00546014	0.00605667
1  	10    	0.00575635	0.00037539	0.00543823	0.00683639
2  	10    	0.0056073 	0.000106178	0.00538496	0.00581148
3  	10    	0.00558024	7.72143e-05	0.00546021	0.00569389
4  	10    	0.00552177	0.000162845	0.00529148	0.00587214
5  	10    	0.00570578	0.000428738	0.00538507	0.0069339 
6  	10    	0.00562006	0.000470307	0.00530561	0.00697829
7  	10    	0.00560587	0.000409564	0.00534643	0.00677003
8  	10    	0.00545074	0.00011249 	0.00527002	0.00561546
9  	10    	0.00558396	0.000427705	0.00523557	0.00680109
10 	10    	0.00540683	7.7674e-05 	0.00532929	0.00560142
11 	10    	0.00550557	0.000215198	0.005265  	0.0060381 
12 	10    	0.00555074	0.00019696 	0.00533315	0.00608936
13 	10    	0.00550719	0.000111428	0.00532859	0.00569881
14 	10    	0.00552776	0.000152702	0.00535435	0.00586906
15 	10    	0.00559171	0.000328171	0.00534271	0.00643355
16 	10    	0.00552014	0.000171452	0.00533699	0.00592813
17 	10    	0.00554124	0.000232546	0.0053341 	0.00613358
18 	10    	0.00552963	0.00024066 	0.00528821	0.00605155
19 	10    	0.00542887	0.000119146	0.00531335	0.00575168
20 	10    	0.0054551 	0.000147035	0.00525076	0.00568701
Runtime: 9.739819375994557 (s)


Final population:
Index: Selected                                    #Selected    CV          
----------------------------------------------------------------------------------------------------
    0: 1111001101111111100000001010101110100010... 100          0.0052830732
    1: 1111001111110111100000001010101110100010... 97           0.0055410285
    2: 1111001111110111100000001010001110100010... 96           0.0056521752
    3: 1111001101110111100000001010101110110010... 100          0.0053022663
    4: 1111001111110111100000001010101110100010... 97           0.0053437243
    5: 1111011101110111100000001010101110100010... 100          0.0056870075
    6: 1111001111110111100000001010101110110010... 96           0.0054512007
    7: 1111001111110111100000001010101110100010... 99           0.0052507586
    8: 1111001101110111100000001010101110100000... 95           0.0055014965
    9: 1111001101110111100000001010001110110010... 100          0.0055382372

Pickling population to: genetic_alg_settings_population_end.pkl

Hall of Fame:
Index: Selected                                    #Selected    CV          
----------------------------------------------------------------------------------------------------
    0: 1111001011110111100000001010101110110010... 97           0.0052355665
    1: 1111001111110111100000001010101110100010... 99           0.0052507586
    2: 1111001011110111100000001010101110110010... 100          0.0052649981
    3: 1111001011110111100000001010101110110110... 97           0.005270016 
    4: 1111001101111111100000001010101110100010... 100          0.0052830732
    5: 1111001101110111100000001010101110101010... 100          0.0052882127
    6: 1111001011110111100000001010101110110010... 98           0.0052914777
    7: 1111001101110111100000001010101110110010... 100          0.0053022663
    8: 1111001101110110100000001010101110100010... 95           0.0053056014
    9: 1111001001110111100000001010101110110010... 100          0.005305605 

Pickling Hall of Fame to: genetic_alg_settings_evolve_halloffame.pkl
Begin 5 of 20 repetitions
Begin 20 generations
gen	nevals	avg      	std        	min       	max       
0  	0     	0.0054551	0.000147035	0.00525076	0.00568701
1  	10    	0.00545719	7.85271e-05	0.00538267	0.00561286
2  	10    	0.0055378 	0.000195763	0.00532033	0.00596421
3  	10    	0.00540236	0.000114059	0.0052206 	0.00564989
4  	10    	0.00542192	0.000180861	0.00530259	0.00595185
5  	10    	0.00538075	0.000182026	0.00522313	0.00589979
6  	10    	0.00541516	9.73736e-05	0.00533088	0.00564534
7  	10    	0.0056286 	0.000492975	0.00529419	0.00669652
8  	10    	0.00540068	8.70356e-05	0.00527205	0.00553403
9  	10    	0.00551158	0.000165073	0.00526477	0.00587622
10 	10    	0.00547675	0.000199901	0.00530809	0.00600864
11 	10    	0.00544634	7.13704e-05	0.00533694	0.00556605
12 	10    	0.00545382	0.000141528	0.00529126	0.00579915
13 	10    	0.0054396 	8.50263e-05	0.005316  	0.00564901
14 	10    	0.00544809	8.88704e-05	0.00536684	0.0056302 
15 	10    	0.00541365	8.37926e-05	0.00528779	0.00562467
16 	10    	0.00556448	0.000256924	0.00535023	0.00629223
17 	10    	0.00542911	6.19005e-05	0.00534425	0.00552738
18 	10    	0.00554343	0.000138728	0.00530841	0.00581666
19 	10    	0.00553871	0.000138627	0.00531099	0.00573908
20 	10    	0.00568144	0.000296116	0.00538739	0.00649961
Runtime: 9.514351502002683 (s)


Final population:
Index: Selected                                    #Selected    CV          
----------------------------------------------------------------------------------------------------
    0: 1111011101100111100100001010101110100010... 93           0.0056684861
    1: 1111011101100111100100001010101110100010... 95           0.0056462797
    2: 1111001111110101100100001010101110100010... 99           0.0057048355
    3: 1111011111110110100100001010101110100010... 96           0.0054385987
    4: 1111011101100111100100000010101110100010... 93           0.0064996103
    5: 1111011101100111100100001010101110100010... 94           0.0056089968
    6: 1111001111110111100100001010101110100010... 97           0.0053873866
    7: 1111011101100111100100001010101110100010... 97           0.0054966559
    8: 1111011101100111100100001010101110100010... 94           0.0055801347
    9: 1111001101100111100000101010101110100010... 97           0.0057834136

Pickling population to: genetic_alg_settings_population_end.pkl

Hall of Fame:
Index: Selected                                    #Selected    CV          
----------------------------------------------------------------------------------------------------
    0: 1111001111110111100000001010101110100010... 99           0.0052206036
    1: 1111001111110111100000001010101110100010... 98           0.0052231308
    2: 1111001011110111100000001010101110110010... 97           0.0052355665
    3: 1111001111110111100000001010101110100010... 95           0.0052503712
    4: 1111001111110111100000001010101110100010... 99           0.0052507586
    5: 1111001111110111100000001010101110100010... 99           0.0052647684
    6: 1111001011110111100000001010101110110010... 100          0.0052649981
    7: 1111001011110111100000001010101110110110... 97           0.005270016 
    8: 1111001111110111100010001010101110100010... 98           0.0052720504
    9: 1111001111110111100000001010101110100010... 98           0.0052783784

Pickling Hall of Fame to: genetic_alg_settings_evolve_halloffame.pkl
Begin 6 of 20 repetitions
Begin 20 generations
gen	nevals	avg       	std        	min       	max       
0  	0     	0.00568144	0.000296116	0.00538739	0.00649961
1  	10    	0.00572126	0.000326811	0.00540848	0.00641232
2  	10    	0.00548587	8.60427e-05	0.00534429	0.00564056
3  	10    	0.00544933	6.77515e-05	0.00532757	0.0055595 
4  	10    	0.00560445	0.00032716 	0.00537488	0.00642433
5  	10    	0.00540108	7.11264e-05	0.00528879	0.00552058
6  	10    	0.00548332	9.66055e-05	0.00535112	0.00562504
7  	10    	0.00573716	0.000406515	0.00530697	0.00659035
8  	10    	0.00548933	0.000207234	0.00534615	0.00608291
9  	10    	0.0055728 	0.000171904	0.00538858	0.0059971 
10 	10    	0.00568377	0.000351528	0.00534276	0.00665029
11 	10    	0.00546412	0.000100723	0.00535089	0.00566133
12 	10    	0.00550928	0.000107009	0.00532758	0.00566717
13 	10    	0.00550892	0.000102883	0.00533857	0.00566943
14 	10    	0.00548912	0.000203883	0.00529346	0.00589863
15 	10    	0.00545491	0.000136239	0.00530932	0.00577133
16 	10    	0.00554352	0.000327565	0.00521245	0.00641582
17 	10    	0.00549365	0.000136485	0.00529035	0.00572436
18 	10    	0.00552013	0.000399601	0.00528535	0.00666709
19 	10    	0.00561971	0.000445608	0.00531814	0.00688887
20 	10    	0.00558257	0.000328173	0.00532281	0.00646149
Runtime: 9.414325315003225 (s)


Final population:
Index: Selected                                    #Selected    CV          
----------------------------------------------------------------------------------------------------
    0: 1111011111110111100100001011101100100010... 100          0.0053880763
    1: 1111011111110111100100001011101110000010... 100          0.0053703932
    2: 1111011111110111100100001011101110000010... 97           0.0054523304
    3: 1111001111110111100100001011101110100010... 100          0.0053551385
    4: 1111011111110111100100001011101110110010... 97           0.0056621531
    5: 1111011111110111110100001011101010100110... 100          0.0058281946
    6: 1110011111110111100100001011101110100010... 100          0.0064614938
    7: 1111011111110111100100001011101110100010... 100          0.0054565415
    8: 1111011111110111100100001011101110000010... 98           0.0055285971
    9: 1111011111110111100100001011101110100010... 97           0.0053228087

Pickling population to: genetic_alg_settings_population_end.pkl

Hall of Fame:
Index: Selected                                    #Selected    CV          
----------------------------------------------------------------------------------------------------
    0: 1111011111110111100100001011101110100010... 98           0.0052124515
    1: 1111001111110111100000001010101110100010... 99           0.0052206036
    2: 1111001111110111100000001010101110100010... 98           0.0052231308
    3: 1111001011110111100000001010101110110010... 97           0.0052355665
    4: 1111001111110111100000001010101110100010... 95           0.0052503712
    5: 1111001111110111100000001010101110100010... 99           0.0052507586
    6: 1111001111110111100000001010101110100010... 99           0.0052647684
    7: 1111001011110111100000001010101110110010... 100          0.0052649981
    8: 1111001011110111100000001010101110110110... 97           0.005270016 
    9: 1111001111110111100010001010101110100010... 98           0.0052720504

Pickling Hall of Fame to: genetic_alg_settings_evolve_halloffame.pkl
Begin 7 of 20 repetitions
Begin 20 generations
gen	nevals	avg       	std        	min       	max       
0  	0     	0.00558257	0.000328173	0.00532281	0.00646149
1  	10    	0.00563293	0.000264526	0.00536523	0.00636985
2  	10    	0.00552516	0.000113882	0.00534778	0.0057273 
3  	10    	0.0055217 	0.000112368	0.00541653	0.00579365
4  	10    	0.00551452	0.00012473 	0.00540971	0.00582542
5  	10    	0.00552676	9.7823e-05 	0.00540851	0.00571988
6  	10    	0.00562427	0.000465011	0.00532987	0.00698551
7  	10    	0.00546809	6.93239e-05	0.00534925	0.00558548
8  	10    	0.00555097	0.000142328	0.00538306	0.0059062 
9  	10    	0.00567381	0.000444317	0.00536281	0.00692698
10 	10    	0.00572341	0.000495557	0.00539149	0.0070632 
11 	10    	0.00559145	0.000104733	0.0054803 	0.00581717
12 	10    	0.00565033	0.000164145	0.00544465	0.00600079
13 	10    	0.00566498	0.000144486	0.00551592	0.00600453
14 	10    	0.00549159	0.000106613	0.00537176	0.00564856
15 	10    	0.00559748	0.000193069	0.00540891	0.00601554
16 	10    	0.00560585	0.000228112	0.00534881	0.00605766
17 	10    	0.00563476	0.000417848	0.00539527	0.00686848
18 	10    	0.00552434	8.91159e-05	0.00541712	0.00575506
19 	10    	0.00546107	8.39456e-05	0.00529734	0.00564092
20 	10    	0.00558236	0.000223819	0.00541121	0.00610463
Runtime: 9.36827163000271 (s)


Final population:
Index: Selected                                    #Selected    CV          
----------------------------------------------------------------------------------------------------
    0: 1111000011100111101100001110101110100010... 99           0.005492563 
    1: 1111010011100111000110001110001100100010... 93           0.0054589943
    2: 1111000011101110000100001010101110100010... 99           0.005869642 
    3: 1111000011000111000100001110101100100010... 95           0.0055434137
    4: 1111000011100111100100001110101100100010... 91           0.005413107 
    5: 1111000011100111001000001110001110100010... 100          0.0056872833
    6: 1111000011101111000100001010101100100010... 99           0.0054154174
    7: 1111000011000111000110000110101110100010... 99           0.0061046337
    8: 1111000011100111000100001010101110100010... 98           0.0054112065
    9: 1111000011001111000110001110101100100010... 100          0.005427337 

Pickling population to: genetic_alg_settings_population_end.pkl

Hall of Fame:
Index: Selected                                    #Selected    CV          
----------------------------------------------------------------------------------------------------
    0: 1111011111110111100100001011101110100010... 98           0.0052124515
    1: 1111001111110111100000001010101110100010... 99           0.0052206036
    2: 1111001111110111100000001010101110100010... 98           0.0052231308
    3: 1111001011110111100000001010101110110010... 97           0.0052355665
    4: 1111001111110111100000001010101110100010... 95           0.0052503712
    5: 1111001111110111100000001010101110100010... 99           0.0052507586
    6: 1111001111110111100000001010101110100010... 99           0.0052647684
    7: 1111001011110111100000001010101110110010... 100          0.0052649981
    8: 1111001011110111100000001010101110110110... 97           0.005270016 
    9: 1111001111110111100010001010101110100010... 98           0.0052720504

Pickling Hall of Fame to: genetic_alg_settings_evolve_halloffame.pkl
Begin 8 of 20 repetitions
Begin 20 generations
gen	nevals	avg       	std        	min       	max       
0  	0     	0.00558236	0.000223819	0.00541121	0.00610463
1  	10    	0.0055919 	0.000150678	0.00540296	0.00596889
2  	10    	0.00575556	0.000408589	0.0054114 	0.00686396
3  	10    	0.00555161	0.000112523	0.00543035	0.00577719
4  	10    	0.00553934	0.000117352	0.00537955	0.00577933
5  	10    	0.00561696	0.0002578  	0.00530616	0.00606832
6  	10    	0.00559319	0.000202665	0.00541107	0.00611125
7  	10    	0.00557044	0.000119014	0.00535929	0.00578104
8  	10    	0.00554535	0.000130193	0.00538276	0.00586274
9  	10    	0.00556918	9.44627e-05	0.00543269	0.00576709
10 	10    	0.00564566	0.000314394	0.00541943	0.00655237
11 	10    	0.00549705	9.68258e-05	0.00536953	0.00566584
12 	10    	0.00560268	0.00015941 	0.00540967	0.00591453
13 	10    	0.00562064	0.000150137	0.00542324	0.00591814
14 	10    	0.005563  	0.000102025	0.00532881	0.00566885
15 	10    	0.00550882	6.88408e-05	0.00543307	0.00568682
16 	10    	0.00556281	0.000114371	0.00540392	0.00578216
17 	10    	0.00564929	9.90414e-05	0.00550319	0.00580798
18 	10    	0.00563444	0.0001862  	0.00540511	0.00606743
19 	10    	0.00560161	0.000166883	0.00540205	0.0060479 
20 	10    	0.00556949	0.000140777	0.00541901	0.00592646
Runtime: 9.659700005002378 (s)


Final population:
Index: Selected                                    #Selected    CV          
----------------------------------------------------------------------------------------------------
    0: 1111000011001111000100001110001100000010... 98           0.0055646769
    1: 1111000011001111000100111110011100100010... 99           0.0055393597
    2: 1111000011011111000100101110001100000010... 100          0.0059264553
    3: 1111000011001111000100001100011100000010... 94           0.0057073399
    4: 1111000011001111000100001110001100100010... 99           0.0054938783
    5: 1111000011001111000100001110001100100010... 97           0.0054846796
    6: 1111000011001111000100001110001100000010... 99           0.0055871081
    7: 1111000011001111000100101110010100000010... 99           0.0055094804
    8: 1111000011001111000100001110001100000010... 98           0.0054190123
    9: 1111000011001111000100001110001100100010... 100          0.0054629079

Pickling population to: genetic_alg_settings_population_end.pkl

Hall of Fame:
Index: Selected                                    #Selected    CV          
----------------------------------------------------------------------------------------------------
    0: 1111011111110111100100001011101110100010... 98           0.0052124515
    1: 1111001111110111100000001010101110100010... 99           0.0052206036
    2: 1111001111110111100000001010101110100010... 98           0.0052231308
    3: 1111001011110111100000001010101110110010... 97           0.0052355665
    4: 1111001111110111100000001010101110100010... 95           0.0052503712
    5: 1111001111110111100000001010101110100010... 99           0.0052507586
    6: 1111001111110111100000001010101110100010... 99           0.0052647684
    7: 1111001011110111100000001010101110110010... 100          0.0052649981
    8: 1111001011110111100000001010101110110110... 97           0.005270016 
    9: 1111001111110111100010001010101110100010... 98           0.0052720504

Pickling Hall of Fame to: genetic_alg_settings_evolve_halloffame.pkl
Begin 9 of 20 repetitions
Begin 20 generations
gen	nevals	avg       	std        	min       	max       
0  	0     	0.00556949	0.000140777	0.00541901	0.00592646
1  	10    	0.00557317	0.000107524	0.005416  	0.00577223
2  	10    	0.00569743	0.000366608	0.00542421	0.00674645
3  	10    	0.00552628	0.000106077	0.00541532	0.00579468
4  	10    	0.00555753	0.000120152	0.00542002	0.00587482
5  	10    	0.00568275	0.00029716 	0.00540461	0.0065303 
6  	10    	0.00557217	8.07133e-05	0.00548109	0.00574116
7  	10    	0.00560591	0.000141703	0.00544805	0.00592859
8  	10    	0.00556204	7.03967e-05	0.00538647	0.00564687
9  	10    	0.00558014	0.000105819	0.00543649	0.00571955
10 	10    	0.00555793	0.000108218	0.00535648	0.00569335
11 	10    	0.005462  	9.16659e-05	0.0053655 	0.00563997
12 	10    	0.00588702	0.000635073	0.00547799	0.0074962 
13 	10    	0.0056346 	0.000186624	0.00537094	0.00595246
14 	10    	0.00558747	0.000111458	0.00537316	0.00577155
15 	10    	0.0058328 	0.000488273	0.0054562 	0.00683522
16 	10    	0.00559894	0.000104971	0.0054743 	0.00580839
17 	10    	0.0056178 	0.00013368 	0.00538395	0.00583256
18 	10    	0.00563651	0.000227354	0.00539541	0.00625427
19 	10    	0.00566134	0.000200702	0.00546949	0.00615637
20 	10    	0.00560841	0.000127388	0.00538267	0.00576131
Runtime: 9.942095546000928 (s)


Final population:
Index: Selected                                    #Selected    CV          
----------------------------------------------------------------------------------------------------
    0: 1111000111001110000100001111001110000010... 100          0.0056845784
    1: 1111000111001110000100001110001100000010... 95           0.0054332805
    2: 1111000110101110000100001111001100000010... 100          0.0057388853
    3: 1111000111001110000100001110001110000010... 97           0.0055818769
    4: 1111000101001110000100001110001101000010... 98           0.005688485 
    5: 1111000111001110000000001110001110000010... 100          0.0054903117
    6: 1111000110001110000000001110001100000010... 95           0.0057237029
    7: 1111000111001110000100001110001101000010... 100          0.0053826713
    8: 1111000111001110000100001110001100000010... 98           0.0055989721
    9: 1111000111001110000100001110000100000011... 100          0.0057613136

Pickling population to: genetic_alg_settings_population_end.pkl

Hall of Fame:
Index: Selected                                    #Selected    CV          
----------------------------------------------------------------------------------------------------
    0: 1111011111110111100100001011101110100010... 98           0.0052124515
    1: 1111001111110111100000001010101110100010... 99           0.0052206036
    2: 1111001111110111100000001010101110100010... 98           0.0052231308
    3: 1111001011110111100000001010101110110010... 97           0.0052355665
    4: 1111001111110111100000001010101110100010... 95           0.0052503712
    5: 1111001111110111100000001010101110100010... 99           0.0052507586
    6: 1111001111110111100000001010101110100010... 99           0.0052647684
    7: 1111001011110111100000001010101110110010... 100          0.0052649981
    8: 1111001011110111100000001010101110110110... 97           0.005270016 
    9: 1111001111110111100010001010101110100010... 98           0.0052720504

Pickling Hall of Fame to: genetic_alg_settings_evolve_halloffame.pkl
Begin 10 of 20 repetitions
Begin 20 generations
gen	nevals	avg       	std        	min       	max       
0  	0     	0.00560841	0.000127388	0.00538267	0.00576131
1  	10    	0.00570226	0.000388646	0.00543321	0.00684855
2  	10    	0.00555785	9.80429e-05	0.00539239	0.00568786
3  	10    	0.00556058	0.000127353	0.00540976	0.00579391
4  	10    	0.00563802	0.000203986	0.00542011	0.0061746 
5  	10    	0.00561223	0.000141571	0.00548243	0.00600389
6  	10    	0.00579747	0.000333502	0.00549565	0.00658468
7  	10    	0.00555859	0.000108351	0.00532951	0.00576669
8  	10    	0.00567541	0.000431172	0.00530444	0.00691139
9  	10    	0.00556889	0.000126979	0.00546626	0.00591249
10 	10    	0.00563926	0.000221474	0.00537352	0.00622187
11 	10    	0.00548519	0.000151151	0.00529987	0.00587802
12 	10    	0.00542985	9.82966e-05	0.00527972	0.00562242
13 	10    	0.00557302	0.000249742	0.00532654	0.00607764
14 	10    	0.00544035	9.72695e-05	0.00533025	0.00564848
15 	10    	0.00547064	0.000110928	0.00528573	0.00574467
16 	10    	0.00558668	0.00038471 	0.00535425	0.00672462
17 	10    	0.00546405	0.000117663	0.00532359	0.00568748
18 	10    	0.00561193	0.000346912	0.00533071	0.00658566
19 	10    	0.0054487 	7.67043e-05	0.00530547	0.00559993
20 	10    	0.00545561	7.80774e-05	0.00535775	0.0056235 
Runtime: 10.123259496001992 (s)


Final population:
Index: Selected                                    #Selected    CV          
----------------------------------------------------------------------------------------------------
    0: 1111001111001110010101001110001100000011... 100          0.0054948058
    1: 1111001111001110000101011110101100000011... 100          0.0054821532
    2: 1111000111000110000101011110001100000011... 92           0.0053577461
    3: 1111001111001110000111001110001100000011... 95           0.0054542037
    4: 1111001111001110000001001110001100000011... 100          0.0056235021
    5: 1111001111101110000101001110001100000011... 100          0.0055332349
    6: 1111001111001110000101011110001100000011... 97           0.0053844794
    7: 1111001111000110000111001110001100000011... 92           0.0054105345
    8: 1111001111001110000101011110001100000011... 100          0.0054480593
    9: 1111001111001110000101001110101100000011... 100          0.0053674116

Pickling population to: genetic_alg_settings_population_end.pkl

Hall of Fame:
Index: Selected                                    #Selected    CV          
----------------------------------------------------------------------------------------------------
    0: 1111011111110111100100001011101110100010... 98           0.0052124515
    1: 1111001111110111100000001010101110100010... 99           0.0052206036
    2: 1111001111110111100000001010101110100010... 98           0.0052231308
    3: 1111001011110111100000001010101110110010... 97           0.0052355665
    4: 1111001111110111100000001010101110100010... 95           0.0052503712
    5: 1111001111110111100000001010101110100010... 99           0.0052507586
    6: 1111001111110111100000001010101110100010... 99           0.0052647684
    7: 1111001011110111100000001010101110110010... 100          0.0052649981
    8: 1111001011110111100000001010101110110110... 97           0.005270016 
    9: 1111001111110111100010001010101110100010... 98           0.0052720504

Pickling Hall of Fame to: genetic_alg_settings_evolve_halloffame.pkl
Begin 11 of 20 repetitions
Begin 20 generations
gen	nevals	avg       	std        	min       	max      
0  	0     	0.00545561	7.80774e-05	0.00535775	0.0056235
1  	10    	0.00544104	0.00013719 	0.0052903 	0.0057771
2  	10    	0.00542928	0.000152226	0.00527024	0.00577442
3  	10    	0.00542064	7.19402e-05	0.00530881	0.00558069
4  	10    	0.00543785	6.90376e-05	0.00532972	0.00555951
5  	10    	0.00546939	0.000101013	0.00536191	0.00567017
6  	10    	0.00554138	0.000183494	0.00530197	0.00582764
7  	10    	0.00547157	0.00010747 	0.00536799	0.00576938
8  	10    	0.00563147	0.000256389	0.00541728	0.00636239
9  	10    	0.00554968	0.000175024	0.00536386	0.00596729
10 	10    	0.00546691	7.86526e-05	0.005372  	0.00565262
11 	10    	0.00551621	0.000209146	0.0052143 	0.00603848
12 	10    	0.00547156	0.000134987	0.00528757	0.00569287
13 	10    	0.00546615	8.90571e-05	0.00534702	0.005636  
14 	10    	0.00552965	0.000194017	0.00523913	0.00597616
15 	10    	0.00543209	0.000171269	0.00530689	0.00588809
16 	10    	0.00541377	8.7837e-05 	0.00525517	0.00561423
17 	10    	0.00544552	0.000115191	0.00527942	0.00564564
18 	10    	0.0055028 	0.000191695	0.00534055	0.00599823
19 	10    	0.00547922	0.000104279	0.00530549	0.00561992
20 	10    	0.00548861	0.000106385	0.0052751 	0.00560167
Runtime: 9.42182106999826 (s)


Final population:
Index: Selected                                    #Selected    CV          
----------------------------------------------------------------------------------------------------
    0: 1111000111001110000001001110101100000011... 100          0.005443283 
    1: 1111001111001110000001001110101100000011... 94           0.0056016745
    2: 1111000110001110000001001110101100000010... 100          0.0054926873
    3: 1111001111001110000000001110101110000011... 100          0.0055757992
    4: 1111000111101110000000001111101100000011... 100          0.0052751026
    5: 1111000111001110000000001111101100000011... 97           0.0053978283
    6: 1111000111001110000000001110101100000011... 100          0.0053746229
    7: 1111000111001110100001001111101100000011... 100          0.0055875568
    8: 1111000111001110000000001111101110000010... 100          0.005593864 
    9: 1111000101001110000001001110101100000011... 97           0.0055436739

Pickling population to: genetic_alg_settings_population_end.pkl

Hall of Fame:
Index: Selected                                    #Selected    CV          
----------------------------------------------------------------------------------------------------
    0: 1111011111110111100100001011101110100010... 98           0.0052124515
    1: 1111000111001110000001001110101100000011... 100          0.005214298 
    2: 1111001111110111100000001010101110100010... 99           0.0052206036
    3: 1111001111110111100000001010101110100010... 98           0.0052231308
    4: 1111001011110111100000001010101110110010... 97           0.0052355665
    5: 1111000111001110000001001110101100000011... 97           0.0052391311
    6: 1111001111110111100000001010101110100010... 95           0.0052503712
    7: 1111001111110111100000001010101110100010... 99           0.0052507586
    8: 1111000111001110000001001110001110000011... 98           0.0052551678
    9: 1111001111110111100000001010101110100010... 99           0.0052647684

Pickling Hall of Fame to: genetic_alg_settings_evolve_halloffame.pkl
Begin 12 of 20 repetitions
Begin 20 generations
gen	nevals	avg       	std        	min      	max       
0  	0     	0.00548861	0.000106385	0.0052751	0.00560167
1  	10    	0.00553023	0.000230047	0.00531226	0.006179  
2  	10    	0.00545711	0.000185257	0.00529689	0.00595458
3  	10    	0.00542923	9.69362e-05	0.00527691	0.00556601
4  	10    	0.00548001	0.000139636	0.00526153	0.00568287
5  	10    	0.00547209	0.000328221	0.00518432	0.00639851
6  	10    	0.00543878	0.000163643	0.0052453 	0.00584221
7  	10    	0.00540606	7.88171e-05	0.00530804	0.00554259
8  	10    	0.00542995	0.00011884 	0.00527914	0.00567185
9  	10    	0.00538818	0.000110823	0.00518915	0.00559306
10 	10    	0.00551003	0.000199437	0.00527731	0.00601015
11 	10    	0.0054019 	0.000141454	0.0052164 	0.00571939
12 	10    	0.00546245	0.00019126 	0.00529221	0.00599908
13 	10    	0.00541311	6.65676e-05	0.00530877	0.00552877
14 	10    	0.00539284	6.56893e-05	0.00531182	0.00553996
15 	10    	0.00541961	0.000134973	0.00526489	0.00570975
16 	10    	0.00551299	0.000185532	0.00532682	0.00598996
17 	10    	0.00555852	0.000227952	0.00534149	0.00605254
18 	10    	0.00545511	0.000150884	0.00520845	0.00570339
19 	10    	0.00567987	0.000478736	0.00530314	0.00697279
20 	10    	0.00542593	0.000138394	0.00528009	0.00579154
Runtime: 9.469767506001517 (s)


Final population:
Index: Selected                                    #Selected    CV          
----------------------------------------------------------------------------------------------------
    0: 1111000111001111000001001110001100000010... 100          0.0052800854
    1: 1111000111001110000011001111001000000011... 97           0.005791539 
    2: 1111000111001111000011001111001100000010... 99           0.0054732788
    3: 1111000111001011000011001111001101000010... 100          0.0054060199
    4: 1111000110001111000011001111001100000010... 100          0.0053305444
    5: 1111000110001111010011001110001110000110... 100          0.0054535271
    6: 1111000111011111000011001111001100000010... 100          0.0053375717
    7: 1111000111001111000001001111001100000011... 100          0.0053917552
    8: 1111010111001111000001001111001100000010... 99           0.0053153488
    9: 1111000011001111000001001111001100000111... 100          0.0054796625

Pickling population to: genetic_alg_settings_population_end.pkl

Hall of Fame:
Index: Selected                                    #Selected    CV          
----------------------------------------------------------------------------------------------------
    0: 1111000111001111000001001110101100000011... 100          0.0051843166
    1: 1111000111001111000001001111001100000011... 100          0.005189149 
    2: 1111000111001111000001001111001100000011... 100          0.0052084508
    3: 1111011111110111100100001011101110100010... 98           0.0052124515
    4: 1111000111001110000001001110101100000011... 100          0.005214298 
    5: 1111000111001111000001001111001100000011... 100          0.0052163986
    6: 1111001111110111100000001010101110100010... 99           0.0052206036
    7: 1111001111110111100000001010101110100010... 98           0.0052231308
    8: 1111000111000110000000001111001100001011... 100          0.0052259355
    9: 1111001011110111100000001010101110110010... 97           0.0052355665

Pickling Hall of Fame to: genetic_alg_settings_evolve_halloffame.pkl
Begin 13 of 20 repetitions
Begin 20 generations
gen	nevals	avg       	std        	min       	max       
0  	0     	0.00542593	0.000138394	0.00528009	0.00579154
1  	10    	0.00545245	0.000132182	0.00525287	0.00566231
2  	10    	0.00547249	0.000121782	0.00533123	0.00570301
3  	10    	0.00548823	0.000276508	0.00526914	0.00629497
4  	10    	0.00548366	0.000196561	0.00527983	0.00597446
5  	10    	0.00555274	0.000260215	0.00518543	0.00623809
6  	10    	0.00557033	0.000195367	0.00535068	0.00604931
7  	10    	0.00567144	0.000432455	0.00540037	0.00694255
8  	10    	0.00552387	0.000118469	0.00533458	0.00577692
9  	10    	0.00557665	0.000149806	0.00535777	0.00583887
10 	10    	0.00542977	8.43199e-05	0.00530628	0.0055745 
11 	10    	0.00538447	8.33505e-05	0.00527443	0.00558329
12 	10    	0.00565155	0.000289976	0.00533821	0.0060859 
13 	10    	0.00566049	0.000322882	0.00528096	0.00632966
14 	10    	0.00550282	0.000135462	0.00529116	0.00574881
15 	10    	0.00542375	6.45956e-05	0.00534138	0.00556491
16 	10    	0.00538973	7.3878e-05 	0.00532786	0.00559478
17 	10    	0.00545386	7.04804e-05	0.00535791	0.00559604
18 	10    	0.00544248	9.13135e-05	0.00532649	0.00563884
19 	10    	0.00542798	0.000101593	0.00528734	0.0056009 
20 	10    	0.00577366	0.000846493	0.00531407	0.00824596
Runtime: 9.190947442002653 (s)


Final population:
Index: Selected                                    #Selected    CV          
----------------------------------------------------------------------------------------------------
    0: 1110000111010111100001001110001000100011... 100          0.0082459624
    1: 1111000111010110100001001110001100001001... 95           0.0053724783
    2: 1111000111010111100001001110001100000011... 97           0.0053419605
    3: 1111010111010111100000001110001100100011... 98           0.0055347532
    4: 1111000111010101110001001100001100000011... 95           0.0060253169
    5: 1111000111010101110001001110101100000011... 100          0.0054102633
    6: 1111010111010111100001001110001100000011... 96           0.0054063552
    7: 1111000111010111100000001110001100000011... 99           0.00531407  
    8: 1111000110010101100001001110001100000011... 88           0.0055609294
    9: 1111000101010111110001001110001100100011... 100          0.0055245602

Pickling population to: genetic_alg_settings_population_end.pkl

Hall of Fame:
Index: Selected                                    #Selected    CV          
----------------------------------------------------------------------------------------------------
    0: 1111000111001111000001001110101100000011... 100          0.0051843166
    1: 1111010111011111010011001110001100100010... 100          0.005185429 
    2: 1111000111001111000001001111001100000011... 100          0.005189149 
    3: 1111000111001111000001001111001100000011... 100          0.0052084508
    4: 1111011111110111100100001011101110100010... 98           0.0052124515
    5: 1111000111001110000001001110101100000011... 100          0.005214298 
    6: 1111000111001111000001001111001100000011... 100          0.0052163986
    7: 1111001111110111100000001010101110100010... 99           0.0052206036
    8: 1111001111110111100000001010101110100010... 98           0.0052231308
    9: 1111000111000110000000001111001100001011... 100          0.0052259355

Pickling Hall of Fame to: genetic_alg_settings_evolve_halloffame.pkl
Begin 14 of 20 repetitions
Begin 20 generations
gen	nevals	avg       	std        	min       	max       
0  	0     	0.00577366	0.000846493	0.00531407	0.00824596
1  	10    	0.00548458	0.00018799 	0.00534291	0.00593043
2  	10    	0.00538719	0.000102745	0.00524916	0.00552252
3  	10    	0.00537916	8.49695e-05	0.00522283	0.00551617
4  	10    	0.00543282	8.74533e-05	0.00529249	0.00559536
5  	10    	0.00542947	0.000141041	0.00528263	0.005631  
6  	10    	0.00537373	8.43353e-05	0.00527716	0.00557589
7  	10    	0.00571177	0.000462856	0.0052309 	0.00667616
8  	10    	0.0055134 	0.000217932	0.00529447	0.00605792
9  	10    	0.00540916	9.71165e-05	0.00529934	0.00563356
10 	10    	0.00537439	9.79919e-05	0.0052465 	0.00563545
11 	10    	0.00541906	0.000181706	0.00528391	0.0058981 
12 	10    	0.00540158	0.000157393	0.00522412	0.00581442
13 	10    	0.00540783	0.000120071	0.00518593	0.00556228
14 	10    	0.00540942	6.96407e-05	0.0053007 	0.00550239
15 	10    	0.00549175	0.000204881	0.00526882	0.00604445
16 	10    	0.00546753	7.95896e-05	0.00538419	0.00561236
17 	10    	0.00545926	0.000140865	0.00528402	0.00576394
18 	10    	0.00555301	0.000268973	0.00528802	0.00630974
19 	10    	0.00556066	0.00026129 	0.00533702	0.0062902 
20 	10    	0.00554866	0.000185789	0.00542608	0.00607715
Runtime: 9.36465855899587 (s)


Final population:
Index: Selected                                    #Selected    CV          
----------------------------------------------------------------------------------------------------
    0: 1111000111010111110001011010001100010011... 94           0.005446582 
    1: 1111000111010101100001011010001100010011... 93           0.0054909787
    2: 1111010111111111110001001010011100011010... 100          0.0054598937
    3: 1111000111010111110001001010101100010011... 99           0.0054401302
    4: 1111000111010011110001001010001100010011... 96           0.0056345661
    5: 1111000111010111010001001010000100011011... 98           0.0054260776
    6: 1111000111010111110100001010011100010011... 100          0.0055552385
    7: 1111000111010111110001001010001100000001... 99           0.0054738312
    8: 1111000111010111110001001010001000010011... 94           0.0060771482
    9: 1111000111110101110001001110111100010011... 100          0.0054821557

Pickling population to: genetic_alg_settings_population_end.pkl

Hall of Fame:
Index: Selected                                    #Selected    CV          
----------------------------------------------------------------------------------------------------
    0: 1111000111001111000001001110101100000011... 100          0.0051843166
    1: 1111010111011111010011001110001100100010... 100          0.005185429 
    2: 1111000111010111110001001010001100010011... 100          0.0051859326
    3: 1111000111001111000001001111001100000011... 100          0.005189149 
    4: 1111000111001111000001001111001100000011... 100          0.0052084508
    5: 1111011111110111100100001011101110100010... 98           0.0052124515
    6: 1111000111001110000001001110101100000011... 100          0.005214298 
    7: 1111000111001111000001001111001100000011... 100          0.0052163986
    8: 1111001111110111100000001010101110100010... 99           0.0052206036
    9: 1111000111010111100001001110011100000011... 98           0.0052228281

Pickling Hall of Fame to: genetic_alg_settings_evolve_halloffame.pkl
Begin 15 of 20 repetitions
Begin 20 generations
gen	nevals	avg       	std        	min       	max       
0  	0     	0.00554866	0.000185789	0.00542608	0.00607715
1  	10    	0.00550577	8.77294e-05	0.00532708	0.00561004
2  	10    	0.00553202	0.000110299	0.00538222	0.00568502
3  	10    	0.00546269	0.000123096	0.00534172	0.00572913
4  	10    	0.00556256	0.000291283	0.00535387	0.00638257
5  	10    	0.00561246	0.00030531 	0.00537698	0.0063598 
6  	10    	0.005626  	0.000460539	0.00533862	0.00697298
7  	10    	0.00558136	0.000226034	0.00532548	0.00614405
8  	10    	0.0054378 	9.83308e-05	0.00528635	0.00565266
9  	10    	0.00553494	0.000136515	0.00539632	0.00584771
10 	10    	0.00557015	0.00033152 	0.0052909 	0.00647519
11 	10    	0.0055342 	0.000362253	0.00529145	0.00656077
12 	10    	0.00542031	0.000348845	0.0052086 	0.00641472
13 	10    	0.00535013	7.42225e-05	0.00524244	0.00546608
14 	10    	0.00541616	0.000118893	0.00522456	0.00559867
15 	10    	0.00561554	0.000307978	0.00526356	0.00616807
16 	10    	0.00564974	0.000650538	0.00521481	0.00743041
17 	10    	0.00559024	0.00034591 	0.00530227	0.00631413
18 	10    	0.00545863	0.000214435	0.00523439	0.00605613
19 	10    	0.00537142	7.62632e-05	0.00525794	0.0055448 
20 	10    	0.00545484	0.000350315	0.00519951	0.00647795
Runtime: 9.329913762005162 (s)


Final population:
Index: Selected                                    #Selected    CV          
----------------------------------------------------------------------------------------------------
    0: 1111011111010011010001011010001100010010... 89           0.0054475386
    1: 1111011111010011010001011010001100010010... 90           0.0054034512
    2: 1111011111010111110001111010101100010011... 98           0.0053313413
    3: 1111111111010111011001010010101110000011... 100          0.0064779475
    4: 1111011111010111010001011010101100010001... 100          0.005383824 
    5: 1111011111010111010001011010111100010011... 100          0.0054212718
    6: 1111011111010111010001011010101100010011... 100          0.0051995108
    7: 1111011111110111010001011010101100010011... 100          0.0052427782
    8: 1111011111010111010001011010101100010101... 100          0.005249634 
    9: 1111011111010011010001011010101100010001... 99           0.0053910617

Pickling population to: genetic_alg_settings_population_end.pkl

Hall of Fame:
Index: Selected                                    #Selected    CV          
----------------------------------------------------------------------------------------------------
    0: 1111000111001111000001001110101100000011... 100          0.0051843166
    1: 1111010111011111010011001110001100100010... 100          0.005185429 
    2: 1111000111010111110001001010001100010011... 100          0.0051859326
    3: 1111000111001111000001001111001100000011... 100          0.005189149 
    4: 1111011111010111010001011010101100010011... 100          0.0051995108
    5: 1111000111001111000001001111001100000011... 100          0.0052084508
    6: 1111011111010111110001011010101100010011... 98           0.0052085997
    7: 1111011111110111100100001011101110100010... 98           0.0052124515
    8: 1111000111001110000001001110101100000011... 100          0.005214298 
    9: 1111011111010111110001011010001100010011... 98           0.0052148114

Pickling Hall of Fame to: genetic_alg_settings_evolve_halloffame.pkl
Begin 16 of 20 repetitions
Begin 20 generations
gen	nevals	avg       	std        	min       	max       
0  	0     	0.00545484	0.000350315	0.00519951	0.00647795
1  	10    	0.00547903	0.000304669	0.00522714	0.00615987
2  	10    	0.00557854	0.000444236	0.00526462	0.00677848
3  	10    	0.00539086	0.00022255 	0.00521313	0.00600314
4  	10    	0.00534373	9.78617e-05	0.00519884	0.00555202
5  	10    	0.00542943	0.000177552	0.00525914	0.00585384
6  	10    	0.00545182	0.000136269	0.00530566	0.00571144
7  	10    	0.00551712	0.000258503	0.00525877	0.00610976
8  	10    	0.00552286	0.000282121	0.00523482	0.00623841
9  	10    	0.00548384	0.000135638	0.00524624	0.00577753
10 	10    	0.00537448	8.14461e-05	0.0052528 	0.00551666
11 	10    	0.00542587	0.000104034	0.00527571	0.00561805
12 	10    	0.00538308	7.88526e-05	0.00528391	0.00553586
13 	10    	0.0054165 	6.92543e-05	0.00525372	0.00551819
14 	10    	0.00534716	0.000120999	0.00520494	0.00562862
15 	10    	0.0052961 	6.89472e-05	0.00515853	0.00538985
16 	10    	0.00540954	0.000212145	0.00519044	0.00597941
17 	10    	0.0054043 	0.00019118 	0.005249  	0.00591154
18 	10    	0.00535432	9.2885e-05 	0.00526195	0.00557802
19 	10    	0.00536606	0.000107641	0.00524869	0.00558334
20 	10    	0.00533295	6.51413e-05	0.00521303	0.00540403
Runtime: 9.176998150003783 (s)


Final population:
Index: Selected                                    #Selected    CV          
----------------------------------------------------------------------------------------------------
    0: 1111011111110011010001011110001100000011... 100          0.0053397474
    1: 1111011111110011010001011110001100010011... 99           0.0052413454
    2: 1111010111110011010001011110001110010011... 100          0.0054015799
    3: 1111010111110111010001011110001110010011... 100          0.0052967528
    4: 1111010111110111010001011110001100010011... 95           0.0052130267
    5: 1111010111110011010001011110001110010011... 98           0.0054040343
    6: 1111010111110111010001011110001100010011... 97           0.0053958513
    7: 1111010111110111010001011110001100010011... 99           0.0053746993
    8: 1111011111110011010001011110001100010011... 99           0.0052935855
    9: 1111011111110001010001011110001100010011... 100          0.005368897 

Pickling population to: genetic_alg_settings_population_end.pkl

Hall of Fame:
Index: Selected                                    #Selected    CV          
----------------------------------------------------------------------------------------------------
    0: 1111011111010011010001011110001110010011... 100          0.0051585334
    1: 1111000111001111000001001110101100000011... 100          0.0051843166
    2: 1111010111011111010011001110001100100010... 100          0.005185429 
    3: 1111000111010111110001001010001100010011... 100          0.0051859326
    4: 1111000111001111000001001111001100000011... 100          0.005189149 
    5: 1111011111010111010001011110001110010011... 100          0.0051904426
    6: 1111011111010111010001011110011100010011... 99           0.0051934082
    7: 1111111111010111000001011010101100010011... 97           0.0051988402
    8: 1111011111010111010001011010101100010011... 100          0.0051995108
    9: 1111011111010011010001011110001100010011... 98           0.0052049369

Pickling Hall of Fame to: genetic_alg_settings_evolve_halloffame.pkl
Begin 17 of 20 repetitions
Begin 20 generations
gen	nevals	avg       	std        	min       	max       
0  	0     	0.00533295	6.51413e-05	0.00521303	0.00540403
1  	10    	0.00541766	0.000185041	0.00518994	0.00585735
2  	10    	0.00548432	0.000276365	0.00520258	0.00600974
3  	10    	0.00545151	0.000202291	0.00528301	0.00598888
4  	10    	0.00547872	0.000284757	0.0052704 	0.00629275
5  	10    	0.00535869	0.000105948	0.00521216	0.0055898 
6  	10    	0.00561161	0.000293165	0.00525458	0.0060889 
7  	10    	0.0056615 	0.000278557	0.00523627	0.00617178
8  	10    	0.00563587	0.000289878	0.00534532	0.00620903
9  	10    	0.00551409	0.000133949	0.00528564	0.00572497
10 	10    	0.00572732	0.000394933	0.00527304	0.00646646
11 	10    	0.00545781	0.000123937	0.0052416 	0.00568235
12 	10    	0.00559912	0.000306811	0.00530218	0.00631357
13 	10    	0.00550581	0.000186286	0.00525889	0.00581359
14 	10    	0.00552371	0.000298178	0.00533087	0.00635984
15 	10    	0.00542048	0.00024026 	0.00526126	0.00609584
16 	10    	0.00536519	7.6277e-05 	0.00527224	0.00552072
17 	10    	0.00558763	0.000314247	0.00524406	0.00612294
18 	10    	0.00572797	0.00038713 	0.0052873 	0.00656859
19 	10    	0.00559614	0.000168555	0.00530302	0.0058819 
20 	10    	0.00552059	7.69171e-05	0.00535632	0.00565384
Runtime: 9.158296020999842 (s)


Final population:
Index: Selected                                    #Selected    CV          
----------------------------------------------------------------------------------------------------
    0: 1111011111110011011001011110000100110011... 98           0.0055185661
    1: 1111011111110011010001011110001100110011... 92           0.0055007997
    2: 1111011111110001011001011110001100110011... 96           0.0055121337
    3: 1111011111110011010001011110000100110011... 92           0.0054635062
    4: 1111010111110011010001011110001100010011... 92           0.005572135 
    5: 1111010111110011010001011110001100010011... 91           0.0056538359
    6: 1111011111110011010001011111000100110011... 97           0.0056052791
    7: 1111011111110011010001011110001100110011... 99           0.0053563167
    8: 1111010111110011010001011110001100010011... 92           0.0054928596
    9: 1111010111110011010001011110001100010011... 95           0.0055305053

Pickling population to: genetic_alg_settings_population_end.pkl

Hall of Fame:
Index: Selected                                    #Selected    CV          
----------------------------------------------------------------------------------------------------
    0: 1111011111010011010001011110001110010011... 100          0.0051585334
    1: 1111000111001111000001001110101100000011... 100          0.0051843166
    2: 1111010111011111010011001110001100100010... 100          0.005185429 
    3: 1111000111010111110001001010001100010011... 100          0.0051859326
    4: 1111000111001111000001001111001100000011... 100          0.005189149 
    5: 1111010111110111010001011110001100010011... 99           0.005189939 
    6: 1111011111010111010001011110001110010011... 100          0.0051904426
    7: 1111011111010111010001011110011100010011... 99           0.0051934082
    8: 1111111111010111000001011010101100010011... 97           0.0051988402
    9: 1111011111010111010001011010101100010011... 100          0.0051995108

Pickling Hall of Fame to: genetic_alg_settings_evolve_halloffame.pkl
Begin 18 of 20 repetitions
Begin 20 generations
gen	nevals	avg       	std        	min       	max       
0  	0     	0.00552059	7.69171e-05	0.00535632	0.00565384
1  	10    	0.00564961	0.000429403	0.00543447	0.00691758
2  	10    	0.00547992	0.00010281 	0.00528688	0.00565289
3  	10    	0.00556993	0.000214833	0.00533391	0.00613265
4  	10    	0.00545356	9.80016e-05	0.00535742	0.00570954
5  	10    	0.00550057	0.000130959	0.00540203	0.00587492
6  	10    	0.00551175	0.000152694	0.00538488	0.00595652
7  	10    	0.00555299	0.000206919	0.00527392	0.00602301
8  	10    	0.00545275	4.60923e-05	0.00537699	0.00553885
9  	10    	0.00548498	8.3312e-05 	0.00535881	0.00566224
10 	10    	0.00555452	0.000264073	0.00537057	0.00631129
11 	10    	0.00564429	0.000194974	0.00545851	0.00606024
12 	10    	0.00553977	0.000147056	0.00538396	0.00593993
13 	10    	0.00557892	0.000204382	0.00531525	0.00606052
14 	10    	0.00545282	0.000122632	0.00534214	0.00579425
15 	10    	0.00560546	0.000298866	0.00535237	0.00644038
16 	10    	0.00562916	0.000173571	0.00542594	0.00600269
17 	10    	0.00566221	0.000306909	0.00542827	0.00652877
18 	10    	0.00557779	0.000116686	0.00538506	0.00577709
19 	10    	0.00547709	8.71723e-05	0.00533797	0.00560301
20 	10    	0.00568455	0.000332394	0.00533441	0.00629695
Runtime: 9.08046813099645 (s)


Final population:
Index: Selected                                    #Selected    CV          
----------------------------------------------------------------------------------------------------
    0: 1111111101111011000001111100001100010011... 94           0.0060433508
    1: 1111011101111011000001111110000100010010... 93           0.0057792791
    2: 1111011111110011000001011110001100110011... 100          0.0053344072
    3: 1111011111110011000000011110001100110011... 99           0.0053585694
    4: 1111001101111011000001011110001100110011... 100          0.0053797925
    5: 1111001101111011000011011110001100110011... 100          0.0055266481
    6: 1111011111111010000001011110001100110011... 98           0.0054446765
    7: 1110011111110011000001011110001100110011... 100          0.0061045468
    8: 1111011111111011000001011100001100100011... 99           0.0062969497
    9: 1111001101111011000001011110001100110011... 96           0.0055773098

Pickling population to: genetic_alg_settings_population_end.pkl

Hall of Fame:
Index: Selected                                    #Selected    CV          
----------------------------------------------------------------------------------------------------
    0: 1111011111010011010001011110001110010011... 100          0.0051585334
    1: 1111000111001111000001001110101100000011... 100          0.0051843166
    2: 1111010111011111010011001110001100100010... 100          0.005185429 
    3: 1111000111010111110001001010001100010011... 100          0.0051859326
    4: 1111000111001111000001001111001100000011... 100          0.005189149 
    5: 1111010111110111010001011110001100010011... 99           0.005189939 
    6: 1111011111010111010001011110001110010011... 100          0.0051904426
    7: 1111011111010111010001011110011100010011... 99           0.0051934082
    8: 1111111111010111000001011010101100010011... 97           0.0051988402
    9: 1111011111010111010001011010101100010011... 100          0.0051995108

Pickling Hall of Fame to: genetic_alg_settings_evolve_halloffame.pkl
Begin 19 of 20 repetitions
Begin 20 generations
gen	nevals	avg       	std        	min       	max       
0  	0     	0.00568455	0.000332394	0.00533441	0.00629695
1  	10    	0.00560987	0.000221219	0.00540341	0.00614212
2  	10    	0.00571012	0.000264627	0.00541261	0.00617238
3  	10    	0.00564157	0.000261179	0.00533721	0.00616984
4  	10    	0.00549612	0.000118519	0.00529734	0.00568726
5  	10    	0.00546824	0.000154328	0.00524656	0.00585437
6  	10    	0.00547087	0.000137056	0.00522713	0.00570053
7  	10    	0.00547271	0.000256177	0.00530768	0.00622145
8  	10    	0.00546138	0.00019022 	0.0052731 	0.00597548
9  	10    	0.00538634	5.87266e-05	0.00530152	0.00549294
10 	10    	0.00544752	7.33969e-05	0.00536671	0.00563168
11 	10    	0.00540584	4.51926e-05	0.00533112	0.00550309
12 	10    	0.00552323	0.000318716	0.00532897	0.00646163
13 	10    	0.00541166	6.32922e-05	0.00533264	0.0055595 
14 	10    	0.00551724	0.000272788	0.00534017	0.00631618
15 	10    	0.00548205	0.000254286	0.00527976	0.00622547
16 	10    	0.00556589	0.00024022 	0.00534532	0.00605873
17 	10    	0.00542795	9.25264e-05	0.00534126	0.00567726
18 	10    	0.00554644	0.000242313	0.00527852	0.00609127
19 	10    	0.00566374	0.000347759	0.00540914	0.0065742 
20 	10    	0.00546901	8.35386e-05	0.00536389	0.00562531
Runtime: 9.211696735997975 (s)


Final population:
Index: Selected                                    #Selected    CV          
----------------------------------------------------------------------------------------------------
    0: 1111011111110111000000011110001100010011... 100          0.005416894 
    1: 1111011111110011001000011110001100110011... 95           0.0054301484
    2: 1111011111110011000000011110101100110011... 99           0.0053805673
    3: 1111011111110011000000011110001100110011... 95           0.0054648951
    4: 1111011111110111000000011110101100110011... 96           0.0054379873
    5: 1111011111110011101000001110001100110011... 100          0.0054354807
    6: 1111011110110011000000011110001100110011... 96           0.0053638946
    7: 1111011111110001000000011110101100110011... 94           0.0056253084
    8: 1111011111110011000000011110001100110001... 98           0.0055478902
    9: 1111011111110010000000011110101100110011... 98           0.005587054 

Pickling population to: genetic_alg_settings_population_end.pkl

Hall of Fame:
Index: Selected                                    #Selected    CV          
----------------------------------------------------------------------------------------------------
    0: 1111011111010011010001011110001110010011... 100          0.0051585334
    1: 1111000111001111000001001110101100000011... 100          0.0051843166
    2: 1111010111011111010011001110001100100010... 100          0.005185429 
    3: 1111000111010111110001001010001100010011... 100          0.0051859326
    4: 1111000111001111000001001111001100000011... 100          0.005189149 
    5: 1111010111110111010001011110001100010011... 99           0.005189939 
    6: 1111011111010111010001011110001110010011... 100          0.0051904426
    7: 1111011111010111010001011110011100010011... 99           0.0051934082
    8: 1111111111010111000001011010101100010011... 97           0.0051988402
    9: 1111011111010111010001011010101100010011... 100          0.0051995108

Pickling Hall of Fame to: genetic_alg_settings_evolve_halloffame.pkl
Begin 20 of 20 repetitions
Begin 20 generations
gen	nevals	avg       	std        	min       	max       
0  	0     	0.00546901	8.35386e-05	0.00536389	0.00562531
1  	10    	0.00556748	0.000401282	0.00531692	0.006676  
2  	10    	0.00559451	0.000275312	0.00532057	0.00610196
3  	10    	0.00552671	0.000102528	0.00542145	0.00571953
4  	10    	0.00562589	0.000291843	0.00540331	0.00623382
5  	10    	0.00562636	0.000217031	0.00538675	0.00603229
6  	10    	0.00559929	0.000199974	0.00531327	0.00598158
7  	10    	0.00559733	0.000126377	0.00539632	0.00577524
8  	10    	0.00560433	0.000198216	0.00534206	0.00610788
9  	10    	0.00571978	0.000359369	0.00544576	0.00653207
10 	10    	0.00558492	0.000120449	0.00542889	0.00582344
11 	10    	0.00554938	0.000214498	0.00532962	0.00612514
12 	10    	0.00555776	0.000206647	0.00534332	0.00610486
13 	10    	0.00552671	0.00013626 	0.00541919	0.00583686
14 	10    	0.00554003	0.000223386	0.00529302	0.00615342
15 	10    	0.00553872	0.000138782	0.00537391	0.00586492
16 	10    	0.00550571	0.000152607	0.00528128	0.00573992
17 	10    	0.00561364	0.00021661 	0.00534923	0.00616432
18 	10    	0.00553857	0.000130929	0.00536826	0.00584475
19 	10    	0.00556445	0.000296158	0.00534247	0.00637542
20 	10    	0.0055142 	0.000141951	0.00538008	0.00585125
Runtime: 9.243856783999945 (s)


Final population:
Index: Selected                                    #Selected    CV          
----------------------------------------------------------------------------------------------------
    0: 1111010110110011000001011110000100110000... 100          0.0053800775
    1: 1111011110010011000001011111001100100000... 95           0.0055386336
    2: 1111011110110011000001011111001100110000... 100          0.005529103 
    3: 1111010110010011000001011110001100110001... 99           0.005417413 
    4: 1111010100110011000001111110001100110001... 98           0.0058512502
    5: 1111010110110011000001011111001100110000... 99           0.0053924093
    6: 1111010110110011000001011110001100110001... 100          0.0055378827
    7: 1111010110110011000001011110001100110001... 97           0.0054030871
    8: 1111011110110011000001011111001100100000... 99           0.00566846  
    9: 1111010110010011000001011110001100110001... 97           0.0054237228

Pickling population to: genetic_alg_settings_population_end.pkl

Hall of Fame:
Index: Selected                                    #Selected    CV          
----------------------------------------------------------------------------------------------------
    0: 1111011111010011010001011110001110010011... 100          0.0051585334
    1: 1111000111001111000001001110101100000011... 100          0.0051843166
    2: 1111010111011111010011001110001100100010... 100          0.005185429 
    3: 1111000111010111110001001010001100010011... 100          0.0051859326
    4: 1111000111001111000001001111001100000011... 100          0.005189149 
    5: 1111010111110111010001011110001100010011... 99           0.005189939 
    6: 1111011111010111010001011110001110010011... 100          0.0051904426
    7: 1111011111010111010001011110011100010011... 99           0.0051934082
    8: 1111111111010111000001011010101100010011... 97           0.0051988402
    9: 1111011111010111010001011010101100010011... 100          0.0051995108

Pickling Hall of Fame to: genetic_alg_settings_evolve_halloffame.pkl
#   DONE  Runtime: 184.22754996299773 (s)

Adding statistics...
  DONE

Result:
Index: Selected                                    #Selected    CV           RMS          wRMS         Estimator                FeatureSelection         Note
--------------------------------------------------------------------------------------------------------------------------------------------------------------------
    0: 1111011111010011010001011110001110010011... 100          0.0051585334 0.0043066477 0.0043114438 LinearRegression         GeneticAlgorithm         
    1: 1111000111001111000001001110101100000011... 100          0.0051843166 0.0043412331 0.0043483228 LinearRegression         GeneticAlgorithm         
    2: 1111010111011111010011001110001100100010... 100          0.005185429  0.0043820635 0.004388661  LinearRegression         GeneticAlgorithm         
    3: 1111000111010111110001001010001100010011... 100          0.0051859326 0.0043755952 0.0043819733 LinearRegression         GeneticAlgorithm         
    4: 1111000111001111000001001111001100000011... 100          0.005189149  0.0043786424 0.0043860844 LinearRegression         GeneticAlgorithm         
    5: 1111010111110111010001011110001100010011... 99           0.005189939  0.0043682857 0.0043728171 LinearRegression         GeneticAlgorithm         
    6: 1111011111010111010001011110001110010011... 100          0.0051904426 0.0043479413 0.0043523694 LinearRegression         GeneticAlgorithm         
    7: 1111011111010111010001011110011100010011... 99           0.0051934082 0.0043355466 0.0043394213 LinearRegression         GeneticAlgorithm         
    8: 1111111111010111000001011010101100010011... 97           0.0051988402 0.0043596265 0.0043643543 LinearRegression         GeneticAlgorithm         
    9: 1111011111010111010001011010101100010011... 100          0.0051995108 0.0042781788 0.0042831494 LinearRegression         GeneticAlgorithm         

Pickling Hall of Fame to: genetic_alg_settings_halloffame.pkl
