-- Read: Monte Carlo settings -- 
from: "/media/derick/DeoResearch/experiments/rocksalt3_ZrN_casm/mc_coarse_new_scel/cooling/mu_-0.8000_-0.8000_T_2000_20/mc_settings.json"
ensemble: GrandCanonical
method: Metropolis

-- Compiling: /media/derick/DeoResearch/experiments/rocksalt3_ZrN_casm/basis_sets/bset.default/rocksalt_ZrN_casm_1_1_2_Clexulator.cc -- 
compile time depends on how many basis functions are included
compile time: 0.000424918 (s)

-- Construct: Grand Canonical Monte Carlo -- 
project: "/media/derick/DeoResearch/experiments/rocksalt3_ZrN_casm"
formation_energy cluster expansion: formation_energy
      property: formation_energy
      calctype: default
           ref: default
          bset: default
           eci: default
supercell: 
 -4   4 -20
 -4   0  24
  6   4   4
use_deltas: false

Sampling: 
                quantity     requested_precision
            atom_frac(N)                    none
           atom_frac(Zr)                    none
                 comp(a)                   0.001
               comp_n(N)                    none
              comp_n(Va)                    none
              comp_n(Zr)                    none
        formation_energy                    none
        potential_energy                    none
            site_frac(N)                    none
           site_frac(Va)                    none
           site_frac(Zr)                    none

automatic convergence mode?: true

-- Check: For existing calculations -- 
did not find existing calculations

-- Set: Conditions -- 
T: 2000
param_chem_pot: [ -0.800000000000 ]

-- Set: DoF -- 
motif configname: default
using configuration with default occupation...

-- Set: DoF -- 
motif configname: auto
searching for minimum potential energy motif...
using conditions: 
T: 2000
param_chem_pot: [ -0.800000000000 ]

using: SCEL1_1_1_1_0_0_0/1 with potential energy: 0.038342545

-- Set: Conditions -- 
T: 2000
param_chem_pot: [ -0.800000000000 ]


-- Continue with existing DoF -- 

-- Write: DoF -- 
write: "/media/derick/DeoResearch/experiments/rocksalt3_ZrN_casm/mc_coarse_new_scel/cooling/mu_-0.8000_-0.8000_T_2000_20/conditions.0/initial_state.json"

-- Begin: Conditions 0 -- 

-- End: Conditions 0 -- 
run time: 16.276888 (s),  0.016276888 (s/pass),  1.2110779e-05(s/step)

-- Write: DoF -- 
write: "/media/derick/DeoResearch/experiments/rocksalt3_ZrN_casm/mc_coarse_new_scel/cooling/mu_-0.8000_-0.8000_T_2000_20/conditions.0/final_state.json"

-- Write: Output files -- 
write: "/media/derick/DeoResearch/experiments/rocksalt3_ZrN_casm/mc_coarse_new_scel/cooling/mu_-0.8000_-0.8000_T_2000_20/results.json"
write: "/media/derick/DeoResearch/experiments/rocksalt3_ZrN_casm/mc_coarse_new_scel/cooling/mu_-0.8000_-0.8000_T_2000_20/conditions.0/conditions.json"


-- Set: Conditions -- 
T: 1980
param_chem_pot: [ -0.800000000000 ]


-- Continue with existing DoF -- 

-- Write: DoF -- 
write: "/media/derick/DeoResearch/experiments/rocksalt3_ZrN_casm/mc_coarse_new_scel/cooling/mu_-0.8000_-0.8000_T_2000_20/conditions.1/initial_state.json"

-- Begin: Conditions 1 -- 

-- End: Conditions 1 -- 
run time: 16.270405 (s),  0.016270405 (s/pass),  1.2105956e-05(s/step)

-- Write: DoF -- 
write: "/media/derick/DeoResearch/experiments/rocksalt3_ZrN_casm/mc_coarse_new_scel/cooling/mu_-0.8000_-0.8000_T_2000_20/conditions.1/final_state.json"

-- Write: Output files -- 
write: "/media/derick/DeoResearch/experiments/rocksalt3_ZrN_casm/mc_coarse_new_scel/cooling/mu_-0.8000_-0.8000_T_2000_20/results.json"
write: "/media/derick/DeoResearch/experiments/rocksalt3_ZrN_casm/mc_coarse_new_scel/cooling/mu_-0.8000_-0.8000_T_2000_20/conditions.1/conditions.json"


-- Set: Conditions -- 
T: 1960
param_chem_pot: [ -0.800000000000 ]


-- Continue with existing DoF -- 

-- Write: DoF -- 
write: "/media/derick/DeoResearch/experiments/rocksalt3_ZrN_casm/mc_coarse_new_scel/cooling/mu_-0.8000_-0.8000_T_2000_20/conditions.2/initial_state.json"

-- Begin: Conditions 2 -- 

-- End: Conditions 2 -- 
run time: 16.303378 (s),  0.016303378 (s/pass),  1.213049e-05(s/step)

-- Write: DoF -- 
write: "/media/derick/DeoResearch/experiments/rocksalt3_ZrN_casm/mc_coarse_new_scel/cooling/mu_-0.8000_-0.8000_T_2000_20/conditions.2/final_state.json"

-- Write: Output files -- 
write: "/media/derick/DeoResearch/experiments/rocksalt3_ZrN_casm/mc_coarse_new_scel/cooling/mu_-0.8000_-0.8000_T_2000_20/results.json"
write: "/media/derick/DeoResearch/experiments/rocksalt3_ZrN_casm/mc_coarse_new_scel/cooling/mu_-0.8000_-0.8000_T_2000_20/conditions.2/conditions.json"


-- Set: Conditions -- 
T: 1940
param_chem_pot: [ -0.800000000000 ]


-- Continue with existing DoF -- 

-- Write: DoF -- 
write: "/media/derick/DeoResearch/experiments/rocksalt3_ZrN_casm/mc_coarse_new_scel/cooling/mu_-0.8000_-0.8000_T_2000_20/conditions.3/initial_state.json"

-- Begin: Conditions 3 -- 

-- End: Conditions 3 -- 
run time: 16.476545 (s),  0.016476545 (s/pass),  1.2259334e-05(s/step)

-- Write: DoF -- 
write: "/media/derick/DeoResearch/experiments/rocksalt3_ZrN_casm/mc_coarse_new_scel/cooling/mu_-0.8000_-0.8000_T_2000_20/conditions.3/final_state.json"

-- Write: Output files -- 
write: "/media/derick/DeoResearch/experiments/rocksalt3_ZrN_casm/mc_coarse_new_scel/cooling/mu_-0.8000_-0.8000_T_2000_20/results.json"
write: "/media/derick/DeoResearch/experiments/rocksalt3_ZrN_casm/mc_coarse_new_scel/cooling/mu_-0.8000_-0.8000_T_2000_20/conditions.3/conditions.json"


-- Set: Conditions -- 
T: 1920
param_chem_pot: [ -0.800000000000 ]


-- Continue with existing DoF -- 

-- Write: DoF -- 
write: "/media/derick/DeoResearch/experiments/rocksalt3_ZrN_casm/mc_coarse_new_scel/cooling/mu_-0.8000_-0.8000_T_2000_20/conditions.4/initial_state.json"

-- Begin: Conditions 4 -- 

-- End: Conditions 4 -- 
run time: 16.503861 (s),  0.016503861 (s/pass),  1.2279658e-05(s/step)

-- Write: DoF -- 
write: "/media/derick/DeoResearch/experiments/rocksalt3_ZrN_casm/mc_coarse_new_scel/cooling/mu_-0.8000_-0.8000_T_2000_20/conditions.4/final_state.json"

-- Write: Output files -- 
write: "/media/derick/DeoResearch/experiments/rocksalt3_ZrN_casm/mc_coarse_new_scel/cooling/mu_-0.8000_-0.8000_T_2000_20/results.json"
write: "/media/derick/DeoResearch/experiments/rocksalt3_ZrN_casm/mc_coarse_new_scel/cooling/mu_-0.8000_-0.8000_T_2000_20/conditions.4/conditions.json"


-- Set: Conditions -- 
T: 1900
param_chem_pot: [ -0.800000000000 ]


-- Continue with existing DoF -- 

-- Write: DoF -- 
write: "/media/derick/DeoResearch/experiments/rocksalt3_ZrN_casm/mc_coarse_new_scel/cooling/mu_-0.8000_-0.8000_T_2000_20/conditions.5/initial_state.json"

-- Begin: Conditions 5 -- 

-- End: Conditions 5 -- 
run time: 16.497591 (s),  0.016497591 (s/pass),  1.2274993e-05(s/step)

-- Write: DoF -- 
write: "/media/derick/DeoResearch/experiments/rocksalt3_ZrN_casm/mc_coarse_new_scel/cooling/mu_-0.8000_-0.8000_T_2000_20/conditions.5/final_state.json"

-- Write: Output files -- 
write: "/media/derick/DeoResearch/experiments/rocksalt3_ZrN_casm/mc_coarse_new_scel/cooling/mu_-0.8000_-0.8000_T_2000_20/results.json"
write: "/media/derick/DeoResearch/experiments/rocksalt3_ZrN_casm/mc_coarse_new_scel/cooling/mu_-0.8000_-0.8000_T_2000_20/conditions.5/conditions.json"


-- Set: Conditions -- 
T: 1880
param_chem_pot: [ -0.800000000000 ]


-- Continue with existing DoF -- 

-- Write: DoF -- 
write: "/media/derick/DeoResearch/experiments/rocksalt3_ZrN_casm/mc_coarse_new_scel/cooling/mu_-0.8000_-0.8000_T_2000_20/conditions.6/initial_state.json"

-- Begin: Conditions 6 -- 

-- End: Conditions 6 -- 
run time: 16.396273 (s),  0.016396273 (s/pass),  1.2199608e-05(s/step)

-- Write: DoF -- 
write: "/media/derick/DeoResearch/experiments/rocksalt3_ZrN_casm/mc_coarse_new_scel/cooling/mu_-0.8000_-0.8000_T_2000_20/conditions.6/final_state.json"

-- Write: Output files -- 
write: "/media/derick/DeoResearch/experiments/rocksalt3_ZrN_casm/mc_coarse_new_scel/cooling/mu_-0.8000_-0.8000_T_2000_20/results.json"
write: "/media/derick/DeoResearch/experiments/rocksalt3_ZrN_casm/mc_coarse_new_scel/cooling/mu_-0.8000_-0.8000_T_2000_20/conditions.6/conditions.json"


-- Set: Conditions -- 
T: 1860
param_chem_pot: [ -0.800000000000 ]


-- Continue with existing DoF -- 

-- Write: DoF -- 
write: "/media/derick/DeoResearch/experiments/rocksalt3_ZrN_casm/mc_coarse_new_scel/cooling/mu_-0.8000_-0.8000_T_2000_20/conditions.7/initial_state.json"

-- Begin: Conditions 7 -- 

-- End: Conditions 7 -- 
run time: 16.350416 (s),  0.016350416 (s/pass),  1.2165488e-05(s/step)

-- Write: DoF -- 
write: "/media/derick/DeoResearch/experiments/rocksalt3_ZrN_casm/mc_coarse_new_scel/cooling/mu_-0.8000_-0.8000_T_2000_20/conditions.7/final_state.json"

-- Write: Output files -- 
write: "/media/derick/DeoResearch/experiments/rocksalt3_ZrN_casm/mc_coarse_new_scel/cooling/mu_-0.8000_-0.8000_T_2000_20/results.json"
write: "/media/derick/DeoResearch/experiments/rocksalt3_ZrN_casm/mc_coarse_new_scel/cooling/mu_-0.8000_-0.8000_T_2000_20/conditions.7/conditions.json"


-- Set: Conditions -- 
T: 1840
param_chem_pot: [ -0.800000000000 ]


-- Continue with existing DoF -- 

-- Write: DoF -- 
write: "/media/derick/DeoResearch/experiments/rocksalt3_ZrN_casm/mc_coarse_new_scel/cooling/mu_-0.8000_-0.8000_T_2000_20/conditions.8/initial_state.json"

-- Begin: Conditions 8 -- 

-- End: Conditions 8 -- 
run time: 16.297449 (s),  0.016297449 (s/pass),  1.2126078e-05(s/step)

-- Write: DoF -- 
write: "/media/derick/DeoResearch/experiments/rocksalt3_ZrN_casm/mc_coarse_new_scel/cooling/mu_-0.8000_-0.8000_T_2000_20/conditions.8/final_state.json"

-- Write: Output files -- 
write: "/media/derick/DeoResearch/experiments/rocksalt3_ZrN_casm/mc_coarse_new_scel/cooling/mu_-0.8000_-0.8000_T_2000_20/results.json"
write: "/media/derick/DeoResearch/experiments/rocksalt3_ZrN_casm/mc_coarse_new_scel/cooling/mu_-0.8000_-0.8000_T_2000_20/conditions.8/conditions.json"


-- Set: Conditions -- 
T: 1820
param_chem_pot: [ -0.800000000000 ]


-- Continue with existing DoF -- 

-- Write: DoF -- 
write: "/media/derick/DeoResearch/experiments/rocksalt3_ZrN_casm/mc_coarse_new_scel/cooling/mu_-0.8000_-0.8000_T_2000_20/conditions.9/initial_state.json"

-- Begin: Conditions 9 -- 

-- End: Conditions 9 -- 
run time: 16.41688 (s),  0.01641688 (s/pass),  1.221494e-05(s/step)

-- Write: DoF -- 
write: "/media/derick/DeoResearch/experiments/rocksalt3_ZrN_casm/mc_coarse_new_scel/cooling/mu_-0.8000_-0.8000_T_2000_20/conditions.9/final_state.json"

-- Write: Output files -- 
write: "/media/derick/DeoResearch/experiments/rocksalt3_ZrN_casm/mc_coarse_new_scel/cooling/mu_-0.8000_-0.8000_T_2000_20/results.json"
write: "/media/derick/DeoResearch/experiments/rocksalt3_ZrN_casm/mc_coarse_new_scel/cooling/mu_-0.8000_-0.8000_T_2000_20/conditions.9/conditions.json"


-- Set: Conditions -- 
T: 1800
param_chem_pot: [ -0.800000000000 ]


-- Continue with existing DoF -- 

-- Write: DoF -- 
write: "/media/derick/DeoResearch/experiments/rocksalt3_ZrN_casm/mc_coarse_new_scel/cooling/mu_-0.8000_-0.8000_T_2000_20/conditions.10/initial_state.json"

-- Begin: Conditions 10 -- 

-- End: Conditions 10 -- 
run time: 16.423027 (s),  0.016423027 (s/pass),  1.2219514e-05(s/step)

-- Write: DoF -- 
write: "/media/derick/DeoResearch/experiments/rocksalt3_ZrN_casm/mc_coarse_new_scel/cooling/mu_-0.8000_-0.8000_T_2000_20/conditions.10/final_state.json"

-- Write: Output files -- 
write: "/media/derick/DeoResearch/experiments/rocksalt3_ZrN_casm/mc_coarse_new_scel/cooling/mu_-0.8000_-0.8000_T_2000_20/results.json"
write: "/media/derick/DeoResearch/experiments/rocksalt3_ZrN_casm/mc_coarse_new_scel/cooling/mu_-0.8000_-0.8000_T_2000_20/conditions.10/conditions.json"


-- Set: Conditions -- 
T: 1780
param_chem_pot: [ -0.800000000000 ]


-- Continue with existing DoF -- 

-- Write: DoF -- 
write: "/media/derick/DeoResearch/experiments/rocksalt3_ZrN_casm/mc_coarse_new_scel/cooling/mu_-0.8000_-0.8000_T_2000_20/conditions.11/initial_state.json"

-- Begin: Conditions 11 -- 

-- End: Conditions 11 -- 
run time: 16.491475 (s),  0.016491475 (s/pass),  1.2270443e-05(s/step)

-- Write: DoF -- 
write: "/media/derick/DeoResearch/experiments/rocksalt3_ZrN_casm/mc_coarse_new_scel/cooling/mu_-0.8000_-0.8000_T_2000_20/conditions.11/final_state.json"

-- Write: Output files -- 
write: "/media/derick/DeoResearch/experiments/rocksalt3_ZrN_casm/mc_coarse_new_scel/cooling/mu_-0.8000_-0.8000_T_2000_20/results.json"
write: "/media/derick/DeoResearch/experiments/rocksalt3_ZrN_casm/mc_coarse_new_scel/cooling/mu_-0.8000_-0.8000_T_2000_20/conditions.11/conditions.json"


-- Set: Conditions -- 
T: 1760
param_chem_pot: [ -0.800000000000 ]


-- Continue with existing DoF -- 

-- Write: DoF -- 
write: "/media/derick/DeoResearch/experiments/rocksalt3_ZrN_casm/mc_coarse_new_scel/cooling/mu_-0.8000_-0.8000_T_2000_20/conditions.12/initial_state.json"

-- Begin: Conditions 12 -- 

-- End: Conditions 12 -- 
run time: 16.242901 (s),  0.016242901 (s/pass),  1.2085492e-05(s/step)

-- Write: DoF -- 
write: "/media/derick/DeoResearch/experiments/rocksalt3_ZrN_casm/mc_coarse_new_scel/cooling/mu_-0.8000_-0.8000_T_2000_20/conditions.12/final_state.json"

-- Write: Output files -- 
write: "/media/derick/DeoResearch/experiments/rocksalt3_ZrN_casm/mc_coarse_new_scel/cooling/mu_-0.8000_-0.8000_T_2000_20/results.json"
write: "/media/derick/DeoResearch/experiments/rocksalt3_ZrN_casm/mc_coarse_new_scel/cooling/mu_-0.8000_-0.8000_T_2000_20/conditions.12/conditions.json"


-- Set: Conditions -- 
T: 1740
param_chem_pot: [ -0.800000000000 ]


-- Continue with existing DoF -- 

-- Write: DoF -- 
write: "/media/derick/DeoResearch/experiments/rocksalt3_ZrN_casm/mc_coarse_new_scel/cooling/mu_-0.8000_-0.8000_T_2000_20/conditions.13/initial_state.json"

-- Begin: Conditions 13 -- 

-- End: Conditions 13 -- 
run time: 16.322647 (s),  0.016322647 (s/pass),  1.2144826e-05(s/step)

-- Write: DoF -- 
write: "/media/derick/DeoResearch/experiments/rocksalt3_ZrN_casm/mc_coarse_new_scel/cooling/mu_-0.8000_-0.8000_T_2000_20/conditions.13/final_state.json"

-- Write: Output files -- 
write: "/media/derick/DeoResearch/experiments/rocksalt3_ZrN_casm/mc_coarse_new_scel/cooling/mu_-0.8000_-0.8000_T_2000_20/results.json"
write: "/media/derick/DeoResearch/experiments/rocksalt3_ZrN_casm/mc_coarse_new_scel/cooling/mu_-0.8000_-0.8000_T_2000_20/conditions.13/conditions.json"


-- Set: Conditions -- 
T: 1720
param_chem_pot: [ -0.800000000000 ]


-- Continue with existing DoF -- 

-- Write: DoF -- 
write: "/media/derick/DeoResearch/experiments/rocksalt3_ZrN_casm/mc_coarse_new_scel/cooling/mu_-0.8000_-0.8000_T_2000_20/conditions.14/initial_state.json"

-- Begin: Conditions 14 -- 

-- End: Conditions 14 -- 
run time: 16.618546 (s),  0.016618546 (s/pass),  1.2364989e-05(s/step)

-- Write: DoF -- 
write: "/media/derick/DeoResearch/experiments/rocksalt3_ZrN_casm/mc_coarse_new_scel/cooling/mu_-0.8000_-0.8000_T_2000_20/conditions.14/final_state.json"

-- Write: Output files -- 
write: "/media/derick/DeoResearch/experiments/rocksalt3_ZrN_casm/mc_coarse_new_scel/cooling/mu_-0.8000_-0.8000_T_2000_20/results.json"
write: "/media/derick/DeoResearch/experiments/rocksalt3_ZrN_casm/mc_coarse_new_scel/cooling/mu_-0.8000_-0.8000_T_2000_20/conditions.14/conditions.json"


-- Set: Conditions -- 
T: 1700
param_chem_pot: [ -0.800000000000 ]


-- Continue with existing DoF -- 

-- Write: DoF -- 
write: "/media/derick/DeoResearch/experiments/rocksalt3_ZrN_casm/mc_coarse_new_scel/cooling/mu_-0.8000_-0.8000_T_2000_20/conditions.15/initial_state.json"

-- Begin: Conditions 15 -- 

-- End: Conditions 15 -- 
run time: 16.425159 (s),  0.016425159 (s/pass),  1.22211e-05(s/step)

-- Write: DoF -- 
write: "/media/derick/DeoResearch/experiments/rocksalt3_ZrN_casm/mc_coarse_new_scel/cooling/mu_-0.8000_-0.8000_T_2000_20/conditions.15/final_state.json"

-- Write: Output files -- 
write: "/media/derick/DeoResearch/experiments/rocksalt3_ZrN_casm/mc_coarse_new_scel/cooling/mu_-0.8000_-0.8000_T_2000_20/results.json"
write: "/media/derick/DeoResearch/experiments/rocksalt3_ZrN_casm/mc_coarse_new_scel/cooling/mu_-0.8000_-0.8000_T_2000_20/conditions.15/conditions.json"


-- Set: Conditions -- 
T: 1680
param_chem_pot: [ -0.800000000000 ]


-- Continue with existing DoF -- 

-- Write: DoF -- 
write: "/media/derick/DeoResearch/experiments/rocksalt3_ZrN_casm/mc_coarse_new_scel/cooling/mu_-0.8000_-0.8000_T_2000_20/conditions.16/initial_state.json"

-- Begin: Conditions 16 -- 

-- End: Conditions 16 -- 
run time: 16.312015 (s),  0.016312015 (s/pass),  1.2136916e-05(s/step)

-- Write: DoF -- 
write: "/media/derick/DeoResearch/experiments/rocksalt3_ZrN_casm/mc_coarse_new_scel/cooling/mu_-0.8000_-0.8000_T_2000_20/conditions.16/final_state.json"

-- Write: Output files -- 
write: "/media/derick/DeoResearch/experiments/rocksalt3_ZrN_casm/mc_coarse_new_scel/cooling/mu_-0.8000_-0.8000_T_2000_20/results.json"
write: "/media/derick/DeoResearch/experiments/rocksalt3_ZrN_casm/mc_coarse_new_scel/cooling/mu_-0.8000_-0.8000_T_2000_20/conditions.16/conditions.json"


-- Set: Conditions -- 
T: 1660
param_chem_pot: [ -0.800000000000 ]


-- Continue with existing DoF -- 

-- Write: DoF -- 
write: "/media/derick/DeoResearch/experiments/rocksalt3_ZrN_casm/mc_coarse_new_scel/cooling/mu_-0.8000_-0.8000_T_2000_20/conditions.17/initial_state.json"

-- Begin: Conditions 17 -- 

-- End: Conditions 17 -- 
run time: 16.419109 (s),  0.016419109 (s/pass),  1.2216599e-05(s/step)

-- Write: DoF -- 
write: "/media/derick/DeoResearch/experiments/rocksalt3_ZrN_casm/mc_coarse_new_scel/cooling/mu_-0.8000_-0.8000_T_2000_20/conditions.17/final_state.json"

-- Write: Output files -- 
write: "/media/derick/DeoResearch/experiments/rocksalt3_ZrN_casm/mc_coarse_new_scel/cooling/mu_-0.8000_-0.8000_T_2000_20/results.json"
write: "/media/derick/DeoResearch/experiments/rocksalt3_ZrN_casm/mc_coarse_new_scel/cooling/mu_-0.8000_-0.8000_T_2000_20/conditions.17/conditions.json"


-- Set: Conditions -- 
T: 1640
param_chem_pot: [ -0.800000000000 ]


-- Continue with existing DoF -- 

-- Write: DoF -- 
write: "/media/derick/DeoResearch/experiments/rocksalt3_ZrN_casm/mc_coarse_new_scel/cooling/mu_-0.8000_-0.8000_T_2000_20/conditions.18/initial_state.json"

-- Begin: Conditions 18 -- 

-- End: Conditions 18 -- 
run time: 16.294624 (s),  0.016294624 (s/pass),  1.2123977e-05(s/step)

-- Write: DoF -- 
write: "/media/derick/DeoResearch/experiments/rocksalt3_ZrN_casm/mc_coarse_new_scel/cooling/mu_-0.8000_-0.8000_T_2000_20/conditions.18/final_state.json"

-- Write: Output files -- 
write: "/media/derick/DeoResearch/experiments/rocksalt3_ZrN_casm/mc_coarse_new_scel/cooling/mu_-0.8000_-0.8000_T_2000_20/results.json"
write: "/media/derick/DeoResearch/experiments/rocksalt3_ZrN_casm/mc_coarse_new_scel/cooling/mu_-0.8000_-0.8000_T_2000_20/conditions.18/conditions.json"


-- Set: Conditions -- 
T: 1620
param_chem_pot: [ -0.800000000000 ]


-- Continue with existing DoF -- 

-- Write: DoF -- 
write: "/media/derick/DeoResearch/experiments/rocksalt3_ZrN_casm/mc_coarse_new_scel/cooling/mu_-0.8000_-0.8000_T_2000_20/conditions.19/initial_state.json"

-- Begin: Conditions 19 -- 

-- End: Conditions 19 -- 
run time: 16.382529 (s),  0.016382529 (s/pass),  1.2189382e-05(s/step)

-- Write: DoF -- 
write: "/media/derick/DeoResearch/experiments/rocksalt3_ZrN_casm/mc_coarse_new_scel/cooling/mu_-0.8000_-0.8000_T_2000_20/conditions.19/final_state.json"

-- Write: Output files -- 
write: "/media/derick/DeoResearch/experiments/rocksalt3_ZrN_casm/mc_coarse_new_scel/cooling/mu_-0.8000_-0.8000_T_2000_20/results.json"
write: "/media/derick/DeoResearch/experiments/rocksalt3_ZrN_casm/mc_coarse_new_scel/cooling/mu_-0.8000_-0.8000_T_2000_20/conditions.19/conditions.json"


-- Set: Conditions -- 
T: 1600
param_chem_pot: [ -0.800000000000 ]


-- Continue with existing DoF -- 

-- Write: DoF -- 
write: "/media/derick/DeoResearch/experiments/rocksalt3_ZrN_casm/mc_coarse_new_scel/cooling/mu_-0.8000_-0.8000_T_2000_20/conditions.20/initial_state.json"

-- Begin: Conditions 20 -- 

-- End: Conditions 20 -- 
run time: 16.413617 (s),  0.016413617 (s/pass),  1.2212513e-05(s/step)

-- Write: DoF -- 
write: "/media/derick/DeoResearch/experiments/rocksalt3_ZrN_casm/mc_coarse_new_scel/cooling/mu_-0.8000_-0.8000_T_2000_20/conditions.20/final_state.json"

-- Write: Output files -- 
write: "/media/derick/DeoResearch/experiments/rocksalt3_ZrN_casm/mc_coarse_new_scel/cooling/mu_-0.8000_-0.8000_T_2000_20/results.json"
write: "/media/derick/DeoResearch/experiments/rocksalt3_ZrN_casm/mc_coarse_new_scel/cooling/mu_-0.8000_-0.8000_T_2000_20/conditions.20/conditions.json"


-- Set: Conditions -- 
T: 1580
param_chem_pot: [ -0.800000000000 ]


-- Continue with existing DoF -- 

-- Write: DoF -- 
write: "/media/derick/DeoResearch/experiments/rocksalt3_ZrN_casm/mc_coarse_new_scel/cooling/mu_-0.8000_-0.8000_T_2000_20/conditions.21/initial_state.json"

-- Begin: Conditions 21 -- 

-- End: Conditions 21 -- 
run time: 16.334534 (s),  0.016334534 (s/pass),  1.2153671e-05(s/step)

-- Write: DoF -- 
write: "/media/derick/DeoResearch/experiments/rocksalt3_ZrN_casm/mc_coarse_new_scel/cooling/mu_-0.8000_-0.8000_T_2000_20/conditions.21/final_state.json"

-- Write: Output files -- 
write: "/media/derick/DeoResearch/experiments/rocksalt3_ZrN_casm/mc_coarse_new_scel/cooling/mu_-0.8000_-0.8000_T_2000_20/results.json"
write: "/media/derick/DeoResearch/experiments/rocksalt3_ZrN_casm/mc_coarse_new_scel/cooling/mu_-0.8000_-0.8000_T_2000_20/conditions.21/conditions.json"


-- Set: Conditions -- 
T: 1560
param_chem_pot: [ -0.800000000000 ]


-- Continue with existing DoF -- 

-- Write: DoF -- 
write: "/media/derick/DeoResearch/experiments/rocksalt3_ZrN_casm/mc_coarse_new_scel/cooling/mu_-0.8000_-0.8000_T_2000_20/conditions.22/initial_state.json"

-- Begin: Conditions 22 -- 

-- End: Conditions 22 -- 
run time: 16.417393 (s),  0.016417393 (s/pass),  1.2215322e-05(s/step)

-- Write: DoF -- 
write: "/media/derick/DeoResearch/experiments/rocksalt3_ZrN_casm/mc_coarse_new_scel/cooling/mu_-0.8000_-0.8000_T_2000_20/conditions.22/final_state.json"

-- Write: Output files -- 
write: "/media/derick/DeoResearch/experiments/rocksalt3_ZrN_casm/mc_coarse_new_scel/cooling/mu_-0.8000_-0.8000_T_2000_20/results.json"
write: "/media/derick/DeoResearch/experiments/rocksalt3_ZrN_casm/mc_coarse_new_scel/cooling/mu_-0.8000_-0.8000_T_2000_20/conditions.22/conditions.json"


-- Set: Conditions -- 
T: 1540
param_chem_pot: [ -0.800000000000 ]


-- Continue with existing DoF -- 

-- Write: DoF -- 
write: "/media/derick/DeoResearch/experiments/rocksalt3_ZrN_casm/mc_coarse_new_scel/cooling/mu_-0.8000_-0.8000_T_2000_20/conditions.23/initial_state.json"

-- Begin: Conditions 23 -- 

-- End: Conditions 23 -- 
run time: 16.398474 (s),  0.016398474 (s/pass),  1.2201246e-05(s/step)

-- Write: DoF -- 
write: "/media/derick/DeoResearch/experiments/rocksalt3_ZrN_casm/mc_coarse_new_scel/cooling/mu_-0.8000_-0.8000_T_2000_20/conditions.23/final_state.json"

-- Write: Output files -- 
write: "/media/derick/DeoResearch/experiments/rocksalt3_ZrN_casm/mc_coarse_new_scel/cooling/mu_-0.8000_-0.8000_T_2000_20/results.json"
write: "/media/derick/DeoResearch/experiments/rocksalt3_ZrN_casm/mc_coarse_new_scel/cooling/mu_-0.8000_-0.8000_T_2000_20/conditions.23/conditions.json"


-- Set: Conditions -- 
T: 1520
param_chem_pot: [ -0.800000000000 ]


-- Continue with existing DoF -- 

-- Write: DoF -- 
write: "/media/derick/DeoResearch/experiments/rocksalt3_ZrN_casm/mc_coarse_new_scel/cooling/mu_-0.8000_-0.8000_T_2000_20/conditions.24/initial_state.json"

-- Begin: Conditions 24 -- 

-- End: Conditions 24 -- 
run time: 16.34287 (s),  0.01634287 (s/pass),  1.2159873e-05(s/step)

-- Write: DoF -- 
write: "/media/derick/DeoResearch/experiments/rocksalt3_ZrN_casm/mc_coarse_new_scel/cooling/mu_-0.8000_-0.8000_T_2000_20/conditions.24/final_state.json"

-- Write: Output files -- 
write: "/media/derick/DeoResearch/experiments/rocksalt3_ZrN_casm/mc_coarse_new_scel/cooling/mu_-0.8000_-0.8000_T_2000_20/results.json"
write: "/media/derick/DeoResearch/experiments/rocksalt3_ZrN_casm/mc_coarse_new_scel/cooling/mu_-0.8000_-0.8000_T_2000_20/conditions.24/conditions.json"


-- Set: Conditions -- 
T: 1500
param_chem_pot: [ -0.800000000000 ]


-- Continue with existing DoF -- 

-- Write: DoF -- 
write: "/media/derick/DeoResearch/experiments/rocksalt3_ZrN_casm/mc_coarse_new_scel/cooling/mu_-0.8000_-0.8000_T_2000_20/conditions.25/initial_state.json"

-- Begin: Conditions 25 -- 

-- End: Conditions 25 -- 
run time: 16.387017 (s),  0.016387017 (s/pass),  1.2192721e-05(s/step)

-- Write: DoF -- 
write: "/media/derick/DeoResearch/experiments/rocksalt3_ZrN_casm/mc_coarse_new_scel/cooling/mu_-0.8000_-0.8000_T_2000_20/conditions.25/final_state.json"

-- Write: Output files -- 
write: "/media/derick/DeoResearch/experiments/rocksalt3_ZrN_casm/mc_coarse_new_scel/cooling/mu_-0.8000_-0.8000_T_2000_20/results.json"
write: "/media/derick/DeoResearch/experiments/rocksalt3_ZrN_casm/mc_coarse_new_scel/cooling/mu_-0.8000_-0.8000_T_2000_20/conditions.25/conditions.json"


-- Set: Conditions -- 
T: 1480
param_chem_pot: [ -0.800000000000 ]


-- Continue with existing DoF -- 

-- Write: DoF -- 
write: "/media/derick/DeoResearch/experiments/rocksalt3_ZrN_casm/mc_coarse_new_scel/cooling/mu_-0.8000_-0.8000_T_2000_20/conditions.26/initial_state.json"

-- Begin: Conditions 26 -- 

-- End: Conditions 26 -- 
run time: 16.346879 (s),  0.016346879 (s/pass),  1.2162857e-05(s/step)

-- Write: DoF -- 
write: "/media/derick/DeoResearch/experiments/rocksalt3_ZrN_casm/mc_coarse_new_scel/cooling/mu_-0.8000_-0.8000_T_2000_20/conditions.26/final_state.json"

-- Write: Output files -- 
write: "/media/derick/DeoResearch/experiments/rocksalt3_ZrN_casm/mc_coarse_new_scel/cooling/mu_-0.8000_-0.8000_T_2000_20/results.json"
write: "/media/derick/DeoResearch/experiments/rocksalt3_ZrN_casm/mc_coarse_new_scel/cooling/mu_-0.8000_-0.8000_T_2000_20/conditions.26/conditions.json"


-- Set: Conditions -- 
T: 1460
param_chem_pot: [ -0.800000000000 ]


-- Continue with existing DoF -- 

-- Write: DoF -- 
write: "/media/derick/DeoResearch/experiments/rocksalt3_ZrN_casm/mc_coarse_new_scel/cooling/mu_-0.8000_-0.8000_T_2000_20/conditions.27/initial_state.json"

-- Begin: Conditions 27 -- 

-- End: Conditions 27 -- 
run time: 16.359067 (s),  0.016359067 (s/pass),  1.2171925e-05(s/step)

-- Write: DoF -- 
write: "/media/derick/DeoResearch/experiments/rocksalt3_ZrN_casm/mc_coarse_new_scel/cooling/mu_-0.8000_-0.8000_T_2000_20/conditions.27/final_state.json"

-- Write: Output files -- 
write: "/media/derick/DeoResearch/experiments/rocksalt3_ZrN_casm/mc_coarse_new_scel/cooling/mu_-0.8000_-0.8000_T_2000_20/results.json"
write: "/media/derick/DeoResearch/experiments/rocksalt3_ZrN_casm/mc_coarse_new_scel/cooling/mu_-0.8000_-0.8000_T_2000_20/conditions.27/conditions.json"


-- Set: Conditions -- 
T: 1440
param_chem_pot: [ -0.800000000000 ]


-- Continue with existing DoF -- 

-- Write: DoF -- 
write: "/media/derick/DeoResearch/experiments/rocksalt3_ZrN_casm/mc_coarse_new_scel/cooling/mu_-0.8000_-0.8000_T_2000_20/conditions.28/initial_state.json"

-- Begin: Conditions 28 -- 

-- End: Conditions 28 -- 
run time: 16.363418 (s),  0.016363418 (s/pass),  1.2175162e-05(s/step)

-- Write: DoF -- 
write: "/media/derick/DeoResearch/experiments/rocksalt3_ZrN_casm/mc_coarse_new_scel/cooling/mu_-0.8000_-0.8000_T_2000_20/conditions.28/final_state.json"

-- Write: Output files -- 
write: "/media/derick/DeoResearch/experiments/rocksalt3_ZrN_casm/mc_coarse_new_scel/cooling/mu_-0.8000_-0.8000_T_2000_20/results.json"
write: "/media/derick/DeoResearch/experiments/rocksalt3_ZrN_casm/mc_coarse_new_scel/cooling/mu_-0.8000_-0.8000_T_2000_20/conditions.28/conditions.json"


-- Set: Conditions -- 
T: 1420
param_chem_pot: [ -0.800000000000 ]


-- Continue with existing DoF -- 

-- Write: DoF -- 
write: "/media/derick/DeoResearch/experiments/rocksalt3_ZrN_casm/mc_coarse_new_scel/cooling/mu_-0.8000_-0.8000_T_2000_20/conditions.29/initial_state.json"

-- Begin: Conditions 29 -- 

-- End: Conditions 29 -- 
run time: 16.420571 (s),  0.016420571 (s/pass),  1.2217687e-05(s/step)

-- Write: DoF -- 
write: "/media/derick/DeoResearch/experiments/rocksalt3_ZrN_casm/mc_coarse_new_scel/cooling/mu_-0.8000_-0.8000_T_2000_20/conditions.29/final_state.json"

-- Write: Output files -- 
write: "/media/derick/DeoResearch/experiments/rocksalt3_ZrN_casm/mc_coarse_new_scel/cooling/mu_-0.8000_-0.8000_T_2000_20/results.json"
write: "/media/derick/DeoResearch/experiments/rocksalt3_ZrN_casm/mc_coarse_new_scel/cooling/mu_-0.8000_-0.8000_T_2000_20/conditions.29/conditions.json"


-- Set: Conditions -- 
T: 1400
param_chem_pot: [ -0.800000000000 ]


-- Continue with existing DoF -- 

-- Write: DoF -- 
write: "/media/derick/DeoResearch/experiments/rocksalt3_ZrN_casm/mc_coarse_new_scel/cooling/mu_-0.8000_-0.8000_T_2000_20/conditions.30/initial_state.json"

-- Begin: Conditions 30 -- 

-- End: Conditions 30 -- 
run time: 16.346937 (s),  0.016346937 (s/pass),  1.21629e-05(s/step)

-- Write: DoF -- 
write: "/media/derick/DeoResearch/experiments/rocksalt3_ZrN_casm/mc_coarse_new_scel/cooling/mu_-0.8000_-0.8000_T_2000_20/conditions.30/final_state.json"

-- Write: Output files -- 
write: "/media/derick/DeoResearch/experiments/rocksalt3_ZrN_casm/mc_coarse_new_scel/cooling/mu_-0.8000_-0.8000_T_2000_20/results.json"
write: "/media/derick/DeoResearch/experiments/rocksalt3_ZrN_casm/mc_coarse_new_scel/cooling/mu_-0.8000_-0.8000_T_2000_20/conditions.30/conditions.json"


-- Set: Conditions -- 
T: 1380
param_chem_pot: [ -0.800000000000 ]


-- Continue with existing DoF -- 

-- Write: DoF -- 
write: "/media/derick/DeoResearch/experiments/rocksalt3_ZrN_casm/mc_coarse_new_scel/cooling/mu_-0.8000_-0.8000_T_2000_20/conditions.31/initial_state.json"

-- Begin: Conditions 31 -- 

-- End: Conditions 31 -- 
run time: 16.337574 (s),  0.016337574 (s/pass),  1.2155933e-05(s/step)

-- Write: DoF -- 
write: "/media/derick/DeoResearch/experiments/rocksalt3_ZrN_casm/mc_coarse_new_scel/cooling/mu_-0.8000_-0.8000_T_2000_20/conditions.31/final_state.json"

-- Write: Output files -- 
write: "/media/derick/DeoResearch/experiments/rocksalt3_ZrN_casm/mc_coarse_new_scel/cooling/mu_-0.8000_-0.8000_T_2000_20/results.json"
write: "/media/derick/DeoResearch/experiments/rocksalt3_ZrN_casm/mc_coarse_new_scel/cooling/mu_-0.8000_-0.8000_T_2000_20/conditions.31/conditions.json"


-- Set: Conditions -- 
T: 1360
param_chem_pot: [ -0.800000000000 ]


-- Continue with existing DoF -- 

-- Write: DoF -- 
write: "/media/derick/DeoResearch/experiments/rocksalt3_ZrN_casm/mc_coarse_new_scel/cooling/mu_-0.8000_-0.8000_T_2000_20/conditions.32/initial_state.json"

-- Begin: Conditions 32 -- 

-- End: Conditions 32 -- 
run time: 16.371134 (s),  0.016371134 (s/pass),  1.2180903e-05(s/step)

-- Write: DoF -- 
write: "/media/derick/DeoResearch/experiments/rocksalt3_ZrN_casm/mc_coarse_new_scel/cooling/mu_-0.8000_-0.8000_T_2000_20/conditions.32/final_state.json"

-- Write: Output files -- 
write: "/media/derick/DeoResearch/experiments/rocksalt3_ZrN_casm/mc_coarse_new_scel/cooling/mu_-0.8000_-0.8000_T_2000_20/results.json"
write: "/media/derick/DeoResearch/experiments/rocksalt3_ZrN_casm/mc_coarse_new_scel/cooling/mu_-0.8000_-0.8000_T_2000_20/conditions.32/conditions.json"


-- Set: Conditions -- 
T: 1340
param_chem_pot: [ -0.800000000000 ]


-- Continue with existing DoF -- 

-- Write: DoF -- 
write: "/media/derick/DeoResearch/experiments/rocksalt3_ZrN_casm/mc_coarse_new_scel/cooling/mu_-0.8000_-0.8000_T_2000_20/conditions.33/initial_state.json"

-- Begin: Conditions 33 -- 

-- End: Conditions 33 -- 
run time: 16.541364 (s),  0.016541364 (s/pass),  1.2307563e-05(s/step)

-- Write: DoF -- 
write: "/media/derick/DeoResearch/experiments/rocksalt3_ZrN_casm/mc_coarse_new_scel/cooling/mu_-0.8000_-0.8000_T_2000_20/conditions.33/final_state.json"

-- Write: Output files -- 
write: "/media/derick/DeoResearch/experiments/rocksalt3_ZrN_casm/mc_coarse_new_scel/cooling/mu_-0.8000_-0.8000_T_2000_20/results.json"
write: "/media/derick/DeoResearch/experiments/rocksalt3_ZrN_casm/mc_coarse_new_scel/cooling/mu_-0.8000_-0.8000_T_2000_20/conditions.33/conditions.json"


-- Set: Conditions -- 
T: 1320
param_chem_pot: [ -0.800000000000 ]


-- Continue with existing DoF -- 

-- Write: DoF -- 
write: "/media/derick/DeoResearch/experiments/rocksalt3_ZrN_casm/mc_coarse_new_scel/cooling/mu_-0.8000_-0.8000_T_2000_20/conditions.34/initial_state.json"

-- Begin: Conditions 34 -- 

-- End: Conditions 34 -- 
run time: 16.316679 (s),  0.016316679 (s/pass),  1.2140386e-05(s/step)

-- Write: DoF -- 
write: "/media/derick/DeoResearch/experiments/rocksalt3_ZrN_casm/mc_coarse_new_scel/cooling/mu_-0.8000_-0.8000_T_2000_20/conditions.34/final_state.json"

-- Write: Output files -- 
write: "/media/derick/DeoResearch/experiments/rocksalt3_ZrN_casm/mc_coarse_new_scel/cooling/mu_-0.8000_-0.8000_T_2000_20/results.json"
write: "/media/derick/DeoResearch/experiments/rocksalt3_ZrN_casm/mc_coarse_new_scel/cooling/mu_-0.8000_-0.8000_T_2000_20/conditions.34/conditions.json"


-- Set: Conditions -- 
T: 1300
param_chem_pot: [ -0.800000000000 ]


-- Continue with existing DoF -- 

-- Write: DoF -- 
write: "/media/derick/DeoResearch/experiments/rocksalt3_ZrN_casm/mc_coarse_new_scel/cooling/mu_-0.8000_-0.8000_T_2000_20/conditions.35/initial_state.json"

-- Begin: Conditions 35 -- 

-- End: Conditions 35 -- 
run time: 16.375936 (s),  0.016375936 (s/pass),  1.2184476e-05(s/step)

-- Write: DoF -- 
write: "/media/derick/DeoResearch/experiments/rocksalt3_ZrN_casm/mc_coarse_new_scel/cooling/mu_-0.8000_-0.8000_T_2000_20/conditions.35/final_state.json"

-- Write: Output files -- 
write: "/media/derick/DeoResearch/experiments/rocksalt3_ZrN_casm/mc_coarse_new_scel/cooling/mu_-0.8000_-0.8000_T_2000_20/results.json"
write: "/media/derick/DeoResearch/experiments/rocksalt3_ZrN_casm/mc_coarse_new_scel/cooling/mu_-0.8000_-0.8000_T_2000_20/conditions.35/conditions.json"


-- Set: Conditions -- 
T: 1280
param_chem_pot: [ -0.800000000000 ]


-- Continue with existing DoF -- 

-- Write: DoF -- 
write: "/media/derick/DeoResearch/experiments/rocksalt3_ZrN_casm/mc_coarse_new_scel/cooling/mu_-0.8000_-0.8000_T_2000_20/conditions.36/initial_state.json"

-- Begin: Conditions 36 -- 

-- End: Conditions 36 -- 
run time: 16.350628 (s),  0.016350628 (s/pass),  1.2165646e-05(s/step)

-- Write: DoF -- 
write: "/media/derick/DeoResearch/experiments/rocksalt3_ZrN_casm/mc_coarse_new_scel/cooling/mu_-0.8000_-0.8000_T_2000_20/conditions.36/final_state.json"

-- Write: Output files -- 
write: "/media/derick/DeoResearch/experiments/rocksalt3_ZrN_casm/mc_coarse_new_scel/cooling/mu_-0.8000_-0.8000_T_2000_20/results.json"
write: "/media/derick/DeoResearch/experiments/rocksalt3_ZrN_casm/mc_coarse_new_scel/cooling/mu_-0.8000_-0.8000_T_2000_20/conditions.36/conditions.json"


-- Set: Conditions -- 
T: 1260
param_chem_pot: [ -0.800000000000 ]


-- Continue with existing DoF -- 

-- Write: DoF -- 
write: "/media/derick/DeoResearch/experiments/rocksalt3_ZrN_casm/mc_coarse_new_scel/cooling/mu_-0.8000_-0.8000_T_2000_20/conditions.37/initial_state.json"

-- Begin: Conditions 37 -- 

-- End: Conditions 37 -- 
run time: 16.395828 (s),  0.016395828 (s/pass),  1.2199277e-05(s/step)

-- Write: DoF -- 
write: "/media/derick/DeoResearch/experiments/rocksalt3_ZrN_casm/mc_coarse_new_scel/cooling/mu_-0.8000_-0.8000_T_2000_20/conditions.37/final_state.json"

-- Write: Output files -- 
write: "/media/derick/DeoResearch/experiments/rocksalt3_ZrN_casm/mc_coarse_new_scel/cooling/mu_-0.8000_-0.8000_T_2000_20/results.json"
write: "/media/derick/DeoResearch/experiments/rocksalt3_ZrN_casm/mc_coarse_new_scel/cooling/mu_-0.8000_-0.8000_T_2000_20/conditions.37/conditions.json"


-- Set: Conditions -- 
T: 1240
param_chem_pot: [ -0.800000000000 ]


-- Continue with existing DoF -- 

-- Write: DoF -- 
write: "/media/derick/DeoResearch/experiments/rocksalt3_ZrN_casm/mc_coarse_new_scel/cooling/mu_-0.8000_-0.8000_T_2000_20/conditions.38/initial_state.json"

-- Begin: Conditions 38 -- 

-- End: Conditions 38 -- 
run time: 16.36668 (s),  0.01636668 (s/pass),  1.2177589e-05(s/step)

-- Write: DoF -- 
write: "/media/derick/DeoResearch/experiments/rocksalt3_ZrN_casm/mc_coarse_new_scel/cooling/mu_-0.8000_-0.8000_T_2000_20/conditions.38/final_state.json"

-- Write: Output files -- 
write: "/media/derick/DeoResearch/experiments/rocksalt3_ZrN_casm/mc_coarse_new_scel/cooling/mu_-0.8000_-0.8000_T_2000_20/results.json"
write: "/media/derick/DeoResearch/experiments/rocksalt3_ZrN_casm/mc_coarse_new_scel/cooling/mu_-0.8000_-0.8000_T_2000_20/conditions.38/conditions.json"


-- Set: Conditions -- 
T: 1220
param_chem_pot: [ -0.800000000000 ]


-- Continue with existing DoF -- 

-- Write: DoF -- 
write: "/media/derick/DeoResearch/experiments/rocksalt3_ZrN_casm/mc_coarse_new_scel/cooling/mu_-0.8000_-0.8000_T_2000_20/conditions.39/initial_state.json"

-- Begin: Conditions 39 -- 

-- End: Conditions 39 -- 
run time: 16.392727 (s),  0.016392727 (s/pass),  1.2196969e-05(s/step)

-- Write: DoF -- 
write: "/media/derick/DeoResearch/experiments/rocksalt3_ZrN_casm/mc_coarse_new_scel/cooling/mu_-0.8000_-0.8000_T_2000_20/conditions.39/final_state.json"

-- Write: Output files -- 
write: "/media/derick/DeoResearch/experiments/rocksalt3_ZrN_casm/mc_coarse_new_scel/cooling/mu_-0.8000_-0.8000_T_2000_20/results.json"
write: "/media/derick/DeoResearch/experiments/rocksalt3_ZrN_casm/mc_coarse_new_scel/cooling/mu_-0.8000_-0.8000_T_2000_20/conditions.39/conditions.json"


-- Set: Conditions -- 
T: 1200
param_chem_pot: [ -0.800000000000 ]


-- Continue with existing DoF -- 

-- Write: DoF -- 
write: "/media/derick/DeoResearch/experiments/rocksalt3_ZrN_casm/mc_coarse_new_scel/cooling/mu_-0.8000_-0.8000_T_2000_20/conditions.40/initial_state.json"

-- Begin: Conditions 40 -- 

-- End: Conditions 40 -- 
run time: 16.348786 (s),  0.016348786 (s/pass),  1.2164275e-05(s/step)

-- Write: DoF -- 
write: "/media/derick/DeoResearch/experiments/rocksalt3_ZrN_casm/mc_coarse_new_scel/cooling/mu_-0.8000_-0.8000_T_2000_20/conditions.40/final_state.json"

-- Write: Output files -- 
write: "/media/derick/DeoResearch/experiments/rocksalt3_ZrN_casm/mc_coarse_new_scel/cooling/mu_-0.8000_-0.8000_T_2000_20/results.json"
write: "/media/derick/DeoResearch/experiments/rocksalt3_ZrN_casm/mc_coarse_new_scel/cooling/mu_-0.8000_-0.8000_T_2000_20/conditions.40/conditions.json"


-- Set: Conditions -- 
T: 1180
param_chem_pot: [ -0.800000000000 ]


-- Continue with existing DoF -- 

-- Write: DoF -- 
write: "/media/derick/DeoResearch/experiments/rocksalt3_ZrN_casm/mc_coarse_new_scel/cooling/mu_-0.8000_-0.8000_T_2000_20/conditions.41/initial_state.json"

-- Begin: Conditions 41 -- 

-- End: Conditions 41 -- 
run time: 16.384333 (s),  0.016384333 (s/pass),  1.2190724e-05(s/step)

-- Write: DoF -- 
write: "/media/derick/DeoResearch/experiments/rocksalt3_ZrN_casm/mc_coarse_new_scel/cooling/mu_-0.8000_-0.8000_T_2000_20/conditions.41/final_state.json"

-- Write: Output files -- 
write: "/media/derick/DeoResearch/experiments/rocksalt3_ZrN_casm/mc_coarse_new_scel/cooling/mu_-0.8000_-0.8000_T_2000_20/results.json"
write: "/media/derick/DeoResearch/experiments/rocksalt3_ZrN_casm/mc_coarse_new_scel/cooling/mu_-0.8000_-0.8000_T_2000_20/conditions.41/conditions.json"


-- Set: Conditions -- 
T: 1160
param_chem_pot: [ -0.800000000000 ]


-- Continue with existing DoF -- 

-- Write: DoF -- 
write: "/media/derick/DeoResearch/experiments/rocksalt3_ZrN_casm/mc_coarse_new_scel/cooling/mu_-0.8000_-0.8000_T_2000_20/conditions.42/initial_state.json"

-- Begin: Conditions 42 -- 

-- End: Conditions 42 -- 
run time: 16.387211 (s),  0.016387211 (s/pass),  1.2192866e-05(s/step)

-- Write: DoF -- 
write: "/media/derick/DeoResearch/experiments/rocksalt3_ZrN_casm/mc_coarse_new_scel/cooling/mu_-0.8000_-0.8000_T_2000_20/conditions.42/final_state.json"

-- Write: Output files -- 
write: "/media/derick/DeoResearch/experiments/rocksalt3_ZrN_casm/mc_coarse_new_scel/cooling/mu_-0.8000_-0.8000_T_2000_20/results.json"
write: "/media/derick/DeoResearch/experiments/rocksalt3_ZrN_casm/mc_coarse_new_scel/cooling/mu_-0.8000_-0.8000_T_2000_20/conditions.42/conditions.json"


-- Set: Conditions -- 
T: 1140
param_chem_pot: [ -0.800000000000 ]


-- Continue with existing DoF -- 

-- Write: DoF -- 
write: "/media/derick/DeoResearch/experiments/rocksalt3_ZrN_casm/mc_coarse_new_scel/cooling/mu_-0.8000_-0.8000_T_2000_20/conditions.43/initial_state.json"

-- Begin: Conditions 43 -- 

-- End: Conditions 43 -- 
run time: 16.378915 (s),  0.016378915 (s/pass),  1.2186693e-05(s/step)

-- Write: DoF -- 
write: "/media/derick/DeoResearch/experiments/rocksalt3_ZrN_casm/mc_coarse_new_scel/cooling/mu_-0.8000_-0.8000_T_2000_20/conditions.43/final_state.json"

-- Write: Output files -- 
write: "/media/derick/DeoResearch/experiments/rocksalt3_ZrN_casm/mc_coarse_new_scel/cooling/mu_-0.8000_-0.8000_T_2000_20/results.json"
write: "/media/derick/DeoResearch/experiments/rocksalt3_ZrN_casm/mc_coarse_new_scel/cooling/mu_-0.8000_-0.8000_T_2000_20/conditions.43/conditions.json"


-- Set: Conditions -- 
T: 1120
param_chem_pot: [ -0.800000000000 ]


-- Continue with existing DoF -- 

-- Write: DoF -- 
write: "/media/derick/DeoResearch/experiments/rocksalt3_ZrN_casm/mc_coarse_new_scel/cooling/mu_-0.8000_-0.8000_T_2000_20/conditions.44/initial_state.json"

-- Begin: Conditions 44 -- 

-- End: Conditions 44 -- 
run time: 16.369852 (s),  0.016369852 (s/pass),  1.217995e-05(s/step)

-- Write: DoF -- 
write: "/media/derick/DeoResearch/experiments/rocksalt3_ZrN_casm/mc_coarse_new_scel/cooling/mu_-0.8000_-0.8000_T_2000_20/conditions.44/final_state.json"

-- Write: Output files -- 
write: "/media/derick/DeoResearch/experiments/rocksalt3_ZrN_casm/mc_coarse_new_scel/cooling/mu_-0.8000_-0.8000_T_2000_20/results.json"
write: "/media/derick/DeoResearch/experiments/rocksalt3_ZrN_casm/mc_coarse_new_scel/cooling/mu_-0.8000_-0.8000_T_2000_20/conditions.44/conditions.json"


-- Set: Conditions -- 
T: 1100
param_chem_pot: [ -0.800000000000 ]


-- Continue with existing DoF -- 

-- Write: DoF -- 
write: "/media/derick/DeoResearch/experiments/rocksalt3_ZrN_casm/mc_coarse_new_scel/cooling/mu_-0.8000_-0.8000_T_2000_20/conditions.45/initial_state.json"

-- Begin: Conditions 45 -- 

-- End: Conditions 45 -- 
run time: 16.437254 (s),  0.016437254 (s/pass),  1.2230099e-05(s/step)

-- Write: DoF -- 
write: "/media/derick/DeoResearch/experiments/rocksalt3_ZrN_casm/mc_coarse_new_scel/cooling/mu_-0.8000_-0.8000_T_2000_20/conditions.45/final_state.json"

-- Write: Output files -- 
write: "/media/derick/DeoResearch/experiments/rocksalt3_ZrN_casm/mc_coarse_new_scel/cooling/mu_-0.8000_-0.8000_T_2000_20/results.json"
write: "/media/derick/DeoResearch/experiments/rocksalt3_ZrN_casm/mc_coarse_new_scel/cooling/mu_-0.8000_-0.8000_T_2000_20/conditions.45/conditions.json"


-- Set: Conditions -- 
T: 1080
param_chem_pot: [ -0.800000000000 ]


-- Continue with existing DoF -- 

-- Write: DoF -- 
write: "/media/derick/DeoResearch/experiments/rocksalt3_ZrN_casm/mc_coarse_new_scel/cooling/mu_-0.8000_-0.8000_T_2000_20/conditions.46/initial_state.json"

-- Begin: Conditions 46 -- 

-- End: Conditions 46 -- 
run time: 16.358561 (s),  0.016358561 (s/pass),  1.2171548e-05(s/step)

-- Write: DoF -- 
write: "/media/derick/DeoResearch/experiments/rocksalt3_ZrN_casm/mc_coarse_new_scel/cooling/mu_-0.8000_-0.8000_T_2000_20/conditions.46/final_state.json"

-- Write: Output files -- 
write: "/media/derick/DeoResearch/experiments/rocksalt3_ZrN_casm/mc_coarse_new_scel/cooling/mu_-0.8000_-0.8000_T_2000_20/results.json"
write: "/media/derick/DeoResearch/experiments/rocksalt3_ZrN_casm/mc_coarse_new_scel/cooling/mu_-0.8000_-0.8000_T_2000_20/conditions.46/conditions.json"


-- Set: Conditions -- 
T: 1060
param_chem_pot: [ -0.800000000000 ]


-- Continue with existing DoF -- 

-- Write: DoF -- 
write: "/media/derick/DeoResearch/experiments/rocksalt3_ZrN_casm/mc_coarse_new_scel/cooling/mu_-0.8000_-0.8000_T_2000_20/conditions.47/initial_state.json"

-- Begin: Conditions 47 -- 

-- End: Conditions 47 -- 
run time: 16.339493 (s),  0.016339493 (s/pass),  1.2157361e-05(s/step)

-- Write: DoF -- 
write: "/media/derick/DeoResearch/experiments/rocksalt3_ZrN_casm/mc_coarse_new_scel/cooling/mu_-0.8000_-0.8000_T_2000_20/conditions.47/final_state.json"

-- Write: Output files -- 
write: "/media/derick/DeoResearch/experiments/rocksalt3_ZrN_casm/mc_coarse_new_scel/cooling/mu_-0.8000_-0.8000_T_2000_20/results.json"
write: "/media/derick/DeoResearch/experiments/rocksalt3_ZrN_casm/mc_coarse_new_scel/cooling/mu_-0.8000_-0.8000_T_2000_20/conditions.47/conditions.json"


-- Set: Conditions -- 
T: 1040
param_chem_pot: [ -0.800000000000 ]


-- Continue with existing DoF -- 

-- Write: DoF -- 
write: "/media/derick/DeoResearch/experiments/rocksalt3_ZrN_casm/mc_coarse_new_scel/cooling/mu_-0.8000_-0.8000_T_2000_20/conditions.48/initial_state.json"

-- Begin: Conditions 48 -- 

-- End: Conditions 48 -- 
run time: 16.335862 (s),  0.016335862 (s/pass),  1.2154659e-05(s/step)

-- Write: DoF -- 
write: "/media/derick/DeoResearch/experiments/rocksalt3_ZrN_casm/mc_coarse_new_scel/cooling/mu_-0.8000_-0.8000_T_2000_20/conditions.48/final_state.json"

-- Write: Output files -- 
write: "/media/derick/DeoResearch/experiments/rocksalt3_ZrN_casm/mc_coarse_new_scel/cooling/mu_-0.8000_-0.8000_T_2000_20/results.json"
write: "/media/derick/DeoResearch/experiments/rocksalt3_ZrN_casm/mc_coarse_new_scel/cooling/mu_-0.8000_-0.8000_T_2000_20/conditions.48/conditions.json"


-- Set: Conditions -- 
T: 1020
param_chem_pot: [ -0.800000000000 ]


-- Continue with existing DoF -- 

-- Write: DoF -- 
write: "/media/derick/DeoResearch/experiments/rocksalt3_ZrN_casm/mc_coarse_new_scel/cooling/mu_-0.8000_-0.8000_T_2000_20/conditions.49/initial_state.json"

-- Begin: Conditions 49 -- 

-- End: Conditions 49 -- 
run time: 16.316495 (s),  0.016316495 (s/pass),  1.2140249e-05(s/step)

-- Write: DoF -- 
write: "/media/derick/DeoResearch/experiments/rocksalt3_ZrN_casm/mc_coarse_new_scel/cooling/mu_-0.8000_-0.8000_T_2000_20/conditions.49/final_state.json"

-- Write: Output files -- 
write: "/media/derick/DeoResearch/experiments/rocksalt3_ZrN_casm/mc_coarse_new_scel/cooling/mu_-0.8000_-0.8000_T_2000_20/results.json"
write: "/media/derick/DeoResearch/experiments/rocksalt3_ZrN_casm/mc_coarse_new_scel/cooling/mu_-0.8000_-0.8000_T_2000_20/conditions.49/conditions.json"


-- Set: Conditions -- 
T: 1000
param_chem_pot: [ -0.800000000000 ]


-- Continue with existing DoF -- 

-- Write: DoF -- 
write: "/media/derick/DeoResearch/experiments/rocksalt3_ZrN_casm/mc_coarse_new_scel/cooling/mu_-0.8000_-0.8000_T_2000_20/conditions.50/initial_state.json"

-- Begin: Conditions 50 -- 

-- End: Conditions 50 -- 
run time: 16.277163 (s),  0.016277163 (s/pass),  1.2110984e-05(s/step)

-- Write: DoF -- 
write: "/media/derick/DeoResearch/experiments/rocksalt3_ZrN_casm/mc_coarse_new_scel/cooling/mu_-0.8000_-0.8000_T_2000_20/conditions.50/final_state.json"

-- Write: Output files -- 
write: "/media/derick/DeoResearch/experiments/rocksalt3_ZrN_casm/mc_coarse_new_scel/cooling/mu_-0.8000_-0.8000_T_2000_20/results.json"
write: "/media/derick/DeoResearch/experiments/rocksalt3_ZrN_casm/mc_coarse_new_scel/cooling/mu_-0.8000_-0.8000_T_2000_20/conditions.50/conditions.json"


-- Set: Conditions -- 
T: 980
param_chem_pot: [ -0.800000000000 ]


-- Continue with existing DoF -- 

-- Write: DoF -- 
write: "/media/derick/DeoResearch/experiments/rocksalt3_ZrN_casm/mc_coarse_new_scel/cooling/mu_-0.8000_-0.8000_T_2000_20/conditions.51/initial_state.json"

-- Begin: Conditions 51 -- 

-- End: Conditions 51 -- 
run time: 16.350634 (s),  0.016350634 (s/pass),  1.216565e-05(s/step)

-- Write: DoF -- 
write: "/media/derick/DeoResearch/experiments/rocksalt3_ZrN_casm/mc_coarse_new_scel/cooling/mu_-0.8000_-0.8000_T_2000_20/conditions.51/final_state.json"

-- Write: Output files -- 
write: "/media/derick/DeoResearch/experiments/rocksalt3_ZrN_casm/mc_coarse_new_scel/cooling/mu_-0.8000_-0.8000_T_2000_20/results.json"
write: "/media/derick/DeoResearch/experiments/rocksalt3_ZrN_casm/mc_coarse_new_scel/cooling/mu_-0.8000_-0.8000_T_2000_20/conditions.51/conditions.json"


-- Set: Conditions -- 
T: 960
param_chem_pot: [ -0.800000000000 ]


-- Continue with existing DoF -- 

-- Write: DoF -- 
write: "/media/derick/DeoResearch/experiments/rocksalt3_ZrN_casm/mc_coarse_new_scel/cooling/mu_-0.8000_-0.8000_T_2000_20/conditions.52/initial_state.json"

-- Begin: Conditions 52 -- 

-- End: Conditions 52 -- 
run time: 16.337009 (s),  0.016337009 (s/pass),  1.2155513e-05(s/step)

-- Write: DoF -- 
write: "/media/derick/DeoResearch/experiments/rocksalt3_ZrN_casm/mc_coarse_new_scel/cooling/mu_-0.8000_-0.8000_T_2000_20/conditions.52/final_state.json"

-- Write: Output files -- 
write: "/media/derick/DeoResearch/experiments/rocksalt3_ZrN_casm/mc_coarse_new_scel/cooling/mu_-0.8000_-0.8000_T_2000_20/results.json"
write: "/media/derick/DeoResearch/experiments/rocksalt3_ZrN_casm/mc_coarse_new_scel/cooling/mu_-0.8000_-0.8000_T_2000_20/conditions.52/conditions.json"


-- Set: Conditions -- 
T: 940
param_chem_pot: [ -0.800000000000 ]


-- Continue with existing DoF -- 

-- Write: DoF -- 
write: "/media/derick/DeoResearch/experiments/rocksalt3_ZrN_casm/mc_coarse_new_scel/cooling/mu_-0.8000_-0.8000_T_2000_20/conditions.53/initial_state.json"

-- Begin: Conditions 53 -- 

-- End: Conditions 53 -- 
run time: 16.519996 (s),  0.016519996 (s/pass),  1.2291664e-05(s/step)

-- Write: DoF -- 
write: "/media/derick/DeoResearch/experiments/rocksalt3_ZrN_casm/mc_coarse_new_scel/cooling/mu_-0.8000_-0.8000_T_2000_20/conditions.53/final_state.json"

-- Write: Output files -- 
write: "/media/derick/DeoResearch/experiments/rocksalt3_ZrN_casm/mc_coarse_new_scel/cooling/mu_-0.8000_-0.8000_T_2000_20/results.json"
write: "/media/derick/DeoResearch/experiments/rocksalt3_ZrN_casm/mc_coarse_new_scel/cooling/mu_-0.8000_-0.8000_T_2000_20/conditions.53/conditions.json"


-- Set: Conditions -- 
T: 920
param_chem_pot: [ -0.800000000000 ]


-- Continue with existing DoF -- 

-- Write: DoF -- 
write: "/media/derick/DeoResearch/experiments/rocksalt3_ZrN_casm/mc_coarse_new_scel/cooling/mu_-0.8000_-0.8000_T_2000_20/conditions.54/initial_state.json"

-- Begin: Conditions 54 -- 

-- End: Conditions 54 -- 
run time: 16.24451 (s),  0.01624451 (s/pass),  1.2086689e-05(s/step)

-- Write: DoF -- 
write: "/media/derick/DeoResearch/experiments/rocksalt3_ZrN_casm/mc_coarse_new_scel/cooling/mu_-0.8000_-0.8000_T_2000_20/conditions.54/final_state.json"

-- Write: Output files -- 
write: "/media/derick/DeoResearch/experiments/rocksalt3_ZrN_casm/mc_coarse_new_scel/cooling/mu_-0.8000_-0.8000_T_2000_20/results.json"
write: "/media/derick/DeoResearch/experiments/rocksalt3_ZrN_casm/mc_coarse_new_scel/cooling/mu_-0.8000_-0.8000_T_2000_20/conditions.54/conditions.json"


-- Set: Conditions -- 
T: 900
param_chem_pot: [ -0.800000000000 ]


-- Continue with existing DoF -- 

-- Write: DoF -- 
write: "/media/derick/DeoResearch/experiments/rocksalt3_ZrN_casm/mc_coarse_new_scel/cooling/mu_-0.8000_-0.8000_T_2000_20/conditions.55/initial_state.json"

-- Begin: Conditions 55 -- 

-- End: Conditions 55 -- 
run time: 16.279866 (s),  0.016279866 (s/pass),  1.2112995e-05(s/step)

-- Write: DoF -- 
write: "/media/derick/DeoResearch/experiments/rocksalt3_ZrN_casm/mc_coarse_new_scel/cooling/mu_-0.8000_-0.8000_T_2000_20/conditions.55/final_state.json"

-- Write: Output files -- 
write: "/media/derick/DeoResearch/experiments/rocksalt3_ZrN_casm/mc_coarse_new_scel/cooling/mu_-0.8000_-0.8000_T_2000_20/results.json"
write: "/media/derick/DeoResearch/experiments/rocksalt3_ZrN_casm/mc_coarse_new_scel/cooling/mu_-0.8000_-0.8000_T_2000_20/conditions.55/conditions.json"


-- Set: Conditions -- 
T: 880
param_chem_pot: [ -0.800000000000 ]


-- Continue with existing DoF -- 

-- Write: DoF -- 
write: "/media/derick/DeoResearch/experiments/rocksalt3_ZrN_casm/mc_coarse_new_scel/cooling/mu_-0.8000_-0.8000_T_2000_20/conditions.56/initial_state.json"

-- Begin: Conditions 56 -- 

-- End: Conditions 56 -- 
run time: 16.297932 (s),  0.016297932 (s/pass),  1.2126438e-05(s/step)

-- Write: DoF -- 
write: "/media/derick/DeoResearch/experiments/rocksalt3_ZrN_casm/mc_coarse_new_scel/cooling/mu_-0.8000_-0.8000_T_2000_20/conditions.56/final_state.json"

-- Write: Output files -- 
write: "/media/derick/DeoResearch/experiments/rocksalt3_ZrN_casm/mc_coarse_new_scel/cooling/mu_-0.8000_-0.8000_T_2000_20/results.json"
write: "/media/derick/DeoResearch/experiments/rocksalt3_ZrN_casm/mc_coarse_new_scel/cooling/mu_-0.8000_-0.8000_T_2000_20/conditions.56/conditions.json"


-- Set: Conditions -- 
T: 860
param_chem_pot: [ -0.800000000000 ]


-- Continue with existing DoF -- 

-- Write: DoF -- 
write: "/media/derick/DeoResearch/experiments/rocksalt3_ZrN_casm/mc_coarse_new_scel/cooling/mu_-0.8000_-0.8000_T_2000_20/conditions.57/initial_state.json"

-- Begin: Conditions 57 -- 

-- End: Conditions 57 -- 
run time: 16.358195 (s),  0.016358195 (s/pass),  1.2171276e-05(s/step)

-- Write: DoF -- 
write: "/media/derick/DeoResearch/experiments/rocksalt3_ZrN_casm/mc_coarse_new_scel/cooling/mu_-0.8000_-0.8000_T_2000_20/conditions.57/final_state.json"

-- Write: Output files -- 
write: "/media/derick/DeoResearch/experiments/rocksalt3_ZrN_casm/mc_coarse_new_scel/cooling/mu_-0.8000_-0.8000_T_2000_20/results.json"
write: "/media/derick/DeoResearch/experiments/rocksalt3_ZrN_casm/mc_coarse_new_scel/cooling/mu_-0.8000_-0.8000_T_2000_20/conditions.57/conditions.json"


-- Set: Conditions -- 
T: 840
param_chem_pot: [ -0.800000000000 ]


-- Continue with existing DoF -- 

-- Write: DoF -- 
write: "/media/derick/DeoResearch/experiments/rocksalt3_ZrN_casm/mc_coarse_new_scel/cooling/mu_-0.8000_-0.8000_T_2000_20/conditions.58/initial_state.json"

-- Begin: Conditions 58 -- 

-- End: Conditions 58 -- 
run time: 16.315176 (s),  0.016315176 (s/pass),  1.2139268e-05(s/step)

-- Write: DoF -- 
write: "/media/derick/DeoResearch/experiments/rocksalt3_ZrN_casm/mc_coarse_new_scel/cooling/mu_-0.8000_-0.8000_T_2000_20/conditions.58/final_state.json"

-- Write: Output files -- 
write: "/media/derick/DeoResearch/experiments/rocksalt3_ZrN_casm/mc_coarse_new_scel/cooling/mu_-0.8000_-0.8000_T_2000_20/results.json"
write: "/media/derick/DeoResearch/experiments/rocksalt3_ZrN_casm/mc_coarse_new_scel/cooling/mu_-0.8000_-0.8000_T_2000_20/conditions.58/conditions.json"


-- Set: Conditions -- 
T: 820
param_chem_pot: [ -0.800000000000 ]


-- Continue with existing DoF -- 

-- Write: DoF -- 
write: "/media/derick/DeoResearch/experiments/rocksalt3_ZrN_casm/mc_coarse_new_scel/cooling/mu_-0.8000_-0.8000_T_2000_20/conditions.59/initial_state.json"

-- Begin: Conditions 59 -- 

-- End: Conditions 59 -- 
run time: 16.353783 (s),  0.016353783 (s/pass),  1.2167994e-05(s/step)

-- Write: DoF -- 
write: "/media/derick/DeoResearch/experiments/rocksalt3_ZrN_casm/mc_coarse_new_scel/cooling/mu_-0.8000_-0.8000_T_2000_20/conditions.59/final_state.json"

-- Write: Output files -- 
write: "/media/derick/DeoResearch/experiments/rocksalt3_ZrN_casm/mc_coarse_new_scel/cooling/mu_-0.8000_-0.8000_T_2000_20/results.json"
write: "/media/derick/DeoResearch/experiments/rocksalt3_ZrN_casm/mc_coarse_new_scel/cooling/mu_-0.8000_-0.8000_T_2000_20/conditions.59/conditions.json"


-- Set: Conditions -- 
T: 800
param_chem_pot: [ -0.800000000000 ]


-- Continue with existing DoF -- 

-- Write: DoF -- 
write: "/media/derick/DeoResearch/experiments/rocksalt3_ZrN_casm/mc_coarse_new_scel/cooling/mu_-0.8000_-0.8000_T_2000_20/conditions.60/initial_state.json"

-- Begin: Conditions 60 -- 

-- End: Conditions 60 -- 
run time: 16.295084 (s),  0.016295084 (s/pass),  1.2124319e-05(s/step)

-- Write: DoF -- 
write: "/media/derick/DeoResearch/experiments/rocksalt3_ZrN_casm/mc_coarse_new_scel/cooling/mu_-0.8000_-0.8000_T_2000_20/conditions.60/final_state.json"

-- Write: Output files -- 
write: "/media/derick/DeoResearch/experiments/rocksalt3_ZrN_casm/mc_coarse_new_scel/cooling/mu_-0.8000_-0.8000_T_2000_20/results.json"
write: "/media/derick/DeoResearch/experiments/rocksalt3_ZrN_casm/mc_coarse_new_scel/cooling/mu_-0.8000_-0.8000_T_2000_20/conditions.60/conditions.json"


-- Set: Conditions -- 
T: 780
param_chem_pot: [ -0.800000000000 ]


-- Continue with existing DoF -- 

-- Write: DoF -- 
write: "/media/derick/DeoResearch/experiments/rocksalt3_ZrN_casm/mc_coarse_new_scel/cooling/mu_-0.8000_-0.8000_T_2000_20/conditions.61/initial_state.json"

-- Begin: Conditions 61 -- 

-- End: Conditions 61 -- 
run time: 16.327238 (s),  0.016327238 (s/pass),  1.2148242e-05(s/step)

-- Write: DoF -- 
write: "/media/derick/DeoResearch/experiments/rocksalt3_ZrN_casm/mc_coarse_new_scel/cooling/mu_-0.8000_-0.8000_T_2000_20/conditions.61/final_state.json"

-- Write: Output files -- 
write: "/media/derick/DeoResearch/experiments/rocksalt3_ZrN_casm/mc_coarse_new_scel/cooling/mu_-0.8000_-0.8000_T_2000_20/results.json"
write: "/media/derick/DeoResearch/experiments/rocksalt3_ZrN_casm/mc_coarse_new_scel/cooling/mu_-0.8000_-0.8000_T_2000_20/conditions.61/conditions.json"


-- Set: Conditions -- 
T: 760
param_chem_pot: [ -0.800000000000 ]


-- Continue with existing DoF -- 

-- Write: DoF -- 
write: "/media/derick/DeoResearch/experiments/rocksalt3_ZrN_casm/mc_coarse_new_scel/cooling/mu_-0.8000_-0.8000_T_2000_20/conditions.62/initial_state.json"

-- Begin: Conditions 62 -- 

-- End: Conditions 62 -- 
run time: 16.335703 (s),  0.016335703 (s/pass),  1.2154541e-05(s/step)

-- Write: DoF -- 
write: "/media/derick/DeoResearch/experiments/rocksalt3_ZrN_casm/mc_coarse_new_scel/cooling/mu_-0.8000_-0.8000_T_2000_20/conditions.62/final_state.json"

-- Write: Output files -- 
write: "/media/derick/DeoResearch/experiments/rocksalt3_ZrN_casm/mc_coarse_new_scel/cooling/mu_-0.8000_-0.8000_T_2000_20/results.json"
write: "/media/derick/DeoResearch/experiments/rocksalt3_ZrN_casm/mc_coarse_new_scel/cooling/mu_-0.8000_-0.8000_T_2000_20/conditions.62/conditions.json"


-- Set: Conditions -- 
T: 740
param_chem_pot: [ -0.800000000000 ]


-- Continue with existing DoF -- 

-- Write: DoF -- 
write: "/media/derick/DeoResearch/experiments/rocksalt3_ZrN_casm/mc_coarse_new_scel/cooling/mu_-0.8000_-0.8000_T_2000_20/conditions.63/initial_state.json"

-- Begin: Conditions 63 -- 

-- End: Conditions 63 -- 
run time: 16.384593 (s),  0.016384593 (s/pass),  1.2190917e-05(s/step)

-- Write: DoF -- 
write: "/media/derick/DeoResearch/experiments/rocksalt3_ZrN_casm/mc_coarse_new_scel/cooling/mu_-0.8000_-0.8000_T_2000_20/conditions.63/final_state.json"

-- Write: Output files -- 
write: "/media/derick/DeoResearch/experiments/rocksalt3_ZrN_casm/mc_coarse_new_scel/cooling/mu_-0.8000_-0.8000_T_2000_20/results.json"
write: "/media/derick/DeoResearch/experiments/rocksalt3_ZrN_casm/mc_coarse_new_scel/cooling/mu_-0.8000_-0.8000_T_2000_20/conditions.63/conditions.json"


-- Set: Conditions -- 
T: 720
param_chem_pot: [ -0.800000000000 ]


-- Continue with existing DoF -- 

-- Write: DoF -- 
write: "/media/derick/DeoResearch/experiments/rocksalt3_ZrN_casm/mc_coarse_new_scel/cooling/mu_-0.8000_-0.8000_T_2000_20/conditions.64/initial_state.json"

-- Begin: Conditions 64 -- 

-- End: Conditions 64 -- 
run time: 16.323871 (s),  0.016323871 (s/pass),  1.2145738e-05(s/step)

-- Write: DoF -- 
write: "/media/derick/DeoResearch/experiments/rocksalt3_ZrN_casm/mc_coarse_new_scel/cooling/mu_-0.8000_-0.8000_T_2000_20/conditions.64/final_state.json"

-- Write: Output files -- 
write: "/media/derick/DeoResearch/experiments/rocksalt3_ZrN_casm/mc_coarse_new_scel/cooling/mu_-0.8000_-0.8000_T_2000_20/results.json"
write: "/media/derick/DeoResearch/experiments/rocksalt3_ZrN_casm/mc_coarse_new_scel/cooling/mu_-0.8000_-0.8000_T_2000_20/conditions.64/conditions.json"


-- Set: Conditions -- 
T: 700
param_chem_pot: [ -0.800000000000 ]


-- Continue with existing DoF -- 

-- Write: DoF -- 
write: "/media/derick/DeoResearch/experiments/rocksalt3_ZrN_casm/mc_coarse_new_scel/cooling/mu_-0.8000_-0.8000_T_2000_20/conditions.65/initial_state.json"

-- Begin: Conditions 65 -- 

-- End: Conditions 65 -- 
run time: 16.350286 (s),  0.016350286 (s/pass),  1.2165391e-05(s/step)

-- Write: DoF -- 
write: "/media/derick/DeoResearch/experiments/rocksalt3_ZrN_casm/mc_coarse_new_scel/cooling/mu_-0.8000_-0.8000_T_2000_20/conditions.65/final_state.json"

-- Write: Output files -- 
write: "/media/derick/DeoResearch/experiments/rocksalt3_ZrN_casm/mc_coarse_new_scel/cooling/mu_-0.8000_-0.8000_T_2000_20/results.json"
write: "/media/derick/DeoResearch/experiments/rocksalt3_ZrN_casm/mc_coarse_new_scel/cooling/mu_-0.8000_-0.8000_T_2000_20/conditions.65/conditions.json"


-- Set: Conditions -- 
T: 680
param_chem_pot: [ -0.800000000000 ]


-- Continue with existing DoF -- 

-- Write: DoF -- 
write: "/media/derick/DeoResearch/experiments/rocksalt3_ZrN_casm/mc_coarse_new_scel/cooling/mu_-0.8000_-0.8000_T_2000_20/conditions.66/initial_state.json"

-- Begin: Conditions 66 -- 

-- End: Conditions 66 -- 
run time: 16.290957 (s),  0.016290957 (s/pass),  1.2121248e-05(s/step)

-- Write: DoF -- 
write: "/media/derick/DeoResearch/experiments/rocksalt3_ZrN_casm/mc_coarse_new_scel/cooling/mu_-0.8000_-0.8000_T_2000_20/conditions.66/final_state.json"

-- Write: Output files -- 
write: "/media/derick/DeoResearch/experiments/rocksalt3_ZrN_casm/mc_coarse_new_scel/cooling/mu_-0.8000_-0.8000_T_2000_20/results.json"
write: "/media/derick/DeoResearch/experiments/rocksalt3_ZrN_casm/mc_coarse_new_scel/cooling/mu_-0.8000_-0.8000_T_2000_20/conditions.66/conditions.json"


-- Set: Conditions -- 
T: 660
param_chem_pot: [ -0.800000000000 ]


-- Continue with existing DoF -- 

-- Write: DoF -- 
write: "/media/derick/DeoResearch/experiments/rocksalt3_ZrN_casm/mc_coarse_new_scel/cooling/mu_-0.8000_-0.8000_T_2000_20/conditions.67/initial_state.json"

-- Begin: Conditions 67 -- 

-- End: Conditions 67 -- 
run time: 16.362261 (s),  0.016362261 (s/pass),  1.2174302e-05(s/step)

-- Write: DoF -- 
write: "/media/derick/DeoResearch/experiments/rocksalt3_ZrN_casm/mc_coarse_new_scel/cooling/mu_-0.8000_-0.8000_T_2000_20/conditions.67/final_state.json"

-- Write: Output files -- 
write: "/media/derick/DeoResearch/experiments/rocksalt3_ZrN_casm/mc_coarse_new_scel/cooling/mu_-0.8000_-0.8000_T_2000_20/results.json"
write: "/media/derick/DeoResearch/experiments/rocksalt3_ZrN_casm/mc_coarse_new_scel/cooling/mu_-0.8000_-0.8000_T_2000_20/conditions.67/conditions.json"


-- Set: Conditions -- 
T: 640
param_chem_pot: [ -0.800000000000 ]


-- Continue with existing DoF -- 

-- Write: DoF -- 
write: "/media/derick/DeoResearch/experiments/rocksalt3_ZrN_casm/mc_coarse_new_scel/cooling/mu_-0.8000_-0.8000_T_2000_20/conditions.68/initial_state.json"

-- Begin: Conditions 68 -- 

-- End: Conditions 68 -- 
run time: 16.364664 (s),  0.016364664 (s/pass),  1.2176089e-05(s/step)

-- Write: DoF -- 
write: "/media/derick/DeoResearch/experiments/rocksalt3_ZrN_casm/mc_coarse_new_scel/cooling/mu_-0.8000_-0.8000_T_2000_20/conditions.68/final_state.json"

-- Write: Output files -- 
write: "/media/derick/DeoResearch/experiments/rocksalt3_ZrN_casm/mc_coarse_new_scel/cooling/mu_-0.8000_-0.8000_T_2000_20/results.json"
write: "/media/derick/DeoResearch/experiments/rocksalt3_ZrN_casm/mc_coarse_new_scel/cooling/mu_-0.8000_-0.8000_T_2000_20/conditions.68/conditions.json"


-- Set: Conditions -- 
T: 620
param_chem_pot: [ -0.800000000000 ]


-- Continue with existing DoF -- 

-- Write: DoF -- 
write: "/media/derick/DeoResearch/experiments/rocksalt3_ZrN_casm/mc_coarse_new_scel/cooling/mu_-0.8000_-0.8000_T_2000_20/conditions.69/initial_state.json"

-- Begin: Conditions 69 -- 

-- End: Conditions 69 -- 
run time: 16.361057 (s),  0.016361057 (s/pass),  1.2173405e-05(s/step)

-- Write: DoF -- 
write: "/media/derick/DeoResearch/experiments/rocksalt3_ZrN_casm/mc_coarse_new_scel/cooling/mu_-0.8000_-0.8000_T_2000_20/conditions.69/final_state.json"

-- Write: Output files -- 
write: "/media/derick/DeoResearch/experiments/rocksalt3_ZrN_casm/mc_coarse_new_scel/cooling/mu_-0.8000_-0.8000_T_2000_20/results.json"
write: "/media/derick/DeoResearch/experiments/rocksalt3_ZrN_casm/mc_coarse_new_scel/cooling/mu_-0.8000_-0.8000_T_2000_20/conditions.69/conditions.json"


-- Set: Conditions -- 
T: 600
param_chem_pot: [ -0.800000000000 ]


-- Continue with existing DoF -- 

-- Write: DoF -- 
write: "/media/derick/DeoResearch/experiments/rocksalt3_ZrN_casm/mc_coarse_new_scel/cooling/mu_-0.8000_-0.8000_T_2000_20/conditions.70/initial_state.json"

-- Begin: Conditions 70 -- 

-- End: Conditions 70 -- 
run time: 16.327306 (s),  0.016327306 (s/pass),  1.2148293e-05(s/step)

-- Write: DoF -- 
write: "/media/derick/DeoResearch/experiments/rocksalt3_ZrN_casm/mc_coarse_new_scel/cooling/mu_-0.8000_-0.8000_T_2000_20/conditions.70/final_state.json"

-- Write: Output files -- 
write: "/media/derick/DeoResearch/experiments/rocksalt3_ZrN_casm/mc_coarse_new_scel/cooling/mu_-0.8000_-0.8000_T_2000_20/results.json"
write: "/media/derick/DeoResearch/experiments/rocksalt3_ZrN_casm/mc_coarse_new_scel/cooling/mu_-0.8000_-0.8000_T_2000_20/conditions.70/conditions.json"


-- Set: Conditions -- 
T: 580
param_chem_pot: [ -0.800000000000 ]


-- Continue with existing DoF -- 

-- Write: DoF -- 
write: "/media/derick/DeoResearch/experiments/rocksalt3_ZrN_casm/mc_coarse_new_scel/cooling/mu_-0.8000_-0.8000_T_2000_20/conditions.71/initial_state.json"

-- Begin: Conditions 71 -- 

-- End: Conditions 71 -- 
run time: 16.365094 (s),  0.016365094 (s/pass),  1.217641e-05(s/step)

-- Write: DoF -- 
write: "/media/derick/DeoResearch/experiments/rocksalt3_ZrN_casm/mc_coarse_new_scel/cooling/mu_-0.8000_-0.8000_T_2000_20/conditions.71/final_state.json"

-- Write: Output files -- 
write: "/media/derick/DeoResearch/experiments/rocksalt3_ZrN_casm/mc_coarse_new_scel/cooling/mu_-0.8000_-0.8000_T_2000_20/results.json"
write: "/media/derick/DeoResearch/experiments/rocksalt3_ZrN_casm/mc_coarse_new_scel/cooling/mu_-0.8000_-0.8000_T_2000_20/conditions.71/conditions.json"


-- Set: Conditions -- 
T: 560
param_chem_pot: [ -0.800000000000 ]


-- Continue with existing DoF -- 

-- Write: DoF -- 
write: "/media/derick/DeoResearch/experiments/rocksalt3_ZrN_casm/mc_coarse_new_scel/cooling/mu_-0.8000_-0.8000_T_2000_20/conditions.72/initial_state.json"

-- Begin: Conditions 72 -- 

-- End: Conditions 72 -- 
run time: 16.353351 (s),  0.016353351 (s/pass),  1.2167672e-05(s/step)

-- Write: DoF -- 
write: "/media/derick/DeoResearch/experiments/rocksalt3_ZrN_casm/mc_coarse_new_scel/cooling/mu_-0.8000_-0.8000_T_2000_20/conditions.72/final_state.json"

-- Write: Output files -- 
write: "/media/derick/DeoResearch/experiments/rocksalt3_ZrN_casm/mc_coarse_new_scel/cooling/mu_-0.8000_-0.8000_T_2000_20/results.json"
write: "/media/derick/DeoResearch/experiments/rocksalt3_ZrN_casm/mc_coarse_new_scel/cooling/mu_-0.8000_-0.8000_T_2000_20/conditions.72/conditions.json"


-- Set: Conditions -- 
T: 540
param_chem_pot: [ -0.800000000000 ]


-- Continue with existing DoF -- 

-- Write: DoF -- 
write: "/media/derick/DeoResearch/experiments/rocksalt3_ZrN_casm/mc_coarse_new_scel/cooling/mu_-0.8000_-0.8000_T_2000_20/conditions.73/initial_state.json"

-- Begin: Conditions 73 -- 

-- End: Conditions 73 -- 
run time: 16.535787 (s),  0.016535787 (s/pass),  1.2303413e-05(s/step)

-- Write: DoF -- 
write: "/media/derick/DeoResearch/experiments/rocksalt3_ZrN_casm/mc_coarse_new_scel/cooling/mu_-0.8000_-0.8000_T_2000_20/conditions.73/final_state.json"

-- Write: Output files -- 
write: "/media/derick/DeoResearch/experiments/rocksalt3_ZrN_casm/mc_coarse_new_scel/cooling/mu_-0.8000_-0.8000_T_2000_20/results.json"
write: "/media/derick/DeoResearch/experiments/rocksalt3_ZrN_casm/mc_coarse_new_scel/cooling/mu_-0.8000_-0.8000_T_2000_20/conditions.73/conditions.json"


-- Set: Conditions -- 
T: 520
param_chem_pot: [ -0.800000000000 ]


-- Continue with existing DoF -- 

-- Write: DoF -- 
write: "/media/derick/DeoResearch/experiments/rocksalt3_ZrN_casm/mc_coarse_new_scel/cooling/mu_-0.8000_-0.8000_T_2000_20/conditions.74/initial_state.json"

-- Begin: Conditions 74 -- 

-- End: Conditions 74 -- 
run time: 16.435018 (s),  0.016435018 (s/pass),  1.2228436e-05(s/step)

-- Write: DoF -- 
write: "/media/derick/DeoResearch/experiments/rocksalt3_ZrN_casm/mc_coarse_new_scel/cooling/mu_-0.8000_-0.8000_T_2000_20/conditions.74/final_state.json"

-- Write: Output files -- 
write: "/media/derick/DeoResearch/experiments/rocksalt3_ZrN_casm/mc_coarse_new_scel/cooling/mu_-0.8000_-0.8000_T_2000_20/results.json"
write: "/media/derick/DeoResearch/experiments/rocksalt3_ZrN_casm/mc_coarse_new_scel/cooling/mu_-0.8000_-0.8000_T_2000_20/conditions.74/conditions.json"


-- Set: Conditions -- 
T: 500
param_chem_pot: [ -0.800000000000 ]


-- Continue with existing DoF -- 

-- Write: DoF -- 
write: "/media/derick/DeoResearch/experiments/rocksalt3_ZrN_casm/mc_coarse_new_scel/cooling/mu_-0.8000_-0.8000_T_2000_20/conditions.75/initial_state.json"

-- Begin: Conditions 75 -- 

-- End: Conditions 75 -- 
run time: 16.351682 (s),  0.016351682 (s/pass),  1.216643e-05(s/step)

-- Write: DoF -- 
write: "/media/derick/DeoResearch/experiments/rocksalt3_ZrN_casm/mc_coarse_new_scel/cooling/mu_-0.8000_-0.8000_T_2000_20/conditions.75/final_state.json"

-- Write: Output files -- 
write: "/media/derick/DeoResearch/experiments/rocksalt3_ZrN_casm/mc_coarse_new_scel/cooling/mu_-0.8000_-0.8000_T_2000_20/results.json"
write: "/media/derick/DeoResearch/experiments/rocksalt3_ZrN_casm/mc_coarse_new_scel/cooling/mu_-0.8000_-0.8000_T_2000_20/conditions.75/conditions.json"


-- Set: Conditions -- 
T: 480
param_chem_pot: [ -0.800000000000 ]


-- Continue with existing DoF -- 

-- Write: DoF -- 
write: "/media/derick/DeoResearch/experiments/rocksalt3_ZrN_casm/mc_coarse_new_scel/cooling/mu_-0.8000_-0.8000_T_2000_20/conditions.76/initial_state.json"

-- Begin: Conditions 76 -- 

-- End: Conditions 76 -- 
run time: 16.315948 (s),  0.016315948 (s/pass),  1.2139842e-05(s/step)

-- Write: DoF -- 
write: "/media/derick/DeoResearch/experiments/rocksalt3_ZrN_casm/mc_coarse_new_scel/cooling/mu_-0.8000_-0.8000_T_2000_20/conditions.76/final_state.json"

-- Write: Output files -- 
write: "/media/derick/DeoResearch/experiments/rocksalt3_ZrN_casm/mc_coarse_new_scel/cooling/mu_-0.8000_-0.8000_T_2000_20/results.json"
write: "/media/derick/DeoResearch/experiments/rocksalt3_ZrN_casm/mc_coarse_new_scel/cooling/mu_-0.8000_-0.8000_T_2000_20/conditions.76/conditions.json"


-- Set: Conditions -- 
T: 460
param_chem_pot: [ -0.800000000000 ]


-- Continue with existing DoF -- 

-- Write: DoF -- 
write: "/media/derick/DeoResearch/experiments/rocksalt3_ZrN_casm/mc_coarse_new_scel/cooling/mu_-0.8000_-0.8000_T_2000_20/conditions.77/initial_state.json"

-- Begin: Conditions 77 -- 

-- End: Conditions 77 -- 
run time: 16.415908 (s),  0.016415908 (s/pass),  1.2214217e-05(s/step)

-- Write: DoF -- 
write: "/media/derick/DeoResearch/experiments/rocksalt3_ZrN_casm/mc_coarse_new_scel/cooling/mu_-0.8000_-0.8000_T_2000_20/conditions.77/final_state.json"

-- Write: Output files -- 
write: "/media/derick/DeoResearch/experiments/rocksalt3_ZrN_casm/mc_coarse_new_scel/cooling/mu_-0.8000_-0.8000_T_2000_20/results.json"
write: "/media/derick/DeoResearch/experiments/rocksalt3_ZrN_casm/mc_coarse_new_scel/cooling/mu_-0.8000_-0.8000_T_2000_20/conditions.77/conditions.json"


-- Set: Conditions -- 
T: 440
param_chem_pot: [ -0.800000000000 ]


-- Continue with existing DoF -- 

-- Write: DoF -- 
write: "/media/derick/DeoResearch/experiments/rocksalt3_ZrN_casm/mc_coarse_new_scel/cooling/mu_-0.8000_-0.8000_T_2000_20/conditions.78/initial_state.json"

-- Begin: Conditions 78 -- 

-- End: Conditions 78 -- 
run time: 16.393188 (s),  0.016393188 (s/pass),  1.2197313e-05(s/step)

-- Write: DoF -- 
write: "/media/derick/DeoResearch/experiments/rocksalt3_ZrN_casm/mc_coarse_new_scel/cooling/mu_-0.8000_-0.8000_T_2000_20/conditions.78/final_state.json"

-- Write: Output files -- 
write: "/media/derick/DeoResearch/experiments/rocksalt3_ZrN_casm/mc_coarse_new_scel/cooling/mu_-0.8000_-0.8000_T_2000_20/results.json"
write: "/media/derick/DeoResearch/experiments/rocksalt3_ZrN_casm/mc_coarse_new_scel/cooling/mu_-0.8000_-0.8000_T_2000_20/conditions.78/conditions.json"


-- Set: Conditions -- 
T: 420
param_chem_pot: [ -0.800000000000 ]


-- Continue with existing DoF -- 

-- Write: DoF -- 
write: "/media/derick/DeoResearch/experiments/rocksalt3_ZrN_casm/mc_coarse_new_scel/cooling/mu_-0.8000_-0.8000_T_2000_20/conditions.79/initial_state.json"

-- Begin: Conditions 79 -- 

-- End: Conditions 79 -- 
run time: 16.439512 (s),  0.016439512 (s/pass),  1.223178e-05(s/step)

-- Write: DoF -- 
write: "/media/derick/DeoResearch/experiments/rocksalt3_ZrN_casm/mc_coarse_new_scel/cooling/mu_-0.8000_-0.8000_T_2000_20/conditions.79/final_state.json"

-- Write: Output files -- 
write: "/media/derick/DeoResearch/experiments/rocksalt3_ZrN_casm/mc_coarse_new_scel/cooling/mu_-0.8000_-0.8000_T_2000_20/results.json"
write: "/media/derick/DeoResearch/experiments/rocksalt3_ZrN_casm/mc_coarse_new_scel/cooling/mu_-0.8000_-0.8000_T_2000_20/conditions.79/conditions.json"


-- Set: Conditions -- 
T: 400
param_chem_pot: [ -0.800000000000 ]


-- Continue with existing DoF -- 

-- Write: DoF -- 
write: "/media/derick/DeoResearch/experiments/rocksalt3_ZrN_casm/mc_coarse_new_scel/cooling/mu_-0.8000_-0.8000_T_2000_20/conditions.80/initial_state.json"

-- Begin: Conditions 80 -- 

-- End: Conditions 80 -- 
run time: 16.665017 (s),  0.016665017 (s/pass),  1.2399566e-05(s/step)

-- Write: DoF -- 
write: "/media/derick/DeoResearch/experiments/rocksalt3_ZrN_casm/mc_coarse_new_scel/cooling/mu_-0.8000_-0.8000_T_2000_20/conditions.80/final_state.json"

-- Write: Output files -- 
write: "/media/derick/DeoResearch/experiments/rocksalt3_ZrN_casm/mc_coarse_new_scel/cooling/mu_-0.8000_-0.8000_T_2000_20/results.json"
write: "/media/derick/DeoResearch/experiments/rocksalt3_ZrN_casm/mc_coarse_new_scel/cooling/mu_-0.8000_-0.8000_T_2000_20/conditions.80/conditions.json"


-- Set: Conditions -- 
T: 380
param_chem_pot: [ -0.800000000000 ]


-- Continue with existing DoF -- 

-- Write: DoF -- 
write: "/media/derick/DeoResearch/experiments/rocksalt3_ZrN_casm/mc_coarse_new_scel/cooling/mu_-0.8000_-0.8000_T_2000_20/conditions.81/initial_state.json"

-- Begin: Conditions 81 -- 

-- End: Conditions 81 -- 
run time: 16.550863 (s),  0.016550863 (s/pass),  1.231463e-05(s/step)

-- Write: DoF -- 
write: "/media/derick/DeoResearch/experiments/rocksalt3_ZrN_casm/mc_coarse_new_scel/cooling/mu_-0.8000_-0.8000_T_2000_20/conditions.81/final_state.json"

-- Write: Output files -- 
write: "/media/derick/DeoResearch/experiments/rocksalt3_ZrN_casm/mc_coarse_new_scel/cooling/mu_-0.8000_-0.8000_T_2000_20/results.json"
write: "/media/derick/DeoResearch/experiments/rocksalt3_ZrN_casm/mc_coarse_new_scel/cooling/mu_-0.8000_-0.8000_T_2000_20/conditions.81/conditions.json"


-- Set: Conditions -- 
T: 360
param_chem_pot: [ -0.800000000000 ]


-- Continue with existing DoF -- 

-- Write: DoF -- 
write: "/media/derick/DeoResearch/experiments/rocksalt3_ZrN_casm/mc_coarse_new_scel/cooling/mu_-0.8000_-0.8000_T_2000_20/conditions.82/initial_state.json"

-- Begin: Conditions 82 -- 

-- End: Conditions 82 -- 
run time: 16.321347 (s),  0.016321347 (s/pass),  1.2143859e-05(s/step)

-- Write: DoF -- 
write: "/media/derick/DeoResearch/experiments/rocksalt3_ZrN_casm/mc_coarse_new_scel/cooling/mu_-0.8000_-0.8000_T_2000_20/conditions.82/final_state.json"

-- Write: Output files -- 
write: "/media/derick/DeoResearch/experiments/rocksalt3_ZrN_casm/mc_coarse_new_scel/cooling/mu_-0.8000_-0.8000_T_2000_20/results.json"
write: "/media/derick/DeoResearch/experiments/rocksalt3_ZrN_casm/mc_coarse_new_scel/cooling/mu_-0.8000_-0.8000_T_2000_20/conditions.82/conditions.json"


-- Set: Conditions -- 
T: 340
param_chem_pot: [ -0.800000000000 ]


-- Continue with existing DoF -- 

-- Write: DoF -- 
write: "/media/derick/DeoResearch/experiments/rocksalt3_ZrN_casm/mc_coarse_new_scel/cooling/mu_-0.8000_-0.8000_T_2000_20/conditions.83/initial_state.json"

-- Begin: Conditions 83 -- 

-- End: Conditions 83 -- 
run time: 16.445629 (s),  0.016445629 (s/pass),  1.2236331e-05(s/step)

-- Write: DoF -- 
write: "/media/derick/DeoResearch/experiments/rocksalt3_ZrN_casm/mc_coarse_new_scel/cooling/mu_-0.8000_-0.8000_T_2000_20/conditions.83/final_state.json"

-- Write: Output files -- 
write: "/media/derick/DeoResearch/experiments/rocksalt3_ZrN_casm/mc_coarse_new_scel/cooling/mu_-0.8000_-0.8000_T_2000_20/results.json"
write: "/media/derick/DeoResearch/experiments/rocksalt3_ZrN_casm/mc_coarse_new_scel/cooling/mu_-0.8000_-0.8000_T_2000_20/conditions.83/conditions.json"


-- Set: Conditions -- 
T: 320
param_chem_pot: [ -0.800000000000 ]


-- Continue with existing DoF -- 

-- Write: DoF -- 
write: "/media/derick/DeoResearch/experiments/rocksalt3_ZrN_casm/mc_coarse_new_scel/cooling/mu_-0.8000_-0.8000_T_2000_20/conditions.84/initial_state.json"

-- Begin: Conditions 84 -- 

-- End: Conditions 84 -- 
run time: 16.346868 (s),  0.016346868 (s/pass),  1.2162848e-05(s/step)

-- Write: DoF -- 
write: "/media/derick/DeoResearch/experiments/rocksalt3_ZrN_casm/mc_coarse_new_scel/cooling/mu_-0.8000_-0.8000_T_2000_20/conditions.84/final_state.json"

-- Write: Output files -- 
write: "/media/derick/DeoResearch/experiments/rocksalt3_ZrN_casm/mc_coarse_new_scel/cooling/mu_-0.8000_-0.8000_T_2000_20/results.json"
write: "/media/derick/DeoResearch/experiments/rocksalt3_ZrN_casm/mc_coarse_new_scel/cooling/mu_-0.8000_-0.8000_T_2000_20/conditions.84/conditions.json"


-- Set: Conditions -- 
T: 300
param_chem_pot: [ -0.800000000000 ]


-- Continue with existing DoF -- 

-- Write: DoF -- 
write: "/media/derick/DeoResearch/experiments/rocksalt3_ZrN_casm/mc_coarse_new_scel/cooling/mu_-0.8000_-0.8000_T_2000_20/conditions.85/initial_state.json"

-- Begin: Conditions 85 -- 

-- End: Conditions 85 -- 
run time: 16.340084 (s),  0.016340084 (s/pass),  1.2157801e-05(s/step)

-- Write: DoF -- 
write: "/media/derick/DeoResearch/experiments/rocksalt3_ZrN_casm/mc_coarse_new_scel/cooling/mu_-0.8000_-0.8000_T_2000_20/conditions.85/final_state.json"

-- Write: Output files -- 
write: "/media/derick/DeoResearch/experiments/rocksalt3_ZrN_casm/mc_coarse_new_scel/cooling/mu_-0.8000_-0.8000_T_2000_20/results.json"
write: "/media/derick/DeoResearch/experiments/rocksalt3_ZrN_casm/mc_coarse_new_scel/cooling/mu_-0.8000_-0.8000_T_2000_20/conditions.85/conditions.json"


-- Set: Conditions -- 
T: 280
param_chem_pot: [ -0.800000000000 ]


-- Continue with existing DoF -- 

-- Write: DoF -- 
write: "/media/derick/DeoResearch/experiments/rocksalt3_ZrN_casm/mc_coarse_new_scel/cooling/mu_-0.8000_-0.8000_T_2000_20/conditions.86/initial_state.json"

-- Begin: Conditions 86 -- 

-- End: Conditions 86 -- 
run time: 16.300457 (s),  0.016300457 (s/pass),  1.2128316e-05(s/step)

-- Write: DoF -- 
write: "/media/derick/DeoResearch/experiments/rocksalt3_ZrN_casm/mc_coarse_new_scel/cooling/mu_-0.8000_-0.8000_T_2000_20/conditions.86/final_state.json"

-- Write: Output files -- 
write: "/media/derick/DeoResearch/experiments/rocksalt3_ZrN_casm/mc_coarse_new_scel/cooling/mu_-0.8000_-0.8000_T_2000_20/results.json"
write: "/media/derick/DeoResearch/experiments/rocksalt3_ZrN_casm/mc_coarse_new_scel/cooling/mu_-0.8000_-0.8000_T_2000_20/conditions.86/conditions.json"


-- Set: Conditions -- 
T: 260
param_chem_pot: [ -0.800000000000 ]


-- Continue with existing DoF -- 

-- Write: DoF -- 
write: "/media/derick/DeoResearch/experiments/rocksalt3_ZrN_casm/mc_coarse_new_scel/cooling/mu_-0.8000_-0.8000_T_2000_20/conditions.87/initial_state.json"

-- Begin: Conditions 87 -- 

-- End: Conditions 87 -- 
run time: 16.395993 (s),  0.016395993 (s/pass),  1.2199399e-05(s/step)

-- Write: DoF -- 
write: "/media/derick/DeoResearch/experiments/rocksalt3_ZrN_casm/mc_coarse_new_scel/cooling/mu_-0.8000_-0.8000_T_2000_20/conditions.87/final_state.json"

-- Write: Output files -- 
write: "/media/derick/DeoResearch/experiments/rocksalt3_ZrN_casm/mc_coarse_new_scel/cooling/mu_-0.8000_-0.8000_T_2000_20/results.json"
write: "/media/derick/DeoResearch/experiments/rocksalt3_ZrN_casm/mc_coarse_new_scel/cooling/mu_-0.8000_-0.8000_T_2000_20/conditions.87/conditions.json"


-- Set: Conditions -- 
T: 240
param_chem_pot: [ -0.800000000000 ]


-- Continue with existing DoF -- 

-- Write: DoF -- 
write: "/media/derick/DeoResearch/experiments/rocksalt3_ZrN_casm/mc_coarse_new_scel/cooling/mu_-0.8000_-0.8000_T_2000_20/conditions.88/initial_state.json"

-- Begin: Conditions 88 -- 

-- End: Conditions 88 -- 
run time: 16.375213 (s),  0.016375213 (s/pass),  1.2183938e-05(s/step)

-- Write: DoF -- 
write: "/media/derick/DeoResearch/experiments/rocksalt3_ZrN_casm/mc_coarse_new_scel/cooling/mu_-0.8000_-0.8000_T_2000_20/conditions.88/final_state.json"

-- Write: Output files -- 
write: "/media/derick/DeoResearch/experiments/rocksalt3_ZrN_casm/mc_coarse_new_scel/cooling/mu_-0.8000_-0.8000_T_2000_20/results.json"
write: "/media/derick/DeoResearch/experiments/rocksalt3_ZrN_casm/mc_coarse_new_scel/cooling/mu_-0.8000_-0.8000_T_2000_20/conditions.88/conditions.json"


-- Set: Conditions -- 
T: 220
param_chem_pot: [ -0.800000000000 ]


-- Continue with existing DoF -- 

-- Write: DoF -- 
write: "/media/derick/DeoResearch/experiments/rocksalt3_ZrN_casm/mc_coarse_new_scel/cooling/mu_-0.8000_-0.8000_T_2000_20/conditions.89/initial_state.json"

-- Begin: Conditions 89 -- 

-- End: Conditions 89 -- 
run time: 16.460855 (s),  0.016460855 (s/pass),  1.224766e-05(s/step)

-- Write: DoF -- 
write: "/media/derick/DeoResearch/experiments/rocksalt3_ZrN_casm/mc_coarse_new_scel/cooling/mu_-0.8000_-0.8000_T_2000_20/conditions.89/final_state.json"

-- Write: Output files -- 
write: "/media/derick/DeoResearch/experiments/rocksalt3_ZrN_casm/mc_coarse_new_scel/cooling/mu_-0.8000_-0.8000_T_2000_20/results.json"
write: "/media/derick/DeoResearch/experiments/rocksalt3_ZrN_casm/mc_coarse_new_scel/cooling/mu_-0.8000_-0.8000_T_2000_20/conditions.89/conditions.json"


-- Set: Conditions -- 
T: 200
param_chem_pot: [ -0.800000000000 ]


-- Continue with existing DoF -- 

-- Write: DoF -- 
write: "/media/derick/DeoResearch/experiments/rocksalt3_ZrN_casm/mc_coarse_new_scel/cooling/mu_-0.8000_-0.8000_T_2000_20/conditions.90/initial_state.json"

-- Begin: Conditions 90 -- 

-- End: Conditions 90 -- 
run time: 16.663018 (s),  0.016663018 (s/pass),  1.2398079e-05(s/step)

-- Write: DoF -- 
write: "/media/derick/DeoResearch/experiments/rocksalt3_ZrN_casm/mc_coarse_new_scel/cooling/mu_-0.8000_-0.8000_T_2000_20/conditions.90/final_state.json"

-- Write: Output files -- 
write: "/media/derick/DeoResearch/experiments/rocksalt3_ZrN_casm/mc_coarse_new_scel/cooling/mu_-0.8000_-0.8000_T_2000_20/results.json"
write: "/media/derick/DeoResearch/experiments/rocksalt3_ZrN_casm/mc_coarse_new_scel/cooling/mu_-0.8000_-0.8000_T_2000_20/conditions.90/conditions.json"


-- Set: Conditions -- 
T: 180
param_chem_pot: [ -0.800000000000 ]


-- Continue with existing DoF -- 

-- Write: DoF -- 
write: "/media/derick/DeoResearch/experiments/rocksalt3_ZrN_casm/mc_coarse_new_scel/cooling/mu_-0.8000_-0.8000_T_2000_20/conditions.91/initial_state.json"

-- Begin: Conditions 91 -- 

-- End: Conditions 91 -- 
run time: 16.403094 (s),  0.016403094 (s/pass),  1.2204683e-05(s/step)

-- Write: DoF -- 
write: "/media/derick/DeoResearch/experiments/rocksalt3_ZrN_casm/mc_coarse_new_scel/cooling/mu_-0.8000_-0.8000_T_2000_20/conditions.91/final_state.json"

-- Write: Output files -- 
write: "/media/derick/DeoResearch/experiments/rocksalt3_ZrN_casm/mc_coarse_new_scel/cooling/mu_-0.8000_-0.8000_T_2000_20/results.json"
write: "/media/derick/DeoResearch/experiments/rocksalt3_ZrN_casm/mc_coarse_new_scel/cooling/mu_-0.8000_-0.8000_T_2000_20/conditions.91/conditions.json"


-- Set: Conditions -- 
T: 160
param_chem_pot: [ -0.800000000000 ]


-- Continue with existing DoF -- 

-- Write: DoF -- 
write: "/media/derick/DeoResearch/experiments/rocksalt3_ZrN_casm/mc_coarse_new_scel/cooling/mu_-0.8000_-0.8000_T_2000_20/conditions.92/initial_state.json"

-- Begin: Conditions 92 -- 

-- End: Conditions 92 -- 
run time: 16.358551 (s),  0.016358551 (s/pass),  1.2171541e-05(s/step)

-- Write: DoF -- 
write: "/media/derick/DeoResearch/experiments/rocksalt3_ZrN_casm/mc_coarse_new_scel/cooling/mu_-0.8000_-0.8000_T_2000_20/conditions.92/final_state.json"

-- Write: Output files -- 
write: "/media/derick/DeoResearch/experiments/rocksalt3_ZrN_casm/mc_coarse_new_scel/cooling/mu_-0.8000_-0.8000_T_2000_20/results.json"
write: "/media/derick/DeoResearch/experiments/rocksalt3_ZrN_casm/mc_coarse_new_scel/cooling/mu_-0.8000_-0.8000_T_2000_20/conditions.92/conditions.json"


-- Set: Conditions -- 
T: 140
param_chem_pot: [ -0.800000000000 ]


-- Continue with existing DoF -- 

-- Write: DoF -- 
write: "/media/derick/DeoResearch/experiments/rocksalt3_ZrN_casm/mc_coarse_new_scel/cooling/mu_-0.8000_-0.8000_T_2000_20/conditions.93/initial_state.json"

-- Begin: Conditions 93 -- 

-- End: Conditions 93 -- 
run time: 16.339723 (s),  0.016339723 (s/pass),  1.2157532e-05(s/step)

-- Write: DoF -- 
write: "/media/derick/DeoResearch/experiments/rocksalt3_ZrN_casm/mc_coarse_new_scel/cooling/mu_-0.8000_-0.8000_T_2000_20/conditions.93/final_state.json"

-- Write: Output files -- 
write: "/media/derick/DeoResearch/experiments/rocksalt3_ZrN_casm/mc_coarse_new_scel/cooling/mu_-0.8000_-0.8000_T_2000_20/results.json"
write: "/media/derick/DeoResearch/experiments/rocksalt3_ZrN_casm/mc_coarse_new_scel/cooling/mu_-0.8000_-0.8000_T_2000_20/conditions.93/conditions.json"


-- Set: Conditions -- 
T: 120
param_chem_pot: [ -0.800000000000 ]


-- Continue with existing DoF -- 

-- Write: DoF -- 
write: "/media/derick/DeoResearch/experiments/rocksalt3_ZrN_casm/mc_coarse_new_scel/cooling/mu_-0.8000_-0.8000_T_2000_20/conditions.94/initial_state.json"

-- Begin: Conditions 94 -- 

-- End: Conditions 94 -- 
run time: 16.319687 (s),  0.016319687 (s/pass),  1.2142624e-05(s/step)

-- Write: DoF -- 
write: "/media/derick/DeoResearch/experiments/rocksalt3_ZrN_casm/mc_coarse_new_scel/cooling/mu_-0.8000_-0.8000_T_2000_20/conditions.94/final_state.json"

-- Write: Output files -- 
write: "/media/derick/DeoResearch/experiments/rocksalt3_ZrN_casm/mc_coarse_new_scel/cooling/mu_-0.8000_-0.8000_T_2000_20/results.json"
write: "/media/derick/DeoResearch/experiments/rocksalt3_ZrN_casm/mc_coarse_new_scel/cooling/mu_-0.8000_-0.8000_T_2000_20/conditions.94/conditions.json"


-- Set: Conditions -- 
T: 100
param_chem_pot: [ -0.800000000000 ]


-- Continue with existing DoF -- 

-- Write: DoF -- 
write: "/media/derick/DeoResearch/experiments/rocksalt3_ZrN_casm/mc_coarse_new_scel/cooling/mu_-0.8000_-0.8000_T_2000_20/conditions.95/initial_state.json"

-- Begin: Conditions 95 -- 

-- End: Conditions 95 -- 
run time: 16.468819 (s),  0.016468819 (s/pass),  1.2253586e-05(s/step)

-- Write: DoF -- 
write: "/media/derick/DeoResearch/experiments/rocksalt3_ZrN_casm/mc_coarse_new_scel/cooling/mu_-0.8000_-0.8000_T_2000_20/conditions.95/final_state.json"

-- Write: Output files -- 
write: "/media/derick/DeoResearch/experiments/rocksalt3_ZrN_casm/mc_coarse_new_scel/cooling/mu_-0.8000_-0.8000_T_2000_20/results.json"
write: "/media/derick/DeoResearch/experiments/rocksalt3_ZrN_casm/mc_coarse_new_scel/cooling/mu_-0.8000_-0.8000_T_2000_20/conditions.95/conditions.json"


-- Set: Conditions -- 
T: 80
param_chem_pot: [ -0.800000000000 ]


-- Continue with existing DoF -- 

-- Write: DoF -- 
write: "/media/derick/DeoResearch/experiments/rocksalt3_ZrN_casm/mc_coarse_new_scel/cooling/mu_-0.8000_-0.8000_T_2000_20/conditions.96/initial_state.json"

-- Begin: Conditions 96 -- 

-- End: Conditions 96 -- 
run time: 16.446947 (s),  0.016446947 (s/pass),  1.2237311e-05(s/step)

-- Write: DoF -- 
write: "/media/derick/DeoResearch/experiments/rocksalt3_ZrN_casm/mc_coarse_new_scel/cooling/mu_-0.8000_-0.8000_T_2000_20/conditions.96/final_state.json"

-- Write: Output files -- 
write: "/media/derick/DeoResearch/experiments/rocksalt3_ZrN_casm/mc_coarse_new_scel/cooling/mu_-0.8000_-0.8000_T_2000_20/results.json"
write: "/media/derick/DeoResearch/experiments/rocksalt3_ZrN_casm/mc_coarse_new_scel/cooling/mu_-0.8000_-0.8000_T_2000_20/conditions.96/conditions.json"


-- Set: Conditions -- 
T: 60
param_chem_pot: [ -0.800000000000 ]


-- Continue with existing DoF -- 

-- Write: DoF -- 
write: "/media/derick/DeoResearch/experiments/rocksalt3_ZrN_casm/mc_coarse_new_scel/cooling/mu_-0.8000_-0.8000_T_2000_20/conditions.97/initial_state.json"

-- Begin: Conditions 97 -- 

-- End: Conditions 97 -- 
run time: 16.340989 (s),  0.016340989 (s/pass),  1.2158474e-05(s/step)

-- Write: DoF -- 
write: "/media/derick/DeoResearch/experiments/rocksalt3_ZrN_casm/mc_coarse_new_scel/cooling/mu_-0.8000_-0.8000_T_2000_20/conditions.97/final_state.json"

-- Write: Output files -- 
write: "/media/derick/DeoResearch/experiments/rocksalt3_ZrN_casm/mc_coarse_new_scel/cooling/mu_-0.8000_-0.8000_T_2000_20/results.json"
write: "/media/derick/DeoResearch/experiments/rocksalt3_ZrN_casm/mc_coarse_new_scel/cooling/mu_-0.8000_-0.8000_T_2000_20/conditions.97/conditions.json"


-- Set: Conditions -- 
T: 40
param_chem_pot: [ -0.800000000000 ]


-- Continue with existing DoF -- 

-- Write: DoF -- 
write: "/media/derick/DeoResearch/experiments/rocksalt3_ZrN_casm/mc_coarse_new_scel/cooling/mu_-0.8000_-0.8000_T_2000_20/conditions.98/initial_state.json"

-- Begin: Conditions 98 -- 

-- End: Conditions 98 -- 
run time: 16.405939 (s),  0.016405939 (s/pass),  1.22068e-05(s/step)

-- Write: DoF -- 
write: "/media/derick/DeoResearch/experiments/rocksalt3_ZrN_casm/mc_coarse_new_scel/cooling/mu_-0.8000_-0.8000_T_2000_20/conditions.98/final_state.json"

-- Write: Output files -- 
write: "/media/derick/DeoResearch/experiments/rocksalt3_ZrN_casm/mc_coarse_new_scel/cooling/mu_-0.8000_-0.8000_T_2000_20/results.json"
write: "/media/derick/DeoResearch/experiments/rocksalt3_ZrN_casm/mc_coarse_new_scel/cooling/mu_-0.8000_-0.8000_T_2000_20/conditions.98/conditions.json"


-- Set: Conditions -- 
T: 20
param_chem_pot: [ -0.800000000000 ]


-- Continue with existing DoF -- 

-- Write: DoF -- 
write: "/media/derick/DeoResearch/experiments/rocksalt3_ZrN_casm/mc_coarse_new_scel/cooling/mu_-0.8000_-0.8000_T_2000_20/conditions.99/initial_state.json"

-- Begin: Conditions 99 -- 

-- End: Conditions 99 -- 
run time: 16.444515 (s),  0.016444515 (s/pass),  1.2235502e-05(s/step)

-- Write: DoF -- 
write: "/media/derick/DeoResearch/experiments/rocksalt3_ZrN_casm/mc_coarse_new_scel/cooling/mu_-0.8000_-0.8000_T_2000_20/conditions.99/final_state.json"

-- Write: Output files -- 
write: "/media/derick/DeoResearch/experiments/rocksalt3_ZrN_casm/mc_coarse_new_scel/cooling/mu_-0.8000_-0.8000_T_2000_20/results.json"
write: "/media/derick/DeoResearch/experiments/rocksalt3_ZrN_casm/mc_coarse_new_scel/cooling/mu_-0.8000_-0.8000_T_2000_20/conditions.99/conditions.json"


