-- Read: Monte Carlo settings -- 
from: "/media/derick/DeoResearch/experiments/rocksalt3_ZrN_casm/mc_coarse_new_scel/heating/mu_0.9500_0.9500_T_20_2000/mc_settings.json"
ensemble: GrandCanonical
method: Metropolis

-- Compiling: /media/derick/DeoResearch/experiments/rocksalt3_ZrN_casm/basis_sets/bset.default/rocksalt_ZrN_casm_1_1_2_Clexulator.cc -- 
compile time depends on how many basis functions are included
compile time: 0.000611375 (s)

-- Construct: Grand Canonical Monte Carlo -- 
project: "/media/derick/DeoResearch/experiments/rocksalt3_ZrN_casm"
formation_energy cluster expansion: formation_energy
      property: formation_energy
      calctype: default
           ref: default
          bset: default
           eci: default
supercell: 
 -4   4 -20
 -4   0  24
  6   4   4
use_deltas: false

Sampling: 
                quantity     requested_precision
            atom_frac(N)                    none
           atom_frac(Zr)                    none
                 comp(a)                   0.001
               comp_n(N)                    none
              comp_n(Va)                    none
              comp_n(Zr)                    none
        formation_energy                    none
        potential_energy                    none
            site_frac(N)                    none
           site_frac(Va)                    none
           site_frac(Zr)                    none

automatic convergence mode?: true

-- Check: For existing calculations -- 
did not find existing calculations

-- Set: Conditions -- 
T: 20
param_chem_pot: [ 0.950000000000 ]

-- Set: DoF -- 
motif configname: default
using configuration with default occupation...

-- Set: DoF -- 
motif configname: auto
searching for minimum potential energy motif...
using conditions: 
T: 20
param_chem_pot: [ 0.950000000000 ]

using: SCEL1_1_1_1_0_0_0/0 with potential energy: -0.94957551

-- Set: Conditions -- 
T: 20
param_chem_pot: [ 0.950000000000 ]


-- Continue with existing DoF -- 

-- Write: DoF -- 
write: "/media/derick/DeoResearch/experiments/rocksalt3_ZrN_casm/mc_coarse_new_scel/heating/mu_0.9500_0.9500_T_20_2000/conditions.0/initial_state.json"

-- Begin: Conditions 0 -- 

-- End: Conditions 0 -- 
run time: 17.248676 (s),  0.017248676 (s/pass),  1.2833836e-05(s/step)

-- Write: DoF -- 
write: "/media/derick/DeoResearch/experiments/rocksalt3_ZrN_casm/mc_coarse_new_scel/heating/mu_0.9500_0.9500_T_20_2000/conditions.0/final_state.json"

-- Write: Output files -- 
write: "/media/derick/DeoResearch/experiments/rocksalt3_ZrN_casm/mc_coarse_new_scel/heating/mu_0.9500_0.9500_T_20_2000/results.json"
write: "/media/derick/DeoResearch/experiments/rocksalt3_ZrN_casm/mc_coarse_new_scel/heating/mu_0.9500_0.9500_T_20_2000/conditions.0/conditions.json"


-- Set: Conditions -- 
T: 40
param_chem_pot: [ 0.950000000000 ]


-- Continue with existing DoF -- 

-- Write: DoF -- 
write: "/media/derick/DeoResearch/experiments/rocksalt3_ZrN_casm/mc_coarse_new_scel/heating/mu_0.9500_0.9500_T_20_2000/conditions.1/initial_state.json"

-- Begin: Conditions 1 -- 

-- End: Conditions 1 -- 
run time: 16.821812 (s),  0.016821812 (s/pass),  1.2516229e-05(s/step)

-- Write: DoF -- 
write: "/media/derick/DeoResearch/experiments/rocksalt3_ZrN_casm/mc_coarse_new_scel/heating/mu_0.9500_0.9500_T_20_2000/conditions.1/final_state.json"

-- Write: Output files -- 
write: "/media/derick/DeoResearch/experiments/rocksalt3_ZrN_casm/mc_coarse_new_scel/heating/mu_0.9500_0.9500_T_20_2000/results.json"
write: "/media/derick/DeoResearch/experiments/rocksalt3_ZrN_casm/mc_coarse_new_scel/heating/mu_0.9500_0.9500_T_20_2000/conditions.1/conditions.json"


-- Set: Conditions -- 
T: 60
param_chem_pot: [ 0.950000000000 ]


-- Continue with existing DoF -- 

-- Write: DoF -- 
write: "/media/derick/DeoResearch/experiments/rocksalt3_ZrN_casm/mc_coarse_new_scel/heating/mu_0.9500_0.9500_T_20_2000/conditions.2/initial_state.json"

-- Begin: Conditions 2 -- 

-- End: Conditions 2 -- 
run time: 16.836695 (s),  0.016836695 (s/pass),  1.2527303e-05(s/step)

-- Write: DoF -- 
write: "/media/derick/DeoResearch/experiments/rocksalt3_ZrN_casm/mc_coarse_new_scel/heating/mu_0.9500_0.9500_T_20_2000/conditions.2/final_state.json"

-- Write: Output files -- 
write: "/media/derick/DeoResearch/experiments/rocksalt3_ZrN_casm/mc_coarse_new_scel/heating/mu_0.9500_0.9500_T_20_2000/results.json"
write: "/media/derick/DeoResearch/experiments/rocksalt3_ZrN_casm/mc_coarse_new_scel/heating/mu_0.9500_0.9500_T_20_2000/conditions.2/conditions.json"


-- Set: Conditions -- 
T: 80
param_chem_pot: [ 0.950000000000 ]


-- Continue with existing DoF -- 

-- Write: DoF -- 
write: "/media/derick/DeoResearch/experiments/rocksalt3_ZrN_casm/mc_coarse_new_scel/heating/mu_0.9500_0.9500_T_20_2000/conditions.3/initial_state.json"

-- Begin: Conditions 3 -- 

-- End: Conditions 3 -- 
run time: 16.757993 (s),  0.016757993 (s/pass),  1.2468745e-05(s/step)

-- Write: DoF -- 
write: "/media/derick/DeoResearch/experiments/rocksalt3_ZrN_casm/mc_coarse_new_scel/heating/mu_0.9500_0.9500_T_20_2000/conditions.3/final_state.json"

-- Write: Output files -- 
write: "/media/derick/DeoResearch/experiments/rocksalt3_ZrN_casm/mc_coarse_new_scel/heating/mu_0.9500_0.9500_T_20_2000/results.json"
write: "/media/derick/DeoResearch/experiments/rocksalt3_ZrN_casm/mc_coarse_new_scel/heating/mu_0.9500_0.9500_T_20_2000/conditions.3/conditions.json"


-- Set: Conditions -- 
T: 100
param_chem_pot: [ 0.950000000000 ]


-- Continue with existing DoF -- 

-- Write: DoF -- 
write: "/media/derick/DeoResearch/experiments/rocksalt3_ZrN_casm/mc_coarse_new_scel/heating/mu_0.9500_0.9500_T_20_2000/conditions.4/initial_state.json"

-- Begin: Conditions 4 -- 

-- End: Conditions 4 -- 
run time: 16.744991 (s),  0.016744991 (s/pass),  1.2459071e-05(s/step)

-- Write: DoF -- 
write: "/media/derick/DeoResearch/experiments/rocksalt3_ZrN_casm/mc_coarse_new_scel/heating/mu_0.9500_0.9500_T_20_2000/conditions.4/final_state.json"

-- Write: Output files -- 
write: "/media/derick/DeoResearch/experiments/rocksalt3_ZrN_casm/mc_coarse_new_scel/heating/mu_0.9500_0.9500_T_20_2000/results.json"
write: "/media/derick/DeoResearch/experiments/rocksalt3_ZrN_casm/mc_coarse_new_scel/heating/mu_0.9500_0.9500_T_20_2000/conditions.4/conditions.json"


-- Set: Conditions -- 
T: 120
param_chem_pot: [ 0.950000000000 ]


-- Continue with existing DoF -- 

-- Write: DoF -- 
write: "/media/derick/DeoResearch/experiments/rocksalt3_ZrN_casm/mc_coarse_new_scel/heating/mu_0.9500_0.9500_T_20_2000/conditions.5/initial_state.json"

-- Begin: Conditions 5 -- 

-- End: Conditions 5 -- 
run time: 16.920255 (s),  0.016920255 (s/pass),  1.2589476e-05(s/step)

-- Write: DoF -- 
write: "/media/derick/DeoResearch/experiments/rocksalt3_ZrN_casm/mc_coarse_new_scel/heating/mu_0.9500_0.9500_T_20_2000/conditions.5/final_state.json"

-- Write: Output files -- 
write: "/media/derick/DeoResearch/experiments/rocksalt3_ZrN_casm/mc_coarse_new_scel/heating/mu_0.9500_0.9500_T_20_2000/results.json"
write: "/media/derick/DeoResearch/experiments/rocksalt3_ZrN_casm/mc_coarse_new_scel/heating/mu_0.9500_0.9500_T_20_2000/conditions.5/conditions.json"


-- Set: Conditions -- 
T: 140
param_chem_pot: [ 0.950000000000 ]


-- Continue with existing DoF -- 

-- Write: DoF -- 
write: "/media/derick/DeoResearch/experiments/rocksalt3_ZrN_casm/mc_coarse_new_scel/heating/mu_0.9500_0.9500_T_20_2000/conditions.6/initial_state.json"

-- Begin: Conditions 6 -- 

-- End: Conditions 6 -- 
run time: 16.79998 (s),  0.01679998 (s/pass),  1.2499985e-05(s/step)

-- Write: DoF -- 
write: "/media/derick/DeoResearch/experiments/rocksalt3_ZrN_casm/mc_coarse_new_scel/heating/mu_0.9500_0.9500_T_20_2000/conditions.6/final_state.json"

-- Write: Output files -- 
write: "/media/derick/DeoResearch/experiments/rocksalt3_ZrN_casm/mc_coarse_new_scel/heating/mu_0.9500_0.9500_T_20_2000/results.json"
write: "/media/derick/DeoResearch/experiments/rocksalt3_ZrN_casm/mc_coarse_new_scel/heating/mu_0.9500_0.9500_T_20_2000/conditions.6/conditions.json"


-- Set: Conditions -- 
T: 160
param_chem_pot: [ 0.950000000000 ]


-- Continue with existing DoF -- 

-- Write: DoF -- 
write: "/media/derick/DeoResearch/experiments/rocksalt3_ZrN_casm/mc_coarse_new_scel/heating/mu_0.9500_0.9500_T_20_2000/conditions.7/initial_state.json"

-- Begin: Conditions 7 -- 

-- End: Conditions 7 -- 
run time: 16.740166 (s),  0.016740166 (s/pass),  1.245548e-05(s/step)

-- Write: DoF -- 
write: "/media/derick/DeoResearch/experiments/rocksalt3_ZrN_casm/mc_coarse_new_scel/heating/mu_0.9500_0.9500_T_20_2000/conditions.7/final_state.json"

-- Write: Output files -- 
write: "/media/derick/DeoResearch/experiments/rocksalt3_ZrN_casm/mc_coarse_new_scel/heating/mu_0.9500_0.9500_T_20_2000/results.json"
write: "/media/derick/DeoResearch/experiments/rocksalt3_ZrN_casm/mc_coarse_new_scel/heating/mu_0.9500_0.9500_T_20_2000/conditions.7/conditions.json"


-- Set: Conditions -- 
T: 180
param_chem_pot: [ 0.950000000000 ]


-- Continue with existing DoF -- 

-- Write: DoF -- 
write: "/media/derick/DeoResearch/experiments/rocksalt3_ZrN_casm/mc_coarse_new_scel/heating/mu_0.9500_0.9500_T_20_2000/conditions.8/initial_state.json"

-- Begin: Conditions 8 -- 

-- End: Conditions 8 -- 
run time: 16.684991 (s),  0.016684991 (s/pass),  1.2414428e-05(s/step)

-- Write: DoF -- 
write: "/media/derick/DeoResearch/experiments/rocksalt3_ZrN_casm/mc_coarse_new_scel/heating/mu_0.9500_0.9500_T_20_2000/conditions.8/final_state.json"

-- Write: Output files -- 
write: "/media/derick/DeoResearch/experiments/rocksalt3_ZrN_casm/mc_coarse_new_scel/heating/mu_0.9500_0.9500_T_20_2000/results.json"
write: "/media/derick/DeoResearch/experiments/rocksalt3_ZrN_casm/mc_coarse_new_scel/heating/mu_0.9500_0.9500_T_20_2000/conditions.8/conditions.json"


-- Set: Conditions -- 
T: 200
param_chem_pot: [ 0.950000000000 ]


-- Continue with existing DoF -- 

-- Write: DoF -- 
write: "/media/derick/DeoResearch/experiments/rocksalt3_ZrN_casm/mc_coarse_new_scel/heating/mu_0.9500_0.9500_T_20_2000/conditions.9/initial_state.json"

-- Begin: Conditions 9 -- 

-- End: Conditions 9 -- 
run time: 16.827042 (s),  0.016827042 (s/pass),  1.2520121e-05(s/step)

-- Write: DoF -- 
write: "/media/derick/DeoResearch/experiments/rocksalt3_ZrN_casm/mc_coarse_new_scel/heating/mu_0.9500_0.9500_T_20_2000/conditions.9/final_state.json"

-- Write: Output files -- 
write: "/media/derick/DeoResearch/experiments/rocksalt3_ZrN_casm/mc_coarse_new_scel/heating/mu_0.9500_0.9500_T_20_2000/results.json"
write: "/media/derick/DeoResearch/experiments/rocksalt3_ZrN_casm/mc_coarse_new_scel/heating/mu_0.9500_0.9500_T_20_2000/conditions.9/conditions.json"


-- Set: Conditions -- 
T: 220
param_chem_pot: [ 0.950000000000 ]


-- Continue with existing DoF -- 

-- Write: DoF -- 
write: "/media/derick/DeoResearch/experiments/rocksalt3_ZrN_casm/mc_coarse_new_scel/heating/mu_0.9500_0.9500_T_20_2000/conditions.10/initial_state.json"

-- Begin: Conditions 10 -- 

-- End: Conditions 10 -- 
run time: 17.072945 (s),  0.017072945 (s/pass),  1.2703084e-05(s/step)

-- Write: DoF -- 
write: "/media/derick/DeoResearch/experiments/rocksalt3_ZrN_casm/mc_coarse_new_scel/heating/mu_0.9500_0.9500_T_20_2000/conditions.10/final_state.json"

-- Write: Output files -- 
write: "/media/derick/DeoResearch/experiments/rocksalt3_ZrN_casm/mc_coarse_new_scel/heating/mu_0.9500_0.9500_T_20_2000/results.json"
write: "/media/derick/DeoResearch/experiments/rocksalt3_ZrN_casm/mc_coarse_new_scel/heating/mu_0.9500_0.9500_T_20_2000/conditions.10/conditions.json"


-- Set: Conditions -- 
T: 240
param_chem_pot: [ 0.950000000000 ]


-- Continue with existing DoF -- 

-- Write: DoF -- 
write: "/media/derick/DeoResearch/experiments/rocksalt3_ZrN_casm/mc_coarse_new_scel/heating/mu_0.9500_0.9500_T_20_2000/conditions.11/initial_state.json"

-- Begin: Conditions 11 -- 

-- End: Conditions 11 -- 
run time: 16.851214 (s),  0.016851214 (s/pass),  1.2538106e-05(s/step)

-- Write: DoF -- 
write: "/media/derick/DeoResearch/experiments/rocksalt3_ZrN_casm/mc_coarse_new_scel/heating/mu_0.9500_0.9500_T_20_2000/conditions.11/final_state.json"

-- Write: Output files -- 
write: "/media/derick/DeoResearch/experiments/rocksalt3_ZrN_casm/mc_coarse_new_scel/heating/mu_0.9500_0.9500_T_20_2000/results.json"
write: "/media/derick/DeoResearch/experiments/rocksalt3_ZrN_casm/mc_coarse_new_scel/heating/mu_0.9500_0.9500_T_20_2000/conditions.11/conditions.json"


-- Set: Conditions -- 
T: 260
param_chem_pot: [ 0.950000000000 ]


-- Continue with existing DoF -- 

-- Write: DoF -- 
write: "/media/derick/DeoResearch/experiments/rocksalt3_ZrN_casm/mc_coarse_new_scel/heating/mu_0.9500_0.9500_T_20_2000/conditions.12/initial_state.json"

-- Begin: Conditions 12 -- 

-- End: Conditions 12 -- 
run time: 16.786806 (s),  0.016786806 (s/pass),  1.2490183e-05(s/step)

-- Write: DoF -- 
write: "/media/derick/DeoResearch/experiments/rocksalt3_ZrN_casm/mc_coarse_new_scel/heating/mu_0.9500_0.9500_T_20_2000/conditions.12/final_state.json"

-- Write: Output files -- 
write: "/media/derick/DeoResearch/experiments/rocksalt3_ZrN_casm/mc_coarse_new_scel/heating/mu_0.9500_0.9500_T_20_2000/results.json"
write: "/media/derick/DeoResearch/experiments/rocksalt3_ZrN_casm/mc_coarse_new_scel/heating/mu_0.9500_0.9500_T_20_2000/conditions.12/conditions.json"


-- Set: Conditions -- 
T: 280
param_chem_pot: [ 0.950000000000 ]


-- Continue with existing DoF -- 

-- Write: DoF -- 
write: "/media/derick/DeoResearch/experiments/rocksalt3_ZrN_casm/mc_coarse_new_scel/heating/mu_0.9500_0.9500_T_20_2000/conditions.13/initial_state.json"

-- Begin: Conditions 13 -- 

-- End: Conditions 13 -- 
run time: 16.702188 (s),  0.016702188 (s/pass),  1.2427223e-05(s/step)

-- Write: DoF -- 
write: "/media/derick/DeoResearch/experiments/rocksalt3_ZrN_casm/mc_coarse_new_scel/heating/mu_0.9500_0.9500_T_20_2000/conditions.13/final_state.json"

-- Write: Output files -- 
write: "/media/derick/DeoResearch/experiments/rocksalt3_ZrN_casm/mc_coarse_new_scel/heating/mu_0.9500_0.9500_T_20_2000/results.json"
write: "/media/derick/DeoResearch/experiments/rocksalt3_ZrN_casm/mc_coarse_new_scel/heating/mu_0.9500_0.9500_T_20_2000/conditions.13/conditions.json"


-- Set: Conditions -- 
T: 300
param_chem_pot: [ 0.950000000000 ]


-- Continue with existing DoF -- 

-- Write: DoF -- 
write: "/media/derick/DeoResearch/experiments/rocksalt3_ZrN_casm/mc_coarse_new_scel/heating/mu_0.9500_0.9500_T_20_2000/conditions.14/initial_state.json"

-- Begin: Conditions 14 -- 

-- End: Conditions 14 -- 
run time: 16.941915 (s),  0.016941915 (s/pass),  1.2605592e-05(s/step)

-- Write: DoF -- 
write: "/media/derick/DeoResearch/experiments/rocksalt3_ZrN_casm/mc_coarse_new_scel/heating/mu_0.9500_0.9500_T_20_2000/conditions.14/final_state.json"

-- Write: Output files -- 
write: "/media/derick/DeoResearch/experiments/rocksalt3_ZrN_casm/mc_coarse_new_scel/heating/mu_0.9500_0.9500_T_20_2000/results.json"
write: "/media/derick/DeoResearch/experiments/rocksalt3_ZrN_casm/mc_coarse_new_scel/heating/mu_0.9500_0.9500_T_20_2000/conditions.14/conditions.json"


-- Set: Conditions -- 
T: 320
param_chem_pot: [ 0.950000000000 ]


-- Continue with existing DoF -- 

-- Write: DoF -- 
write: "/media/derick/DeoResearch/experiments/rocksalt3_ZrN_casm/mc_coarse_new_scel/heating/mu_0.9500_0.9500_T_20_2000/conditions.15/initial_state.json"

-- Begin: Conditions 15 -- 

-- End: Conditions 15 -- 
run time: 16.848337 (s),  0.016848337 (s/pass),  1.2535965e-05(s/step)

-- Write: DoF -- 
write: "/media/derick/DeoResearch/experiments/rocksalt3_ZrN_casm/mc_coarse_new_scel/heating/mu_0.9500_0.9500_T_20_2000/conditions.15/final_state.json"

-- Write: Output files -- 
write: "/media/derick/DeoResearch/experiments/rocksalt3_ZrN_casm/mc_coarse_new_scel/heating/mu_0.9500_0.9500_T_20_2000/results.json"
write: "/media/derick/DeoResearch/experiments/rocksalt3_ZrN_casm/mc_coarse_new_scel/heating/mu_0.9500_0.9500_T_20_2000/conditions.15/conditions.json"


-- Set: Conditions -- 
T: 340
param_chem_pot: [ 0.950000000000 ]


-- Continue with existing DoF -- 

-- Write: DoF -- 
write: "/media/derick/DeoResearch/experiments/rocksalt3_ZrN_casm/mc_coarse_new_scel/heating/mu_0.9500_0.9500_T_20_2000/conditions.16/initial_state.json"

-- Begin: Conditions 16 -- 

-- End: Conditions 16 -- 
run time: 16.824216 (s),  0.016824216 (s/pass),  1.2518018e-05(s/step)

-- Write: DoF -- 
write: "/media/derick/DeoResearch/experiments/rocksalt3_ZrN_casm/mc_coarse_new_scel/heating/mu_0.9500_0.9500_T_20_2000/conditions.16/final_state.json"

-- Write: Output files -- 
write: "/media/derick/DeoResearch/experiments/rocksalt3_ZrN_casm/mc_coarse_new_scel/heating/mu_0.9500_0.9500_T_20_2000/results.json"
write: "/media/derick/DeoResearch/experiments/rocksalt3_ZrN_casm/mc_coarse_new_scel/heating/mu_0.9500_0.9500_T_20_2000/conditions.16/conditions.json"


-- Set: Conditions -- 
T: 360
param_chem_pot: [ 0.950000000000 ]


-- Continue with existing DoF -- 

-- Write: DoF -- 
write: "/media/derick/DeoResearch/experiments/rocksalt3_ZrN_casm/mc_coarse_new_scel/heating/mu_0.9500_0.9500_T_20_2000/conditions.17/initial_state.json"

-- Begin: Conditions 17 -- 

-- End: Conditions 17 -- 
run time: 16.883667 (s),  0.016883667 (s/pass),  1.2562253e-05(s/step)

-- Write: DoF -- 
write: "/media/derick/DeoResearch/experiments/rocksalt3_ZrN_casm/mc_coarse_new_scel/heating/mu_0.9500_0.9500_T_20_2000/conditions.17/final_state.json"

-- Write: Output files -- 
write: "/media/derick/DeoResearch/experiments/rocksalt3_ZrN_casm/mc_coarse_new_scel/heating/mu_0.9500_0.9500_T_20_2000/results.json"
write: "/media/derick/DeoResearch/experiments/rocksalt3_ZrN_casm/mc_coarse_new_scel/heating/mu_0.9500_0.9500_T_20_2000/conditions.17/conditions.json"


-- Set: Conditions -- 
T: 380
param_chem_pot: [ 0.950000000000 ]


-- Continue with existing DoF -- 

-- Write: DoF -- 
write: "/media/derick/DeoResearch/experiments/rocksalt3_ZrN_casm/mc_coarse_new_scel/heating/mu_0.9500_0.9500_T_20_2000/conditions.18/initial_state.json"

-- Begin: Conditions 18 -- 

-- End: Conditions 18 -- 
run time: 16.775963 (s),  0.016775963 (s/pass),  1.2482115e-05(s/step)

-- Write: DoF -- 
write: "/media/derick/DeoResearch/experiments/rocksalt3_ZrN_casm/mc_coarse_new_scel/heating/mu_0.9500_0.9500_T_20_2000/conditions.18/final_state.json"

-- Write: Output files -- 
write: "/media/derick/DeoResearch/experiments/rocksalt3_ZrN_casm/mc_coarse_new_scel/heating/mu_0.9500_0.9500_T_20_2000/results.json"
write: "/media/derick/DeoResearch/experiments/rocksalt3_ZrN_casm/mc_coarse_new_scel/heating/mu_0.9500_0.9500_T_20_2000/conditions.18/conditions.json"


-- Set: Conditions -- 
T: 400
param_chem_pot: [ 0.950000000000 ]


-- Continue with existing DoF -- 

-- Write: DoF -- 
write: "/media/derick/DeoResearch/experiments/rocksalt3_ZrN_casm/mc_coarse_new_scel/heating/mu_0.9500_0.9500_T_20_2000/conditions.19/initial_state.json"

-- Begin: Conditions 19 -- 

-- End: Conditions 19 -- 
run time: 16.667243 (s),  0.016667243 (s/pass),  1.2401222e-05(s/step)

-- Write: DoF -- 
write: "/media/derick/DeoResearch/experiments/rocksalt3_ZrN_casm/mc_coarse_new_scel/heating/mu_0.9500_0.9500_T_20_2000/conditions.19/final_state.json"

-- Write: Output files -- 
write: "/media/derick/DeoResearch/experiments/rocksalt3_ZrN_casm/mc_coarse_new_scel/heating/mu_0.9500_0.9500_T_20_2000/results.json"
write: "/media/derick/DeoResearch/experiments/rocksalt3_ZrN_casm/mc_coarse_new_scel/heating/mu_0.9500_0.9500_T_20_2000/conditions.19/conditions.json"


-- Set: Conditions -- 
T: 420
param_chem_pot: [ 0.950000000000 ]


-- Continue with existing DoF -- 

-- Write: DoF -- 
write: "/media/derick/DeoResearch/experiments/rocksalt3_ZrN_casm/mc_coarse_new_scel/heating/mu_0.9500_0.9500_T_20_2000/conditions.20/initial_state.json"

-- Begin: Conditions 20 -- 

-- End: Conditions 20 -- 
run time: 16.703566 (s),  0.016703566 (s/pass),  1.2428248e-05(s/step)

-- Write: DoF -- 
write: "/media/derick/DeoResearch/experiments/rocksalt3_ZrN_casm/mc_coarse_new_scel/heating/mu_0.9500_0.9500_T_20_2000/conditions.20/final_state.json"

-- Write: Output files -- 
write: "/media/derick/DeoResearch/experiments/rocksalt3_ZrN_casm/mc_coarse_new_scel/heating/mu_0.9500_0.9500_T_20_2000/results.json"
write: "/media/derick/DeoResearch/experiments/rocksalt3_ZrN_casm/mc_coarse_new_scel/heating/mu_0.9500_0.9500_T_20_2000/conditions.20/conditions.json"


-- Set: Conditions -- 
T: 440
param_chem_pot: [ 0.950000000000 ]


-- Continue with existing DoF -- 

-- Write: DoF -- 
write: "/media/derick/DeoResearch/experiments/rocksalt3_ZrN_casm/mc_coarse_new_scel/heating/mu_0.9500_0.9500_T_20_2000/conditions.21/initial_state.json"

-- Begin: Conditions 21 -- 

-- End: Conditions 21 -- 
run time: 16.654272 (s),  0.016654272 (s/pass),  1.2391572e-05(s/step)

-- Write: DoF -- 
write: "/media/derick/DeoResearch/experiments/rocksalt3_ZrN_casm/mc_coarse_new_scel/heating/mu_0.9500_0.9500_T_20_2000/conditions.21/final_state.json"

-- Write: Output files -- 
write: "/media/derick/DeoResearch/experiments/rocksalt3_ZrN_casm/mc_coarse_new_scel/heating/mu_0.9500_0.9500_T_20_2000/results.json"
write: "/media/derick/DeoResearch/experiments/rocksalt3_ZrN_casm/mc_coarse_new_scel/heating/mu_0.9500_0.9500_T_20_2000/conditions.21/conditions.json"


-- Set: Conditions -- 
T: 460
param_chem_pot: [ 0.950000000000 ]


-- Continue with existing DoF -- 

-- Write: DoF -- 
write: "/media/derick/DeoResearch/experiments/rocksalt3_ZrN_casm/mc_coarse_new_scel/heating/mu_0.9500_0.9500_T_20_2000/conditions.22/initial_state.json"

-- Begin: Conditions 22 -- 

-- End: Conditions 22 -- 
run time: 16.660369 (s),  0.016660369 (s/pass),  1.2396108e-05(s/step)

-- Write: DoF -- 
write: "/media/derick/DeoResearch/experiments/rocksalt3_ZrN_casm/mc_coarse_new_scel/heating/mu_0.9500_0.9500_T_20_2000/conditions.22/final_state.json"

-- Write: Output files -- 
write: "/media/derick/DeoResearch/experiments/rocksalt3_ZrN_casm/mc_coarse_new_scel/heating/mu_0.9500_0.9500_T_20_2000/results.json"
write: "/media/derick/DeoResearch/experiments/rocksalt3_ZrN_casm/mc_coarse_new_scel/heating/mu_0.9500_0.9500_T_20_2000/conditions.22/conditions.json"


-- Set: Conditions -- 
T: 480
param_chem_pot: [ 0.950000000000 ]


-- Continue with existing DoF -- 

-- Write: DoF -- 
write: "/media/derick/DeoResearch/experiments/rocksalt3_ZrN_casm/mc_coarse_new_scel/heating/mu_0.9500_0.9500_T_20_2000/conditions.23/initial_state.json"

-- Begin: Conditions 23 -- 

-- End: Conditions 23 -- 
run time: 16.654392 (s),  0.016654392 (s/pass),  1.239166e-05(s/step)

-- Write: DoF -- 
write: "/media/derick/DeoResearch/experiments/rocksalt3_ZrN_casm/mc_coarse_new_scel/heating/mu_0.9500_0.9500_T_20_2000/conditions.23/final_state.json"

-- Write: Output files -- 
write: "/media/derick/DeoResearch/experiments/rocksalt3_ZrN_casm/mc_coarse_new_scel/heating/mu_0.9500_0.9500_T_20_2000/results.json"
write: "/media/derick/DeoResearch/experiments/rocksalt3_ZrN_casm/mc_coarse_new_scel/heating/mu_0.9500_0.9500_T_20_2000/conditions.23/conditions.json"


-- Set: Conditions -- 
T: 500
param_chem_pot: [ 0.950000000000 ]


-- Continue with existing DoF -- 

-- Write: DoF -- 
write: "/media/derick/DeoResearch/experiments/rocksalt3_ZrN_casm/mc_coarse_new_scel/heating/mu_0.9500_0.9500_T_20_2000/conditions.24/initial_state.json"

-- Begin: Conditions 24 -- 

-- End: Conditions 24 -- 
run time: 16.651653 (s),  0.016651653 (s/pass),  1.2389623e-05(s/step)

-- Write: DoF -- 
write: "/media/derick/DeoResearch/experiments/rocksalt3_ZrN_casm/mc_coarse_new_scel/heating/mu_0.9500_0.9500_T_20_2000/conditions.24/final_state.json"

-- Write: Output files -- 
write: "/media/derick/DeoResearch/experiments/rocksalt3_ZrN_casm/mc_coarse_new_scel/heating/mu_0.9500_0.9500_T_20_2000/results.json"
write: "/media/derick/DeoResearch/experiments/rocksalt3_ZrN_casm/mc_coarse_new_scel/heating/mu_0.9500_0.9500_T_20_2000/conditions.24/conditions.json"


-- Set: Conditions -- 
T: 520
param_chem_pot: [ 0.950000000000 ]


-- Continue with existing DoF -- 

-- Write: DoF -- 
write: "/media/derick/DeoResearch/experiments/rocksalt3_ZrN_casm/mc_coarse_new_scel/heating/mu_0.9500_0.9500_T_20_2000/conditions.25/initial_state.json"

-- Begin: Conditions 25 -- 

-- End: Conditions 25 -- 
run time: 16.602609 (s),  0.016602609 (s/pass),  1.2353132e-05(s/step)

-- Write: DoF -- 
write: "/media/derick/DeoResearch/experiments/rocksalt3_ZrN_casm/mc_coarse_new_scel/heating/mu_0.9500_0.9500_T_20_2000/conditions.25/final_state.json"

-- Write: Output files -- 
write: "/media/derick/DeoResearch/experiments/rocksalt3_ZrN_casm/mc_coarse_new_scel/heating/mu_0.9500_0.9500_T_20_2000/results.json"
write: "/media/derick/DeoResearch/experiments/rocksalt3_ZrN_casm/mc_coarse_new_scel/heating/mu_0.9500_0.9500_T_20_2000/conditions.25/conditions.json"


-- Set: Conditions -- 
T: 540
param_chem_pot: [ 0.950000000000 ]


-- Continue with existing DoF -- 

-- Write: DoF -- 
write: "/media/derick/DeoResearch/experiments/rocksalt3_ZrN_casm/mc_coarse_new_scel/heating/mu_0.9500_0.9500_T_20_2000/conditions.26/initial_state.json"

-- Begin: Conditions 26 -- 

-- End: Conditions 26 -- 
run time: 16.588239 (s),  0.016588239 (s/pass),  1.2342439e-05(s/step)

-- Write: DoF -- 
write: "/media/derick/DeoResearch/experiments/rocksalt3_ZrN_casm/mc_coarse_new_scel/heating/mu_0.9500_0.9500_T_20_2000/conditions.26/final_state.json"

-- Write: Output files -- 
write: "/media/derick/DeoResearch/experiments/rocksalt3_ZrN_casm/mc_coarse_new_scel/heating/mu_0.9500_0.9500_T_20_2000/results.json"
write: "/media/derick/DeoResearch/experiments/rocksalt3_ZrN_casm/mc_coarse_new_scel/heating/mu_0.9500_0.9500_T_20_2000/conditions.26/conditions.json"


-- Set: Conditions -- 
T: 560
param_chem_pot: [ 0.950000000000 ]


-- Continue with existing DoF -- 

-- Write: DoF -- 
write: "/media/derick/DeoResearch/experiments/rocksalt3_ZrN_casm/mc_coarse_new_scel/heating/mu_0.9500_0.9500_T_20_2000/conditions.27/initial_state.json"

-- Begin: Conditions 27 -- 

-- End: Conditions 27 -- 
run time: 16.545232 (s),  0.016545232 (s/pass),  1.231044e-05(s/step)

-- Write: DoF -- 
write: "/media/derick/DeoResearch/experiments/rocksalt3_ZrN_casm/mc_coarse_new_scel/heating/mu_0.9500_0.9500_T_20_2000/conditions.27/final_state.json"

-- Write: Output files -- 
write: "/media/derick/DeoResearch/experiments/rocksalt3_ZrN_casm/mc_coarse_new_scel/heating/mu_0.9500_0.9500_T_20_2000/results.json"
write: "/media/derick/DeoResearch/experiments/rocksalt3_ZrN_casm/mc_coarse_new_scel/heating/mu_0.9500_0.9500_T_20_2000/conditions.27/conditions.json"


-- Set: Conditions -- 
T: 580
param_chem_pot: [ 0.950000000000 ]


-- Continue with existing DoF -- 

-- Write: DoF -- 
write: "/media/derick/DeoResearch/experiments/rocksalt3_ZrN_casm/mc_coarse_new_scel/heating/mu_0.9500_0.9500_T_20_2000/conditions.28/initial_state.json"

-- Begin: Conditions 28 -- 

-- End: Conditions 28 -- 
run time: 16.606283 (s),  0.016606283 (s/pass),  1.2355865e-05(s/step)

-- Write: DoF -- 
write: "/media/derick/DeoResearch/experiments/rocksalt3_ZrN_casm/mc_coarse_new_scel/heating/mu_0.9500_0.9500_T_20_2000/conditions.28/final_state.json"

-- Write: Output files -- 
write: "/media/derick/DeoResearch/experiments/rocksalt3_ZrN_casm/mc_coarse_new_scel/heating/mu_0.9500_0.9500_T_20_2000/results.json"
write: "/media/derick/DeoResearch/experiments/rocksalt3_ZrN_casm/mc_coarse_new_scel/heating/mu_0.9500_0.9500_T_20_2000/conditions.28/conditions.json"


-- Set: Conditions -- 
T: 600
param_chem_pot: [ 0.950000000000 ]


-- Continue with existing DoF -- 

-- Write: DoF -- 
write: "/media/derick/DeoResearch/experiments/rocksalt3_ZrN_casm/mc_coarse_new_scel/heating/mu_0.9500_0.9500_T_20_2000/conditions.29/initial_state.json"

-- Begin: Conditions 29 -- 

-- End: Conditions 29 -- 
run time: 16.611215 (s),  0.016611215 (s/pass),  1.2359535e-05(s/step)

-- Write: DoF -- 
write: "/media/derick/DeoResearch/experiments/rocksalt3_ZrN_casm/mc_coarse_new_scel/heating/mu_0.9500_0.9500_T_20_2000/conditions.29/final_state.json"

-- Write: Output files -- 
write: "/media/derick/DeoResearch/experiments/rocksalt3_ZrN_casm/mc_coarse_new_scel/heating/mu_0.9500_0.9500_T_20_2000/results.json"
write: "/media/derick/DeoResearch/experiments/rocksalt3_ZrN_casm/mc_coarse_new_scel/heating/mu_0.9500_0.9500_T_20_2000/conditions.29/conditions.json"


-- Set: Conditions -- 
T: 620
param_chem_pot: [ 0.950000000000 ]


-- Continue with existing DoF -- 

-- Write: DoF -- 
write: "/media/derick/DeoResearch/experiments/rocksalt3_ZrN_casm/mc_coarse_new_scel/heating/mu_0.9500_0.9500_T_20_2000/conditions.30/initial_state.json"

-- Begin: Conditions 30 -- 

-- End: Conditions 30 -- 
run time: 16.677329 (s),  0.016677329 (s/pass),  1.2408727e-05(s/step)

-- Write: DoF -- 
write: "/media/derick/DeoResearch/experiments/rocksalt3_ZrN_casm/mc_coarse_new_scel/heating/mu_0.9500_0.9500_T_20_2000/conditions.30/final_state.json"

-- Write: Output files -- 
write: "/media/derick/DeoResearch/experiments/rocksalt3_ZrN_casm/mc_coarse_new_scel/heating/mu_0.9500_0.9500_T_20_2000/results.json"
write: "/media/derick/DeoResearch/experiments/rocksalt3_ZrN_casm/mc_coarse_new_scel/heating/mu_0.9500_0.9500_T_20_2000/conditions.30/conditions.json"


-- Set: Conditions -- 
T: 640
param_chem_pot: [ 0.950000000000 ]


-- Continue with existing DoF -- 

-- Write: DoF -- 
write: "/media/derick/DeoResearch/experiments/rocksalt3_ZrN_casm/mc_coarse_new_scel/heating/mu_0.9500_0.9500_T_20_2000/conditions.31/initial_state.json"

-- Begin: Conditions 31 -- 

-- End: Conditions 31 -- 
run time: 16.622141 (s),  0.016622141 (s/pass),  1.2367664e-05(s/step)

-- Write: DoF -- 
write: "/media/derick/DeoResearch/experiments/rocksalt3_ZrN_casm/mc_coarse_new_scel/heating/mu_0.9500_0.9500_T_20_2000/conditions.31/final_state.json"

-- Write: Output files -- 
write: "/media/derick/DeoResearch/experiments/rocksalt3_ZrN_casm/mc_coarse_new_scel/heating/mu_0.9500_0.9500_T_20_2000/results.json"
write: "/media/derick/DeoResearch/experiments/rocksalt3_ZrN_casm/mc_coarse_new_scel/heating/mu_0.9500_0.9500_T_20_2000/conditions.31/conditions.json"


-- Set: Conditions -- 
T: 660
param_chem_pot: [ 0.950000000000 ]


-- Continue with existing DoF -- 

-- Write: DoF -- 
write: "/media/derick/DeoResearch/experiments/rocksalt3_ZrN_casm/mc_coarse_new_scel/heating/mu_0.9500_0.9500_T_20_2000/conditions.32/initial_state.json"

-- Begin: Conditions 32 -- 

-- End: Conditions 32 -- 
run time: 16.601108 (s),  0.016601108 (s/pass),  1.2352015e-05(s/step)

-- Write: DoF -- 
write: "/media/derick/DeoResearch/experiments/rocksalt3_ZrN_casm/mc_coarse_new_scel/heating/mu_0.9500_0.9500_T_20_2000/conditions.32/final_state.json"

-- Write: Output files -- 
write: "/media/derick/DeoResearch/experiments/rocksalt3_ZrN_casm/mc_coarse_new_scel/heating/mu_0.9500_0.9500_T_20_2000/results.json"
write: "/media/derick/DeoResearch/experiments/rocksalt3_ZrN_casm/mc_coarse_new_scel/heating/mu_0.9500_0.9500_T_20_2000/conditions.32/conditions.json"


-- Set: Conditions -- 
T: 680
param_chem_pot: [ 0.950000000000 ]


-- Continue with existing DoF -- 

-- Write: DoF -- 
write: "/media/derick/DeoResearch/experiments/rocksalt3_ZrN_casm/mc_coarse_new_scel/heating/mu_0.9500_0.9500_T_20_2000/conditions.33/initial_state.json"

-- Begin: Conditions 33 -- 

-- End: Conditions 33 -- 
run time: 16.592763 (s),  0.016592763 (s/pass),  1.2345806e-05(s/step)

-- Write: DoF -- 
write: "/media/derick/DeoResearch/experiments/rocksalt3_ZrN_casm/mc_coarse_new_scel/heating/mu_0.9500_0.9500_T_20_2000/conditions.33/final_state.json"

-- Write: Output files -- 
write: "/media/derick/DeoResearch/experiments/rocksalt3_ZrN_casm/mc_coarse_new_scel/heating/mu_0.9500_0.9500_T_20_2000/results.json"
write: "/media/derick/DeoResearch/experiments/rocksalt3_ZrN_casm/mc_coarse_new_scel/heating/mu_0.9500_0.9500_T_20_2000/conditions.33/conditions.json"


-- Set: Conditions -- 
T: 700
param_chem_pot: [ 0.950000000000 ]


-- Continue with existing DoF -- 

-- Write: DoF -- 
write: "/media/derick/DeoResearch/experiments/rocksalt3_ZrN_casm/mc_coarse_new_scel/heating/mu_0.9500_0.9500_T_20_2000/conditions.34/initial_state.json"

-- Begin: Conditions 34 -- 

-- End: Conditions 34 -- 
run time: 16.602804 (s),  0.016602804 (s/pass),  1.2353277e-05(s/step)

-- Write: DoF -- 
write: "/media/derick/DeoResearch/experiments/rocksalt3_ZrN_casm/mc_coarse_new_scel/heating/mu_0.9500_0.9500_T_20_2000/conditions.34/final_state.json"

-- Write: Output files -- 
write: "/media/derick/DeoResearch/experiments/rocksalt3_ZrN_casm/mc_coarse_new_scel/heating/mu_0.9500_0.9500_T_20_2000/results.json"
write: "/media/derick/DeoResearch/experiments/rocksalt3_ZrN_casm/mc_coarse_new_scel/heating/mu_0.9500_0.9500_T_20_2000/conditions.34/conditions.json"


-- Set: Conditions -- 
T: 720
param_chem_pot: [ 0.950000000000 ]


-- Continue with existing DoF -- 

-- Write: DoF -- 
write: "/media/derick/DeoResearch/experiments/rocksalt3_ZrN_casm/mc_coarse_new_scel/heating/mu_0.9500_0.9500_T_20_2000/conditions.35/initial_state.json"

-- Begin: Conditions 35 -- 

-- End: Conditions 35 -- 
run time: 16.514776 (s),  0.016514776 (s/pass),  1.2287779e-05(s/step)

-- Write: DoF -- 
write: "/media/derick/DeoResearch/experiments/rocksalt3_ZrN_casm/mc_coarse_new_scel/heating/mu_0.9500_0.9500_T_20_2000/conditions.35/final_state.json"

-- Write: Output files -- 
write: "/media/derick/DeoResearch/experiments/rocksalt3_ZrN_casm/mc_coarse_new_scel/heating/mu_0.9500_0.9500_T_20_2000/results.json"
write: "/media/derick/DeoResearch/experiments/rocksalt3_ZrN_casm/mc_coarse_new_scel/heating/mu_0.9500_0.9500_T_20_2000/conditions.35/conditions.json"


-- Set: Conditions -- 
T: 740
param_chem_pot: [ 0.950000000000 ]


-- Continue with existing DoF -- 

-- Write: DoF -- 
write: "/media/derick/DeoResearch/experiments/rocksalt3_ZrN_casm/mc_coarse_new_scel/heating/mu_0.9500_0.9500_T_20_2000/conditions.36/initial_state.json"

-- Begin: Conditions 36 -- 

-- End: Conditions 36 -- 
run time: 16.567265 (s),  0.016567265 (s/pass),  1.2326834e-05(s/step)

-- Write: DoF -- 
write: "/media/derick/DeoResearch/experiments/rocksalt3_ZrN_casm/mc_coarse_new_scel/heating/mu_0.9500_0.9500_T_20_2000/conditions.36/final_state.json"

-- Write: Output files -- 
write: "/media/derick/DeoResearch/experiments/rocksalt3_ZrN_casm/mc_coarse_new_scel/heating/mu_0.9500_0.9500_T_20_2000/results.json"
write: "/media/derick/DeoResearch/experiments/rocksalt3_ZrN_casm/mc_coarse_new_scel/heating/mu_0.9500_0.9500_T_20_2000/conditions.36/conditions.json"


-- Set: Conditions -- 
T: 760
param_chem_pot: [ 0.950000000000 ]


-- Continue with existing DoF -- 

-- Write: DoF -- 
write: "/media/derick/DeoResearch/experiments/rocksalt3_ZrN_casm/mc_coarse_new_scel/heating/mu_0.9500_0.9500_T_20_2000/conditions.37/initial_state.json"

-- Begin: Conditions 37 -- 

-- End: Conditions 37 -- 
run time: 16.526909 (s),  0.016526909 (s/pass),  1.2296807e-05(s/step)

-- Write: DoF -- 
write: "/media/derick/DeoResearch/experiments/rocksalt3_ZrN_casm/mc_coarse_new_scel/heating/mu_0.9500_0.9500_T_20_2000/conditions.37/final_state.json"

-- Write: Output files -- 
write: "/media/derick/DeoResearch/experiments/rocksalt3_ZrN_casm/mc_coarse_new_scel/heating/mu_0.9500_0.9500_T_20_2000/results.json"
write: "/media/derick/DeoResearch/experiments/rocksalt3_ZrN_casm/mc_coarse_new_scel/heating/mu_0.9500_0.9500_T_20_2000/conditions.37/conditions.json"


-- Set: Conditions -- 
T: 780
param_chem_pot: [ 0.950000000000 ]


-- Continue with existing DoF -- 

-- Write: DoF -- 
write: "/media/derick/DeoResearch/experiments/rocksalt3_ZrN_casm/mc_coarse_new_scel/heating/mu_0.9500_0.9500_T_20_2000/conditions.38/initial_state.json"

-- Begin: Conditions 38 -- 

-- End: Conditions 38 -- 
run time: 16.605816 (s),  0.016605816 (s/pass),  1.2355518e-05(s/step)

-- Write: DoF -- 
write: "/media/derick/DeoResearch/experiments/rocksalt3_ZrN_casm/mc_coarse_new_scel/heating/mu_0.9500_0.9500_T_20_2000/conditions.38/final_state.json"

-- Write: Output files -- 
write: "/media/derick/DeoResearch/experiments/rocksalt3_ZrN_casm/mc_coarse_new_scel/heating/mu_0.9500_0.9500_T_20_2000/results.json"
write: "/media/derick/DeoResearch/experiments/rocksalt3_ZrN_casm/mc_coarse_new_scel/heating/mu_0.9500_0.9500_T_20_2000/conditions.38/conditions.json"


-- Set: Conditions -- 
T: 800
param_chem_pot: [ 0.950000000000 ]


-- Continue with existing DoF -- 

-- Write: DoF -- 
write: "/media/derick/DeoResearch/experiments/rocksalt3_ZrN_casm/mc_coarse_new_scel/heating/mu_0.9500_0.9500_T_20_2000/conditions.39/initial_state.json"

-- Begin: Conditions 39 -- 

-- End: Conditions 39 -- 
run time: 16.547175 (s),  0.016547175 (s/pass),  1.2311886e-05(s/step)

-- Write: DoF -- 
write: "/media/derick/DeoResearch/experiments/rocksalt3_ZrN_casm/mc_coarse_new_scel/heating/mu_0.9500_0.9500_T_20_2000/conditions.39/final_state.json"

-- Write: Output files -- 
write: "/media/derick/DeoResearch/experiments/rocksalt3_ZrN_casm/mc_coarse_new_scel/heating/mu_0.9500_0.9500_T_20_2000/results.json"
write: "/media/derick/DeoResearch/experiments/rocksalt3_ZrN_casm/mc_coarse_new_scel/heating/mu_0.9500_0.9500_T_20_2000/conditions.39/conditions.json"


-- Set: Conditions -- 
T: 820
param_chem_pot: [ 0.950000000000 ]


-- Continue with existing DoF -- 

-- Write: DoF -- 
write: "/media/derick/DeoResearch/experiments/rocksalt3_ZrN_casm/mc_coarse_new_scel/heating/mu_0.9500_0.9500_T_20_2000/conditions.40/initial_state.json"

-- Begin: Conditions 40 -- 

-- End: Conditions 40 -- 
run time: 16.59617 (s),  0.01659617 (s/pass),  1.2348341e-05(s/step)

-- Write: DoF -- 
write: "/media/derick/DeoResearch/experiments/rocksalt3_ZrN_casm/mc_coarse_new_scel/heating/mu_0.9500_0.9500_T_20_2000/conditions.40/final_state.json"

-- Write: Output files -- 
write: "/media/derick/DeoResearch/experiments/rocksalt3_ZrN_casm/mc_coarse_new_scel/heating/mu_0.9500_0.9500_T_20_2000/results.json"
write: "/media/derick/DeoResearch/experiments/rocksalt3_ZrN_casm/mc_coarse_new_scel/heating/mu_0.9500_0.9500_T_20_2000/conditions.40/conditions.json"


-- Set: Conditions -- 
T: 840
param_chem_pot: [ 0.950000000000 ]


-- Continue with existing DoF -- 

-- Write: DoF -- 
write: "/media/derick/DeoResearch/experiments/rocksalt3_ZrN_casm/mc_coarse_new_scel/heating/mu_0.9500_0.9500_T_20_2000/conditions.41/initial_state.json"

-- Begin: Conditions 41 -- 

-- End: Conditions 41 -- 
run time: 16.542951 (s),  0.016542951 (s/pass),  1.2308744e-05(s/step)

-- Write: DoF -- 
write: "/media/derick/DeoResearch/experiments/rocksalt3_ZrN_casm/mc_coarse_new_scel/heating/mu_0.9500_0.9500_T_20_2000/conditions.41/final_state.json"

-- Write: Output files -- 
write: "/media/derick/DeoResearch/experiments/rocksalt3_ZrN_casm/mc_coarse_new_scel/heating/mu_0.9500_0.9500_T_20_2000/results.json"
write: "/media/derick/DeoResearch/experiments/rocksalt3_ZrN_casm/mc_coarse_new_scel/heating/mu_0.9500_0.9500_T_20_2000/conditions.41/conditions.json"


-- Set: Conditions -- 
T: 860
param_chem_pot: [ 0.950000000000 ]


-- Continue with existing DoF -- 

-- Write: DoF -- 
write: "/media/derick/DeoResearch/experiments/rocksalt3_ZrN_casm/mc_coarse_new_scel/heating/mu_0.9500_0.9500_T_20_2000/conditions.42/initial_state.json"

-- Begin: Conditions 42 -- 

-- End: Conditions 42 -- 
run time: 16.583458 (s),  0.016583458 (s/pass),  1.2338882e-05(s/step)

-- Write: DoF -- 
write: "/media/derick/DeoResearch/experiments/rocksalt3_ZrN_casm/mc_coarse_new_scel/heating/mu_0.9500_0.9500_T_20_2000/conditions.42/final_state.json"

-- Write: Output files -- 
write: "/media/derick/DeoResearch/experiments/rocksalt3_ZrN_casm/mc_coarse_new_scel/heating/mu_0.9500_0.9500_T_20_2000/results.json"
write: "/media/derick/DeoResearch/experiments/rocksalt3_ZrN_casm/mc_coarse_new_scel/heating/mu_0.9500_0.9500_T_20_2000/conditions.42/conditions.json"


-- Set: Conditions -- 
T: 880
param_chem_pot: [ 0.950000000000 ]


-- Continue with existing DoF -- 

-- Write: DoF -- 
write: "/media/derick/DeoResearch/experiments/rocksalt3_ZrN_casm/mc_coarse_new_scel/heating/mu_0.9500_0.9500_T_20_2000/conditions.43/initial_state.json"

-- Begin: Conditions 43 -- 

-- End: Conditions 43 -- 
run time: 16.615452 (s),  0.016615452 (s/pass),  1.2362687e-05(s/step)

-- Write: DoF -- 
write: "/media/derick/DeoResearch/experiments/rocksalt3_ZrN_casm/mc_coarse_new_scel/heating/mu_0.9500_0.9500_T_20_2000/conditions.43/final_state.json"

-- Write: Output files -- 
write: "/media/derick/DeoResearch/experiments/rocksalt3_ZrN_casm/mc_coarse_new_scel/heating/mu_0.9500_0.9500_T_20_2000/results.json"
write: "/media/derick/DeoResearch/experiments/rocksalt3_ZrN_casm/mc_coarse_new_scel/heating/mu_0.9500_0.9500_T_20_2000/conditions.43/conditions.json"


-- Set: Conditions -- 
T: 900
param_chem_pot: [ 0.950000000000 ]


-- Continue with existing DoF -- 

-- Write: DoF -- 
write: "/media/derick/DeoResearch/experiments/rocksalt3_ZrN_casm/mc_coarse_new_scel/heating/mu_0.9500_0.9500_T_20_2000/conditions.44/initial_state.json"

-- Begin: Conditions 44 -- 

-- End: Conditions 44 -- 
run time: 16.638944 (s),  0.016638944 (s/pass),  1.2380167e-05(s/step)

-- Write: DoF -- 
write: "/media/derick/DeoResearch/experiments/rocksalt3_ZrN_casm/mc_coarse_new_scel/heating/mu_0.9500_0.9500_T_20_2000/conditions.44/final_state.json"

-- Write: Output files -- 
write: "/media/derick/DeoResearch/experiments/rocksalt3_ZrN_casm/mc_coarse_new_scel/heating/mu_0.9500_0.9500_T_20_2000/results.json"
write: "/media/derick/DeoResearch/experiments/rocksalt3_ZrN_casm/mc_coarse_new_scel/heating/mu_0.9500_0.9500_T_20_2000/conditions.44/conditions.json"


-- Set: Conditions -- 
T: 920
param_chem_pot: [ 0.950000000000 ]


-- Continue with existing DoF -- 

-- Write: DoF -- 
write: "/media/derick/DeoResearch/experiments/rocksalt3_ZrN_casm/mc_coarse_new_scel/heating/mu_0.9500_0.9500_T_20_2000/conditions.45/initial_state.json"

-- Begin: Conditions 45 -- 

-- End: Conditions 45 -- 
run time: 16.615884 (s),  0.016615884 (s/pass),  1.2363009e-05(s/step)

-- Write: DoF -- 
write: "/media/derick/DeoResearch/experiments/rocksalt3_ZrN_casm/mc_coarse_new_scel/heating/mu_0.9500_0.9500_T_20_2000/conditions.45/final_state.json"

-- Write: Output files -- 
write: "/media/derick/DeoResearch/experiments/rocksalt3_ZrN_casm/mc_coarse_new_scel/heating/mu_0.9500_0.9500_T_20_2000/results.json"
write: "/media/derick/DeoResearch/experiments/rocksalt3_ZrN_casm/mc_coarse_new_scel/heating/mu_0.9500_0.9500_T_20_2000/conditions.45/conditions.json"


-- Set: Conditions -- 
T: 940
param_chem_pot: [ 0.950000000000 ]


-- Continue with existing DoF -- 

-- Write: DoF -- 
write: "/media/derick/DeoResearch/experiments/rocksalt3_ZrN_casm/mc_coarse_new_scel/heating/mu_0.9500_0.9500_T_20_2000/conditions.46/initial_state.json"

-- Begin: Conditions 46 -- 

-- End: Conditions 46 -- 
run time: 16.641721 (s),  0.016641721 (s/pass),  1.2382233e-05(s/step)

-- Write: DoF -- 
write: "/media/derick/DeoResearch/experiments/rocksalt3_ZrN_casm/mc_coarse_new_scel/heating/mu_0.9500_0.9500_T_20_2000/conditions.46/final_state.json"

-- Write: Output files -- 
write: "/media/derick/DeoResearch/experiments/rocksalt3_ZrN_casm/mc_coarse_new_scel/heating/mu_0.9500_0.9500_T_20_2000/results.json"
write: "/media/derick/DeoResearch/experiments/rocksalt3_ZrN_casm/mc_coarse_new_scel/heating/mu_0.9500_0.9500_T_20_2000/conditions.46/conditions.json"


-- Set: Conditions -- 
T: 960
param_chem_pot: [ 0.950000000000 ]


-- Continue with existing DoF -- 

-- Write: DoF -- 
write: "/media/derick/DeoResearch/experiments/rocksalt3_ZrN_casm/mc_coarse_new_scel/heating/mu_0.9500_0.9500_T_20_2000/conditions.47/initial_state.json"

-- Begin: Conditions 47 -- 

-- End: Conditions 47 -- 
run time: 16.635742 (s),  0.016635742 (s/pass),  1.2377785e-05(s/step)

-- Write: DoF -- 
write: "/media/derick/DeoResearch/experiments/rocksalt3_ZrN_casm/mc_coarse_new_scel/heating/mu_0.9500_0.9500_T_20_2000/conditions.47/final_state.json"

-- Write: Output files -- 
write: "/media/derick/DeoResearch/experiments/rocksalt3_ZrN_casm/mc_coarse_new_scel/heating/mu_0.9500_0.9500_T_20_2000/results.json"
write: "/media/derick/DeoResearch/experiments/rocksalt3_ZrN_casm/mc_coarse_new_scel/heating/mu_0.9500_0.9500_T_20_2000/conditions.47/conditions.json"


-- Set: Conditions -- 
T: 980
param_chem_pot: [ 0.950000000000 ]


-- Continue with existing DoF -- 

-- Write: DoF -- 
write: "/media/derick/DeoResearch/experiments/rocksalt3_ZrN_casm/mc_coarse_new_scel/heating/mu_0.9500_0.9500_T_20_2000/conditions.48/initial_state.json"

-- Begin: Conditions 48 -- 

-- End: Conditions 48 -- 
run time: 16.673385 (s),  0.016673385 (s/pass),  1.2405792e-05(s/step)

-- Write: DoF -- 
write: "/media/derick/DeoResearch/experiments/rocksalt3_ZrN_casm/mc_coarse_new_scel/heating/mu_0.9500_0.9500_T_20_2000/conditions.48/final_state.json"

-- Write: Output files -- 
write: "/media/derick/DeoResearch/experiments/rocksalt3_ZrN_casm/mc_coarse_new_scel/heating/mu_0.9500_0.9500_T_20_2000/results.json"
write: "/media/derick/DeoResearch/experiments/rocksalt3_ZrN_casm/mc_coarse_new_scel/heating/mu_0.9500_0.9500_T_20_2000/conditions.48/conditions.json"


-- Set: Conditions -- 
T: 1000
param_chem_pot: [ 0.950000000000 ]


-- Continue with existing DoF -- 

-- Write: DoF -- 
write: "/media/derick/DeoResearch/experiments/rocksalt3_ZrN_casm/mc_coarse_new_scel/heating/mu_0.9500_0.9500_T_20_2000/conditions.49/initial_state.json"

-- Begin: Conditions 49 -- 

-- End: Conditions 49 -- 
run time: 16.630141 (s),  0.016630141 (s/pass),  1.2373617e-05(s/step)

-- Write: DoF -- 
write: "/media/derick/DeoResearch/experiments/rocksalt3_ZrN_casm/mc_coarse_new_scel/heating/mu_0.9500_0.9500_T_20_2000/conditions.49/final_state.json"

-- Write: Output files -- 
write: "/media/derick/DeoResearch/experiments/rocksalt3_ZrN_casm/mc_coarse_new_scel/heating/mu_0.9500_0.9500_T_20_2000/results.json"
write: "/media/derick/DeoResearch/experiments/rocksalt3_ZrN_casm/mc_coarse_new_scel/heating/mu_0.9500_0.9500_T_20_2000/conditions.49/conditions.json"


-- Set: Conditions -- 
T: 1020
param_chem_pot: [ 0.950000000000 ]


-- Continue with existing DoF -- 

-- Write: DoF -- 
write: "/media/derick/DeoResearch/experiments/rocksalt3_ZrN_casm/mc_coarse_new_scel/heating/mu_0.9500_0.9500_T_20_2000/conditions.50/initial_state.json"

-- Begin: Conditions 50 -- 

-- End: Conditions 50 -- 
run time: 16.610347 (s),  0.016610347 (s/pass),  1.2358889e-05(s/step)

-- Write: DoF -- 
write: "/media/derick/DeoResearch/experiments/rocksalt3_ZrN_casm/mc_coarse_new_scel/heating/mu_0.9500_0.9500_T_20_2000/conditions.50/final_state.json"

-- Write: Output files -- 
write: "/media/derick/DeoResearch/experiments/rocksalt3_ZrN_casm/mc_coarse_new_scel/heating/mu_0.9500_0.9500_T_20_2000/results.json"
write: "/media/derick/DeoResearch/experiments/rocksalt3_ZrN_casm/mc_coarse_new_scel/heating/mu_0.9500_0.9500_T_20_2000/conditions.50/conditions.json"


-- Set: Conditions -- 
T: 1040
param_chem_pot: [ 0.950000000000 ]


-- Continue with existing DoF -- 

-- Write: DoF -- 
write: "/media/derick/DeoResearch/experiments/rocksalt3_ZrN_casm/mc_coarse_new_scel/heating/mu_0.9500_0.9500_T_20_2000/conditions.51/initial_state.json"

-- Begin: Conditions 51 -- 

-- End: Conditions 51 -- 
run time: 16.573716 (s),  0.016573716 (s/pass),  1.2331634e-05(s/step)

-- Write: DoF -- 
write: "/media/derick/DeoResearch/experiments/rocksalt3_ZrN_casm/mc_coarse_new_scel/heating/mu_0.9500_0.9500_T_20_2000/conditions.51/final_state.json"

-- Write: Output files -- 
write: "/media/derick/DeoResearch/experiments/rocksalt3_ZrN_casm/mc_coarse_new_scel/heating/mu_0.9500_0.9500_T_20_2000/results.json"
write: "/media/derick/DeoResearch/experiments/rocksalt3_ZrN_casm/mc_coarse_new_scel/heating/mu_0.9500_0.9500_T_20_2000/conditions.51/conditions.json"


-- Set: Conditions -- 
T: 1060
param_chem_pot: [ 0.950000000000 ]


-- Continue with existing DoF -- 

-- Write: DoF -- 
write: "/media/derick/DeoResearch/experiments/rocksalt3_ZrN_casm/mc_coarse_new_scel/heating/mu_0.9500_0.9500_T_20_2000/conditions.52/initial_state.json"

-- Begin: Conditions 52 -- 

-- End: Conditions 52 -- 
run time: 16.60092 (s),  0.01660092 (s/pass),  1.2351875e-05(s/step)

-- Write: DoF -- 
write: "/media/derick/DeoResearch/experiments/rocksalt3_ZrN_casm/mc_coarse_new_scel/heating/mu_0.9500_0.9500_T_20_2000/conditions.52/final_state.json"

-- Write: Output files -- 
write: "/media/derick/DeoResearch/experiments/rocksalt3_ZrN_casm/mc_coarse_new_scel/heating/mu_0.9500_0.9500_T_20_2000/results.json"
write: "/media/derick/DeoResearch/experiments/rocksalt3_ZrN_casm/mc_coarse_new_scel/heating/mu_0.9500_0.9500_T_20_2000/conditions.52/conditions.json"


-- Set: Conditions -- 
T: 1080
param_chem_pot: [ 0.950000000000 ]


-- Continue with existing DoF -- 

-- Write: DoF -- 
write: "/media/derick/DeoResearch/experiments/rocksalt3_ZrN_casm/mc_coarse_new_scel/heating/mu_0.9500_0.9500_T_20_2000/conditions.53/initial_state.json"

-- Begin: Conditions 53 -- 

-- End: Conditions 53 -- 
run time: 16.635852 (s),  0.016635852 (s/pass),  1.2377866e-05(s/step)

-- Write: DoF -- 
write: "/media/derick/DeoResearch/experiments/rocksalt3_ZrN_casm/mc_coarse_new_scel/heating/mu_0.9500_0.9500_T_20_2000/conditions.53/final_state.json"

-- Write: Output files -- 
write: "/media/derick/DeoResearch/experiments/rocksalt3_ZrN_casm/mc_coarse_new_scel/heating/mu_0.9500_0.9500_T_20_2000/results.json"
write: "/media/derick/DeoResearch/experiments/rocksalt3_ZrN_casm/mc_coarse_new_scel/heating/mu_0.9500_0.9500_T_20_2000/conditions.53/conditions.json"


-- Set: Conditions -- 
T: 1100
param_chem_pot: [ 0.950000000000 ]


-- Continue with existing DoF -- 

-- Write: DoF -- 
write: "/media/derick/DeoResearch/experiments/rocksalt3_ZrN_casm/mc_coarse_new_scel/heating/mu_0.9500_0.9500_T_20_2000/conditions.54/initial_state.json"

-- Begin: Conditions 54 -- 

-- End: Conditions 54 -- 
run time: 16.713364 (s),  0.016713364 (s/pass),  1.2435538e-05(s/step)

-- Write: DoF -- 
write: "/media/derick/DeoResearch/experiments/rocksalt3_ZrN_casm/mc_coarse_new_scel/heating/mu_0.9500_0.9500_T_20_2000/conditions.54/final_state.json"

-- Write: Output files -- 
write: "/media/derick/DeoResearch/experiments/rocksalt3_ZrN_casm/mc_coarse_new_scel/heating/mu_0.9500_0.9500_T_20_2000/results.json"
write: "/media/derick/DeoResearch/experiments/rocksalt3_ZrN_casm/mc_coarse_new_scel/heating/mu_0.9500_0.9500_T_20_2000/conditions.54/conditions.json"


-- Set: Conditions -- 
T: 1120
param_chem_pot: [ 0.950000000000 ]


-- Continue with existing DoF -- 

-- Write: DoF -- 
write: "/media/derick/DeoResearch/experiments/rocksalt3_ZrN_casm/mc_coarse_new_scel/heating/mu_0.9500_0.9500_T_20_2000/conditions.55/initial_state.json"

-- Begin: Conditions 55 -- 

-- End: Conditions 55 -- 
run time: 16.796108 (s),  0.016796108 (s/pass),  1.2497104e-05(s/step)

-- Write: DoF -- 
write: "/media/derick/DeoResearch/experiments/rocksalt3_ZrN_casm/mc_coarse_new_scel/heating/mu_0.9500_0.9500_T_20_2000/conditions.55/final_state.json"

-- Write: Output files -- 
write: "/media/derick/DeoResearch/experiments/rocksalt3_ZrN_casm/mc_coarse_new_scel/heating/mu_0.9500_0.9500_T_20_2000/results.json"
write: "/media/derick/DeoResearch/experiments/rocksalt3_ZrN_casm/mc_coarse_new_scel/heating/mu_0.9500_0.9500_T_20_2000/conditions.55/conditions.json"


-- Set: Conditions -- 
T: 1140
param_chem_pot: [ 0.950000000000 ]


-- Continue with existing DoF -- 

-- Write: DoF -- 
write: "/media/derick/DeoResearch/experiments/rocksalt3_ZrN_casm/mc_coarse_new_scel/heating/mu_0.9500_0.9500_T_20_2000/conditions.56/initial_state.json"

-- Begin: Conditions 56 -- 

-- End: Conditions 56 -- 
run time: 16.757319 (s),  0.016757319 (s/pass),  1.2468243e-05(s/step)

-- Write: DoF -- 
write: "/media/derick/DeoResearch/experiments/rocksalt3_ZrN_casm/mc_coarse_new_scel/heating/mu_0.9500_0.9500_T_20_2000/conditions.56/final_state.json"

-- Write: Output files -- 
write: "/media/derick/DeoResearch/experiments/rocksalt3_ZrN_casm/mc_coarse_new_scel/heating/mu_0.9500_0.9500_T_20_2000/results.json"
write: "/media/derick/DeoResearch/experiments/rocksalt3_ZrN_casm/mc_coarse_new_scel/heating/mu_0.9500_0.9500_T_20_2000/conditions.56/conditions.json"


-- Set: Conditions -- 
T: 1160
param_chem_pot: [ 0.950000000000 ]


-- Continue with existing DoF -- 

-- Write: DoF -- 
write: "/media/derick/DeoResearch/experiments/rocksalt3_ZrN_casm/mc_coarse_new_scel/heating/mu_0.9500_0.9500_T_20_2000/conditions.57/initial_state.json"

-- Begin: Conditions 57 -- 

-- End: Conditions 57 -- 
run time: 16.726063 (s),  0.016726063 (s/pass),  1.2444987e-05(s/step)

-- Write: DoF -- 
write: "/media/derick/DeoResearch/experiments/rocksalt3_ZrN_casm/mc_coarse_new_scel/heating/mu_0.9500_0.9500_T_20_2000/conditions.57/final_state.json"

-- Write: Output files -- 
write: "/media/derick/DeoResearch/experiments/rocksalt3_ZrN_casm/mc_coarse_new_scel/heating/mu_0.9500_0.9500_T_20_2000/results.json"
write: "/media/derick/DeoResearch/experiments/rocksalt3_ZrN_casm/mc_coarse_new_scel/heating/mu_0.9500_0.9500_T_20_2000/conditions.57/conditions.json"


-- Set: Conditions -- 
T: 1180
param_chem_pot: [ 0.950000000000 ]


-- Continue with existing DoF -- 

-- Write: DoF -- 
write: "/media/derick/DeoResearch/experiments/rocksalt3_ZrN_casm/mc_coarse_new_scel/heating/mu_0.9500_0.9500_T_20_2000/conditions.58/initial_state.json"

-- Begin: Conditions 58 -- 

-- End: Conditions 58 -- 
run time: 16.671023 (s),  0.016671023 (s/pass),  1.2404035e-05(s/step)

-- Write: DoF -- 
write: "/media/derick/DeoResearch/experiments/rocksalt3_ZrN_casm/mc_coarse_new_scel/heating/mu_0.9500_0.9500_T_20_2000/conditions.58/final_state.json"

-- Write: Output files -- 
write: "/media/derick/DeoResearch/experiments/rocksalt3_ZrN_casm/mc_coarse_new_scel/heating/mu_0.9500_0.9500_T_20_2000/results.json"
write: "/media/derick/DeoResearch/experiments/rocksalt3_ZrN_casm/mc_coarse_new_scel/heating/mu_0.9500_0.9500_T_20_2000/conditions.58/conditions.json"


-- Set: Conditions -- 
T: 1200
param_chem_pot: [ 0.950000000000 ]


-- Continue with existing DoF -- 

-- Write: DoF -- 
write: "/media/derick/DeoResearch/experiments/rocksalt3_ZrN_casm/mc_coarse_new_scel/heating/mu_0.9500_0.9500_T_20_2000/conditions.59/initial_state.json"

-- Begin: Conditions 59 -- 

-- End: Conditions 59 -- 
run time: 16.802004 (s),  0.016802004 (s/pass),  1.2501491e-05(s/step)

-- Write: DoF -- 
write: "/media/derick/DeoResearch/experiments/rocksalt3_ZrN_casm/mc_coarse_new_scel/heating/mu_0.9500_0.9500_T_20_2000/conditions.59/final_state.json"

-- Write: Output files -- 
write: "/media/derick/DeoResearch/experiments/rocksalt3_ZrN_casm/mc_coarse_new_scel/heating/mu_0.9500_0.9500_T_20_2000/results.json"
write: "/media/derick/DeoResearch/experiments/rocksalt3_ZrN_casm/mc_coarse_new_scel/heating/mu_0.9500_0.9500_T_20_2000/conditions.59/conditions.json"


-- Set: Conditions -- 
T: 1220
param_chem_pot: [ 0.950000000000 ]


-- Continue with existing DoF -- 

-- Write: DoF -- 
write: "/media/derick/DeoResearch/experiments/rocksalt3_ZrN_casm/mc_coarse_new_scel/heating/mu_0.9500_0.9500_T_20_2000/conditions.60/initial_state.json"

-- Begin: Conditions 60 -- 

-- End: Conditions 60 -- 
run time: 16.646541 (s),  0.016646541 (s/pass),  1.2385819e-05(s/step)

-- Write: DoF -- 
write: "/media/derick/DeoResearch/experiments/rocksalt3_ZrN_casm/mc_coarse_new_scel/heating/mu_0.9500_0.9500_T_20_2000/conditions.60/final_state.json"

-- Write: Output files -- 
write: "/media/derick/DeoResearch/experiments/rocksalt3_ZrN_casm/mc_coarse_new_scel/heating/mu_0.9500_0.9500_T_20_2000/results.json"
write: "/media/derick/DeoResearch/experiments/rocksalt3_ZrN_casm/mc_coarse_new_scel/heating/mu_0.9500_0.9500_T_20_2000/conditions.60/conditions.json"


-- Set: Conditions -- 
T: 1240
param_chem_pot: [ 0.950000000000 ]


-- Continue with existing DoF -- 

-- Write: DoF -- 
write: "/media/derick/DeoResearch/experiments/rocksalt3_ZrN_casm/mc_coarse_new_scel/heating/mu_0.9500_0.9500_T_20_2000/conditions.61/initial_state.json"

-- Begin: Conditions 61 -- 

-- End: Conditions 61 -- 
run time: 16.530111 (s),  0.016530111 (s/pass),  1.229919e-05(s/step)

-- Write: DoF -- 
write: "/media/derick/DeoResearch/experiments/rocksalt3_ZrN_casm/mc_coarse_new_scel/heating/mu_0.9500_0.9500_T_20_2000/conditions.61/final_state.json"

-- Write: Output files -- 
write: "/media/derick/DeoResearch/experiments/rocksalt3_ZrN_casm/mc_coarse_new_scel/heating/mu_0.9500_0.9500_T_20_2000/results.json"
write: "/media/derick/DeoResearch/experiments/rocksalt3_ZrN_casm/mc_coarse_new_scel/heating/mu_0.9500_0.9500_T_20_2000/conditions.61/conditions.json"


-- Set: Conditions -- 
T: 1260
param_chem_pot: [ 0.950000000000 ]


-- Continue with existing DoF -- 

-- Write: DoF -- 
write: "/media/derick/DeoResearch/experiments/rocksalt3_ZrN_casm/mc_coarse_new_scel/heating/mu_0.9500_0.9500_T_20_2000/conditions.62/initial_state.json"

-- Begin: Conditions 62 -- 

-- End: Conditions 62 -- 
run time: 16.77879 (s),  0.01677879 (s/pass),  1.2484219e-05(s/step)

-- Write: DoF -- 
write: "/media/derick/DeoResearch/experiments/rocksalt3_ZrN_casm/mc_coarse_new_scel/heating/mu_0.9500_0.9500_T_20_2000/conditions.62/final_state.json"

-- Write: Output files -- 
write: "/media/derick/DeoResearch/experiments/rocksalt3_ZrN_casm/mc_coarse_new_scel/heating/mu_0.9500_0.9500_T_20_2000/results.json"
write: "/media/derick/DeoResearch/experiments/rocksalt3_ZrN_casm/mc_coarse_new_scel/heating/mu_0.9500_0.9500_T_20_2000/conditions.62/conditions.json"


-- Set: Conditions -- 
T: 1280
param_chem_pot: [ 0.950000000000 ]


-- Continue with existing DoF -- 

-- Write: DoF -- 
write: "/media/derick/DeoResearch/experiments/rocksalt3_ZrN_casm/mc_coarse_new_scel/heating/mu_0.9500_0.9500_T_20_2000/conditions.63/initial_state.json"

-- Begin: Conditions 63 -- 

-- End: Conditions 63 -- 
run time: 16.770211 (s),  0.016770211 (s/pass),  1.2477836e-05(s/step)

-- Write: DoF -- 
write: "/media/derick/DeoResearch/experiments/rocksalt3_ZrN_casm/mc_coarse_new_scel/heating/mu_0.9500_0.9500_T_20_2000/conditions.63/final_state.json"

-- Write: Output files -- 
write: "/media/derick/DeoResearch/experiments/rocksalt3_ZrN_casm/mc_coarse_new_scel/heating/mu_0.9500_0.9500_T_20_2000/results.json"
write: "/media/derick/DeoResearch/experiments/rocksalt3_ZrN_casm/mc_coarse_new_scel/heating/mu_0.9500_0.9500_T_20_2000/conditions.63/conditions.json"


-- Set: Conditions -- 
T: 1300
param_chem_pot: [ 0.950000000000 ]


-- Continue with existing DoF -- 

-- Write: DoF -- 
write: "/media/derick/DeoResearch/experiments/rocksalt3_ZrN_casm/mc_coarse_new_scel/heating/mu_0.9500_0.9500_T_20_2000/conditions.64/initial_state.json"

-- Begin: Conditions 64 -- 

-- End: Conditions 64 -- 
run time: 16.597127 (s),  0.016597127 (s/pass),  1.2349053e-05(s/step)

-- Write: DoF -- 
write: "/media/derick/DeoResearch/experiments/rocksalt3_ZrN_casm/mc_coarse_new_scel/heating/mu_0.9500_0.9500_T_20_2000/conditions.64/final_state.json"

-- Write: Output files -- 
write: "/media/derick/DeoResearch/experiments/rocksalt3_ZrN_casm/mc_coarse_new_scel/heating/mu_0.9500_0.9500_T_20_2000/results.json"
write: "/media/derick/DeoResearch/experiments/rocksalt3_ZrN_casm/mc_coarse_new_scel/heating/mu_0.9500_0.9500_T_20_2000/conditions.64/conditions.json"


-- Set: Conditions -- 
T: 1320
param_chem_pot: [ 0.950000000000 ]


-- Continue with existing DoF -- 

-- Write: DoF -- 
write: "/media/derick/DeoResearch/experiments/rocksalt3_ZrN_casm/mc_coarse_new_scel/heating/mu_0.9500_0.9500_T_20_2000/conditions.65/initial_state.json"

-- Begin: Conditions 65 -- 

-- End: Conditions 65 -- 
run time: 16.674751 (s),  0.016674751 (s/pass),  1.2406808e-05(s/step)

-- Write: DoF -- 
write: "/media/derick/DeoResearch/experiments/rocksalt3_ZrN_casm/mc_coarse_new_scel/heating/mu_0.9500_0.9500_T_20_2000/conditions.65/final_state.json"

-- Write: Output files -- 
write: "/media/derick/DeoResearch/experiments/rocksalt3_ZrN_casm/mc_coarse_new_scel/heating/mu_0.9500_0.9500_T_20_2000/results.json"
write: "/media/derick/DeoResearch/experiments/rocksalt3_ZrN_casm/mc_coarse_new_scel/heating/mu_0.9500_0.9500_T_20_2000/conditions.65/conditions.json"


-- Set: Conditions -- 
T: 1340
param_chem_pot: [ 0.950000000000 ]


-- Continue with existing DoF -- 

-- Write: DoF -- 
write: "/media/derick/DeoResearch/experiments/rocksalt3_ZrN_casm/mc_coarse_new_scel/heating/mu_0.9500_0.9500_T_20_2000/conditions.66/initial_state.json"

-- Begin: Conditions 66 -- 

-- End: Conditions 66 -- 
run time: 16.648414 (s),  0.016648414 (s/pass),  1.2387212e-05(s/step)

-- Write: DoF -- 
write: "/media/derick/DeoResearch/experiments/rocksalt3_ZrN_casm/mc_coarse_new_scel/heating/mu_0.9500_0.9500_T_20_2000/conditions.66/final_state.json"

-- Write: Output files -- 
write: "/media/derick/DeoResearch/experiments/rocksalt3_ZrN_casm/mc_coarse_new_scel/heating/mu_0.9500_0.9500_T_20_2000/results.json"
write: "/media/derick/DeoResearch/experiments/rocksalt3_ZrN_casm/mc_coarse_new_scel/heating/mu_0.9500_0.9500_T_20_2000/conditions.66/conditions.json"


-- Set: Conditions -- 
T: 1360
param_chem_pot: [ 0.950000000000 ]


-- Continue with existing DoF -- 

-- Write: DoF -- 
write: "/media/derick/DeoResearch/experiments/rocksalt3_ZrN_casm/mc_coarse_new_scel/heating/mu_0.9500_0.9500_T_20_2000/conditions.67/initial_state.json"

-- Begin: Conditions 67 -- 

-- End: Conditions 67 -- 
run time: 16.564048 (s),  0.016564048 (s/pass),  1.232444e-05(s/step)

-- Write: DoF -- 
write: "/media/derick/DeoResearch/experiments/rocksalt3_ZrN_casm/mc_coarse_new_scel/heating/mu_0.9500_0.9500_T_20_2000/conditions.67/final_state.json"

-- Write: Output files -- 
write: "/media/derick/DeoResearch/experiments/rocksalt3_ZrN_casm/mc_coarse_new_scel/heating/mu_0.9500_0.9500_T_20_2000/results.json"
write: "/media/derick/DeoResearch/experiments/rocksalt3_ZrN_casm/mc_coarse_new_scel/heating/mu_0.9500_0.9500_T_20_2000/conditions.67/conditions.json"


-- Set: Conditions -- 
T: 1380
param_chem_pot: [ 0.950000000000 ]


-- Continue with existing DoF -- 

-- Write: DoF -- 
write: "/media/derick/DeoResearch/experiments/rocksalt3_ZrN_casm/mc_coarse_new_scel/heating/mu_0.9500_0.9500_T_20_2000/conditions.68/initial_state.json"

-- Begin: Conditions 68 -- 

-- End: Conditions 68 -- 
run time: 16.663858 (s),  0.016663858 (s/pass),  1.2398704e-05(s/step)

-- Write: DoF -- 
write: "/media/derick/DeoResearch/experiments/rocksalt3_ZrN_casm/mc_coarse_new_scel/heating/mu_0.9500_0.9500_T_20_2000/conditions.68/final_state.json"

-- Write: Output files -- 
write: "/media/derick/DeoResearch/experiments/rocksalt3_ZrN_casm/mc_coarse_new_scel/heating/mu_0.9500_0.9500_T_20_2000/results.json"
write: "/media/derick/DeoResearch/experiments/rocksalt3_ZrN_casm/mc_coarse_new_scel/heating/mu_0.9500_0.9500_T_20_2000/conditions.68/conditions.json"


-- Set: Conditions -- 
T: 1400
param_chem_pot: [ 0.950000000000 ]


-- Continue with existing DoF -- 

-- Write: DoF -- 
write: "/media/derick/DeoResearch/experiments/rocksalt3_ZrN_casm/mc_coarse_new_scel/heating/mu_0.9500_0.9500_T_20_2000/conditions.69/initial_state.json"

-- Begin: Conditions 69 -- 

-- End: Conditions 69 -- 
run time: 16.765899 (s),  0.016765899 (s/pass),  1.2474627e-05(s/step)

-- Write: DoF -- 
write: "/media/derick/DeoResearch/experiments/rocksalt3_ZrN_casm/mc_coarse_new_scel/heating/mu_0.9500_0.9500_T_20_2000/conditions.69/final_state.json"

-- Write: Output files -- 
write: "/media/derick/DeoResearch/experiments/rocksalt3_ZrN_casm/mc_coarse_new_scel/heating/mu_0.9500_0.9500_T_20_2000/results.json"
write: "/media/derick/DeoResearch/experiments/rocksalt3_ZrN_casm/mc_coarse_new_scel/heating/mu_0.9500_0.9500_T_20_2000/conditions.69/conditions.json"


-- Set: Conditions -- 
T: 1420
param_chem_pot: [ 0.950000000000 ]


-- Continue with existing DoF -- 

-- Write: DoF -- 
write: "/media/derick/DeoResearch/experiments/rocksalt3_ZrN_casm/mc_coarse_new_scel/heating/mu_0.9500_0.9500_T_20_2000/conditions.70/initial_state.json"

-- Begin: Conditions 70 -- 

-- End: Conditions 70 -- 
run time: 16.712807 (s),  0.016712807 (s/pass),  1.2435124e-05(s/step)

-- Write: DoF -- 
write: "/media/derick/DeoResearch/experiments/rocksalt3_ZrN_casm/mc_coarse_new_scel/heating/mu_0.9500_0.9500_T_20_2000/conditions.70/final_state.json"

-- Write: Output files -- 
write: "/media/derick/DeoResearch/experiments/rocksalt3_ZrN_casm/mc_coarse_new_scel/heating/mu_0.9500_0.9500_T_20_2000/results.json"
write: "/media/derick/DeoResearch/experiments/rocksalt3_ZrN_casm/mc_coarse_new_scel/heating/mu_0.9500_0.9500_T_20_2000/conditions.70/conditions.json"


-- Set: Conditions -- 
T: 1440
param_chem_pot: [ 0.950000000000 ]


-- Continue with existing DoF -- 

-- Write: DoF -- 
write: "/media/derick/DeoResearch/experiments/rocksalt3_ZrN_casm/mc_coarse_new_scel/heating/mu_0.9500_0.9500_T_20_2000/conditions.71/initial_state.json"

-- Begin: Conditions 71 -- 

-- End: Conditions 71 -- 
run time: 16.652745 (s),  0.016652745 (s/pass),  1.2390436e-05(s/step)

-- Write: DoF -- 
write: "/media/derick/DeoResearch/experiments/rocksalt3_ZrN_casm/mc_coarse_new_scel/heating/mu_0.9500_0.9500_T_20_2000/conditions.71/final_state.json"

-- Write: Output files -- 
write: "/media/derick/DeoResearch/experiments/rocksalt3_ZrN_casm/mc_coarse_new_scel/heating/mu_0.9500_0.9500_T_20_2000/results.json"
write: "/media/derick/DeoResearch/experiments/rocksalt3_ZrN_casm/mc_coarse_new_scel/heating/mu_0.9500_0.9500_T_20_2000/conditions.71/conditions.json"


-- Set: Conditions -- 
T: 1460
param_chem_pot: [ 0.950000000000 ]


-- Continue with existing DoF -- 

-- Write: DoF -- 
write: "/media/derick/DeoResearch/experiments/rocksalt3_ZrN_casm/mc_coarse_new_scel/heating/mu_0.9500_0.9500_T_20_2000/conditions.72/initial_state.json"

-- Begin: Conditions 72 -- 

-- End: Conditions 72 -- 
run time: 16.624483 (s),  0.016624483 (s/pass),  1.2369407e-05(s/step)

-- Write: DoF -- 
write: "/media/derick/DeoResearch/experiments/rocksalt3_ZrN_casm/mc_coarse_new_scel/heating/mu_0.9500_0.9500_T_20_2000/conditions.72/final_state.json"

-- Write: Output files -- 
write: "/media/derick/DeoResearch/experiments/rocksalt3_ZrN_casm/mc_coarse_new_scel/heating/mu_0.9500_0.9500_T_20_2000/results.json"
write: "/media/derick/DeoResearch/experiments/rocksalt3_ZrN_casm/mc_coarse_new_scel/heating/mu_0.9500_0.9500_T_20_2000/conditions.72/conditions.json"


-- Set: Conditions -- 
T: 1480
param_chem_pot: [ 0.950000000000 ]


-- Continue with existing DoF -- 

-- Write: DoF -- 
write: "/media/derick/DeoResearch/experiments/rocksalt3_ZrN_casm/mc_coarse_new_scel/heating/mu_0.9500_0.9500_T_20_2000/conditions.73/initial_state.json"

-- Begin: Conditions 73 -- 

-- End: Conditions 73 -- 
run time: 16.568347 (s),  0.016568347 (s/pass),  1.2327639e-05(s/step)

-- Write: DoF -- 
write: "/media/derick/DeoResearch/experiments/rocksalt3_ZrN_casm/mc_coarse_new_scel/heating/mu_0.9500_0.9500_T_20_2000/conditions.73/final_state.json"

-- Write: Output files -- 
write: "/media/derick/DeoResearch/experiments/rocksalt3_ZrN_casm/mc_coarse_new_scel/heating/mu_0.9500_0.9500_T_20_2000/results.json"
write: "/media/derick/DeoResearch/experiments/rocksalt3_ZrN_casm/mc_coarse_new_scel/heating/mu_0.9500_0.9500_T_20_2000/conditions.73/conditions.json"


-- Set: Conditions -- 
T: 1500
param_chem_pot: [ 0.950000000000 ]


-- Continue with existing DoF -- 

-- Write: DoF -- 
write: "/media/derick/DeoResearch/experiments/rocksalt3_ZrN_casm/mc_coarse_new_scel/heating/mu_0.9500_0.9500_T_20_2000/conditions.74/initial_state.json"

-- Begin: Conditions 74 -- 

-- End: Conditions 74 -- 
run time: 16.597525 (s),  0.016597525 (s/pass),  1.2349349e-05(s/step)

-- Write: DoF -- 
write: "/media/derick/DeoResearch/experiments/rocksalt3_ZrN_casm/mc_coarse_new_scel/heating/mu_0.9500_0.9500_T_20_2000/conditions.74/final_state.json"

-- Write: Output files -- 
write: "/media/derick/DeoResearch/experiments/rocksalt3_ZrN_casm/mc_coarse_new_scel/heating/mu_0.9500_0.9500_T_20_2000/results.json"
write: "/media/derick/DeoResearch/experiments/rocksalt3_ZrN_casm/mc_coarse_new_scel/heating/mu_0.9500_0.9500_T_20_2000/conditions.74/conditions.json"


-- Set: Conditions -- 
T: 1520
param_chem_pot: [ 0.950000000000 ]


-- Continue with existing DoF -- 

-- Write: DoF -- 
write: "/media/derick/DeoResearch/experiments/rocksalt3_ZrN_casm/mc_coarse_new_scel/heating/mu_0.9500_0.9500_T_20_2000/conditions.75/initial_state.json"

-- Begin: Conditions 75 -- 

-- End: Conditions 75 -- 
run time: 16.583551 (s),  0.016583551 (s/pass),  1.2338952e-05(s/step)

-- Write: DoF -- 
write: "/media/derick/DeoResearch/experiments/rocksalt3_ZrN_casm/mc_coarse_new_scel/heating/mu_0.9500_0.9500_T_20_2000/conditions.75/final_state.json"

-- Write: Output files -- 
write: "/media/derick/DeoResearch/experiments/rocksalt3_ZrN_casm/mc_coarse_new_scel/heating/mu_0.9500_0.9500_T_20_2000/results.json"
write: "/media/derick/DeoResearch/experiments/rocksalt3_ZrN_casm/mc_coarse_new_scel/heating/mu_0.9500_0.9500_T_20_2000/conditions.75/conditions.json"


-- Set: Conditions -- 
T: 1540
param_chem_pot: [ 0.950000000000 ]


-- Continue with existing DoF -- 

-- Write: DoF -- 
write: "/media/derick/DeoResearch/experiments/rocksalt3_ZrN_casm/mc_coarse_new_scel/heating/mu_0.9500_0.9500_T_20_2000/conditions.76/initial_state.json"

-- Begin: Conditions 76 -- 

-- End: Conditions 76 -- 
run time: 16.579431 (s),  0.016579431 (s/pass),  1.2335886e-05(s/step)

-- Write: DoF -- 
write: "/media/derick/DeoResearch/experiments/rocksalt3_ZrN_casm/mc_coarse_new_scel/heating/mu_0.9500_0.9500_T_20_2000/conditions.76/final_state.json"

-- Write: Output files -- 
write: "/media/derick/DeoResearch/experiments/rocksalt3_ZrN_casm/mc_coarse_new_scel/heating/mu_0.9500_0.9500_T_20_2000/results.json"
write: "/media/derick/DeoResearch/experiments/rocksalt3_ZrN_casm/mc_coarse_new_scel/heating/mu_0.9500_0.9500_T_20_2000/conditions.76/conditions.json"


-- Set: Conditions -- 
T: 1560
param_chem_pot: [ 0.950000000000 ]


-- Continue with existing DoF -- 

-- Write: DoF -- 
write: "/media/derick/DeoResearch/experiments/rocksalt3_ZrN_casm/mc_coarse_new_scel/heating/mu_0.9500_0.9500_T_20_2000/conditions.77/initial_state.json"

-- Begin: Conditions 77 -- 

-- End: Conditions 77 -- 
run time: 16.549952 (s),  0.016549952 (s/pass),  1.2313952e-05(s/step)

-- Write: DoF -- 
write: "/media/derick/DeoResearch/experiments/rocksalt3_ZrN_casm/mc_coarse_new_scel/heating/mu_0.9500_0.9500_T_20_2000/conditions.77/final_state.json"

-- Write: Output files -- 
write: "/media/derick/DeoResearch/experiments/rocksalt3_ZrN_casm/mc_coarse_new_scel/heating/mu_0.9500_0.9500_T_20_2000/results.json"
write: "/media/derick/DeoResearch/experiments/rocksalt3_ZrN_casm/mc_coarse_new_scel/heating/mu_0.9500_0.9500_T_20_2000/conditions.77/conditions.json"


-- Set: Conditions -- 
T: 1580
param_chem_pot: [ 0.950000000000 ]


-- Continue with existing DoF -- 

-- Write: DoF -- 
write: "/media/derick/DeoResearch/experiments/rocksalt3_ZrN_casm/mc_coarse_new_scel/heating/mu_0.9500_0.9500_T_20_2000/conditions.78/initial_state.json"

-- Begin: Conditions 78 -- 

-- End: Conditions 78 -- 
run time: 16.608032 (s),  0.016608032 (s/pass),  1.2357167e-05(s/step)

-- Write: DoF -- 
write: "/media/derick/DeoResearch/experiments/rocksalt3_ZrN_casm/mc_coarse_new_scel/heating/mu_0.9500_0.9500_T_20_2000/conditions.78/final_state.json"

-- Write: Output files -- 
write: "/media/derick/DeoResearch/experiments/rocksalt3_ZrN_casm/mc_coarse_new_scel/heating/mu_0.9500_0.9500_T_20_2000/results.json"
write: "/media/derick/DeoResearch/experiments/rocksalt3_ZrN_casm/mc_coarse_new_scel/heating/mu_0.9500_0.9500_T_20_2000/conditions.78/conditions.json"


-- Set: Conditions -- 
T: 1600
param_chem_pot: [ 0.950000000000 ]


-- Continue with existing DoF -- 

-- Write: DoF -- 
write: "/media/derick/DeoResearch/experiments/rocksalt3_ZrN_casm/mc_coarse_new_scel/heating/mu_0.9500_0.9500_T_20_2000/conditions.79/initial_state.json"

-- Begin: Conditions 79 -- 

-- End: Conditions 79 -- 
run time: 16.558214 (s),  0.016558214 (s/pass),  1.23201e-05(s/step)

-- Write: DoF -- 
write: "/media/derick/DeoResearch/experiments/rocksalt3_ZrN_casm/mc_coarse_new_scel/heating/mu_0.9500_0.9500_T_20_2000/conditions.79/final_state.json"

-- Write: Output files -- 
write: "/media/derick/DeoResearch/experiments/rocksalt3_ZrN_casm/mc_coarse_new_scel/heating/mu_0.9500_0.9500_T_20_2000/results.json"
write: "/media/derick/DeoResearch/experiments/rocksalt3_ZrN_casm/mc_coarse_new_scel/heating/mu_0.9500_0.9500_T_20_2000/conditions.79/conditions.json"


-- Set: Conditions -- 
T: 1620
param_chem_pot: [ 0.950000000000 ]


-- Continue with existing DoF -- 

-- Write: DoF -- 
write: "/media/derick/DeoResearch/experiments/rocksalt3_ZrN_casm/mc_coarse_new_scel/heating/mu_0.9500_0.9500_T_20_2000/conditions.80/initial_state.json"

-- Begin: Conditions 80 -- 

-- End: Conditions 80 -- 
run time: 16.579441 (s),  0.016579441 (s/pass),  1.2335893e-05(s/step)

-- Write: DoF -- 
write: "/media/derick/DeoResearch/experiments/rocksalt3_ZrN_casm/mc_coarse_new_scel/heating/mu_0.9500_0.9500_T_20_2000/conditions.80/final_state.json"

-- Write: Output files -- 
write: "/media/derick/DeoResearch/experiments/rocksalt3_ZrN_casm/mc_coarse_new_scel/heating/mu_0.9500_0.9500_T_20_2000/results.json"
write: "/media/derick/DeoResearch/experiments/rocksalt3_ZrN_casm/mc_coarse_new_scel/heating/mu_0.9500_0.9500_T_20_2000/conditions.80/conditions.json"


-- Set: Conditions -- 
T: 1640
param_chem_pot: [ 0.950000000000 ]


-- Continue with existing DoF -- 

-- Write: DoF -- 
write: "/media/derick/DeoResearch/experiments/rocksalt3_ZrN_casm/mc_coarse_new_scel/heating/mu_0.9500_0.9500_T_20_2000/conditions.81/initial_state.json"

-- Begin: Conditions 81 -- 

-- End: Conditions 81 -- 
run time: 16.569013 (s),  0.016569013 (s/pass),  1.2328135e-05(s/step)

-- Write: DoF -- 
write: "/media/derick/DeoResearch/experiments/rocksalt3_ZrN_casm/mc_coarse_new_scel/heating/mu_0.9500_0.9500_T_20_2000/conditions.81/final_state.json"

-- Write: Output files -- 
write: "/media/derick/DeoResearch/experiments/rocksalt3_ZrN_casm/mc_coarse_new_scel/heating/mu_0.9500_0.9500_T_20_2000/results.json"
write: "/media/derick/DeoResearch/experiments/rocksalt3_ZrN_casm/mc_coarse_new_scel/heating/mu_0.9500_0.9500_T_20_2000/conditions.81/conditions.json"


-- Set: Conditions -- 
T: 1660
param_chem_pot: [ 0.950000000000 ]


-- Continue with existing DoF -- 

-- Write: DoF -- 
write: "/media/derick/DeoResearch/experiments/rocksalt3_ZrN_casm/mc_coarse_new_scel/heating/mu_0.9500_0.9500_T_20_2000/conditions.82/initial_state.json"

-- Begin: Conditions 82 -- 

-- End: Conditions 82 -- 
run time: 16.583768 (s),  0.016583768 (s/pass),  1.2339113e-05(s/step)

-- Write: DoF -- 
write: "/media/derick/DeoResearch/experiments/rocksalt3_ZrN_casm/mc_coarse_new_scel/heating/mu_0.9500_0.9500_T_20_2000/conditions.82/final_state.json"

-- Write: Output files -- 
write: "/media/derick/DeoResearch/experiments/rocksalt3_ZrN_casm/mc_coarse_new_scel/heating/mu_0.9500_0.9500_T_20_2000/results.json"
write: "/media/derick/DeoResearch/experiments/rocksalt3_ZrN_casm/mc_coarse_new_scel/heating/mu_0.9500_0.9500_T_20_2000/conditions.82/conditions.json"


-- Set: Conditions -- 
T: 1680
param_chem_pot: [ 0.950000000000 ]


-- Continue with existing DoF -- 

-- Write: DoF -- 
write: "/media/derick/DeoResearch/experiments/rocksalt3_ZrN_casm/mc_coarse_new_scel/heating/mu_0.9500_0.9500_T_20_2000/conditions.83/initial_state.json"

-- Begin: Conditions 83 -- 

-- End: Conditions 83 -- 
run time: 16.481669 (s),  0.016481669 (s/pass),  1.2263146e-05(s/step)

-- Write: DoF -- 
write: "/media/derick/DeoResearch/experiments/rocksalt3_ZrN_casm/mc_coarse_new_scel/heating/mu_0.9500_0.9500_T_20_2000/conditions.83/final_state.json"

-- Write: Output files -- 
write: "/media/derick/DeoResearch/experiments/rocksalt3_ZrN_casm/mc_coarse_new_scel/heating/mu_0.9500_0.9500_T_20_2000/results.json"
write: "/media/derick/DeoResearch/experiments/rocksalt3_ZrN_casm/mc_coarse_new_scel/heating/mu_0.9500_0.9500_T_20_2000/conditions.83/conditions.json"


-- Set: Conditions -- 
T: 1700
param_chem_pot: [ 0.950000000000 ]


-- Continue with existing DoF -- 

-- Write: DoF -- 
write: "/media/derick/DeoResearch/experiments/rocksalt3_ZrN_casm/mc_coarse_new_scel/heating/mu_0.9500_0.9500_T_20_2000/conditions.84/initial_state.json"

-- Begin: Conditions 84 -- 

-- End: Conditions 84 -- 
run time: 16.597113 (s),  0.016597113 (s/pass),  1.2349043e-05(s/step)

-- Write: DoF -- 
write: "/media/derick/DeoResearch/experiments/rocksalt3_ZrN_casm/mc_coarse_new_scel/heating/mu_0.9500_0.9500_T_20_2000/conditions.84/final_state.json"

-- Write: Output files -- 
write: "/media/derick/DeoResearch/experiments/rocksalt3_ZrN_casm/mc_coarse_new_scel/heating/mu_0.9500_0.9500_T_20_2000/results.json"
write: "/media/derick/DeoResearch/experiments/rocksalt3_ZrN_casm/mc_coarse_new_scel/heating/mu_0.9500_0.9500_T_20_2000/conditions.84/conditions.json"


-- Set: Conditions -- 
T: 1720
param_chem_pot: [ 0.950000000000 ]


-- Continue with existing DoF -- 

-- Write: DoF -- 
write: "/media/derick/DeoResearch/experiments/rocksalt3_ZrN_casm/mc_coarse_new_scel/heating/mu_0.9500_0.9500_T_20_2000/conditions.85/initial_state.json"

-- Begin: Conditions 85 -- 

-- End: Conditions 85 -- 
run time: 16.591374 (s),  0.016591374 (s/pass),  1.2344773e-05(s/step)

-- Write: DoF -- 
write: "/media/derick/DeoResearch/experiments/rocksalt3_ZrN_casm/mc_coarse_new_scel/heating/mu_0.9500_0.9500_T_20_2000/conditions.85/final_state.json"

-- Write: Output files -- 
write: "/media/derick/DeoResearch/experiments/rocksalt3_ZrN_casm/mc_coarse_new_scel/heating/mu_0.9500_0.9500_T_20_2000/results.json"
write: "/media/derick/DeoResearch/experiments/rocksalt3_ZrN_casm/mc_coarse_new_scel/heating/mu_0.9500_0.9500_T_20_2000/conditions.85/conditions.json"


-- Set: Conditions -- 
T: 1740
param_chem_pot: [ 0.950000000000 ]


-- Continue with existing DoF -- 

-- Write: DoF -- 
write: "/media/derick/DeoResearch/experiments/rocksalt3_ZrN_casm/mc_coarse_new_scel/heating/mu_0.9500_0.9500_T_20_2000/conditions.86/initial_state.json"

-- Begin: Conditions 86 -- 

-- End: Conditions 86 -- 
run time: 16.585292 (s),  0.016585292 (s/pass),  1.2340247e-05(s/step)

-- Write: DoF -- 
write: "/media/derick/DeoResearch/experiments/rocksalt3_ZrN_casm/mc_coarse_new_scel/heating/mu_0.9500_0.9500_T_20_2000/conditions.86/final_state.json"

-- Write: Output files -- 
write: "/media/derick/DeoResearch/experiments/rocksalt3_ZrN_casm/mc_coarse_new_scel/heating/mu_0.9500_0.9500_T_20_2000/results.json"
write: "/media/derick/DeoResearch/experiments/rocksalt3_ZrN_casm/mc_coarse_new_scel/heating/mu_0.9500_0.9500_T_20_2000/conditions.86/conditions.json"


-- Set: Conditions -- 
T: 1760
param_chem_pot: [ 0.950000000000 ]


-- Continue with existing DoF -- 

-- Write: DoF -- 
write: "/media/derick/DeoResearch/experiments/rocksalt3_ZrN_casm/mc_coarse_new_scel/heating/mu_0.9500_0.9500_T_20_2000/conditions.87/initial_state.json"

-- Begin: Conditions 87 -- 

-- End: Conditions 87 -- 
run time: 16.512846 (s),  0.016512846 (s/pass),  1.2286343e-05(s/step)

-- Write: DoF -- 
write: "/media/derick/DeoResearch/experiments/rocksalt3_ZrN_casm/mc_coarse_new_scel/heating/mu_0.9500_0.9500_T_20_2000/conditions.87/final_state.json"

-- Write: Output files -- 
write: "/media/derick/DeoResearch/experiments/rocksalt3_ZrN_casm/mc_coarse_new_scel/heating/mu_0.9500_0.9500_T_20_2000/results.json"
write: "/media/derick/DeoResearch/experiments/rocksalt3_ZrN_casm/mc_coarse_new_scel/heating/mu_0.9500_0.9500_T_20_2000/conditions.87/conditions.json"


-- Set: Conditions -- 
T: 1780
param_chem_pot: [ 0.950000000000 ]


-- Continue with existing DoF -- 

-- Write: DoF -- 
write: "/media/derick/DeoResearch/experiments/rocksalt3_ZrN_casm/mc_coarse_new_scel/heating/mu_0.9500_0.9500_T_20_2000/conditions.88/initial_state.json"

-- Begin: Conditions 88 -- 

-- End: Conditions 88 -- 
run time: 16.513395 (s),  0.016513395 (s/pass),  1.2286752e-05(s/step)

-- Write: DoF -- 
write: "/media/derick/DeoResearch/experiments/rocksalt3_ZrN_casm/mc_coarse_new_scel/heating/mu_0.9500_0.9500_T_20_2000/conditions.88/final_state.json"

-- Write: Output files -- 
write: "/media/derick/DeoResearch/experiments/rocksalt3_ZrN_casm/mc_coarse_new_scel/heating/mu_0.9500_0.9500_T_20_2000/results.json"
write: "/media/derick/DeoResearch/experiments/rocksalt3_ZrN_casm/mc_coarse_new_scel/heating/mu_0.9500_0.9500_T_20_2000/conditions.88/conditions.json"


-- Set: Conditions -- 
T: 1800
param_chem_pot: [ 0.950000000000 ]


-- Continue with existing DoF -- 

-- Write: DoF -- 
write: "/media/derick/DeoResearch/experiments/rocksalt3_ZrN_casm/mc_coarse_new_scel/heating/mu_0.9500_0.9500_T_20_2000/conditions.89/initial_state.json"

-- Begin: Conditions 89 -- 

-- End: Conditions 89 -- 
run time: 16.521872 (s),  0.016521872 (s/pass),  1.229306e-05(s/step)

-- Write: DoF -- 
write: "/media/derick/DeoResearch/experiments/rocksalt3_ZrN_casm/mc_coarse_new_scel/heating/mu_0.9500_0.9500_T_20_2000/conditions.89/final_state.json"

-- Write: Output files -- 
write: "/media/derick/DeoResearch/experiments/rocksalt3_ZrN_casm/mc_coarse_new_scel/heating/mu_0.9500_0.9500_T_20_2000/results.json"
write: "/media/derick/DeoResearch/experiments/rocksalt3_ZrN_casm/mc_coarse_new_scel/heating/mu_0.9500_0.9500_T_20_2000/conditions.89/conditions.json"


-- Set: Conditions -- 
T: 1820
param_chem_pot: [ 0.950000000000 ]


-- Continue with existing DoF -- 

-- Write: DoF -- 
write: "/media/derick/DeoResearch/experiments/rocksalt3_ZrN_casm/mc_coarse_new_scel/heating/mu_0.9500_0.9500_T_20_2000/conditions.90/initial_state.json"

-- Begin: Conditions 90 -- 

-- End: Conditions 90 -- 
run time: 16.574624 (s),  0.016574624 (s/pass),  1.2332309e-05(s/step)

-- Write: DoF -- 
write: "/media/derick/DeoResearch/experiments/rocksalt3_ZrN_casm/mc_coarse_new_scel/heating/mu_0.9500_0.9500_T_20_2000/conditions.90/final_state.json"

-- Write: Output files -- 
write: "/media/derick/DeoResearch/experiments/rocksalt3_ZrN_casm/mc_coarse_new_scel/heating/mu_0.9500_0.9500_T_20_2000/results.json"
write: "/media/derick/DeoResearch/experiments/rocksalt3_ZrN_casm/mc_coarse_new_scel/heating/mu_0.9500_0.9500_T_20_2000/conditions.90/conditions.json"


-- Set: Conditions -- 
T: 1840
param_chem_pot: [ 0.950000000000 ]


-- Continue with existing DoF -- 

-- Write: DoF -- 
write: "/media/derick/DeoResearch/experiments/rocksalt3_ZrN_casm/mc_coarse_new_scel/heating/mu_0.9500_0.9500_T_20_2000/conditions.91/initial_state.json"

-- Begin: Conditions 91 -- 

-- End: Conditions 91 -- 
run time: 16.56816 (s),  0.01656816 (s/pass),  1.23275e-05(s/step)

-- Write: DoF -- 
write: "/media/derick/DeoResearch/experiments/rocksalt3_ZrN_casm/mc_coarse_new_scel/heating/mu_0.9500_0.9500_T_20_2000/conditions.91/final_state.json"

-- Write: Output files -- 
write: "/media/derick/DeoResearch/experiments/rocksalt3_ZrN_casm/mc_coarse_new_scel/heating/mu_0.9500_0.9500_T_20_2000/results.json"
write: "/media/derick/DeoResearch/experiments/rocksalt3_ZrN_casm/mc_coarse_new_scel/heating/mu_0.9500_0.9500_T_20_2000/conditions.91/conditions.json"


-- Set: Conditions -- 
T: 1860
param_chem_pot: [ 0.950000000000 ]


-- Continue with existing DoF -- 

-- Write: DoF -- 
write: "/media/derick/DeoResearch/experiments/rocksalt3_ZrN_casm/mc_coarse_new_scel/heating/mu_0.9500_0.9500_T_20_2000/conditions.92/initial_state.json"

-- Begin: Conditions 92 -- 

-- End: Conditions 92 -- 
run time: 16.591247 (s),  0.016591247 (s/pass),  1.2344678e-05(s/step)

-- Write: DoF -- 
write: "/media/derick/DeoResearch/experiments/rocksalt3_ZrN_casm/mc_coarse_new_scel/heating/mu_0.9500_0.9500_T_20_2000/conditions.92/final_state.json"

-- Write: Output files -- 
write: "/media/derick/DeoResearch/experiments/rocksalt3_ZrN_casm/mc_coarse_new_scel/heating/mu_0.9500_0.9500_T_20_2000/results.json"
write: "/media/derick/DeoResearch/experiments/rocksalt3_ZrN_casm/mc_coarse_new_scel/heating/mu_0.9500_0.9500_T_20_2000/conditions.92/conditions.json"


-- Set: Conditions -- 
T: 1880
param_chem_pot: [ 0.950000000000 ]


-- Continue with existing DoF -- 

-- Write: DoF -- 
write: "/media/derick/DeoResearch/experiments/rocksalt3_ZrN_casm/mc_coarse_new_scel/heating/mu_0.9500_0.9500_T_20_2000/conditions.93/initial_state.json"

-- Begin: Conditions 93 -- 

-- End: Conditions 93 -- 
run time: 16.571743 (s),  0.016571743 (s/pass),  1.2330166e-05(s/step)

-- Write: DoF -- 
write: "/media/derick/DeoResearch/experiments/rocksalt3_ZrN_casm/mc_coarse_new_scel/heating/mu_0.9500_0.9500_T_20_2000/conditions.93/final_state.json"

-- Write: Output files -- 
write: "/media/derick/DeoResearch/experiments/rocksalt3_ZrN_casm/mc_coarse_new_scel/heating/mu_0.9500_0.9500_T_20_2000/results.json"
write: "/media/derick/DeoResearch/experiments/rocksalt3_ZrN_casm/mc_coarse_new_scel/heating/mu_0.9500_0.9500_T_20_2000/conditions.93/conditions.json"


-- Set: Conditions -- 
T: 1900
param_chem_pot: [ 0.950000000000 ]


-- Continue with existing DoF -- 

-- Write: DoF -- 
write: "/media/derick/DeoResearch/experiments/rocksalt3_ZrN_casm/mc_coarse_new_scel/heating/mu_0.9500_0.9500_T_20_2000/conditions.94/initial_state.json"

-- Begin: Conditions 94 -- 

-- End: Conditions 94 -- 
run time: 16.571852 (s),  0.016571852 (s/pass),  1.2330247e-05(s/step)

-- Write: DoF -- 
write: "/media/derick/DeoResearch/experiments/rocksalt3_ZrN_casm/mc_coarse_new_scel/heating/mu_0.9500_0.9500_T_20_2000/conditions.94/final_state.json"

-- Write: Output files -- 
write: "/media/derick/DeoResearch/experiments/rocksalt3_ZrN_casm/mc_coarse_new_scel/heating/mu_0.9500_0.9500_T_20_2000/results.json"
write: "/media/derick/DeoResearch/experiments/rocksalt3_ZrN_casm/mc_coarse_new_scel/heating/mu_0.9500_0.9500_T_20_2000/conditions.94/conditions.json"


-- Set: Conditions -- 
T: 1920
param_chem_pot: [ 0.950000000000 ]


-- Continue with existing DoF -- 

-- Write: DoF -- 
write: "/media/derick/DeoResearch/experiments/rocksalt3_ZrN_casm/mc_coarse_new_scel/heating/mu_0.9500_0.9500_T_20_2000/conditions.95/initial_state.json"

-- Begin: Conditions 95 -- 

-- End: Conditions 95 -- 
run time: 16.551186 (s),  0.016551186 (s/pass),  1.2314871e-05(s/step)

-- Write: DoF -- 
write: "/media/derick/DeoResearch/experiments/rocksalt3_ZrN_casm/mc_coarse_new_scel/heating/mu_0.9500_0.9500_T_20_2000/conditions.95/final_state.json"

-- Write: Output files -- 
write: "/media/derick/DeoResearch/experiments/rocksalt3_ZrN_casm/mc_coarse_new_scel/heating/mu_0.9500_0.9500_T_20_2000/results.json"
write: "/media/derick/DeoResearch/experiments/rocksalt3_ZrN_casm/mc_coarse_new_scel/heating/mu_0.9500_0.9500_T_20_2000/conditions.95/conditions.json"


-- Set: Conditions -- 
T: 1940
param_chem_pot: [ 0.950000000000 ]


-- Continue with existing DoF -- 

-- Write: DoF -- 
write: "/media/derick/DeoResearch/experiments/rocksalt3_ZrN_casm/mc_coarse_new_scel/heating/mu_0.9500_0.9500_T_20_2000/conditions.96/initial_state.json"

-- Begin: Conditions 96 -- 

-- End: Conditions 96 -- 
run time: 16.550781 (s),  0.016550781 (s/pass),  1.2314569e-05(s/step)

-- Write: DoF -- 
write: "/media/derick/DeoResearch/experiments/rocksalt3_ZrN_casm/mc_coarse_new_scel/heating/mu_0.9500_0.9500_T_20_2000/conditions.96/final_state.json"

-- Write: Output files -- 
write: "/media/derick/DeoResearch/experiments/rocksalt3_ZrN_casm/mc_coarse_new_scel/heating/mu_0.9500_0.9500_T_20_2000/results.json"
write: "/media/derick/DeoResearch/experiments/rocksalt3_ZrN_casm/mc_coarse_new_scel/heating/mu_0.9500_0.9500_T_20_2000/conditions.96/conditions.json"


-- Set: Conditions -- 
T: 1960
param_chem_pot: [ 0.950000000000 ]


-- Continue with existing DoF -- 

-- Write: DoF -- 
write: "/media/derick/DeoResearch/experiments/rocksalt3_ZrN_casm/mc_coarse_new_scel/heating/mu_0.9500_0.9500_T_20_2000/conditions.97/initial_state.json"

-- Begin: Conditions 97 -- 

-- End: Conditions 97 -- 
run time: 16.552768 (s),  0.016552768 (s/pass),  1.2316048e-05(s/step)

-- Write: DoF -- 
write: "/media/derick/DeoResearch/experiments/rocksalt3_ZrN_casm/mc_coarse_new_scel/heating/mu_0.9500_0.9500_T_20_2000/conditions.97/final_state.json"

-- Write: Output files -- 
write: "/media/derick/DeoResearch/experiments/rocksalt3_ZrN_casm/mc_coarse_new_scel/heating/mu_0.9500_0.9500_T_20_2000/results.json"
write: "/media/derick/DeoResearch/experiments/rocksalt3_ZrN_casm/mc_coarse_new_scel/heating/mu_0.9500_0.9500_T_20_2000/conditions.97/conditions.json"


-- Set: Conditions -- 
T: 1980
param_chem_pot: [ 0.950000000000 ]


-- Continue with existing DoF -- 

-- Write: DoF -- 
write: "/media/derick/DeoResearch/experiments/rocksalt3_ZrN_casm/mc_coarse_new_scel/heating/mu_0.9500_0.9500_T_20_2000/conditions.98/initial_state.json"

-- Begin: Conditions 98 -- 

-- End: Conditions 98 -- 
run time: 16.606215 (s),  0.016606215 (s/pass),  1.2355815e-05(s/step)

-- Write: DoF -- 
write: "/media/derick/DeoResearch/experiments/rocksalt3_ZrN_casm/mc_coarse_new_scel/heating/mu_0.9500_0.9500_T_20_2000/conditions.98/final_state.json"

-- Write: Output files -- 
write: "/media/derick/DeoResearch/experiments/rocksalt3_ZrN_casm/mc_coarse_new_scel/heating/mu_0.9500_0.9500_T_20_2000/results.json"
write: "/media/derick/DeoResearch/experiments/rocksalt3_ZrN_casm/mc_coarse_new_scel/heating/mu_0.9500_0.9500_T_20_2000/conditions.98/conditions.json"


-- Set: Conditions -- 
T: 2000
param_chem_pot: [ 0.950000000000 ]


-- Continue with existing DoF -- 

-- Write: DoF -- 
write: "/media/derick/DeoResearch/experiments/rocksalt3_ZrN_casm/mc_coarse_new_scel/heating/mu_0.9500_0.9500_T_20_2000/conditions.99/initial_state.json"

-- Begin: Conditions 99 -- 

-- End: Conditions 99 -- 
run time: 16.580048 (s),  0.016580048 (s/pass),  1.2336345e-05(s/step)

-- Write: DoF -- 
write: "/media/derick/DeoResearch/experiments/rocksalt3_ZrN_casm/mc_coarse_new_scel/heating/mu_0.9500_0.9500_T_20_2000/conditions.99/final_state.json"

-- Write: Output files -- 
write: "/media/derick/DeoResearch/experiments/rocksalt3_ZrN_casm/mc_coarse_new_scel/heating/mu_0.9500_0.9500_T_20_2000/results.json"
write: "/media/derick/DeoResearch/experiments/rocksalt3_ZrN_casm/mc_coarse_new_scel/heating/mu_0.9500_0.9500_T_20_2000/conditions.99/conditions.json"


